[17:57:58.509] [INFO   ] thread bguspl.set.Main.main() starting.
[17:57:58.517] [SEVERE ] cannot read configuration file config.properties trying from resources.
[17:57:58.525] [SEVERE ] configuration file was loaded from resources directory.
[17:57:59.503] [INFO   ] thread dealer starting.
[17:57:59.503] [INFO   ] thread dealer starting.
[17:57:59.503] [INFO   ] thread Thread-2 starting.
[17:57:59.503] [INFO   ] thread Thread-1 starting.
[17:57:59.630] [SEVERE ] placing card 61 in slot 0
[17:57:59.735] [SEVERE ] placing card 47 in slot 1
[17:57:59.839] [SEVERE ] placing card 25 in slot 2
[17:57:59.944] [SEVERE ] placing card 35 in slot 3
[17:58:00.049] [SEVERE ] placing card 8 in slot 4
[17:58:00.162] [SEVERE ] placing card 55 in slot 5
[17:58:00.276] [SEVERE ] placing card 19 in slot 6
[17:58:00.388] [SEVERE ] placing card 33 in slot 7
[17:58:00.501] [SEVERE ] placing card 13 in slot 8
[17:58:00.613] [SEVERE ] placing card 40 in slot 9
[17:58:00.718] [SEVERE ] placing card 1 in slot 10
[17:58:00.822] [SEVERE ] placing card 5 in slot 11
[17:58:12.877] [SEVERE ] key 87 was pressed by player 1
[17:58:15.364] [SEVERE ] key 70 was pressed by player 1
[17:58:17.070] [SEVERE ] key 88 was pressed by player 1
[17:58:27.233] [SEVERE ] exit button pressed
