[13:26:50.337] [INFO   ] thread bguspl.set.Main.main() starting.
[13:26:50.345] [SEVERE ] cannot read configuration file config.properties trying from resources.
[13:26:50.345] [SEVERE ] configuration file was loaded from resources directory.
[13:26:51.150] [INFO   ] thread dealer starting.
[13:26:51.150] [INFO   ] thread dealer starting.
[13:26:51.150] [INFO   ] thread Thread-1 starting.
[13:26:51.150] [INFO   ] thread Thread-2 starting.
[13:26:51.279] [SEVERE ] placing card 14 in slot 0
[13:26:51.391] [SEVERE ] placing card 72 in slot 1
[13:26:51.496] [SEVERE ] placing card 46 in slot 2
[13:26:51.601] [SEVERE ] placing card 66 in slot 3
[13:26:51.705] [SEVERE ] placing card 65 in slot 4
[13:26:51.818] [SEVERE ] placing card 11 in slot 5
[13:26:51.922] [SEVERE ] placing card 32 in slot 6
[13:26:52.026] [SEVERE ] placing card 9 in slot 7
[13:26:52.139] [SEVERE ] placing card 8 in slot 8
[13:26:52.251] [SEVERE ] placing card 39 in slot 9
[13:26:52.364] [SEVERE ] placing card 54 in slot 10
[13:26:52.477] [SEVERE ] placing card 48 in slot 11
[13:26:53.913] [SEVERE ] key 81 was pressed by player 1
[13:26:53.913] [SEVERE ] player 1 placing token on slot 0
