[15:44:51.527] [INFO   ] thread bguspl.set.Main.main() starting.
[15:44:51.527] [SEVERE ] cannot read configuration file config.properties trying from resources.
[15:44:51.527] [SEVERE ] configuration file was loaded from resources directory.
[15:44:53.039] [INFO   ] thread dealer starting.
[15:44:53.039] [INFO   ] thread dealer starting.
[15:44:53.048] [INFO   ] thread Thread-2 starting.
[15:44:53.048] [INFO   ] thread Thread-1 starting.
[15:44:53.159] [SEVERE ] placing card 2 in slot 0
[15:44:53.301] [SEVERE ] placing card 30 in slot 1
[15:44:53.410] [SEVERE ] placing card 62 in slot 2
[15:44:53.521] [SEVERE ] placing card 24 in slot 3
[15:44:53.623] [SEVERE ] placing card 57 in slot 4
[15:44:53.725] [SEVERE ] placing card 25 in slot 5
[15:44:53.826] [SEVERE ] placing card 39 in slot 6
[15:44:53.935] [SEVERE ] placing card 60 in slot 7
[15:44:54.041] [SEVERE ] placing card 79 in slot 8
[15:44:54.147] [SEVERE ] placing card 45 in slot 9
[15:44:54.248] [SEVERE ] placing card 12 in slot 10
[15:44:54.357] [SEVERE ] placing card 32 in slot 11
[15:44:55.366] [SEVERE ] updating countdown to 7682
[15:44:56.373] [SEVERE ] updating countdown to 6675
[15:44:56.473] [SEVERE ] key 83 was pressed by player 1
[15:44:56.474] [SEVERE ] player 1 placing token on slot 5
[15:44:57.381] [SEVERE ] updating countdown to 5667
[15:44:58.383] [SEVERE ] updating countdown to 4665
[15:44:59.387] [SEVERE ] updating countdown to 3662
[15:45:00.387] [SEVERE ] updating countdown to 2661
[15:45:01.393] [SEVERE ] updating countdown to 1655
[15:45:02.403] [SEVERE ] updating countdown to 645
[15:45:02.851] [SEVERE ] key 67 was pressed by player 1
[15:45:02.851] [SEVERE ] player 1 placing token on slot 10
[15:45:03.411] [SEVERE ] updating countdown to -363
[15:45:03.411] [SEVERE ] updating countdown to 10000
[15:45:03.512] [SEVERE ] removing card from slot 0
[15:45:03.512] [SEVERE ] removing tokens from slot 0
[15:45:03.615] [SEVERE ] removing card from slot 1
[15:45:03.615] [SEVERE ] removing tokens from slot 1
[15:45:03.723] [SEVERE ] removing card from slot 2
[15:45:03.724] [SEVERE ] removing tokens from slot 2
[15:45:03.829] [SEVERE ] removing card from slot 3
[15:45:03.829] [SEVERE ] removing tokens from slot 3
[15:45:03.932] [SEVERE ] removing card from slot 4
[15:45:03.932] [SEVERE ] removing tokens from slot 4
[15:45:04.040] [SEVERE ] removing card from slot 5
[15:45:04.040] [SEVERE ] removing tokens from slot 5
[15:45:04.150] [SEVERE ] removing card from slot 6
[15:45:04.150] [SEVERE ] removing tokens from slot 6
[15:45:04.267] [SEVERE ] removing card from slot 7
[15:45:04.267] [SEVERE ] removing tokens from slot 7
[15:45:04.371] [SEVERE ] removing card from slot 8
[15:45:04.371] [SEVERE ] removing tokens from slot 8
[15:45:04.472] [SEVERE ] removing card from slot 9
[15:45:04.472] [SEVERE ] removing tokens from slot 9
[15:45:04.575] [SEVERE ] removing card from slot 10
[15:45:04.575] [SEVERE ] removing tokens from slot 10
[15:45:04.681] [SEVERE ] removing card from slot 11
[15:45:04.681] [SEVERE ] removing tokens from slot 11
[15:45:04.789] [SEVERE ] placing card 44 in slot 0
[15:45:04.896] [SEVERE ] placing card 75 in slot 1
[15:45:04.996] [SEVERE ] placing card 32 in slot 2
[15:45:05.106] [SEVERE ] placing card 16 in slot 3
[15:45:05.214] [SEVERE ] placing card 80 in slot 4
[15:45:05.317] [SEVERE ] placing card 54 in slot 5
[15:45:05.428] [SEVERE ] placing card 9 in slot 6
[15:45:05.537] [SEVERE ] placing card 21 in slot 7
[15:45:05.643] [SEVERE ] placing card 4 in slot 8
[15:45:05.747] [SEVERE ] placing card 23 in slot 9
[15:45:05.860] [SEVERE ] placing card 45 in slot 10
[15:45:05.968] [SEVERE ] placing card 68 in slot 11
[15:45:06.421] [SEVERE ] key 81 was pressed by player 1
[15:45:06.422] [SEVERE ] player 1 placing token on slot 0
[15:45:06.642] [SEVERE ] key 65 was pressed by player 1
[15:45:06.643] [SEVERE ] player 1 placing token on slot 4
[15:45:06.848] [SEVERE ] key 90 was pressed by player 1
[15:45:06.849] [SEVERE ] player 1 placing token on slot 8
[15:45:06.976] [SEVERE ] updating countdown to 6435
[15:45:06.976] [SEVERE ] setting player 1 freeze to 3000
[15:45:06.976] [SEVERE ] updating countdown to 3000
[15:45:06.976] [INFO   ] thread dealer terminated.
[15:45:07.152] [SEVERE ] key 88 was pressed by player 1
[15:45:09.987] [SEVERE ] player 1 placing token on slot 9
[15:45:09.988] [SEVERE ] key 83 was pressed by player 1
[15:45:09.989] [SEVERE ] player 1 placing token on slot 5
[15:45:09.990] [SEVERE ] key 88 was pressed by player 1
[15:45:09.991] [SEVERE ] removing player 1 token from slot 9
[15:45:09.991] [SEVERE ] key 83 was pressed by player 1
[15:45:09.992] [SEVERE ] removing player 1 token from slot 5
[15:45:09.993] [SEVERE ] key 83 was pressed by player 1
[15:45:09.994] [SEVERE ] player 1 placing token on slot 5
[15:45:09.995] [SEVERE ] key 68 was pressed by player 1
[15:45:09.995] [SEVERE ] player 1 placing token on slot 6
[15:45:09.996] [SEVERE ] key 70 was pressed by player 1
[15:45:09.996] [SEVERE ] player 1 placing token on slot 7
[15:45:09.998] [SEVERE ] key 68 was pressed by player 1
[15:45:09.998] [SEVERE ] removing player 1 token from slot 6
[15:45:11.984] [SEVERE ] thanks for playing... it was fun!
[15:45:11.985] [INFO   ] thread bguspl.set.Main.main() terminated.
[15:45:11.985] [SEVERE ] disposing of user interface elements
