[17:36:42.809] [INFO   ] thread bguspl.set.Main.main() starting.
[17:36:42.814] [SEVERE ] cannot read configuration file config.properties trying from resources.
[17:36:42.814] [SEVERE ] configuration file was loaded from resources directory.
[17:36:43.471] [INFO   ] thread dealer starting.
[17:36:43.471] [INFO   ] thread dealer starting.
[17:36:43.471] [INFO   ] thread Thread-1 starting.
[17:36:43.471] [INFO   ] thread Thread-2 starting.
[17:36:43.476] [SEVERE ] updating countdown to 60000
[17:36:43.598] [SEVERE ] placing card 76 in slot 4
[17:36:43.710] [SEVERE ] placing card 17 in slot 1
[17:36:43.812] [SEVERE ] placing card 7 in slot 6
[17:36:43.920] [SEVERE ] placing card 16 in slot 7
[17:36:44.032] [SEVERE ] placing card 49 in slot 2
[17:36:44.143] [SEVERE ] placing card 80 in slot 8
[17:36:44.245] [SEVERE ] placing card 79 in slot 10
[17:36:44.352] [SEVERE ] placing card 58 in slot 3
[17:36:44.461] [SEVERE ] placing card 43 in slot 5
[17:36:44.571] [SEVERE ] placing card 25 in slot 11
[17:36:44.681] [SEVERE ] placing card 29 in slot 9
[17:36:44.791] [SEVERE ] placing card 24 in slot 0
[17:36:45.799] [SEVERE ] updating countdown to 59992
[17:36:46.811] [SEVERE ] updating countdown to 58980
[17:36:47.816] [SEVERE ] updating countdown to 57975
[17:36:48.823] [SEVERE ] updating countdown to 56968
[17:36:49.837] [SEVERE ] updating countdown to 55954
[17:36:50.847] [SEVERE ] updating countdown to 54944
[17:36:51.014] [SEVERE ] key 81 was pressed by player 1
[17:36:51.014] [SEVERE ] player 1 placing token on slot 0
[17:36:51.064] [SEVERE ] key 87 was pressed by player 1
[17:36:51.065] [SEVERE ] player 1 placing token on slot 1
[17:36:51.853] [SEVERE ] updating countdown to 53938
[17:36:52.613] [SEVERE ] key 68 was pressed by player 1
[17:36:52.613] [SEVERE ] player 1 placing token on slot 6
[17:36:52.865] [SEVERE ] updating countdown to 52926
[17:36:52.867] [SEVERE ] setting player 1 score to 2
[17:36:52.980] [INFO   ] thread dealer terminated.
[17:36:57.996] [SEVERE ] thanks for playing... it was fun!
[17:36:57.996] [INFO   ] thread bguspl.set.Main.main() terminated.
[17:36:57.996] [SEVERE ] disposing of user interface elements
