[16:30:25.182] [INFO   ] thread bguspl.set.Main.main() starting.
[16:30:25.184] [SEVERE ] cannot read configuration file config.properties trying from resources.
[16:30:25.185] [SEVERE ] configuration file was loaded from resources directory.
[16:30:25.770] [INFO   ] thread dealer starting.
[16:30:25.771] [INFO   ] thread dealer starting.
[16:30:25.772] [INFO   ] thread Thread-1 starting.
[16:30:25.772] [INFO   ] thread Thread-2 starting.
[16:30:25.776] [SEVERE ] updating countdown to 10000
[16:30:25.885] [SEVERE ] placing card 45 in slot 8
[16:30:25.995] [SEVERE ] placing card 43 in slot 0
[16:30:26.106] [SEVERE ] placing card 21 in slot 1
[16:30:26.218] [SEVERE ] placing card 33 in slot 6
[16:30:26.327] [SEVERE ] placing card 63 in slot 4
[16:30:26.436] [SEVERE ] placing card 58 in slot 3
[16:30:26.545] [SEVERE ] placing card 35 in slot 10
[16:30:26.656] [SEVERE ] placing card 70 in slot 11
[16:30:26.765] [SEVERE ] placing card 80 in slot 9
[16:30:26.876] [SEVERE ] placing card 26 in slot 5
[16:30:26.985] [SEVERE ] placing card 14 in slot 7
[16:30:27.096] [SEVERE ] placing card 49 in slot 2
[16:30:28.097] [SEVERE ] updating countdown to 9999
[16:30:28.821] [SEVERE ] key 76 was pressed by player 2
[16:30:28.822] [SEVERE ] player 2 placing token on slot 6
[16:30:29.070] [SEVERE ] key 75 was pressed by player 2
[16:30:29.071] [SEVERE ] player 2 placing token on slot 5
[16:30:29.109] [SEVERE ] updating countdown to 8987
[16:30:29.267] [SEVERE ] key 74 was pressed by player 2
[16:30:29.269] [SEVERE ] player 2 placing token on slot 4
[16:30:30.124] [SEVERE ] updating countdown to 7972
[16:30:31.128] [SEVERE ] updating countdown to 6968
[16:30:32.139] [SEVERE ] updating countdown to 5957
[16:30:33.141] [SEVERE ] updating countdown to 4955
[16:30:34.153] [SEVERE ] updating countdown to 3943
[16:30:35.168] [SEVERE ] updating countdown to 2928
[16:30:36.179] [SEVERE ] updating countdown to 1917
[16:30:37.192] [SEVERE ] updating countdown to 904
[16:30:38.201] [SEVERE ] updating countdown to -105
[16:30:38.202] [SEVERE ] updating countdown to 10000
[16:30:38.313] [SEVERE ] removing tokens from slot 8
[16:30:38.315] [SEVERE ] removing card from slot 8
[16:30:38.424] [SEVERE ] removing tokens from slot 0
[16:30:38.424] [SEVERE ] removing card from slot 0
[16:30:38.535] [SEVERE ] removing tokens from slot 1
[16:30:38.535] [SEVERE ] removing card from slot 1
[16:30:38.645] [SEVERE ] removing player 2 token from slot 6
[16:30:38.645] [SEVERE ] removing tokens from slot 6
[16:30:38.645] [SEVERE ] removing card from slot 6
[16:30:38.756] [SEVERE ] removing player 2 token from slot 4
[16:30:38.756] [SEVERE ] removing tokens from slot 4
[16:30:38.756] [SEVERE ] removing card from slot 4
[16:30:38.868] [SEVERE ] removing tokens from slot 3
[16:30:38.868] [SEVERE ] removing card from slot 3
[16:30:38.980] [SEVERE ] removing tokens from slot 10
[16:30:38.980] [SEVERE ] removing card from slot 10
[16:30:39.092] [SEVERE ] removing tokens from slot 11
[16:30:39.092] [SEVERE ] removing card from slot 11
[16:30:39.201] [SEVERE ] removing tokens from slot 9
[16:30:39.201] [SEVERE ] removing card from slot 9
[16:30:39.310] [SEVERE ] removing player 2 token from slot 5
[16:30:39.310] [SEVERE ] removing tokens from slot 5
[16:30:39.310] [SEVERE ] removing card from slot 5
[16:30:39.422] [SEVERE ] removing tokens from slot 7
[16:30:39.422] [SEVERE ] removing card from slot 7
[16:30:39.529] [SEVERE ] removing tokens from slot 2
[16:30:39.529] [SEVERE ] removing card from slot 2
[16:30:39.529] [SEVERE ] updating countdown to 10000
[16:30:39.637] [SEVERE ] placing card 3 in slot 8
[16:30:39.749] [SEVERE ] placing card 42 in slot 0
[16:30:39.861] [SEVERE ] placing card 58 in slot 1
[16:30:39.971] [SEVERE ] placing card 48 in slot 6
[16:30:40.082] [SEVERE ] placing card 22 in slot 4
[16:30:40.194] [SEVERE ] placing card 51 in slot 3
[16:30:40.306] [SEVERE ] placing card 9 in slot 10
[16:30:40.417] [SEVERE ] placing card 56 in slot 11
[16:30:40.526] [SEVERE ] placing card 44 in slot 9
[16:30:40.636] [SEVERE ] placing card 41 in slot 5
[16:30:40.748] [SEVERE ] placing card 24 in slot 7
[16:30:40.859] [SEVERE ] placing card 16 in slot 2
[16:30:41.867] [SEVERE ] updating countdown to 9992
[16:30:42.881] [SEVERE ] updating countdown to 8978
[16:30:43.898] [SEVERE ] updating countdown to 7961
[16:30:44.903] [SEVERE ] updating countdown to 6956
[16:30:45.917] [SEVERE ] updating countdown to 5942
[16:30:46.925] [SEVERE ] updating countdown to 4934
[16:30:47.942] [SEVERE ] updating countdown to 3917
[16:30:48.947] [SEVERE ] updating countdown to 2912
[16:30:49.962] [SEVERE ] updating countdown to 1897
[16:30:50.970] [SEVERE ] updating countdown to 889
[16:30:51.985] [SEVERE ] updating countdown to -126
[16:30:51.986] [SEVERE ] updating countdown to 10000
[16:30:52.094] [SEVERE ] removing tokens from slot 8
[16:30:52.094] [SEVERE ] removing card from slot 8
[16:30:52.205] [SEVERE ] removing tokens from slot 0
[16:30:52.205] [SEVERE ] removing card from slot 0
[16:30:52.317] [SEVERE ] removing tokens from slot 1
[16:30:52.317] [SEVERE ] removing card from slot 1
[16:30:52.428] [SEVERE ] removing tokens from slot 6
[16:30:52.428] [SEVERE ] removing card from slot 6
[16:30:52.540] [SEVERE ] removing tokens from slot 4
[16:30:52.540] [SEVERE ] removing card from slot 4
[16:30:52.651] [SEVERE ] removing tokens from slot 3
[16:30:52.651] [SEVERE ] removing card from slot 3
[16:30:52.760] [SEVERE ] removing tokens from slot 10
[16:30:52.760] [SEVERE ] removing card from slot 10
[16:30:52.871] [SEVERE ] removing tokens from slot 11
[16:30:52.871] [SEVERE ] removing card from slot 11
[16:30:52.982] [SEVERE ] removing tokens from slot 9
[16:30:52.982] [SEVERE ] removing card from slot 9
[16:30:53.092] [SEVERE ] removing tokens from slot 5
[16:30:53.092] [SEVERE ] removing card from slot 5
[16:30:53.204] [SEVERE ] removing tokens from slot 7
[16:30:53.204] [SEVERE ] removing card from slot 7
[16:30:53.315] [SEVERE ] removing tokens from slot 2
[16:30:53.315] [SEVERE ] removing card from slot 2
[16:30:53.315] [SEVERE ] updating countdown to 10000
[16:30:53.427] [SEVERE ] placing card 57 in slot 8
[16:30:53.538] [SEVERE ] placing card 43 in slot 0
[16:30:53.650] [SEVERE ] placing card 3 in slot 1
[16:30:53.761] [SEVERE ] placing card 47 in slot 6
[16:30:53.872] [SEVERE ] placing card 77 in slot 4
[16:30:53.984] [SEVERE ] placing card 13 in slot 3
[16:30:54.094] [SEVERE ] placing card 45 in slot 10
[16:30:54.203] [SEVERE ] placing card 22 in slot 11
[16:30:54.312] [SEVERE ] placing card 53 in slot 9
[16:30:54.421] [SEVERE ] placing card 72 in slot 5
[16:30:54.532] [SEVERE ] placing card 23 in slot 7
[16:30:54.644] [SEVERE ] placing card 33 in slot 2
[16:30:55.656] [SEVERE ] updating countdown to 9988
[16:30:56.660] [SEVERE ] updating countdown to 8984
[16:30:57.672] [SEVERE ] updating countdown to 7972
[16:30:58.686] [SEVERE ] updating countdown to 6958
[16:30:59.696] [SEVERE ] updating countdown to 5948
[16:31:00.699] [SEVERE ] updating countdown to 4945
[16:31:01.704] [SEVERE ] updating countdown to 3940
[16:31:02.713] [SEVERE ] updating countdown to 2931
[16:31:03.716] [SEVERE ] updating countdown to 1928
