[19:24:47.377] [INFO   ] thread bguspl.set.Main.main() starting.
[19:24:47.377] [SEVERE ] cannot read configuration file config.properties trying from resources.
[19:24:47.377] [SEVERE ] configuration file was loaded from resources directory.
[19:24:48.112] [INFO   ] thread dealer starting.
[19:24:48.112] [INFO   ] thread dealer starting.
[19:24:48.112] [INFO   ] thread Thread-1 starting.
[19:24:48.112] [INFO   ] thread Thread-2 starting.
[19:24:48.122] [SEVERE ] updating countdown to 60000
[19:24:48.229] [SEVERE ] placing card 70 in slot 6
[19:24:48.339] [SEVERE ] placing card 9 in slot 10
[19:24:48.444] [SEVERE ] placing card 76 in slot 7
[19:24:48.552] [SEVERE ] placing card 46 in slot 1
[19:24:48.654] [SEVERE ] placing card 24 in slot 4
[19:24:48.758] [SEVERE ] placing card 32 in slot 2
[19:24:48.859] [SEVERE ] placing card 71 in slot 9
[19:24:48.962] [SEVERE ] placing card 51 in slot 5
[19:24:49.071] [SEVERE ] placing card 61 in slot 11
[19:24:49.173] [SEVERE ] placing card 65 in slot 3
[19:24:49.274] [SEVERE ] placing card 31 in slot 8
[19:24:49.375] [SEVERE ] placing card 53 in slot 0
[19:24:50.189] [SEVERE ] key 81 was pressed by player 1
[19:24:50.192] [SEVERE ] player 1 placing token on slot 0
[19:24:50.384] [SEVERE ] updating countdown to 59991
[19:24:50.385] [SEVERE ] key 87 was pressed by player 1
[19:24:50.388] [SEVERE ] player 1 placing token on slot 1
[19:24:50.558] [SEVERE ] key 69 was pressed by player 1
[19:24:50.560] [SEVERE ] player 1 placing token on slot 2
[19:24:50.783] [SEVERE ] key 81 was pressed by player 1
[19:24:50.787] [SEVERE ] removing player 1 token from slot 0
[19:24:51.385] [SEVERE ] updating countdown to 58990
[19:24:51.392] [INFO   ] thread dealer terminated.
[19:24:52.179] [SEVERE ] key 81 was pressed by player 1
[19:24:52.180] [SEVERE ] player 1 placing token on slot 0
[19:24:55.571] [SEVERE ] key 81 was pressed by player 1
[19:24:55.577] [SEVERE ] removing player 1 token from slot 0
[19:24:55.802] [SEVERE ] key 87 was pressed by player 1
[19:24:55.807] [SEVERE ] removing player 1 token from slot 1
[19:24:56.027] [SEVERE ] key 69 was pressed by player 1
[19:24:56.035] [SEVERE ] removing player 1 token from slot 2
[19:24:56.394] [SEVERE ] thanks for playing... it was fun!
[19:24:56.396] [INFO   ] thread bguspl.set.Main.main() terminated.
[19:24:56.396] [SEVERE ] disposing of user interface elements
