[17:24:04.117] [INFO   ] thread bguspl.set.Main.main() starting.
[17:24:04.117] [SEVERE ] cannot read configuration file config.properties trying from resources.
[17:24:04.117] [SEVERE ] configuration file was loaded from resources directory.
[17:24:04.750] [INFO   ] thread dealer starting.
[17:24:04.750] [INFO   ] thread dealer starting.
[17:24:04.750] [INFO   ] thread Thread-1 starting.
[17:24:04.750] [INFO   ] thread Thread-2 starting.
[17:24:04.766] [SEVERE ] updating countdown to 10000
[17:24:04.874] [SEVERE ] placing card 5 in slot 3
[17:24:04.981] [SEVERE ] placing card 21 in slot 10
[17:24:05.084] [SEVERE ] placing card 64 in slot 0
[17:24:05.186] [SEVERE ] placing card 19 in slot 8
[17:24:05.288] [SEVERE ] placing card 66 in slot 1
[17:24:05.392] [SEVERE ] placing card 73 in slot 7
[17:24:05.493] [SEVERE ] placing card 50 in slot 11
[17:24:05.596] [SEVERE ] placing card 9 in slot 2
[17:24:05.700] [SEVERE ] placing card 67 in slot 5
[17:24:05.812] [SEVERE ] placing card 69 in slot 6
[17:24:05.914] [SEVERE ] placing card 58 in slot 9
[17:24:06.015] [SEVERE ] placing card 20 in slot 4
[17:24:07.019] [SEVERE ] updating countdown to 9996
[17:24:08.021] [SEVERE ] updating countdown to 8994
[17:24:09.023] [SEVERE ] updating countdown to 7992
[17:24:10.038] [SEVERE ] updating countdown to 6977
[17:24:11.042] [SEVERE ] updating countdown to 5973
[17:24:11.627] [SEVERE ] key 90 was pressed by player 1
[17:24:11.627] [SEVERE ] player 1 placing token on slot 8
[17:24:13.015] [SEVERE ] updating countdown to 4000
[17:24:13.015] [SEVERE ] updating countdown to 4000
[17:24:13.015] [SEVERE ] updating countdown to 4000
[17:24:14.015] [SEVERE ] updating countdown to 3000
[17:24:14.015] [SEVERE ] updating countdown to 3000
[17:24:14.015] [SEVERE ] updating countdown to 3000
[17:24:14.015] [SEVERE ] updating countdown to 3000
[17:24:15.015] [SEVERE ] updating countdown to 2000
[17:24:15.015] [SEVERE ] updating countdown to 2000
[17:24:15.015] [SEVERE ] updating countdown to 2000
[17:24:15.015] [SEVERE ] updating countdown to 2000
[17:24:16.015] [SEVERE ] updating countdown to 1000
[17:24:16.015] [SEVERE ] updating countdown to 1000
[17:24:16.015] [SEVERE ] updating countdown to 1000
[17:24:17.015] [SEVERE ] updating countdown to 10000
[17:24:17.116] [SEVERE ] removing tokens from slot 3
[17:24:17.116] [SEVERE ] removing card from slot 3
[17:24:17.221] [SEVERE ] removing tokens from slot 10
[17:24:17.221] [SEVERE ] removing card from slot 10
[17:24:17.327] [SEVERE ] removing tokens from slot 0
[17:24:17.327] [SEVERE ] removing card from slot 0
[17:24:17.429] [SEVERE ] removing player 1 token from slot 8
[17:24:17.429] [SEVERE ] removing tokens from slot 8
[17:24:17.429] [SEVERE ] removing card from slot 8
[17:24:17.537] [SEVERE ] removing tokens from slot 1
[17:24:17.537] [SEVERE ] removing card from slot 1
