[18:01:20.268] [INFO   ] thread bguspl.set.Main.main() starting.
[18:01:20.268] [SEVERE ] cannot read configuration file config.properties trying from resources.
[18:01:20.268] [SEVERE ] configuration file was loaded from resources directory.
[18:01:21.082] [INFO   ] thread dealer starting.
[18:01:21.083] [INFO   ] thread dealer starting.
[18:01:21.083] [INFO   ] thread Thread-2 starting.
[18:01:21.083] [INFO   ] thread Thread-1 starting.
[18:01:21.088] [SEVERE ] updating countdown to 60000
[18:01:21.190] [SEVERE ] placing card 34 in slot 5
[18:01:21.291] [SEVERE ] placing card 46 in slot 3
[18:01:21.393] [SEVERE ] placing card 67 in slot 1
[18:01:21.495] [SEVERE ] placing card 0 in slot 0
[18:01:21.602] [SEVERE ] placing card 47 in slot 8
[18:01:21.705] [SEVERE ] placing card 3 in slot 9
[18:01:21.814] [SEVERE ] placing card 59 in slot 11
[18:01:21.923] [SEVERE ] placing card 10 in slot 10
[18:01:22.029] [SEVERE ] placing card 41 in slot 6
[18:01:22.131] [SEVERE ] placing card 22 in slot 2
[18:01:22.234] [SEVERE ] placing card 69 in slot 7
[18:01:22.340] [SEVERE ] placing card 43 in slot 4
[18:01:23.350] [SEVERE ] updating countdown to 59990
[18:01:24.354] [SEVERE ] updating countdown to 58986
[18:01:25.364] [SEVERE ] updating countdown to 57976
[18:01:26.370] [SEVERE ] updating countdown to 56970
[18:01:27.372] [SEVERE ] updating countdown to 55968
[18:01:27.626] [SEVERE ] key 90 was pressed by player 1
[18:01:27.628] [SEVERE ] player 1 placing token on slot 8
[18:01:28.377] [SEVERE ] updating countdown to 54963
[18:01:29.061] [SEVERE ] key 65 was pressed by player 1
[18:01:29.064] [SEVERE ] player 1 placing token on slot 4
[18:01:29.380] [SEVERE ] updating countdown to 53960
[18:01:30.381] [SEVERE ] updating countdown to 52959
[18:01:31.383] [SEVERE ] updating countdown to 51957
[18:01:32.384] [SEVERE ] updating countdown to 50956
[18:01:33.387] [SEVERE ] updating countdown to 49953
[18:01:33.737] [SEVERE ] key 83 was pressed by player 1
[18:01:33.738] [SEVERE ] player 1 placing token on slot 5
[18:01:34.388] [SEVERE ] updating countdown to 48952
[18:01:34.389] [SEVERE ] setting player 1 freeze to 3000
[18:01:34.400] [INFO   ] thread dealer terminated.
[18:01:39.403] [SEVERE ] thanks for playing... it was fun!
[18:01:39.404] [INFO   ] thread bguspl.set.Main.main() terminated.
[18:01:39.404] [SEVERE ] disposing of user interface elements
