[17:35:55.519] [INFO   ] thread bguspl.set.Main.main() starting.
[17:35:55.534] [SEVERE ] cannot read configuration file config.properties trying from resources.
[17:35:55.534] [SEVERE ] configuration file was loaded from resources directory.
[17:35:56.123] [INFO   ] thread dealer starting.
[17:35:56.129] [INFO   ] thread dealer starting.
[17:35:56.129] [INFO   ] thread Thread-1 starting.
[17:35:56.129] [INFO   ] thread Thread-2 starting.
[17:35:56.134] [SEVERE ] updating countdown to 60000
[17:35:56.244] [SEVERE ] placing card 43 in slot 10
[17:35:56.345] [SEVERE ] placing card 62 in slot 3
[17:35:56.450] [SEVERE ] placing card 8 in slot 0
[17:35:56.551] [SEVERE ] placing card 30 in slot 6
[17:35:56.653] [SEVERE ] placing card 75 in slot 1
[17:35:56.754] [SEVERE ] placing card 45 in slot 5
[17:35:56.858] [SEVERE ] placing card 50 in slot 7
[17:35:56.959] [SEVERE ] placing card 71 in slot 8
[17:35:57.063] [SEVERE ] placing card 20 in slot 4
[17:35:57.165] [SEVERE ] placing card 55 in slot 9
[17:35:57.266] [SEVERE ] placing card 39 in slot 11
[17:35:57.367] [SEVERE ] placing card 3 in slot 2
[17:35:58.368] [SEVERE ] updating countdown to 59999
[17:35:59.370] [SEVERE ] updating countdown to 58997
[17:36:00.373] [SEVERE ] updating countdown to 57994
[17:36:01.375] [SEVERE ] updating countdown to 56992
[17:36:02.377] [SEVERE ] updating countdown to 55990
[17:36:03.378] [SEVERE ] updating countdown to 54989
[17:36:04.380] [SEVERE ] updating countdown to 53987
[17:36:05.382] [SEVERE ] updating countdown to 52985
[17:36:06.384] [SEVERE ] updating countdown to 51983
[17:36:07.385] [SEVERE ] updating countdown to 50982
[17:36:08.387] [SEVERE ] updating countdown to 49980
[17:36:09.389] [SEVERE ] updating countdown to 48978
[17:36:10.390] [SEVERE ] updating countdown to 47977
[17:36:11.393] [SEVERE ] updating countdown to 46974
[17:36:12.397] [SEVERE ] updating countdown to 45970
[17:36:13.398] [SEVERE ] updating countdown to 44969
[17:36:14.399] [SEVERE ] updating countdown to 43968
[17:36:15.401] [SEVERE ] updating countdown to 42966
[17:36:16.403] [SEVERE ] updating countdown to 41964
[17:36:17.406] [SEVERE ] updating countdown to 40961
[17:36:18.407] [SEVERE ] updating countdown to 39960
[17:36:19.408] [SEVERE ] updating countdown to 38959
[17:36:20.410] [SEVERE ] updating countdown to 37957
[17:36:21.412] [SEVERE ] updating countdown to 36955
[17:36:21.673] [SEVERE ] key 69 was pressed by player 1
[17:36:21.673] [SEVERE ] player 1 placing token on slot 2
[17:36:22.406] [SEVERE ] key 70 was pressed by player 1
[17:36:22.407] [SEVERE ] player 1 placing token on slot 7
[17:36:22.414] [SEVERE ] updating countdown to 35953
[17:36:23.415] [SEVERE ] updating countdown to 34952
[17:36:23.684] [SEVERE ] key 87 was pressed by player 1
[17:36:23.684] [SEVERE ] player 1 placing token on slot 1
[17:36:24.417] [SEVERE ] updating countdown to 33950
[17:36:24.419] [SEVERE ] setting player 1 freeze to 3000
[17:36:27.428] [INFO   ] thread dealer terminated.
[17:36:32.430] [SEVERE ] thanks for playing... it was fun!
[17:36:32.430] [INFO   ] thread bguspl.set.Main.main() terminated.
[17:36:32.431] [SEVERE ] disposing of user interface elements
