[16:31:48.425] [INFO   ] thread bguspl.set.Main.main() starting.
[16:31:48.425] [SEVERE ] cannot read configuration file config.properties trying from resources.
[16:31:48.425] [SEVERE ] configuration file was loaded from resources directory.
[16:31:49.048] [INFO   ] thread dealer starting.
[16:31:49.049] [INFO   ] thread dealer starting.
[16:31:49.050] [INFO   ] thread Thread-1 starting.
[16:31:49.050] [INFO   ] thread Thread-2 starting.
[16:31:49.064] [SEVERE ] updating countdown to 10000
[16:31:49.167] [SEVERE ] placing card 39 in slot 7
[16:31:49.268] [SEVERE ] placing card 70 in slot 1
[16:31:49.371] [SEVERE ] placing card 49 in slot 0
[16:31:49.471] [SEVERE ] placing card 37 in slot 2
[16:31:49.572] [SEVERE ] placing card 24 in slot 8
[16:31:49.674] [SEVERE ] placing card 16 in slot 11
[16:31:49.775] [SEVERE ] placing card 20 in slot 5
[16:31:49.875] [SEVERE ] placing card 48 in slot 4
[16:31:49.976] [SEVERE ] placing card 5 in slot 10
[16:31:50.077] [SEVERE ] placing card 29 in slot 9
[16:31:50.177] [SEVERE ] placing card 51 in slot 3
[16:31:50.278] [SEVERE ] placing card 0 in slot 6
[16:31:51.279] [SEVERE ] updating countdown to 9999
[16:31:52.280] [SEVERE ] updating countdown to 8998
[16:31:53.281] [SEVERE ] updating countdown to 7997
[16:31:54.284] [SEVERE ] updating countdown to 6994
[16:31:55.286] [SEVERE ] updating countdown to 5992
[16:31:56.288] [SEVERE ] updating countdown to 4990
[16:31:57.304] [SEVERE ] updating countdown to 3974
[16:31:58.307] [SEVERE ] updating countdown to 2971
[16:31:59.309] [SEVERE ] updating countdown to 1969
[16:32:00.311] [SEVERE ] updating countdown to 967
[16:32:01.313] [SEVERE ] updating countdown to -35
[16:32:01.315] [SEVERE ] updating countdown to 10000
[16:32:01.415] [SEVERE ] removing tokens from slot 7
[16:32:01.415] [SEVERE ] removing card from slot 7
[16:32:01.516] [SEVERE ] removing tokens from slot 1
[16:32:01.516] [SEVERE ] removing card from slot 1
[16:32:01.617] [SEVERE ] removing tokens from slot 0
[16:32:01.617] [SEVERE ] removing card from slot 0
[16:32:01.717] [SEVERE ] removing tokens from slot 2
[16:32:01.718] [SEVERE ] removing card from slot 2
[16:32:01.830] [SEVERE ] removing tokens from slot 8
[16:32:01.830] [SEVERE ] removing card from slot 8
[16:32:01.931] [SEVERE ] removing tokens from slot 11
[16:32:01.931] [SEVERE ] removing card from slot 11
[16:32:02.032] [SEVERE ] removing tokens from slot 5
[16:32:02.032] [SEVERE ] removing card from slot 5
[16:32:02.136] [SEVERE ] removing tokens from slot 4
[16:32:02.136] [SEVERE ] removing card from slot 4
[16:32:02.237] [SEVERE ] removing tokens from slot 10
[16:32:02.237] [SEVERE ] removing card from slot 10
[16:32:02.339] [SEVERE ] removing tokens from slot 9
[16:32:02.339] [SEVERE ] removing card from slot 9
[16:32:02.445] [SEVERE ] removing tokens from slot 3
[16:32:02.445] [SEVERE ] removing card from slot 3
[16:32:02.547] [SEVERE ] removing tokens from slot 6
[16:32:02.547] [SEVERE ] removing card from slot 6
[16:32:02.547] [SEVERE ] updating countdown to 10000
[16:32:02.652] [SEVERE ] placing card 13 in slot 7
[16:32:02.755] [SEVERE ] placing card 57 in slot 1
[16:32:02.856] [SEVERE ] placing card 34 in slot 0
[16:32:02.957] [SEVERE ] placing card 48 in slot 2
[16:32:03.060] [SEVERE ] placing card 26 in slot 8
[16:32:03.164] [SEVERE ] placing card 1 in slot 11
[16:32:03.265] [SEVERE ] placing card 31 in slot 5
[16:32:03.368] [SEVERE ] placing card 66 in slot 4
[16:32:03.469] [SEVERE ] placing card 50 in slot 10
[16:32:03.570] [SEVERE ] placing card 45 in slot 9
[16:32:03.671] [SEVERE ] placing card 37 in slot 3
[16:32:03.771] [SEVERE ] placing card 28 in slot 6
[16:32:04.772] [SEVERE ] updating countdown to 9999
[16:32:05.775] [SEVERE ] updating countdown to 8996
[16:32:06.779] [SEVERE ] updating countdown to 7992
[16:32:07.781] [SEVERE ] updating countdown to 6990
[16:32:08.784] [SEVERE ] updating countdown to 5987
