[15:38:31.666] [INFO   ] thread bguspl.set.Main.main() starting.
[15:38:31.674] [SEVERE ] cannot read configuration file config.properties trying from resources.
[15:38:31.674] [SEVERE ] configuration file was loaded from resources directory.
[15:38:32.436] [INFO   ] thread dealer starting.
[15:38:32.436] [INFO   ] thread dealer starting.
[15:38:32.439] [INFO   ] thread Thread-1 starting.
[15:38:32.439] [INFO   ] thread Thread-2 starting.
[15:38:32.555] [SEVERE ] placing card 11 in slot 0
[15:38:32.682] [SEVERE ] placing card 26 in slot 1
[15:38:32.789] [SEVERE ] placing card 51 in slot 2
[15:38:32.895] [SEVERE ] placing card 47 in slot 3
[15:38:33.003] [SEVERE ] placing card 28 in slot 4
[15:38:33.112] [SEVERE ] placing card 1 in slot 5
[15:38:33.215] [SEVERE ] placing card 21 in slot 6
[15:38:33.327] [SEVERE ] placing card 43 in slot 7
[15:38:33.434] [SEVERE ] placing card 52 in slot 8
[15:38:33.537] [SEVERE ] placing card 27 in slot 9
[15:38:33.646] [SEVERE ] placing card 46 in slot 10
[15:38:33.760] [SEVERE ] placing card 18 in slot 11
[15:38:34.766] [SEVERE ] updating countdown to 57673
[15:38:35.770] [SEVERE ] updating countdown to 56669
[15:38:36.773] [SEVERE ] updating countdown to 55666
[15:38:37.784] [SEVERE ] updating countdown to 54655
[15:38:38.795] [SEVERE ] updating countdown to 53644
[15:38:39.803] [SEVERE ] updating countdown to 52636
[15:38:40.810] [SEVERE ] updating countdown to 51629
[15:38:41.812] [SEVERE ] updating countdown to 50627
[15:38:42.823] [SEVERE ] updating countdown to 49616
[15:38:43.828] [SEVERE ] updating countdown to 48611
[15:38:44.831] [SEVERE ] updating countdown to 47608
[15:38:45.843] [SEVERE ] updating countdown to 46596
[15:38:46.845] [SEVERE ] updating countdown to 45594
[15:38:47.849] [SEVERE ] updating countdown to 44590
[15:38:48.854] [SEVERE ] updating countdown to 43585
[15:38:49.860] [SEVERE ] updating countdown to 42579
[15:38:50.871] [SEVERE ] updating countdown to 41569
[15:38:51.882] [SEVERE ] updating countdown to 40557
[15:38:52.888] [SEVERE ] updating countdown to 39551
[15:38:53.897] [SEVERE ] updating countdown to 38542
[15:38:54.905] [SEVERE ] updating countdown to 37534
[15:38:55.910] [SEVERE ] updating countdown to 36529
[15:38:56.911] [SEVERE ] updating countdown to 35528
[15:38:57.915] [SEVERE ] updating countdown to 34524
[15:38:58.916] [SEVERE ] updating countdown to 33523
[15:38:59.918] [SEVERE ] updating countdown to 32521
[15:39:00.431] [SEVERE ] key 76 was pressed by player 2
[15:39:00.432] [SEVERE ] player 2 placing token on slot 6
[15:39:00.933] [SEVERE ] updating countdown to 31506
[15:39:01.124] [SEVERE ] key 75 was pressed by player 2
[15:39:01.125] [SEVERE ] player 2 placing token on slot 5
[15:39:01.881] [SEVERE ] key 74 was pressed by player 2
[15:39:01.881] [SEVERE ] player 2 placing token on slot 4
[15:39:01.943] [SEVERE ] updating countdown to 30496
[15:39:02.946] [SEVERE ] updating countdown to 29493
[15:39:03.950] [SEVERE ] updating countdown to 28489
[15:39:04.029] [SEVERE ] key 81 was pressed by player 1
[15:39:04.030] [SEVERE ] player 1 placing token on slot 0
[15:39:04.258] [SEVERE ] key 87 was pressed by player 1
[15:39:04.259] [SEVERE ] player 1 placing token on slot 1
[15:39:04.470] [SEVERE ] key 69 was pressed by player 1
[15:39:04.471] [SEVERE ] player 1 placing token on slot 2
[15:39:04.952] [SEVERE ] updating countdown to 27487
[15:39:05.955] [SEVERE ] updating countdown to 26484
[15:39:06.966] [SEVERE ] updating countdown to 25473
[15:39:07.977] [SEVERE ] updating countdown to 24462
[15:39:08.983] [SEVERE ] updating countdown to 23456
[15:39:09.993] [SEVERE ] updating countdown to 22446
[15:39:11.012] [SEVERE ] updating countdown to 21427
[15:39:12.017] [SEVERE ] updating countdown to 20422
[15:39:13.021] [SEVERE ] updating countdown to 19418
[15:39:14.030] [SEVERE ] updating countdown to 18409
[15:39:15.033] [SEVERE ] updating countdown to 17406
[15:39:16.048] [SEVERE ] updating countdown to 16391
[15:39:17.056] [SEVERE ] updating countdown to 15383
[15:39:18.057] [SEVERE ] updating countdown to 14382
[15:39:19.058] [SEVERE ] updating countdown to 13381
[15:39:20.061] [SEVERE ] updating countdown to 12378
[15:39:21.065] [SEVERE ] updating countdown to 11374
[15:39:22.076] [SEVERE ] updating countdown to 10363
[15:39:23.082] [SEVERE ] updating countdown to 9357
[15:39:24.086] [SEVERE ] updating countdown to 8353
[15:39:25.094] [SEVERE ] updating countdown to 7345
[15:39:26.096] [SEVERE ] updating countdown to 6343
[15:39:27.104] [SEVERE ] updating countdown to 5335
[15:39:28.112] [SEVERE ] updating countdown to 4327
[15:39:29.115] [SEVERE ] updating countdown to 3324
[15:39:30.121] [SEVERE ] updating countdown to 2318
[15:39:31.136] [SEVERE ] updating countdown to 1303
[15:39:32.150] [SEVERE ] updating countdown to 289
[15:39:33.159] [SEVERE ] updating countdown to -720
[15:39:33.159] [SEVERE ] updating countdown to 60000
[15:39:33.260] [SEVERE ] removing card from slot 0
[15:39:33.260] [SEVERE ] removing tokens from slot 0
[15:39:33.361] [SEVERE ] removing card from slot 1
[15:39:33.361] [SEVERE ] removing tokens from slot 1
[15:39:33.470] [SEVERE ] removing card from slot 2
[15:39:33.470] [SEVERE ] removing tokens from slot 2
[15:39:33.572] [SEVERE ] removing card from slot 3
[15:39:33.573] [SEVERE ] removing tokens from slot 3
[15:39:33.677] [SEVERE ] removing card from slot 4
[15:39:33.677] [SEVERE ] removing tokens from slot 4
[15:39:33.782] [SEVERE ] removing card from slot 5
[15:39:33.782] [SEVERE ] removing tokens from slot 5
[15:39:33.885] [SEVERE ] removing card from slot 6
[15:39:33.886] [SEVERE ] removing tokens from slot 6
[15:39:33.991] [SEVERE ] removing card from slot 7
[15:39:33.991] [SEVERE ] removing tokens from slot 7
[15:39:34.096] [SEVERE ] removing card from slot 8
[15:39:34.096] [SEVERE ] removing tokens from slot 8
[15:39:34.211] [SEVERE ] removing card from slot 9
[15:39:34.211] [SEVERE ] removing tokens from slot 9
[15:39:34.312] [SEVERE ] removing card from slot 10
[15:39:34.312] [SEVERE ] removing tokens from slot 10
[15:39:34.415] [SEVERE ] removing card from slot 11
[15:39:34.415] [SEVERE ] removing tokens from slot 11
[15:39:34.517] [SEVERE ] placing card 44 in slot 0
[15:39:34.626] [SEVERE ] placing card 40 in slot 1
[15:39:34.736] [SEVERE ] placing card 18 in slot 2
[15:39:34.844] [SEVERE ] placing card 70 in slot 3
[15:39:34.954] [SEVERE ] placing card 62 in slot 4
[15:39:35.063] [SEVERE ] placing card 15 in slot 5
[15:39:35.172] [SEVERE ] placing card 5 in slot 6
[15:39:35.280] [SEVERE ] placing card 20 in slot 7
[15:39:35.393] [SEVERE ] placing card 35 in slot 8
[15:39:35.501] [SEVERE ] placing card 50 in slot 9
[15:39:35.612] [SEVERE ] placing card 53 in slot 10
[15:39:35.717] [SEVERE ] placing card 10 in slot 11
[15:39:36.724] [SEVERE ] updating countdown to 56435
[15:39:37.732] [SEVERE ] updating countdown to 55427
[15:39:38.505] [SEVERE ] key 76 was pressed by player 2
[15:39:38.506] [SEVERE ] player 2 placing token on slot 6
[15:39:38.711] [SEVERE ] key 75 was pressed by player 2
[15:39:38.712] [SEVERE ] player 2 placing token on slot 5
[15:39:38.735] [SEVERE ] updating countdown to 54424
[15:39:38.737] [SEVERE ] setting player 2 freeze to 3000
[15:39:38.737] [SEVERE ] updating countdown to 3000
[15:39:38.743] [INFO   ] thread dealer terminated.
[15:39:38.905] [SEVERE ] key 74 was pressed by player 2
[15:39:41.740] [SEVERE ] player 2 placing token on slot 4
[15:39:43.745] [SEVERE ] thanks for playing... it was fun!
[15:39:43.746] [INFO   ] thread bguspl.set.Main.main() terminated.
[15:39:43.746] [SEVERE ] disposing of user interface elements
