[16:19:33.520] [INFO   ] thread bguspl.set.Main.main() starting.
[16:19:33.523] [SEVERE ] cannot read configuration file config.properties trying from resources.
[16:19:33.524] [SEVERE ] configuration file was loaded from resources directory.
[16:19:34.105] [INFO   ] thread dealer starting.
[16:19:34.105] [INFO   ] thread dealer starting.
[16:19:34.106] [INFO   ] thread Thread-2 starting.
[16:19:34.106] [INFO   ] thread Thread-1 starting.
[16:19:34.217] [SEVERE ] placing card 62 in slot 0
[16:19:34.326] [SEVERE ] placing card 7 in slot 6
[16:19:34.435] [SEVERE ] placing card 8 in slot 4
[16:19:34.544] [SEVERE ] placing card 80 in slot 2
[16:19:34.654] [SEVERE ] placing card 13 in slot 10
[16:19:34.764] [SEVERE ] placing card 43 in slot 1
[16:19:34.874] [SEVERE ] placing card 15 in slot 8
[16:19:34.975] [SEVERE ] placing card 51 in slot 5
[16:19:35.077] [SEVERE ] placing card 55 in slot 11
[16:19:35.187] [SEVERE ] placing card 31 in slot 3
[16:19:35.298] [SEVERE ] placing card 42 in slot 9
[16:19:35.407] [SEVERE ] placing card 72 in slot 7
[16:19:36.414] [SEVERE ] updating countdown to 9993
[16:19:37.423] [SEVERE ] updating countdown to 8984
[16:19:38.434] [SEVERE ] updating countdown to 7973
[16:19:39.442] [SEVERE ] updating countdown to 6965
[16:19:40.445] [SEVERE ] updating countdown to 5962
[16:19:41.453] [SEVERE ] updating countdown to 4954
[16:19:42.458] [SEVERE ] updating countdown to 3949
[16:19:43.463] [SEVERE ] updating countdown to 2944
[16:19:44.475] [SEVERE ] updating countdown to 1932
[16:19:45.480] [SEVERE ] updating countdown to 927
[16:19:46.489] [SEVERE ] updating countdown to -82
[16:19:46.489] [SEVERE ] updating countdown to 10000
[16:19:46.601] [SEVERE ] removing tokens from slot 0
[16:19:46.601] [SEVERE ] removing card from slot 0
[16:19:46.710] [SEVERE ] removing tokens from slot 6
[16:19:46.710] [SEVERE ] removing card from slot 6
[16:19:46.822] [SEVERE ] removing tokens from slot 4
[16:19:46.822] [SEVERE ] removing card from slot 4
[16:19:46.932] [SEVERE ] removing tokens from slot 2
[16:19:46.932] [SEVERE ] removing card from slot 2
[16:19:47.043] [SEVERE ] removing tokens from slot 10
[16:19:47.043] [SEVERE ] removing card from slot 10
[16:19:47.153] [SEVERE ] removing tokens from slot 1
[16:19:47.153] [SEVERE ] removing card from slot 1
[16:19:47.261] [SEVERE ] removing tokens from slot 8
[16:19:47.261] [SEVERE ] removing card from slot 8
[16:19:47.372] [SEVERE ] removing tokens from slot 5
[16:19:47.372] [SEVERE ] removing card from slot 5
[16:19:47.483] [SEVERE ] removing tokens from slot 11
[16:19:47.483] [SEVERE ] removing card from slot 11
[16:19:47.593] [SEVERE ] removing tokens from slot 3
[16:19:47.593] [SEVERE ] removing card from slot 3
[16:19:47.704] [SEVERE ] removing tokens from slot 9
[16:19:47.704] [SEVERE ] removing card from slot 9
[16:19:47.814] [SEVERE ] removing tokens from slot 7
[16:19:47.814] [SEVERE ] removing card from slot 7
[16:19:47.925] [SEVERE ] placing card 24 in slot 0
[16:19:48.037] [SEVERE ] placing card 8 in slot 6
[16:19:48.146] [SEVERE ] placing card 33 in slot 4
[16:19:48.255] [SEVERE ] placing card 56 in slot 2
[16:19:48.364] [SEVERE ] placing card 10 in slot 10
[16:19:48.475] [SEVERE ] placing card 18 in slot 1
[16:19:48.587] [SEVERE ] placing card 51 in slot 8
[16:19:48.697] [SEVERE ] placing card 53 in slot 5
[16:19:48.808] [SEVERE ] placing card 29 in slot 11
[16:19:48.919] [SEVERE ] placing card 19 in slot 3
[16:19:49.031] [SEVERE ] placing card 32 in slot 9
[16:19:49.144] [SEVERE ] placing card 79 in slot 7
[16:19:50.153] [SEVERE ] updating countdown to 9991
[16:19:51.165] [SEVERE ] updating countdown to 8979
[16:19:52.173] [SEVERE ] updating countdown to 7971
[16:19:53.183] [SEVERE ] updating countdown to 6961
[16:19:54.195] [SEVERE ] updating countdown to 5949
[16:19:55.205] [SEVERE ] updating countdown to 4939
[16:19:56.209] [SEVERE ] updating countdown to 3935
[16:19:57.211] [SEVERE ] updating countdown to 2933
[16:19:58.218] [SEVERE ] updating countdown to 1926
[16:19:59.222] [SEVERE ] updating countdown to 922
[16:20:00.235] [SEVERE ] updating countdown to -91
[16:20:00.235] [SEVERE ] updating countdown to 10000
[16:20:00.346] [SEVERE ] removing tokens from slot 0
[16:20:00.346] [SEVERE ] removing card from slot 0
[16:20:00.455] [SEVERE ] removing tokens from slot 6
[16:20:00.455] [SEVERE ] removing card from slot 6
[16:20:00.566] [SEVERE ] removing tokens from slot 4
[16:20:00.566] [SEVERE ] removing card from slot 4
[16:20:00.678] [SEVERE ] removing tokens from slot 2
[16:20:00.678] [SEVERE ] removing card from slot 2
[16:20:00.790] [SEVERE ] removing tokens from slot 10
[16:20:00.790] [SEVERE ] removing card from slot 10
[16:20:00.900] [SEVERE ] removing tokens from slot 1
[16:20:00.900] [SEVERE ] removing card from slot 1
[16:20:01.011] [SEVERE ] removing tokens from slot 8
[16:20:01.011] [SEVERE ] removing card from slot 8
[16:20:01.123] [SEVERE ] removing tokens from slot 5
[16:20:01.123] [SEVERE ] removing card from slot 5
[16:20:01.233] [SEVERE ] removing tokens from slot 11
[16:20:01.233] [SEVERE ] removing card from slot 11
[16:20:01.344] [SEVERE ] removing tokens from slot 3
[16:20:01.344] [SEVERE ] removing card from slot 3
[16:20:01.455] [SEVERE ] removing tokens from slot 9
[16:20:01.455] [SEVERE ] removing card from slot 9
[16:20:01.563] [SEVERE ] removing tokens from slot 7
[16:20:01.563] [SEVERE ] removing card from slot 7
[16:20:01.675] [SEVERE ] placing card 31 in slot 0
[16:20:01.787] [SEVERE ] placing card 34 in slot 6
[16:20:01.898] [SEVERE ] placing card 67 in slot 4
[16:20:02.010] [SEVERE ] placing card 27 in slot 2
[16:20:02.119] [SEVERE ] placing card 80 in slot 10
[16:20:02.230] [SEVERE ] placing card 56 in slot 1
[16:20:02.341] [SEVERE ] placing card 74 in slot 8
[16:20:02.452] [SEVERE ] placing card 38 in slot 5
[16:20:02.564] [SEVERE ] placing card 48 in slot 11
[16:20:02.676] [SEVERE ] placing card 5 in slot 3
[16:20:02.788] [SEVERE ] placing card 47 in slot 9
[16:20:02.900] [SEVERE ] placing card 65 in slot 7
[16:20:03.900] [SEVERE ] updating countdown to 10000
[16:20:04.902] [SEVERE ] updating countdown to 8998
[16:20:05.904] [SEVERE ] updating countdown to 7996
[16:20:06.906] [SEVERE ] updating countdown to 6994
[16:20:07.915] [SEVERE ] updating countdown to 5985
[16:20:08.929] [SEVERE ] updating countdown to 4971
[16:20:09.935] [SEVERE ] updating countdown to 3965
[16:20:10.941] [SEVERE ] updating countdown to 2959
[16:20:11.944] [SEVERE ] updating countdown to 1956
[16:20:12.947] [SEVERE ] updating countdown to 953
[16:20:13.958] [SEVERE ] updating countdown to -58
[16:20:13.958] [SEVERE ] updating countdown to 10000
[16:20:14.068] [SEVERE ] removing tokens from slot 0
[16:20:14.068] [SEVERE ] removing card from slot 0
[16:20:14.179] [SEVERE ] removing tokens from slot 6
[16:20:14.179] [SEVERE ] removing card from slot 6
[16:20:14.289] [SEVERE ] removing tokens from slot 4
[16:20:14.289] [SEVERE ] removing card from slot 4
[16:20:14.400] [SEVERE ] removing tokens from slot 2
[16:20:14.400] [SEVERE ] removing card from slot 2
[16:20:14.510] [SEVERE ] removing tokens from slot 10
[16:20:14.510] [SEVERE ] removing card from slot 10
[16:20:14.621] [SEVERE ] removing tokens from slot 1
[16:20:14.621] [SEVERE ] removing card from slot 1
[16:20:14.732] [SEVERE ] removing tokens from slot 8
[16:20:14.732] [SEVERE ] removing card from slot 8
[16:20:14.844] [SEVERE ] removing tokens from slot 5
[16:20:14.844] [SEVERE ] removing card from slot 5
[16:20:14.956] [SEVERE ] removing tokens from slot 11
[16:20:14.956] [SEVERE ] removing card from slot 11
[16:20:15.065] [SEVERE ] removing tokens from slot 3
[16:20:15.065] [SEVERE ] removing card from slot 3
[16:20:15.176] [SEVERE ] removing tokens from slot 9
[16:20:15.176] [SEVERE ] removing card from slot 9
[16:20:15.287] [SEVERE ] removing tokens from slot 7
[16:20:15.287] [SEVERE ] removing card from slot 7
[16:20:15.397] [SEVERE ] placing card 15 in slot 0
[16:20:15.508] [SEVERE ] placing card 63 in slot 6
[16:20:15.620] [SEVERE ] placing card 68 in slot 4
[16:20:15.732] [SEVERE ] placing card 47 in slot 2
[16:20:15.843] [SEVERE ] placing card 10 in slot 10
[16:20:15.954] [SEVERE ] placing card 41 in slot 1
[16:20:16.063] [SEVERE ] placing card 25 in slot 8
[16:20:16.175] [SEVERE ] placing card 53 in slot 5
[16:20:16.287] [SEVERE ] placing card 0 in slot 11
[16:20:16.399] [SEVERE ] placing card 62 in slot 3
[16:20:16.509] [SEVERE ] placing card 3 in slot 9
[16:20:16.619] [SEVERE ] placing card 77 in slot 7
[16:20:17.633] [SEVERE ] updating countdown to 9986
[16:20:18.646] [SEVERE ] updating countdown to 8973
[16:20:19.660] [SEVERE ] updating countdown to 7959
[16:20:20.660] [SEVERE ] updating countdown to 6959
[16:20:21.666] [SEVERE ] updating countdown to 5953
[16:20:22.678] [SEVERE ] updating countdown to 4941
[16:20:23.689] [SEVERE ] updating countdown to 3930
[16:20:24.695] [SEVERE ] updating countdown to 2924
[16:20:25.708] [SEVERE ] updating countdown to 1911
[16:20:26.711] [SEVERE ] updating countdown to 908
[16:20:27.720] [SEVERE ] updating countdown to -101
[16:20:27.720] [SEVERE ] updating countdown to 10000
[16:20:27.831] [SEVERE ] removing tokens from slot 0
[16:20:27.831] [SEVERE ] removing card from slot 0
[16:20:27.940] [SEVERE ] removing tokens from slot 6
[16:20:27.940] [SEVERE ] removing card from slot 6
[16:20:28.049] [SEVERE ] removing tokens from slot 4
[16:20:28.049] [SEVERE ] removing card from slot 4
[16:20:28.160] [SEVERE ] removing tokens from slot 2
[16:20:28.160] [SEVERE ] removing card from slot 2
[16:20:28.270] [SEVERE ] removing tokens from slot 10
[16:20:28.270] [SEVERE ] removing card from slot 10
[16:20:28.381] [SEVERE ] removing tokens from slot 1
[16:20:28.381] [SEVERE ] removing card from slot 1
[16:20:28.492] [SEVERE ] removing tokens from slot 8
[16:20:28.492] [SEVERE ] removing card from slot 8
[16:20:28.604] [SEVERE ] removing tokens from slot 5
[16:20:28.604] [SEVERE ] removing card from slot 5
[16:20:28.715] [SEVERE ] removing tokens from slot 11
[16:20:28.715] [SEVERE ] removing card from slot 11
[16:20:28.826] [SEVERE ] removing tokens from slot 3
[16:20:28.826] [SEVERE ] removing card from slot 3
[16:20:28.935] [SEVERE ] removing tokens from slot 9
[16:20:28.935] [SEVERE ] removing card from slot 9
[16:20:29.043] [SEVERE ] removing tokens from slot 7
[16:20:29.043] [SEVERE ] removing card from slot 7
[16:20:29.153] [SEVERE ] placing card 38 in slot 0
[16:20:29.264] [SEVERE ] placing card 5 in slot 6
[16:20:29.374] [SEVERE ] placing card 6 in slot 4
[16:20:29.485] [SEVERE ] placing card 67 in slot 2
[16:20:29.594] [SEVERE ] placing card 31 in slot 10
[16:20:29.703] [SEVERE ] placing card 45 in slot 1
[16:20:29.812] [SEVERE ] placing card 44 in slot 8
[16:20:29.922] [SEVERE ] placing card 1 in slot 5
[16:20:30.032] [SEVERE ] placing card 57 in slot 11
[16:20:30.143] [SEVERE ] placing card 14 in slot 3
[16:20:30.254] [SEVERE ] placing card 60 in slot 9
[16:20:30.364] [SEVERE ] placing card 47 in slot 7
[16:20:31.369] [SEVERE ] updating countdown to 9995
[16:20:32.377] [SEVERE ] updating countdown to 8987
[16:20:33.386] [SEVERE ] updating countdown to 7978
[16:20:34.398] [SEVERE ] updating countdown to 6966
[16:20:35.400] [SEVERE ] updating countdown to 5964
[16:20:36.411] [SEVERE ] updating countdown to 4953
[16:20:37.421] [SEVERE ] updating countdown to 3943
[16:20:38.431] [SEVERE ] updating countdown to 2933
[16:20:39.440] [SEVERE ] updating countdown to 1924
[16:20:40.450] [SEVERE ] updating countdown to 914
[16:20:41.461] [SEVERE ] updating countdown to -97
[16:20:41.461] [SEVERE ] updating countdown to 10000
[16:20:41.570] [SEVERE ] removing tokens from slot 0
[16:20:41.570] [SEVERE ] removing card from slot 0
[16:20:41.679] [SEVERE ] removing tokens from slot 6
[16:20:41.679] [SEVERE ] removing card from slot 6
[16:20:41.791] [SEVERE ] removing tokens from slot 4
[16:20:41.791] [SEVERE ] removing card from slot 4
[16:20:41.903] [SEVERE ] removing tokens from slot 2
[16:20:41.903] [SEVERE ] removing card from slot 2
[16:20:42.014] [SEVERE ] removing tokens from slot 10
[16:20:42.014] [SEVERE ] removing card from slot 10
[16:20:42.125] [SEVERE ] removing tokens from slot 1
[16:20:42.125] [SEVERE ] removing card from slot 1
[16:20:42.237] [SEVERE ] removing tokens from slot 8
[16:20:42.237] [SEVERE ] removing card from slot 8
[16:20:42.349] [SEVERE ] removing tokens from slot 5
[16:20:42.349] [SEVERE ] removing card from slot 5
[16:20:42.460] [SEVERE ] removing tokens from slot 11
[16:20:42.460] [SEVERE ] removing card from slot 11
[16:20:42.570] [SEVERE ] removing tokens from slot 3
[16:20:42.570] [SEVERE ] removing card from slot 3
[16:20:42.682] [SEVERE ] removing tokens from slot 9
[16:20:42.682] [SEVERE ] removing card from slot 9
[16:20:42.792] [SEVERE ] removing tokens from slot 7
[16:20:42.792] [SEVERE ] removing card from slot 7
[16:20:42.903] [SEVERE ] placing card 20 in slot 0
[16:20:43.012] [SEVERE ] placing card 13 in slot 6
[16:20:43.121] [SEVERE ] placing card 14 in slot 4
[16:20:43.234] [SEVERE ] placing card 64 in slot 2
[16:20:43.344] [SEVERE ] placing card 68 in slot 10
[16:20:43.456] [SEVERE ] placing card 17 in slot 1
[16:20:43.567] [SEVERE ] placing card 42 in slot 8
[16:20:43.678] [SEVERE ] placing card 19 in slot 5
[16:20:43.789] [SEVERE ] placing card 69 in slot 11
[16:20:43.899] [SEVERE ] placing card 43 in slot 3
[16:20:44.008] [SEVERE ] placing card 62 in slot 9
[16:20:44.117] [SEVERE ] placing card 51 in slot 7
[16:20:45.125] [SEVERE ] updating countdown to 9992
[16:20:46.136] [SEVERE ] updating countdown to 8981
[16:20:47.145] [SEVERE ] updating countdown to 7972
[16:20:48.155] [SEVERE ] updating countdown to 6962
[16:20:49.166] [SEVERE ] updating countdown to 5951
[16:20:50.166] [SEVERE ] updating countdown to 4951
