[15:44:14.135] [INFO   ] thread bguspl.set.Main.main() starting.
[15:44:14.138] [SEVERE ] cannot read configuration file config.properties trying from resources.
[15:44:14.141] [SEVERE ] configuration file was loaded from resources directory.
[15:44:15.155] [INFO   ] thread dealer starting.
[15:44:15.156] [INFO   ] thread dealer starting.
[15:44:15.158] [INFO   ] thread Thread-1 starting.
[15:44:15.158] [INFO   ] thread Thread-2 starting.
[15:44:15.291] [SEVERE ] placing card 58 in slot 0
[15:44:15.425] [SEVERE ] placing card 25 in slot 1
[15:44:15.536] [SEVERE ] placing card 65 in slot 2
[15:44:15.647] [SEVERE ] placing card 31 in slot 3
[15:44:15.756] [SEVERE ] placing card 43 in slot 4
[15:44:15.865] [SEVERE ] placing card 11 in slot 5
[15:44:15.977] [SEVERE ] placing card 21 in slot 6
[15:44:16.087] [SEVERE ] placing card 78 in slot 7
[15:44:16.198] [SEVERE ] placing card 22 in slot 8
[15:44:16.309] [SEVERE ] placing card 63 in slot 9
[15:44:16.419] [SEVERE ] placing card 27 in slot 10
[15:44:16.530] [SEVERE ] placing card 4 in slot 11
[15:44:17.536] [SEVERE ] updating countdown to 7622
[15:44:18.542] [SEVERE ] updating countdown to 6616
[15:44:19.553] [SEVERE ] updating countdown to 5605
[15:44:20.567] [SEVERE ] updating countdown to 4591
[15:44:21.578] [SEVERE ] updating countdown to 3580
[15:44:21.968] [SEVERE ] key 76 was pressed by player 2
[15:44:22.586] [SEVERE ] updating countdown to 2572
[15:44:23.593] [SEVERE ] updating countdown to 1565
[15:44:24.605] [SEVERE ] updating countdown to 553
[15:44:25.614] [SEVERE ] updating countdown to -456
[15:44:25.614] [SEVERE ] updating countdown to 10000
[15:44:25.726] [SEVERE ] removing card from slot 0
[15:44:25.726] [SEVERE ] removing tokens from slot 0
