[16:38:42.812] [INFO   ] thread bguspl.set.Main.main() starting.
[16:38:42.812] [SEVERE ] cannot read configuration file config.properties trying from resources.
[16:38:42.812] [SEVERE ] configuration file was loaded from resources directory.
[16:38:43.460] [INFO   ] thread dealer starting.
[16:38:43.460] [INFO   ] thread dealer starting.
[16:38:43.461] [INFO   ] thread Thread-1 starting.
[16:38:43.461] [INFO   ] thread Thread-2 starting.
[16:38:43.465] [SEVERE ] updating countdown to 10000
[16:38:43.567] [SEVERE ] placing card 13 in slot 11
[16:38:43.682] [SEVERE ] placing card 4 in slot 1
[16:38:43.791] [SEVERE ] placing card 52 in slot 7
[16:38:43.892] [SEVERE ] placing card 27 in slot 3
[16:38:43.993] [SEVERE ] placing card 50 in slot 5
[16:38:44.095] [SEVERE ] placing card 69 in slot 10
[16:38:44.201] [SEVERE ] placing card 36 in slot 4
[16:38:44.302] [SEVERE ] placing card 54 in slot 0
[16:38:44.407] [SEVERE ] placing card 44 in slot 8
[16:38:44.521] [SEVERE ] placing card 31 in slot 2
[16:38:44.631] [SEVERE ] placing card 9 in slot 9
[16:38:44.742] [SEVERE ] placing card 43 in slot 6
[16:38:45.746] [SEVERE ] updating countdown to 9997
[16:38:46.756] [SEVERE ] updating countdown to 8987
[16:38:47.427] [SEVERE ] key 76 was pressed by player 2
[16:38:47.436] [SEVERE ] player 2 placing token on slot 6
[16:38:47.759] [SEVERE ] updating countdown to 7984
[16:38:48.302] [SEVERE ] key 75 was pressed by player 2
[16:38:48.307] [SEVERE ] player 2 placing token on slot 5
[16:38:48.766] [SEVERE ] updating countdown to 6977
[16:38:49.038] [SEVERE ] key 74 was pressed by player 2
[16:38:49.038] [SEVERE ] player 2 placing token on slot 4
[16:38:49.773] [SEVERE ] updating countdown to 5970
[16:38:50.788] [SEVERE ] updating countdown to 4955
[16:38:50.891] [SEVERE ] key 75 was pressed by player 2
[16:38:50.891] [SEVERE ] removing player 2 token from slot 5
[16:38:51.797] [SEVERE ] updating countdown to 3946
[16:38:52.810] [SEVERE ] updating countdown to 2933
[16:38:53.831] [SEVERE ] updating countdown to 1912
[16:38:54.836] [SEVERE ] updating countdown to 907
[16:38:55.841] [SEVERE ] updating countdown to -98
[16:38:55.841] [SEVERE ] updating countdown to 10000
[16:38:55.944] [SEVERE ] removing tokens from slot 11
[16:38:55.944] [SEVERE ] removing card from slot 11
[16:38:56.051] [SEVERE ] removing tokens from slot 1
[16:38:56.051] [SEVERE ] removing card from slot 1
[16:38:56.161] [SEVERE ] removing tokens from slot 7
[16:38:56.161] [SEVERE ] removing card from slot 7
[16:38:56.263] [SEVERE ] removing tokens from slot 3
[16:38:56.263] [SEVERE ] removing card from slot 3
[16:38:56.365] [SEVERE ] removing tokens from slot 5
[16:38:56.365] [SEVERE ] removing card from slot 5
[16:38:56.466] [SEVERE ] removing tokens from slot 10
[16:38:56.466] [SEVERE ] removing card from slot 10
[16:38:56.582] [SEVERE ] removing player 2 token from slot 4
[16:38:56.582] [SEVERE ] removing tokens from slot 4
[16:38:56.582] [SEVERE ] removing card from slot 4
[16:38:56.689] [SEVERE ] removing tokens from slot 0
[16:38:56.689] [SEVERE ] removing card from slot 0
[16:38:56.805] [SEVERE ] removing tokens from slot 8
[16:38:56.805] [SEVERE ] removing card from slot 8
[16:38:56.916] [SEVERE ] removing tokens from slot 2
[16:38:56.916] [SEVERE ] removing card from slot 2
[16:38:57.026] [SEVERE ] removing tokens from slot 9
[16:38:57.026] [SEVERE ] removing card from slot 9
[16:38:57.138] [SEVERE ] removing player 2 token from slot 6
[16:38:57.138] [SEVERE ] removing tokens from slot 6
[16:38:57.138] [SEVERE ] removing card from slot 6
[16:38:57.139] [SEVERE ] updating countdown to 10000
[16:38:57.249] [SEVERE ] placing card 59 in slot 11
[16:38:57.356] [SEVERE ] placing card 2 in slot 1
[16:38:57.466] [SEVERE ] placing card 79 in slot 7
[16:38:57.567] [SEVERE ] placing card 55 in slot 3
[16:38:57.677] [SEVERE ] placing card 42 in slot 5
[16:38:57.778] [SEVERE ] placing card 25 in slot 10
[16:38:57.887] [SEVERE ] placing card 72 in slot 4
[16:38:57.988] [SEVERE ] placing card 74 in slot 0
[16:38:58.096] [SEVERE ] placing card 66 in slot 8
[16:38:58.202] [SEVERE ] placing card 46 in slot 2
[16:38:58.314] [SEVERE ] placing card 70 in slot 9
[16:38:58.422] [SEVERE ] placing card 23 in slot 6
[16:38:59.434] [SEVERE ] updating countdown to 9988
[16:39:00.445] [SEVERE ] updating countdown to 8977
[16:39:01.450] [SEVERE ] updating countdown to 7972
[16:39:02.461] [SEVERE ] updating countdown to 6961
[16:39:03.476] [SEVERE ] updating countdown to 5946
[16:39:04.492] [SEVERE ] updating countdown to 4930
[16:39:05.507] [SEVERE ] updating countdown to 3915
[16:39:06.517] [SEVERE ] updating countdown to 2905
[16:39:07.524] [SEVERE ] updating countdown to 1898
