[17:47:24.994] [INFO   ] thread bguspl.set.Main.main() starting.
[17:47:24.994] [SEVERE ] cannot read configuration file config.properties trying from resources.
[17:47:24.994] [SEVERE ] configuration file was loaded from resources directory.
[17:47:25.619] [INFO   ] thread dealer starting.
[17:47:25.619] [INFO   ] thread dealer starting.
[17:47:25.619] [INFO   ] thread Thread-1 starting.
[17:47:25.634] [INFO   ] thread Thread-2 starting.
[17:47:25.648] [SEVERE ] updating countdown to 60000
[17:47:25.753] [SEVERE ] placing card 38 in slot 5
[17:47:25.858] [SEVERE ] placing card 47 in slot 9
[17:47:25.960] [SEVERE ] placing card 54 in slot 10
[17:47:26.069] [SEVERE ] placing card 34 in slot 4
[17:47:26.171] [SEVERE ] placing card 26 in slot 6
[17:47:26.272] [SEVERE ] placing card 76 in slot 7
[17:47:26.380] [SEVERE ] placing card 59 in slot 3
[17:47:26.481] [SEVERE ] placing card 0 in slot 8
[17:47:26.597] [SEVERE ] placing card 4 in slot 1
[17:47:26.698] [SEVERE ] placing card 39 in slot 0
[17:47:26.801] [SEVERE ] placing card 30 in slot 11
[17:47:26.912] [SEVERE ] placing card 1 in slot 2
[17:47:27.920] [SEVERE ] updating countdown to 59992
[17:47:28.934] [SEVERE ] updating countdown to 58978
[17:47:29.936] [SEVERE ] updating countdown to 57976
[17:47:30.951] [SEVERE ] updating countdown to 56961
[17:47:31.963] [SEVERE ] updating countdown to 55949
[17:47:32.976] [SEVERE ] updating countdown to 54936
[17:47:33.983] [SEVERE ] updating countdown to 53929
[17:47:34.403] [SEVERE ] key 80 was pressed by player 2
[17:47:34.403] [SEVERE ] player 2 placing token on slot 3
[17:47:34.988] [SEVERE ] updating countdown to 52924
[17:47:35.070] [SEVERE ] key 79 was pressed by player 2
[17:47:35.086] [SEVERE ] player 2 placing token on slot 2
[17:47:35.526] [SEVERE ] key 73 was pressed by player 2
[17:47:35.526] [SEVERE ] player 2 placing token on slot 1
[17:47:35.994] [SEVERE ] updating countdown to 51918
[17:47:35.995] [SEVERE ] setting player 2 freeze to 3000
[17:47:36.003] [INFO   ] thread dealer terminated.
[17:47:41.008] [SEVERE ] thanks for playing... it was fun!
[17:47:41.008] [INFO   ] thread bguspl.set.Main.main() terminated.
[17:47:41.008] [SEVERE ] disposing of user interface elements
