[17:20:13.749] [INFO   ] thread bguspl.set.Main.main() starting.
[17:20:13.765] [SEVERE ] cannot read configuration file config.properties trying from resources.
[17:20:13.765] [SEVERE ] configuration file was loaded from resources directory.
[17:20:14.438] [INFO   ] thread dealer starting.
[17:20:14.438] [INFO   ] thread dealer starting.
[17:20:14.438] [INFO   ] thread Thread-1 starting.
[17:20:14.438] [INFO   ] thread Thread-2 starting.
[17:20:14.458] [SEVERE ] updating countdown to 10000
[17:20:14.568] [SEVERE ] placing card 78 in slot 5
[17:20:14.683] [SEVERE ] placing card 36 in slot 2
[17:20:14.791] [SEVERE ] placing card 33 in slot 11
[17:20:14.902] [SEVERE ] placing card 43 in slot 1
[17:20:15.013] [SEVERE ] placing card 53 in slot 4
[17:20:15.125] [SEVERE ] placing card 72 in slot 8
[17:20:15.226] [SEVERE ] placing card 29 in slot 7
[17:20:15.326] [SEVERE ] placing card 18 in slot 0
[17:20:15.432] [SEVERE ] placing card 7 in slot 9
[17:20:15.542] [SEVERE ] placing card 79 in slot 6
[17:20:15.652] [SEVERE ] placing card 51 in slot 10
[17:20:15.683] [SEVERE ] key 76 was pressed by player 2
[17:20:15.683] [SEVERE ] player 2 placing token on slot 6
[17:20:15.763] [SEVERE ] placing card 4 in slot 3
[17:20:15.886] [SEVERE ] key 75 was pressed by player 2
[17:20:15.887] [SEVERE ] player 2 placing token on slot 5
[17:20:16.060] [SEVERE ] key 74 was pressed by player 2
[17:20:16.060] [SEVERE ] player 2 placing token on slot 4
[17:20:16.758] [SEVERE ] key 81 was pressed by player 1
[17:20:16.759] [SEVERE ] player 1 placing token on slot 0
[17:20:16.764] [SEVERE ] updating countdown to 9999
[17:20:16.967] [SEVERE ] key 87 was pressed by player 1
[17:20:16.969] [SEVERE ] player 1 placing token on slot 1
[17:20:17.174] [SEVERE ] key 69 was pressed by player 1
[17:20:17.175] [SEVERE ] player 1 placing token on slot 2
[17:20:17.766] [SEVERE ] updating countdown to 8997
[17:20:18.768] [SEVERE ] updating countdown to 7995
[17:20:19.777] [SEVERE ] updating countdown to 6986
[17:20:20.779] [SEVERE ] updating countdown to 5984
[17:20:22.763] [SEVERE ] updating countdown to 4000
[17:20:22.763] [SEVERE ] updating countdown to 4000
[17:20:22.763] [SEVERE ] updating countdown to 4000
[17:20:22.763] [SEVERE ] updating countdown to 4000
[17:20:22.763] [SEVERE ] updating countdown to 4000
[17:20:22.763] [SEVERE ] updating countdown to 4000
[17:20:22.763] [SEVERE ] updating countdown to 4000
[17:20:22.763] [SEVERE ] updating countdown to 4000
[17:20:22.763] [SEVERE ] updating countdown to 4000
[17:20:22.763] [SEVERE ] updating countdown to 4000
[17:20:22.763] [SEVERE ] updating countdown to 4000
[17:20:22.763] [SEVERE ] updating countdown to 4000
[17:20:22.763] [SEVERE ] updating countdown to 4000
[17:20:22.763] [SEVERE ] updating countdown to 4000
[17:20:22.763] [SEVERE ] updating countdown to 4000
[17:20:22.763] [SEVERE ] updating countdown to 4000
[17:20:22.763] [SEVERE ] updating countdown to 4000
[17:20:22.763] [SEVERE ] updating countdown to 4000
[17:20:22.763] [SEVERE ] updating countdown to 4000
[17:20:22.763] [SEVERE ] updating countdown to 4000
[17:20:22.763] [SEVERE ] updating countdown to 4000
[17:20:24.763] [SEVERE ] updating countdown to 2000
[17:20:24.763] [SEVERE ] updating countdown to 2000
[17:20:25.763] [SEVERE ] updating countdown to 1000
[17:20:25.763] [SEVERE ] updating countdown to 1000
[17:20:25.763] [SEVERE ] updating countdown to 1000
[17:20:25.763] [SEVERE ] updating countdown to 1000
[17:20:26.763] [SEVERE ] updating countdown to 10000
[17:20:26.865] [SEVERE ] removing player 2 token from slot 5
[17:20:26.865] [SEVERE ] removing tokens from slot 5
[17:20:26.865] [SEVERE ] removing card from slot 5
[17:20:26.966] [SEVERE ] removing player 1 token from slot 2
[17:20:26.966] [SEVERE ] removing tokens from slot 2
[17:20:26.966] [SEVERE ] removing card from slot 2
[17:20:27.067] [SEVERE ] removing tokens from slot 11
[17:20:27.068] [SEVERE ] removing card from slot 11
[17:20:27.172] [SEVERE ] removing player 1 token from slot 1
[17:20:27.172] [SEVERE ] removing tokens from slot 1
[17:20:27.172] [SEVERE ] removing card from slot 1
[17:20:27.274] [SEVERE ] removing player 2 token from slot 4
[17:20:27.274] [SEVERE ] removing tokens from slot 4
[17:20:27.274] [SEVERE ] removing card from slot 4
[17:20:27.376] [SEVERE ] removing tokens from slot 8
[17:20:27.376] [SEVERE ] removing card from slot 8
[17:20:27.478] [SEVERE ] removing tokens from slot 7
[17:20:27.478] [SEVERE ] removing card from slot 7
[17:20:27.579] [SEVERE ] removing player 1 token from slot 0
[17:20:27.579] [SEVERE ] removing tokens from slot 0
[17:20:27.579] [SEVERE ] removing card from slot 0
[17:20:27.680] [SEVERE ] removing tokens from slot 9
[17:20:27.680] [SEVERE ] removing card from slot 9
[17:20:27.781] [SEVERE ] removing player 2 token from slot 6
[17:20:27.781] [SEVERE ] removing tokens from slot 6
[17:20:27.781] [SEVERE ] removing card from slot 6
[17:20:27.886] [SEVERE ] removing tokens from slot 10
[17:20:27.886] [SEVERE ] removing card from slot 10
[17:20:27.987] [SEVERE ] removing tokens from slot 3
[17:20:27.987] [SEVERE ] removing card from slot 3
[17:20:27.988] [SEVERE ] updating countdown to 10000
[17:20:28.089] [SEVERE ] placing card 75 in slot 5
[17:20:28.191] [SEVERE ] placing card 1 in slot 2
[17:20:28.292] [SEVERE ] placing card 51 in slot 11
[17:20:28.392] [SEVERE ] placing card 70 in slot 1
[17:20:28.497] [SEVERE ] placing card 16 in slot 4
[17:20:28.598] [SEVERE ] placing card 57 in slot 8
[17:20:28.699] [SEVERE ] placing card 50 in slot 7
[17:20:28.801] [SEVERE ] placing card 76 in slot 0
[17:20:28.906] [SEVERE ] placing card 30 in slot 9
[17:20:29.007] [SEVERE ] placing card 54 in slot 6
[17:20:29.107] [SEVERE ] placing card 55 in slot 10
[17:20:29.209] [SEVERE ] placing card 52 in slot 3
[17:20:30.210] [SEVERE ] updating countdown to 9999
[17:20:31.212] [SEVERE ] updating countdown to 8997
[17:20:31.753] [SEVERE ] key 65 was pressed by player 1
[17:20:31.754] [SEVERE ] player 1 placing token on slot 4
[17:20:32.214] [SEVERE ] updating countdown to 7995
[17:20:33.215] [SEVERE ] updating countdown to 6994
[17:20:33.360] [SEVERE ] key 83 was pressed by player 1
[17:20:33.362] [SEVERE ] player 1 placing token on slot 5
[17:20:33.770] [SEVERE ] key 68 was pressed by player 1
[17:20:33.771] [SEVERE ] player 1 placing token on slot 6
[17:20:34.222] [SEVERE ] updating countdown to 5987
[17:20:36.463] [SEVERE ] exit button pressed
[17:20:37.209] [SEVERE ] updating countdown to 3000
[17:20:38.209] [SEVERE ] updating countdown to 2000
[17:20:38.209] [SEVERE ] updating countdown to 2000
[17:20:38.209] [SEVERE ] updating countdown to 2000
[17:20:38.209] [SEVERE ] updating countdown to 2000
[17:20:38.209] [SEVERE ] updating countdown to 2000
[17:20:39.209] [SEVERE ] updating countdown to 1000
[17:20:39.209] [SEVERE ] updating countdown to 1000
[17:20:39.209] [SEVERE ] updating countdown to 1000
[17:20:39.209] [SEVERE ] updating countdown to 1000
[17:20:39.209] [SEVERE ] updating countdown to 1000
