[17:07:32.643] [INFO   ] thread bguspl.set.Main.main() starting.
[17:07:32.643] [SEVERE ] cannot read configuration file config.properties trying from resources.
[17:07:32.643] [SEVERE ] configuration file was loaded from resources directory.
[17:07:33.254] [INFO   ] thread dealer starting.
[17:07:33.254] [INFO   ] thread dealer starting.
[17:07:33.254] [INFO   ] thread Thread-1 starting.
[17:07:33.254] [INFO   ] thread Thread-2 starting.
[17:07:33.267] [SEVERE ] updating countdown to 10000
[17:07:33.375] [SEVERE ] placing card 79 in slot 9
[17:07:33.477] [SEVERE ] placing card 12 in slot 10
[17:07:33.584] [SEVERE ] placing card 2 in slot 11
[17:07:33.687] [SEVERE ] placing card 73 in slot 8
[17:07:33.796] [SEVERE ] placing card 18 in slot 1
[17:07:33.897] [SEVERE ] placing card 38 in slot 2
[17:07:33.998] [SEVERE ] placing card 27 in slot 6
[17:07:34.106] [SEVERE ] placing card 19 in slot 3
[17:07:34.210] [SEVERE ] placing card 50 in slot 4
[17:07:34.314] [SEVERE ] placing card 70 in slot 5
[17:07:34.418] [SEVERE ] placing card 48 in slot 7
[17:07:34.519] [SEVERE ] placing card 60 in slot 0
[17:07:35.373] [SEVERE ] key 74 was pressed by player 2
[17:07:35.386] [SEVERE ] player 2 placing token on slot 4
[17:07:35.531] [SEVERE ] updating countdown to 9988
[17:07:35.702] [SEVERE ] key 75 was pressed by player 2
[17:07:35.711] [SEVERE ] player 2 placing token on slot 5
[17:07:36.036] [SEVERE ] key 76 was pressed by player 2
[17:07:36.048] [SEVERE ] player 2 placing token on slot 6
[17:07:36.543] [SEVERE ] updating countdown to 8976
[17:07:37.264] [SEVERE ] key 81 was pressed by player 1
[17:07:37.264] [SEVERE ] player 1 placing token on slot 0
[17:07:37.471] [SEVERE ] key 87 was pressed by player 1
[17:07:37.473] [SEVERE ] player 1 placing token on slot 1
[17:07:37.558] [SEVERE ] updating countdown to 7961
[17:07:37.662] [SEVERE ] key 69 was pressed by player 1
[17:07:37.662] [SEVERE ] player 1 placing token on slot 2
[17:07:38.565] [SEVERE ] updating countdown to 6954
[17:07:39.579] [SEVERE ] updating countdown to 5940
[17:07:45.624] [SEVERE ] updating countdown to 10000
[17:07:45.734] [SEVERE ] removing tokens from slot 9
[17:07:45.735] [SEVERE ] removing card from slot 9
[17:07:45.842] [SEVERE ] removing tokens from slot 10
[17:07:45.842] [SEVERE ] removing card from slot 10
[17:07:45.947] [SEVERE ] removing tokens from slot 11
[17:07:45.947] [SEVERE ] removing card from slot 11
[17:07:46.055] [SEVERE ] removing tokens from slot 8
[17:07:46.055] [SEVERE ] removing card from slot 8
[17:07:46.158] [SEVERE ] removing player 1 token from slot 1
[17:07:46.158] [SEVERE ] removing tokens from slot 1
[17:07:46.158] [SEVERE ] removing card from slot 1
[17:07:46.261] [SEVERE ] removing player 1 token from slot 2
[17:07:46.261] [SEVERE ] removing tokens from slot 2
[17:07:46.261] [SEVERE ] removing card from slot 2
[17:07:46.364] [SEVERE ] removing player 2 token from slot 6
[17:07:46.364] [SEVERE ] removing tokens from slot 6
[17:07:46.364] [SEVERE ] removing card from slot 6
[17:07:46.468] [SEVERE ] removing tokens from slot 3
[17:07:46.468] [SEVERE ] removing card from slot 3
[17:07:46.569] [SEVERE ] removing player 2 token from slot 4
[17:07:46.569] [SEVERE ] removing tokens from slot 4
[17:07:46.569] [SEVERE ] removing card from slot 4
[17:07:46.680] [SEVERE ] removing player 2 token from slot 5
[17:07:46.680] [SEVERE ] removing tokens from slot 5
[17:07:46.680] [SEVERE ] removing card from slot 5
[17:07:46.791] [SEVERE ] removing tokens from slot 7
[17:07:46.791] [SEVERE ] removing card from slot 7
[17:07:46.894] [SEVERE ] removing player 1 token from slot 0
[17:07:46.894] [SEVERE ] removing tokens from slot 0
[17:07:46.894] [SEVERE ] removing card from slot 0
[17:07:46.895] [SEVERE ] updating countdown to 10000
[17:07:47.009] [SEVERE ] placing card 24 in slot 9
[17:07:47.110] [SEVERE ] placing card 17 in slot 10
[17:07:47.221] [SEVERE ] placing card 74 in slot 11
[17:07:47.326] [SEVERE ] placing card 73 in slot 8
[17:07:47.437] [SEVERE ] placing card 28 in slot 1
[17:07:47.547] [SEVERE ] placing card 13 in slot 2
[17:07:47.659] [SEVERE ] placing card 10 in slot 6
[17:07:47.761] [SEVERE ] placing card 67 in slot 3
[17:07:47.865] [SEVERE ] placing card 65 in slot 4
[17:07:47.967] [SEVERE ] placing card 11 in slot 5
[17:07:48.070] [SEVERE ] placing card 59 in slot 7
[17:07:48.175] [SEVERE ] placing card 30 in slot 0
[17:07:49.182] [SEVERE ] updating countdown to 9993
[17:07:50.186] [SEVERE ] updating countdown to 8989
[17:07:51.192] [SEVERE ] updating countdown to 7983
[17:07:52.196] [SEVERE ] updating countdown to 6979
[17:07:53.198] [SEVERE ] updating countdown to 5977
