[16:17:30.258] [INFO   ] thread bguspl.set.Main.main() starting.
[16:17:30.262] [SEVERE ] cannot read configuration file config.properties trying from resources.
[16:17:30.263] [SEVERE ] configuration file was loaded from resources directory.
[16:17:30.893] [INFO   ] thread dealer starting.
[16:17:30.894] [INFO   ] thread dealer starting.
[16:17:30.895] [INFO   ] thread Thread-1 starting.
[16:17:30.895] [INFO   ] thread Thread-2 starting.
[16:17:31.022] [SEVERE ] placing card 7 in slot 7
[16:17:31.130] [SEVERE ] placing card 29 in slot 9
[16:17:31.239] [SEVERE ] placing card 8 in slot 4
[16:17:31.349] [SEVERE ] placing card 52 in slot 0
[16:17:31.459] [SEVERE ] placing card 47 in slot 5
[16:17:31.571] [SEVERE ] placing card 58 in slot 6
[16:17:31.683] [SEVERE ] placing card 31 in slot 10
[16:17:31.793] [SEVERE ] placing card 19 in slot 3
[16:17:31.900] [SEVERE ] placing card 65 in slot 8
[16:17:32.009] [SEVERE ] placing card 16 in slot 2
[16:17:32.120] [SEVERE ] placing card 15 in slot 1
[16:17:32.232] [SEVERE ] placing card 12 in slot 11
[16:17:33.238] [SEVERE ] updating countdown to 9994
[16:17:34.248] [SEVERE ] updating countdown to 8984
[16:17:35.262] [SEVERE ] updating countdown to 7970
[16:17:36.275] [SEVERE ] updating countdown to 6957
[16:17:37.285] [SEVERE ] updating countdown to 5947
[16:17:38.290] [SEVERE ] updating countdown to 4942
[16:17:39.295] [SEVERE ] updating countdown to 3937
[16:17:40.309] [SEVERE ] updating countdown to 2923
[16:17:41.311] [SEVERE ] updating countdown to 1921
[16:17:42.320] [SEVERE ] updating countdown to 912
[16:17:43.335] [SEVERE ] updating countdown to -103
[16:17:43.335] [SEVERE ] updating countdown to 10000
[16:17:43.446] [SEVERE ] removing tokens from slot 0
[16:17:43.446] [SEVERE ] removing card from slot 0
[16:17:43.555] [SEVERE ] removing tokens from slot 1
[16:17:43.555] [SEVERE ] removing card from slot 1
[16:17:43.665] [SEVERE ] removing tokens from slot 2
[16:17:43.665] [SEVERE ] removing card from slot 2
[16:17:43.777] [SEVERE ] removing tokens from slot 3
[16:17:43.777] [SEVERE ] removing card from slot 3
[16:17:43.889] [SEVERE ] removing tokens from slot 4
[16:17:43.889] [SEVERE ] removing card from slot 4
[16:17:44.000] [SEVERE ] removing tokens from slot 5
[16:17:44.000] [SEVERE ] removing card from slot 5
[16:17:44.112] [SEVERE ] removing tokens from slot 6
[16:17:44.112] [SEVERE ] removing card from slot 6
[16:17:44.223] [SEVERE ] removing tokens from slot 7
[16:17:44.223] [SEVERE ] removing card from slot 7
[16:17:44.332] [SEVERE ] removing tokens from slot 8
[16:17:44.332] [SEVERE ] removing card from slot 8
[16:17:44.442] [SEVERE ] removing tokens from slot 9
[16:17:44.442] [SEVERE ] removing card from slot 9
[16:17:44.554] [SEVERE ] removing tokens from slot 10
[16:17:44.554] [SEVERE ] removing card from slot 10
[16:17:44.665] [SEVERE ] removing tokens from slot 11
[16:17:44.665] [SEVERE ] removing card from slot 11
[16:17:44.776] [SEVERE ] placing card 34 in slot 7
[16:17:44.887] [SEVERE ] placing card 62 in slot 9
[16:17:44.999] [SEVERE ] placing card 43 in slot 4
[16:17:45.111] [SEVERE ] placing card 6 in slot 0
[16:17:45.221] [SEVERE ] placing card 24 in slot 5
[16:17:45.331] [SEVERE ] placing card 44 in slot 6
[16:17:45.442] [SEVERE ] placing card 29 in slot 10
[16:17:45.554] [SEVERE ] placing card 79 in slot 3
[16:17:45.664] [SEVERE ] placing card 77 in slot 8
[16:17:45.776] [SEVERE ] placing card 36 in slot 2
[16:17:45.886] [SEVERE ] placing card 26 in slot 1
[16:17:45.998] [SEVERE ] placing card 51 in slot 11
[16:17:47.010] [SEVERE ] updating countdown to 9988
[16:17:48.021] [SEVERE ] updating countdown to 8977
[16:17:49.035] [SEVERE ] updating countdown to 7963
[16:17:50.036] [SEVERE ] updating countdown to 6962
[16:17:51.051] [SEVERE ] updating countdown to 5947
[16:17:52.060] [SEVERE ] updating countdown to 4938
[16:17:53.066] [SEVERE ] updating countdown to 3932
[16:17:54.077] [SEVERE ] updating countdown to 2921
[16:17:55.079] [SEVERE ] updating countdown to 1919
[16:17:56.080] [SEVERE ] updating countdown to 918
[16:17:57.087] [SEVERE ] updating countdown to -89
[16:17:57.087] [SEVERE ] updating countdown to 10000
[16:17:57.199] [SEVERE ] removing tokens from slot 0
[16:17:57.199] [SEVERE ] removing card from slot 0
[16:17:57.311] [SEVERE ] removing tokens from slot 1
[16:17:57.311] [SEVERE ] removing card from slot 1
[16:17:57.420] [SEVERE ] removing tokens from slot 2
[16:17:57.420] [SEVERE ] removing card from slot 2
[16:17:57.528] [SEVERE ] removing tokens from slot 3
[16:17:57.528] [SEVERE ] removing card from slot 3
[16:17:57.639] [SEVERE ] removing tokens from slot 4
[16:17:57.639] [SEVERE ] removing card from slot 4
[16:17:57.749] [SEVERE ] removing tokens from slot 5
[16:17:57.749] [SEVERE ] removing card from slot 5
[16:17:57.861] [SEVERE ] removing tokens from slot 6
[16:17:57.861] [SEVERE ] removing card from slot 6
[16:17:57.972] [SEVERE ] removing tokens from slot 7
[16:17:57.972] [SEVERE ] removing card from slot 7
[16:17:58.083] [SEVERE ] removing tokens from slot 8
[16:17:58.083] [SEVERE ] removing card from slot 8
[16:17:58.195] [SEVERE ] removing tokens from slot 9
[16:17:58.195] [SEVERE ] removing card from slot 9
[16:17:58.303] [SEVERE ] removing tokens from slot 10
[16:17:58.303] [SEVERE ] removing card from slot 10
[16:17:58.415] [SEVERE ] removing tokens from slot 11
[16:17:58.415] [SEVERE ] removing card from slot 11
[16:17:58.527] [SEVERE ] placing card 19 in slot 7
[16:17:58.637] [SEVERE ] placing card 39 in slot 9
[16:17:58.749] [SEVERE ] placing card 11 in slot 4
[16:17:58.861] [SEVERE ] placing card 2 in slot 0
[16:17:58.969] [SEVERE ] placing card 70 in slot 5
[16:17:59.081] [SEVERE ] placing card 77 in slot 6
[16:17:59.190] [SEVERE ] placing card 38 in slot 10
[16:17:59.300] [SEVERE ] placing card 63 in slot 3
[16:17:59.409] [SEVERE ] placing card 54 in slot 8
[16:17:59.520] [SEVERE ] placing card 12 in slot 2
[16:17:59.631] [SEVERE ] placing card 4 in slot 1
[16:17:59.744] [SEVERE ] placing card 57 in slot 11
[16:18:00.747] [SEVERE ] updating countdown to 9997
[16:18:01.754] [SEVERE ] updating countdown to 8990
[16:18:02.768] [SEVERE ] updating countdown to 7976
