[17:55:10.336] [INFO   ] thread bguspl.set.Main.main() starting.
[17:55:10.340] [SEVERE ] cannot read configuration file config.properties trying from resources.
[17:55:10.341] [SEVERE ] configuration file was loaded from resources directory.
[17:55:10.904] [INFO   ] thread dealer starting.
[17:55:10.904] [INFO   ] thread dealer starting.
[17:55:10.904] [INFO   ] thread Thread-1 starting.
[17:55:10.904] [INFO   ] thread Thread-2 starting.
[17:55:10.914] [SEVERE ] updating countdown to 60000
[17:55:11.019] [SEVERE ] placing card 59 in slot 4
[17:55:11.125] [SEVERE ] placing card 34 in slot 8
[17:55:11.232] [SEVERE ] placing card 52 in slot 7
[17:55:11.333] [SEVERE ] placing card 18 in slot 11
[17:55:11.434] [SEVERE ] placing card 60 in slot 6
[17:55:11.544] [SEVERE ] placing card 77 in slot 0
[17:55:11.651] [SEVERE ] placing card 26 in slot 2
[17:55:11.763] [SEVERE ] placing card 4 in slot 5
[17:55:11.867] [SEVERE ] placing card 79 in slot 1
[17:55:11.976] [SEVERE ] placing card 30 in slot 9
[17:55:12.084] [SEVERE ] placing card 54 in slot 10
[17:55:12.194] [SEVERE ] placing card 61 in slot 3
[17:55:13.195] [SEVERE ] updating countdown to 59999
[17:55:14.197] [SEVERE ] updating countdown to 58997
[17:55:14.795] [SEVERE ] key 81 was pressed by player 1
[17:55:14.795] [SEVERE ] player 1 placing token on slot 0
[17:55:15.005] [SEVERE ] key 87 was pressed by player 1
[17:55:15.005] [SEVERE ] player 1 placing token on slot 1
[17:55:15.205] [SEVERE ] updating countdown to 57989
[17:55:15.256] [SEVERE ] key 69 was pressed by player 1
[17:55:15.256] [SEVERE ] player 1 placing token on slot 2
[17:55:16.219] [SEVERE ] updating countdown to 56975
[17:55:16.220] [SEVERE ] setting player 1 score to 2
[17:55:17.233] [SEVERE ] removing player 1 token from slot 0
[17:55:17.233] [SEVERE ] removing tokens from slot 0
[17:55:17.233] [SEVERE ] removing card from slot 0
[17:55:17.340] [SEVERE ] removing player 1 token from slot 1
[17:55:17.340] [SEVERE ] removing tokens from slot 1
[17:55:17.340] [SEVERE ] removing card from slot 1
[17:55:17.449] [SEVERE ] removing tokens from slot 2
[17:55:17.449] [SEVERE ] removing card from slot 2
[17:55:17.459] [INFO   ] thread dealer terminated.
[17:55:22.465] [SEVERE ] thanks for playing... it was fun!
[17:55:22.465] [INFO   ] thread bguspl.set.Main.main() terminated.
[17:55:22.465] [SEVERE ] disposing of user interface elements
