[16:06:42.664] [INFO   ] thread bguspl.set.Main.main() starting.
[16:06:42.664] [SEVERE ] cannot read configuration file config.properties trying from resources.
[16:06:42.673] [SEVERE ] configuration file was loaded from resources directory.
[16:06:43.562] [INFO   ] thread dealer starting.
[16:06:43.562] [INFO   ] thread dealer starting.
[16:06:43.562] [INFO   ] thread Thread-1 starting.
[16:06:43.562] [INFO   ] thread Thread-2 starting.
[16:06:43.695] [SEVERE ] placing card 73 in slot 0
[16:06:43.827] [SEVERE ] placing card 41 in slot 1
[16:06:43.935] [SEVERE ] placing card 10 in slot 2
[16:06:44.045] [SEVERE ] placing card 69 in slot 3
[16:06:44.160] [SEVERE ] placing card 53 in slot 4
[16:06:44.275] [SEVERE ] placing card 64 in slot 5
[16:06:44.376] [SEVERE ] placing card 46 in slot 6
[16:06:44.484] [SEVERE ] placing card 42 in slot 7
[16:06:44.588] [SEVERE ] placing card 26 in slot 8
[16:06:44.697] [SEVERE ] placing card 22 in slot 9
[16:06:44.800] [SEVERE ] placing card 47 in slot 10
[16:06:44.903] [SEVERE ] placing card 13 in slot 11
[16:06:45.911] [SEVERE ] updating countdown to 9992
[16:06:46.921] [SEVERE ] updating countdown to 8982
[16:06:47.931] [SEVERE ] updating countdown to 7972
[16:06:48.932] [SEVERE ] updating countdown to 6971
[16:06:49.935] [SEVERE ] updating countdown to 5968
[16:06:50.943] [SEVERE ] updating countdown to 4960
[16:06:51.951] [SEVERE ] updating countdown to 3952
[16:06:52.960] [SEVERE ] updating countdown to 2943
[16:06:53.968] [SEVERE ] updating countdown to 1935
[16:06:54.977] [SEVERE ] updating countdown to 926
[16:06:55.985] [SEVERE ] updating countdown to -82
[16:06:55.985] [SEVERE ] updating countdown to 10000
[16:06:56.093] [SEVERE ] removing tokens from slot 0
[16:06:56.094] [SEVERE ] removing card from slot 0
[16:06:56.199] [SEVERE ] removing tokens from slot 1
[16:06:56.199] [SEVERE ] removing card from slot 1
[16:06:56.308] [SEVERE ] removing tokens from slot 2
[16:06:56.308] [SEVERE ] removing card from slot 2
[16:06:56.412] [SEVERE ] removing tokens from slot 3
[16:06:56.412] [SEVERE ] removing card from slot 3
[16:06:56.521] [SEVERE ] removing tokens from slot 4
[16:06:56.521] [SEVERE ] removing card from slot 4
[16:06:56.626] [SEVERE ] removing tokens from slot 5
[16:06:56.626] [SEVERE ] removing card from slot 5
[16:06:56.735] [SEVERE ] removing tokens from slot 6
[16:06:56.735] [SEVERE ] removing card from slot 6
[16:06:56.842] [SEVERE ] removing tokens from slot 7
[16:06:56.842] [SEVERE ] removing card from slot 7
[16:06:56.944] [SEVERE ] removing tokens from slot 8
[16:06:56.944] [SEVERE ] removing card from slot 8
[16:06:57.046] [SEVERE ] removing tokens from slot 9
[16:06:57.046] [SEVERE ] removing card from slot 9
[16:06:57.152] [SEVERE ] removing tokens from slot 10
[16:06:57.152] [SEVERE ] removing card from slot 10
[16:06:57.264] [SEVERE ] removing tokens from slot 11
[16:06:57.264] [SEVERE ] removing card from slot 11
[16:06:57.375] [SEVERE ] placing card 1 in slot 0
[16:06:57.484] [SEVERE ] placing card 55 in slot 1
[16:06:57.587] [SEVERE ] placing card 77 in slot 2
[16:06:57.706] [SEVERE ] placing card 52 in slot 3
[16:06:57.809] [SEVERE ] placing card 31 in slot 4
[16:06:57.910] [SEVERE ] placing card 5 in slot 5
[16:06:58.013] [SEVERE ] placing card 49 in slot 6
[16:06:58.120] [SEVERE ] placing card 29 in slot 7
[16:06:58.229] [SEVERE ] placing card 80 in slot 8
[16:06:58.333] [SEVERE ] placing card 39 in slot 9
[16:06:58.438] [SEVERE ] placing card 70 in slot 10
[16:06:58.545] [SEVERE ] placing card 0 in slot 11
[16:06:59.555] [SEVERE ] updating countdown to 9990
[16:07:00.563] [SEVERE ] updating countdown to 8982
[16:07:01.567] [SEVERE ] updating countdown to 7978
[16:07:02.577] [SEVERE ] updating countdown to 6968
[16:07:03.590] [SEVERE ] updating countdown to 5955
[16:07:04.600] [SEVERE ] updating countdown to 4945
[16:07:05.602] [SEVERE ] updating countdown to 3943
[16:07:06.611] [SEVERE ] updating countdown to 2934
[16:07:07.614] [SEVERE ] updating countdown to 1931
[16:07:08.617] [SEVERE ] updating countdown to 928
[16:07:09.625] [SEVERE ] updating countdown to -80
[16:07:09.625] [SEVERE ] updating countdown to 10000
[16:07:09.737] [SEVERE ] removing tokens from slot 0
[16:07:09.738] [SEVERE ] removing card from slot 0
[16:07:09.842] [SEVERE ] removing tokens from slot 1
[16:07:09.842] [SEVERE ] removing card from slot 1
[16:07:09.953] [SEVERE ] removing tokens from slot 2
[16:07:09.953] [SEVERE ] removing card from slot 2
[16:07:10.069] [SEVERE ] removing tokens from slot 3
[16:07:10.069] [SEVERE ] removing card from slot 3
[16:07:10.181] [SEVERE ] removing tokens from slot 4
[16:07:10.181] [SEVERE ] removing card from slot 4
[16:07:10.285] [SEVERE ] removing tokens from slot 5
[16:07:10.285] [SEVERE ] removing card from slot 5
[16:07:10.393] [SEVERE ] removing tokens from slot 6
[16:07:10.393] [SEVERE ] removing card from slot 6
[16:07:10.501] [SEVERE ] removing tokens from slot 7
[16:07:10.501] [SEVERE ] removing card from slot 7
[16:07:10.601] [SEVERE ] removing tokens from slot 8
[16:07:10.601] [SEVERE ] removing card from slot 8
[16:07:10.705] [SEVERE ] removing tokens from slot 9
[16:07:10.705] [SEVERE ] removing card from slot 9
[16:07:10.806] [SEVERE ] removing tokens from slot 10
[16:07:10.807] [SEVERE ] removing card from slot 10
[16:07:10.908] [SEVERE ] removing tokens from slot 11
[16:07:10.908] [SEVERE ] removing card from slot 11
[16:07:11.015] [SEVERE ] placing card 19 in slot 0
[16:07:11.122] [SEVERE ] placing card 71 in slot 1
[16:07:11.228] [SEVERE ] placing card 59 in slot 2
[16:07:11.335] [SEVERE ] placing card 45 in slot 3
[16:07:11.436] [SEVERE ] placing card 52 in slot 4
[16:07:11.544] [SEVERE ] placing card 78 in slot 5
[16:07:11.649] [SEVERE ] placing card 10 in slot 6
[16:07:11.758] [SEVERE ] placing card 38 in slot 7
[16:07:11.865] [SEVERE ] placing card 67 in slot 8
[16:07:11.973] [SEVERE ] placing card 57 in slot 9
[16:07:12.075] [SEVERE ] placing card 49 in slot 10
[16:07:12.181] [SEVERE ] placing card 16 in slot 11
[16:07:13.190] [SEVERE ] updating countdown to 9991
[16:07:14.192] [SEVERE ] updating countdown to 8989
[16:07:15.201] [SEVERE ] updating countdown to 7980
[16:07:16.214] [SEVERE ] updating countdown to 6967
[16:07:17.216] [SEVERE ] updating countdown to 5965
[16:07:18.222] [SEVERE ] updating countdown to 4959
[16:07:19.233] [SEVERE ] updating countdown to 3948
[16:07:20.249] [SEVERE ] updating countdown to 2932
[16:07:21.250] [SEVERE ] updating countdown to 1931
[16:07:22.263] [SEVERE ] updating countdown to 918
[16:07:23.277] [SEVERE ] updating countdown to -96
[16:07:23.277] [SEVERE ] updating countdown to 10000
[16:07:23.389] [SEVERE ] removing tokens from slot 0
[16:07:23.389] [SEVERE ] removing card from slot 0
[16:07:23.494] [SEVERE ] removing tokens from slot 1
[16:07:23.495] [SEVERE ] removing card from slot 1
[16:07:23.607] [SEVERE ] removing tokens from slot 2
[16:07:23.607] [SEVERE ] removing card from slot 2
[16:07:23.720] [SEVERE ] removing tokens from slot 3
[16:07:23.720] [SEVERE ] removing card from slot 3
[16:07:23.824] [SEVERE ] removing tokens from slot 4
[16:07:23.824] [SEVERE ] removing card from slot 4
[16:07:23.926] [SEVERE ] removing tokens from slot 5
[16:07:23.926] [SEVERE ] removing card from slot 5
[16:07:24.030] [SEVERE ] removing tokens from slot 6
[16:07:24.030] [SEVERE ] removing card from slot 6
[16:07:24.138] [SEVERE ] removing tokens from slot 7
[16:07:24.138] [SEVERE ] removing card from slot 7
[16:07:24.246] [SEVERE ] removing tokens from slot 8
[16:07:24.246] [SEVERE ] removing card from slot 8
[16:07:24.350] [SEVERE ] removing tokens from slot 9
[16:07:24.350] [SEVERE ] removing card from slot 9
[16:07:24.451] [SEVERE ] removing tokens from slot 10
[16:07:24.452] [SEVERE ] removing card from slot 10
[16:07:24.558] [SEVERE ] removing tokens from slot 11
[16:07:24.558] [SEVERE ] removing card from slot 11
[16:07:24.663] [SEVERE ] placing card 3 in slot 0
[16:07:24.765] [SEVERE ] placing card 54 in slot 1
[16:07:24.873] [SEVERE ] placing card 57 in slot 2
[16:07:24.985] [SEVERE ] placing card 39 in slot 3
[16:07:25.090] [SEVERE ] placing card 17 in slot 4
[16:07:25.202] [SEVERE ] placing card 38 in slot 5
[16:07:25.303] [SEVERE ] placing card 7 in slot 6
[16:07:25.416] [SEVERE ] placing card 49 in slot 7
[16:07:25.523] [SEVERE ] placing card 45 in slot 8
[16:07:25.626] [SEVERE ] placing card 70 in slot 9
[16:07:25.736] [SEVERE ] placing card 36 in slot 10
[16:07:25.843] [SEVERE ] placing card 8 in slot 11
[16:07:26.851] [SEVERE ] updating countdown to 9992
[16:07:27.863] [SEVERE ] updating countdown to 8980
[16:07:28.865] [SEVERE ] updating countdown to 7978
[16:07:29.868] [SEVERE ] updating countdown to 6975
[16:07:30.875] [SEVERE ] updating countdown to 5968
[16:07:31.878] [SEVERE ] updating countdown to 4965
[16:07:32.889] [SEVERE ] updating countdown to 3954
[16:07:33.901] [SEVERE ] updating countdown to 2942
[16:07:34.909] [SEVERE ] updating countdown to 1934
[16:07:35.917] [SEVERE ] updating countdown to 926
[16:07:36.918] [SEVERE ] updating countdown to -75
[16:07:36.918] [SEVERE ] updating countdown to 10000
[16:07:37.033] [SEVERE ] removing tokens from slot 0
[16:07:37.033] [SEVERE ] removing card from slot 0
[16:07:37.137] [SEVERE ] removing tokens from slot 1
[16:07:37.137] [SEVERE ] removing card from slot 1
[16:07:37.250] [SEVERE ] removing tokens from slot 2
[16:07:37.250] [SEVERE ] removing card from slot 2
[16:07:37.351] [SEVERE ] removing tokens from slot 3
[16:07:37.351] [SEVERE ] removing card from slot 3
[16:07:37.458] [SEVERE ] removing tokens from slot 4
[16:07:37.458] [SEVERE ] removing card from slot 4
[16:07:37.560] [SEVERE ] removing tokens from slot 5
[16:07:37.560] [SEVERE ] removing card from slot 5
[16:07:37.672] [SEVERE ] removing tokens from slot 6
[16:07:37.672] [SEVERE ] removing card from slot 6
[16:07:37.777] [SEVERE ] removing tokens from slot 7
[16:07:37.777] [SEVERE ] removing card from slot 7
[16:07:37.884] [SEVERE ] removing tokens from slot 8
[16:07:37.884] [SEVERE ] removing card from slot 8
[16:07:37.994] [SEVERE ] removing tokens from slot 9
[16:07:37.995] [SEVERE ] removing card from slot 9
[16:07:38.106] [SEVERE ] removing tokens from slot 10
[16:07:38.106] [SEVERE ] removing card from slot 10
[16:07:38.212] [SEVERE ] removing tokens from slot 11
[16:07:38.212] [SEVERE ] removing card from slot 11
[16:07:38.316] [SEVERE ] placing card 23 in slot 0
[16:07:38.418] [SEVERE ] placing card 9 in slot 1
[16:07:38.522] [SEVERE ] placing card 74 in slot 2
[16:07:38.629] [SEVERE ] placing card 28 in slot 3
[16:07:38.744] [SEVERE ] placing card 4 in slot 4
[16:07:38.852] [SEVERE ] placing card 76 in slot 5
[16:07:38.962] [SEVERE ] placing card 30 in slot 6
[16:07:39.064] [SEVERE ] placing card 37 in slot 7
[16:07:39.166] [SEVERE ] placing card 1 in slot 8
[16:07:39.279] [SEVERE ] placing card 71 in slot 9
[16:07:39.381] [SEVERE ] placing card 50 in slot 10
[16:07:39.494] [SEVERE ] placing card 42 in slot 11
[16:07:40.496] [SEVERE ] updating countdown to 9998
[16:07:41.504] [SEVERE ] updating countdown to 8990
[16:07:42.511] [SEVERE ] updating countdown to 7983
[16:07:43.521] [SEVERE ] updating countdown to 6973
