[15:43:32.118] [INFO   ] thread bguspl.set.Main.main() starting.
[15:43:32.126] [SEVERE ] cannot read configuration file config.properties trying from resources.
[15:43:32.128] [SEVERE ] configuration file was loaded from resources directory.
[15:43:33.296] [INFO   ] thread dealer starting.
[15:43:33.299] [INFO   ] thread dealer starting.
[15:43:33.301] [INFO   ] thread Thread-1 starting.
[15:43:33.301] [INFO   ] thread Thread-2 starting.
[15:43:33.426] [SEVERE ] placing card 21 in slot 0
[15:43:33.536] [SEVERE ] placing card 44 in slot 1
[15:43:33.648] [SEVERE ] placing card 22 in slot 2
[15:43:33.757] [SEVERE ] placing card 53 in slot 3
[15:43:33.867] [SEVERE ] placing card 14 in slot 4
[15:43:33.978] [SEVERE ] placing card 75 in slot 5
[15:43:34.090] [SEVERE ] placing card 45 in slot 6
[15:43:34.200] [SEVERE ] placing card 26 in slot 7
[15:43:34.311] [SEVERE ] placing card 23 in slot 8
[15:43:34.422] [SEVERE ] placing card 78 in slot 9
[15:43:34.533] [SEVERE ] placing card 69 in slot 10
[15:43:34.645] [SEVERE ] placing card 31 in slot 11
[15:43:35.655] [SEVERE ] updating countdown to 7646
[15:43:36.671] [SEVERE ] updating countdown to 6630
[15:43:37.658] [SEVERE ] key 81 was pressed by player 1
[15:43:37.683] [SEVERE ] updating countdown to 5618
[15:43:38.685] [SEVERE ] updating countdown to 4616
[15:43:39.687] [SEVERE ] updating countdown to 3614
[15:43:40.693] [SEVERE ] updating countdown to 2608
[15:43:41.707] [SEVERE ] updating countdown to 1594
[15:43:42.714] [SEVERE ] updating countdown to 587
[15:43:43.720] [SEVERE ] updating countdown to -419
[15:43:43.720] [SEVERE ] updating countdown to 10000
[15:43:43.831] [SEVERE ] removing card from slot 0
[15:43:43.831] [SEVERE ] removing tokens from slot 0
