[13:28:24.721] [INFO   ] thread bguspl.set.Main.main() starting.
[13:28:24.724] [SEVERE ] cannot read configuration file config.properties trying from resources.
[13:28:24.726] [SEVERE ] configuration file was loaded from resources directory.
[13:28:25.871] [INFO   ] thread dealer starting.
[13:28:25.873] [INFO   ] thread dealer starting.
[13:28:25.876] [INFO   ] thread Thread-1 starting.
[13:28:25.876] [INFO   ] thread Thread-2 starting.
[13:28:25.986] [SEVERE ] placing card 50 in slot 0
[13:28:26.114] [SEVERE ] placing card 56 in slot 1
[13:28:26.225] [SEVERE ] placing card 53 in slot 2
[13:28:26.337] [SEVERE ] placing card 9 in slot 3
[13:28:26.447] [SEVERE ] placing card 17 in slot 4
[13:28:26.557] [SEVERE ] placing card 36 in slot 5
[13:28:26.669] [SEVERE ] placing card 67 in slot 6
[13:28:26.780] [SEVERE ] placing card 76 in slot 7
[13:28:26.891] [SEVERE ] placing card 0 in slot 8
[13:28:27.003] [SEVERE ] placing card 27 in slot 9
[13:28:27.114] [SEVERE ] placing card 73 in slot 10
[13:28:27.224] [SEVERE ] placing card 64 in slot 11
[13:29:09.077] [SEVERE ] key 81 was pressed by player 1
[13:29:09.077] [SEVERE ] player 1 placing token on slot 0
