[17:11:09.399] [INFO   ] thread bguspl.set.Main.main() starting.
[17:11:09.399] [SEVERE ] cannot read configuration file config.properties trying from resources.
[17:11:09.399] [SEVERE ] configuration file was loaded from resources directory.
[17:11:10.004] [INFO   ] thread dealer starting.
[17:11:10.004] [INFO   ] thread dealer starting.
[17:11:10.004] [INFO   ] thread Thread-1 starting.
[17:11:10.004] [INFO   ] thread Thread-2 starting.
[17:11:10.019] [SEVERE ] updating countdown to 10000
[17:11:10.134] [SEVERE ] placing card 54 in slot 0
[17:11:10.236] [SEVERE ] placing card 43 in slot 9
[17:11:10.339] [SEVERE ] placing card 69 in slot 6
[17:11:10.440] [SEVERE ] placing card 52 in slot 3
[17:11:10.541] [SEVERE ] placing card 76 in slot 8
[17:11:10.642] [SEVERE ] placing card 23 in slot 7
[17:11:10.743] [SEVERE ] placing card 56 in slot 10
[17:11:10.845] [SEVERE ] placing card 16 in slot 1
[17:11:10.946] [SEVERE ] placing card 44 in slot 2
[17:11:11.047] [SEVERE ] placing card 50 in slot 5
[17:11:11.148] [SEVERE ] placing card 71 in slot 11
[17:11:11.250] [SEVERE ] placing card 42 in slot 4
[17:11:12.252] [SEVERE ] updating countdown to 9998
[17:11:13.256] [SEVERE ] updating countdown to 8995
[17:11:14.259] [SEVERE ] updating countdown to 7991
[17:11:14.735] [SEVERE ] key 74 was pressed by player 2
[17:11:14.737] [SEVERE ] player 2 placing token on slot 4
[17:11:15.071] [SEVERE ] key 81 was pressed by player 1
[17:11:15.071] [SEVERE ] player 1 placing token on slot 0
[17:11:15.266] [SEVERE ] updating countdown to 6984
[17:11:16.198] [SEVERE ] key 75 was pressed by player 2
[17:11:16.200] [SEVERE ] player 2 placing token on slot 5
[17:11:16.270] [SEVERE ] updating countdown to 5980
[17:11:17.639] [SEVERE ] key 81 was pressed by player 1
[17:11:17.640] [SEVERE ] removing player 1 token from slot 0
[17:11:17.991] [SEVERE ] key 87 was pressed by player 1
[17:11:17.992] [SEVERE ] player 1 placing token on slot 1
[17:11:18.250] [SEVERE ] updating countdown to 4000
[17:11:18.276] [SEVERE ] key 73 was pressed by player 2
[17:11:18.286] [SEVERE ] player 2 placing token on slot 1
[17:11:18.348] [SEVERE ] key 69 was pressed by player 1
[17:11:18.349] [SEVERE ] player 1 placing token on slot 2
[17:11:18.678] [SEVERE ] key 87 was pressed by player 1
[17:11:18.681] [SEVERE ] removing player 1 token from slot 1
[17:11:19.100] [SEVERE ] key 81 was pressed by player 1
[17:11:19.104] [SEVERE ] player 1 placing token on slot 0
[17:11:19.250] [SEVERE ] updating countdown to 3000
[17:11:19.250] [SEVERE ] updating countdown to 3000
[17:11:19.250] [SEVERE ] updating countdown to 3000
[17:11:19.839] [SEVERE ] key 87 was pressed by player 1
[17:11:19.840] [SEVERE ] player 1 placing token on slot 1
[17:11:20.236] [SEVERE ] key 69 was pressed by player 1
[17:11:20.238] [SEVERE ] removing player 1 token from slot 2
[17:11:20.731] [SEVERE ] key 69 was pressed by player 1
[17:11:20.733] [SEVERE ] player 1 placing token on slot 2
[17:11:21.132] [SEVERE ] key 87 was pressed by player 1
[17:11:21.137] [SEVERE ] removing player 1 token from slot 1
[17:11:21.502] [SEVERE ] key 81 was pressed by player 1
[17:11:21.502] [SEVERE ] removing player 1 token from slot 0
[17:11:21.838] [SEVERE ] key 87 was pressed by player 1
[17:11:21.840] [SEVERE ] player 1 placing token on slot 1
[17:11:22.144] [SEVERE ] key 69 was pressed by player 1
[17:11:22.147] [SEVERE ] removing player 1 token from slot 2
[17:11:22.250] [SEVERE ] updating countdown to 10000
[17:11:22.363] [SEVERE ] removing tokens from slot 0
[17:11:22.363] [SEVERE ] removing card from slot 0
[17:11:22.423] [SEVERE ] key 87 was pressed by player 1
[17:11:22.423] [SEVERE ] removing player 1 token from slot 1
[17:11:22.467] [SEVERE ] removing tokens from slot 9
[17:11:22.467] [SEVERE ] removing card from slot 9
[17:11:22.575] [SEVERE ] removing tokens from slot 6
[17:11:22.575] [SEVERE ] removing card from slot 6
[17:11:22.677] [SEVERE ] removing tokens from slot 3
[17:11:22.677] [SEVERE ] removing card from slot 3
[17:11:22.785] [SEVERE ] removing tokens from slot 8
[17:11:22.785] [SEVERE ] removing card from slot 8
[17:11:22.888] [SEVERE ] removing tokens from slot 7
[17:11:22.888] [SEVERE ] removing card from slot 7
[17:11:22.989] [SEVERE ] removing tokens from slot 10
[17:11:22.989] [SEVERE ] removing card from slot 10
[17:11:23.094] [SEVERE ] removing player 2 token from slot 1
[17:11:23.094] [SEVERE ] removing tokens from slot 1
[17:11:23.094] [SEVERE ] removing card from slot 1
[17:11:23.195] [SEVERE ] removing tokens from slot 2
[17:11:23.195] [SEVERE ] removing card from slot 2
[17:11:23.297] [SEVERE ] removing player 2 token from slot 5
[17:11:23.297] [SEVERE ] removing tokens from slot 5
[17:11:23.297] [SEVERE ] removing card from slot 5
[17:11:23.398] [SEVERE ] removing tokens from slot 11
[17:11:23.399] [SEVERE ] removing card from slot 11
[17:11:23.501] [SEVERE ] removing player 2 token from slot 4
[17:11:23.501] [SEVERE ] removing tokens from slot 4
[17:11:23.501] [SEVERE ] removing card from slot 4
[17:11:23.502] [SEVERE ] updating countdown to 10000
[17:11:23.604] [SEVERE ] placing card 0 in slot 0
[17:11:23.715] [SEVERE ] placing card 61 in slot 9
[17:11:23.827] [SEVERE ] placing card 49 in slot 6
[17:11:23.928] [SEVERE ] placing card 10 in slot 3
[17:11:24.034] [SEVERE ] placing card 59 in slot 8
[17:11:24.138] [SEVERE ] placing card 58 in slot 7
[17:11:24.248] [SEVERE ] placing card 31 in slot 10
[17:11:24.349] [SEVERE ] placing card 11 in slot 1
[17:11:24.454] [SEVERE ] placing card 55 in slot 2
[17:11:24.557] [SEVERE ] placing card 1 in slot 5
[17:11:24.669] [SEVERE ] placing card 16 in slot 11
[17:11:24.780] [SEVERE ] placing card 32 in slot 4
[17:11:25.170] [SEVERE ] key 76 was pressed by player 2
[17:11:25.172] [SEVERE ] player 2 placing token on slot 6
[17:11:25.361] [SEVERE ] key 75 was pressed by player 2
[17:11:25.361] [SEVERE ] player 2 placing token on slot 5
[17:11:25.700] [SEVERE ] key 79 was pressed by player 2
[17:11:25.700] [SEVERE ] player 2 placing token on slot 2
[17:11:25.799] [SEVERE ] updating countdown to 9981
[17:11:25.900] [SEVERE ] key 79 was pressed by player 2
[17:11:25.900] [SEVERE ] removing player 2 token from slot 2
[17:11:26.051] [SEVERE ] key 79 was pressed by player 2
[17:11:26.051] [SEVERE ] player 2 placing token on slot 2
[17:11:26.207] [SEVERE ] key 79 was pressed by player 2
[17:11:26.207] [SEVERE ] removing player 2 token from slot 2
[17:11:26.417] [SEVERE ] key 73 was pressed by player 2
[17:11:26.422] [SEVERE ] player 2 placing token on slot 1
[17:11:26.615] [SEVERE ] key 75 was pressed by player 2
[17:11:26.619] [SEVERE ] removing player 2 token from slot 5
[17:11:26.804] [SEVERE ] updating countdown to 8976
[17:11:26.922] [SEVERE ] key 74 was pressed by player 2
[17:11:26.922] [SEVERE ] player 2 placing token on slot 4
[17:11:27.812] [SEVERE ] updating countdown to 7968
[17:11:27.852] [SEVERE ] key 46 was pressed by player 2
[17:11:27.853] [SEVERE ] player 2 placing token on slot 10
[17:11:28.084] [SEVERE ] key 44 was pressed by player 2
[17:11:28.091] [SEVERE ] player 2 placing token on slot 9
[17:11:28.304] [SEVERE ] key 77 was pressed by player 2
[17:11:28.304] [SEVERE ] player 2 placing token on slot 8
[17:11:28.827] [SEVERE ] updating countdown to 6953
[17:11:28.827] [SEVERE ] setting player 2 freeze to 3000
[17:11:28.827] [SEVERE ] updating countdown to 3000
[17:11:28.835] [INFO   ] thread dealer terminated.
[17:11:30.251] [SEVERE ] key 86 was pressed by player 1
[17:11:30.251] [SEVERE ] player 1 placing token on slot 11
[17:11:30.487] [SEVERE ] key 67 was pressed by player 1
[17:11:30.487] [SEVERE ] player 1 placing token on slot 10
[17:11:33.843] [SEVERE ] thanks for playing... it was fun!
[17:11:33.843] [INFO   ] thread bguspl.set.Main.main() terminated.
[17:11:33.843] [SEVERE ] disposing of user interface elements
