[17:13:47.449] [INFO   ] thread bguspl.set.Main.main() starting.
[17:13:47.452] [SEVERE ] cannot read configuration file config.properties trying from resources.
[17:13:47.453] [SEVERE ] configuration file was loaded from resources directory.
[17:13:48.031] [INFO   ] thread dealer starting.
[17:13:48.032] [INFO   ] thread dealer starting.
[17:13:48.032] [INFO   ] thread Thread-1 starting.
[17:13:48.033] [INFO   ] thread Thread-2 starting.
[17:13:48.044] [SEVERE ] updating countdown to 10000
[17:13:48.154] [SEVERE ] placing card 73 in slot 3
[17:13:48.266] [SEVERE ] placing card 60 in slot 4
[17:13:48.375] [SEVERE ] placing card 56 in slot 10
[17:13:48.485] [SEVERE ] placing card 57 in slot 1
[17:13:48.595] [SEVERE ] placing card 6 in slot 7
[17:13:48.702] [SEVERE ] placing card 58 in slot 9
[17:13:48.813] [SEVERE ] placing card 71 in slot 8
[17:13:48.923] [SEVERE ] placing card 70 in slot 5
[17:13:49.035] [SEVERE ] placing card 55 in slot 0
[17:13:49.144] [SEVERE ] placing card 38 in slot 6
[17:13:49.254] [SEVERE ] placing card 30 in slot 11
[17:13:49.364] [SEVERE ] placing card 54 in slot 2
[17:13:50.375] [SEVERE ] updating countdown to 9989
[17:13:51.015] [SEVERE ] key 75 was pressed by player 2
[17:13:51.017] [SEVERE ] player 2 placing token on slot 5
[17:13:51.339] [SEVERE ] key 74 was pressed by player 2
[17:13:51.340] [SEVERE ] player 2 placing token on slot 4
[17:13:51.388] [SEVERE ] updating countdown to 8976
[17:13:52.392] [SEVERE ] updating countdown to 7972
[17:13:53.404] [SEVERE ] updating countdown to 6960
[17:13:54.414] [SEVERE ] updating countdown to 5950
[17:13:54.704] [SEVERE ] key 73 was pressed by player 2
[17:13:54.705] [SEVERE ] player 2 placing token on slot 1
[17:13:55.249] [SEVERE ] key 73 was pressed by player 2
[17:13:55.250] [SEVERE ] removing player 2 token from slot 1
[17:13:55.634] [SEVERE ] key 73 was pressed by player 2
[17:13:55.637] [SEVERE ] player 2 placing token on slot 1
[17:13:56.364] [SEVERE ] updating countdown to 4000
[17:13:56.536] [SEVERE ] key 73 was pressed by player 2
[17:13:56.536] [SEVERE ] removing player 2 token from slot 1
[17:13:57.154] [SEVERE ] key 85 was pressed by player 2
[17:13:57.156] [SEVERE ] player 2 placing token on slot 0
[17:13:57.319] [SEVERE ] key 85 was pressed by player 2
[17:13:57.321] [SEVERE ] removing player 2 token from slot 0
[17:13:57.364] [SEVERE ] updating countdown to 3000
[17:13:58.364] [SEVERE ] updating countdown to 2000
[17:13:58.364] [SEVERE ] updating countdown to 2000
[17:13:59.364] [SEVERE ] updating countdown to 1000
[17:13:59.364] [SEVERE ] updating countdown to 1000
[17:13:59.757] [SEVERE ] key 75 was pressed by player 2
[17:13:59.758] [SEVERE ] removing player 2 token from slot 5
[17:13:59.971] [SEVERE ] key 75 was pressed by player 2
[17:13:59.973] [SEVERE ] player 2 placing token on slot 5
[17:14:00.189] [SEVERE ] key 75 was pressed by player 2
[17:14:00.191] [SEVERE ] removing player 2 token from slot 5
[17:14:00.364] [SEVERE ] updating countdown to 10000
[17:14:00.469] [SEVERE ] removing tokens from slot 3
[17:14:00.469] [SEVERE ] removing card from slot 3
[17:14:00.575] [SEVERE ] removing player 2 token from slot 4
[17:14:00.575] [SEVERE ] removing tokens from slot 4
[17:14:00.575] [SEVERE ] removing card from slot 4
[17:14:00.605] [SEVERE ] key 75 was pressed by player 2
[17:14:00.606] [SEVERE ] player 2 placing token on slot 5
[17:14:00.682] [SEVERE ] removing tokens from slot 10
[17:14:00.682] [SEVERE ] removing card from slot 10
[17:14:00.788] [SEVERE ] removing tokens from slot 1
[17:14:00.788] [SEVERE ] removing card from slot 1
[17:14:00.895] [SEVERE ] removing tokens from slot 7
[17:14:00.895] [SEVERE ] removing card from slot 7
[17:14:01.001] [SEVERE ] removing tokens from slot 9
[17:14:01.001] [SEVERE ] removing card from slot 9
[17:14:01.111] [SEVERE ] removing tokens from slot 8
[17:14:01.111] [SEVERE ] removing card from slot 8
[17:14:01.222] [SEVERE ] removing player 2 token from slot 5
[17:14:01.222] [SEVERE ] removing tokens from slot 5
[17:14:01.222] [SEVERE ] removing card from slot 5
[17:14:01.334] [SEVERE ] removing tokens from slot 0
[17:14:01.334] [SEVERE ] removing card from slot 0
[17:14:01.446] [SEVERE ] removing tokens from slot 6
[17:14:01.446] [SEVERE ] removing card from slot 6
[17:14:01.558] [SEVERE ] removing tokens from slot 11
[17:14:01.558] [SEVERE ] removing card from slot 11
[17:14:01.668] [SEVERE ] removing tokens from slot 2
[17:14:01.668] [SEVERE ] removing card from slot 2
[17:14:01.669] [SEVERE ] updating countdown to 10000
[17:14:01.779] [SEVERE ] placing card 22 in slot 3
[17:14:01.891] [SEVERE ] placing card 0 in slot 4
[17:14:02.002] [SEVERE ] placing card 72 in slot 10
[17:14:02.109] [SEVERE ] placing card 57 in slot 1
[17:14:02.215] [SEVERE ] placing card 24 in slot 7
[17:14:02.326] [SEVERE ] placing card 12 in slot 9
[17:14:02.438] [SEVERE ] placing card 48 in slot 8
[17:14:02.548] [SEVERE ] placing card 65 in slot 5
[17:14:02.659] [SEVERE ] placing card 37 in slot 0
[17:14:02.771] [SEVERE ] placing card 3 in slot 6
[17:14:02.881] [SEVERE ] placing card 16 in slot 11
[17:14:02.970] [SEVERE ] key 81 was pressed by player 1
[17:14:02.971] [SEVERE ] player 1 placing token on slot 0
[17:14:02.993] [SEVERE ] placing card 18 in slot 2
[17:14:03.192] [SEVERE ] key 87 was pressed by player 1
[17:14:03.193] [SEVERE ] player 1 placing token on slot 1
[17:14:03.287] [SEVERE ] key 76 was pressed by player 2
[17:14:03.288] [SEVERE ] player 2 placing token on slot 6
[17:14:03.425] [SEVERE ] key 69 was pressed by player 1
[17:14:03.427] [SEVERE ] player 1 placing token on slot 2
[17:14:04.008] [SEVERE ] updating countdown to 9985
[17:14:04.409] [SEVERE ] key 75 was pressed by player 2
[17:14:04.409] [SEVERE ] player 2 placing token on slot 5
[17:14:05.012] [SEVERE ] updating countdown to 8981
[17:14:05.915] [SEVERE ] key 74 was pressed by player 2
[17:14:05.917] [SEVERE ] player 2 placing token on slot 4
[17:14:06.015] [SEVERE ] updating countdown to 7978
[17:14:07.018] [SEVERE ] updating countdown to 6975
[17:14:08.030] [SEVERE ] updating countdown to 5963
[17:14:10.993] [SEVERE ] updating countdown to 3000
[17:14:10.993] [SEVERE ] updating countdown to 3000
[17:14:12.993] [SEVERE ] updating countdown to 1000
[17:14:12.993] [SEVERE ] updating countdown to 1000
[17:14:13.993] [SEVERE ] updating countdown to 10000
[17:14:14.102] [SEVERE ] removing tokens from slot 3
[17:14:14.102] [SEVERE ] removing card from slot 3
[17:14:14.213] [SEVERE ] removing player 2 token from slot 4
[17:14:14.213] [SEVERE ] removing tokens from slot 4
[17:14:14.213] [SEVERE ] removing card from slot 4
[17:14:14.327] [SEVERE ] removing tokens from slot 10
[17:14:14.327] [SEVERE ] removing card from slot 10
[17:14:14.441] [SEVERE ] removing player 1 token from slot 1
[17:14:14.441] [SEVERE ] removing tokens from slot 1
[17:14:14.441] [SEVERE ] removing card from slot 1
[17:14:14.553] [SEVERE ] removing tokens from slot 7
[17:14:14.553] [SEVERE ] removing card from slot 7
[17:14:14.656] [SEVERE ] removing tokens from slot 9
[17:14:14.656] [SEVERE ] removing card from slot 9
[17:14:14.758] [SEVERE ] removing tokens from slot 8
[17:14:14.758] [SEVERE ] removing card from slot 8
[17:14:14.865] [SEVERE ] removing player 2 token from slot 5
[17:14:14.865] [SEVERE ] removing tokens from slot 5
[17:14:14.865] [SEVERE ] removing card from slot 5
[17:14:14.976] [SEVERE ] removing player 1 token from slot 0
[17:14:14.976] [SEVERE ] removing tokens from slot 0
[17:14:14.976] [SEVERE ] removing card from slot 0
[17:14:15.078] [SEVERE ] removing player 2 token from slot 6
[17:14:15.078] [SEVERE ] removing tokens from slot 6
[17:14:15.078] [SEVERE ] removing card from slot 6
[17:14:15.179] [SEVERE ] removing tokens from slot 11
[17:14:15.179] [SEVERE ] removing card from slot 11
[17:14:15.294] [SEVERE ] removing player 1 token from slot 2
[17:14:15.294] [SEVERE ] removing tokens from slot 2
[17:14:15.294] [SEVERE ] removing card from slot 2
[17:14:15.294] [SEVERE ] updating countdown to 10000
[17:14:15.401] [SEVERE ] placing card 74 in slot 3
[17:14:15.501] [SEVERE ] placing card 73 in slot 4
[17:14:15.611] [SEVERE ] placing card 64 in slot 10
[17:14:15.720] [SEVERE ] placing card 40 in slot 1
[17:14:15.829] [SEVERE ] placing card 69 in slot 7
[17:14:15.941] [SEVERE ] placing card 8 in slot 9
[17:14:16.052] [SEVERE ] placing card 15 in slot 8
[17:14:16.158] [SEVERE ] placing card 9 in slot 5
[17:14:16.270] [SEVERE ] placing card 61 in slot 0
[17:14:16.379] [SEVERE ] placing card 43 in slot 6
[17:14:16.482] [SEVERE ] placing card 5 in slot 11
[17:14:16.507] [SEVERE ] key 76 was pressed by player 2
[17:14:16.509] [SEVERE ] player 2 placing token on slot 6
[17:14:16.599] [SEVERE ] placing card 34 in slot 2
[17:14:16.727] [SEVERE ] key 75 was pressed by player 2
[17:14:16.727] [SEVERE ] player 2 placing token on slot 5
[17:14:16.975] [SEVERE ] key 74 was pressed by player 2
[17:14:16.977] [SEVERE ] player 2 placing token on slot 4
[17:14:17.613] [SEVERE ] updating countdown to 9986
[17:14:17.661] [SEVERE ] key 73 was pressed by player 2
[17:14:17.662] [SEVERE ] player 2 placing token on slot 1
[17:14:17.949] [SEVERE ] key 85 was pressed by player 2
[17:14:17.951] [SEVERE ] player 2 placing token on slot 0
[17:14:18.616] [SEVERE ] updating countdown to 8983
[17:14:18.616] [SEVERE ] setting player 2 freeze to 3000
[17:14:18.626] [INFO   ] thread dealer terminated.
[17:14:19.406] [SEVERE ] key 85 was pressed by player 2
[17:14:21.629] [SEVERE ] removing player 2 token from slot 0
[17:14:21.629] [SEVERE ] key 79 was pressed by player 2
[17:14:21.631] [SEVERE ] player 2 placing token on slot 2
[17:14:23.631] [SEVERE ] thanks for playing... it was fun!
[17:14:23.631] [INFO   ] thread bguspl.set.Main.main() terminated.
[17:14:23.631] [SEVERE ] disposing of user interface elements
