[17:21:30.095] [INFO   ] thread bguspl.set.Main.main() starting.
[17:21:30.095] [SEVERE ] cannot read configuration file config.properties trying from resources.
[17:21:30.110] [SEVERE ] configuration file was loaded from resources directory.
[17:21:30.698] [INFO   ] thread dealer starting.
[17:21:30.698] [INFO   ] thread dealer starting.
[17:21:30.698] [INFO   ] thread Thread-1 starting.
[17:21:30.698] [INFO   ] thread Thread-2 starting.
[17:21:30.716] [SEVERE ] updating countdown to 10000
[17:21:30.819] [SEVERE ] placing card 8 in slot 2
[17:21:30.921] [SEVERE ] placing card 61 in slot 0
[17:21:31.023] [SEVERE ] placing card 68 in slot 4
[17:21:31.124] [SEVERE ] placing card 6 in slot 8
[17:21:31.225] [SEVERE ] placing card 67 in slot 7
[17:21:31.326] [SEVERE ] placing card 10 in slot 3
[17:21:31.427] [SEVERE ] placing card 36 in slot 5
[17:21:31.528] [SEVERE ] placing card 63 in slot 10
[17:21:31.629] [SEVERE ] placing card 39 in slot 9
[17:21:31.730] [SEVERE ] placing card 59 in slot 11
[17:21:31.831] [SEVERE ] placing card 48 in slot 6
[17:21:31.932] [SEVERE ] placing card 9 in slot 1
[17:21:32.933] [SEVERE ] updating countdown to 10000
[17:21:33.934] [SEVERE ] updating countdown to 8998
[17:21:34.362] [SEVERE ] key 81 was pressed by player 1
[17:21:34.363] [SEVERE ] player 1 placing token on slot 0
[17:21:34.660] [SEVERE ] key 87 was pressed by player 1
[17:21:34.662] [SEVERE ] player 1 placing token on slot 1
[17:21:34.935] [SEVERE ] updating countdown to 7997
[17:21:35.003] [SEVERE ] key 69 was pressed by player 1
[17:21:35.004] [SEVERE ] player 1 placing token on slot 2
[17:21:35.936] [SEVERE ] updating countdown to 6996
[17:21:36.938] [SEVERE ] updating countdown to 5994
[17:21:38.932] [SEVERE ] updating countdown to 4000
[17:21:38.932] [SEVERE ] updating countdown to 4000
[17:21:39.932] [SEVERE ] updating countdown to 3000
[17:21:39.932] [SEVERE ] updating countdown to 3000
[17:21:40.233] [SEVERE ] key 82 was pressed by player 1
[17:21:40.234] [SEVERE ] player 1 placing token on slot 3
[17:21:40.236] [SEVERE ] setting player 1 freeze to 3000
[17:21:40.251] [INFO   ] thread dealer terminated.
