[14:21:04.847] [INFO   ] thread bguspl.set.Main.main() starting.
[14:21:04.847] [SEVERE ] cannot read configuration file config.properties trying from resources.
[14:21:04.847] [SEVERE ] configuration file was loaded from resources directory.
[14:21:05.637] [INFO   ] thread dealer starting.
[14:21:05.637] [INFO   ] thread dealer starting.
[14:21:05.642] [INFO   ] thread Thread-1 starting.
[14:21:05.642] [INFO   ] thread Thread-2 starting.
[14:21:05.656] [SEVERE ] updating countdown to 60000
[14:21:05.765] [SEVERE ] placing card 11 in slot 1
[14:21:05.867] [SEVERE ] placing card 47 in slot 7
[14:21:05.970] [SEVERE ] placing card 38 in slot 4
[14:21:06.072] [SEVERE ] placing card 22 in slot 3
[14:21:06.181] [SEVERE ] placing card 40 in slot 11
[14:21:06.292] [SEVERE ] placing card 45 in slot 8
[14:21:06.403] [SEVERE ] placing card 68 in slot 6
[14:21:06.508] [SEVERE ] placing card 60 in slot 5
[14:21:06.614] [SEVERE ] placing card 63 in slot 9
[14:21:06.717] [SEVERE ] placing card 79 in slot 10
[14:21:06.826] [SEVERE ] placing card 31 in slot 2
[14:21:06.938] [SEVERE ] placing card 10 in slot 0
[14:21:07.491] [SEVERE ] key 81 was pressed by player 1
[14:21:07.493] [SEVERE ] player 1 placing token on slot 0
[14:21:07.667] [SEVERE ] key 87 was pressed by player 1
[14:21:07.669] [SEVERE ] player 1 placing token on slot 1
[14:21:07.835] [SEVERE ] key 69 was pressed by player 1
[14:21:07.835] [SEVERE ] player 1 placing token on slot 2
[14:21:07.950] [SEVERE ] updating countdown to 59989
[14:21:07.952] [SEVERE ] removing player 1 token from slot 0
[14:21:07.954] [SEVERE ] removing player 1 token from slot 1
[14:21:07.956] [SEVERE ] removing player 1 token from slot 2
[14:21:07.957] [SEVERE ] setting player 1 freeze to 3000
[14:21:08.398] [SEVERE ] key 80 was pressed by player 2
[14:21:08.411] [SEVERE ] player 2 placing token on slot 3
[14:21:08.630] [SEVERE ] key 79 was pressed by player 2
[14:21:08.646] [SEVERE ] player 2 placing token on slot 2
[14:21:08.818] [SEVERE ] key 73 was pressed by player 2
[14:21:08.818] [SEVERE ] player 2 placing token on slot 1
[14:21:08.959] [SEVERE ] setting player 1 freeze to 2000
[14:21:08.959] [SEVERE ] updating countdown to 58979
[14:21:08.962] [SEVERE ] removing player 2 token from slot 3
[14:21:08.963] [SEVERE ] removing player 2 token from slot 2
[14:21:08.965] [SEVERE ] removing player 2 token from slot 1
[14:21:08.966] [SEVERE ] setting player 2 freeze to 3000
[14:21:09.973] [SEVERE ] setting player 1 freeze to 1000
[14:21:09.973] [SEVERE ] setting player 2 freeze to 2000
[14:21:09.973] [SEVERE ] updating countdown to 57965
[14:21:10.979] [SEVERE ] setting player 1 freeze to 0
[14:21:10.979] [SEVERE ] updating countdown to 56959
[14:21:10.979] [SEVERE ] setting player 2 freeze to 1000
[14:21:11.984] [SEVERE ] setting player 2 freeze to 0
[14:21:11.984] [SEVERE ] updating countdown to 55954
[14:21:12.995] [SEVERE ] updating countdown to 54943
[14:21:14.001] [SEVERE ] updating countdown to 53937
[14:21:15.003] [SEVERE ] updating countdown to 52935
[14:21:15.690] [SEVERE ] key 83 was pressed by player 1
[14:21:15.690] [SEVERE ] player 1 placing token on slot 5
[14:21:16.013] [SEVERE ] updating countdown to 51925
[14:21:16.076] [SEVERE ] key 68 was pressed by player 1
[14:21:16.076] [SEVERE ] player 1 placing token on slot 6
[14:21:17.027] [SEVERE ] updating countdown to 50911
[14:21:17.299] [SEVERE ] key 67 was pressed by player 1
[14:21:17.299] [SEVERE ] player 1 placing token on slot 10
[14:21:18.034] [SEVERE ] updating countdown to 49904
[14:21:18.036] [SEVERE ] removing player 1 token from slot 5
[14:21:18.037] [SEVERE ] removing player 1 token from slot 6
[14:21:18.039] [SEVERE ] removing player 1 token from slot 10
[14:21:18.040] [SEVERE ] setting player 1 freeze to 3000
[14:21:19.045] [SEVERE ] updating countdown to 48893
[14:21:19.045] [SEVERE ] setting player 1 freeze to 2000
[14:21:20.051] [SEVERE ] setting player 1 freeze to 1000
[14:21:20.051] [SEVERE ] updating countdown to 47887
[14:21:21.056] [SEVERE ] updating countdown to 46882
[14:21:21.056] [SEVERE ] setting player 1 freeze to 0
[14:21:22.069] [SEVERE ] updating countdown to 45869
[14:21:23.075] [SEVERE ] updating countdown to 44863
[14:21:24.082] [SEVERE ] updating countdown to 43856
[14:21:25.086] [SEVERE ] updating countdown to 42852
[14:21:25.930] [SEVERE ] key 88 was pressed by player 1
[14:21:25.930] [SEVERE ] player 1 placing token on slot 9
[14:21:25.999] [SEVERE ] key 67 was pressed by player 1
[14:21:26.000] [SEVERE ] player 1 placing token on slot 10
[14:21:26.092] [SEVERE ] updating countdown to 41846
[14:21:26.203] [SEVERE ] key 68 was pressed by player 1
[14:21:26.206] [SEVERE ] player 1 placing token on slot 6
[14:21:27.106] [SEVERE ] updating countdown to 40832
[14:21:27.107] [SEVERE ] removing player 1 token from slot 9
[14:21:27.108] [SEVERE ] removing player 1 token from slot 10
[14:21:27.109] [SEVERE ] removing player 1 token from slot 6
[14:21:27.110] [SEVERE ] setting player 1 freeze to 3000
[14:21:28.118] [SEVERE ] updating countdown to 39820
[14:21:28.118] [SEVERE ] setting player 1 freeze to 2000
[14:21:28.307] [SEVERE ] key 67 was pressed by player 1
[14:21:28.392] [SEVERE ] key 88 was pressed by player 1
[14:21:28.544] [SEVERE ] key 83 was pressed by player 1
[14:21:29.125] [SEVERE ] setting player 1 freeze to 1000
[14:21:29.125] [SEVERE ] updating countdown to 38813
[14:21:30.130] [SEVERE ] setting player 1 freeze to 0
[14:21:30.130] [SEVERE ] updating countdown to 37808
[14:21:30.171] [SEVERE ] key 67 was pressed by player 1
[14:21:30.171] [SEVERE ] player 1 placing token on slot 10
[14:21:30.302] [SEVERE ] key 83 was pressed by player 1
[14:21:30.302] [SEVERE ] player 1 placing token on slot 5
[14:21:30.714] [SEVERE ] key 88 was pressed by player 1
[14:21:30.716] [SEVERE ] player 1 placing token on slot 9
[14:21:31.133] [SEVERE ] updating countdown to 36805
[14:21:31.135] [SEVERE ] removing player 1 token from slot 10
[14:21:31.136] [SEVERE ] removing player 1 token from slot 5
[14:21:31.137] [SEVERE ] removing player 1 token from slot 9
[14:21:31.138] [SEVERE ] setting player 1 freeze to 3000
[14:21:32.145] [SEVERE ] updating countdown to 35793
[14:21:32.145] [SEVERE ] setting player 1 freeze to 2000
[14:21:33.151] [SEVERE ] updating countdown to 34787
[14:21:33.151] [SEVERE ] setting player 1 freeze to 1000
[14:21:34.156] [SEVERE ] updating countdown to 33782
[14:21:34.156] [SEVERE ] setting player 1 freeze to 0
[14:21:35.169] [SEVERE ] updating countdown to 32769
[14:21:36.173] [SEVERE ] updating countdown to 31765
[14:21:37.174] [SEVERE ] updating countdown to 30764
[14:21:38.176] [SEVERE ] updating countdown to 29762
[14:21:39.191] [SEVERE ] updating countdown to 28748
[14:21:40.193] [SEVERE ] updating countdown to 27745
[14:21:41.202] [SEVERE ] updating countdown to 26736
[14:21:42.205] [SEVERE ] updating countdown to 25733
[14:21:43.209] [SEVERE ] updating countdown to 24729
[14:21:44.218] [SEVERE ] updating countdown to 23720
[14:21:45.220] [SEVERE ] updating countdown to 22718
[14:21:46.225] [SEVERE ] updating countdown to 21713
[14:21:47.228] [SEVERE ] updating countdown to 20710
[14:21:48.235] [SEVERE ] updating countdown to 19703
[14:21:49.245] [SEVERE ] updating countdown to 18693
[14:21:50.250] [SEVERE ] updating countdown to 17688
[14:21:51.253] [SEVERE ] updating countdown to 16685
[14:21:51.542] [SEVERE ] key 81 was pressed by player 1
[14:21:51.557] [SEVERE ] player 1 placing token on slot 0
[14:21:52.067] [SEVERE ] key 65 was pressed by player 1
[14:21:52.067] [SEVERE ] player 1 placing token on slot 4
[14:21:52.255] [SEVERE ] updating countdown to 15683
[14:21:53.256] [SEVERE ] updating countdown to 14682
[14:21:53.547] [SEVERE ] key 88 was pressed by player 1
[14:21:53.547] [SEVERE ] player 1 placing token on slot 9
[14:21:54.260] [SEVERE ] updating countdown to 13678
[14:21:54.362] [SEVERE ] removing player 1 token from slot 0
[14:21:54.362] [SEVERE ] removing tokens from slot 0
[14:21:54.362] [SEVERE ] removing card from slot 0
[14:21:54.465] [SEVERE ] removing player 1 token from slot 4
[14:21:54.465] [SEVERE ] removing tokens from slot 4
[14:21:54.465] [SEVERE ] removing card from slot 4
[14:21:54.569] [SEVERE ] removing player 1 token from slot 9
[14:21:54.569] [SEVERE ] removing tokens from slot 9
[14:21:54.569] [SEVERE ] removing card from slot 9
[14:21:54.571] [SEVERE ] setting player 1 score to 1
[14:21:54.571] [SEVERE ] setting player 1 freeze to 1000
[14:21:54.685] [SEVERE ] placing card 12 in slot 4
[14:21:54.795] [SEVERE ] placing card 37 in slot 9
[14:21:54.904] [SEVERE ] placing card 39 in slot 0
[14:21:55.580] [SEVERE ] setting player 1 freeze to 0
[14:21:55.917] [SEVERE ] updating countdown to 12021
[14:21:56.930] [SEVERE ] updating countdown to 11008
[14:21:57.936] [SEVERE ] updating countdown to 10002
[14:21:58.938] [SEVERE ] updating countdown to 9000
[14:21:59.945] [SEVERE ] updating countdown to 7993
[14:22:00.957] [SEVERE ] updating countdown to 6981
[14:22:01.967] [SEVERE ] updating countdown to 5971
[14:22:03.938] [SEVERE ] updating countdown to 4000
[14:22:04.938] [SEVERE ] updating countdown to 3000
[14:22:04.938] [SEVERE ] updating countdown to 3000
[14:22:04.938] [SEVERE ] updating countdown to 3000
[14:22:04.938] [SEVERE ] updating countdown to 3000
[14:22:04.938] [SEVERE ] updating countdown to 3000
[14:22:04.938] [SEVERE ] updating countdown to 3000
[14:22:04.938] [SEVERE ] updating countdown to 3000
[14:22:04.938] [SEVERE ] updating countdown to 3000
[14:22:04.938] [SEVERE ] updating countdown to 3000
[14:22:04.938] [SEVERE ] updating countdown to 3000
[14:22:04.938] [SEVERE ] updating countdown to 3000
[14:22:04.938] [SEVERE ] updating countdown to 3000
[14:22:04.938] [SEVERE ] updating countdown to 3000
[14:22:04.938] [SEVERE ] updating countdown to 3000
[14:22:04.938] [SEVERE ] updating countdown to 3000
[14:22:04.938] [SEVERE ] updating countdown to 3000
[14:22:04.938] [SEVERE ] updating countdown to 3000
[14:22:04.938] [SEVERE ] updating countdown to 3000
[14:22:04.938] [SEVERE ] updating countdown to 3000
[14:22:04.938] [SEVERE ] updating countdown to 3000
[14:22:04.938] [SEVERE ] updating countdown to 3000
[14:22:04.938] [SEVERE ] updating countdown to 3000
[14:22:04.938] [SEVERE ] updating countdown to 3000
[14:22:04.938] [SEVERE ] updating countdown to 3000
[14:22:05.938] [SEVERE ] updating countdown to 2000
[14:22:05.938] [SEVERE ] updating countdown to 2000
[14:22:05.938] [SEVERE ] updating countdown to 2000
[14:22:05.938] [SEVERE ] updating countdown to 2000
[14:22:05.938] [SEVERE ] updating countdown to 2000
[14:22:05.938] [SEVERE ] updating countdown to 2000
[14:22:05.938] [SEVERE ] updating countdown to 2000
[14:22:05.938] [SEVERE ] updating countdown to 2000
[14:22:05.938] [SEVERE ] updating countdown to 2000
[14:22:05.938] [SEVERE ] updating countdown to 2000
[14:22:05.938] [SEVERE ] updating countdown to 2000
[14:22:05.938] [SEVERE ] updating countdown to 2000
[14:22:05.938] [SEVERE ] updating countdown to 2000
[14:22:05.938] [SEVERE ] updating countdown to 2000
[14:22:05.938] [SEVERE ] updating countdown to 2000
[14:22:05.938] [SEVERE ] updating countdown to 2000
[14:22:05.938] [SEVERE ] updating countdown to 2000
[14:22:05.938] [SEVERE ] updating countdown to 2000
[14:22:05.938] [SEVERE ] updating countdown to 2000
[14:22:05.938] [SEVERE ] updating countdown to 2000
[14:22:05.938] [SEVERE ] updating countdown to 2000
[14:22:05.938] [SEVERE ] updating countdown to 2000
[14:22:05.938] [SEVERE ] updating countdown to 2000
[14:22:05.938] [SEVERE ] updating countdown to 2000
[14:22:05.938] [SEVERE ] updating countdown to 2000
[14:22:05.938] [SEVERE ] updating countdown to 2000
[14:22:05.938] [SEVERE ] updating countdown to 2000
[14:22:05.938] [SEVERE ] updating countdown to 2000
[14:22:05.938] [SEVERE ] updating countdown to 2000
[14:22:05.938] [SEVERE ] updating countdown to 2000
[14:22:05.938] [SEVERE ] updating countdown to 2000
[14:22:05.938] [SEVERE ] updating countdown to 2000
[14:22:05.938] [SEVERE ] updating countdown to 2000
[14:22:05.938] [SEVERE ] updating countdown to 2000
[14:22:05.938] [SEVERE ] updating countdown to 2000
[14:22:05.938] [SEVERE ] updating countdown to 2000
[14:22:05.938] [SEVERE ] updating countdown to 2000
[14:22:05.938] [SEVERE ] updating countdown to 2000
[14:22:06.938] [SEVERE ] updating countdown to 1000
[14:22:06.938] [SEVERE ] updating countdown to 1000
[14:22:06.938] [SEVERE ] updating countdown to 1000
[14:22:06.938] [SEVERE ] updating countdown to 1000
[14:22:06.938] [SEVERE ] updating countdown to 1000
[14:22:06.938] [SEVERE ] updating countdown to 1000
[14:22:06.938] [SEVERE ] updating countdown to 1000
[14:22:06.938] [SEVERE ] updating countdown to 1000
[14:22:06.938] [SEVERE ] updating countdown to 1000
[14:22:06.938] [SEVERE ] updating countdown to 1000
[14:22:06.938] [SEVERE ] updating countdown to 1000
[14:22:06.938] [SEVERE ] updating countdown to 1000
[14:22:06.938] [SEVERE ] updating countdown to 1000
[14:22:07.938] [SEVERE ] updating countdown to 60000
[14:22:08.041] [SEVERE ] removing tokens from slot 1
[14:22:08.041] [SEVERE ] removing card from slot 1
[14:22:08.153] [SEVERE ] removing tokens from slot 7
[14:22:08.153] [SEVERE ] removing card from slot 7
[14:22:08.263] [SEVERE ] removing tokens from slot 4
[14:22:08.263] [SEVERE ] removing card from slot 4
[14:22:08.375] [SEVERE ] removing tokens from slot 3
[14:22:08.375] [SEVERE ] removing card from slot 3
[14:22:08.485] [SEVERE ] removing tokens from slot 11
[14:22:08.485] [SEVERE ] removing card from slot 11
[14:22:08.596] [SEVERE ] removing tokens from slot 8
[14:22:08.596] [SEVERE ] removing card from slot 8
[14:22:08.707] [SEVERE ] removing tokens from slot 6
[14:22:08.707] [SEVERE ] removing card from slot 6
[14:22:08.818] [SEVERE ] removing tokens from slot 5
[14:22:08.818] [SEVERE ] removing card from slot 5
[14:22:08.919] [SEVERE ] removing tokens from slot 9
[14:22:08.919] [SEVERE ] removing card from slot 9
[14:22:09.025] [SEVERE ] removing tokens from slot 10
[14:22:09.025] [SEVERE ] removing card from slot 10
[14:22:09.137] [SEVERE ] removing tokens from slot 2
[14:22:09.137] [SEVERE ] removing card from slot 2
[14:22:09.246] [SEVERE ] removing tokens from slot 0
[14:22:09.246] [SEVERE ] removing card from slot 0
[14:22:09.249] [SEVERE ] updating countdown to 60000
[14:22:09.357] [SEVERE ] placing card 60 in slot 1
[14:22:09.467] [SEVERE ] placing card 50 in slot 7
[14:22:09.579] [SEVERE ] placing card 73 in slot 4
[14:22:09.688] [SEVERE ] placing card 77 in slot 3
[14:22:09.800] [SEVERE ] placing card 51 in slot 11
[14:22:09.909] [SEVERE ] placing card 59 in slot 8
[14:22:10.021] [SEVERE ] placing card 58 in slot 6
[14:22:10.132] [SEVERE ] placing card 69 in slot 5
[14:22:10.240] [SEVERE ] placing card 37 in slot 9
[14:22:10.349] [SEVERE ] placing card 47 in slot 10
[14:22:10.459] [SEVERE ] placing card 8 in slot 2
[14:22:10.569] [SEVERE ] placing card 5 in slot 0
[14:22:11.578] [SEVERE ] updating countdown to 59991
[14:22:12.592] [SEVERE ] updating countdown to 58977
[14:22:13.606] [SEVERE ] updating countdown to 57963
[14:22:14.617] [SEVERE ] updating countdown to 56952
[14:22:15.631] [SEVERE ] updating countdown to 55938
[14:22:16.644] [SEVERE ] updating countdown to 54925
[14:22:16.777] [SEVERE ] key 90 was pressed by player 1
[14:22:16.778] [SEVERE ] player 1 placing token on slot 8
[14:22:17.307] [SEVERE ] key 65 was pressed by player 1
[14:22:17.308] [SEVERE ] player 1 placing token on slot 4
[14:22:17.659] [SEVERE ] updating countdown to 53910
[14:22:17.672] [SEVERE ] key 83 was pressed by player 1
[14:22:17.673] [SEVERE ] player 1 placing token on slot 5
[14:22:18.672] [SEVERE ] updating countdown to 52897
[14:22:18.775] [SEVERE ] removing player 1 token from slot 8
[14:22:18.775] [SEVERE ] removing tokens from slot 8
[14:22:18.775] [SEVERE ] removing card from slot 8
[14:22:18.877] [SEVERE ] removing player 1 token from slot 4
[14:22:18.878] [SEVERE ] removing tokens from slot 4
[14:22:18.878] [SEVERE ] removing card from slot 4
[14:22:18.981] [SEVERE ] removing player 1 token from slot 5
[14:22:18.981] [SEVERE ] removing tokens from slot 5
[14:22:18.981] [SEVERE ] removing card from slot 5
[14:22:18.981] [SEVERE ] setting player 1 score to 2
[14:22:18.982] [SEVERE ] setting player 1 freeze to 1000
[14:22:19.082] [SEVERE ] placing card 74 in slot 4
[14:22:19.186] [SEVERE ] placing card 54 in slot 8
[14:22:19.298] [SEVERE ] placing card 22 in slot 5
[14:22:19.997] [SEVERE ] setting player 1 freeze to 0
[14:22:20.299] [SEVERE ] updating countdown to 51270
[14:22:21.311] [SEVERE ] updating countdown to 50258
[14:22:22.313] [SEVERE ] updating countdown to 49256
[14:22:23.315] [SEVERE ] updating countdown to 48254
[14:22:24.325] [SEVERE ] updating countdown to 47244
[14:22:25.327] [SEVERE ] updating countdown to 46242
[14:22:26.334] [SEVERE ] updating countdown to 45235
[14:22:27.342] [SEVERE ] updating countdown to 44227
[14:22:28.344] [SEVERE ] updating countdown to 43225
[14:22:29.354] [SEVERE ] updating countdown to 42215
[14:22:30.357] [SEVERE ] updating countdown to 41212
[14:22:31.369] [SEVERE ] updating countdown to 40200
[14:22:32.377] [SEVERE ] updating countdown to 39192
[14:22:33.393] [SEVERE ] updating countdown to 38176
[14:22:34.404] [SEVERE ] updating countdown to 37165
[14:22:35.413] [SEVERE ] updating countdown to 36156
[14:22:36.428] [SEVERE ] updating countdown to 35141
[14:22:37.443] [SEVERE ] updating countdown to 34126
[14:22:38.447] [SEVERE ] updating countdown to 33122
[14:22:39.449] [SEVERE ] updating countdown to 32120
[14:22:40.451] [SEVERE ] updating countdown to 31118
[14:22:41.452] [SEVERE ] updating countdown to 30117
[14:22:42.455] [SEVERE ] updating countdown to 29114
[14:22:43.469] [SEVERE ] updating countdown to 28100
[14:22:44.476] [SEVERE ] updating countdown to 27093
[14:22:45.487] [SEVERE ] updating countdown to 26082
[14:22:46.488] [SEVERE ] updating countdown to 25081
[14:22:47.500] [SEVERE ] updating countdown to 24069
[14:22:48.503] [SEVERE ] updating countdown to 23066
[14:22:49.517] [SEVERE ] updating countdown to 22052
[14:22:50.520] [SEVERE ] updating countdown to 21049
[14:22:51.522] [SEVERE ] updating countdown to 20047
[14:22:52.528] [SEVERE ] updating countdown to 19041
[14:22:53.536] [SEVERE ] updating countdown to 18033
[14:22:54.542] [SEVERE ] updating countdown to 17027
[14:22:55.551] [SEVERE ] updating countdown to 16018
[14:22:56.553] [SEVERE ] updating countdown to 15016
[14:22:57.568] [SEVERE ] updating countdown to 14001
[14:22:58.582] [SEVERE ] updating countdown to 12988
[14:22:59.595] [SEVERE ] updating countdown to 11974
[14:23:00.601] [SEVERE ] updating countdown to 10968
[14:23:01.613] [SEVERE ] updating countdown to 9956
[14:23:02.621] [SEVERE ] updating countdown to 8948
[14:23:03.624] [SEVERE ] updating countdown to 7945
[14:23:04.629] [SEVERE ] updating countdown to 6940
[14:23:05.634] [SEVERE ] updating countdown to 5935
[14:23:11.569] [SEVERE ] updating countdown to 60000
[14:23:11.671] [SEVERE ] removing tokens from slot 1
[14:23:11.671] [SEVERE ] removing card from slot 1
[14:23:11.774] [SEVERE ] removing tokens from slot 7
[14:23:11.774] [SEVERE ] removing card from slot 7
[14:23:11.883] [SEVERE ] removing tokens from slot 4
[14:23:11.883] [SEVERE ] removing card from slot 4
[14:23:11.990] [SEVERE ] removing tokens from slot 3
[14:23:11.990] [SEVERE ] removing card from slot 3
[14:23:12.101] [SEVERE ] removing tokens from slot 11
[14:23:12.101] [SEVERE ] removing card from slot 11
[14:23:12.203] [SEVERE ] removing tokens from slot 8
[14:23:12.203] [SEVERE ] removing card from slot 8
[14:23:12.308] [SEVERE ] removing tokens from slot 6
[14:23:12.308] [SEVERE ] removing card from slot 6
[14:23:12.409] [SEVERE ] removing tokens from slot 5
[14:23:12.409] [SEVERE ] removing card from slot 5
[14:23:12.509] [SEVERE ] removing tokens from slot 9
[14:23:12.509] [SEVERE ] removing card from slot 9
[14:23:12.621] [SEVERE ] removing tokens from slot 10
[14:23:12.621] [SEVERE ] removing card from slot 10
[14:23:12.724] [SEVERE ] removing tokens from slot 2
[14:23:12.724] [SEVERE ] removing card from slot 2
[14:23:12.833] [SEVERE ] removing tokens from slot 0
[14:23:12.833] [SEVERE ] removing card from slot 0
[14:23:12.833] [SEVERE ] updating countdown to 60000
[14:23:12.945] [SEVERE ] placing card 41 in slot 1
[14:23:13.046] [SEVERE ] placing card 20 in slot 7
[14:23:13.147] [SEVERE ] placing card 5 in slot 4
[14:23:13.253] [SEVERE ] placing card 45 in slot 3
[14:23:13.368] [SEVERE ] placing card 15 in slot 11
[14:23:13.478] [SEVERE ] placing card 67 in slot 8
[14:23:13.593] [SEVERE ] placing card 43 in slot 6
[14:23:13.701] [SEVERE ] placing card 46 in slot 5
[14:23:13.815] [SEVERE ] placing card 14 in slot 9
[14:23:13.919] [SEVERE ] placing card 80 in slot 10
[14:23:14.029] [SEVERE ] placing card 1 in slot 2
[14:23:14.142] [SEVERE ] placing card 50 in slot 0
[14:23:15.153] [SEVERE ] updating countdown to 59989
[14:23:16.168] [SEVERE ] updating countdown to 58974
[14:23:17.178] [SEVERE ] updating countdown to 57964
[14:23:18.193] [SEVERE ] updating countdown to 56949
[14:23:19.197] [SEVERE ] updating countdown to 55945
[14:23:20.201] [SEVERE ] updating countdown to 54941
[14:23:21.210] [SEVERE ] updating countdown to 53932
[14:23:22.212] [SEVERE ] updating countdown to 52930
[14:23:23.218] [SEVERE ] updating countdown to 51924
[14:23:24.228] [SEVERE ] updating countdown to 50914
[14:23:25.236] [SEVERE ] updating countdown to 49906
[14:23:26.247] [SEVERE ] updating countdown to 48895
[14:23:27.248] [SEVERE ] updating countdown to 47894
[14:23:28.251] [SEVERE ] updating countdown to 46891
[14:23:29.264] [SEVERE ] updating countdown to 45878
[14:23:30.270] [SEVERE ] updating countdown to 44872
[14:23:31.271] [SEVERE ] updating countdown to 43871
[14:23:32.276] [SEVERE ] updating countdown to 42866
[14:23:33.282] [SEVERE ] updating countdown to 41860
[14:23:34.283] [SEVERE ] updating countdown to 40859
[14:23:34.376] [SEVERE ] key 65 was pressed by player 1
[14:23:34.376] [SEVERE ] player 1 placing token on slot 4
[14:23:35.283] [SEVERE ] updating countdown to 39859
[14:23:35.907] [SEVERE ] key 70 was pressed by player 1
[14:23:35.907] [SEVERE ] player 1 placing token on slot 7
[14:23:36.288] [SEVERE ] updating countdown to 38854
[14:23:36.797] [SEVERE ] key 86 was pressed by player 1
[14:23:36.800] [SEVERE ] player 1 placing token on slot 11
[14:23:37.299] [SEVERE ] updating countdown to 37843
[14:23:37.301] [SEVERE ] removing player 1 token from slot 4
[14:23:37.302] [SEVERE ] removing player 1 token from slot 7
[14:23:37.303] [SEVERE ] removing player 1 token from slot 11
[14:23:37.304] [SEVERE ] setting player 1 freeze to 3000
[14:23:38.308] [SEVERE ] updating countdown to 36834
[14:23:38.308] [SEVERE ] setting player 1 freeze to 2000
[14:23:39.311] [SEVERE ] updating countdown to 35831
[14:23:39.311] [SEVERE ] setting player 1 freeze to 1000
[14:23:40.314] [SEVERE ] updating countdown to 34828
[14:23:40.314] [SEVERE ] setting player 1 freeze to 0
[14:23:41.318] [SEVERE ] updating countdown to 33824
[14:23:42.326] [SEVERE ] updating countdown to 32816
[14:23:43.327] [SEVERE ] updating countdown to 31815
[14:23:44.336] [SEVERE ] updating countdown to 30806
[14:23:45.350] [SEVERE ] updating countdown to 29792
[14:23:46.101] [SEVERE ] key 69 was pressed by player 1
[14:23:46.104] [SEVERE ] player 1 placing token on slot 2
[14:23:46.351] [SEVERE ] updating countdown to 28791
[14:23:47.353] [SEVERE ] updating countdown to 27789
[14:23:47.511] [SEVERE ] key 79 was pressed by player 2
[14:23:47.511] [SEVERE ] player 2 placing token on slot 2
[14:23:48.355] [SEVERE ] updating countdown to 26787
[14:23:48.578] [SEVERE ] key 59 was pressed by player 2
[14:23:48.578] [SEVERE ] player 2 placing token on slot 7
[14:23:49.333] [SEVERE ] key 46 was pressed by player 2
[14:23:49.339] [SEVERE ] player 2 placing token on slot 10
[14:23:49.367] [SEVERE ] updating countdown to 25775
[14:23:49.368] [SEVERE ] removing player 2 token from slot 2
[14:23:49.369] [SEVERE ] removing player 2 token from slot 7
[14:23:49.370] [SEVERE ] removing player 2 token from slot 10
[14:23:49.371] [SEVERE ] setting player 2 freeze to 3000
[14:23:50.373] [SEVERE ] setting player 2 freeze to 2000
[14:23:50.373] [SEVERE ] updating countdown to 24769
[14:23:51.376] [SEVERE ] updating countdown to 23766
[14:23:51.376] [SEVERE ] setting player 2 freeze to 1000
[14:23:52.378] [SEVERE ] updating countdown to 22764
[14:23:52.378] [SEVERE ] setting player 2 freeze to 0
[14:23:53.380] [SEVERE ] updating countdown to 21762
[14:23:54.381] [SEVERE ] updating countdown to 20761
[14:23:55.390] [SEVERE ] updating countdown to 19752
[14:23:56.400] [SEVERE ] updating countdown to 18742
[14:23:57.401] [SEVERE ] updating countdown to 17741
[14:23:58.402] [SEVERE ] updating countdown to 16740
[14:23:59.402] [SEVERE ] updating countdown to 15740
[14:24:00.403] [SEVERE ] updating countdown to 14739
[14:24:01.411] [SEVERE ] updating countdown to 13731
