[18:08:49.126] [INFO   ] thread bguspl.set.Main.main() starting.
[18:08:49.126] [SEVERE ] cannot read configuration file config.properties trying from resources.
[18:08:49.126] [SEVERE ] configuration file was loaded from resources directory.
[18:08:50.672] [INFO   ] thread dealer starting.
[18:08:50.672] [INFO   ] thread dealer starting.
[18:08:50.672] [INFO   ] thread Thread-1 starting.
[18:08:50.672] [INFO   ] thread Thread-2 starting.
[18:08:50.672] [INFO   ] thread Thread-3 starting.
[18:08:50.672] [INFO   ] thread Thread-4 starting.
[18:08:50.683] [INFO   ] thread computer-2 starting.
[18:08:50.683] [INFO   ] thread computer-3 starting.
[18:08:50.683] [SEVERE ] updating countdown to 10000
[18:08:50.799] [SEVERE ] placing card 79 in slot 9
[18:08:50.949] [SEVERE ] placing card 58 in slot 11
[18:08:51.050] [SEVERE ] placing card 65 in slot 7
[18:08:51.156] [SEVERE ] placing card 57 in slot 2
[18:08:51.258] [SEVERE ] placing card 59 in slot 4
[18:08:51.360] [SEVERE ] placing card 14 in slot 6
[18:08:51.462] [SEVERE ] placing card 66 in slot 5
[18:08:51.567] [SEVERE ] placing card 45 in slot 0
[18:08:51.681] [SEVERE ] placing card 39 in slot 8
[18:08:51.684] [SEVERE ] player 4 placing token on slot 7
[18:08:51.686] [SEVERE ] player 3 placing token on slot 7
[18:08:51.782] [SEVERE ] placing card 44 in slot 3
[18:08:51.885] [SEVERE ] placing card 46 in slot 1
[18:08:51.998] [SEVERE ] placing card 36 in slot 10
[18:08:52.687] [SEVERE ] player 3 placing token on slot 8
[18:08:52.689] [SEVERE ] player 4 placing token on slot 1
[18:08:52.969] [SEVERE ] key 81 was pressed by player 1
[18:08:52.969] [SEVERE ] player 1 placing token on slot 0
[18:08:52.999] [SEVERE ] updating countdown to 9999
[18:08:53.621] [SEVERE ] key 87 was pressed by player 1
[18:08:53.621] [SEVERE ] player 1 placing token on slot 1
[18:08:53.697] [SEVERE ] player 4 placing token on slot 3
[18:08:53.698] [SEVERE ] player 3 placing token on slot 9
[18:08:54.014] [SEVERE ] updating countdown to 8984
[18:08:54.014] [SEVERE ] removing player 4 token from slot 7
[18:08:54.016] [SEVERE ] removing player 4 token from slot 1
[18:08:54.016] [SEVERE ] removing player 4 token from slot 3
[18:08:54.017] [SEVERE ] setting player 4 freeze to 3000
[18:08:54.018] [SEVERE ] removing player 3 token from slot 7
[18:08:54.018] [SEVERE ] removing player 3 token from slot 8
[18:08:54.020] [SEVERE ] removing player 3 token from slot 9
[18:08:54.020] [SEVERE ] setting player 3 freeze to 3000
[18:08:54.165] [SEVERE ] key 83 was pressed by player 1
[18:08:54.166] [SEVERE ] player 1 placing token on slot 5
[18:08:55.027] [SEVERE ] updating countdown to 7971
[18:08:55.027] [SEVERE ] setting player 3 freeze to 2000
[18:08:55.027] [SEVERE ] setting player 4 freeze to 2000
[18:08:55.027] [SEVERE ] removing player 1 token from slot 0
[18:08:55.029] [SEVERE ] removing player 1 token from slot 1
[18:08:55.029] [SEVERE ] removing player 1 token from slot 5
[18:08:55.029] [SEVERE ] setting player 1 freeze to 3000
[18:08:56.042] [SEVERE ] setting player 3 freeze to 1000
[18:08:56.042] [SEVERE ] updating countdown to 6956
[18:08:56.042] [SEVERE ] setting player 1 freeze to 2000
[18:08:56.042] [SEVERE ] setting player 4 freeze to 1000
[18:08:56.985] [SEVERE ] key 79 was pressed by player 2
[18:08:56.985] [SEVERE ] player 2 placing token on slot 2
[18:08:57.043] [SEVERE ] setting player 1 freeze to 1000
[18:08:57.043] [SEVERE ] setting player 3 freeze to 0
[18:08:57.044] [SEVERE ] setting player 4 freeze to 0
[18:08:57.043] [SEVERE ] updating countdown to 5955
[18:08:57.189] [SEVERE ] key 73 was pressed by player 2
[18:08:57.204] [SEVERE ] player 2 placing token on slot 1
[18:08:57.390] [SEVERE ] key 85 was pressed by player 2
[18:08:57.400] [SEVERE ] player 2 placing token on slot 0
[18:08:58.058] [SEVERE ] setting player 1 freeze to 0
[18:08:58.058] [SEVERE ] player 3 placing token on slot 8
[18:08:58.059] [SEVERE ] removing player 2 token from slot 2
[18:08:58.061] [SEVERE ] removing player 2 token from slot 1
[18:08:58.061] [SEVERE ] removing player 2 token from slot 0
[18:08:58.063] [SEVERE ] setting player 2 freeze to 3000
[18:08:58.063] [SEVERE ] player 4 placing token on slot 7
[18:08:58.998] [SEVERE ] updating countdown to 4000
[18:08:58.998] [SEVERE ] updating countdown to 4000
[18:08:58.998] [SEVERE ] updating countdown to 4000
[18:08:58.998] [SEVERE ] updating countdown to 4000
[18:08:58.998] [SEVERE ] updating countdown to 4000
[18:08:58.998] [SEVERE ] updating countdown to 4000
[18:08:58.998] [SEVERE ] updating countdown to 4000
[18:08:58.998] [SEVERE ] updating countdown to 4000
[18:08:58.998] [SEVERE ] updating countdown to 4000
[18:08:58.998] [SEVERE ] updating countdown to 4000
[18:08:58.998] [SEVERE ] updating countdown to 4000
[18:08:58.998] [SEVERE ] updating countdown to 4000
[18:08:58.998] [SEVERE ] updating countdown to 4000
[18:08:58.998] [SEVERE ] updating countdown to 4000
[18:08:58.998] [SEVERE ] updating countdown to 4000
[18:08:58.998] [SEVERE ] updating countdown to 4000
[18:08:58.998] [SEVERE ] updating countdown to 4000
[18:08:58.998] [SEVERE ] updating countdown to 4000
[18:08:58.998] [SEVERE ] updating countdown to 4000
[18:08:58.998] [SEVERE ] updating countdown to 4000
[18:08:58.998] [SEVERE ] updating countdown to 4000
[18:08:58.998] [SEVERE ] updating countdown to 4000
[18:08:58.998] [SEVERE ] updating countdown to 4000
[18:08:58.998] [SEVERE ] updating countdown to 4000
[18:08:58.998] [SEVERE ] updating countdown to 4000
[18:08:58.998] [SEVERE ] updating countdown to 4000
[18:08:58.998] [SEVERE ] updating countdown to 4000
[18:08:58.998] [SEVERE ] updating countdown to 4000
[18:08:58.998] [SEVERE ] updating countdown to 4000
[18:08:58.998] [SEVERE ] updating countdown to 4000
[18:08:58.998] [SEVERE ] updating countdown to 4000
[18:08:58.998] [SEVERE ] updating countdown to 4000
[18:08:58.998] [SEVERE ] updating countdown to 4000
[18:08:58.998] [SEVERE ] updating countdown to 4000
[18:08:58.998] [SEVERE ] updating countdown to 4000
[18:08:58.998] [SEVERE ] updating countdown to 4000
[18:08:58.998] [SEVERE ] updating countdown to 4000
[18:08:58.998] [SEVERE ] updating countdown to 4000
[18:08:58.998] [SEVERE ] updating countdown to 4000
[18:08:58.998] [SEVERE ] updating countdown to 4000
[18:08:58.998] [SEVERE ] updating countdown to 4000
[18:08:58.998] [SEVERE ] updating countdown to 4000
[18:08:58.998] [SEVERE ] updating countdown to 4000
[18:08:58.998] [SEVERE ] updating countdown to 4000
[18:08:58.998] [SEVERE ] updating countdown to 4000
[18:08:58.998] [SEVERE ] updating countdown to 4000
[18:08:58.998] [SEVERE ] updating countdown to 4000
[18:08:58.998] [SEVERE ] updating countdown to 4000
[18:08:58.998] [SEVERE ] updating countdown to 4000
[18:08:58.998] [SEVERE ] updating countdown to 4000
[18:08:58.998] [SEVERE ] updating countdown to 4000
[18:08:58.998] [SEVERE ] updating countdown to 4000
[18:08:58.998] [SEVERE ] updating countdown to 4000
[18:08:58.998] [SEVERE ] updating countdown to 4000
[18:08:58.998] [SEVERE ] updating countdown to 4000
[18:08:58.998] [SEVERE ] updating countdown to 4000
[18:08:58.998] [SEVERE ] updating countdown to 4000
[18:08:58.998] [SEVERE ] updating countdown to 4000
[18:08:58.998] [SEVERE ] updating countdown to 4000
[18:08:58.998] [SEVERE ] updating countdown to 4000
[18:08:58.998] [SEVERE ] updating countdown to 4000
[18:08:58.998] [SEVERE ] updating countdown to 4000
[18:08:58.998] [SEVERE ] updating countdown to 4000
[18:08:58.998] [SEVERE ] updating countdown to 4000
[18:08:58.998] [SEVERE ] updating countdown to 4000
[18:08:58.998] [SEVERE ] updating countdown to 4000
[18:08:58.998] [SEVERE ] updating countdown to 4000
[18:08:58.998] [SEVERE ] updating countdown to 4000
[18:08:58.998] [SEVERE ] updating countdown to 4000
[18:08:58.998] [SEVERE ] updating countdown to 4000
[18:08:58.998] [SEVERE ] updating countdown to 4000
[18:08:59.061] [SEVERE ] player 3 placing token on slot 5
[18:08:59.077] [SEVERE ] setting player 2 freeze to 2000
[18:08:59.077] [SEVERE ] player 4 placing token on slot 2
[18:09:00.076] [SEVERE ] player 3 placing token on slot 9
[18:09:00.076] [SEVERE ] removing player 3 token from slot 8
[18:09:00.080] [SEVERE ] removing player 3 token from slot 5
[18:09:00.080] [SEVERE ] removing player 3 token from slot 9
[18:09:00.083] [SEVERE ] setting player 2 freeze to 1000
[18:09:00.083] [SEVERE ] setting player 3 freeze to 3000
[18:09:00.084] [SEVERE ] player 4 placing token on slot 1
[18:09:00.084] [SEVERE ] removing player 4 token from slot 7
[18:09:00.086] [SEVERE ] removing player 4 token from slot 2
[18:09:00.086] [SEVERE ] removing player 4 token from slot 1
[18:09:00.086] [SEVERE ] setting player 4 freeze to 3000
[18:09:01.085] [SEVERE ] setting player 2 freeze to 0
[18:09:01.085] [SEVERE ] setting player 3 freeze to 2000
[18:09:01.089] [SEVERE ] setting player 4 freeze to 2000
[18:09:01.998] [SEVERE ] updating countdown to 1000
[18:09:01.998] [SEVERE ] updating countdown to 1000
[18:09:01.998] [SEVERE ] updating countdown to 1000
[18:09:01.998] [SEVERE ] updating countdown to 1000
[18:09:01.998] [SEVERE ] updating countdown to 1000
[18:09:01.998] [SEVERE ] updating countdown to 1000
[18:09:01.998] [SEVERE ] updating countdown to 1000
[18:09:01.998] [SEVERE ] updating countdown to 1000
[18:09:01.998] [SEVERE ] updating countdown to 1000
[18:09:01.998] [SEVERE ] updating countdown to 1000
[18:09:01.998] [SEVERE ] updating countdown to 1000
[18:09:01.998] [SEVERE ] key 80 was pressed by player 2
[18:09:01.998] [SEVERE ] updating countdown to 1000
[18:09:01.998] [SEVERE ] updating countdown to 1000
[18:09:01.998] [SEVERE ] updating countdown to 1000
[18:09:01.998] [SEVERE ] updating countdown to 1000
[18:09:01.998] [SEVERE ] updating countdown to 1000
[18:09:01.998] [SEVERE ] player 2 placing token on slot 3
[18:09:01.998] [SEVERE ] updating countdown to 1000
[18:09:02.090] [SEVERE ] setting player 4 freeze to 1000
[18:09:02.090] [SEVERE ] setting player 3 freeze to 1000
[18:09:02.658] [SEVERE ] key 79 was pressed by player 2
[18:09:02.666] [SEVERE ] player 2 placing token on slot 2
[18:09:02.999] [SEVERE ] updating countdown to 10000
[18:09:03.093] [SEVERE ] setting player 3 freeze to 0
[18:09:03.093] [SEVERE ] setting player 4 freeze to 0
[18:09:03.109] [SEVERE ] removing tokens from slot 9
[18:09:03.109] [SEVERE ] removing card from slot 9
[18:09:03.219] [SEVERE ] removing tokens from slot 11
[18:09:03.219] [SEVERE ] removing card from slot 11
[18:09:03.329] [SEVERE ] removing tokens from slot 7
[18:09:03.329] [SEVERE ] removing card from slot 7
[18:09:03.376] [SEVERE ] key 73 was pressed by player 2
[18:09:03.376] [SEVERE ] player 2 placing token on slot 1
[18:09:03.434] [SEVERE ] removing player 2 token from slot 2
[18:09:03.435] [SEVERE ] removing tokens from slot 2
[18:09:03.435] [SEVERE ] removing card from slot 2
[18:09:03.445] [SEVERE ] key 81 was pressed by player 1
[18:09:03.445] [SEVERE ] player 1 placing token on slot 0
[18:09:03.541] [SEVERE ] removing tokens from slot 4
[18:09:03.541] [SEVERE ] removing card from slot 4
[18:09:03.651] [SEVERE ] removing tokens from slot 6
[18:09:03.651] [SEVERE ] removing card from slot 6
[18:09:03.761] [SEVERE ] removing tokens from slot 5
[18:09:03.761] [SEVERE ] removing card from slot 5
[18:09:03.871] [SEVERE ] removing player 1 token from slot 0
[18:09:03.871] [SEVERE ] removing tokens from slot 0
[18:09:03.871] [SEVERE ] removing card from slot 0
[18:09:03.937] [SEVERE ] key 81 was pressed by player 1
[18:09:03.987] [SEVERE ] removing tokens from slot 8
[18:09:03.987] [SEVERE ] removing card from slot 8
[18:09:04.098] [SEVERE ] removing player 2 token from slot 3
[18:09:04.099] [SEVERE ] removing tokens from slot 3
[18:09:04.099] [SEVERE ] removing card from slot 3
[18:09:04.148] [SEVERE ] key 73 was pressed by player 2
[18:09:04.149] [SEVERE ] removing player 2 token from slot 1
[18:09:04.211] [SEVERE ] removing tokens from slot 1
[18:09:04.211] [SEVERE ] removing card from slot 1
[18:09:04.312] [SEVERE ] removing tokens from slot 10
[18:09:04.312] [SEVERE ] removing card from slot 10
[18:09:04.312] [SEVERE ] updating countdown to 10000
[18:09:04.416] [SEVERE ] placing card 32 in slot 9
[18:09:04.478] [SEVERE ] key 73 was pressed by player 2
[18:09:04.524] [SEVERE ] placing card 29 in slot 11
[18:09:04.627] [SEVERE ] placing card 2 in slot 7
[18:09:04.727] [SEVERE ] placing card 52 in slot 2
[18:09:04.829] [SEVERE ] placing card 5 in slot 4
[18:09:04.938] [SEVERE ] placing card 4 in slot 6
[18:09:05.041] [SEVERE ] placing card 30 in slot 5
[18:09:05.083] [SEVERE ] key 81 was pressed by player 1
[18:09:05.151] [SEVERE ] placing card 50 in slot 0
[18:09:05.253] [SEVERE ] placing card 20 in slot 8
[18:09:05.313] [SEVERE ] player 4 placing token on slot 11
[18:09:05.343] [SEVERE ] key 81 was pressed by player 1
[18:09:05.343] [SEVERE ] player 1 placing token on slot 0
[18:09:05.353] [SEVERE ] placing card 18 in slot 3
[18:09:05.454] [SEVERE ] placing card 28 in slot 1
[18:09:05.555] [SEVERE ] placing card 38 in slot 10
[18:09:05.609] [SEVERE ] key 81 was pressed by player 1
[18:09:05.609] [SEVERE ] removing player 1 token from slot 0
[18:09:06.315] [SEVERE ] player 3 placing token on slot 8
[18:09:06.315] [SEVERE ] player 4 placing token on slot 2
[18:09:06.556] [SEVERE ] updating countdown to 9999
[18:09:06.563] [INFO   ] thread dealer terminated.
[18:09:07.316] [SEVERE ] player 3 placing token on slot 1
[18:09:07.318] [SEVERE ] player 4 placing token on slot 9
[18:09:08.104] [SEVERE ] key 73 was pressed by player 2
[18:09:08.109] [SEVERE ] player 2 placing token on slot 1
[18:09:08.318] [SEVERE ] player 3 placing token on slot 2
[18:09:11.565] [SEVERE ] thanks for playing... it was fun!
[18:09:11.565] [INFO   ] thread bguspl.set.Main.main() terminated.
[18:09:11.565] [SEVERE ] disposing of user interface elements
