[17:54:24.019] [INFO   ] thread bguspl.set.Main.main() starting.
[17:54:24.019] [SEVERE ] cannot read configuration file config.properties trying from resources.
[17:54:24.035] [SEVERE ] configuration file was loaded from resources directory.
[17:54:24.902] [INFO   ] thread dealer starting.
[17:54:24.905] [INFO   ] thread dealer starting.
[17:54:24.905] [INFO   ] thread Thread-1 starting.
[17:54:24.905] [INFO   ] thread Thread-4 starting.
[17:54:24.905] [INFO   ] thread Thread-3 starting.
[17:54:24.905] [INFO   ] thread Thread-2 starting.
[17:54:24.910] [INFO   ] thread computer-3 starting.
[17:54:24.911] [INFO   ] thread computer-2 starting.
[17:54:24.921] [SEVERE ] updating countdown to 10000
[17:54:25.031] [SEVERE ] placing card 38 in slot 3
[17:54:25.156] [SEVERE ] placing card 14 in slot 8
[17:54:25.258] [SEVERE ] placing card 53 in slot 5
[17:54:25.360] [SEVERE ] placing card 32 in slot 10
[17:54:25.463] [SEVERE ] placing card 43 in slot 9
[17:54:25.567] [SEVERE ] placing card 31 in slot 7
[17:54:25.678] [SEVERE ] placing card 3 in slot 4
[17:54:25.791] [SEVERE ] placing card 62 in slot 6
[17:54:25.906] [SEVERE ] placing card 56 in slot 2
[17:54:25.921] [SEVERE ] player 3 placing token on slot 6
[17:54:26.009] [SEVERE ] placing card 21 in slot 1
[17:54:26.111] [SEVERE ] placing card 35 in slot 0
[17:54:26.226] [SEVERE ] placing card 5 in slot 11
[17:54:26.931] [SEVERE ] player 4 placing token on slot 5
[17:54:26.933] [SEVERE ] player 3 placing token on slot 9
[17:54:27.234] [SEVERE ] updating countdown to 9992
[17:54:27.939] [SEVERE ] player 4 placing token on slot 6
[17:54:27.941] [SEVERE ] player 3 placing token on slot 5
[17:54:28.238] [SEVERE ] updating countdown to 8988
[17:54:28.238] [SEVERE ] removing player 3 token from slot 6
[17:54:28.238] [SEVERE ] removing player 3 token from slot 9
[17:54:28.238] [SEVERE ] removing player 3 token from slot 5
[17:54:28.238] [SEVERE ] setting player 3 freeze to 3000
[17:54:28.943] [SEVERE ] player 4 placing token on slot 10
[17:54:29.242] [SEVERE ] updating countdown to 7984
[17:54:29.243] [SEVERE ] setting player 3 freeze to 2000
[17:54:29.243] [SEVERE ] removing player 4 token from slot 5
[17:54:29.243] [SEVERE ] removing player 4 token from slot 6
[17:54:29.246] [SEVERE ] removing player 4 token from slot 10
[17:54:29.246] [SEVERE ] setting player 4 freeze to 3000
[17:54:30.252] [SEVERE ] setting player 3 freeze to 1000
[17:54:30.252] [SEVERE ] updating countdown to 6974
[17:54:30.252] [SEVERE ] setting player 4 freeze to 2000
[17:54:31.258] [SEVERE ] setting player 4 freeze to 1000
[17:54:31.258] [SEVERE ] setting player 3 freeze to 0
[17:54:31.258] [SEVERE ] updating countdown to 5968
[17:54:32.273] [SEVERE ] setting player 4 freeze to 0
[17:54:32.273] [SEVERE ] player 3 placing token on slot 9
[17:54:33.281] [SEVERE ] player 4 placing token on slot 2
[17:54:33.284] [SEVERE ] player 3 placing token on slot 6
[17:54:34.284] [SEVERE ] player 4 placing token on slot 3
[17:54:34.286] [SEVERE ] player 3 placing token on slot 0
[17:54:34.288] [SEVERE ] removing player 3 token from slot 9
[17:54:34.290] [SEVERE ] removing player 3 token from slot 6
[17:54:34.293] [SEVERE ] removing player 3 token from slot 0
[17:54:34.293] [SEVERE ] setting player 3 freeze to 3000
[17:54:35.291] [SEVERE ] player 4 placing token on slot 6
[17:54:35.293] [SEVERE ] removing player 4 token from slot 2
[17:54:35.293] [SEVERE ] removing player 4 token from slot 3
[17:54:35.293] [SEVERE ] removing player 4 token from slot 6
[17:54:35.293] [SEVERE ] setting player 4 freeze to 3000
[17:54:35.297] [SEVERE ] setting player 3 freeze to 2000
[17:54:36.226] [SEVERE ] updating countdown to 1000
[17:54:36.226] [SEVERE ] updating countdown to 1000
[17:54:36.226] [SEVERE ] updating countdown to 1000
[17:54:36.226] [SEVERE ] updating countdown to 1000
[17:54:36.226] [SEVERE ] updating countdown to 1000
[17:54:36.301] [SEVERE ] setting player 3 freeze to 1000
[17:54:36.301] [SEVERE ] setting player 4 freeze to 2000
[17:54:37.231] [SEVERE ] updating countdown to 10000
[17:54:37.310] [SEVERE ] setting player 4 freeze to 1000
[17:54:37.310] [SEVERE ] setting player 3 freeze to 0
[17:54:37.341] [SEVERE ] removing tokens from slot 3
[17:54:37.341] [SEVERE ] removing card from slot 3
[17:54:37.451] [SEVERE ] removing tokens from slot 8
[17:54:37.451] [SEVERE ] removing card from slot 8
[17:54:37.561] [SEVERE ] removing tokens from slot 5
[17:54:37.561] [SEVERE ] removing card from slot 5
[17:54:37.671] [SEVERE ] removing tokens from slot 10
[17:54:37.671] [SEVERE ] removing card from slot 10
[17:54:37.780] [SEVERE ] removing tokens from slot 9
[17:54:37.780] [SEVERE ] removing card from slot 9
[17:54:37.890] [SEVERE ] removing tokens from slot 7
[17:54:37.890] [SEVERE ] removing card from slot 7
[17:54:38.000] [SEVERE ] removing tokens from slot 4
[17:54:38.000] [SEVERE ] removing card from slot 4
[17:54:38.109] [SEVERE ] removing tokens from slot 6
[17:54:38.109] [SEVERE ] removing card from slot 6
[17:54:38.219] [SEVERE ] removing tokens from slot 2
[17:54:38.219] [SEVERE ] removing card from slot 2
[17:54:38.313] [SEVERE ] setting player 4 freeze to 0
[17:54:38.329] [SEVERE ] removing tokens from slot 1
[17:54:38.329] [SEVERE ] removing card from slot 1
[17:54:38.439] [SEVERE ] removing tokens from slot 0
[17:54:38.439] [SEVERE ] removing card from slot 0
[17:54:38.548] [SEVERE ] removing tokens from slot 11
[17:54:38.548] [SEVERE ] removing card from slot 11
[17:54:38.548] [SEVERE ] updating countdown to 10000
[17:54:38.651] [SEVERE ] placing card 35 in slot 3
[17:54:38.763] [SEVERE ] placing card 55 in slot 8
[17:54:38.868] [SEVERE ] placing card 65 in slot 5
[17:54:38.969] [SEVERE ] placing card 46 in slot 10
[17:54:39.071] [SEVERE ] placing card 42 in slot 9
[17:54:39.181] [SEVERE ] placing card 10 in slot 7
[17:54:39.288] [SEVERE ] placing card 30 in slot 4
[17:54:39.314] [SEVERE ] player 4 placing token on slot 7
[17:54:39.396] [SEVERE ] placing card 17 in slot 6
[17:54:39.503] [SEVERE ] placing card 28 in slot 2
[17:54:39.604] [SEVERE ] placing card 57 in slot 1
[17:54:39.705] [SEVERE ] placing card 47 in slot 0
[17:54:39.806] [SEVERE ] placing card 6 in slot 11
[17:54:40.317] [SEVERE ] player 4 placing token on slot 10
[17:54:40.554] [SEVERE ] player 3 placing token on slot 11
[17:54:40.808] [SEVERE ] updating countdown to 9998
[17:54:41.319] [SEVERE ] player 4 placing token on slot 3
[17:54:41.556] [SEVERE ] player 3 placing token on slot 5
[17:54:41.809] [SEVERE ] updating countdown to 8997
[17:54:41.810] [SEVERE ] removing player 4 token from slot 7
[17:54:41.811] [SEVERE ] removing player 4 token from slot 10
[17:54:41.812] [SEVERE ] removing player 4 token from slot 3
[17:54:41.813] [SEVERE ] setting player 4 freeze to 3000
[17:54:42.557] [SEVERE ] player 3 placing token on slot 7
[17:54:42.813] [SEVERE ] updating countdown to 7993
[17:54:42.813] [SEVERE ] removing player 3 token from slot 11
[17:54:42.815] [SEVERE ] removing player 3 token from slot 5
[17:54:42.815] [SEVERE ] setting player 4 freeze to 2000
[17:54:42.816] [SEVERE ] removing player 3 token from slot 7
[17:54:42.816] [SEVERE ] setting player 3 freeze to 3000
[17:54:43.817] [SEVERE ] setting player 4 freeze to 1000
[17:54:43.817] [SEVERE ] setting player 3 freeze to 2000
[17:54:43.817] [SEVERE ] updating countdown to 6989
[17:54:44.823] [SEVERE ] setting player 3 freeze to 1000
[17:54:44.823] [SEVERE ] setting player 4 freeze to 0
[17:54:44.823] [SEVERE ] updating countdown to 5983
[17:54:45.824] [SEVERE ] setting player 3 freeze to 0
[17:54:45.834] [SEVERE ] player 4 placing token on slot 8
[17:54:46.806] [SEVERE ] updating countdown to 4000
[17:54:46.806] [SEVERE ] updating countdown to 4000
[17:54:46.806] [SEVERE ] updating countdown to 4000
[17:54:46.806] [SEVERE ] updating countdown to 4000
[17:54:46.806] [SEVERE ] updating countdown to 4000
[17:54:46.806] [SEVERE ] updating countdown to 4000
[17:54:46.806] [SEVERE ] updating countdown to 4000
[17:54:46.806] [SEVERE ] updating countdown to 4000
[17:54:46.806] [SEVERE ] updating countdown to 4000
[17:54:46.806] [SEVERE ] updating countdown to 4000
[17:54:46.806] [SEVERE ] updating countdown to 4000
[17:54:46.825] [SEVERE ] player 3 placing token on slot 4
[17:54:46.836] [SEVERE ] player 4 placing token on slot 2
[17:54:47.806] [SEVERE ] updating countdown to 3000
[17:54:47.806] [SEVERE ] updating countdown to 3000
[17:54:47.806] [SEVERE ] updating countdown to 3000
[17:54:47.806] [SEVERE ] updating countdown to 3000
[17:54:47.806] [SEVERE ] updating countdown to 3000
[17:54:47.806] [SEVERE ] updating countdown to 3000
[17:54:47.806] [SEVERE ] updating countdown to 3000
[17:54:47.806] [SEVERE ] updating countdown to 3000
[17:54:47.806] [SEVERE ] updating countdown to 3000
[17:54:47.806] [SEVERE ] updating countdown to 3000
[17:54:47.806] [SEVERE ] updating countdown to 3000
[17:54:47.806] [SEVERE ] updating countdown to 3000
[17:54:47.806] [SEVERE ] updating countdown to 3000
[17:54:47.806] [SEVERE ] updating countdown to 3000
[17:54:47.806] [SEVERE ] updating countdown to 3000
[17:54:47.806] [SEVERE ] updating countdown to 3000
[17:54:47.806] [SEVERE ] updating countdown to 3000
[17:54:47.806] [SEVERE ] updating countdown to 3000
[17:54:47.806] [SEVERE ] updating countdown to 3000
[17:54:47.806] [SEVERE ] updating countdown to 3000
[17:54:47.806] [SEVERE ] updating countdown to 3000
[17:54:47.806] [SEVERE ] updating countdown to 3000
[17:54:47.827] [SEVERE ] player 3 placing token on slot 8
[17:54:47.838] [SEVERE ] removing player 4 token from slot 8
[17:54:48.806] [SEVERE ] updating countdown to 2000
[17:54:48.806] [SEVERE ] updating countdown to 2000
[17:54:48.806] [SEVERE ] updating countdown to 2000
[17:54:48.806] [SEVERE ] updating countdown to 2000
[17:54:48.806] [SEVERE ] updating countdown to 2000
[17:54:48.806] [SEVERE ] updating countdown to 2000
[17:54:48.806] [SEVERE ] updating countdown to 2000
[17:54:48.806] [SEVERE ] updating countdown to 2000
[17:54:48.806] [SEVERE ] updating countdown to 2000
[17:54:48.806] [SEVERE ] updating countdown to 2000
[17:54:48.806] [SEVERE ] updating countdown to 2000
[17:54:48.806] [SEVERE ] updating countdown to 2000
[17:54:48.806] [SEVERE ] updating countdown to 2000
[17:54:48.806] [SEVERE ] updating countdown to 2000
[17:54:48.806] [SEVERE ] updating countdown to 2000
[17:54:48.806] [SEVERE ] updating countdown to 2000
[17:54:48.806] [SEVERE ] updating countdown to 2000
[17:54:48.806] [SEVERE ] updating countdown to 2000
[17:54:48.806] [SEVERE ] updating countdown to 2000
[17:54:48.806] [SEVERE ] updating countdown to 2000
[17:54:48.806] [SEVERE ] updating countdown to 2000
[17:54:48.806] [SEVERE ] updating countdown to 2000
[17:54:48.806] [SEVERE ] updating countdown to 2000
[17:54:48.806] [SEVERE ] updating countdown to 2000
[17:54:48.806] [SEVERE ] updating countdown to 2000
[17:54:48.806] [SEVERE ] updating countdown to 2000
[17:54:48.806] [SEVERE ] updating countdown to 2000
[17:54:48.806] [SEVERE ] updating countdown to 2000
[17:54:48.806] [SEVERE ] updating countdown to 2000
[17:54:48.806] [SEVERE ] updating countdown to 2000
[17:54:48.806] [SEVERE ] updating countdown to 2000
[17:54:48.806] [SEVERE ] updating countdown to 2000
[17:54:48.806] [SEVERE ] updating countdown to 2000
[17:54:48.806] [SEVERE ] updating countdown to 2000
[17:54:48.806] [SEVERE ] updating countdown to 2000
[17:54:48.806] [SEVERE ] updating countdown to 2000
[17:54:48.806] [SEVERE ] updating countdown to 2000
[17:54:48.806] [SEVERE ] updating countdown to 2000
[17:54:48.806] [SEVERE ] updating countdown to 2000
[17:54:48.806] [SEVERE ] updating countdown to 2000
[17:54:48.806] [SEVERE ] updating countdown to 2000
[17:54:48.806] [SEVERE ] updating countdown to 2000
[17:54:48.806] [SEVERE ] updating countdown to 2000
[17:54:48.806] [SEVERE ] updating countdown to 2000
[17:54:48.806] [SEVERE ] updating countdown to 2000
[17:54:48.806] [SEVERE ] updating countdown to 2000
[17:54:48.806] [SEVERE ] updating countdown to 2000
[17:54:48.806] [SEVERE ] updating countdown to 2000
[17:54:48.806] [SEVERE ] updating countdown to 2000
[17:54:48.806] [SEVERE ] updating countdown to 2000
[17:54:48.806] [SEVERE ] updating countdown to 2000
[17:54:48.806] [SEVERE ] updating countdown to 2000
[17:54:48.806] [SEVERE ] updating countdown to 2000
[17:54:48.806] [SEVERE ] updating countdown to 2000
[17:54:48.806] [SEVERE ] updating countdown to 2000
[17:54:48.806] [SEVERE ] updating countdown to 2000
[17:54:48.806] [SEVERE ] updating countdown to 2000
[17:54:48.806] [SEVERE ] updating countdown to 2000
[17:54:48.806] [SEVERE ] updating countdown to 2000
[17:54:48.806] [SEVERE ] updating countdown to 2000
[17:54:48.806] [SEVERE ] updating countdown to 2000
[17:54:48.806] [SEVERE ] updating countdown to 2000
[17:54:48.806] [SEVERE ] updating countdown to 2000
[17:54:48.806] [SEVERE ] updating countdown to 2000
[17:54:48.806] [SEVERE ] updating countdown to 2000
[17:54:48.828] [SEVERE ] player 3 placing token on slot 6
[17:54:48.829] [SEVERE ] removing player 3 token from slot 4
[17:54:48.829] [SEVERE ] removing player 3 token from slot 8
[17:54:48.829] [SEVERE ] removing player 3 token from slot 6
[17:54:48.829] [SEVERE ] setting player 3 freeze to 3000
[17:54:48.845] [SEVERE ] player 4 placing token on slot 10
[17:54:49.806] [SEVERE ] updating countdown to 1000
[17:54:49.806] [SEVERE ] updating countdown to 1000
[17:54:49.806] [SEVERE ] updating countdown to 1000
[17:54:49.806] [SEVERE ] updating countdown to 1000
[17:54:49.806] [SEVERE ] updating countdown to 1000
[17:54:49.806] [SEVERE ] updating countdown to 1000
[17:54:49.806] [SEVERE ] updating countdown to 1000
[17:54:49.806] [SEVERE ] updating countdown to 1000
[17:54:49.806] [SEVERE ] updating countdown to 1000
[17:54:49.806] [SEVERE ] updating countdown to 1000
[17:54:49.806] [SEVERE ] updating countdown to 1000
[17:54:49.806] [SEVERE ] updating countdown to 1000
[17:54:49.806] [SEVERE ] updating countdown to 1000
[17:54:49.806] [SEVERE ] updating countdown to 1000
[17:54:49.806] [SEVERE ] updating countdown to 1000
[17:54:49.806] [SEVERE ] updating countdown to 1000
[17:54:49.806] [SEVERE ] updating countdown to 1000
[17:54:49.806] [SEVERE ] updating countdown to 1000
[17:54:49.806] [SEVERE ] updating countdown to 1000
[17:54:49.806] [SEVERE ] updating countdown to 1000
[17:54:49.806] [SEVERE ] updating countdown to 1000
[17:54:49.806] [SEVERE ] updating countdown to 1000
[17:54:49.806] [SEVERE ] updating countdown to 1000
[17:54:49.806] [SEVERE ] updating countdown to 1000
[17:54:49.806] [SEVERE ] updating countdown to 1000
[17:54:49.806] [SEVERE ] updating countdown to 1000
[17:54:49.806] [SEVERE ] updating countdown to 1000
[17:54:49.806] [SEVERE ] updating countdown to 1000
[17:54:49.806] [SEVERE ] updating countdown to 1000
[17:54:49.806] [SEVERE ] updating countdown to 1000
[17:54:49.806] [SEVERE ] updating countdown to 1000
[17:54:49.806] [SEVERE ] updating countdown to 1000
[17:54:49.806] [SEVERE ] updating countdown to 1000
[17:54:49.806] [SEVERE ] updating countdown to 1000
[17:54:49.806] [SEVERE ] updating countdown to 1000
[17:54:49.806] [SEVERE ] updating countdown to 1000
[17:54:49.806] [SEVERE ] updating countdown to 1000
[17:54:49.806] [SEVERE ] updating countdown to 1000
[17:54:49.806] [SEVERE ] updating countdown to 1000
[17:54:49.806] [SEVERE ] updating countdown to 1000
[17:54:49.806] [SEVERE ] updating countdown to 1000
[17:54:49.806] [SEVERE ] updating countdown to 1000
[17:54:49.806] [SEVERE ] updating countdown to 1000
[17:54:49.806] [SEVERE ] updating countdown to 1000
[17:54:49.806] [SEVERE ] updating countdown to 1000
[17:54:49.806] [SEVERE ] updating countdown to 1000
[17:54:49.806] [SEVERE ] updating countdown to 1000
[17:54:49.806] [SEVERE ] updating countdown to 1000
[17:54:49.806] [SEVERE ] updating countdown to 1000
[17:54:49.806] [SEVERE ] updating countdown to 1000
[17:54:49.806] [SEVERE ] updating countdown to 1000
[17:54:49.806] [SEVERE ] updating countdown to 1000
[17:54:49.806] [SEVERE ] updating countdown to 1000
[17:54:49.832] [SEVERE ] setting player 3 freeze to 2000
[17:54:49.846] [SEVERE ] removing player 4 token from slot 10
[17:54:50.811] [SEVERE ] updating countdown to 10000
[17:54:50.843] [SEVERE ] setting player 3 freeze to 1000
[17:54:50.859] [SEVERE ] player 4 placing token on slot 5
[17:54:50.913] [SEVERE ] removing tokens from slot 3
[17:54:50.913] [SEVERE ] removing card from slot 3
[17:54:51.021] [SEVERE ] removing tokens from slot 8
[17:54:51.021] [SEVERE ] removing card from slot 8
[17:54:51.132] [SEVERE ] removing player 4 token from slot 5
[17:54:51.132] [SEVERE ] removing tokens from slot 5
[17:54:51.132] [SEVERE ] removing card from slot 5
[17:54:51.235] [SEVERE ] removing tokens from slot 10
[17:54:51.235] [SEVERE ] removing card from slot 10
[17:54:51.346] [SEVERE ] removing tokens from slot 9
[17:54:51.346] [SEVERE ] removing card from slot 9
[17:54:51.457] [SEVERE ] removing tokens from slot 7
[17:54:51.457] [SEVERE ] removing card from slot 7
[17:54:51.567] [SEVERE ] removing tokens from slot 4
[17:54:51.567] [SEVERE ] removing card from slot 4
[17:54:51.678] [SEVERE ] removing tokens from slot 6
[17:54:51.678] [SEVERE ] removing card from slot 6
[17:54:51.788] [SEVERE ] removing player 4 token from slot 2
[17:54:51.788] [SEVERE ] removing tokens from slot 2
[17:54:51.788] [SEVERE ] removing card from slot 2
[17:54:51.855] [SEVERE ] setting player 3 freeze to 0
[17:54:51.896] [SEVERE ] removing tokens from slot 1
[17:54:51.896] [SEVERE ] removing card from slot 1
[17:54:52.006] [SEVERE ] removing tokens from slot 0
[17:54:52.006] [SEVERE ] removing card from slot 0
[17:54:52.116] [SEVERE ] removing tokens from slot 11
[17:54:52.116] [SEVERE ] removing card from slot 11
[17:54:52.117] [SEVERE ] updating countdown to 10000
[17:54:52.219] [SEVERE ] placing card 30 in slot 3
[17:54:52.320] [SEVERE ] placing card 2 in slot 8
[17:54:52.423] [SEVERE ] placing card 24 in slot 5
[17:54:52.525] [SEVERE ] placing card 23 in slot 10
[17:54:52.629] [SEVERE ] placing card 53 in slot 9
[17:54:52.732] [SEVERE ] placing card 33 in slot 7
[17:54:52.834] [SEVERE ] placing card 10 in slot 4
[17:54:52.860] [SEVERE ] player 3 placing token on slot 4
[17:54:52.942] [SEVERE ] placing card 42 in slot 6
[17:54:53.051] [SEVERE ] placing card 69 in slot 2
[17:54:53.117] [SEVERE ] player 4 placing token on slot 9
[17:54:53.152] [SEVERE ] placing card 1 in slot 1
[17:54:53.254] [SEVERE ] placing card 48 in slot 0
[17:54:53.357] [SEVERE ] placing card 79 in slot 11
[17:54:53.863] [SEVERE ] removing player 3 token from slot 4
[17:54:54.119] [SEVERE ] player 4 placing token on slot 4
[17:54:54.358] [SEVERE ] updating countdown to 9999
[17:54:54.865] [SEVERE ] player 3 placing token on slot 2
[17:54:55.125] [SEVERE ] player 4 placing token on slot 11
[17:54:55.359] [SEVERE ] updating countdown to 8998
[17:54:55.360] [SEVERE ] removing player 4 token from slot 9
[17:54:55.361] [SEVERE ] removing player 4 token from slot 4
[17:54:55.361] [SEVERE ] removing player 4 token from slot 11
[17:54:55.362] [SEVERE ] setting player 4 freeze to 3000
[17:54:55.867] [SEVERE ] player 3 placing token on slot 3
[17:54:56.362] [SEVERE ] updating countdown to 7995
[17:54:56.362] [SEVERE ] setting player 4 freeze to 2000
[17:54:56.869] [SEVERE ] player 3 placing token on slot 10
[17:54:57.363] [SEVERE ] updating countdown to 6994
[17:54:57.364] [SEVERE ] setting player 4 freeze to 1000
[17:54:57.364] [SEVERE ] removing player 3 token from slot 2
[17:54:57.364] [SEVERE ] removing player 3 token from slot 3
[17:54:57.364] [SEVERE ] removing player 3 token from slot 10
[17:54:57.366] [SEVERE ] setting player 3 freeze to 3000
[17:54:58.364] [SEVERE ] setting player 4 freeze to 0
[17:54:58.369] [SEVERE ] updating countdown to 5988
[17:54:58.369] [SEVERE ] setting player 3 freeze to 2000
[17:54:59.366] [SEVERE ] player 4 placing token on slot 5
[17:54:59.371] [SEVERE ] setting player 3 freeze to 1000
[17:55:00.357] [SEVERE ] updating countdown to 4000
[17:55:00.357] [SEVERE ] updating countdown to 4000
[17:55:00.357] [SEVERE ] updating countdown to 4000
[17:55:00.357] [SEVERE ] updating countdown to 4000
[17:55:00.357] [SEVERE ] updating countdown to 4000
[17:55:00.357] [SEVERE ] updating countdown to 4000
[17:55:00.357] [SEVERE ] updating countdown to 4000
[17:55:00.357] [SEVERE ] updating countdown to 4000
[17:55:00.357] [SEVERE ] updating countdown to 4000
[17:55:00.357] [SEVERE ] updating countdown to 4000
[17:55:00.357] [SEVERE ] updating countdown to 4000
[17:55:00.357] [SEVERE ] updating countdown to 4000
[17:55:00.357] [SEVERE ] updating countdown to 4000
[17:55:00.367] [SEVERE ] removing player 4 token from slot 5
[17:55:00.372] [SEVERE ] setting player 3 freeze to 0
[17:55:01.357] [SEVERE ] updating countdown to 3000
[17:55:01.357] [SEVERE ] updating countdown to 3000
[17:55:01.357] [SEVERE ] updating countdown to 3000
[17:55:01.357] [SEVERE ] updating countdown to 3000
[17:55:01.357] [SEVERE ] updating countdown to 3000
[17:55:01.357] [SEVERE ] updating countdown to 3000
[17:55:01.357] [SEVERE ] updating countdown to 3000
[17:55:01.357] [SEVERE ] updating countdown to 3000
[17:55:01.357] [SEVERE ] updating countdown to 3000
[17:55:01.357] [SEVERE ] updating countdown to 3000
[17:55:01.357] [SEVERE ] updating countdown to 3000
[17:55:01.357] [SEVERE ] updating countdown to 3000
[17:55:01.357] [SEVERE ] updating countdown to 3000
[17:55:01.357] [SEVERE ] updating countdown to 3000
[17:55:01.357] [SEVERE ] updating countdown to 3000
[17:55:01.357] [SEVERE ] updating countdown to 3000
[17:55:01.357] [SEVERE ] updating countdown to 3000
[17:55:01.357] [SEVERE ] updating countdown to 3000
[17:55:01.357] [SEVERE ] updating countdown to 3000
[17:55:01.370] [SEVERE ] player 4 placing token on slot 10
[17:55:01.375] [SEVERE ] player 3 placing token on slot 10
