[14:37:21.920] [INFO   ] thread bguspl.set.Main.main() starting.
[14:37:21.936] [SEVERE ] cannot read configuration file config.properties trying from resources.
[14:37:21.936] [SEVERE ] configuration file was loaded from resources directory.
[14:37:22.945] [INFO   ] thread dealer starting.
[14:37:22.945] [INFO   ] thread dealer starting.
[14:37:22.945] [INFO   ] thread Thread-1 starting.
[14:37:22.945] [INFO   ] thread Thread-2 starting.
[14:37:22.945] [INFO   ] thread Thread-3 starting.
[14:37:22.945] [INFO   ] thread Thread-4 starting.
[14:37:22.945] [INFO   ] thread Thread-5 starting.
[14:37:22.955] [INFO   ] thread Thread-6 starting.
[14:37:22.960] [INFO   ] thread computer-4 starting.
[14:37:22.959] [INFO   ] thread computer-2 starting.
[14:37:22.959] [INFO   ] thread computer-3 starting.
[14:37:22.960] [INFO   ] thread computer-5 starting.
[14:37:22.963] [SEVERE ] player 5 placing token on slot 0
[14:37:22.966] [SEVERE ] updating countdown to 60000
[14:37:22.968] [SEVERE ] player 6 placing token on slot 0
[14:37:22.969] [SEVERE ] player 4 placing token on slot 0
[14:37:22.972] [SEVERE ] player 3 placing token on slot 0
[14:37:23.069] [SEVERE ] placing card 67 in slot 7
[14:37:23.171] [SEVERE ] placing card 52 in slot 9
[14:37:23.274] [SEVERE ] placing card 61 in slot 2
[14:37:23.376] [SEVERE ] placing card 57 in slot 5
[14:37:23.478] [SEVERE ] placing card 59 in slot 0
[14:37:23.584] [SEVERE ] placing card 34 in slot 8
[14:37:23.685] [SEVERE ] placing card 51 in slot 1
[14:37:23.786] [SEVERE ] placing card 13 in slot 11
[14:37:23.887] [SEVERE ] placing card 12 in slot 10
[14:37:23.992] [SEVERE ] placing card 27 in slot 3
[14:37:24.094] [SEVERE ] placing card 21 in slot 6
[14:37:24.196] [SEVERE ] placing card 39 in slot 4
[14:37:25.198] [SEVERE ] updating countdown to 59998
[14:37:26.199] [SEVERE ] updating countdown to 58997
[14:37:27.203] [SEVERE ] updating countdown to 57993
[14:37:28.204] [SEVERE ] updating countdown to 56992
[14:37:29.205] [SEVERE ] updating countdown to 55991
[14:37:30.207] [SEVERE ] updating countdown to 54989
[14:37:31.223] [SEVERE ] updating countdown to 53973
[14:37:32.227] [SEVERE ] updating countdown to 52969
