[15:14:15.796] [INFO   ] thread bguspl.set.Main.main() starting.
[15:14:15.812] [SEVERE ] cannot read configuration file config.properties trying from resources.
[15:14:15.812] [SEVERE ] configuration file was loaded from resources directory.
[15:14:17.388] [INFO   ] thread dealer starting.
[15:14:17.388] [INFO   ] thread dealer starting.
[15:14:17.392] [INFO   ] thread Thread-1 starting.
[15:14:17.392] [INFO   ] thread Thread-2 starting.
[15:14:17.392] [INFO   ] thread Thread-3 starting.
[15:14:17.398] [INFO   ] thread computer-2 starting.
[15:14:17.404] [SEVERE ] updating countdown to 60000
[15:14:17.514] [SEVERE ] placing card 5 in slot 8
[15:14:17.619] [SEVERE ] placing card 62 in slot 2
[15:14:17.722] [SEVERE ] placing card 34 in slot 11
[15:14:17.831] [SEVERE ] placing card 67 in slot 6
[15:14:17.936] [SEVERE ] placing card 27 in slot 4
[15:14:18.043] [SEVERE ] placing card 51 in slot 3
[15:14:18.147] [SEVERE ] placing card 53 in slot 10
[15:14:18.262] [SEVERE ] placing card 15 in slot 7
[15:14:18.375] [SEVERE ] placing card 8 in slot 1
[15:14:18.485] [SEVERE ] placing card 61 in slot 0
[15:14:18.595] [SEVERE ] placing card 14 in slot 9
[15:14:18.706] [SEVERE ] placing card 72 in slot 5
[15:14:19.712] [SEVERE ] updating countdown to 59994
[15:14:20.720] [SEVERE ] updating countdown to 58986
[15:14:21.726] [SEVERE ] updating countdown to 57980
[15:14:22.732] [SEVERE ] updating countdown to 56974
[15:14:23.738] [SEVERE ] updating countdown to 55968
[15:14:24.746] [SEVERE ] updating countdown to 54960
[15:14:25.753] [SEVERE ] updating countdown to 53953
[15:14:26.760] [SEVERE ] updating countdown to 52946
[15:14:27.770] [SEVERE ] updating countdown to 51936
[15:14:28.780] [SEVERE ] updating countdown to 50926
[15:14:29.792] [SEVERE ] updating countdown to 49914
