[18:06:42.921] [INFO   ] thread bguspl.set.Main.main() starting.
[18:06:42.921] [SEVERE ] cannot read configuration file config.properties trying from resources.
[18:06:42.921] [SEVERE ] configuration file was loaded from resources directory.
[18:06:43.742] [INFO   ] thread dealer starting.
[18:06:43.742] [INFO   ] thread dealer starting.
[18:06:43.747] [INFO   ] thread Thread-1 starting.
[18:06:43.747] [INFO   ] thread Thread-4 starting.
[18:06:43.747] [INFO   ] thread Thread-2 starting.
[18:06:43.747] [INFO   ] thread Thread-3 starting.
[18:06:43.751] [INFO   ] thread computer-3 starting.
[18:06:43.752] [INFO   ] thread computer-2 starting.
[18:06:43.765] [SEVERE ] updating countdown to 10000
[18:06:43.876] [SEVERE ] placing card 57 in slot 8
[18:06:44.042] [SEVERE ] placing card 48 in slot 6
[18:06:44.145] [SEVERE ] placing card 75 in slot 3
[18:06:44.252] [SEVERE ] placing card 63 in slot 7
[18:06:44.357] [SEVERE ] placing card 79 in slot 4
[18:06:44.461] [SEVERE ] placing card 72 in slot 2
[18:06:44.481] [SEVERE ] key 81 was pressed by player 1
[18:06:44.566] [SEVERE ] placing card 5 in slot 0
[18:06:44.679] [SEVERE ] placing card 14 in slot 9
[18:06:44.752] [SEVERE ] player 4 placing token on slot 2
[18:06:44.780] [SEVERE ] placing card 25 in slot 11
[18:06:44.827] [SEVERE ] key 81 was pressed by player 1
[18:06:44.829] [SEVERE ] player 1 placing token on slot 0
[18:06:44.881] [SEVERE ] placing card 1 in slot 10
[18:06:44.984] [SEVERE ] placing card 26 in slot 1
[18:06:45.022] [SEVERE ] key 87 was pressed by player 1
[18:06:45.029] [SEVERE ] player 1 placing token on slot 1
[18:06:45.089] [SEVERE ] placing card 58 in slot 5
[18:06:45.754] [SEVERE ] player 3 placing token on slot 6
[18:06:45.757] [SEVERE ] player 4 placing token on slot 11
[18:06:45.772] [SEVERE ] key 81 was pressed by player 1
[18:06:45.775] [SEVERE ] removing player 1 token from slot 0
[18:06:46.091] [SEVERE ] updating countdown to 9999
[18:06:46.756] [SEVERE ] player 3 placing token on slot 7
[18:06:46.758] [SEVERE ] player 4 placing token on slot 1
[18:06:47.093] [SEVERE ] updating countdown to 8997
[18:06:47.096] [SEVERE ] removing player 4 token from slot 2
[18:06:47.098] [SEVERE ] removing player 4 token from slot 11
[18:06:47.098] [SEVERE ] removing player 4 token from slot 1
[18:06:47.101] [SEVERE ] setting player 4 freeze to 3000
[18:06:47.761] [SEVERE ] removing player 3 token from slot 6
[18:06:48.104] [SEVERE ] updating countdown to 7986
[18:06:48.106] [SEVERE ] setting player 4 freeze to 2000
[18:06:48.763] [SEVERE ] player 3 placing token on slot 2
[18:06:49.107] [SEVERE ] updating countdown to 6983
[18:06:49.107] [SEVERE ] setting player 4 freeze to 1000
[18:06:49.768] [SEVERE ] player 3 placing token on slot 5
[18:06:50.109] [SEVERE ] updating countdown to 5981
[18:06:50.109] [SEVERE ] setting player 4 freeze to 0
[18:06:50.110] [SEVERE ] removing player 3 token from slot 7
[18:06:50.111] [SEVERE ] removing player 3 token from slot 2
[18:06:50.113] [SEVERE ] removing player 3 token from slot 5
[18:06:50.113] [SEVERE ] setting player 3 freeze to 3000
[18:06:51.110] [SEVERE ] player 4 placing token on slot 0
[18:06:51.114] [SEVERE ] setting player 3 freeze to 2000
[18:06:52.090] [SEVERE ] updating countdown to 4000
[18:06:52.113] [SEVERE ] player 4 placing token on slot 6
[18:06:52.114] [SEVERE ] setting player 3 freeze to 1000
[18:06:53.120] [SEVERE ] setting player 3 freeze to 0
[18:06:53.121] [SEVERE ] player 4 placing token on slot 7
[18:06:53.122] [SEVERE ] removing player 4 token from slot 0
[18:06:53.124] [SEVERE ] removing player 4 token from slot 6
[18:06:53.125] [SEVERE ] removing player 4 token from slot 7
[18:06:53.125] [SEVERE ] setting player 4 freeze to 3000
[18:06:54.125] [SEVERE ] player 3 placing token on slot 4
[18:06:54.128] [SEVERE ] setting player 4 freeze to 2000
[18:06:55.090] [SEVERE ] updating countdown to 1000
[18:06:55.090] [SEVERE ] updating countdown to 1000
[18:06:55.090] [SEVERE ] updating countdown to 1000
[18:06:55.090] [SEVERE ] updating countdown to 1000
[18:06:55.090] [SEVERE ] updating countdown to 1000
[18:06:55.090] [SEVERE ] updating countdown to 1000
[18:06:55.090] [SEVERE ] updating countdown to 1000
[18:06:55.090] [SEVERE ] updating countdown to 1000
[18:06:55.090] [SEVERE ] updating countdown to 1000
[18:06:55.090] [SEVERE ] updating countdown to 1000
[18:06:55.090] [SEVERE ] updating countdown to 1000
[18:06:55.090] [SEVERE ] updating countdown to 1000
[18:06:55.090] [SEVERE ] updating countdown to 1000
[18:06:55.090] [SEVERE ] updating countdown to 1000
[18:06:55.090] [SEVERE ] updating countdown to 1000
[18:06:55.126] [SEVERE ] player 3 placing token on slot 0
[18:06:55.129] [SEVERE ] setting player 4 freeze to 1000
[18:06:56.090] [SEVERE ] updating countdown to 10000
[18:06:56.137] [SEVERE ] setting player 4 freeze to 0
[18:06:56.137] [SEVERE ] player 3 placing token on slot 1
[18:06:56.198] [SEVERE ] removing tokens from slot 8
[18:06:56.198] [SEVERE ] removing card from slot 8
[18:06:56.312] [SEVERE ] removing tokens from slot 6
[18:06:56.312] [SEVERE ] removing card from slot 6
[18:06:56.422] [SEVERE ] removing tokens from slot 3
[18:06:56.422] [SEVERE ] removing card from slot 3
[18:06:56.501] [SEVERE ] key 81 was pressed by player 1
[18:06:56.501] [SEVERE ] player 1 placing token on slot 0
[18:06:56.534] [SEVERE ] removing tokens from slot 7
[18:06:56.534] [SEVERE ] removing card from slot 7
[18:06:56.644] [SEVERE ] removing player 3 token from slot 4
[18:06:56.644] [SEVERE ] removing tokens from slot 4
[18:06:56.644] [SEVERE ] removing card from slot 4
[18:06:56.726] [SEVERE ] key 81 was pressed by player 1
[18:06:56.726] [SEVERE ] removing player 1 token from slot 0
[18:06:56.750] [SEVERE ] removing tokens from slot 2
[18:06:56.750] [SEVERE ] removing card from slot 2
[18:06:56.863] [SEVERE ] removing player 3 token from slot 0
[18:06:56.863] [SEVERE ] removing tokens from slot 0
[18:06:56.863] [SEVERE ] removing card from slot 0
[18:06:56.956] [SEVERE ] key 81 was pressed by player 1
[18:06:56.972] [SEVERE ] removing tokens from slot 9
[18:06:56.972] [SEVERE ] removing card from slot 9
[18:06:57.082] [SEVERE ] removing tokens from slot 11
[18:06:57.082] [SEVERE ] removing card from slot 11
[18:06:57.145] [SEVERE ] player 4 placing token on slot 1
[18:06:57.188] [SEVERE ] removing tokens from slot 10
[18:06:57.188] [SEVERE ] removing card from slot 10
[18:06:57.290] [SEVERE ] removing player 1 token from slot 1
[18:06:57.290] [SEVERE ] removing player 3 token from slot 1
[18:06:57.290] [SEVERE ] removing player 4 token from slot 1
[18:06:57.290] [SEVERE ] removing tokens from slot 1
[18:06:57.290] [SEVERE ] removing card from slot 1
[18:06:57.345] [SEVERE ] key 81 was pressed by player 1
[18:06:57.405] [SEVERE ] removing tokens from slot 5
[18:06:57.405] [SEVERE ] removing card from slot 5
[18:06:57.405] [SEVERE ] updating countdown to 10000
[18:06:57.515] [SEVERE ] placing card 54 in slot 8
[18:06:57.547] [SEVERE ] key 81 was pressed by player 1
[18:06:57.625] [SEVERE ] placing card 57 in slot 6
[18:06:57.735] [SEVERE ] placing card 79 in slot 3
[18:06:57.767] [SEVERE ] key 81 was pressed by player 1
[18:06:57.846] [SEVERE ] placing card 10 in slot 7
[18:06:57.955] [SEVERE ] placing card 52 in slot 4
[18:06:57.987] [SEVERE ] key 81 was pressed by player 1
[18:06:58.066] [SEVERE ] placing card 74 in slot 2
[18:06:58.177] [SEVERE ] placing card 49 in slot 0
[18:06:58.193] [SEVERE ] key 81 was pressed by player 1
[18:06:58.193] [SEVERE ] player 1 placing token on slot 0
[18:06:58.284] [SEVERE ] placing card 80 in slot 9
[18:06:58.380] [SEVERE ] key 81 was pressed by player 1
[18:06:58.380] [SEVERE ] removing player 1 token from slot 0
[18:06:58.396] [SEVERE ] placing card 22 in slot 11
[18:06:58.505] [SEVERE ] placing card 3 in slot 10
[18:06:58.615] [SEVERE ] placing card 50 in slot 1
[18:06:58.724] [SEVERE ] placing card 11 in slot 5
[18:06:59.728] [SEVERE ] updating countdown to 9996
[18:06:59.728] [SEVERE ] player 4 placing token on slot 10
[18:06:59.730] [SEVERE ] player 3 placing token on slot 2
[18:06:59.737] [INFO   ] thread dealer terminated.
[18:07:00.605] [SEVERE ] exit button pressed
[18:07:00.736] [SEVERE ] player 4 placing token on slot 1
[18:07:00.737] [SEVERE ] player 3 placing token on slot 10
[18:07:01.739] [SEVERE ] removing player 4 token from slot 10
[18:07:01.740] [SEVERE ] player 3 placing token on slot 11
[18:07:02.741] [SEVERE ] player 4 placing token on slot 4
[18:07:03.744] [SEVERE ] player 4 placing token on slot 11
[18:07:04.744] [SEVERE ] thanks for playing... it was fun!
[18:07:04.744] [INFO   ] thread bguspl.set.Main.main() terminated.
