[16:50:18.234] [INFO   ] thread bguspl.set.Main.main() starting.
[16:50:18.234] [SEVERE ] cannot read configuration file config.properties trying from resources.
[16:50:18.249] [SEVERE ] configuration file was loaded from resources directory.
[16:50:18.844] [INFO   ] thread dealer starting.
[16:50:18.844] [INFO   ] thread dealer starting.
[16:50:18.844] [INFO   ] thread Thread-3 starting.
[16:50:18.844] [INFO   ] thread Thread-4 starting.
[16:50:18.844] [INFO   ] thread Thread-1 starting.
[16:50:18.844] [INFO   ] thread Thread-2 starting.
[16:50:18.844] [INFO   ] thread computer-2 starting.
[16:50:18.844] [INFO   ] thread computer-3 starting.
[16:50:18.844] [INFO   ] thread computer-0 starting.
[16:50:18.844] [INFO   ] thread computer-1 starting.
[16:50:18.859] [SEVERE ] updating countdown to 60000
[16:50:18.965] [SEVERE ] placing card 76 in slot 4
[16:50:19.076] [SEVERE ] placing card 63 in slot 11
[16:50:19.178] [SEVERE ] placing card 24 in slot 0
[16:50:19.289] [SEVERE ] placing card 29 in slot 1
[16:50:19.389] [SEVERE ] placing card 59 in slot 9
[16:50:19.491] [SEVERE ] placing card 42 in slot 2
[16:50:19.599] [SEVERE ] placing card 28 in slot 5
[16:50:19.709] [SEVERE ] placing card 30 in slot 7
[16:50:19.810] [SEVERE ] placing card 31 in slot 3
[16:50:19.858] [SEVERE ] player 3 placing token on slot 10
[16:50:19.859] [SEVERE ] player 4 placing token on slot 0
[16:50:19.859] [SEVERE ] player 1 placing token on slot 2
[16:50:19.859] [SEVERE ] player 2 placing token on slot 4
[16:50:19.920] [SEVERE ] placing card 21 in slot 8
[16:50:20.020] [SEVERE ] placing card 64 in slot 6
[16:50:20.130] [SEVERE ] placing card 32 in slot 10
[16:50:20.867] [SEVERE ] player 1 placing token on slot 8
[16:50:20.868] [SEVERE ] player 4 placing token on slot 9
[16:50:20.868] [SEVERE ] player 2 placing token on slot 1
[16:50:20.868] [SEVERE ] player 3 placing token on slot 8
[16:50:21.141] [SEVERE ] updating countdown to 59989
[16:50:21.879] [SEVERE ] player 2 placing token on slot 0
[16:50:21.880] [SEVERE ] player 3 placing token on slot 1
[16:50:21.880] [SEVERE ] player 4 placing token on slot 2
[16:50:21.880] [SEVERE ] player 1 placing token on slot 0
[16:50:22.153] [SEVERE ] updating countdown to 58977
[16:50:22.153] [SEVERE ] removing player 2 token from slot 4
[16:50:22.153] [SEVERE ] removing player 2 token from slot 1
[16:50:22.153] [SEVERE ] removing player 2 token from slot 0
[16:50:22.153] [SEVERE ] removing player 3 token from slot 10
[16:50:22.153] [SEVERE ] setting player 2 freeze to 3000
[16:50:22.153] [SEVERE ] removing player 3 token from slot 8
[16:50:22.153] [SEVERE ] removing player 3 token from slot 1
[16:50:22.153] [SEVERE ] removing player 4 token from slot 0
[16:50:22.153] [SEVERE ] setting player 3 freeze to 3000
[16:50:22.153] [SEVERE ] removing player 4 token from slot 9
[16:50:22.153] [SEVERE ] removing player 4 token from slot 2
[16:50:22.153] [SEVERE ] removing player 1 token from slot 2
[16:50:22.153] [SEVERE ] setting player 4 freeze to 3000
[16:50:22.153] [SEVERE ] removing player 1 token from slot 8
[16:50:22.153] [SEVERE ] removing player 1 token from slot 0
[16:50:22.153] [SEVERE ] setting player 1 freeze to 3000
[16:50:23.157] [SEVERE ] setting player 2 freeze to 2000
[16:50:23.157] [SEVERE ] setting player 3 freeze to 2000
[16:50:23.157] [SEVERE ] updating countdown to 57973
[16:50:23.157] [SEVERE ] setting player 1 freeze to 2000
[16:50:23.157] [SEVERE ] setting player 4 freeze to 2000
[16:50:24.162] [SEVERE ] setting player 2 freeze to 1000
[16:50:24.162] [SEVERE ] updating countdown to 56968
[16:50:24.162] [SEVERE ] setting player 1 freeze to 1000
[16:50:24.162] [SEVERE ] setting player 3 freeze to 1000
[16:50:24.162] [SEVERE ] setting player 4 freeze to 1000
[16:50:25.168] [SEVERE ] setting player 2 freeze to 0
[16:50:25.168] [SEVERE ] setting player 4 freeze to 0
[16:50:25.168] [SEVERE ] updating countdown to 55962
[16:50:25.168] [SEVERE ] setting player 1 freeze to 0
[16:50:25.168] [SEVERE ] setting player 3 freeze to 0
[16:50:26.170] [SEVERE ] updating countdown to 54960
[16:50:26.170] [SEVERE ] player 1 placing token on slot 11
[16:50:26.172] [SEVERE ] player 2 placing token on slot 7
[16:50:26.172] [SEVERE ] player 3 placing token on slot 4
[16:50:26.172] [SEVERE ] player 4 placing token on slot 4
[16:50:27.180] [SEVERE ] updating countdown to 53950
[16:50:27.180] [SEVERE ] player 4 placing token on slot 8
[16:50:27.181] [SEVERE ] removing player 1 token from slot 11
[16:50:27.181] [SEVERE ] player 3 placing token on slot 0
[16:50:27.181] [SEVERE ] player 2 placing token on slot 11
[16:50:28.190] [SEVERE ] updating countdown to 52940
[16:50:28.190] [SEVERE ] player 1 placing token on slot 3
[16:50:28.191] [SEVERE ] player 4 placing token on slot 6
[16:50:28.192] [SEVERE ] player 2 placing token on slot 9
[16:50:28.192] [SEVERE ] player 3 placing token on slot 8
[16:50:29.198] [SEVERE ] updating countdown to 51932
[16:50:29.198] [SEVERE ] removing player 4 token from slot 4
[16:50:29.198] [SEVERE ] removing player 4 token from slot 8
[16:50:29.198] [SEVERE ] removing player 4 token from slot 6
[16:50:29.198] [SEVERE ] player 1 placing token on slot 2
[16:50:29.200] [SEVERE ] setting player 4 freeze to 3000
[16:50:29.201] [SEVERE ] removing player 2 token from slot 7
[16:50:29.201] [SEVERE ] removing player 2 token from slot 11
[16:50:29.201] [SEVERE ] removing player 2 token from slot 9
[16:50:29.201] [SEVERE ] removing player 3 token from slot 4
[16:50:29.201] [SEVERE ] removing player 3 token from slot 0
[16:50:29.201] [SEVERE ] setting player 2 freeze to 3000
[16:50:29.201] [SEVERE ] removing player 3 token from slot 8
[16:50:29.201] [SEVERE ] setting player 3 freeze to 3000
[16:50:30.209] [SEVERE ] setting player 2 freeze to 2000
[16:50:30.209] [SEVERE ] setting player 4 freeze to 2000
[16:50:30.209] [SEVERE ] setting player 3 freeze to 2000
[16:50:30.209] [SEVERE ] updating countdown to 50921
[16:50:30.209] [SEVERE ] removing player 1 token from slot 3
[16:50:31.220] [SEVERE ] updating countdown to 49910
[16:50:31.220] [SEVERE ] setting player 4 freeze to 1000
[16:50:31.220] [SEVERE ] setting player 2 freeze to 1000
[16:50:31.220] [SEVERE ] setting player 3 freeze to 1000
[16:50:31.220] [SEVERE ] player 1 placing token on slot 3
[16:50:32.229] [SEVERE ] setting player 3 freeze to 0
[16:50:32.229] [SEVERE ] setting player 2 freeze to 0
[16:50:32.229] [SEVERE ] updating countdown to 48901
[16:50:32.229] [SEVERE ] setting player 4 freeze to 0
[16:50:32.229] [SEVERE ] player 1 placing token on slot 1
[16:50:33.238] [SEVERE ] updating countdown to 47893
[16:50:33.238] [SEVERE ] removing player 1 token from slot 2
[16:50:33.238] [SEVERE ] removing player 1 token from slot 3
[16:50:33.239] [SEVERE ] removing player 1 token from slot 1
[16:50:33.239] [SEVERE ] player 4 placing token on slot 10
[16:50:33.239] [SEVERE ] setting player 1 freeze to 3000
[16:50:33.239] [SEVERE ] player 3 placing token on slot 0
[16:50:33.239] [SEVERE ] player 2 placing token on slot 8
[16:50:34.253] [SEVERE ] setting player 1 freeze to 2000
[16:50:34.253] [SEVERE ] updating countdown to 46877
[16:50:34.253] [SEVERE ] player 2 placing token on slot 1
[16:50:34.254] [SEVERE ] player 4 placing token on slot 11
[16:50:34.254] [SEVERE ] player 3 placing token on slot 2
[16:50:35.261] [SEVERE ] setting player 1 freeze to 1000
[16:50:35.261] [SEVERE ] updating countdown to 45869
[16:50:35.262] [SEVERE ] player 4 placing token on slot 4
[16:50:35.262] [SEVERE ] player 3 placing token on slot 10
[16:50:35.262] [SEVERE ] removing player 2 token from slot 1
[16:50:36.270] [SEVERE ] setting player 1 freeze to 0
[16:50:36.270] [SEVERE ] updating countdown to 44860
[16:50:36.270] [SEVERE ] removing player 4 token from slot 10
[16:50:36.270] [SEVERE ] removing player 4 token from slot 11
[16:50:36.270] [SEVERE ] removing player 4 token from slot 4
[16:50:36.270] [SEVERE ] removing player 3 token from slot 0
[16:50:36.270] [SEVERE ] setting player 4 freeze to 3000
[16:50:36.270] [SEVERE ] player 2 placing token on slot 4
[16:50:36.272] [SEVERE ] removing player 3 token from slot 2
[16:50:36.272] [SEVERE ] removing player 3 token from slot 10
[16:50:36.272] [SEVERE ] setting player 3 freeze to 3000
[16:50:37.279] [SEVERE ] updating countdown to 43851
[16:50:37.279] [SEVERE ] setting player 4 freeze to 2000
[16:50:37.279] [SEVERE ] setting player 3 freeze to 2000
[16:50:37.279] [SEVERE ] player 1 placing token on slot 5
[16:50:37.280] [SEVERE ] removing player 2 token from slot 4
[16:50:38.293] [SEVERE ] setting player 3 freeze to 1000
[16:50:38.293] [SEVERE ] setting player 4 freeze to 1000
[16:50:38.293] [SEVERE ] updating countdown to 42837
[16:50:38.294] [SEVERE ] player 2 placing token on slot 9
[16:50:38.294] [SEVERE ] player 1 placing token on slot 1
[16:50:39.305] [SEVERE ] setting player 4 freeze to 0
[16:50:39.305] [SEVERE ] updating countdown to 41825
[16:50:39.305] [SEVERE ] setting player 3 freeze to 0
[16:50:39.307] [SEVERE ] player 2 placing token on slot 7
[16:50:39.308] [SEVERE ] player 1 placing token on slot 10
[16:50:40.310] [SEVERE ] updating countdown to 40820
[16:50:40.311] [SEVERE ] removing player 2 token from slot 8
[16:50:40.311] [SEVERE ] removing player 2 token from slot 9
[16:50:40.311] [SEVERE ] removing player 2 token from slot 7
[16:50:40.312] [SEVERE ] setting player 2 freeze to 3000
[16:50:40.312] [SEVERE ] player 3 placing token on slot 11
[16:50:40.312] [SEVERE ] removing player 1 token from slot 5
[16:50:40.313] [SEVERE ] removing player 1 token from slot 1
[16:50:40.313] [SEVERE ] removing player 1 token from slot 10
[16:50:40.313] [SEVERE ] player 4 placing token on slot 1
[16:50:40.313] [SEVERE ] setting player 1 freeze to 3000
[16:50:41.325] [SEVERE ] setting player 2 freeze to 2000
[16:50:41.325] [SEVERE ] setting player 1 freeze to 2000
[16:50:41.325] [SEVERE ] updating countdown to 39805
[16:50:41.326] [SEVERE ] player 3 placing token on slot 3
[16:50:41.328] [SEVERE ] player 4 placing token on slot 9
[16:50:42.337] [SEVERE ] setting player 2 freeze to 1000
[16:50:42.337] [SEVERE ] setting player 1 freeze to 1000
[16:50:42.337] [SEVERE ] updating countdown to 38793
[16:50:42.338] [SEVERE ] player 4 placing token on slot 11
[16:50:42.339] [SEVERE ] player 3 placing token on slot 10
[16:50:43.349] [SEVERE ] setting player 1 freeze to 0
[16:50:43.349] [SEVERE ] setting player 2 freeze to 0
[16:50:43.349] [SEVERE ] updating countdown to 37781
[16:50:43.349] [SEVERE ] removing player 4 token from slot 1
[16:50:43.349] [SEVERE ] removing player 4 token from slot 9
[16:50:43.349] [SEVERE ] removing player 4 token from slot 11
[16:50:43.351] [SEVERE ] removing player 3 token from slot 11
[16:50:43.351] [SEVERE ] setting player 4 freeze to 3000
[16:50:43.351] [SEVERE ] removing player 3 token from slot 3
[16:50:43.351] [SEVERE ] removing player 3 token from slot 10
[16:50:43.351] [SEVERE ] setting player 3 freeze to 3000
[16:50:44.351] [SEVERE ] player 2 placing token on slot 4
[16:50:44.352] [SEVERE ] player 1 placing token on slot 3
[16:50:44.354] [SEVERE ] setting player 3 freeze to 2000
[16:50:44.354] [SEVERE ] setting player 4 freeze to 2000
[16:50:44.354] [SEVERE ] updating countdown to 36776
