[17:22:30.545] [INFO   ] thread bguspl.set.Main.main() starting.
[17:22:30.546] [SEVERE ] cannot read configuration file config.properties trying from resources.
[17:22:30.546] [SEVERE ] configuration file was loaded from resources directory.
[17:22:31.168] [INFO   ] thread dealer starting.
[17:22:31.168] [INFO   ] thread dealer starting.
[17:22:31.168] [INFO   ] thread Thread-1 starting.
[17:22:31.168] [INFO   ] thread Thread-2 starting.
[17:22:31.171] [INFO   ] thread computer-1 starting.
[17:22:31.186] [SEVERE ] updating countdown to 20000
[17:22:31.291] [SEVERE ] placing card 75 in slot 6
[17:22:31.406] [SEVERE ] placing card 64 in slot 0
[17:22:31.513] [SEVERE ] placing card 40 in slot 7
[17:22:31.614] [SEVERE ] placing card 1 in slot 9
[17:22:31.725] [SEVERE ] placing card 77 in slot 4
[17:22:31.826] [SEVERE ] placing card 39 in slot 5
[17:22:31.946] [SEVERE ] placing card 26 in slot 8
[17:22:32.074] [SEVERE ] placing card 6 in slot 3
[17:22:32.184] [SEVERE ] placing card 16 in slot 10
[17:22:32.294] [SEVERE ] placing card 66 in slot 2
[17:22:32.403] [SEVERE ] placing card 50 in slot 11
[17:22:32.513] [SEVERE ] placing card 57 in slot 1
[17:22:32.514] [SEVERE ] player 2 placing token on slot 0
[17:22:33.527] [SEVERE ] updating countdown to 19986
[17:22:33.527] [SEVERE ] removing player 2 token from slot 0
[17:22:34.538] [SEVERE ] updating countdown to 18975
[17:22:34.538] [SEVERE ] player 2 placing token on slot 9
[17:22:35.545] [SEVERE ] updating countdown to 17968
[17:22:35.545] [SEVERE ] player 2 placing token on slot 2
[17:22:36.561] [SEVERE ] updating countdown to 16952
[17:22:36.561] [SEVERE ] player 2 placing token on slot 0
[17:22:37.563] [SEVERE ] updating countdown to 15950
[17:22:37.563] [SEVERE ] removing player 2 token from slot 9
[17:22:37.563] [SEVERE ] removing player 2 token from slot 2
[17:22:37.566] [SEVERE ] removing player 2 token from slot 0
[17:22:37.566] [SEVERE ] setting player 2 freeze to 3000
[17:22:38.567] [SEVERE ] setting player 2 freeze to 2000
[17:22:38.568] [SEVERE ] updating countdown to 14945
[17:22:39.578] [SEVERE ] updating countdown to 13935
[17:22:39.578] [SEVERE ] setting player 2 freeze to 1000
[17:22:40.590] [SEVERE ] updating countdown to 12923
[17:22:40.590] [SEVERE ] setting player 2 freeze to 0
[17:22:41.593] [SEVERE ] updating countdown to 11920
[17:22:41.593] [SEVERE ] player 2 placing token on slot 7
[17:22:42.600] [SEVERE ] updating countdown to 10913
[17:22:42.600] [SEVERE ] player 2 placing token on slot 2
[17:22:43.601] [SEVERE ] updating countdown to 9912
[17:22:43.601] [SEVERE ] player 2 placing token on slot 0
[17:22:44.617] [SEVERE ] updating countdown to 8896
[17:22:44.617] [SEVERE ] removing player 2 token from slot 7
[17:22:44.617] [SEVERE ] removing player 2 token from slot 2
[17:22:44.617] [SEVERE ] removing player 2 token from slot 0
[17:22:44.617] [SEVERE ] setting player 2 freeze to 3000
[17:22:45.624] [SEVERE ] setting player 2 freeze to 2000
[17:22:45.624] [SEVERE ] updating countdown to 7889
[17:22:46.632] [SEVERE ] setting player 2 freeze to 1000
[17:22:46.632] [SEVERE ] updating countdown to 6881
[17:22:47.636] [SEVERE ] updating countdown to 5877
[17:22:47.636] [SEVERE ] setting player 2 freeze to 0
[17:22:48.639] [SEVERE ] player 2 placing token on slot 7
[17:22:49.641] [SEVERE ] player 2 placing token on slot 3
[17:22:50.653] [SEVERE ] player 2 placing token on slot 1
[17:22:50.653] [SEVERE ] removing player 2 token from slot 7
[17:22:50.653] [SEVERE ] removing player 2 token from slot 3
[17:22:50.653] [SEVERE ] removing player 2 token from slot 1
[17:22:50.653] [SEVERE ] setting player 2 freeze to 3000
[17:22:51.669] [SEVERE ] setting player 2 freeze to 2000
[17:22:52.672] [SEVERE ] setting player 2 freeze to 1000
[17:22:53.519] [SEVERE ] updating countdown to 20000
[17:22:53.629] [SEVERE ] removing tokens from slot 6
[17:22:53.629] [SEVERE ] removing card from slot 6
[17:22:53.676] [SEVERE ] setting player 2 freeze to 0
[17:22:53.739] [SEVERE ] removing tokens from slot 0
[17:22:53.739] [SEVERE ] removing card from slot 0
[17:22:53.848] [SEVERE ] removing tokens from slot 7
[17:22:53.848] [SEVERE ] removing card from slot 7
[17:22:53.958] [SEVERE ] removing tokens from slot 9
[17:22:53.958] [SEVERE ] removing card from slot 9
[17:22:54.068] [SEVERE ] removing tokens from slot 4
[17:22:54.068] [SEVERE ] removing card from slot 4
[17:22:54.178] [SEVERE ] removing tokens from slot 5
[17:22:54.178] [SEVERE ] removing card from slot 5
[17:22:54.288] [SEVERE ] removing tokens from slot 8
[17:22:54.288] [SEVERE ] removing card from slot 8
[17:22:54.398] [SEVERE ] removing tokens from slot 3
[17:22:54.398] [SEVERE ] removing card from slot 3
[17:22:54.508] [SEVERE ] removing tokens from slot 10
[17:22:54.508] [SEVERE ] removing card from slot 10
[17:22:54.617] [SEVERE ] removing tokens from slot 2
[17:22:54.617] [SEVERE ] removing card from slot 2
