[16:59:23.808] [INFO   ] thread bguspl.set.Main.main() starting.
[16:59:23.808] [SEVERE ] cannot read configuration file config.properties trying from resources.
[16:59:23.808] [SEVERE ] configuration file was loaded from resources directory.
[16:59:24.431] [INFO   ] thread dealer starting.
[16:59:24.431] [INFO   ] thread dealer starting.
[16:59:24.431] [INFO   ] thread Thread-1 starting.
[16:59:24.431] [INFO   ] thread Thread-2 starting.
[16:59:24.446] [INFO   ] thread computer-1 starting.
[16:59:24.458] [SEVERE ] updating countdown to 60000
[16:59:24.573] [SEVERE ] placing card 70 in slot 4
[16:59:24.676] [SEVERE ] placing card 80 in slot 3
[16:59:24.777] [SEVERE ] placing card 24 in slot 6
[16:59:24.887] [SEVERE ] placing card 22 in slot 9
[16:59:24.988] [SEVERE ] placing card 45 in slot 5
[16:59:25.098] [SEVERE ] placing card 27 in slot 1
[16:59:25.199] [SEVERE ] placing card 73 in slot 7
[16:59:25.313] [SEVERE ] placing card 46 in slot 2
[16:59:25.426] [SEVERE ] placing card 12 in slot 10
[16:59:25.457] [SEVERE ] player 2 placing token on slot 10
[16:59:25.533] [SEVERE ] placing card 44 in slot 8
[16:59:25.644] [SEVERE ] placing card 15 in slot 11
[16:59:25.754] [SEVERE ] placing card 47 in slot 0
[16:59:26.460] [SEVERE ] removing player 2 token from slot 10
[16:59:26.757] [SEVERE ] updating countdown to 59997
[16:59:27.467] [SEVERE ] player 2 placing token on slot 4
[16:59:27.705] [SEVERE ] key 81 was pressed by player 1
[16:59:27.705] [SEVERE ] player 1 placing token on slot 0
[16:59:27.761] [SEVERE ] updating countdown to 58993
[16:59:27.920] [SEVERE ] key 87 was pressed by player 1
[16:59:27.920] [SEVERE ] player 1 placing token on slot 1
[16:59:28.132] [SEVERE ] key 69 was pressed by player 1
[16:59:28.143] [SEVERE ] player 1 placing token on slot 2
[16:59:28.325] [SEVERE ] key 82 was pressed by player 1
[16:59:28.482] [SEVERE ] player 2 placing token on slot 3
[16:59:28.607] [SEVERE ] key 65 was pressed by player 1
[16:59:28.776] [SEVERE ] updating countdown to 57978
[16:59:28.776] [SEVERE ] removing player 1 token from slot 0
[16:59:28.776] [SEVERE ] removing player 1 token from slot 1
[16:59:28.776] [SEVERE ] removing player 1 token from slot 2
[16:59:28.776] [SEVERE ] setting player 1 freeze to 3000
[16:59:28.793] [SEVERE ] key 83 was pressed by player 1
[16:59:28.975] [SEVERE ] key 68 was pressed by player 1
[16:59:29.495] [SEVERE ] player 2 placing token on slot 10
[16:59:29.788] [SEVERE ] updating countdown to 56966
[16:59:29.788] [SEVERE ] setting player 1 freeze to 2000
[16:59:29.788] [SEVERE ] removing player 2 token from slot 4
[16:59:29.788] [SEVERE ] removing player 2 token from slot 3
[16:59:29.788] [SEVERE ] removing player 2 token from slot 10
[16:59:29.788] [SEVERE ] setting player 2 freeze to 3000
[16:59:30.800] [SEVERE ] setting player 2 freeze to 2000
[16:59:30.800] [SEVERE ] setting player 1 freeze to 1000
[16:59:30.800] [SEVERE ] updating countdown to 55954
[16:59:31.805] [SEVERE ] setting player 2 freeze to 1000
[16:59:31.805] [SEVERE ] updating countdown to 54949
[16:59:31.805] [SEVERE ] setting player 1 freeze to 0
[16:59:32.811] [SEVERE ] updating countdown to 53943
[16:59:32.811] [SEVERE ] setting player 2 freeze to 0
[16:59:33.816] [SEVERE ] updating countdown to 52938
[16:59:33.816] [SEVERE ] player 2 placing token on slot 3
[16:59:34.826] [SEVERE ] updating countdown to 51928
[16:59:34.826] [SEVERE ] player 2 placing token on slot 0
[16:59:35.842] [SEVERE ] updating countdown to 50912
[16:59:35.842] [SEVERE ] player 2 placing token on slot 11
[16:59:36.852] [SEVERE ] updating countdown to 49902
[16:59:36.852] [SEVERE ] removing player 2 token from slot 3
[16:59:36.852] [SEVERE ] removing player 2 token from slot 0
[16:59:36.852] [SEVERE ] removing player 2 token from slot 11
[16:59:36.852] [SEVERE ] setting player 2 freeze to 3000
[16:59:37.766] [SEVERE ] key 81 was pressed by player 1
[16:59:37.774] [SEVERE ] player 1 placing token on slot 0
[16:59:37.857] [SEVERE ] updating countdown to 48897
[16:59:37.858] [SEVERE ] setting player 2 freeze to 2000
[16:59:38.004] [SEVERE ] key 87 was pressed by player 1
[16:59:38.004] [SEVERE ] player 1 placing token on slot 1
[16:59:38.187] [SEVERE ] key 69 was pressed by player 1
[16:59:38.202] [SEVERE ] player 1 placing token on slot 2
[16:59:38.368] [SEVERE ] key 82 was pressed by player 1
[16:59:38.619] [SEVERE ] key 65 was pressed by player 1
[16:59:38.871] [SEVERE ] setting player 2 freeze to 1000
[16:59:38.871] [SEVERE ] updating countdown to 47883
[16:59:38.871] [SEVERE ] removing player 1 token from slot 0
[16:59:38.871] [SEVERE ] removing player 1 token from slot 1
[16:59:38.871] [SEVERE ] removing player 1 token from slot 2
[16:59:38.871] [SEVERE ] setting player 1 freeze to 3000
[16:59:39.886] [SEVERE ] setting player 1 freeze to 2000
[16:59:39.886] [SEVERE ] updating countdown to 46868
[16:59:39.886] [SEVERE ] setting player 2 freeze to 0
[16:59:40.898] [SEVERE ] updating countdown to 45856
[16:59:40.898] [SEVERE ] setting player 1 freeze to 1000
[16:59:40.898] [SEVERE ] player 2 placing token on slot 2
[16:59:41.899] [SEVERE ] setting player 1 freeze to 0
[16:59:41.899] [SEVERE ] updating countdown to 44855
[16:59:41.899] [SEVERE ] player 2 placing token on slot 9
[16:59:42.915] [SEVERE ] updating countdown to 43839
[16:59:42.915] [SEVERE ] player 2 placing token on slot 4
[16:59:43.930] [SEVERE ] updating countdown to 42824
[16:59:43.930] [SEVERE ] removing player 2 token from slot 2
[16:59:43.930] [SEVERE ] removing player 2 token from slot 9
[16:59:43.930] [SEVERE ] removing player 2 token from slot 4
[16:59:43.930] [SEVERE ] setting player 2 freeze to 3000
[16:59:44.580] [SEVERE ] key 81 was pressed by player 1
[16:59:44.580] [SEVERE ] player 1 placing token on slot 0
[16:59:44.783] [SEVERE ] key 87 was pressed by player 1
[16:59:44.783] [SEVERE ] player 1 placing token on slot 1
[16:59:44.936] [SEVERE ] updating countdown to 41818
[16:59:44.936] [SEVERE ] setting player 2 freeze to 2000
[16:59:44.968] [SEVERE ] key 69 was pressed by player 1
[16:59:44.968] [SEVERE ] player 1 placing token on slot 2
[16:59:45.143] [SEVERE ] key 82 was pressed by player 1
[16:59:45.350] [SEVERE ] key 82 was pressed by player 1
[16:59:45.944] [SEVERE ] updating countdown to 40810
[16:59:45.944] [SEVERE ] setting player 2 freeze to 1000
[16:59:45.944] [SEVERE ] removing player 1 token from slot 0
[16:59:45.944] [SEVERE ] removing player 1 token from slot 1
[16:59:45.944] [SEVERE ] removing player 1 token from slot 2
[16:59:45.944] [SEVERE ] setting player 1 freeze to 3000
[16:59:46.953] [SEVERE ] setting player 1 freeze to 2000
[16:59:46.953] [SEVERE ] updating countdown to 39801
[16:59:46.953] [SEVERE ] setting player 2 freeze to 0
[16:59:47.936] [SEVERE ] key 81 was pressed by player 1
[16:59:47.958] [SEVERE ] setting player 1 freeze to 1000
[16:59:47.958] [SEVERE ] updating countdown to 38796
[16:59:47.958] [SEVERE ] player 2 placing token on slot 4
[16:59:48.121] [SEVERE ] key 87 was pressed by player 1
[16:59:48.325] [SEVERE ] key 69 was pressed by player 1
[16:59:48.969] [SEVERE ] setting player 1 freeze to 0
[16:59:48.969] [SEVERE ] updating countdown to 37785
[16:59:48.969] [SEVERE ] player 2 placing token on slot 11
[16:59:49.971] [SEVERE ] updating countdown to 36783
[16:59:49.972] [SEVERE ] player 2 placing token on slot 1
[16:59:50.526] [SEVERE ] key 65 was pressed by player 1
[16:59:50.526] [SEVERE ] player 1 placing token on slot 4
[16:59:50.762] [SEVERE ] key 83 was pressed by player 1
[16:59:50.762] [SEVERE ] player 1 placing token on slot 5
[16:59:50.983] [SEVERE ] updating countdown to 35771
[16:59:50.983] [SEVERE ] removing player 2 token from slot 4
[16:59:50.983] [SEVERE ] removing player 2 token from slot 11
[16:59:50.983] [SEVERE ] removing player 2 token from slot 1
[16:59:50.983] [SEVERE ] setting player 2 freeze to 3000
[16:59:51.015] [SEVERE ] key 68 was pressed by player 1
[16:59:51.015] [SEVERE ] player 1 placing token on slot 6
[16:59:51.226] [SEVERE ] key 70 was pressed by player 1
[16:59:51.994] [SEVERE ] setting player 2 freeze to 2000
[16:59:51.994] [SEVERE ] updating countdown to 34760
[16:59:51.994] [SEVERE ] removing player 1 token from slot 4
[16:59:51.994] [SEVERE ] removing player 1 token from slot 5
[16:59:51.994] [SEVERE ] removing player 1 token from slot 6
[16:59:51.994] [SEVERE ] setting player 1 freeze to 3000
[16:59:53.005] [SEVERE ] setting player 1 freeze to 2000
[16:59:53.005] [SEVERE ] updating countdown to 33749
[16:59:53.005] [SEVERE ] setting player 2 freeze to 1000
[16:59:54.010] [SEVERE ] setting player 1 freeze to 1000
[16:59:54.010] [SEVERE ] updating countdown to 32744
[16:59:54.010] [SEVERE ] setting player 2 freeze to 0
[16:59:54.371] [SEVERE ] key 90 was pressed by player 1
[16:59:54.387] [SEVERE ] key 86 was pressed by player 1
[16:59:54.403] [SEVERE ] key 67 was pressed by player 1
[16:59:55.021] [SEVERE ] updating countdown to 31733
[16:59:55.021] [SEVERE ] setting player 1 freeze to 0
[16:59:55.021] [SEVERE ] player 2 placing token on slot 4
[16:59:55.417] [SEVERE ] key 90 was pressed by player 1
[16:59:55.427] [SEVERE ] player 1 placing token on slot 8
[16:59:55.427] [SEVERE ] key 86 was pressed by player 1
[16:59:55.439] [SEVERE ] player 1 placing token on slot 11
[16:59:55.445] [SEVERE ] key 67 was pressed by player 1
[16:59:55.445] [SEVERE ] player 1 placing token on slot 10
[16:59:56.023] [SEVERE ] updating countdown to 30731
[16:59:56.024] [SEVERE ] player 2 placing token on slot 11
[16:59:56.025] [SEVERE ] removing player 1 token from slot 8
[16:59:56.025] [SEVERE ] removing player 1 token from slot 11
[16:59:56.025] [SEVERE ] removing player 1 token from slot 10
[16:59:56.025] [SEVERE ] setting player 1 freeze to 3000
[16:59:56.025] [SEVERE ] key 88 was pressed by player 1
[16:59:57.034] [SEVERE ] updating countdown to 29720
[16:59:57.034] [SEVERE ] setting player 1 freeze to 2000
[16:59:57.034] [SEVERE ] player 2 placing token on slot 0
[16:59:58.042] [SEVERE ] setting player 1 freeze to 1000
[16:59:58.042] [SEVERE ] updating countdown to 28712
[16:59:58.042] [SEVERE ] removing player 2 token from slot 4
[16:59:58.042] [SEVERE ] removing player 2 token from slot 11
[16:59:58.042] [SEVERE ] removing player 2 token from slot 0
[16:59:58.042] [SEVERE ] setting player 2 freeze to 3000
[16:59:59.055] [SEVERE ] setting player 2 freeze to 2000
[16:59:59.055] [SEVERE ] setting player 1 freeze to 0
[16:59:59.055] [SEVERE ] updating countdown to 27699
[17:00:00.061] [SEVERE ] updating countdown to 26693
[17:00:00.061] [SEVERE ] setting player 2 freeze to 1000
[17:00:00.794] [SEVERE ] key 68 was pressed by player 1
[17:00:00.794] [SEVERE ] player 1 placing token on slot 6
[17:00:00.812] [SEVERE ] key 70 was pressed by player 1
[17:00:00.815] [SEVERE ] player 1 placing token on slot 7
[17:00:00.826] [SEVERE ] key 65 was pressed by player 1
[17:00:00.827] [SEVERE ] player 1 placing token on slot 4
[17:00:00.879] [SEVERE ] key 83 was pressed by player 1
[17:00:01.062] [SEVERE ] updating countdown to 25692
[17:00:01.062] [SEVERE ] setting player 2 freeze to 0
[17:00:01.062] [SEVERE ] removing player 1 token from slot 6
[17:00:01.063] [SEVERE ] removing player 1 token from slot 7
[17:00:01.063] [SEVERE ] removing player 1 token from slot 4
[17:00:01.063] [SEVERE ] setting player 1 freeze to 3000
[17:00:02.072] [SEVERE ] updating countdown to 24682
[17:00:02.072] [SEVERE ] setting player 1 freeze to 2000
[17:00:02.073] [SEVERE ] player 2 placing token on slot 11
[17:00:02.502] [SEVERE ] key 70 was pressed by player 1
[17:00:02.533] [SEVERE ] key 65 was pressed by player 1
[17:00:02.564] [SEVERE ] key 68 was pressed by player 1
[17:00:02.643] [SEVERE ] key 83 was pressed by player 1
[17:00:03.082] [SEVERE ] updating countdown to 23672
[17:00:03.082] [SEVERE ] setting player 1 freeze to 1000
[17:00:03.083] [SEVERE ] player 2 placing token on slot 10
[17:00:04.083] [SEVERE ] setting player 1 freeze to 0
[17:00:04.083] [SEVERE ] updating countdown to 22671
[17:00:04.085] [SEVERE ] removing player 2 token from slot 10
[17:00:05.099] [SEVERE ] updating countdown to 21655
[17:00:05.099] [SEVERE ] player 2 placing token on slot 8
[17:00:06.113] [SEVERE ] updating countdown to 20641
[17:00:06.113] [SEVERE ] player 2 placing token on slot 10
[17:00:06.368] [SEVERE ] key 81 was pressed by player 1
[17:00:06.368] [SEVERE ] player 1 placing token on slot 0
[17:00:06.491] [SEVERE ] key 82 was pressed by player 1
[17:00:06.491] [SEVERE ] player 1 placing token on slot 3
[17:00:06.549] [SEVERE ] key 87 was pressed by player 1
[17:00:06.550] [SEVERE ] player 1 placing token on slot 1
[17:00:06.652] [SEVERE ] key 69 was pressed by player 1
[17:00:07.116] [SEVERE ] updating countdown to 19638
[17:00:07.116] [SEVERE ] removing player 2 token from slot 11
[17:00:07.118] [SEVERE ] removing player 2 token from slot 8
[17:00:07.118] [SEVERE ] removing player 2 token from slot 10
[17:00:07.118] [SEVERE ] setting player 2 freeze to 3000
[17:00:07.118] [SEVERE ] removing player 1 token from slot 0
[17:00:07.118] [SEVERE ] removing player 1 token from slot 3
[17:00:07.118] [SEVERE ] removing player 1 token from slot 1
[17:00:07.118] [SEVERE ] setting player 1 freeze to 3000
[17:00:08.130] [SEVERE ] setting player 2 freeze to 2000
[17:00:08.130] [SEVERE ] setting player 1 freeze to 2000
[17:00:08.130] [SEVERE ] updating countdown to 18624
[17:00:09.136] [SEVERE ] updating countdown to 17618
[17:00:09.136] [SEVERE ] setting player 1 freeze to 1000
[17:00:09.136] [SEVERE ] setting player 2 freeze to 1000
[17:00:10.142] [SEVERE ] setting player 2 freeze to 0
[17:00:10.142] [SEVERE ] updating countdown to 16612
[17:00:10.142] [SEVERE ] setting player 1 freeze to 0
[17:00:11.149] [SEVERE ] updating countdown to 15605
[17:00:11.149] [SEVERE ] player 2 placing token on slot 7
[17:00:12.161] [SEVERE ] updating countdown to 14593
[17:00:12.161] [SEVERE ] player 2 placing token on slot 10
[17:00:13.174] [SEVERE ] updating countdown to 13580
[17:00:13.174] [SEVERE ] player 2 placing token on slot 0
[17:00:14.189] [SEVERE ] updating countdown to 12565
[17:00:14.189] [SEVERE ] removing player 2 token from slot 7
[17:00:14.189] [SEVERE ] removing player 2 token from slot 10
[17:00:14.189] [SEVERE ] removing player 2 token from slot 0
[17:00:14.189] [SEVERE ] setting player 2 freeze to 3000
[17:00:15.200] [SEVERE ] updating countdown to 11554
[17:00:15.200] [SEVERE ] setting player 2 freeze to 2000
[17:00:16.211] [SEVERE ] updating countdown to 10543
[17:00:16.211] [SEVERE ] setting player 2 freeze to 1000
[17:00:17.218] [SEVERE ] updating countdown to 9536
[17:00:17.218] [SEVERE ] setting player 2 freeze to 0
[17:00:17.807] [SEVERE ] key 81 was pressed by player 1
[17:00:17.807] [SEVERE ] player 1 placing token on slot 0
[17:00:18.232] [SEVERE ] updating countdown to 8522
[17:00:18.232] [SEVERE ] player 2 placing token on slot 1
[17:00:18.476] [SEVERE ] key 83 was pressed by player 1
[17:00:18.476] [SEVERE ] player 1 placing token on slot 5
[17:00:19.006] [SEVERE ] key 69 was pressed by player 1
[17:00:19.006] [SEVERE ] player 1 placing token on slot 2
[17:00:19.235] [SEVERE ] updating countdown to 7519
[17:00:19.235] [SEVERE ] player 2 placing token on slot 0
[17:00:19.339] [SEVERE ] removing player 1 token from slot 0
[17:00:19.339] [SEVERE ] removing player 2 token from slot 0
[17:00:19.339] [SEVERE ] removing tokens from slot 0
[17:00:19.339] [SEVERE ] removing card from slot 0
[17:00:19.442] [SEVERE ] removing player 1 token from slot 5
[17:00:19.442] [SEVERE ] removing tokens from slot 5
[17:00:19.442] [SEVERE ] removing card from slot 5
[17:00:19.551] [SEVERE ] removing player 1 token from slot 2
[17:00:19.551] [SEVERE ] removing tokens from slot 2
[17:00:19.551] [SEVERE ] removing card from slot 2
[17:00:19.554] [SEVERE ] setting player 1 score to 1
[17:00:19.554] [SEVERE ] setting player 1 freeze to 1000
[17:00:19.662] [SEVERE ] placing card 23 in slot 5
[17:00:19.772] [SEVERE ] placing card 65 in slot 2
[17:00:19.882] [SEVERE ] placing card 64 in slot 0
[17:00:20.243] [SEVERE ] player 2 placing token on slot 7
[17:00:20.569] [SEVERE ] setting player 1 freeze to 0
[17:00:20.883] [SEVERE ] updating countdown to 5871
[17:00:21.246] [SEVERE ] player 2 placing token on slot 4
[17:00:21.898] [SEVERE ] removing player 2 token from slot 1
[17:00:21.898] [SEVERE ] removing player 2 token from slot 7
[17:00:21.898] [SEVERE ] removing player 2 token from slot 4
[17:00:21.898] [SEVERE ] setting player 2 freeze to 3000
[17:00:22.908] [SEVERE ] setting player 2 freeze to 2000
[17:00:23.914] [SEVERE ] setting player 2 freeze to 1000
[17:00:24.919] [SEVERE ] setting player 2 freeze to 0
[17:00:25.754] [SEVERE ] updating countdown to 1000
[17:00:25.754] [SEVERE ] updating countdown to 1000
[17:00:25.754] [SEVERE ] updating countdown to 1000
[17:00:25.754] [SEVERE ] updating countdown to 1000
[17:00:25.754] [SEVERE ] updating countdown to 1000
[17:00:25.754] [SEVERE ] updating countdown to 1000
[17:00:25.754] [SEVERE ] updating countdown to 1000
[17:00:25.754] [SEVERE ] updating countdown to 1000
[17:00:25.754] [SEVERE ] updating countdown to 1000
[17:00:25.754] [SEVERE ] updating countdown to 1000
[17:00:25.754] [SEVERE ] updating countdown to 1000
[17:00:25.754] [SEVERE ] updating countdown to 1000
[17:00:25.754] [SEVERE ] updating countdown to 1000
[17:00:25.754] [SEVERE ] updating countdown to 1000
[17:00:25.754] [SEVERE ] updating countdown to 1000
[17:00:25.754] [SEVERE ] updating countdown to 1000
[17:00:25.754] [SEVERE ] updating countdown to 1000
[17:00:25.754] [SEVERE ] updating countdown to 1000
[17:00:25.754] [SEVERE ] updating countdown to 1000
[17:00:25.754] [SEVERE ] updating countdown to 1000
[17:00:25.754] [SEVERE ] updating countdown to 1000
[17:00:25.754] [SEVERE ] updating countdown to 1000
[17:00:25.754] [SEVERE ] updating countdown to 1000
[17:00:25.754] [SEVERE ] updating countdown to 1000
[17:00:25.754] [SEVERE ] updating countdown to 1000
[17:00:25.754] [SEVERE ] updating countdown to 1000
[17:00:25.754] [SEVERE ] updating countdown to 1000
[17:00:25.754] [SEVERE ] updating countdown to 1000
[17:00:25.754] [SEVERE ] updating countdown to 1000
[17:00:25.754] [SEVERE ] updating countdown to 1000
[17:00:25.754] [SEVERE ] updating countdown to 1000
[17:00:25.754] [SEVERE ] updating countdown to 1000
[17:00:25.754] [SEVERE ] updating countdown to 1000
[17:00:25.754] [SEVERE ] updating countdown to 1000
[17:00:25.754] [SEVERE ] updating countdown to 1000
[17:00:25.754] [SEVERE ] updating countdown to 1000
[17:00:25.754] [SEVERE ] updating countdown to 1000
[17:00:25.754] [SEVERE ] updating countdown to 1000
[17:00:25.754] [SEVERE ] updating countdown to 1000
[17:00:25.754] [SEVERE ] updating countdown to 1000
[17:00:25.754] [SEVERE ] updating countdown to 1000
[17:00:25.754] [SEVERE ] updating countdown to 1000
[17:00:25.754] [SEVERE ] updating countdown to 1000
[17:00:25.754] [SEVERE ] updating countdown to 1000
[17:00:25.754] [SEVERE ] updating countdown to 1000
[17:00:25.754] [SEVERE ] updating countdown to 1000
[17:00:25.754] [SEVERE ] updating countdown to 1000
[17:00:25.754] [SEVERE ] updating countdown to 1000
[17:00:25.754] [SEVERE ] updating countdown to 1000
[17:00:25.754] [SEVERE ] updating countdown to 1000
[17:00:25.754] [SEVERE ] updating countdown to 1000
[17:00:25.754] [SEVERE ] updating countdown to 1000
[17:00:25.754] [SEVERE ] updating countdown to 1000
[17:00:25.754] [SEVERE ] updating countdown to 1000
[17:00:25.754] [SEVERE ] updating countdown to 1000
[17:00:25.754] [SEVERE ] updating countdown to 1000
[17:00:25.754] [SEVERE ] updating countdown to 1000
[17:00:25.754] [SEVERE ] updating countdown to 1000
[17:00:25.754] [SEVERE ] updating countdown to 1000
[17:00:25.754] [SEVERE ] updating countdown to 1000
[17:00:25.754] [SEVERE ] updating countdown to 1000
[17:00:25.754] [SEVERE ] updating countdown to 1000
[17:00:25.754] [SEVERE ] updating countdown to 1000
[17:00:25.754] [SEVERE ] updating countdown to 1000
[17:00:25.754] [SEVERE ] updating countdown to 1000
[17:00:25.754] [SEVERE ] updating countdown to 1000
[17:00:25.754] [SEVERE ] updating countdown to 1000
[17:00:25.754] [SEVERE ] updating countdown to 1000
[17:00:25.754] [SEVERE ] updating countdown to 1000
[17:00:25.754] [SEVERE ] updating countdown to 1000
[17:00:25.754] [SEVERE ] updating countdown to 1000
[17:00:25.754] [SEVERE ] updating countdown to 1000
[17:00:25.754] [SEVERE ] updating countdown to 1000
[17:00:25.754] [SEVERE ] updating countdown to 1000
[17:00:25.754] [SEVERE ] updating countdown to 1000
[17:00:25.754] [SEVERE ] updating countdown to 1000
[17:00:25.754] [SEVERE ] updating countdown to 1000
[17:00:25.754] [SEVERE ] updating countdown to 1000
[17:00:25.754] [SEVERE ] updating countdown to 1000
[17:00:25.754] [SEVERE ] updating countdown to 1000
[17:00:25.754] [SEVERE ] updating countdown to 1000
[17:00:25.754] [SEVERE ] updating countdown to 1000
[17:00:25.754] [SEVERE ] updating countdown to 1000
[17:00:25.754] [SEVERE ] updating countdown to 1000
[17:00:25.754] [SEVERE ] updating countdown to 1000
[17:00:25.754] [SEVERE ] updating countdown to 1000
[17:00:25.754] [SEVERE ] updating countdown to 1000
[17:00:25.754] [SEVERE ] updating countdown to 1000
[17:00:25.754] [SEVERE ] updating countdown to 1000
[17:00:25.754] [SEVERE ] updating countdown to 1000
[17:00:25.754] [SEVERE ] updating countdown to 1000
[17:00:25.754] [SEVERE ] updating countdown to 1000
[17:00:25.754] [SEVERE ] updating countdown to 1000
[17:00:25.754] [SEVERE ] updating countdown to 1000
[17:00:25.754] [SEVERE ] updating countdown to 1000
[17:00:25.754] [SEVERE ] updating countdown to 1000
[17:00:25.754] [SEVERE ] updating countdown to 1000
[17:00:25.754] [SEVERE ] updating countdown to 1000
[17:00:25.754] [SEVERE ] updating countdown to 1000
[17:00:25.754] [SEVERE ] updating countdown to 1000
[17:00:25.754] [SEVERE ] updating countdown to 1000
[17:00:25.754] [SEVERE ] updating countdown to 1000
[17:00:25.754] [SEVERE ] updating countdown to 1000
[17:00:25.754] [SEVERE ] updating countdown to 1000
[17:00:25.754] [SEVERE ] updating countdown to 1000
[17:00:25.754] [SEVERE ] updating countdown to 1000
[17:00:25.754] [SEVERE ] updating countdown to 1000
[17:00:25.754] [SEVERE ] updating countdown to 1000
[17:00:25.754] [SEVERE ] updating countdown to 1000
[17:00:25.754] [SEVERE ] updating countdown to 1000
[17:00:25.754] [SEVERE ] updating countdown to 1000
[17:00:25.754] [SEVERE ] updating countdown to 1000
[17:00:25.754] [SEVERE ] updating countdown to 1000
[17:00:25.754] [SEVERE ] updating countdown to 1000
[17:00:25.754] [SEVERE ] updating countdown to 1000
[17:00:25.754] [SEVERE ] updating countdown to 1000
[17:00:25.754] [SEVERE ] updating countdown to 1000
[17:00:25.754] [SEVERE ] updating countdown to 1000
[17:00:25.754] [SEVERE ] updating countdown to 1000
[17:00:25.754] [SEVERE ] updating countdown to 1000
[17:00:25.754] [SEVERE ] updating countdown to 1000
[17:00:25.754] [SEVERE ] updating countdown to 1000
[17:00:25.754] [SEVERE ] updating countdown to 1000
[17:00:25.754] [SEVERE ] updating countdown to 1000
[17:00:25.754] [SEVERE ] updating countdown to 1000
[17:00:25.754] [SEVERE ] updating countdown to 1000
[17:00:25.754] [SEVERE ] updating countdown to 1000
[17:00:25.754] [SEVERE ] updating countdown to 1000
[17:00:25.754] [SEVERE ] updating countdown to 1000
[17:00:25.754] [SEVERE ] updating countdown to 1000
[17:00:25.754] [SEVERE ] updating countdown to 1000
[17:00:25.754] [SEVERE ] updating countdown to 1000
[17:00:25.754] [SEVERE ] updating countdown to 1000
[17:00:25.754] [SEVERE ] updating countdown to 1000
[17:00:25.754] [SEVERE ] updating countdown to 1000
[17:00:25.754] [SEVERE ] updating countdown to 1000
[17:00:25.754] [SEVERE ] updating countdown to 1000
[17:00:25.754] [SEVERE ] updating countdown to 1000
[17:00:25.754] [SEVERE ] updating countdown to 1000
[17:00:25.754] [SEVERE ] updating countdown to 1000
[17:00:25.754] [SEVERE ] updating countdown to 1000
[17:00:25.754] [SEVERE ] updating countdown to 1000
[17:00:25.754] [SEVERE ] updating countdown to 1000
[17:00:25.754] [SEVERE ] updating countdown to 1000
[17:00:25.754] [SEVERE ] updating countdown to 1000
[17:00:25.754] [SEVERE ] updating countdown to 1000
[17:00:25.754] [SEVERE ] updating countdown to 1000
[17:00:25.754] [SEVERE ] updating countdown to 1000
[17:00:25.754] [SEVERE ] updating countdown to 1000
[17:00:25.754] [SEVERE ] updating countdown to 1000
[17:00:25.754] [SEVERE ] updating countdown to 1000
[17:00:25.754] [SEVERE ] updating countdown to 1000
[17:00:25.754] [SEVERE ] updating countdown to 1000
[17:00:25.754] [SEVERE ] updating countdown to 1000
[17:00:25.754] [SEVERE ] updating countdown to 1000
[17:00:25.754] [SEVERE ] updating countdown to 1000
[17:00:25.754] [SEVERE ] updating countdown to 1000
[17:00:25.754] [SEVERE ] updating countdown to 1000
[17:00:25.754] [SEVERE ] updating countdown to 1000
[17:00:25.754] [SEVERE ] updating countdown to 1000
[17:00:25.754] [SEVERE ] updating countdown to 1000
[17:00:25.754] [SEVERE ] updating countdown to 1000
[17:00:25.754] [SEVERE ] updating countdown to 1000
[17:00:25.754] [SEVERE ] updating countdown to 1000
[17:00:25.754] [SEVERE ] updating countdown to 1000
[17:00:25.754] [SEVERE ] updating countdown to 1000
[17:00:25.754] [SEVERE ] updating countdown to 1000
[17:00:25.754] [SEVERE ] updating countdown to 1000
[17:00:25.754] [SEVERE ] updating countdown to 1000
[17:00:25.754] [SEVERE ] updating countdown to 1000
[17:00:25.754] [SEVERE ] updating countdown to 1000
[17:00:25.754] [SEVERE ] updating countdown to 1000
[17:00:25.754] [SEVERE ] updating countdown to 1000
[17:00:25.754] [SEVERE ] updating countdown to 1000
[17:00:25.754] [SEVERE ] updating countdown to 1000
[17:00:25.754] [SEVERE ] updating countdown to 1000
[17:00:25.754] [SEVERE ] updating countdown to 1000
[17:00:25.754] [SEVERE ] updating countdown to 1000
[17:00:25.754] [SEVERE ] updating countdown to 1000
[17:00:25.754] [SEVERE ] updating countdown to 1000
[17:00:25.754] [SEVERE ] updating countdown to 1000
[17:00:25.754] [SEVERE ] updating countdown to 1000
[17:00:25.754] [SEVERE ] updating countdown to 1000
[17:00:25.754] [SEVERE ] updating countdown to 1000
[17:00:25.754] [SEVERE ] updating countdown to 1000
[17:00:25.754] [SEVERE ] updating countdown to 1000
[17:00:25.754] [SEVERE ] updating countdown to 1000
[17:00:25.754] [SEVERE ] updating countdown to 1000
[17:00:25.754] [SEVERE ] updating countdown to 1000
[17:00:25.754] [SEVERE ] updating countdown to 1000
[17:00:25.754] [SEVERE ] updating countdown to 1000
[17:00:25.754] [SEVERE ] updating countdown to 1000
[17:00:25.754] [SEVERE ] updating countdown to 1000
[17:00:25.754] [SEVERE ] updating countdown to 1000
[17:00:25.754] [SEVERE ] updating countdown to 1000
[17:00:25.754] [SEVERE ] updating countdown to 1000
[17:00:25.754] [SEVERE ] updating countdown to 1000
[17:00:25.754] [SEVERE ] updating countdown to 1000
[17:00:25.754] [SEVERE ] updating countdown to 1000
[17:00:25.754] [SEVERE ] updating countdown to 1000
[17:00:25.754] [SEVERE ] updating countdown to 1000
[17:00:25.754] [SEVERE ] updating countdown to 1000
[17:00:25.754] [SEVERE ] updating countdown to 1000
[17:00:25.754] [SEVERE ] updating countdown to 1000
[17:00:25.754] [SEVERE ] updating countdown to 1000
[17:00:25.754] [SEVERE ] updating countdown to 1000
[17:00:25.754] [SEVERE ] updating countdown to 1000
[17:00:25.754] [SEVERE ] updating countdown to 1000
[17:00:25.754] [SEVERE ] updating countdown to 1000
[17:00:25.754] [SEVERE ] updating countdown to 1000
[17:00:25.754] [SEVERE ] updating countdown to 1000
[17:00:25.754] [SEVERE ] updating countdown to 1000
[17:00:25.754] [SEVERE ] updating countdown to 1000
[17:00:25.754] [SEVERE ] updating countdown to 1000
[17:00:25.754] [SEVERE ] updating countdown to 1000
[17:00:25.754] [SEVERE ] updating countdown to 1000
[17:00:25.754] [SEVERE ] updating countdown to 1000
[17:00:25.754] [SEVERE ] updating countdown to 1000
[17:00:25.754] [SEVERE ] updating countdown to 1000
[17:00:25.754] [SEVERE ] updating countdown to 1000
[17:00:25.754] [SEVERE ] updating countdown to 1000
[17:00:25.754] [SEVERE ] updating countdown to 1000
[17:00:25.754] [SEVERE ] updating countdown to 1000
[17:00:25.754] [SEVERE ] updating countdown to 1000
[17:00:25.754] [SEVERE ] updating countdown to 1000
[17:00:25.754] [SEVERE ] updating countdown to 1000
[17:00:25.754] [SEVERE ] updating countdown to 1000
[17:00:25.754] [SEVERE ] updating countdown to 1000
[17:00:25.754] [SEVERE ] updating countdown to 1000
[17:00:25.754] [SEVERE ] updating countdown to 1000
[17:00:25.754] [SEVERE ] updating countdown to 1000
[17:00:25.754] [SEVERE ] updating countdown to 1000
[17:00:25.754] [SEVERE ] updating countdown to 1000
[17:00:25.754] [SEVERE ] updating countdown to 1000
[17:00:25.754] [SEVERE ] updating countdown to 1000
[17:00:25.754] [SEVERE ] updating countdown to 1000
[17:00:25.754] [SEVERE ] updating countdown to 1000
[17:00:25.754] [SEVERE ] updating countdown to 1000
[17:00:25.754] [SEVERE ] updating countdown to 1000
[17:00:25.754] [SEVERE ] updating countdown to 1000
[17:00:25.754] [SEVERE ] updating countdown to 1000
[17:00:25.754] [SEVERE ] updating countdown to 1000
[17:00:25.754] [SEVERE ] updating countdown to 1000
[17:00:25.754] [SEVERE ] updating countdown to 1000
[17:00:25.754] [SEVERE ] updating countdown to 1000
[17:00:25.754] [SEVERE ] updating countdown to 1000
[17:00:25.754] [SEVERE ] updating countdown to 1000
[17:00:25.754] [SEVERE ] updating countdown to 1000
[17:00:25.754] [SEVERE ] updating countdown to 1000
[17:00:25.754] [SEVERE ] updating countdown to 1000
[17:00:25.754] [SEVERE ] updating countdown to 1000
[17:00:25.754] [SEVERE ] updating countdown to 1000
[17:00:25.754] [SEVERE ] updating countdown to 1000
[17:00:25.754] [SEVERE ] updating countdown to 1000
[17:00:25.754] [SEVERE ] updating countdown to 1000
[17:00:25.754] [SEVERE ] updating countdown to 1000
[17:00:25.754] [SEVERE ] updating countdown to 1000
[17:00:25.754] [SEVERE ] updating countdown to 1000
[17:00:25.754] [SEVERE ] updating countdown to 1000
[17:00:25.754] [SEVERE ] updating countdown to 1000
[17:00:25.754] [SEVERE ] updating countdown to 1000
[17:00:25.754] [SEVERE ] updating countdown to 1000
[17:00:25.754] [SEVERE ] updating countdown to 1000
[17:00:25.754] [SEVERE ] updating countdown to 1000
[17:00:25.754] [SEVERE ] updating countdown to 1000
[17:00:25.754] [SEVERE ] updating countdown to 1000
[17:00:25.754] [SEVERE ] updating countdown to 1000
[17:00:25.754] [SEVERE ] updating countdown to 1000
[17:00:25.754] [SEVERE ] updating countdown to 1000
[17:00:25.754] [SEVERE ] updating countdown to 1000
[17:00:25.754] [SEVERE ] updating countdown to 1000
[17:00:25.754] [SEVERE ] updating countdown to 1000
[17:00:25.754] [SEVERE ] updating countdown to 1000
[17:00:25.754] [SEVERE ] updating countdown to 1000
[17:00:25.754] [SEVERE ] updating countdown to 1000
[17:00:25.754] [SEVERE ] updating countdown to 1000
[17:00:25.754] [SEVERE ] updating countdown to 1000
[17:00:25.754] [SEVERE ] updating countdown to 1000
[17:00:25.754] [SEVERE ] updating countdown to 1000
[17:00:25.754] [SEVERE ] updating countdown to 1000
[17:00:25.754] [SEVERE ] updating countdown to 1000
[17:00:25.754] [SEVERE ] updating countdown to 1000
[17:00:25.754] [SEVERE ] updating countdown to 1000
[17:00:25.754] [SEVERE ] updating countdown to 1000
[17:00:25.754] [SEVERE ] updating countdown to 1000
[17:00:25.754] [SEVERE ] updating countdown to 1000
[17:00:25.754] [SEVERE ] updating countdown to 1000
[17:00:25.754] [SEVERE ] updating countdown to 1000
[17:00:25.754] [SEVERE ] updating countdown to 1000
[17:00:25.754] [SEVERE ] updating countdown to 1000
[17:00:25.754] [SEVERE ] updating countdown to 1000
[17:00:25.754] [SEVERE ] updating countdown to 1000
[17:00:25.754] [SEVERE ] updating countdown to 1000
[17:00:25.754] [SEVERE ] updating countdown to 1000
[17:00:25.754] [SEVERE ] updating countdown to 1000
[17:00:25.754] [SEVERE ] updating countdown to 1000
[17:00:25.754] [SEVERE ] updating countdown to 1000
[17:00:25.754] [SEVERE ] updating countdown to 1000
[17:00:25.754] [SEVERE ] updating countdown to 1000
[17:00:25.754] [SEVERE ] updating countdown to 1000
[17:00:25.754] [SEVERE ] updating countdown to 1000
[17:00:25.754] [SEVERE ] updating countdown to 1000
[17:00:25.754] [SEVERE ] updating countdown to 1000
[17:00:25.754] [SEVERE ] updating countdown to 1000
[17:00:25.754] [SEVERE ] updating countdown to 1000
[17:00:25.754] [SEVERE ] updating countdown to 1000
[17:00:25.754] [SEVERE ] updating countdown to 1000
[17:00:25.754] [SEVERE ] updating countdown to 1000
[17:00:25.754] [SEVERE ] updating countdown to 1000
[17:00:25.754] [SEVERE ] updating countdown to 1000
[17:00:25.754] [SEVERE ] updating countdown to 1000
[17:00:25.754] [SEVERE ] updating countdown to 1000
[17:00:25.754] [SEVERE ] updating countdown to 1000
[17:00:25.754] [SEVERE ] updating countdown to 1000
[17:00:25.754] [SEVERE ] updating countdown to 1000
[17:00:25.754] [SEVERE ] updating countdown to 1000
[17:00:25.754] [SEVERE ] updating countdown to 1000
[17:00:25.754] [SEVERE ] updating countdown to 1000
[17:00:25.754] [SEVERE ] updating countdown to 1000
[17:00:25.754] [SEVERE ] updating countdown to 1000
[17:00:25.754] [SEVERE ] updating countdown to 1000
[17:00:25.754] [SEVERE ] updating countdown to 1000
[17:00:25.754] [SEVERE ] updating countdown to 1000
[17:00:25.754] [SEVERE ] updating countdown to 1000
[17:00:25.754] [SEVERE ] updating countdown to 1000
[17:00:25.754] [SEVERE ] updating countdown to 1000
[17:00:25.754] [SEVERE ] updating countdown to 1000
[17:00:25.754] [SEVERE ] updating countdown to 1000
[17:00:25.754] [SEVERE ] updating countdown to 1000
[17:00:25.754] [SEVERE ] updating countdown to 1000
[17:00:25.754] [SEVERE ] updating countdown to 1000
[17:00:25.754] [SEVERE ] updating countdown to 1000
[17:00:25.754] [SEVERE ] updating countdown to 1000
[17:00:25.754] [SEVERE ] updating countdown to 1000
[17:00:25.754] [SEVERE ] updating countdown to 1000
[17:00:25.754] [SEVERE ] updating countdown to 1000
[17:00:25.754] [SEVERE ] updating countdown to 1000
[17:00:25.754] [SEVERE ] updating countdown to 1000
[17:00:25.754] [SEVERE ] updating countdown to 1000
[17:00:25.754] [SEVERE ] updating countdown to 1000
[17:00:25.754] [SEVERE ] updating countdown to 1000
[17:00:25.754] [SEVERE ] updating countdown to 1000
[17:00:25.754] [SEVERE ] updating countdown to 1000
[17:00:25.754] [SEVERE ] updating countdown to 1000
[17:00:25.754] [SEVERE ] updating countdown to 1000
[17:00:25.754] [SEVERE ] updating countdown to 1000
[17:00:25.754] [SEVERE ] updating countdown to 1000
[17:00:25.754] [SEVERE ] updating countdown to 1000
[17:00:25.754] [SEVERE ] updating countdown to 1000
[17:00:25.754] [SEVERE ] updating countdown to 1000
[17:00:25.754] [SEVERE ] updating countdown to 1000
[17:00:25.754] [SEVERE ] updating countdown to 1000
[17:00:25.754] [SEVERE ] updating countdown to 1000
[17:00:25.754] [SEVERE ] updating countdown to 1000
[17:00:25.754] [SEVERE ] updating countdown to 1000
[17:00:25.754] [SEVERE ] updating countdown to 1000
[17:00:25.754] [SEVERE ] updating countdown to 1000
[17:00:25.754] [SEVERE ] updating countdown to 1000
[17:00:25.754] [SEVERE ] updating countdown to 1000
[17:00:25.754] [SEVERE ] updating countdown to 1000
[17:00:25.754] [SEVERE ] updating countdown to 1000
[17:00:25.754] [SEVERE ] updating countdown to 1000
[17:00:25.754] [SEVERE ] updating countdown to 1000
[17:00:25.754] [SEVERE ] updating countdown to 1000
[17:00:25.754] [SEVERE ] updating countdown to 1000
[17:00:25.754] [SEVERE ] updating countdown to 1000
[17:00:25.754] [SEVERE ] updating countdown to 1000
[17:00:25.754] [SEVERE ] updating countdown to 1000
[17:00:25.754] [SEVERE ] updating countdown to 1000
[17:00:25.754] [SEVERE ] updating countdown to 1000
[17:00:25.754] [SEVERE ] updating countdown to 1000
[17:00:25.754] [SEVERE ] updating countdown to 1000
[17:00:25.754] [SEVERE ] updating countdown to 1000
[17:00:25.754] [SEVERE ] updating countdown to 1000
[17:00:25.754] [SEVERE ] updating countdown to 1000
[17:00:25.754] [SEVERE ] updating countdown to 1000
[17:00:25.754] [SEVERE ] updating countdown to 1000
[17:00:25.754] [SEVERE ] updating countdown to 1000
[17:00:25.754] [SEVERE ] updating countdown to 1000
[17:00:25.754] [SEVERE ] updating countdown to 1000
[17:00:25.754] [SEVERE ] updating countdown to 1000
[17:00:25.754] [SEVERE ] updating countdown to 1000
[17:00:25.754] [SEVERE ] updating countdown to 1000
[17:00:25.754] [SEVERE ] updating countdown to 1000
[17:00:25.754] [SEVERE ] updating countdown to 1000
[17:00:25.754] [SEVERE ] updating countdown to 1000
[17:00:25.754] [SEVERE ] updating countdown to 1000
[17:00:25.754] [SEVERE ] updating countdown to 1000
[17:00:25.754] [SEVERE ] updating countdown to 1000
[17:00:25.754] [SEVERE ] updating countdown to 1000
[17:00:25.754] [SEVERE ] updating countdown to 1000
[17:00:25.754] [SEVERE ] updating countdown to 1000
[17:00:25.754] [SEVERE ] updating countdown to 1000
[17:00:25.754] [SEVERE ] updating countdown to 1000
[17:00:25.754] [SEVERE ] updating countdown to 1000
[17:00:25.754] [SEVERE ] updating countdown to 1000
[17:00:25.754] [SEVERE ] updating countdown to 1000
[17:00:25.754] [SEVERE ] updating countdown to 1000
[17:00:25.754] [SEVERE ] updating countdown to 1000
[17:00:25.754] [SEVERE ] updating countdown to 1000
[17:00:25.754] [SEVERE ] updating countdown to 1000
[17:00:25.754] [SEVERE ] updating countdown to 1000
[17:00:25.754] [SEVERE ] updating countdown to 1000
[17:00:25.754] [SEVERE ] updating countdown to 1000
[17:00:25.754] [SEVERE ] updating countdown to 1000
[17:00:25.754] [SEVERE ] updating countdown to 1000
[17:00:25.754] [SEVERE ] updating countdown to 1000
[17:00:25.754] [SEVERE ] updating countdown to 1000
[17:00:25.754] [SEVERE ] updating countdown to 1000
[17:00:25.754] [SEVERE ] updating countdown to 1000
[17:00:25.754] [SEVERE ] updating countdown to 1000
[17:00:25.754] [SEVERE ] updating countdown to 1000
[17:00:25.754] [SEVERE ] updating countdown to 1000
[17:00:25.754] [SEVERE ] updating countdown to 1000
[17:00:25.754] [SEVERE ] updating countdown to 1000
[17:00:25.754] [SEVERE ] updating countdown to 1000
[17:00:25.754] [SEVERE ] updating countdown to 1000
[17:00:25.754] [SEVERE ] updating countdown to 1000
[17:00:25.754] [SEVERE ] updating countdown to 1000
[17:00:25.754] [SEVERE ] updating countdown to 1000
[17:00:25.754] [SEVERE ] updating countdown to 1000
[17:00:25.754] [SEVERE ] updating countdown to 1000
[17:00:25.754] [SEVERE ] updating countdown to 1000
[17:00:25.754] [SEVERE ] updating countdown to 1000
[17:00:25.754] [SEVERE ] updating countdown to 1000
[17:00:25.754] [SEVERE ] updating countdown to 1000
[17:00:25.754] [SEVERE ] updating countdown to 1000
[17:00:25.754] [SEVERE ] updating countdown to 1000
[17:00:25.754] [SEVERE ] updating countdown to 1000
[17:00:25.754] [SEVERE ] updating countdown to 1000
[17:00:25.754] [SEVERE ] updating countdown to 1000
[17:00:25.754] [SEVERE ] updating countdown to 1000
[17:00:25.754] [SEVERE ] updating countdown to 1000
[17:00:25.754] [SEVERE ] updating countdown to 1000
[17:00:25.754] [SEVERE ] updating countdown to 1000
[17:00:25.754] [SEVERE ] updating countdown to 1000
[17:00:25.754] [SEVERE ] updating countdown to 1000
[17:00:25.754] [SEVERE ] updating countdown to 1000
[17:00:25.754] [SEVERE ] updating countdown to 1000
[17:00:25.754] [SEVERE ] updating countdown to 1000
[17:00:25.754] [SEVERE ] updating countdown to 1000
[17:00:25.754] [SEVERE ] updating countdown to 1000
[17:00:25.754] [SEVERE ] updating countdown to 1000
[17:00:25.754] [SEVERE ] updating countdown to 1000
[17:00:25.754] [SEVERE ] updating countdown to 1000
[17:00:25.754] [SEVERE ] updating countdown to 1000
[17:00:25.754] [SEVERE ] updating countdown to 1000
[17:00:25.754] [SEVERE ] updating countdown to 1000
[17:00:25.754] [SEVERE ] updating countdown to 1000
[17:00:25.754] [SEVERE ] updating countdown to 1000
[17:00:25.754] [SEVERE ] updating countdown to 1000
[17:00:25.754] [SEVERE ] updating countdown to 1000
[17:00:25.754] [SEVERE ] updating countdown to 1000
[17:00:25.754] [SEVERE ] updating countdown to 1000
[17:00:25.754] [SEVERE ] updating countdown to 1000
[17:00:25.754] [SEVERE ] updating countdown to 1000
[17:00:25.754] [SEVERE ] updating countdown to 1000
[17:00:25.754] [SEVERE ] updating countdown to 1000
[17:00:25.754] [SEVERE ] updating countdown to 1000
[17:00:25.754] [SEVERE ] updating countdown to 1000
[17:00:25.754] [SEVERE ] updating countdown to 1000
[17:00:25.754] [SEVERE ] updating countdown to 1000
[17:00:25.754] [SEVERE ] updating countdown to 1000
[17:00:25.754] [SEVERE ] updating countdown to 1000
[17:00:25.754] [SEVERE ] updating countdown to 1000
[17:00:25.754] [SEVERE ] updating countdown to 1000
[17:00:25.754] [SEVERE ] updating countdown to 1000
[17:00:25.754] [SEVERE ] updating countdown to 1000
[17:00:25.754] [SEVERE ] updating countdown to 1000
[17:00:25.754] [SEVERE ] updating countdown to 1000
[17:00:25.754] [SEVERE ] updating countdown to 1000
[17:00:25.754] [SEVERE ] updating countdown to 1000
[17:00:25.754] [SEVERE ] updating countdown to 1000
[17:00:25.754] [SEVERE ] updating countdown to 1000
[17:00:25.754] [SEVERE ] updating countdown to 1000
[17:00:25.754] [SEVERE ] updating countdown to 1000
[17:00:25.754] [SEVERE ] updating countdown to 1000
[17:00:25.754] [SEVERE ] updating countdown to 1000
[17:00:25.754] [SEVERE ] updating countdown to 1000
[17:00:25.754] [SEVERE ] updating countdown to 1000
[17:00:25.754] [SEVERE ] updating countdown to 1000
[17:00:25.754] [SEVERE ] updating countdown to 1000
[17:00:25.754] [SEVERE ] updating countdown to 1000
[17:00:25.754] [SEVERE ] updating countdown to 1000
[17:00:25.754] [SEVERE ] updating countdown to 1000
[17:00:25.754] [SEVERE ] updating countdown to 1000
[17:00:25.754] [SEVERE ] updating countdown to 1000
[17:00:25.754] [SEVERE ] updating countdown to 1000
[17:00:25.754] [SEVERE ] updating countdown to 1000
[17:00:25.754] [SEVERE ] updating countdown to 1000
[17:00:25.754] [SEVERE ] updating countdown to 1000
[17:00:25.754] [SEVERE ] updating countdown to 1000
[17:00:25.754] [SEVERE ] updating countdown to 1000
[17:00:25.754] [SEVERE ] updating countdown to 1000
[17:00:25.754] [SEVERE ] updating countdown to 1000
[17:00:25.754] [SEVERE ] updating countdown to 1000
[17:00:25.754] [SEVERE ] updating countdown to 1000
[17:00:25.754] [SEVERE ] updating countdown to 1000
[17:00:25.754] [SEVERE ] updating countdown to 1000
[17:00:25.754] [SEVERE ] updating countdown to 1000
[17:00:25.754] [SEVERE ] updating countdown to 1000
[17:00:25.754] [SEVERE ] updating countdown to 1000
[17:00:25.754] [SEVERE ] updating countdown to 1000
[17:00:25.754] [SEVERE ] updating countdown to 1000
[17:00:25.754] [SEVERE ] updating countdown to 1000
[17:00:25.754] [SEVERE ] updating countdown to 1000
[17:00:25.754] [SEVERE ] updating countdown to 1000
[17:00:25.754] [SEVERE ] updating countdown to 1000
[17:00:25.754] [SEVERE ] updating countdown to 1000
[17:00:25.754] [SEVERE ] updating countdown to 1000
[17:00:25.754] [SEVERE ] updating countdown to 1000
[17:00:25.754] [SEVERE ] updating countdown to 1000
[17:00:25.754] [SEVERE ] updating countdown to 1000
[17:00:25.754] [SEVERE ] updating countdown to 1000
[17:00:25.754] [SEVERE ] updating countdown to 1000
[17:00:25.754] [SEVERE ] updating countdown to 1000
[17:00:25.754] [SEVERE ] updating countdown to 1000
[17:00:25.754] [SEVERE ] updating countdown to 1000
[17:00:25.754] [SEVERE ] updating countdown to 1000
[17:00:25.754] [SEVERE ] updating countdown to 1000
[17:00:25.754] [SEVERE ] updating countdown to 1000
[17:00:25.754] [SEVERE ] updating countdown to 1000
[17:00:25.754] [SEVERE ] updating countdown to 1000
[17:00:25.754] [SEVERE ] updating countdown to 1000
[17:00:25.754] [SEVERE ] updating countdown to 1000
[17:00:25.754] [SEVERE ] updating countdown to 1000
[17:00:25.754] [SEVERE ] updating countdown to 1000
[17:00:25.754] [SEVERE ] updating countdown to 1000
[17:00:25.754] [SEVERE ] updating countdown to 1000
[17:00:25.754] [SEVERE ] updating countdown to 1000
[17:00:25.754] [SEVERE ] updating countdown to 1000
[17:00:25.754] [SEVERE ] updating countdown to 1000
[17:00:25.754] [SEVERE ] updating countdown to 1000
[17:00:25.754] [SEVERE ] updating countdown to 1000
[17:00:25.754] [SEVERE ] updating countdown to 1000
[17:00:25.754] [SEVERE ] updating countdown to 1000
[17:00:25.754] [SEVERE ] updating countdown to 1000
[17:00:25.754] [SEVERE ] updating countdown to 1000
[17:00:25.754] [SEVERE ] updating countdown to 1000
[17:00:25.754] [SEVERE ] updating countdown to 1000
[17:00:25.754] [SEVERE ] updating countdown to 1000
[17:00:25.754] [SEVERE ] updating countdown to 1000
[17:00:25.754] [SEVERE ] updating countdown to 1000
[17:00:25.754] [SEVERE ] updating countdown to 1000
[17:00:25.754] [SEVERE ] updating countdown to 1000
[17:00:25.754] [SEVERE ] updating countdown to 1000
[17:00:25.754] [SEVERE ] updating countdown to 1000
[17:00:25.754] [SEVERE ] updating countdown to 1000
[17:00:25.754] [SEVERE ] updating countdown to 1000
[17:00:25.754] [SEVERE ] updating countdown to 1000
[17:00:25.754] [SEVERE ] updating countdown to 1000
[17:00:25.754] [SEVERE ] updating countdown to 1000
[17:00:25.754] [SEVERE ] updating countdown to 1000
[17:00:25.754] [SEVERE ] updating countdown to 1000
[17:00:25.754] [SEVERE ] updating countdown to 1000
[17:00:25.754] [SEVERE ] updating countdown to 1000
[17:00:25.754] [SEVERE ] updating countdown to 1000
[17:00:25.754] [SEVERE ] updating countdown to 1000
[17:00:25.754] [SEVERE ] updating countdown to 1000
[17:00:25.754] [SEVERE ] updating countdown to 1000
[17:00:25.754] [SEVERE ] updating countdown to 1000
[17:00:25.754] [SEVERE ] updating countdown to 1000
[17:00:25.754] [SEVERE ] updating countdown to 1000
[17:00:25.754] [SEVERE ] updating countdown to 1000
[17:00:25.754] [SEVERE ] updating countdown to 1000
[17:00:25.754] [SEVERE ] updating countdown to 1000
[17:00:25.754] [SEVERE ] updating countdown to 1000
[17:00:25.754] [SEVERE ] updating countdown to 1000
[17:00:25.754] [SEVERE ] updating countdown to 1000
[17:00:25.754] [SEVERE ] updating countdown to 1000
[17:00:25.754] [SEVERE ] updating countdown to 1000
[17:00:25.754] [SEVERE ] updating countdown to 1000
[17:00:25.754] [SEVERE ] updating countdown to 1000
[17:00:25.754] [SEVERE ] updating countdown to 1000
[17:00:25.754] [SEVERE ] updating countdown to 1000
[17:00:25.754] [SEVERE ] updating countdown to 1000
[17:00:25.754] [SEVERE ] updating countdown to 1000
[17:00:25.754] [SEVERE ] updating countdown to 1000
[17:00:25.754] [SEVERE ] updating countdown to 1000
[17:00:25.754] [SEVERE ] updating countdown to 1000
[17:00:25.754] [SEVERE ] updating countdown to 1000
[17:00:25.754] [SEVERE ] updating countdown to 1000
[17:00:25.754] [SEVERE ] updating countdown to 1000
[17:00:25.754] [SEVERE ] updating countdown to 1000
[17:00:25.754] [SEVERE ] updating countdown to 1000
[17:00:25.754] [SEVERE ] updating countdown to 1000
[17:00:25.754] [SEVERE ] updating countdown to 1000
[17:00:25.754] [SEVERE ] updating countdown to 1000
[17:00:25.754] [SEVERE ] updating countdown to 1000
[17:00:25.754] [SEVERE ] updating countdown to 1000
[17:00:25.754] [SEVERE ] updating countdown to 1000
[17:00:25.754] [SEVERE ] updating countdown to 1000
[17:00:25.754] [SEVERE ] updating countdown to 1000
[17:00:25.754] [SEVERE ] updating countdown to 1000
[17:00:25.754] [SEVERE ] updating countdown to 1000
[17:00:25.754] [SEVERE ] updating countdown to 1000
[17:00:25.754] [SEVERE ] updating countdown to 1000
[17:00:25.754] [SEVERE ] updating countdown to 1000
[17:00:25.754] [SEVERE ] updating countdown to 1000
[17:00:25.754] [SEVERE ] updating countdown to 1000
[17:00:25.754] [SEVERE ] updating countdown to 1000
[17:00:25.754] [SEVERE ] updating countdown to 1000
[17:00:25.754] [SEVERE ] updating countdown to 1000
[17:00:25.754] [SEVERE ] updating countdown to 1000
[17:00:25.754] [SEVERE ] updating countdown to 1000
[17:00:25.754] [SEVERE ] updating countdown to 1000
[17:00:25.754] [SEVERE ] updating countdown to 1000
[17:00:25.754] [SEVERE ] updating countdown to 1000
[17:00:25.754] [SEVERE ] updating countdown to 1000
[17:00:25.754] [SEVERE ] updating countdown to 1000
[17:00:25.754] [SEVERE ] updating countdown to 1000
[17:00:25.754] [SEVERE ] updating countdown to 1000
[17:00:25.754] [SEVERE ] updating countdown to 1000
[17:00:25.754] [SEVERE ] updating countdown to 1000
[17:00:25.754] [SEVERE ] updating countdown to 1000
[17:00:25.754] [SEVERE ] updating countdown to 1000
[17:00:25.754] [SEVERE ] updating countdown to 1000
[17:00:25.754] [SEVERE ] updating countdown to 1000
[17:00:25.754] [SEVERE ] updating countdown to 1000
[17:00:25.754] [SEVERE ] updating countdown to 1000
[17:00:25.754] [SEVERE ] updating countdown to 1000
[17:00:25.754] [SEVERE ] updating countdown to 1000
[17:00:25.754] [SEVERE ] updating countdown to 1000
[17:00:25.754] [SEVERE ] updating countdown to 1000
[17:00:25.754] [SEVERE ] updating countdown to 1000
[17:00:25.754] [SEVERE ] updating countdown to 1000
[17:00:25.754] [SEVERE ] updating countdown to 1000
[17:00:25.754] [SEVERE ] updating countdown to 1000
[17:00:25.754] [SEVERE ] updating countdown to 1000
[17:00:25.754] [SEVERE ] updating countdown to 1000
[17:00:25.754] [SEVERE ] updating countdown to 1000
[17:00:25.754] [SEVERE ] updating countdown to 1000
[17:00:25.754] [SEVERE ] updating countdown to 1000
[17:00:25.754] [SEVERE ] updating countdown to 1000
[17:00:25.754] [SEVERE ] updating countdown to 1000
[17:00:25.754] [SEVERE ] updating countdown to 1000
[17:00:25.754] [SEVERE ] updating countdown to 1000
[17:00:25.754] [SEVERE ] updating countdown to 1000
[17:00:25.754] [SEVERE ] updating countdown to 1000
[17:00:25.754] [SEVERE ] updating countdown to 1000
[17:00:25.754] [SEVERE ] updating countdown to 1000
[17:00:25.754] [SEVERE ] updating countdown to 1000
[17:00:25.754] [SEVERE ] updating countdown to 1000
[17:00:25.754] [SEVERE ] updating countdown to 1000
[17:00:25.754] [SEVERE ] updating countdown to 1000
[17:00:25.754] [SEVERE ] updating countdown to 1000
[17:00:25.754] [SEVERE ] updating countdown to 1000
[17:00:25.754] [SEVERE ] updating countdown to 1000
[17:00:25.754] [SEVERE ] updating countdown to 1000
[17:00:25.754] [SEVERE ] updating countdown to 1000
[17:00:25.754] [SEVERE ] updating countdown to 1000
[17:00:25.754] [SEVERE ] updating countdown to 1000
[17:00:25.754] [SEVERE ] updating countdown to 1000
[17:00:25.754] [SEVERE ] updating countdown to 1000
[17:00:25.754] [SEVERE ] updating countdown to 1000
[17:00:25.754] [SEVERE ] updating countdown to 1000
[17:00:25.754] [SEVERE ] updating countdown to 1000
[17:00:25.754] [SEVERE ] updating countdown to 1000
[17:00:25.754] [SEVERE ] updating countdown to 1000
[17:00:25.754] [SEVERE ] updating countdown to 1000
[17:00:25.754] [SEVERE ] updating countdown to 1000
[17:00:25.754] [SEVERE ] updating countdown to 1000
[17:00:25.754] [SEVERE ] updating countdown to 1000
[17:00:25.754] [SEVERE ] updating countdown to 1000
[17:00:25.754] [SEVERE ] updating countdown to 1000
[17:00:25.754] [SEVERE ] updating countdown to 1000
[17:00:25.754] [SEVERE ] updating countdown to 1000
[17:00:25.754] [SEVERE ] updating countdown to 1000
[17:00:25.754] [SEVERE ] updating countdown to 1000
[17:00:25.754] [SEVERE ] updating countdown to 1000
[17:00:25.754] [SEVERE ] updating countdown to 1000
[17:00:25.754] [SEVERE ] updating countdown to 1000
[17:00:25.754] [SEVERE ] updating countdown to 1000
[17:00:25.754] [SEVERE ] updating countdown to 1000
[17:00:25.754] [SEVERE ] updating countdown to 1000
[17:00:25.754] [SEVERE ] updating countdown to 1000
[17:00:25.754] [SEVERE ] updating countdown to 1000
[17:00:25.754] [SEVERE ] updating countdown to 1000
[17:00:25.754] [SEVERE ] updating countdown to 1000
[17:00:25.754] [SEVERE ] updating countdown to 1000
[17:00:25.754] [SEVERE ] updating countdown to 1000
[17:00:25.754] [SEVERE ] updating countdown to 1000
[17:00:25.754] [SEVERE ] updating countdown to 1000
[17:00:25.754] [SEVERE ] updating countdown to 1000
[17:00:25.754] [SEVERE ] updating countdown to 1000
[17:00:25.754] [SEVERE ] updating countdown to 1000
[17:00:25.754] [SEVERE ] updating countdown to 1000
[17:00:25.754] [SEVERE ] updating countdown to 1000
[17:00:25.754] [SEVERE ] updating countdown to 1000
[17:00:25.754] [SEVERE ] updating countdown to 1000
[17:00:25.754] [SEVERE ] updating countdown to 1000
[17:00:25.754] [SEVERE ] updating countdown to 1000
[17:00:25.754] [SEVERE ] updating countdown to 1000
[17:00:25.754] [SEVERE ] updating countdown to 1000
[17:00:25.754] [SEVERE ] updating countdown to 1000
[17:00:25.754] [SEVERE ] updating countdown to 1000
[17:00:25.754] [SEVERE ] updating countdown to 1000
[17:00:25.754] [SEVERE ] updating countdown to 1000
[17:00:25.754] [SEVERE ] updating countdown to 1000
[17:00:25.754] [SEVERE ] updating countdown to 1000
[17:00:25.754] [SEVERE ] updating countdown to 1000
[17:00:25.754] [SEVERE ] updating countdown to 1000
[17:00:25.754] [SEVERE ] updating countdown to 1000
[17:00:25.754] [SEVERE ] updating countdown to 1000
[17:00:25.754] [SEVERE ] updating countdown to 1000
[17:00:25.754] [SEVERE ] updating countdown to 1000
[17:00:25.754] [SEVERE ] updating countdown to 1000
[17:00:25.754] [SEVERE ] updating countdown to 1000
[17:00:25.754] [SEVERE ] updating countdown to 1000
[17:00:25.754] [SEVERE ] updating countdown to 1000
[17:00:25.754] [SEVERE ] updating countdown to 1000
[17:00:25.754] [SEVERE ] updating countdown to 1000
[17:00:25.754] [SEVERE ] updating countdown to 1000
[17:00:25.754] [SEVERE ] updating countdown to 1000
[17:00:25.754] [SEVERE ] updating countdown to 1000
[17:00:25.754] [SEVERE ] updating countdown to 1000
[17:00:25.754] [SEVERE ] updating countdown to 1000
[17:00:25.754] [SEVERE ] updating countdown to 1000
[17:00:25.754] [SEVERE ] updating countdown to 1000
[17:00:25.754] [SEVERE ] updating countdown to 1000
[17:00:25.754] [SEVERE ] updating countdown to 1000
[17:00:25.754] [SEVERE ] updating countdown to 1000
[17:00:25.754] [SEVERE ] updating countdown to 1000
[17:00:25.754] [SEVERE ] updating countdown to 1000
[17:00:25.754] [SEVERE ] updating countdown to 1000
[17:00:25.754] [SEVERE ] updating countdown to 1000
[17:00:25.754] [SEVERE ] updating countdown to 1000
[17:00:25.754] [SEVERE ] updating countdown to 1000
[17:00:25.754] [SEVERE ] updating countdown to 1000
[17:00:25.754] [SEVERE ] updating countdown to 1000
[17:00:25.754] [SEVERE ] updating countdown to 1000
[17:00:25.754] [SEVERE ] updating countdown to 1000
[17:00:25.754] [SEVERE ] updating countdown to 1000
[17:00:25.754] [SEVERE ] updating countdown to 1000
[17:00:25.754] [SEVERE ] updating countdown to 1000
[17:00:25.754] [SEVERE ] updating countdown to 1000
[17:00:25.754] [SEVERE ] updating countdown to 1000
[17:00:25.754] [SEVERE ] updating countdown to 1000
[17:00:25.754] [SEVERE ] updating countdown to 1000
[17:00:25.754] [SEVERE ] updating countdown to 1000
[17:00:25.754] [SEVERE ] updating countdown to 1000
[17:00:25.754] [SEVERE ] updating countdown to 1000
[17:00:25.754] [SEVERE ] updating countdown to 1000
[17:00:25.754] [SEVERE ] updating countdown to 1000
[17:00:25.754] [SEVERE ] updating countdown to 1000
[17:00:25.754] [SEVERE ] updating countdown to 1000
[17:00:25.754] [SEVERE ] updating countdown to 1000
[17:00:25.754] [SEVERE ] updating countdown to 1000
[17:00:25.754] [SEVERE ] updating countdown to 1000
[17:00:25.754] [SEVERE ] updating countdown to 1000
[17:00:25.754] [SEVERE ] updating countdown to 1000
[17:00:25.754] [SEVERE ] updating countdown to 1000
[17:00:25.754] [SEVERE ] updating countdown to 1000
[17:00:25.754] [SEVERE ] updating countdown to 1000
[17:00:25.754] [SEVERE ] updating countdown to 1000
[17:00:25.754] [SEVERE ] updating countdown to 1000
[17:00:25.754] [SEVERE ] updating countdown to 1000
[17:00:25.754] [SEVERE ] updating countdown to 1000
[17:00:25.754] [SEVERE ] updating countdown to 1000
[17:00:25.754] [SEVERE ] updating countdown to 1000
[17:00:25.754] [SEVERE ] updating countdown to 1000
[17:00:25.754] [SEVERE ] updating countdown to 1000
[17:00:25.754] [SEVERE ] updating countdown to 1000
[17:00:25.754] [SEVERE ] updating countdown to 1000
[17:00:25.754] [SEVERE ] updating countdown to 1000
[17:00:25.754] [SEVERE ] updating countdown to 1000
[17:00:25.754] [SEVERE ] updating countdown to 1000
[17:00:25.754] [SEVERE ] updating countdown to 1000
[17:00:25.754] [SEVERE ] updating countdown to 1000
[17:00:25.754] [SEVERE ] updating countdown to 1000
[17:00:25.754] [SEVERE ] updating countdown to 1000
[17:00:25.754] [SEVERE ] updating countdown to 1000
[17:00:25.754] [SEVERE ] updating countdown to 1000
[17:00:25.754] [SEVERE ] updating countdown to 1000
[17:00:25.754] [SEVERE ] updating countdown to 1000
[17:00:25.754] [SEVERE ] updating countdown to 1000
[17:00:25.754] [SEVERE ] updating countdown to 1000
[17:00:25.754] [SEVERE ] updating countdown to 1000
[17:00:25.754] [SEVERE ] updating countdown to 1000
[17:00:25.754] [SEVERE ] updating countdown to 1000
[17:00:25.754] [SEVERE ] updating countdown to 1000
[17:00:25.754] [SEVERE ] updating countdown to 1000
[17:00:25.754] [SEVERE ] updating countdown to 1000
[17:00:25.754] [SEVERE ] updating countdown to 1000
[17:00:25.754] [SEVERE ] updating countdown to 1000
[17:00:25.754] [SEVERE ] updating countdown to 1000
[17:00:25.754] [SEVERE ] updating countdown to 1000
[17:00:25.754] [SEVERE ] updating countdown to 1000
[17:00:25.754] [SEVERE ] updating countdown to 1000
[17:00:25.754] [SEVERE ] updating countdown to 1000
[17:00:25.754] [SEVERE ] updating countdown to 1000
[17:00:25.754] [SEVERE ] updating countdown to 1000
[17:00:25.754] [SEVERE ] updating countdown to 1000
[17:00:25.754] [SEVERE ] updating countdown to 1000
[17:00:25.754] [SEVERE ] updating countdown to 1000
[17:00:25.754] [SEVERE ] updating countdown to 1000
[17:00:25.754] [SEVERE ] updating countdown to 1000
[17:00:25.754] [SEVERE ] updating countdown to 1000
[17:00:25.754] [SEVERE ] updating countdown to 1000
[17:00:25.754] [SEVERE ] updating countdown to 1000
[17:00:25.754] [SEVERE ] updating countdown to 1000
[17:00:25.754] [SEVERE ] updating countdown to 1000
[17:00:25.754] [SEVERE ] updating countdown to 1000
[17:00:25.754] [SEVERE ] updating countdown to 1000
[17:00:25.754] [SEVERE ] updating countdown to 1000
[17:00:25.754] [SEVERE ] updating countdown to 1000
[17:00:25.754] [SEVERE ] updating countdown to 1000
[17:00:25.754] [SEVERE ] updating countdown to 1000
[17:00:25.754] [SEVERE ] updating countdown to 1000
[17:00:25.754] [SEVERE ] updating countdown to 1000
[17:00:25.754] [SEVERE ] updating countdown to 1000
[17:00:25.754] [SEVERE ] updating countdown to 1000
[17:00:25.754] [SEVERE ] updating countdown to 1000
[17:00:25.754] [SEVERE ] updating countdown to 1000
[17:00:25.754] [SEVERE ] updating countdown to 1000
[17:00:25.754] [SEVERE ] updating countdown to 1000
[17:00:25.754] [SEVERE ] updating countdown to 1000
[17:00:25.754] [SEVERE ] updating countdown to 1000
[17:00:25.754] [SEVERE ] updating countdown to 1000
[17:00:25.754] [SEVERE ] updating countdown to 1000
[17:00:25.754] [SEVERE ] updating countdown to 1000
[17:00:25.754] [SEVERE ] updating countdown to 1000
[17:00:25.754] [SEVERE ] updating countdown to 1000
[17:00:25.754] [SEVERE ] updating countdown to 1000
[17:00:25.754] [SEVERE ] updating countdown to 1000
[17:00:25.754] [SEVERE ] updating countdown to 1000
[17:00:25.754] [SEVERE ] updating countdown to 1000
[17:00:25.754] [SEVERE ] updating countdown to 1000
[17:00:25.754] [SEVERE ] updating countdown to 1000
[17:00:25.754] [SEVERE ] updating countdown to 1000
[17:00:25.754] [SEVERE ] updating countdown to 1000
[17:00:25.754] [SEVERE ] updating countdown to 1000
[17:00:25.754] [SEVERE ] updating countdown to 1000
[17:00:25.754] [SEVERE ] updating countdown to 1000
[17:00:25.754] [SEVERE ] updating countdown to 1000
[17:00:25.754] [SEVERE ] updating countdown to 1000
[17:00:25.754] [SEVERE ] updating countdown to 1000
[17:00:25.754] [SEVERE ] updating countdown to 1000
[17:00:25.754] [SEVERE ] updating countdown to 1000
[17:00:25.754] [SEVERE ] updating countdown to 1000
[17:00:25.754] [SEVERE ] updating countdown to 1000
[17:00:25.754] [SEVERE ] updating countdown to 1000
[17:00:25.754] [SEVERE ] updating countdown to 1000
[17:00:25.754] [SEVERE ] updating countdown to 1000
[17:00:25.754] [SEVERE ] updating countdown to 1000
[17:00:25.754] [SEVERE ] updating countdown to 1000
[17:00:25.754] [SEVERE ] updating countdown to 1000
[17:00:25.754] [SEVERE ] updating countdown to 1000
[17:00:25.754] [SEVERE ] updating countdown to 1000
[17:00:25.754] [SEVERE ] updating countdown to 1000
[17:00:25.754] [SEVERE ] updating countdown to 1000
[17:00:25.754] [SEVERE ] updating countdown to 1000
[17:00:25.754] [SEVERE ] updating countdown to 1000
[17:00:25.754] [SEVERE ] updating countdown to 1000
[17:00:25.754] [SEVERE ] updating countdown to 1000
[17:00:25.754] [SEVERE ] updating countdown to 1000
[17:00:25.754] [SEVERE ] updating countdown to 1000
[17:00:25.754] [SEVERE ] updating countdown to 1000
[17:00:25.754] [SEVERE ] updating countdown to 1000
[17:00:25.754] [SEVERE ] updating countdown to 1000
[17:00:25.754] [SEVERE ] updating countdown to 1000
[17:00:25.754] [SEVERE ] updating countdown to 1000
[17:00:25.754] [SEVERE ] updating countdown to 1000
[17:00:25.754] [SEVERE ] updating countdown to 1000
[17:00:25.754] [SEVERE ] updating countdown to 1000
[17:00:25.754] [SEVERE ] updating countdown to 1000
[17:00:25.754] [SEVERE ] updating countdown to 1000
[17:00:25.754] [SEVERE ] updating countdown to 1000
[17:00:25.754] [SEVERE ] updating countdown to 1000
[17:00:25.754] [SEVERE ] updating countdown to 1000
[17:00:25.754] [SEVERE ] updating countdown to 1000
[17:00:25.754] [SEVERE ] updating countdown to 1000
[17:00:25.754] [SEVERE ] updating countdown to 1000
[17:00:25.754] [SEVERE ] updating countdown to 1000
[17:00:25.754] [SEVERE ] updating countdown to 1000
[17:00:25.754] [SEVERE ] updating countdown to 1000
[17:00:25.754] [SEVERE ] updating countdown to 1000
[17:00:25.754] [SEVERE ] updating countdown to 1000
[17:00:25.754] [SEVERE ] updating countdown to 1000
[17:00:25.754] [SEVERE ] updating countdown to 1000
[17:00:25.754] [SEVERE ] updating countdown to 1000
[17:00:25.754] [SEVERE ] updating countdown to 1000
[17:00:25.754] [SEVERE ] updating countdown to 1000
[17:00:25.754] [SEVERE ] updating countdown to 1000
[17:00:25.754] [SEVERE ] updating countdown to 1000
[17:00:25.754] [SEVERE ] updating countdown to 1000
[17:00:25.754] [SEVERE ] updating countdown to 1000
[17:00:25.754] [SEVERE ] updating countdown to 1000
[17:00:25.754] [SEVERE ] updating countdown to 1000
[17:00:25.754] [SEVERE ] updating countdown to 1000
[17:00:25.754] [SEVERE ] updating countdown to 1000
[17:00:25.754] [SEVERE ] updating countdown to 1000
[17:00:25.754] [SEVERE ] updating countdown to 1000
[17:00:25.754] [SEVERE ] updating countdown to 1000
[17:00:25.754] [SEVERE ] updating countdown to 1000
[17:00:25.754] [SEVERE ] updating countdown to 1000
[17:00:25.754] [SEVERE ] updating countdown to 1000
[17:00:25.754] [SEVERE ] updating countdown to 1000
[17:00:25.754] [SEVERE ] updating countdown to 1000
[17:00:25.754] [SEVERE ] updating countdown to 1000
[17:00:25.754] [SEVERE ] updating countdown to 1000
[17:00:25.754] [SEVERE ] updating countdown to 1000
[17:00:25.754] [SEVERE ] updating countdown to 1000
[17:00:25.754] [SEVERE ] updating countdown to 1000
[17:00:25.754] [SEVERE ] updating countdown to 1000
[17:00:25.754] [SEVERE ] updating countdown to 1000
[17:00:25.754] [SEVERE ] updating countdown to 1000
[17:00:25.754] [SEVERE ] updating countdown to 1000
[17:00:25.754] [SEVERE ] updating countdown to 1000
[17:00:25.754] [SEVERE ] updating countdown to 1000
[17:00:25.754] [SEVERE ] updating countdown to 1000
[17:00:25.754] [SEVERE ] updating countdown to 1000
[17:00:25.754] [SEVERE ] updating countdown to 1000
[17:00:25.754] [SEVERE ] updating countdown to 1000
[17:00:25.754] [SEVERE ] updating countdown to 1000
[17:00:25.754] [SEVERE ] updating countdown to 1000
[17:00:25.754] [SEVERE ] updating countdown to 1000
[17:00:25.754] [SEVERE ] updating countdown to 1000
[17:00:25.754] [SEVERE ] updating countdown to 1000
[17:00:25.754] [SEVERE ] updating countdown to 1000
[17:00:25.754] [SEVERE ] updating countdown to 1000
[17:00:25.754] [SEVERE ] updating countdown to 1000
[17:00:25.754] [SEVERE ] updating countdown to 1000
[17:00:25.754] [SEVERE ] updating countdown to 1000
[17:00:25.754] [SEVERE ] updating countdown to 1000
[17:00:25.754] [SEVERE ] updating countdown to 1000
[17:00:25.754] [SEVERE ] updating countdown to 1000
[17:00:25.754] [SEVERE ] updating countdown to 1000
[17:00:25.754] [SEVERE ] updating countdown to 1000
[17:00:25.754] [SEVERE ] updating countdown to 1000
[17:00:25.754] [SEVERE ] updating countdown to 1000
[17:00:25.754] [SEVERE ] updating countdown to 1000
[17:00:25.754] [SEVERE ] updating countdown to 1000
[17:00:25.754] [SEVERE ] updating countdown to 1000
[17:00:25.754] [SEVERE ] updating countdown to 1000
[17:00:25.754] [SEVERE ] updating countdown to 1000
[17:00:25.754] [SEVERE ] updating countdown to 1000
[17:00:25.754] [SEVERE ] updating countdown to 1000
[17:00:25.754] [SEVERE ] updating countdown to 1000
[17:00:25.754] [SEVERE ] updating countdown to 1000
[17:00:25.754] [SEVERE ] updating countdown to 1000
[17:00:25.754] [SEVERE ] updating countdown to 1000
[17:00:25.754] [SEVERE ] updating countdown to 1000
[17:00:25.754] [SEVERE ] updating countdown to 1000
[17:00:25.754] [SEVERE ] updating countdown to 1000
[17:00:25.754] [SEVERE ] updating countdown to 1000
[17:00:25.754] [SEVERE ] updating countdown to 1000
[17:00:25.754] [SEVERE ] updating countdown to 1000
[17:00:25.754] [SEVERE ] updating countdown to 1000
[17:00:25.754] [SEVERE ] updating countdown to 1000
[17:00:25.754] [SEVERE ] updating countdown to 1000
[17:00:25.754] [SEVERE ] updating countdown to 1000
[17:00:25.754] [SEVERE ] updating countdown to 1000
[17:00:25.754] [SEVERE ] updating countdown to 1000
[17:00:25.754] [SEVERE ] updating countdown to 1000
[17:00:25.754] [SEVERE ] updating countdown to 1000
[17:00:25.754] [SEVERE ] updating countdown to 1000
[17:00:25.754] [SEVERE ] updating countdown to 1000
[17:00:25.754] [SEVERE ] updating countdown to 1000
[17:00:25.754] [SEVERE ] updating countdown to 1000
[17:00:25.754] [SEVERE ] updating countdown to 1000
[17:00:25.754] [SEVERE ] updating countdown to 1000
[17:00:25.754] [SEVERE ] updating countdown to 1000
[17:00:25.754] [SEVERE ] updating countdown to 1000
[17:00:25.754] [SEVERE ] updating countdown to 1000
[17:00:25.754] [SEVERE ] updating countdown to 1000
[17:00:25.754] [SEVERE ] updating countdown to 1000
[17:00:25.754] [SEVERE ] updating countdown to 1000
[17:00:25.754] [SEVERE ] updating countdown to 1000
[17:00:25.754] [SEVERE ] updating countdown to 1000
[17:00:25.754] [SEVERE ] updating countdown to 1000
[17:00:25.754] [SEVERE ] updating countdown to 1000
[17:00:25.754] [SEVERE ] updating countdown to 1000
[17:00:25.754] [SEVERE ] updating countdown to 1000
[17:00:25.754] [SEVERE ] updating countdown to 1000
[17:00:25.754] [SEVERE ] updating countdown to 1000
[17:00:25.754] [SEVERE ] updating countdown to 1000
[17:00:25.754] [SEVERE ] updating countdown to 1000
[17:00:25.754] [SEVERE ] updating countdown to 1000
[17:00:25.754] [SEVERE ] updating countdown to 1000
[17:00:25.754] [SEVERE ] updating countdown to 1000
[17:00:25.754] [SEVERE ] updating countdown to 1000
[17:00:25.754] [SEVERE ] updating countdown to 1000
[17:00:25.754] [SEVERE ] updating countdown to 1000
[17:00:25.754] [SEVERE ] updating countdown to 1000
[17:00:25.754] [SEVERE ] updating countdown to 1000
[17:00:25.754] [SEVERE ] updating countdown to 1000
[17:00:25.754] [SEVERE ] updating countdown to 1000
[17:00:25.754] [SEVERE ] updating countdown to 1000
[17:00:25.754] [SEVERE ] updating countdown to 1000
[17:00:25.754] [SEVERE ] updating countdown to 1000
[17:00:25.754] [SEVERE ] updating countdown to 1000
[17:00:25.754] [SEVERE ] updating countdown to 1000
[17:00:25.754] [SEVERE ] updating countdown to 1000
[17:00:25.754] [SEVERE ] updating countdown to 1000
[17:00:25.754] [SEVERE ] updating countdown to 1000
[17:00:25.754] [SEVERE ] updating countdown to 1000
[17:00:25.754] [SEVERE ] updating countdown to 1000
[17:00:25.754] [SEVERE ] updating countdown to 1000
[17:00:25.754] [SEVERE ] updating countdown to 1000
[17:00:25.754] [SEVERE ] updating countdown to 1000
[17:00:25.754] [SEVERE ] updating countdown to 1000
[17:00:25.754] [SEVERE ] updating countdown to 1000
[17:00:25.754] [SEVERE ] updating countdown to 1000
[17:00:25.754] [SEVERE ] updating countdown to 1000
[17:00:25.754] [SEVERE ] updating countdown to 1000
[17:00:25.754] [SEVERE ] updating countdown to 1000
[17:00:25.754] [SEVERE ] updating countdown to 1000
[17:00:25.754] [SEVERE ] updating countdown to 1000
[17:00:25.754] [SEVERE ] updating countdown to 1000
[17:00:25.754] [SEVERE ] updating countdown to 1000
[17:00:25.754] [SEVERE ] updating countdown to 1000
[17:00:25.754] [SEVERE ] updating countdown to 1000
[17:00:25.754] [SEVERE ] updating countdown to 1000
[17:00:25.754] [SEVERE ] updating countdown to 1000
[17:00:25.754] [SEVERE ] updating countdown to 1000
[17:00:25.754] [SEVERE ] updating countdown to 1000
[17:00:25.754] [SEVERE ] updating countdown to 1000
[17:00:25.754] [SEVERE ] updating countdown to 1000
[17:00:25.754] [SEVERE ] updating countdown to 1000
[17:00:25.754] [SEVERE ] updating countdown to 1000
[17:00:25.754] [SEVERE ] updating countdown to 1000
[17:00:25.754] [SEVERE ] updating countdown to 1000
[17:00:25.754] [SEVERE ] updating countdown to 1000
[17:00:25.754] [SEVERE ] updating countdown to 1000
[17:00:25.754] [SEVERE ] updating countdown to 1000
[17:00:25.754] [SEVERE ] updating countdown to 1000
[17:00:25.754] [SEVERE ] updating countdown to 1000
[17:00:25.754] [SEVERE ] updating countdown to 1000
[17:00:25.754] [SEVERE ] updating countdown to 1000
[17:00:25.754] [SEVERE ] updating countdown to 1000
[17:00:25.754] [SEVERE ] updating countdown to 1000
[17:00:25.754] [SEVERE ] updating countdown to 1000
[17:00:25.754] [SEVERE ] updating countdown to 1000
[17:00:25.754] [SEVERE ] updating countdown to 1000
[17:00:25.754] [SEVERE ] updating countdown to 1000
[17:00:25.754] [SEVERE ] updating countdown to 1000
[17:00:25.754] [SEVERE ] updating countdown to 1000
[17:00:25.754] [SEVERE ] updating countdown to 1000
[17:00:25.754] [SEVERE ] updating countdown to 1000
[17:00:25.754] [SEVERE ] updating countdown to 1000
[17:00:25.754] [SEVERE ] updating countdown to 1000
[17:00:25.754] [SEVERE ] updating countdown to 1000
[17:00:25.754] [SEVERE ] updating countdown to 1000
[17:00:25.754] [SEVERE ] updating countdown to 1000
[17:00:25.754] [SEVERE ] updating countdown to 1000
[17:00:25.754] [SEVERE ] updating countdown to 1000
[17:00:25.754] [SEVERE ] updating countdown to 1000
[17:00:25.754] [SEVERE ] updating countdown to 1000
[17:00:25.754] [SEVERE ] updating countdown to 1000
[17:00:25.754] [SEVERE ] updating countdown to 1000
[17:00:25.754] [SEVERE ] updating countdown to 1000
[17:00:25.754] [SEVERE ] updating countdown to 1000
[17:00:25.754] [SEVERE ] updating countdown to 1000
[17:00:25.754] [SEVERE ] updating countdown to 1000
[17:00:25.754] [SEVERE ] updating countdown to 1000
[17:00:25.754] [SEVERE ] updating countdown to 1000
[17:00:25.754] [SEVERE ] updating countdown to 1000
[17:00:25.754] [SEVERE ] updating countdown to 1000
[17:00:25.754] [SEVERE ] updating countdown to 1000
[17:00:25.754] [SEVERE ] updating countdown to 1000
[17:00:25.754] [SEVERE ] updating countdown to 1000
[17:00:25.754] [SEVERE ] updating countdown to 1000
[17:00:25.754] [SEVERE ] updating countdown to 1000
[17:00:25.754] [SEVERE ] updating countdown to 1000
[17:00:25.754] [SEVERE ] updating countdown to 1000
[17:00:25.754] [SEVERE ] updating countdown to 1000
[17:00:25.754] [SEVERE ] updating countdown to 1000
[17:00:25.754] [SEVERE ] updating countdown to 1000
[17:00:25.754] [SEVERE ] updating countdown to 1000
[17:00:25.754] [SEVERE ] updating countdown to 1000
[17:00:25.754] [SEVERE ] updating countdown to 1000
[17:00:25.754] [SEVERE ] updating countdown to 1000
[17:00:25.754] [SEVERE ] updating countdown to 1000
[17:00:25.754] [SEVERE ] updating countdown to 1000
[17:00:25.754] [SEVERE ] updating countdown to 1000
[17:00:25.754] [SEVERE ] updating countdown to 1000
[17:00:25.754] [SEVERE ] updating countdown to 1000
[17:00:25.754] [SEVERE ] updating countdown to 1000
[17:00:25.754] [SEVERE ] updating countdown to 1000
[17:00:25.754] [SEVERE ] updating countdown to 1000
[17:00:25.754] [SEVERE ] updating countdown to 1000
[17:00:25.754] [SEVERE ] updating countdown to 1000
[17:00:25.754] [SEVERE ] updating countdown to 1000
[17:00:25.754] [SEVERE ] updating countdown to 1000
[17:00:25.754] [SEVERE ] updating countdown to 1000
[17:00:25.754] [SEVERE ] updating countdown to 1000
[17:00:25.754] [SEVERE ] updating countdown to 1000
[17:00:25.754] [SEVERE ] updating countdown to 1000
[17:00:25.754] [SEVERE ] updating countdown to 1000
[17:00:25.754] [SEVERE ] updating countdown to 1000
[17:00:25.754] [SEVERE ] updating countdown to 1000
[17:00:25.754] [SEVERE ] updating countdown to 1000
[17:00:25.754] [SEVERE ] updating countdown to 1000
[17:00:25.754] [SEVERE ] updating countdown to 1000
[17:00:25.754] [SEVERE ] updating countdown to 1000
[17:00:25.754] [SEVERE ] updating countdown to 1000
[17:00:25.754] [SEVERE ] updating countdown to 1000
[17:00:25.754] [SEVERE ] updating countdown to 1000
[17:00:25.754] [SEVERE ] updating countdown to 1000
[17:00:25.754] [SEVERE ] updating countdown to 1000
[17:00:25.754] [SEVERE ] updating countdown to 1000
[17:00:25.754] [SEVERE ] updating countdown to 1000
[17:00:25.754] [SEVERE ] updating countdown to 1000
[17:00:25.754] [SEVERE ] updating countdown to 1000
[17:00:25.754] [SEVERE ] updating countdown to 1000
[17:00:25.754] [SEVERE ] updating countdown to 1000
[17:00:25.754] [SEVERE ] updating countdown to 1000
[17:00:25.754] [SEVERE ] updating countdown to 1000
[17:00:25.754] [SEVERE ] updating countdown to 1000
[17:00:25.754] [SEVERE ] updating countdown to 1000
[17:00:25.754] [SEVERE ] updating countdown to 1000
[17:00:25.754] [SEVERE ] updating countdown to 1000
[17:00:25.754] [SEVERE ] updating countdown to 1000
[17:00:25.754] [SEVERE ] updating countdown to 1000
[17:00:25.754] [SEVERE ] updating countdown to 1000
[17:00:25.754] [SEVERE ] updating countdown to 1000
[17:00:25.754] [SEVERE ] updating countdown to 1000
[17:00:25.754] [SEVERE ] updating countdown to 1000
[17:00:25.754] [SEVERE ] updating countdown to 1000
[17:00:25.754] [SEVERE ] updating countdown to 1000
[17:00:25.754] [SEVERE ] updating countdown to 1000
[17:00:25.754] [SEVERE ] updating countdown to 1000
[17:00:25.754] [SEVERE ] updating countdown to 1000
[17:00:25.754] [SEVERE ] updating countdown to 1000
[17:00:25.754] [SEVERE ] updating countdown to 1000
[17:00:25.754] [SEVERE ] updating countdown to 1000
[17:00:25.754] [SEVERE ] updating countdown to 1000
[17:00:25.754] [SEVERE ] updating countdown to 1000
[17:00:25.754] [SEVERE ] updating countdown to 1000
[17:00:25.754] [SEVERE ] updating countdown to 1000
[17:00:25.754] [SEVERE ] updating countdown to 1000
[17:00:25.754] [SEVERE ] updating countdown to 1000
[17:00:25.754] [SEVERE ] updating countdown to 1000
[17:00:25.754] [SEVERE ] updating countdown to 1000
[17:00:25.754] [SEVERE ] updating countdown to 1000
[17:00:25.754] [SEVERE ] updating countdown to 1000
[17:00:25.754] [SEVERE ] updating countdown to 1000
[17:00:25.754] [SEVERE ] updating countdown to 1000
[17:00:25.754] [SEVERE ] updating countdown to 1000
[17:00:25.754] [SEVERE ] updating countdown to 1000
[17:00:25.754] [SEVERE ] updating countdown to 1000
[17:00:25.754] [SEVERE ] updating countdown to 1000
[17:00:25.754] [SEVERE ] updating countdown to 1000
[17:00:25.754] [SEVERE ] updating countdown to 1000
[17:00:25.754] [SEVERE ] updating countdown to 1000
[17:00:25.754] [SEVERE ] updating countdown to 1000
[17:00:25.754] [SEVERE ] updating countdown to 1000
[17:00:25.754] [SEVERE ] updating countdown to 1000
[17:00:25.754] [SEVERE ] updating countdown to 1000
[17:00:25.754] [SEVERE ] updating countdown to 1000
[17:00:25.754] [SEVERE ] updating countdown to 1000
[17:00:25.754] [SEVERE ] updating countdown to 1000
[17:00:25.754] [SEVERE ] updating countdown to 1000
[17:00:25.754] [SEVERE ] updating countdown to 1000
[17:00:25.754] [SEVERE ] updating countdown to 1000
[17:00:25.754] [SEVERE ] updating countdown to 1000
[17:00:25.754] [SEVERE ] updating countdown to 1000
[17:00:25.754] [SEVERE ] updating countdown to 1000
[17:00:25.754] [SEVERE ] updating countdown to 1000
[17:00:25.754] [SEVERE ] updating countdown to 1000
[17:00:25.754] [SEVERE ] updating countdown to 1000
[17:00:25.754] [SEVERE ] updating countdown to 1000
[17:00:25.754] [SEVERE ] updating countdown to 1000
[17:00:25.754] [SEVERE ] updating countdown to 1000
[17:00:25.754] [SEVERE ] updating countdown to 1000
[17:00:25.754] [SEVERE ] updating countdown to 1000
[17:00:25.754] [SEVERE ] updating countdown to 1000
[17:00:25.754] [SEVERE ] updating countdown to 1000
[17:00:25.754] [SEVERE ] updating countdown to 1000
[17:00:25.754] [SEVERE ] updating countdown to 1000
[17:00:25.754] [SEVERE ] updating countdown to 1000
[17:00:25.754] [SEVERE ] updating countdown to 1000
[17:00:25.754] [SEVERE ] updating countdown to 1000
[17:00:25.754] [SEVERE ] updating countdown to 1000
[17:00:25.754] [SEVERE ] updating countdown to 1000
[17:00:25.754] [SEVERE ] updating countdown to 1000
[17:00:25.754] [SEVERE ] updating countdown to 1000
[17:00:25.754] [SEVERE ] updating countdown to 1000
[17:00:25.754] [SEVERE ] updating countdown to 1000
[17:00:25.754] [SEVERE ] updating countdown to 1000
[17:00:25.754] [SEVERE ] updating countdown to 1000
[17:00:25.754] [SEVERE ] updating countdown to 1000
[17:00:25.754] [SEVERE ] updating countdown to 1000
[17:00:25.754] [SEVERE ] updating countdown to 1000
[17:00:25.754] [SEVERE ] updating countdown to 1000
[17:00:25.754] [SEVERE ] updating countdown to 1000
[17:00:25.754] [SEVERE ] updating countdown to 1000
[17:00:25.754] [SEVERE ] updating countdown to 1000
[17:00:25.754] [SEVERE ] updating countdown to 1000
[17:00:25.754] [SEVERE ] updating countdown to 1000
[17:00:25.754] [SEVERE ] updating countdown to 1000
[17:00:25.754] [SEVERE ] updating countdown to 1000
[17:00:25.754] [SEVERE ] updating countdown to 1000
[17:00:25.754] [SEVERE ] updating countdown to 1000
[17:00:25.754] [SEVERE ] updating countdown to 1000
[17:00:25.754] [SEVERE ] updating countdown to 1000
[17:00:25.754] [SEVERE ] updating countdown to 1000
[17:00:25.754] [SEVERE ] updating countdown to 1000
[17:00:25.754] [SEVERE ] updating countdown to 1000
[17:00:25.754] [SEVERE ] updating countdown to 1000
[17:00:25.754] [SEVERE ] updating countdown to 1000
[17:00:25.754] [SEVERE ] updating countdown to 1000
[17:00:25.754] [SEVERE ] updating countdown to 1000
[17:00:25.754] [SEVERE ] updating countdown to 1000
[17:00:25.754] [SEVERE ] updating countdown to 1000
[17:00:25.754] [SEVERE ] updating countdown to 1000
[17:00:25.754] [SEVERE ] updating countdown to 1000
[17:00:25.754] [SEVERE ] updating countdown to 1000
[17:00:25.754] [SEVERE ] updating countdown to 1000
[17:00:25.754] [SEVERE ] updating countdown to 1000
[17:00:25.754] [SEVERE ] updating countdown to 1000
[17:00:25.754] [SEVERE ] updating countdown to 1000
[17:00:25.754] [SEVERE ] updating countdown to 1000
[17:00:25.754] [SEVERE ] updating countdown to 1000
[17:00:25.754] [SEVERE ] updating countdown to 1000
[17:00:25.754] [SEVERE ] updating countdown to 1000
[17:00:25.754] [SEVERE ] updating countdown to 1000
[17:00:25.754] [SEVERE ] updating countdown to 1000
[17:00:25.754] [SEVERE ] updating countdown to 1000
[17:00:25.754] [SEVERE ] updating countdown to 1000
[17:00:25.754] [SEVERE ] updating countdown to 1000
[17:00:25.754] [SEVERE ] updating countdown to 1000
[17:00:25.754] [SEVERE ] updating countdown to 1000
[17:00:25.754] [SEVERE ] updating countdown to 1000
[17:00:25.754] [SEVERE ] updating countdown to 1000
[17:00:25.754] [SEVERE ] updating countdown to 1000
[17:00:25.754] [SEVERE ] updating countdown to 1000
[17:00:25.754] [SEVERE ] updating countdown to 1000
[17:00:25.754] [SEVERE ] updating countdown to 1000
[17:00:25.754] [SEVERE ] updating countdown to 1000
[17:00:25.754] [SEVERE ] updating countdown to 1000
[17:00:25.754] [SEVERE ] updating countdown to 1000
[17:00:25.754] [SEVERE ] updating countdown to 1000
[17:00:25.754] [SEVERE ] updating countdown to 1000
[17:00:25.754] [SEVERE ] updating countdown to 1000
[17:00:25.754] [SEVERE ] updating countdown to 1000
[17:00:25.754] [SEVERE ] updating countdown to 1000
[17:00:25.754] [SEVERE ] updating countdown to 1000
[17:00:25.754] [SEVERE ] updating countdown to 1000
[17:00:25.754] [SEVERE ] updating countdown to 1000
[17:00:25.754] [SEVERE ] updating countdown to 1000
[17:00:25.754] [SEVERE ] updating countdown to 1000
[17:00:25.754] [SEVERE ] updating countdown to 1000
[17:00:25.754] [SEVERE ] updating countdown to 1000
[17:00:25.754] [SEVERE ] updating countdown to 1000
[17:00:25.754] [SEVERE ] updating countdown to 1000
[17:00:25.754] [SEVERE ] updating countdown to 1000
[17:00:25.754] [SEVERE ] updating countdown to 1000
[17:00:25.754] [SEVERE ] updating countdown to 1000
[17:00:25.754] [SEVERE ] updating countdown to 1000
[17:00:25.754] [SEVERE ] updating countdown to 1000
[17:00:25.754] [SEVERE ] updating countdown to 1000
[17:00:25.754] [SEVERE ] updating countdown to 1000
[17:00:25.754] [SEVERE ] updating countdown to 1000
[17:00:25.754] [SEVERE ] updating countdown to 1000
[17:00:25.754] [SEVERE ] updating countdown to 1000
[17:00:25.754] [SEVERE ] updating countdown to 1000
[17:00:25.754] [SEVERE ] updating countdown to 1000
[17:00:25.754] [SEVERE ] updating countdown to 1000
[17:00:25.754] [SEVERE ] updating countdown to 1000
[17:00:25.754] [SEVERE ] updating countdown to 1000
[17:00:25.754] [SEVERE ] updating countdown to 1000
[17:00:25.754] [SEVERE ] updating countdown to 1000
[17:00:25.754] [SEVERE ] updating countdown to 1000
[17:00:25.754] [SEVERE ] updating countdown to 1000
[17:00:25.754] [SEVERE ] updating countdown to 1000
[17:00:25.754] [SEVERE ] updating countdown to 1000
[17:00:25.754] [SEVERE ] updating countdown to 1000
[17:00:25.754] [SEVERE ] updating countdown to 1000
[17:00:25.754] [SEVERE ] updating countdown to 1000
[17:00:25.754] [SEVERE ] updating countdown to 1000
[17:00:25.754] [SEVERE ] updating countdown to 1000
[17:00:25.754] [SEVERE ] updating countdown to 1000
[17:00:25.754] [SEVERE ] updating countdown to 1000
[17:00:25.754] [SEVERE ] updating countdown to 1000
[17:00:25.754] [SEVERE ] updating countdown to 1000
[17:00:25.754] [SEVERE ] updating countdown to 1000
[17:00:25.754] [SEVERE ] updating countdown to 1000
[17:00:25.754] [SEVERE ] updating countdown to 1000
[17:00:25.754] [SEVERE ] updating countdown to 1000
[17:00:25.754] [SEVERE ] updating countdown to 1000
[17:00:25.754] [SEVERE ] updating countdown to 1000
[17:00:25.754] [SEVERE ] updating countdown to 1000
[17:00:25.754] [SEVERE ] updating countdown to 1000
[17:00:25.754] [SEVERE ] updating countdown to 1000
[17:00:25.754] [SEVERE ] updating countdown to 1000
[17:00:25.754] [SEVERE ] updating countdown to 1000
[17:00:25.754] [SEVERE ] updating countdown to 1000
[17:00:25.754] [SEVERE ] updating countdown to 1000
[17:00:25.754] [SEVERE ] updating countdown to 1000
[17:00:25.754] [SEVERE ] updating countdown to 1000
[17:00:25.754] [SEVERE ] updating countdown to 1000
[17:00:25.754] [SEVERE ] updating countdown to 1000
[17:00:25.754] [SEVERE ] updating countdown to 1000
[17:00:25.754] [SEVERE ] updating countdown to 1000
[17:00:25.754] [SEVERE ] updating countdown to 1000
[17:00:25.754] [SEVERE ] updating countdown to 1000
[17:00:25.754] [SEVERE ] updating countdown to 1000
[17:00:25.754] [SEVERE ] updating countdown to 1000
[17:00:25.754] [SEVERE ] updating countdown to 1000
[17:00:25.754] [SEVERE ] updating countdown to 1000
[17:00:25.754] [SEVERE ] updating countdown to 1000
[17:00:25.754] [SEVERE ] updating countdown to 1000
[17:00:25.754] [SEVERE ] updating countdown to 1000
[17:00:25.754] [SEVERE ] updating countdown to 1000
[17:00:25.754] [SEVERE ] updating countdown to 1000
[17:00:25.754] [SEVERE ] updating countdown to 1000
[17:00:25.754] [SEVERE ] updating countdown to 1000
[17:00:25.754] [SEVERE ] updating countdown to 1000
[17:00:25.754] [SEVERE ] updating countdown to 1000
[17:00:25.754] [SEVERE ] updating countdown to 1000
[17:00:25.754] [SEVERE ] updating countdown to 1000
[17:00:25.754] [SEVERE ] updating countdown to 1000
[17:00:25.754] [SEVERE ] updating countdown to 1000
[17:00:25.754] [SEVERE ] updating countdown to 1000
[17:00:25.754] [SEVERE ] updating countdown to 1000
[17:00:25.754] [SEVERE ] updating countdown to 1000
[17:00:25.754] [SEVERE ] updating countdown to 1000
[17:00:25.754] [SEVERE ] updating countdown to 1000
[17:00:25.754] [SEVERE ] updating countdown to 1000
[17:00:25.754] [SEVERE ] updating countdown to 1000
[17:00:25.754] [SEVERE ] updating countdown to 1000
[17:00:25.754] [SEVERE ] updating countdown to 1000
[17:00:25.927] [SEVERE ] player 2 placing token on slot 10
[17:00:26.760] [SEVERE ] updating countdown to 60000
[17:00:26.870] [SEVERE ] removing tokens from slot 4
[17:00:26.870] [SEVERE ] removing card from slot 4
[17:00:26.932] [SEVERE ] player 2 placing token on slot 11
[17:00:26.980] [SEVERE ] removing tokens from slot 3
[17:00:26.980] [SEVERE ] removing card from slot 3
[17:00:27.088] [SEVERE ] removing tokens from slot 6
[17:00:27.088] [SEVERE ] removing card from slot 6
[17:00:27.198] [SEVERE ] removing tokens from slot 9
[17:00:27.198] [SEVERE ] removing card from slot 9
[17:00:27.308] [SEVERE ] removing tokens from slot 5
[17:00:27.308] [SEVERE ] removing card from slot 5
[17:00:27.418] [SEVERE ] removing tokens from slot 1
[17:00:27.418] [SEVERE ] removing card from slot 1
[17:00:27.528] [SEVERE ] removing tokens from slot 7
[17:00:27.528] [SEVERE ] removing card from slot 7
[17:00:27.638] [SEVERE ] removing tokens from slot 2
[17:00:27.638] [SEVERE ] removing card from slot 2
[17:00:27.748] [SEVERE ] removing player 2 token from slot 10
[17:00:27.748] [SEVERE ] removing tokens from slot 10
[17:00:27.748] [SEVERE ] removing card from slot 10
[17:00:27.852] [SEVERE ] removing tokens from slot 8
[17:00:27.852] [SEVERE ] removing card from slot 8
[17:00:27.946] [SEVERE ] player 2 placing token on slot 6
[17:00:27.961] [SEVERE ] removing player 2 token from slot 11
[17:00:27.961] [SEVERE ] removing tokens from slot 11
[17:00:27.961] [SEVERE ] removing card from slot 11
[17:00:28.074] [SEVERE ] removing tokens from slot 0
[17:00:28.074] [SEVERE ] removing card from slot 0
[17:00:28.074] [SEVERE ] updating countdown to 60000
[17:00:28.184] [SEVERE ] placing card 23 in slot 4
[17:00:28.294] [SEVERE ] placing card 53 in slot 3
[17:00:28.404] [SEVERE ] placing card 10 in slot 6
[17:00:28.514] [SEVERE ] placing card 25 in slot 9
[17:00:28.625] [SEVERE ] placing card 17 in slot 5
[17:00:28.736] [SEVERE ] placing card 50 in slot 1
[17:00:28.846] [SEVERE ] placing card 55 in slot 7
[17:00:28.957] [SEVERE ] placing card 72 in slot 2
[17:00:28.957] [SEVERE ] removing player 2 token from slot 6
[17:00:29.063] [SEVERE ] placing card 15 in slot 10
[17:00:29.174] [SEVERE ] placing card 21 in slot 8
[17:00:29.284] [SEVERE ] placing card 0 in slot 11
[17:00:29.393] [SEVERE ] placing card 51 in slot 0
[17:00:29.958] [SEVERE ] player 2 placing token on slot 2
[17:00:30.409] [SEVERE ] updating countdown to 59984
[17:00:30.974] [SEVERE ] player 2 placing token on slot 6
[17:00:31.422] [SEVERE ] updating countdown to 58971
[17:00:31.988] [SEVERE ] removing player 2 token from slot 2
[17:00:32.429] [SEVERE ] updating countdown to 57964
[17:00:32.994] [SEVERE ] player 2 placing token on slot 3
[17:00:33.431] [SEVERE ] updating countdown to 56962
[17:00:34.003] [SEVERE ] player 2 placing token on slot 2
[17:00:34.432] [SEVERE ] updating countdown to 55961
[17:00:34.432] [SEVERE ] removing player 2 token from slot 6
[17:00:34.432] [SEVERE ] removing player 2 token from slot 3
[17:00:34.432] [SEVERE ] removing player 2 token from slot 2
[17:00:34.432] [SEVERE ] setting player 2 freeze to 3000
