[14:35:30.279] [INFO   ] thread bguspl.set.Main.main() starting.
[14:35:30.295] [SEVERE ] cannot read configuration file config.properties trying from resources.
[14:35:30.295] [SEVERE ] configuration file was loaded from resources directory.
[14:35:31.067] [INFO   ] thread dealer starting.
[14:35:31.081] [INFO   ] thread dealer starting.
[14:35:31.082] [INFO   ] thread Thread-1 starting.
[14:35:31.082] [INFO   ] thread Thread-2 starting.
[14:35:31.082] [INFO   ] thread Thread-5 starting.
[14:35:31.082] [INFO   ] thread Thread-3 starting.
[14:35:31.082] [INFO   ] thread Thread-4 starting.
[14:35:31.082] [INFO   ] thread Thread-6 starting.
[14:35:31.088] [INFO   ] thread computer-4 starting.
[14:35:31.088] [INFO   ] thread computer-2 starting.
[14:35:31.089] [INFO   ] thread computer-3 starting.
[14:35:31.090] [INFO   ] thread computer-5 starting.
[14:35:31.092] [SEVERE ] player 5 placing token on slot 0
[14:35:31.095] [SEVERE ] updating countdown to 60000
[14:35:31.096] [SEVERE ] player 6 placing token on slot 0
[14:35:31.099] [SEVERE ] player 4 placing token on slot 0
[14:35:31.102] [SEVERE ] player 3 placing token on slot 0
[14:35:31.200] [SEVERE ] placing card 80 in slot 9
[14:35:31.373] [SEVERE ] placing card 55 in slot 11
[14:35:31.475] [SEVERE ] placing card 23 in slot 10
[14:35:31.576] [SEVERE ] placing card 8 in slot 1
[14:35:31.676] [SEVERE ] placing card 13 in slot 7
[14:35:31.778] [SEVERE ] placing card 7 in slot 3
[14:35:31.880] [SEVERE ] placing card 69 in slot 6
[14:35:31.981] [SEVERE ] placing card 39 in slot 2
[14:35:32.084] [SEVERE ] placing card 29 in slot 4
[14:35:32.186] [SEVERE ] placing card 73 in slot 8
[14:35:32.287] [SEVERE ] placing card 58 in slot 5
[14:35:32.393] [SEVERE ] placing card 44 in slot 0
[14:35:33.400] [SEVERE ] updating countdown to 59993
[14:35:34.401] [SEVERE ] updating countdown to 58992
[14:35:35.402] [SEVERE ] updating countdown to 57991
[14:35:36.403] [SEVERE ] updating countdown to 56990
[14:35:37.406] [SEVERE ] updating countdown to 55987
[14:35:38.408] [SEVERE ] updating countdown to 54985
[14:35:38.963] [SEVERE ] key 81 was pressed by player 1
[14:35:38.964] [SEVERE ] player 1 placing token on slot 0
[14:35:39.018] [SEVERE ] key 87 was pressed by player 1
[14:35:39.020] [SEVERE ] player 1 placing token on slot 1
[14:35:39.038] [SEVERE ] key 69 was pressed by player 1
[14:35:39.038] [SEVERE ] player 1 placing token on slot 2
[14:35:39.418] [SEVERE ] updating countdown to 53975
[14:35:39.419] [SEVERE ] removing player 1 token from slot 0
[14:35:39.420] [SEVERE ] removing player 1 token from slot 1
[14:35:39.421] [SEVERE ] removing player 1 token from slot 2
[14:35:39.422] [SEVERE ] setting player 1 freeze to 3000
[14:35:40.429] [SEVERE ] setting player 1 freeze to 2000
[14:35:40.429] [SEVERE ] updating countdown to 52964
[14:35:41.430] [SEVERE ] setting player 1 freeze to 1000
[14:35:41.430] [SEVERE ] updating countdown to 51963
[14:35:42.442] [SEVERE ] updating countdown to 50951
[14:35:42.442] [SEVERE ] setting player 1 freeze to 0
[14:35:43.443] [SEVERE ] updating countdown to 49950
[14:35:44.456] [SEVERE ] updating countdown to 48937
[14:35:44.725] [SEVERE ] key 80 was pressed by player 2
[14:35:44.726] [SEVERE ] player 2 placing token on slot 3
[14:35:44.964] [SEVERE ] key 79 was pressed by player 2
[14:35:44.964] [SEVERE ] player 2 placing token on slot 2
[14:35:45.154] [SEVERE ] key 73 was pressed by player 2
[14:35:45.154] [SEVERE ] player 2 placing token on slot 1
[14:35:45.458] [SEVERE ] updating countdown to 47935
[14:35:45.459] [SEVERE ] removing player 2 token from slot 3
[14:35:45.460] [SEVERE ] removing player 2 token from slot 2
[14:35:45.460] [SEVERE ] removing player 2 token from slot 1
[14:35:45.461] [SEVERE ] setting player 2 freeze to 3000
[14:35:45.964] [SEVERE ] key 86 was pressed by player 1
[14:35:45.964] [SEVERE ] player 1 placing token on slot 11
[14:35:46.000] [SEVERE ] key 67 was pressed by player 1
[14:35:46.000] [SEVERE ] player 1 placing token on slot 10
[14:35:46.175] [SEVERE ] key 86 was pressed by player 1
[14:35:46.175] [SEVERE ] removing player 1 token from slot 11
[14:35:46.475] [SEVERE ] updating countdown to 46918
[14:35:46.475] [SEVERE ] setting player 2 freeze to 2000
[14:35:47.483] [SEVERE ] setting player 2 freeze to 1000
[14:35:47.483] [SEVERE ] updating countdown to 45910
[14:35:48.496] [SEVERE ] setting player 2 freeze to 0
[14:35:48.496] [SEVERE ] updating countdown to 44897
[14:35:49.498] [SEVERE ] updating countdown to 43895
