[14:50:48.883] [INFO   ] thread bguspl.set.Main.main() starting.
[14:50:48.898] [SEVERE ] cannot read configuration file config.properties trying from resources.
[14:50:48.898] [SEVERE ] configuration file was loaded from resources directory.
[14:50:50.257] [INFO   ] thread dealer starting.
[14:50:50.257] [INFO   ] thread dealer starting.
[14:50:50.270] [INFO   ] thread Thread-1 starting.
[14:50:50.270] [INFO   ] thread Thread-2 starting.
[14:50:50.270] [INFO   ] thread Thread-3 starting.
[14:50:50.273] [INFO   ] thread computer-2 starting.
[14:50:50.281] [SEVERE ] updating countdown to 60000
[14:50:50.392] [SEVERE ] placing card 27 in slot 0
[14:50:50.501] [SEVERE ] placing card 51 in slot 8
[14:50:50.605] [SEVERE ] placing card 15 in slot 7
[14:50:50.714] [SEVERE ] placing card 76 in slot 5
[14:50:50.825] [SEVERE ] placing card 8 in slot 10
[14:50:50.936] [SEVERE ] placing card 5 in slot 11
[14:50:51.047] [SEVERE ] placing card 11 in slot 6
[14:50:51.150] [SEVERE ] placing card 78 in slot 3
[14:50:51.252] [SEVERE ] placing card 0 in slot 2
[14:50:51.358] [SEVERE ] placing card 62 in slot 9
[14:50:51.462] [SEVERE ] placing card 61 in slot 1
[14:50:51.572] [SEVERE ] placing card 3 in slot 4
[14:50:52.583] [SEVERE ] updating countdown to 59989
[14:50:53.584] [SEVERE ] updating countdown to 58988
[14:50:54.587] [SEVERE ] updating countdown to 57985
[14:50:55.591] [SEVERE ] updating countdown to 56981
[14:50:56.606] [SEVERE ] updating countdown to 55966
[14:50:57.610] [SEVERE ] updating countdown to 54962
