[14:43:10.333] [INFO   ] thread bguspl.set.Main.main() starting.
[14:43:10.336] [SEVERE ] cannot read configuration file config.properties trying from resources.
[14:43:10.336] [SEVERE ] configuration file was loaded from resources directory.
[14:43:11.150] [INFO   ] thread dealer starting.
[14:43:11.166] [INFO   ] thread dealer starting.
[14:43:11.167] [INFO   ] thread Thread-1 starting.
[14:43:11.167] [INFO   ] thread Thread-2 starting.
[14:43:11.167] [INFO   ] thread Thread-3 starting.
[14:43:11.171] [INFO   ] thread computer-2 starting.
[14:43:11.178] [SEVERE ] updating countdown to 60000
[14:43:11.293] [SEVERE ] placing card 26 in slot 2
[14:43:11.401] [SEVERE ] placing card 49 in slot 1
[14:43:11.512] [SEVERE ] placing card 39 in slot 7
[14:43:11.622] [SEVERE ] placing card 32 in slot 0
[14:43:11.734] [SEVERE ] placing card 67 in slot 8
[14:43:11.845] [SEVERE ] placing card 64 in slot 5
[14:43:11.956] [SEVERE ] placing card 41 in slot 3
[14:43:12.064] [SEVERE ] placing card 54 in slot 11
[14:43:12.176] [SEVERE ] placing card 6 in slot 10
[14:43:12.294] [SEVERE ] placing card 70 in slot 4
[14:43:12.404] [SEVERE ] placing card 42 in slot 6
[14:43:12.514] [SEVERE ] placing card 46 in slot 9
[14:43:13.517] [SEVERE ] updating countdown to 59997
[14:43:14.522] [SEVERE ] updating countdown to 58992
[14:43:15.529] [SEVERE ] updating countdown to 57985
[14:43:16.535] [SEVERE ] updating countdown to 56979
[14:43:17.542] [SEVERE ] updating countdown to 55972
[14:43:18.546] [SEVERE ] updating countdown to 54968
[14:43:19.549] [SEVERE ] updating countdown to 53965
[14:43:20.555] [SEVERE ] updating countdown to 52959
[14:43:21.556] [SEVERE ] updating countdown to 51958
[14:43:22.562] [SEVERE ] updating countdown to 50952
[14:43:22.578] [SEVERE ] key 80 was pressed by player 2
[14:43:22.578] [SEVERE ] player 2 placing token on slot 3
[14:43:22.806] [SEVERE ] key 79 was pressed by player 2
[14:43:22.806] [SEVERE ] player 2 placing token on slot 2
[14:43:22.967] [SEVERE ] key 73 was pressed by player 2
[14:43:22.967] [SEVERE ] player 2 placing token on slot 1
[14:43:23.579] [SEVERE ] updating countdown to 49935
[14:43:23.579] [SEVERE ] removing player 2 token from slot 3
[14:43:23.579] [SEVERE ] removing player 2 token from slot 2
[14:43:23.579] [SEVERE ] removing player 2 token from slot 1
[14:43:24.592] [SEVERE ] updating countdown to 48922
[14:43:25.598] [SEVERE ] updating countdown to 47916
[14:43:26.600] [SEVERE ] updating countdown to 46914
[14:43:27.607] [SEVERE ] updating countdown to 45907
[14:43:28.611] [SEVERE ] updating countdown to 44903
[14:43:29.619] [SEVERE ] updating countdown to 43895
