[18:03:34.568] [INFO   ] thread bguspl.set.Main.main() starting.
[18:03:34.583] [SEVERE ] cannot read configuration file config.properties trying from resources.
[18:03:34.583] [SEVERE ] configuration file was loaded from resources directory.
[18:03:35.430] [INFO   ] thread dealer starting.
[18:03:35.430] [INFO   ] thread dealer starting.
[18:03:35.437] [INFO   ] thread Thread-1 starting.
[18:03:35.437] [INFO   ] thread Thread-2 starting.
[18:03:35.437] [INFO   ] thread Thread-4 starting.
[18:03:35.437] [INFO   ] thread Thread-3 starting.
[18:03:35.440] [INFO   ] thread computer-3 starting.
[18:03:35.440] [INFO   ] thread computer-2 starting.
[18:03:35.454] [SEVERE ] updating countdown to 10000
[18:03:35.564] [SEVERE ] placing card 56 in slot 5
[18:03:35.725] [SEVERE ] placing card 53 in slot 1
[18:03:35.828] [SEVERE ] placing card 26 in slot 10
[18:03:35.930] [SEVERE ] placing card 6 in slot 7
[18:03:36.032] [SEVERE ] placing card 80 in slot 11
[18:03:36.140] [SEVERE ] placing card 30 in slot 8
[18:03:36.243] [SEVERE ] placing card 44 in slot 4
[18:03:36.345] [SEVERE ] placing card 72 in slot 6
[18:03:36.447] [SEVERE ] player 4 placing token on slot 7
[18:03:36.448] [SEVERE ] placing card 51 in slot 9
[18:03:36.549] [SEVERE ] placing card 24 in slot 0
[18:03:36.651] [SEVERE ] placing card 10 in slot 2
[18:03:36.764] [SEVERE ] placing card 18 in slot 3
[18:03:37.457] [SEVERE ] player 3 placing token on slot 7
[18:03:37.459] [SEVERE ] player 4 placing token on slot 3
[18:03:37.766] [SEVERE ] updating countdown to 9998
[18:03:38.461] [SEVERE ] player 3 placing token on slot 9
[18:03:38.462] [SEVERE ] removing player 4 token from slot 3
[18:03:38.771] [SEVERE ] updating countdown to 8993
[18:03:39.465] [SEVERE ] player 3 placing token on slot 2
[18:03:39.467] [SEVERE ] player 4 placing token on slot 3
[18:03:39.777] [SEVERE ] updating countdown to 7987
[18:03:39.778] [SEVERE ] removing player 3 token from slot 7
[18:03:39.779] [SEVERE ] removing player 3 token from slot 9
[18:03:39.780] [SEVERE ] removing player 3 token from slot 2
[18:03:39.780] [SEVERE ] setting player 3 freeze to 3000
[18:03:40.482] [SEVERE ] player 4 placing token on slot 11
[18:03:40.788] [SEVERE ] updating countdown to 6976
[18:03:40.788] [SEVERE ] setting player 3 freeze to 2000
[18:03:40.788] [SEVERE ] removing player 4 token from slot 7
[18:03:40.790] [SEVERE ] removing player 4 token from slot 3
[18:03:40.790] [SEVERE ] removing player 4 token from slot 11
[18:03:40.791] [SEVERE ] setting player 4 freeze to 3000
[18:03:41.796] [SEVERE ] updating countdown to 5968
[18:03:41.796] [SEVERE ] setting player 3 freeze to 1000
[18:03:41.796] [SEVERE ] setting player 4 freeze to 2000
[18:03:42.799] [SEVERE ] setting player 4 freeze to 1000
[18:03:42.799] [SEVERE ] setting player 3 freeze to 0
[18:03:43.814] [SEVERE ] setting player 4 freeze to 0
[18:03:43.814] [SEVERE ] player 3 placing token on slot 11
[18:03:44.764] [SEVERE ] updating countdown to 3000
[18:03:44.764] [SEVERE ] updating countdown to 3000
[18:03:44.764] [SEVERE ] updating countdown to 3000
[18:03:44.764] [SEVERE ] updating countdown to 3000
[18:03:44.764] [SEVERE ] updating countdown to 3000
[18:03:44.764] [SEVERE ] updating countdown to 3000
[18:03:44.764] [SEVERE ] updating countdown to 3000
[18:03:44.764] [SEVERE ] updating countdown to 3000
[18:03:44.764] [SEVERE ] updating countdown to 3000
[18:03:44.764] [SEVERE ] updating countdown to 3000
[18:03:44.764] [SEVERE ] updating countdown to 3000
[18:03:44.764] [SEVERE ] updating countdown to 3000
[18:03:44.764] [SEVERE ] updating countdown to 3000
[18:03:44.764] [SEVERE ] updating countdown to 3000
[18:03:44.764] [SEVERE ] updating countdown to 3000
[18:03:44.764] [SEVERE ] updating countdown to 3000
[18:03:44.764] [SEVERE ] updating countdown to 3000
[18:03:44.764] [SEVERE ] updating countdown to 3000
[18:03:44.764] [SEVERE ] updating countdown to 3000
[18:03:44.764] [SEVERE ] updating countdown to 3000
[18:03:44.764] [SEVERE ] updating countdown to 3000
[18:03:44.764] [SEVERE ] updating countdown to 3000
[18:03:44.764] [SEVERE ] updating countdown to 3000
[18:03:44.764] [SEVERE ] updating countdown to 3000
[18:03:44.764] [SEVERE ] updating countdown to 3000
[18:03:44.764] [SEVERE ] updating countdown to 3000
[18:03:44.817] [SEVERE ] player 4 placing token on slot 1
[18:03:44.819] [SEVERE ] player 3 placing token on slot 10
[18:03:45.819] [SEVERE ] player 4 placing token on slot 5
[18:03:45.823] [SEVERE ] player 3 placing token on slot 0
[18:03:45.824] [SEVERE ] removing player 3 token from slot 11
[18:03:45.825] [SEVERE ] removing player 3 token from slot 10
[18:03:45.826] [SEVERE ] removing player 3 token from slot 0
[18:03:45.826] [SEVERE ] setting player 3 freeze to 3000
[18:03:46.826] [SEVERE ] removing player 4 token from slot 1
[18:03:46.828] [SEVERE ] setting player 3 freeze to 2000
[18:03:47.767] [SEVERE ] updating countdown to 10000
[18:03:47.830] [SEVERE ] setting player 3 freeze to 1000
[18:03:47.830] [SEVERE ] player 4 placing token on slot 2
[18:03:47.876] [SEVERE ] removing player 4 token from slot 5
[18:03:47.878] [SEVERE ] removing tokens from slot 5
[18:03:47.878] [SEVERE ] removing card from slot 5
[18:03:47.989] [SEVERE ] removing tokens from slot 1
[18:03:47.989] [SEVERE ] removing card from slot 1
[18:03:48.099] [SEVERE ] removing tokens from slot 10
[18:03:48.099] [SEVERE ] removing card from slot 10
[18:03:48.208] [SEVERE ] removing tokens from slot 7
[18:03:48.208] [SEVERE ] removing card from slot 7
[18:03:48.318] [SEVERE ] removing tokens from slot 11
[18:03:48.318] [SEVERE ] removing card from slot 11
[18:03:48.428] [SEVERE ] removing tokens from slot 8
[18:03:48.428] [SEVERE ] removing card from slot 8
[18:03:48.538] [SEVERE ] removing tokens from slot 4
[18:03:48.538] [SEVERE ] removing card from slot 4
[18:03:48.642] [SEVERE ] removing tokens from slot 6
[18:03:48.642] [SEVERE ] removing card from slot 6
[18:03:48.752] [SEVERE ] removing tokens from slot 9
[18:03:48.752] [SEVERE ] removing card from slot 9
[18:03:48.832] [SEVERE ] setting player 3 freeze to 0
[18:03:48.864] [SEVERE ] removing tokens from slot 0
[18:03:48.864] [SEVERE ] removing card from slot 0
[18:03:48.973] [SEVERE ] removing player 4 token from slot 2
[18:03:48.973] [SEVERE ] removing tokens from slot 2
[18:03:48.973] [SEVERE ] removing card from slot 2
[18:03:49.082] [SEVERE ] removing tokens from slot 3
[18:03:49.082] [SEVERE ] removing card from slot 3
[18:03:49.082] [SEVERE ] updating countdown to 10000
[18:03:49.193] [SEVERE ] placing card 21 in slot 5
[18:03:49.296] [SEVERE ] placing card 54 in slot 1
[18:03:49.406] [SEVERE ] placing card 23 in slot 10
[18:03:49.515] [SEVERE ] placing card 42 in slot 7
[18:03:49.625] [SEVERE ] placing card 69 in slot 11
[18:03:49.735] [SEVERE ] placing card 25 in slot 8
[18:03:49.845] [SEVERE ] placing card 39 in slot 4
[18:03:49.955] [SEVERE ] placing card 20 in slot 6
[18:03:50.065] [SEVERE ] placing card 80 in slot 9
[18:03:50.175] [SEVERE ] placing card 66 in slot 0
[18:03:50.286] [SEVERE ] placing card 3 in slot 2
[18:03:50.395] [SEVERE ] placing card 64 in slot 3
[18:03:51.397] [SEVERE ] updating countdown to 9998
[18:03:51.397] [SEVERE ] player 3 placing token on slot 10
[18:03:51.398] [SEVERE ] player 4 placing token on slot 11
[18:03:52.397] [SEVERE ] updating countdown to 8998
[18:03:52.398] [SEVERE ] player 3 placing token on slot 0
[18:03:52.399] [SEVERE ] removing player 4 token from slot 11
[18:03:53.398] [SEVERE ] updating countdown to 7997
[18:03:53.400] [SEVERE ] player 3 placing token on slot 1
[18:03:53.401] [SEVERE ] player 4 placing token on slot 5
[18:03:54.399] [SEVERE ] updating countdown to 6996
[18:03:54.400] [SEVERE ] removing player 3 token from slot 10
[18:03:54.401] [SEVERE ] removing player 3 token from slot 0
[18:03:54.401] [SEVERE ] removing player 3 token from slot 1
[18:03:54.402] [SEVERE ] setting player 3 freeze to 3000
[18:03:54.402] [SEVERE ] player 4 placing token on slot 11
[18:03:55.402] [SEVERE ] updating countdown to 5993
[18:03:55.403] [SEVERE ] setting player 3 freeze to 2000
[18:03:55.403] [SEVERE ] player 4 placing token on slot 4
[18:03:56.403] [SEVERE ] setting player 3 freeze to 1000
[18:03:56.403] [SEVERE ] removing player 4 token from slot 5
[18:03:56.404] [SEVERE ] removing player 4 token from slot 11
[18:03:56.405] [SEVERE ] removing player 4 token from slot 4
[18:03:56.405] [SEVERE ] setting player 4 freeze to 3000
[18:03:57.395] [SEVERE ] updating countdown to 4000
[18:03:57.395] [SEVERE ] updating countdown to 4000
[18:03:57.395] [SEVERE ] updating countdown to 4000
[18:03:57.395] [SEVERE ] updating countdown to 4000
[18:03:57.395] [SEVERE ] updating countdown to 4000
[18:03:57.395] [SEVERE ] updating countdown to 4000
[18:03:57.395] [SEVERE ] updating countdown to 4000
[18:03:57.395] [SEVERE ] updating countdown to 4000
[18:03:57.395] [SEVERE ] updating countdown to 4000
[18:03:57.395] [SEVERE ] updating countdown to 4000
[18:03:57.395] [SEVERE ] updating countdown to 4000
[18:03:57.395] [SEVERE ] updating countdown to 4000
[18:03:57.395] [SEVERE ] updating countdown to 4000
[18:03:57.395] [SEVERE ] updating countdown to 4000
[18:03:57.395] [SEVERE ] updating countdown to 4000
[18:03:57.395] [SEVERE ] updating countdown to 4000
[18:03:57.395] [SEVERE ] updating countdown to 4000
[18:03:57.395] [SEVERE ] updating countdown to 4000
[18:03:57.396] [SEVERE ] updating countdown to 4000
[18:03:57.404] [SEVERE ] setting player 3 freeze to 0
[18:03:57.405] [SEVERE ] setting player 4 freeze to 2000
[18:03:58.395] [SEVERE ] updating countdown to 3000
[18:03:58.395] [SEVERE ] updating countdown to 3000
[18:03:58.395] [SEVERE ] updating countdown to 3000
[18:03:58.395] [SEVERE ] updating countdown to 3000
[18:03:58.395] [SEVERE ] updating countdown to 3000
[18:03:58.395] [SEVERE ] updating countdown to 3000
[18:03:58.395] [SEVERE ] updating countdown to 3000
[18:03:58.395] [SEVERE ] updating countdown to 3000
[18:03:58.395] [SEVERE ] updating countdown to 3000
[18:03:58.395] [SEVERE ] updating countdown to 3000
[18:03:58.395] [SEVERE ] updating countdown to 3000
[18:03:58.395] [SEVERE ] updating countdown to 3000
[18:03:58.395] [SEVERE ] updating countdown to 3000
[18:03:58.395] [SEVERE ] updating countdown to 3000
[18:03:58.395] [SEVERE ] updating countdown to 3000
[18:03:58.395] [SEVERE ] updating countdown to 3000
[18:03:58.395] [SEVERE ] updating countdown to 3000
[18:03:58.395] [SEVERE ] updating countdown to 3000
[18:03:58.395] [SEVERE ] updating countdown to 3000
[18:03:58.395] [SEVERE ] updating countdown to 3000
[18:03:58.395] [SEVERE ] updating countdown to 3000
[18:03:58.395] [SEVERE ] updating countdown to 3000
[18:03:58.395] [SEVERE ] updating countdown to 3000
[18:03:58.395] [SEVERE ] updating countdown to 3000
[18:03:58.395] [SEVERE ] updating countdown to 3000
[18:03:58.395] [SEVERE ] updating countdown to 3000
[18:03:58.395] [SEVERE ] updating countdown to 3000
[18:03:58.419] [SEVERE ] setting player 4 freeze to 1000
[18:03:58.420] [SEVERE ] player 3 placing token on slot 3
[18:03:59.395] [SEVERE ] updating countdown to 2000
[18:03:59.395] [SEVERE ] updating countdown to 2000
[18:03:59.395] [SEVERE ] updating countdown to 2000
[18:03:59.395] [SEVERE ] updating countdown to 2000
[18:03:59.395] [SEVERE ] updating countdown to 2000
[18:03:59.395] [SEVERE ] updating countdown to 2000
[18:03:59.395] [SEVERE ] updating countdown to 2000
[18:03:59.395] [SEVERE ] updating countdown to 2000
[18:03:59.395] [SEVERE ] updating countdown to 2000
[18:03:59.395] [SEVERE ] updating countdown to 2000
[18:03:59.395] [SEVERE ] updating countdown to 2000
[18:03:59.395] [SEVERE ] updating countdown to 2000
[18:03:59.395] [SEVERE ] updating countdown to 2000
[18:03:59.395] [SEVERE ] updating countdown to 2000
[18:03:59.395] [SEVERE ] updating countdown to 2000
[18:03:59.395] [SEVERE ] updating countdown to 2000
[18:03:59.395] [SEVERE ] updating countdown to 2000
[18:03:59.395] [SEVERE ] updating countdown to 2000
[18:03:59.395] [SEVERE ] updating countdown to 2000
[18:03:59.395] [SEVERE ] updating countdown to 2000
[18:03:59.395] [SEVERE ] updating countdown to 2000
[18:03:59.395] [SEVERE ] updating countdown to 2000
[18:03:59.395] [SEVERE ] updating countdown to 2000
[18:03:59.395] [SEVERE ] updating countdown to 2000
[18:03:59.395] [SEVERE ] updating countdown to 2000
[18:03:59.395] [SEVERE ] updating countdown to 2000
[18:03:59.395] [SEVERE ] updating countdown to 2000
[18:03:59.395] [SEVERE ] updating countdown to 2000
[18:03:59.395] [SEVERE ] updating countdown to 2000
[18:03:59.395] [SEVERE ] updating countdown to 2000
[18:03:59.395] [SEVERE ] updating countdown to 2000
[18:03:59.395] [SEVERE ] updating countdown to 2000
[18:03:59.395] [SEVERE ] updating countdown to 2000
[18:03:59.395] [SEVERE ] updating countdown to 2000
[18:03:59.395] [SEVERE ] updating countdown to 2000
[18:03:59.395] [SEVERE ] updating countdown to 2000
[18:03:59.395] [SEVERE ] updating countdown to 2000
[18:03:59.395] [SEVERE ] updating countdown to 2000
[18:03:59.395] [SEVERE ] updating countdown to 2000
[18:03:59.395] [SEVERE ] updating countdown to 2000
[18:03:59.395] [SEVERE ] updating countdown to 2000
[18:03:59.395] [SEVERE ] updating countdown to 2000
[18:03:59.395] [SEVERE ] updating countdown to 2000
[18:03:59.395] [SEVERE ] updating countdown to 2000
[18:03:59.395] [SEVERE ] updating countdown to 2000
[18:03:59.395] [SEVERE ] updating countdown to 2000
[18:03:59.395] [SEVERE ] updating countdown to 2000
[18:03:59.395] [SEVERE ] updating countdown to 2000
[18:03:59.395] [SEVERE ] updating countdown to 2000
[18:03:59.395] [SEVERE ] updating countdown to 2000
[18:03:59.395] [SEVERE ] updating countdown to 2000
[18:03:59.395] [SEVERE ] updating countdown to 2000
[18:03:59.395] [SEVERE ] updating countdown to 2000
[18:03:59.395] [SEVERE ] updating countdown to 2000
[18:03:59.395] [SEVERE ] updating countdown to 2000
[18:03:59.395] [SEVERE ] updating countdown to 2000
[18:03:59.395] [SEVERE ] updating countdown to 2000
[18:03:59.395] [SEVERE ] updating countdown to 2000
[18:03:59.395] [SEVERE ] updating countdown to 2000
[18:03:59.395] [SEVERE ] updating countdown to 2000
[18:03:59.395] [SEVERE ] updating countdown to 2000
[18:03:59.395] [SEVERE ] updating countdown to 2000
[18:03:59.395] [SEVERE ] updating countdown to 2000
[18:03:59.395] [SEVERE ] updating countdown to 2000
[18:03:59.395] [SEVERE ] updating countdown to 2000
[18:03:59.395] [SEVERE ] updating countdown to 2000
[18:03:59.395] [SEVERE ] updating countdown to 2000
[18:03:59.395] [SEVERE ] updating countdown to 2000
[18:03:59.395] [SEVERE ] updating countdown to 2000
[18:03:59.395] [SEVERE ] updating countdown to 2000
[18:03:59.395] [SEVERE ] updating countdown to 2000
[18:03:59.395] [SEVERE ] updating countdown to 2000
[18:03:59.395] [SEVERE ] updating countdown to 2000
[18:03:59.395] [SEVERE ] updating countdown to 2000
[18:03:59.421] [SEVERE ] setting player 4 freeze to 0
[18:03:59.423] [SEVERE ] player 3 placing token on slot 4
[18:04:00.422] [SEVERE ] player 4 placing token on slot 0
[18:04:00.425] [SEVERE ] player 3 placing token on slot 11
[18:04:00.425] [SEVERE ] removing player 3 token from slot 3
[18:04:00.426] [SEVERE ] removing player 3 token from slot 4
[18:04:00.427] [SEVERE ] removing player 3 token from slot 11
[18:04:00.427] [SEVERE ] setting player 3 freeze to 3000
[18:04:01.395] [SEVERE ] updating countdown to 10000
[18:04:01.426] [SEVERE ] player 4 placing token on slot 11
[18:04:01.442] [SEVERE ] setting player 3 freeze to 2000
[18:04:01.501] [SEVERE ] removing tokens from slot 5
[18:04:01.501] [SEVERE ] removing card from slot 5
[18:04:01.605] [SEVERE ] removing tokens from slot 1
[18:04:01.605] [SEVERE ] removing card from slot 1
[18:04:01.715] [SEVERE ] removing tokens from slot 10
[18:04:01.715] [SEVERE ] removing card from slot 10
[18:04:01.825] [SEVERE ] removing tokens from slot 7
[18:04:01.825] [SEVERE ] removing card from slot 7
[18:04:01.919] [SEVERE ] key 81 was pressed by player 1
[18:04:01.919] [SEVERE ] player 1 placing token on slot 0
[18:04:01.935] [SEVERE ] removing player 4 token from slot 11
[18:04:01.935] [SEVERE ] removing tokens from slot 11
[18:04:01.935] [SEVERE ] removing card from slot 11
[18:04:02.038] [SEVERE ] removing tokens from slot 8
[18:04:02.038] [SEVERE ] removing card from slot 8
[18:04:02.054] [SEVERE ] key 87 was pressed by player 1
[18:04:02.132] [SEVERE ] key 69 was pressed by player 1
[18:04:02.132] [SEVERE ] player 1 placing token on slot 2
[18:04:02.148] [SEVERE ] removing tokens from slot 4
[18:04:02.148] [SEVERE ] removing card from slot 4
[18:04:02.226] [SEVERE ] key 81 was pressed by player 1
[18:04:02.226] [SEVERE ] removing player 1 token from slot 0
[18:04:02.253] [SEVERE ] removing tokens from slot 6
[18:04:02.253] [SEVERE ] removing card from slot 6
[18:04:02.322] [SEVERE ] key 69 was pressed by player 1
[18:04:02.325] [SEVERE ] removing player 1 token from slot 2
[18:04:02.331] [SEVERE ] key 87 was pressed by player 1
[18:04:02.356] [SEVERE ] removing tokens from slot 9
[18:04:02.356] [SEVERE ] removing card from slot 9
[18:04:02.435] [SEVERE ] key 81 was pressed by player 1
[18:04:02.438] [SEVERE ] player 1 placing token on slot 0
[18:04:02.451] [SEVERE ] setting player 3 freeze to 1000
[18:04:02.469] [SEVERE ] removing player 1 token from slot 0
[18:04:02.469] [SEVERE ] removing player 4 token from slot 0
[18:04:02.469] [SEVERE ] removing tokens from slot 0
[18:04:02.469] [SEVERE ] removing card from slot 0
[18:04:02.561] [SEVERE ] key 69 was pressed by player 1
[18:04:02.561] [SEVERE ] player 1 placing token on slot 2
[18:04:02.561] [SEVERE ] key 87 was pressed by player 1
[18:04:02.576] [SEVERE ] removing player 1 token from slot 2
[18:04:02.577] [SEVERE ] removing tokens from slot 2
[18:04:02.577] [SEVERE ] removing card from slot 2
[18:04:02.638] [SEVERE ] key 81 was pressed by player 1
[18:04:02.680] [SEVERE ] removing tokens from slot 3
[18:04:02.680] [SEVERE ] removing card from slot 3
[18:04:02.680] [SEVERE ] updating countdown to 10000
[18:04:02.719] [SEVERE ] key 69 was pressed by player 1
[18:04:02.783] [SEVERE ] placing card 19 in slot 5
[18:04:02.798] [SEVERE ] key 81 was pressed by player 1
[18:04:02.877] [SEVERE ] key 69 was pressed by player 1
[18:04:02.893] [SEVERE ] placing card 48 in slot 1
[18:04:02.924] [SEVERE ] key 87 was pressed by player 1
[18:04:02.924] [SEVERE ] player 1 placing token on slot 1
[18:04:03.009] [SEVERE ] placing card 9 in slot 10
[18:04:03.017] [SEVERE ] key 81 was pressed by player 1
[18:04:03.080] [SEVERE ] key 69 was pressed by player 1
[18:04:03.111] [SEVERE ] placing card 50 in slot 7
[18:04:03.174] [SEVERE ] key 81 was pressed by player 1
[18:04:03.221] [SEVERE ] placing card 46 in slot 11
[18:04:03.255] [SEVERE ] key 69 was pressed by player 1
[18:04:03.268] [SEVERE ] key 87 was pressed by player 1
[18:04:03.268] [SEVERE ] removing player 1 token from slot 1
[18:04:03.330] [SEVERE ] placing card 61 in slot 8
[18:04:03.355] [SEVERE ] key 81 was pressed by player 1
[18:04:03.442] [SEVERE ] placing card 62 in slot 4
[18:04:03.458] [SEVERE ] setting player 3 freeze to 0
[18:04:03.520] [SEVERE ] key 69 was pressed by player 1
[18:04:03.552] [SEVERE ] placing card 74 in slot 6
[18:04:03.647] [SEVERE ] key 81 was pressed by player 1
[18:04:03.663] [SEVERE ] placing card 32 in slot 9
[18:04:03.695] [SEVERE ] key 87 was pressed by player 1
[18:04:03.697] [SEVERE ] player 1 placing token on slot 1
[18:04:03.769] [SEVERE ] placing card 16 in slot 0
[18:04:03.832] [SEVERE ] key 81 was pressed by player 1
[18:04:03.835] [SEVERE ] player 1 placing token on slot 0
[18:04:03.875] [SEVERE ] placing card 36 in slot 2
[18:04:03.896] [SEVERE ] key 69 was pressed by player 1
[18:04:03.896] [SEVERE ] player 1 placing token on slot 2
[18:04:03.903] [SEVERE ] key 87 was pressed by player 1
[18:04:03.986] [SEVERE ] placing card 24 in slot 3
[18:04:03.995] [SEVERE ] key 81 was pressed by player 1
[18:04:04.057] [SEVERE ] key 69 was pressed by player 1
[18:04:04.183] [SEVERE ] key 81 was pressed by player 1
[18:04:04.467] [SEVERE ] player 3 placing token on slot 6
[18:04:04.517] [SEVERE ] key 81 was pressed by player 1
[18:04:04.661] [SEVERE ] key 87 was pressed by player 1
[18:04:04.676] [SEVERE ] key 69 was pressed by player 1
[18:04:04.991] [SEVERE ] updating countdown to 9995
[18:04:04.992] [SEVERE ] player 4 placing token on slot 0
[18:04:04.992] [SEVERE ] removing player 1 token from slot 1
[18:04:04.993] [SEVERE ] removing player 1 token from slot 0
[18:04:04.993] [SEVERE ] removing player 1 token from slot 2
[18:04:04.993] [SEVERE ] setting player 1 freeze to 3000
[18:04:05.474] [SEVERE ] player 3 placing token on slot 7
[18:04:06.006] [SEVERE ] setting player 1 freeze to 2000
[18:04:06.006] [SEVERE ] updating countdown to 8980
[18:04:06.007] [SEVERE ] player 4 placing token on slot 7
[18:04:06.488] [SEVERE ] player 3 placing token on slot 9
[18:04:07.019] [SEVERE ] setting player 1 freeze to 1000
[18:04:07.019] [SEVERE ] updating countdown to 7967
[18:04:07.020] [SEVERE ] player 4 placing token on slot 4
[18:04:07.021] [SEVERE ] removing player 3 token from slot 6
[18:04:07.022] [SEVERE ] removing player 3 token from slot 7
[18:04:07.022] [SEVERE ] removing player 3 token from slot 9
[18:04:07.022] [SEVERE ] setting player 3 freeze to 3000
[18:04:07.022] [SEVERE ] removing player 4 token from slot 0
[18:04:07.022] [SEVERE ] removing player 4 token from slot 7
[18:04:07.025] [SEVERE ] removing player 4 token from slot 4
[18:04:07.025] [SEVERE ] setting player 4 freeze to 3000
[18:04:08.031] [SEVERE ] updating countdown to 6955
[18:04:08.031] [SEVERE ] setting player 4 freeze to 2000
[18:04:08.031] [SEVERE ] setting player 3 freeze to 2000
[18:04:08.031] [SEVERE ] setting player 1 freeze to 0
[18:04:09.032] [SEVERE ] setting player 4 freeze to 1000
[18:04:09.032] [SEVERE ] updating countdown to 5954
[18:04:09.033] [SEVERE ] setting player 3 freeze to 1000
[18:04:10.034] [SEVERE ] setting player 4 freeze to 0
[18:04:10.034] [SEVERE ] setting player 3 freeze to 0
[18:04:10.986] [SEVERE ] updating countdown to 4000
[18:04:10.986] [SEVERE ] updating countdown to 4000
[18:04:10.986] [SEVERE ] updating countdown to 4000
[18:04:10.986] [SEVERE ] updating countdown to 4000
[18:04:10.986] [SEVERE ] updating countdown to 4000
[18:04:10.986] [SEVERE ] updating countdown to 4000
[18:04:10.986] [SEVERE ] updating countdown to 4000
[18:04:10.986] [SEVERE ] updating countdown to 4000
[18:04:10.986] [SEVERE ] updating countdown to 4000
[18:04:10.986] [SEVERE ] updating countdown to 4000
[18:04:10.986] [SEVERE ] updating countdown to 4000
[18:04:10.986] [SEVERE ] updating countdown to 4000
[18:04:10.986] [SEVERE ] updating countdown to 4000
[18:04:10.986] [SEVERE ] updating countdown to 4000
[18:04:10.986] [SEVERE ] updating countdown to 4000
[18:04:10.986] [SEVERE ] updating countdown to 4000
[18:04:10.986] [SEVERE ] updating countdown to 4000
[18:04:10.986] [SEVERE ] updating countdown to 4000
[18:04:10.986] [SEVERE ] updating countdown to 4000
[18:04:10.986] [SEVERE ] updating countdown to 4000
[18:04:10.986] [SEVERE ] updating countdown to 4000
[18:04:10.986] [SEVERE ] updating countdown to 4000
[18:04:10.986] [SEVERE ] updating countdown to 4000
[18:04:10.986] [SEVERE ] updating countdown to 4000
[18:04:10.986] [SEVERE ] updating countdown to 4000
[18:04:10.986] [SEVERE ] updating countdown to 4000
[18:04:10.986] [SEVERE ] updating countdown to 4000
[18:04:10.986] [SEVERE ] updating countdown to 4000
[18:04:10.986] [SEVERE ] updating countdown to 4000
[18:04:10.986] [SEVERE ] updating countdown to 4000
[18:04:10.986] [SEVERE ] updating countdown to 4000
[18:04:10.986] [SEVERE ] updating countdown to 4000
[18:04:10.986] [SEVERE ] updating countdown to 4000
[18:04:10.986] [SEVERE ] updating countdown to 4000
[18:04:10.986] [SEVERE ] updating countdown to 4000
[18:04:10.986] [SEVERE ] updating countdown to 4000
[18:04:10.986] [SEVERE ] updating countdown to 4000
[18:04:10.986] [SEVERE ] updating countdown to 4000
[18:04:10.986] [SEVERE ] updating countdown to 4000
[18:04:10.986] [SEVERE ] updating countdown to 4000
[18:04:10.986] [SEVERE ] updating countdown to 4000
[18:04:10.986] [SEVERE ] updating countdown to 4000
[18:04:10.986] [SEVERE ] updating countdown to 4000
[18:04:10.986] [SEVERE ] updating countdown to 4000
[18:04:10.986] [SEVERE ] updating countdown to 4000
[18:04:10.986] [SEVERE ] updating countdown to 4000
[18:04:10.986] [SEVERE ] updating countdown to 4000
[18:04:10.986] [SEVERE ] updating countdown to 4000
[18:04:10.986] [SEVERE ] updating countdown to 4000
[18:04:10.986] [SEVERE ] updating countdown to 4000
[18:04:10.986] [SEVERE ] updating countdown to 4000
[18:04:10.986] [SEVERE ] updating countdown to 4000
[18:04:10.986] [SEVERE ] updating countdown to 4000
[18:04:10.986] [SEVERE ] updating countdown to 4000
[18:04:10.986] [SEVERE ] updating countdown to 4000
[18:04:10.986] [SEVERE ] updating countdown to 4000
[18:04:10.986] [SEVERE ] updating countdown to 4000
[18:04:10.986] [SEVERE ] updating countdown to 4000
[18:04:10.986] [SEVERE ] updating countdown to 4000
[18:04:10.986] [SEVERE ] updating countdown to 4000
[18:04:10.986] [SEVERE ] updating countdown to 4000
[18:04:10.986] [SEVERE ] updating countdown to 4000
[18:04:10.986] [SEVERE ] updating countdown to 4000
[18:04:10.986] [SEVERE ] updating countdown to 4000
[18:04:10.986] [SEVERE ] updating countdown to 4000
[18:04:10.986] [SEVERE ] updating countdown to 4000
[18:04:10.986] [SEVERE ] updating countdown to 4000
[18:04:10.986] [SEVERE ] updating countdown to 4000
[18:04:10.986] [SEVERE ] updating countdown to 4000
[18:04:10.986] [SEVERE ] updating countdown to 4000
[18:04:10.986] [SEVERE ] updating countdown to 4000
[18:04:10.986] [SEVERE ] updating countdown to 4000
[18:04:10.986] [SEVERE ] updating countdown to 4000
[18:04:10.986] [SEVERE ] updating countdown to 4000
[18:04:10.986] [SEVERE ] updating countdown to 4000
[18:04:10.986] [SEVERE ] updating countdown to 4000
[18:04:10.986] [SEVERE ] updating countdown to 4000
[18:04:10.986] [SEVERE ] updating countdown to 4000
[18:04:10.986] [SEVERE ] updating countdown to 4000
[18:04:10.986] [SEVERE ] updating countdown to 4000
[18:04:10.986] [SEVERE ] updating countdown to 4000
[18:04:10.986] [SEVERE ] updating countdown to 4000
[18:04:10.986] [SEVERE ] updating countdown to 4000
[18:04:10.986] [SEVERE ] updating countdown to 4000
[18:04:10.986] [SEVERE ] updating countdown to 4000
[18:04:10.986] [SEVERE ] updating countdown to 4000
[18:04:10.986] [SEVERE ] updating countdown to 4000
[18:04:10.986] [SEVERE ] updating countdown to 4000
[18:04:10.986] [SEVERE ] updating countdown to 4000
[18:04:10.986] [SEVERE ] updating countdown to 4000
[18:04:10.986] [SEVERE ] updating countdown to 4000
[18:04:10.986] [SEVERE ] updating countdown to 4000
[18:04:10.986] [SEVERE ] updating countdown to 4000
[18:04:10.986] [SEVERE ] updating countdown to 4000
[18:04:10.986] [SEVERE ] updating countdown to 4000
[18:04:10.986] [SEVERE ] updating countdown to 4000
[18:04:10.986] [SEVERE ] updating countdown to 4000
[18:04:10.986] [SEVERE ] updating countdown to 4000
[18:04:10.986] [SEVERE ] updating countdown to 4000
[18:04:11.038] [SEVERE ] player 4 placing token on slot 5
[18:04:11.039] [SEVERE ] player 3 placing token on slot 0
[18:04:12.040] [SEVERE ] player 4 placing token on slot 11
[18:04:12.040] [SEVERE ] player 3 placing token on slot 1
[18:04:12.986] [SEVERE ] updating countdown to 2000
[18:04:12.986] [SEVERE ] updating countdown to 2000
[18:04:12.986] [SEVERE ] updating countdown to 2000
[18:04:12.986] [SEVERE ] updating countdown to 2000
[18:04:12.986] [SEVERE ] updating countdown to 2000
[18:04:12.986] [SEVERE ] updating countdown to 2000
[18:04:12.986] [SEVERE ] updating countdown to 2000
[18:04:12.986] [SEVERE ] updating countdown to 2000
[18:04:12.986] [SEVERE ] updating countdown to 2000
[18:04:12.986] [SEVERE ] updating countdown to 2000
[18:04:12.986] [SEVERE ] updating countdown to 2000
[18:04:12.986] [SEVERE ] updating countdown to 2000
[18:04:12.986] [SEVERE ] updating countdown to 2000
[18:04:12.986] [SEVERE ] updating countdown to 2000
[18:04:12.986] [SEVERE ] updating countdown to 2000
[18:04:12.986] [SEVERE ] updating countdown to 2000
[18:04:12.986] [SEVERE ] updating countdown to 2000
[18:04:12.986] [SEVERE ] updating countdown to 2000
[18:04:12.986] [SEVERE ] updating countdown to 2000
[18:04:12.986] [SEVERE ] updating countdown to 2000
[18:04:12.986] [SEVERE ] updating countdown to 2000
[18:04:12.986] [SEVERE ] updating countdown to 2000
[18:04:12.986] [SEVERE ] updating countdown to 2000
[18:04:12.986] [SEVERE ] updating countdown to 2000
[18:04:12.986] [SEVERE ] updating countdown to 2000
[18:04:12.986] [SEVERE ] updating countdown to 2000
[18:04:12.986] [SEVERE ] updating countdown to 2000
[18:04:12.986] [SEVERE ] updating countdown to 2000
[18:04:12.986] [SEVERE ] updating countdown to 2000
[18:04:12.986] [SEVERE ] updating countdown to 2000
[18:04:12.986] [SEVERE ] updating countdown to 2000
[18:04:12.986] [SEVERE ] updating countdown to 2000
[18:04:12.986] [SEVERE ] updating countdown to 2000
[18:04:12.986] [SEVERE ] updating countdown to 2000
[18:04:13.041] [SEVERE ] player 4 placing token on slot 2
[18:04:13.042] [SEVERE ] player 3 placing token on slot 10
[18:04:13.042] [SEVERE ] removing player 4 token from slot 5
[18:04:13.043] [SEVERE ] removing player 4 token from slot 11
[18:04:13.043] [SEVERE ] removing player 4 token from slot 2
[18:04:13.043] [SEVERE ] setting player 4 freeze to 3000
[18:04:13.044] [SEVERE ] removing player 3 token from slot 0
[18:04:13.044] [SEVERE ] removing player 3 token from slot 1
[18:04:13.045] [SEVERE ] removing player 3 token from slot 10
[18:04:13.045] [SEVERE ] setting player 3 freeze to 3000
[18:04:13.761] [SEVERE ] key 81 was pressed by player 1
[18:04:13.761] [SEVERE ] player 1 placing token on slot 0
[18:04:13.986] [SEVERE ] updating countdown to 1000
[18:04:13.986] [SEVERE ] updating countdown to 1000
[18:04:13.986] [SEVERE ] updating countdown to 1000
[18:04:13.986] [SEVERE ] updating countdown to 1000
[18:04:13.986] [SEVERE ] updating countdown to 1000
[18:04:13.986] [SEVERE ] updating countdown to 1000
[18:04:13.986] [SEVERE ] updating countdown to 1000
[18:04:13.986] [SEVERE ] updating countdown to 1000
[18:04:13.986] [SEVERE ] updating countdown to 1000
[18:04:13.986] [SEVERE ] updating countdown to 1000
[18:04:13.986] [SEVERE ] updating countdown to 1000
[18:04:13.986] [SEVERE ] updating countdown to 1000
[18:04:13.986] [SEVERE ] updating countdown to 1000
[18:04:13.986] [SEVERE ] updating countdown to 1000
[18:04:13.986] [SEVERE ] updating countdown to 1000
[18:04:13.986] [SEVERE ] updating countdown to 1000
[18:04:13.986] [SEVERE ] updating countdown to 1000
[18:04:13.986] [SEVERE ] updating countdown to 1000
[18:04:13.986] [SEVERE ] updating countdown to 1000
[18:04:13.986] [SEVERE ] updating countdown to 1000
[18:04:13.986] [SEVERE ] updating countdown to 1000
[18:04:13.986] [SEVERE ] updating countdown to 1000
[18:04:13.986] [SEVERE ] updating countdown to 1000
[18:04:13.986] [SEVERE ] updating countdown to 1000
[18:04:13.986] [SEVERE ] updating countdown to 1000
[18:04:13.986] [SEVERE ] updating countdown to 1000
[18:04:13.986] [SEVERE ] updating countdown to 1000
[18:04:13.986] [SEVERE ] updating countdown to 1000
[18:04:13.986] [SEVERE ] updating countdown to 1000
[18:04:13.986] [SEVERE ] updating countdown to 1000
[18:04:13.986] [SEVERE ] updating countdown to 1000
[18:04:13.986] [SEVERE ] updating countdown to 1000
[18:04:13.986] [SEVERE ] updating countdown to 1000
[18:04:13.986] [SEVERE ] updating countdown to 1000
[18:04:13.986] [SEVERE ] updating countdown to 1000
[18:04:13.986] [SEVERE ] updating countdown to 1000
[18:04:13.986] [SEVERE ] updating countdown to 1000
[18:04:13.986] [SEVERE ] updating countdown to 1000
[18:04:13.986] [SEVERE ] updating countdown to 1000
[18:04:13.986] [SEVERE ] updating countdown to 1000
[18:04:13.986] [SEVERE ] updating countdown to 1000
[18:04:13.986] [SEVERE ] updating countdown to 1000
[18:04:13.986] [SEVERE ] updating countdown to 1000
[18:04:13.986] [SEVERE ] updating countdown to 1000
[18:04:13.986] [SEVERE ] updating countdown to 1000
[18:04:13.986] [SEVERE ] updating countdown to 1000
[18:04:13.986] [SEVERE ] updating countdown to 1000
[18:04:13.986] [SEVERE ] updating countdown to 1000
[18:04:13.986] [SEVERE ] updating countdown to 1000
[18:04:13.986] [SEVERE ] updating countdown to 1000
[18:04:13.986] [SEVERE ] updating countdown to 1000
[18:04:13.986] [SEVERE ] updating countdown to 1000
[18:04:13.986] [SEVERE ] updating countdown to 1000
[18:04:13.986] [SEVERE ] updating countdown to 1000
[18:04:13.986] [SEVERE ] updating countdown to 1000
[18:04:13.986] [SEVERE ] updating countdown to 1000
[18:04:13.986] [SEVERE ] updating countdown to 1000
[18:04:13.986] [SEVERE ] updating countdown to 1000
[18:04:13.986] [SEVERE ] updating countdown to 1000
[18:04:13.986] [SEVERE ] updating countdown to 1000
[18:04:13.986] [SEVERE ] updating countdown to 1000
[18:04:13.986] [SEVERE ] updating countdown to 1000
[18:04:13.986] [SEVERE ] updating countdown to 1000
[18:04:13.986] [SEVERE ] updating countdown to 1000
[18:04:13.986] [SEVERE ] updating countdown to 1000
[18:04:13.986] [SEVERE ] updating countdown to 1000
[18:04:13.986] [SEVERE ] updating countdown to 1000
[18:04:13.986] [SEVERE ] updating countdown to 1000
[18:04:13.986] [SEVERE ] updating countdown to 1000
[18:04:13.986] [SEVERE ] updating countdown to 1000
[18:04:13.986] [SEVERE ] updating countdown to 1000
[18:04:13.986] [SEVERE ] updating countdown to 1000
[18:04:13.986] [SEVERE ] updating countdown to 1000
[18:04:13.986] [SEVERE ] updating countdown to 1000
[18:04:13.986] [SEVERE ] updating countdown to 1000
[18:04:13.986] [SEVERE ] updating countdown to 1000
[18:04:13.986] [SEVERE ] updating countdown to 1000
[18:04:13.986] [SEVERE ] updating countdown to 1000
[18:04:13.986] [SEVERE ] updating countdown to 1000
[18:04:13.986] [SEVERE ] updating countdown to 1000
[18:04:13.986] [SEVERE ] updating countdown to 1000
[18:04:13.986] [SEVERE ] updating countdown to 1000
[18:04:13.986] [SEVERE ] updating countdown to 1000
[18:04:13.986] [SEVERE ] updating countdown to 1000
[18:04:13.986] [SEVERE ] updating countdown to 1000
[18:04:14.044] [SEVERE ] setting player 4 freeze to 2000
[18:04:14.045] [SEVERE ] setting player 3 freeze to 2000
[18:04:14.278] [SEVERE ] key 87 was pressed by player 1
[18:04:14.278] [SEVERE ] player 1 placing token on slot 1
[18:04:14.986] [SEVERE ] updating countdown to 10000
[18:04:15.048] [SEVERE ] setting player 4 freeze to 1000
[18:04:15.048] [SEVERE ] setting player 3 freeze to 1000
[18:04:15.096] [SEVERE ] removing tokens from slot 5
[18:04:15.096] [SEVERE ] removing card from slot 5
[18:04:15.206] [SEVERE ] removing player 1 token from slot 1
[18:04:15.206] [SEVERE ] removing tokens from slot 1
[18:04:15.206] [SEVERE ] removing card from slot 1
[18:04:15.328] [SEVERE ] removing tokens from slot 10
[18:04:15.328] [SEVERE ] removing card from slot 10
[18:04:15.438] [SEVERE ] removing tokens from slot 7
[18:04:15.438] [SEVERE ] removing card from slot 7
[18:04:15.548] [SEVERE ] removing tokens from slot 11
[18:04:15.548] [SEVERE ] removing card from slot 11
[18:04:15.658] [SEVERE ] removing tokens from slot 8
[18:04:15.658] [SEVERE ] removing card from slot 8
[18:04:15.769] [SEVERE ] removing tokens from slot 4
[18:04:15.769] [SEVERE ] removing card from slot 4
[18:04:15.880] [SEVERE ] removing tokens from slot 6
[18:04:15.880] [SEVERE ] removing card from slot 6
[18:04:15.991] [SEVERE ] removing tokens from slot 9
[18:04:15.991] [SEVERE ] removing card from slot 9
[18:04:16.053] [SEVERE ] setting player 3 freeze to 0
[18:04:16.053] [SEVERE ] setting player 4 freeze to 0
[18:04:16.101] [SEVERE ] removing player 1 token from slot 0
[18:04:16.101] [SEVERE ] removing tokens from slot 0
[18:04:16.101] [SEVERE ] removing card from slot 0
[18:04:16.208] [SEVERE ] removing tokens from slot 2
[18:04:16.208] [SEVERE ] removing card from slot 2
[18:04:16.310] [SEVERE ] removing tokens from slot 3
[18:04:16.310] [SEVERE ] removing card from slot 3
[18:04:16.310] [SEVERE ] updating countdown to 10000
[18:04:16.421] [SEVERE ] placing card 9 in slot 5
[18:04:16.531] [SEVERE ] placing card 28 in slot 1
[18:04:16.641] [SEVERE ] placing card 73 in slot 10
[18:04:16.751] [SEVERE ] placing card 22 in slot 7
[18:04:16.861] [SEVERE ] placing card 5 in slot 11
[18:04:16.972] [SEVERE ] placing card 76 in slot 8
[18:04:17.084] [SEVERE ] placing card 55 in slot 4
[18:04:17.195] [SEVERE ] placing card 7 in slot 6
[18:04:17.306] [SEVERE ] placing card 67 in slot 9
[18:04:17.321] [SEVERE ] key 87 was pressed by player 1
[18:04:17.334] [SEVERE ] player 1 placing token on slot 1
[18:04:17.408] [SEVERE ] placing card 57 in slot 0
[18:04:17.512] [SEVERE ] placing card 40 in slot 2
[18:04:17.623] [SEVERE ] placing card 29 in slot 3
[18:04:18.624] [SEVERE ] updating countdown to 9999
[18:04:18.624] [SEVERE ] player 4 placing token on slot 3
[18:04:18.625] [SEVERE ] player 3 placing token on slot 2
[18:04:19.625] [SEVERE ] updating countdown to 8998
[18:04:19.625] [SEVERE ] player 3 placing token on slot 8
[18:04:19.641] [SEVERE ] player 4 placing token on slot 7
[18:04:20.626] [SEVERE ] updating countdown to 7997
[18:04:20.627] [SEVERE ] player 3 placing token on slot 3
[18:04:20.646] [SEVERE ] removing player 4 token from slot 3
[18:04:21.627] [SEVERE ] updating countdown to 6996
[18:04:21.627] [SEVERE ] removing player 3 token from slot 2
[18:04:21.628] [SEVERE ] removing player 3 token from slot 8
[18:04:21.628] [SEVERE ] removing player 3 token from slot 3
[18:04:21.629] [SEVERE ] setting player 3 freeze to 3000
[18:04:21.649] [SEVERE ] player 4 placing token on slot 2
[18:04:22.629] [SEVERE ] updating countdown to 5994
[18:04:22.629] [SEVERE ] setting player 3 freeze to 2000
[18:04:22.651] [SEVERE ] player 4 placing token on slot 4
