[15:13:18.713] [INFO   ] thread bguspl.set.Main.main() starting.
[15:13:18.729] [SEVERE ] cannot read configuration file config.properties trying from resources.
[15:13:18.729] [SEVERE ] configuration file was loaded from resources directory.
[15:13:19.489] [INFO   ] thread dealer starting.
[15:13:19.489] [INFO   ] thread dealer starting.
[15:13:19.489] [INFO   ] thread Thread-1 starting.
[15:13:19.489] [INFO   ] thread Thread-3 starting.
[15:13:19.489] [INFO   ] thread Thread-2 starting.
[15:13:19.497] [INFO   ] thread computer-2 starting.
[15:13:19.505] [SEVERE ] updating countdown to 60000
[15:13:19.611] [SEVERE ] placing card 34 in slot 6
[15:13:19.721] [SEVERE ] placing card 37 in slot 3
[15:13:19.824] [SEVERE ] placing card 52 in slot 11
[15:13:19.932] [SEVERE ] placing card 32 in slot 2
[15:13:20.048] [SEVERE ] placing card 57 in slot 7
[15:13:20.155] [SEVERE ] placing card 7 in slot 10
[15:13:20.266] [SEVERE ] placing card 28 in slot 9
[15:13:20.377] [SEVERE ] placing card 74 in slot 0
[15:13:20.481] [SEVERE ] placing card 12 in slot 5
[15:13:20.591] [SEVERE ] placing card 76 in slot 8
[15:13:20.701] [SEVERE ] placing card 47 in slot 4
[15:13:20.811] [SEVERE ] placing card 54 in slot 1
[15:13:21.818] [SEVERE ] updating countdown to 59993
[15:13:22.824] [SEVERE ] updating countdown to 58987
[15:13:23.831] [SEVERE ] updating countdown to 57980
[15:13:24.843] [SEVERE ] updating countdown to 56968
[15:13:25.849] [SEVERE ] updating countdown to 55962
[15:13:26.855] [SEVERE ] updating countdown to 54956
[15:13:27.858] [SEVERE ] updating countdown to 53953
[15:13:28.863] [SEVERE ] updating countdown to 52948
[15:13:29.869] [SEVERE ] updating countdown to 51942
[15:13:30.874] [SEVERE ] updating countdown to 50937
[15:13:31.881] [SEVERE ] updating countdown to 49930
[15:13:32.888] [SEVERE ] updating countdown to 48923
[15:13:33.890] [SEVERE ] updating countdown to 47921
[15:13:34.902] [SEVERE ] updating countdown to 46909
