[14:54:59.822] [INFO   ] thread bguspl.set.Main.main() starting.
[14:54:59.822] [SEVERE ] cannot read configuration file config.properties trying from resources.
[14:54:59.838] [SEVERE ] configuration file was loaded from resources directory.
[14:55:00.687] [INFO   ] thread dealer starting.
[14:55:00.687] [INFO   ] thread dealer starting.
[14:55:00.690] [INFO   ] thread Thread-1 starting.
[14:55:00.690] [INFO   ] thread Thread-2 starting.
[14:55:00.711] [SEVERE ] updating countdown to 60000
[14:55:00.816] [SEVERE ] placing card 8 in slot 2
[14:55:00.918] [SEVERE ] placing card 76 in slot 0
[14:55:01.021] [SEVERE ] placing card 17 in slot 1
[14:55:01.124] [SEVERE ] placing card 80 in slot 7
[14:55:01.225] [SEVERE ] placing card 15 in slot 5
[14:55:01.327] [SEVERE ] placing card 38 in slot 9
[14:55:01.432] [SEVERE ] placing card 5 in slot 3
[14:55:01.535] [SEVERE ] placing card 72 in slot 4
[14:55:01.637] [SEVERE ] placing card 44 in slot 10
[14:55:01.739] [SEVERE ] placing card 55 in slot 11
[14:55:01.840] [SEVERE ] placing card 33 in slot 8
[14:55:01.943] [SEVERE ] placing card 47 in slot 6
[14:55:02.945] [SEVERE ] updating countdown to 59999
[14:55:03.745] [SEVERE ] key 79 was pressed by player 2
[14:55:03.755] [SEVERE ] player 2 placing token on slot 2
[14:55:03.951] [SEVERE ] updating countdown to 58993
[14:55:04.036] [SEVERE ] key 73 was pressed by player 2
[14:55:04.037] [SEVERE ] player 2 placing token on slot 1
[14:55:04.430] [SEVERE ] key 85 was pressed by player 2
[14:55:04.444] [SEVERE ] player 2 placing token on slot 0
[14:55:04.955] [SEVERE ] updating countdown to 57989
[14:55:04.959] [SEVERE ] removing player 2 token from slot 2
[14:55:04.966] [SEVERE ] removing player 2 token from slot 1
[14:55:04.986] [SEVERE ] removing player 2 token from slot 0
[14:55:04.989] [SEVERE ] setting player 2 freeze to 3000
[14:55:05.664] [SEVERE ] key 65 was pressed by player 1
[14:55:05.666] [SEVERE ] player 1 placing token on slot 4
[14:55:05.876] [SEVERE ] key 83 was pressed by player 1
[14:55:05.891] [SEVERE ] player 1 placing token on slot 5
[14:55:05.993] [SEVERE ] updating countdown to 56951
[14:55:05.999] [SEVERE ] setting player 2 freeze to 2000
[14:55:06.070] [SEVERE ] key 68 was pressed by player 1
[14:55:06.086] [SEVERE ] player 1 placing token on slot 6
[14:55:06.997] [SEVERE ] updating countdown to 55947
[14:55:06.999] [SEVERE ] removing player 1 token from slot 4
[14:55:07.002] [SEVERE ] removing player 1 token from slot 5
[14:55:07.004] [SEVERE ] removing player 1 token from slot 6
[14:55:07.005] [SEVERE ] setting player 1 freeze to 3000
[14:55:07.005] [SEVERE ] setting player 2 freeze to 1000
[14:55:08.008] [SEVERE ] setting player 1 freeze to 2000
[14:55:08.008] [SEVERE ] updating countdown to 54936
[14:55:08.008] [SEVERE ] setting player 2 freeze to 0
[14:55:09.016] [SEVERE ] updating countdown to 53928
[14:55:09.016] [SEVERE ] setting player 1 freeze to 1000
[14:55:09.271] [SEVERE ] key 81 was pressed by player 1
[14:55:09.466] [SEVERE ] key 87 was pressed by player 1
[14:55:09.664] [SEVERE ] key 69 was pressed by player 1
[14:55:10.025] [SEVERE ] setting player 1 freeze to 0
[14:55:10.025] [SEVERE ] updating countdown to 52919
[14:55:10.465] [SEVERE ] key 81 was pressed by player 1
[14:55:10.483] [SEVERE ] player 1 placing token on slot 0
[14:55:10.681] [SEVERE ] key 87 was pressed by player 1
[14:55:10.694] [SEVERE ] player 1 placing token on slot 1
[14:55:10.880] [SEVERE ] key 69 was pressed by player 1
[14:55:10.889] [SEVERE ] player 1 placing token on slot 2
[14:55:11.030] [SEVERE ] updating countdown to 51914
[14:55:11.032] [SEVERE ] removing player 1 token from slot 0
[14:55:11.035] [SEVERE ] removing player 1 token from slot 1
[14:55:11.039] [SEVERE ] removing player 1 token from slot 2
[14:55:11.040] [SEVERE ] setting player 1 freeze to 3000
[14:55:11.102] [SEVERE ] key 81 was pressed by player 1
[14:55:11.309] [SEVERE ] key 87 was pressed by player 1
[14:55:11.506] [SEVERE ] key 69 was pressed by player 1
[14:55:12.043] [SEVERE ] updating countdown to 50901
[14:55:12.043] [SEVERE ] setting player 1 freeze to 2000
[14:55:13.053] [SEVERE ] updating countdown to 49891
[14:55:13.053] [SEVERE ] setting player 1 freeze to 1000
[14:55:14.054] [SEVERE ] updating countdown to 48890
[14:55:14.070] [SEVERE ] setting player 1 freeze to 0
[14:55:15.057] [SEVERE ] updating countdown to 47887
[14:55:16.062] [SEVERE ] updating countdown to 46882
[14:55:17.064] [SEVERE ] updating countdown to 45880
[14:55:18.065] [SEVERE ] updating countdown to 44879
[14:55:19.067] [SEVERE ] updating countdown to 43877
[14:55:20.077] [SEVERE ] updating countdown to 42867
[14:55:21.082] [SEVERE ] updating countdown to 41862
[14:55:22.084] [SEVERE ] updating countdown to 40860
[14:55:23.087] [SEVERE ] updating countdown to 39857
[14:55:24.097] [SEVERE ] updating countdown to 38847
