[15:12:47.665] [INFO   ] thread bguspl.set.Main.main() starting.
[15:12:47.665] [SEVERE ] cannot read configuration file config.properties trying from resources.
[15:12:47.680] [SEVERE ] configuration file was loaded from resources directory.
[15:12:48.642] [INFO   ] thread dealer starting.
[15:12:48.643] [INFO   ] thread dealer starting.
[15:12:48.645] [INFO   ] thread Thread-1 starting.
[15:12:48.645] [INFO   ] thread Thread-2 starting.
[15:12:48.658] [SEVERE ] updating countdown to 60000
[15:12:48.766] [SEVERE ] placing card 17 in slot 10
[15:12:48.928] [SEVERE ] placing card 18 in slot 6
[15:12:49.029] [SEVERE ] placing card 50 in slot 8
[15:12:49.133] [SEVERE ] placing card 72 in slot 5
[15:12:49.234] [SEVERE ] placing card 31 in slot 4
[15:12:49.337] [SEVERE ] placing card 32 in slot 7
[15:12:49.438] [SEVERE ] placing card 54 in slot 9
[15:12:49.545] [SEVERE ] placing card 43 in slot 1
[15:12:49.651] [SEVERE ] placing card 39 in slot 3
[15:12:49.759] [SEVERE ] placing card 45 in slot 11
[15:12:49.866] [SEVERE ] placing card 20 in slot 0
[15:12:49.972] [SEVERE ] placing card 24 in slot 2
[15:12:50.978] [SEVERE ] updating countdown to 59995
[15:12:51.981] [SEVERE ] updating countdown to 58992
[15:12:52.982] [SEVERE ] updating countdown to 57991
[15:12:53.995] [SEVERE ] updating countdown to 56978
[15:12:54.999] [SEVERE ] updating countdown to 55974
[15:12:56.007] [SEVERE ] updating countdown to 54966
[15:12:57.014] [SEVERE ] updating countdown to 53959
