[16:20:47.778] [INFO   ] thread bguspl.set.Main.main() starting.
[16:20:47.793] [SEVERE ] cannot read configuration file config.properties trying from resources.
[16:20:47.793] [SEVERE ] configuration file was loaded from resources directory.
[16:20:48.720] [INFO   ] thread dealer starting.
[16:20:48.720] [INFO   ] thread dealer starting.
[16:20:48.720] [INFO   ] thread Thread-1 starting.
[16:20:48.720] [INFO   ] thread Thread-2 starting.
[16:20:48.720] [INFO   ] thread Thread-3 starting.
[16:20:48.720] [INFO   ] thread Thread-4 starting.
[16:20:48.727] [INFO   ] thread computer-0 starting.
[16:20:48.727] [INFO   ] thread computer-1 starting.
[16:20:48.727] [INFO   ] thread computer-2 starting.
[16:20:48.728] [INFO   ] thread computer-3 starting.
[16:20:48.728] [SEVERE ] updating countdown to 60000
[16:20:48.773] [SEVERE ] player 2 placing token on slot 9
[16:20:48.786] [SEVERE ] player 4 placing token on slot 3
[16:20:48.786] [SEVERE ] player 3 placing token on slot 3
[16:20:48.793] [SEVERE ] player 1 placing token on slot 9
[16:20:48.825] [SEVERE ] player 1 placing token on slot 2
[16:20:48.828] [SEVERE ] player 2 placing token on slot 7
[16:20:48.830] [SEVERE ] removing player 4 token from slot 3
[16:20:48.839] [SEVERE ] placing card 60 in slot 5
[16:20:48.840] [SEVERE ] player 2 placing token on slot 8
[16:20:48.850] [SEVERE ] player 1 placing token on slot 10
[16:20:48.853] [SEVERE ] player 4 placing token on slot 3
[16:20:48.857] [SEVERE ] player 3 placing token on slot 10
[16:20:48.861] [SEVERE ] removing player 2 token from slot 8
[16:20:48.870] [SEVERE ] removing player 1 token from slot 2
[16:20:48.874] [SEVERE ] player 4 placing token on slot 7
[16:20:48.877] [SEVERE ] removing player 2 token from slot 7
[16:20:48.884] [SEVERE ] player 3 placing token on slot 2
[16:20:48.886] [SEVERE ] player 1 placing token on slot 11
[16:20:48.887] [SEVERE ] removing player 4 token from slot 7
[16:20:48.895] [SEVERE ] player 1 placing token on slot 2
[16:20:48.898] [SEVERE ] player 4 placing token on slot 9
[16:20:48.899] [SEVERE ] removing player 2 token from slot 9
[16:20:48.902] [SEVERE ] player 3 placing token on slot 6
[16:20:48.904] [SEVERE ] player 1 placing token on slot 0
[16:20:48.904] [SEVERE ] player 2 placing token on slot 2
[16:20:48.913] [SEVERE ] player 3 placing token on slot 11
[16:20:48.916] [SEVERE ] player 4 placing token on slot 5
[16:20:48.920] [SEVERE ] removing player 2 token from slot 2
[16:20:48.921] [SEVERE ] removing player 1 token from slot 9
[16:20:48.921] [SEVERE ] player 2 placing token on slot 10
[16:20:48.929] [SEVERE ] removing player 3 token from slot 3
[16:20:48.941] [SEVERE ] removing player 3 token from slot 2
[16:20:48.942] [SEVERE ] player 1 placing token on slot 9
[16:20:48.945] [SEVERE ] player 2 placing token on slot 4
[16:20:48.946] [SEVERE ] removing player 3 token from slot 10
[16:20:48.950] [SEVERE ] removing player 1 token from slot 11
[16:20:48.953] [SEVERE ] player 1 placing token on slot 6
[16:20:48.960] [SEVERE ] player 3 placing token on slot 0
[16:20:48.962] [SEVERE ] player 2 placing token on slot 7
[16:20:48.963] [SEVERE ] player 1 placing token on slot 11
[16:20:48.967] [SEVERE ] player 1 placing token on slot 5
[16:20:48.972] [SEVERE ] removing player 1 token from slot 5
[16:20:48.974] [SEVERE ] removing player 1 token from slot 9
[16:20:48.982] [SEVERE ] player 1 placing token on slot 9
[16:20:48.986] [SEVERE ] placing card 50 in slot 10
[16:20:48.986] [SEVERE ] player 1 placing token on slot 1
[16:20:48.993] [SEVERE ] player 1 placing token on slot 3
[16:20:49.000] [SEVERE ] removing player 1 token from slot 11
[16:20:49.003] [SEVERE ] player 1 placing token on slot 11
[16:20:49.007] [SEVERE ] removing player 1 token from slot 11
[16:20:49.010] [SEVERE ] player 1 placing token on slot 7
[16:20:49.014] [SEVERE ] removing player 1 token from slot 6
[16:20:49.019] [SEVERE ] player 1 placing token on slot 5
[16:20:49.023] [SEVERE ] player 1 placing token on slot 8
[16:20:49.027] [SEVERE ] player 1 placing token on slot 4
[16:20:49.032] [SEVERE ] removing player 1 token from slot 8
[16:20:49.037] [SEVERE ] removing player 1 token from slot 7
[16:20:49.040] [SEVERE ] removing player 1 token from slot 9
[16:20:49.044] [SEVERE ] removing player 1 token from slot 3
[16:20:49.047] [SEVERE ] player 1 placing token on slot 7
[16:20:49.052] [SEVERE ] removing player 1 token from slot 2
[16:20:49.055] [SEVERE ] player 1 placing token on slot 6
[16:20:49.059] [SEVERE ] removing player 1 token from slot 0
[16:20:49.065] [SEVERE ] removing player 1 token from slot 4
[16:20:49.069] [SEVERE ] player 1 placing token on slot 3
[16:20:49.075] [SEVERE ] player 1 placing token on slot 2
[16:20:49.080] [SEVERE ] player 1 placing token on slot 11
[16:20:49.084] [SEVERE ] removing player 1 token from slot 2
[16:20:49.088] [SEVERE ] placing card 52 in slot 1
[16:20:49.093] [SEVERE ] removing player 1 token from slot 6
[16:20:49.099] [SEVERE ] removing player 1 token from slot 11
[16:20:49.103] [SEVERE ] player 1 placing token on slot 2
[16:20:49.110] [SEVERE ] player 1 placing token on slot 11
[16:20:49.116] [SEVERE ] removing player 1 token from slot 7
[16:20:49.122] [SEVERE ] player 1 placing token on slot 8
[16:20:49.129] [SEVERE ] removing player 1 token from slot 1
[16:20:49.133] [SEVERE ] removing player 1 token from slot 10
[16:20:49.136] [SEVERE ] player 1 placing token on slot 10
[16:20:49.142] [SEVERE ] removing player 1 token from slot 3
[16:20:49.147] [SEVERE ] player 1 placing token on slot 4
[16:20:49.152] [SEVERE ] player 1 placing token on slot 1
[16:20:49.158] [SEVERE ] removing player 1 token from slot 2
[16:20:49.165] [SEVERE ] removing player 1 token from slot 8
[16:20:49.170] [SEVERE ] player 1 placing token on slot 2
[16:20:49.176] [SEVERE ] player 1 placing token on slot 7
[16:20:49.180] [SEVERE ] removing player 1 token from slot 2
[16:20:49.185] [SEVERE ] removing player 1 token from slot 7
[16:20:49.189] [SEVERE ] player 1 placing token on slot 9
[16:20:49.191] [SEVERE ] placing card 15 in slot 6
[16:20:49.196] [SEVERE ] removing player 1 token from slot 11
[16:20:49.199] [SEVERE ] player 1 placing token on slot 3
[16:20:49.201] [SEVERE ] removing player 1 token from slot 9
[16:20:49.206] [SEVERE ] removing player 1 token from slot 1
[16:20:49.212] [SEVERE ] removing player 1 token from slot 3
[16:20:49.216] [SEVERE ] player 1 placing token on slot 1
[16:20:49.221] [SEVERE ] player 1 placing token on slot 6
[16:20:49.224] [SEVERE ] player 1 placing token on slot 2
[16:20:49.228] [SEVERE ] removing player 1 token from slot 4
[16:20:49.233] [SEVERE ] removing player 1 token from slot 1
[16:20:49.236] [SEVERE ] player 1 placing token on slot 9
[16:20:49.240] [SEVERE ] removing player 1 token from slot 9
[16:20:49.245] [SEVERE ] removing player 1 token from slot 2
[16:20:49.250] [SEVERE ] player 1 placing token on slot 8
[16:20:49.257] [SEVERE ] player 1 placing token on slot 9
[16:20:49.261] [SEVERE ] removing player 1 token from slot 6
[16:20:49.267] [SEVERE ] player 1 placing token on slot 0
[16:20:49.267] [SEVERE ] player 1 placing token on slot 6
[16:20:49.280] [SEVERE ] player 1 placing token on slot 11
[16:20:49.284] [SEVERE ] removing player 1 token from slot 10
[16:20:49.288] [SEVERE ] player 1 placing token on slot 7
[16:20:49.293] [SEVERE ] placing card 33 in slot 4
[16:20:49.293] [SEVERE ] player 1 placing token on slot 1
[16:20:49.301] [SEVERE ] removing player 1 token from slot 9
[16:20:49.305] [SEVERE ] removing player 1 token from slot 0
[16:20:49.313] [SEVERE ] removing player 1 token from slot 7
[16:20:49.319] [SEVERE ] removing player 1 token from slot 1
[16:20:49.323] [SEVERE ] player 1 placing token on slot 2
[16:20:49.325] [SEVERE ] player 1 placing token on slot 1
[16:20:49.332] [SEVERE ] removing player 1 token from slot 8
[16:20:49.336] [SEVERE ] removing player 1 token from slot 6
[16:20:49.338] [SEVERE ] removing player 1 token from slot 5
[16:20:49.344] [SEVERE ] player 1 placing token on slot 5
[16:20:49.347] [SEVERE ] removing player 1 token from slot 2
[16:20:49.353] [SEVERE ] player 1 placing token on slot 10
[16:20:49.357] [SEVERE ] player 1 placing token on slot 4
[16:20:49.360] [SEVERE ] removing player 1 token from slot 5
[16:20:49.368] [SEVERE ] player 1 placing token on slot 9
[16:20:49.374] [SEVERE ] player 1 placing token on slot 5
[16:20:49.380] [SEVERE ] removing player 1 token from slot 4
[16:20:49.386] [SEVERE ] player 1 placing token on slot 8
[16:20:49.390] [SEVERE ] removing player 1 token from slot 5
[16:20:49.395] [SEVERE ] placing card 75 in slot 7
[16:20:49.395] [SEVERE ] removing player 1 token from slot 9
[16:20:49.402] [SEVERE ] player 1 placing token on slot 7
[16:20:49.405] [SEVERE ] player 1 placing token on slot 2
[16:20:49.414] [SEVERE ] player 1 placing token on slot 5
[16:20:49.421] [SEVERE ] removing player 1 token from slot 2
[16:20:49.426] [SEVERE ] removing player 1 token from slot 11
[16:20:49.434] [SEVERE ] player 1 placing token on slot 0
[16:20:49.438] [SEVERE ] player 1 placing token on slot 3
[16:20:49.449] [SEVERE ] removing player 1 token from slot 0
[16:20:49.460] [SEVERE ] player 1 placing token on slot 6
[16:20:49.470] [SEVERE ] player 1 placing token on slot 9
[16:20:49.478] [SEVERE ] removing player 1 token from slot 3
[16:20:49.489] [SEVERE ] removing player 1 token from slot 10
[16:20:49.497] [SEVERE ] placing card 73 in slot 0
[16:20:49.499] [SEVERE ] removing player 1 token from slot 8
[16:20:49.506] [SEVERE ] removing player 1 token from slot 9
[16:20:49.513] [SEVERE ] removing player 1 token from slot 5
[16:20:49.518] [SEVERE ] player 1 placing token on slot 8
[16:20:49.522] [SEVERE ] removing player 1 token from slot 8
[16:20:49.525] [SEVERE ] player 1 placing token on slot 9
[16:20:49.530] [SEVERE ] removing player 1 token from slot 6
[16:20:49.534] [SEVERE ] player 1 placing token on slot 4
[16:20:49.540] [SEVERE ] player 1 placing token on slot 3
[16:20:49.545] [SEVERE ] player 1 placing token on slot 8
[16:20:49.548] [SEVERE ] player 1 placing token on slot 11
[16:20:49.551] [SEVERE ] removing player 1 token from slot 1
[16:20:49.555] [SEVERE ] player 1 placing token on slot 0
[16:20:49.557] [SEVERE ] player 1 placing token on slot 2
[16:20:49.560] [SEVERE ] removing player 1 token from slot 0
[16:20:49.565] [SEVERE ] removing player 1 token from slot 4
[16:20:49.568] [SEVERE ] player 1 placing token on slot 1
[16:20:49.571] [SEVERE ] player 1 placing token on slot 10
[16:20:49.575] [SEVERE ] removing player 1 token from slot 8
[16:20:49.579] [SEVERE ] player 1 placing token on slot 0
[16:20:49.584] [SEVERE ] removing player 1 token from slot 3
[16:20:49.590] [SEVERE ] removing player 1 token from slot 9
[16:20:49.594] [SEVERE ] removing player 1 token from slot 10
[16:20:49.598] [SEVERE ] placing card 61 in slot 8
[16:20:49.601] [SEVERE ] player 1 placing token on slot 9
[16:20:49.608] [SEVERE ] player 1 placing token on slot 4
[16:20:49.613] [SEVERE ] player 1 placing token on slot 10
[16:20:49.618] [SEVERE ] removing player 1 token from slot 1
[16:20:49.623] [SEVERE ] removing player 1 token from slot 10
[16:20:49.625] [SEVERE ] player 1 placing token on slot 5
[16:20:49.630] [SEVERE ] removing player 1 token from slot 0
[16:20:49.634] [SEVERE ] removing player 1 token from slot 2
[16:20:49.637] [SEVERE ] player 1 placing token on slot 8
[16:20:49.643] [SEVERE ] player 1 placing token on slot 0
[16:20:49.646] [SEVERE ] player 1 placing token on slot 1
[16:20:49.650] [SEVERE ] player 1 placing token on slot 6
[16:20:49.655] [SEVERE ] removing player 1 token from slot 11
[16:20:49.658] [SEVERE ] removing player 1 token from slot 4
[16:20:49.664] [SEVERE ] removing player 1 token from slot 5
[16:20:49.667] [SEVERE ] player 1 placing token on slot 11
[16:20:49.669] [SEVERE ] removing player 1 token from slot 1
[16:20:49.673] [SEVERE ] removing player 1 token from slot 8
[16:20:49.678] [SEVERE ] removing player 1 token from slot 6
[16:20:49.684] [SEVERE ] player 1 placing token on slot 8
[16:20:49.689] [SEVERE ] player 1 placing token on slot 1
[16:20:49.693] [SEVERE ] removing player 1 token from slot 11
[16:20:49.698] [SEVERE ] removing player 1 token from slot 8
[16:20:49.700] [SEVERE ] player 1 placing token on slot 5
[16:20:49.701] [SEVERE ] placing card 53 in slot 3
[16:20:49.704] [SEVERE ] player 1 placing token on slot 6
[16:20:49.709] [SEVERE ] player 1 placing token on slot 4
[16:20:49.711] [SEVERE ] removing player 1 token from slot 0
[16:20:49.714] [SEVERE ] removing player 1 token from slot 9
[16:20:49.720] [SEVERE ] removing player 1 token from slot 1
[16:20:49.724] [SEVERE ] player 1 placing token on slot 11
[16:20:49.733] [SEVERE ] removing player 1 token from slot 11
[16:20:49.738] [SEVERE ] player 1 placing token on slot 10
[16:20:49.744] [SEVERE ] player 1 placing token on slot 9
[16:20:49.749] [SEVERE ] player 1 placing token on slot 0
[16:20:49.756] [SEVERE ] removing player 1 token from slot 5
[16:20:49.760] [SEVERE ] removing player 1 token from slot 10
[16:20:49.767] [SEVERE ] removing player 1 token from slot 6
[16:20:49.773] [SEVERE ] removing player 1 token from slot 4
[16:20:49.777] [SEVERE ] removing player 1 token from slot 7
[16:20:49.782] [SEVERE ] player 1 placing token on slot 1
[16:20:49.804] [SEVERE ] placing card 59 in slot 11
[16:20:49.914] [SEVERE ] placing card 72 in slot 9
[16:20:50.024] [SEVERE ] placing card 12 in slot 2
[16:20:51.029] [SEVERE ] updating countdown to 59995
[16:20:51.029] [SEVERE ] removing player 2 token from slot 10
[16:20:51.029] [SEVERE ] removing player 2 token from slot 4
[16:20:51.029] [SEVERE ] removing player 2 token from slot 7
[16:20:51.029] [SEVERE ] removing player 1 token from slot 9
[16:20:51.029] [SEVERE ] removing player 1 token from slot 0
[16:20:51.029] [SEVERE ] removing player 1 token from slot 1
[16:20:51.029] [SEVERE ] removing player 3 token from slot 6
[16:20:51.029] [SEVERE ] removing player 3 token from slot 11
[16:20:51.029] [SEVERE ] removing player 3 token from slot 0
[16:20:52.044] [SEVERE ] updating countdown to 58980
[16:20:53.048] [SEVERE ] updating countdown to 57976
[16:20:54.053] [SEVERE ] updating countdown to 56971
[16:20:55.059] [SEVERE ] updating countdown to 55965
[16:20:56.070] [SEVERE ] updating countdown to 54954
[16:20:57.086] [SEVERE ] updating countdown to 53938
[16:20:58.094] [SEVERE ] updating countdown to 52930
[16:20:59.100] [SEVERE ] updating countdown to 51924
[16:21:00.110] [SEVERE ] updating countdown to 50914
[16:21:01.113] [SEVERE ] updating countdown to 49911
[16:21:02.121] [SEVERE ] updating countdown to 48903
[16:21:03.123] [SEVERE ] updating countdown to 47901
[16:21:04.132] [SEVERE ] updating countdown to 46892
[16:21:05.148] [SEVERE ] updating countdown to 45876
[16:21:06.158] [SEVERE ] updating countdown to 44866
[16:21:07.171] [SEVERE ] updating countdown to 43853
[16:21:08.181] [SEVERE ] updating countdown to 42843
[16:21:09.186] [SEVERE ] updating countdown to 41838
[16:21:10.197] [SEVERE ] updating countdown to 40827
[16:21:11.212] [SEVERE ] updating countdown to 39812
[16:21:12.222] [SEVERE ] updating countdown to 38802
[16:21:13.228] [SEVERE ] updating countdown to 37796
[16:21:14.233] [SEVERE ] updating countdown to 36791
[16:21:15.243] [SEVERE ] updating countdown to 35781
[16:21:16.258] [SEVERE ] updating countdown to 34766
[16:21:17.274] [SEVERE ] updating countdown to 33750
[16:21:18.282] [SEVERE ] updating countdown to 32742
[16:21:19.283] [SEVERE ] updating countdown to 31741
[16:21:20.293] [SEVERE ] updating countdown to 30731
[16:21:21.309] [SEVERE ] updating countdown to 29715
[16:21:22.311] [SEVERE ] updating countdown to 28713
[16:21:23.316] [SEVERE ] updating countdown to 27708
[16:21:24.320] [SEVERE ] updating countdown to 26704
[16:21:25.321] [SEVERE ] updating countdown to 25703
[16:21:26.325] [SEVERE ] updating countdown to 24699
[16:21:27.330] [SEVERE ] updating countdown to 23694
[16:21:28.345] [SEVERE ] updating countdown to 22679
[16:21:29.366] [SEVERE ] updating countdown to 21658
[16:21:30.376] [SEVERE ] updating countdown to 20648
[16:21:31.386] [SEVERE ] updating countdown to 19638
[16:21:32.396] [SEVERE ] updating countdown to 18628
[16:21:33.399] [SEVERE ] updating countdown to 17625
[16:21:34.409] [SEVERE ] updating countdown to 16615
[16:21:35.415] [SEVERE ] updating countdown to 15609
[16:21:36.426] [SEVERE ] updating countdown to 14598
[16:21:37.431] [SEVERE ] updating countdown to 13594
[16:21:38.446] [SEVERE ] updating countdown to 12578
[16:21:39.461] [SEVERE ] updating countdown to 11563
[16:21:40.478] [SEVERE ] updating countdown to 10546
[16:21:41.503] [SEVERE ] updating countdown to 9521
[16:21:42.510] [SEVERE ] updating countdown to 8514
[16:21:43.516] [SEVERE ] updating countdown to 7508
[16:21:44.532] [SEVERE ] updating countdown to 6492
[16:21:45.542] [SEVERE ] updating countdown to 5482
[16:21:48.024] [SEVERE ] updating countdown to 3000
[16:21:48.024] [SEVERE ] updating countdown to 3000
[16:21:48.024] [SEVERE ] updating countdown to 3000
[16:21:48.024] [SEVERE ] updating countdown to 3000
[16:21:48.024] [SEVERE ] updating countdown to 3000
[16:21:51.034] [SEVERE ] updating countdown to 60000
[16:21:51.146] [SEVERE ] removing player 4 token from slot 5
[16:21:51.146] [SEVERE ] removing tokens from slot 5
[16:21:51.146] [SEVERE ] removing card from slot 5
[16:21:51.262] [SEVERE ] removing tokens from slot 10
[16:21:51.262] [SEVERE ] removing card from slot 10
[16:21:51.371] [SEVERE ] removing tokens from slot 1
[16:21:51.371] [SEVERE ] removing card from slot 1
[16:21:51.483] [SEVERE ] removing tokens from slot 6
[16:21:51.483] [SEVERE ] removing card from slot 6
[16:21:51.592] [SEVERE ] removing tokens from slot 4
[16:21:51.592] [SEVERE ] removing card from slot 4
[16:21:51.702] [SEVERE ] removing tokens from slot 7
[16:21:51.702] [SEVERE ] removing card from slot 7
[16:21:51.812] [SEVERE ] removing tokens from slot 0
[16:21:51.812] [SEVERE ] removing card from slot 0
[16:21:51.922] [SEVERE ] removing tokens from slot 8
[16:21:51.922] [SEVERE ] removing card from slot 8
[16:21:52.033] [SEVERE ] removing player 4 token from slot 3
[16:21:52.033] [SEVERE ] removing tokens from slot 3
[16:21:52.033] [SEVERE ] removing card from slot 3
[16:21:52.137] [SEVERE ] removing tokens from slot 11
[16:21:52.137] [SEVERE ] removing card from slot 11
[16:21:52.239] [SEVERE ] removing player 4 token from slot 9
[16:21:52.239] [SEVERE ] removing tokens from slot 9
[16:21:52.239] [SEVERE ] removing card from slot 9
[16:21:52.342] [SEVERE ] removing tokens from slot 2
[16:21:52.342] [SEVERE ] removing card from slot 2
[16:21:52.344] [SEVERE ] updating countdown to 60000
[16:21:52.459] [SEVERE ] placing card 35 in slot 5
[16:21:52.574] [SEVERE ] placing card 62 in slot 10
[16:21:52.684] [SEVERE ] placing card 34 in slot 1
[16:21:52.793] [SEVERE ] placing card 24 in slot 6
[16:21:52.902] [SEVERE ] placing card 21 in slot 4
[16:21:53.012] [SEVERE ] placing card 33 in slot 7
[16:21:53.115] [SEVERE ] placing card 74 in slot 0
[16:21:53.225] [SEVERE ] placing card 13 in slot 8
[16:21:53.334] [SEVERE ] placing card 17 in slot 3
[16:21:53.444] [SEVERE ] placing card 15 in slot 11
[16:21:53.548] [SEVERE ] placing card 39 in slot 9
[16:21:53.655] [SEVERE ] placing card 67 in slot 2
[16:21:54.670] [SEVERE ] updating countdown to 59985
[16:21:55.681] [SEVERE ] updating countdown to 58974
[16:21:56.695] [SEVERE ] updating countdown to 57960
[16:21:57.699] [SEVERE ] updating countdown to 56956
[16:21:58.714] [SEVERE ] updating countdown to 55941
[16:21:59.725] [SEVERE ] updating countdown to 54930
[16:22:00.730] [SEVERE ] updating countdown to 53925
[16:22:01.742] [SEVERE ] updating countdown to 52913
[16:22:02.756] [SEVERE ] updating countdown to 51899
[16:22:03.775] [SEVERE ] updating countdown to 50880
[16:22:04.788] [SEVERE ] updating countdown to 49867
[16:22:05.794] [SEVERE ] updating countdown to 48861
[16:22:06.807] [SEVERE ] updating countdown to 47848
[16:22:07.817] [SEVERE ] updating countdown to 46838
[16:22:08.824] [SEVERE ] updating countdown to 45831
[16:22:09.834] [SEVERE ] updating countdown to 44821
[16:22:10.845] [SEVERE ] updating countdown to 43810
[16:22:11.859] [SEVERE ] updating countdown to 42796
[16:22:12.871] [SEVERE ] updating countdown to 41784
[16:22:13.874] [SEVERE ] updating countdown to 40781
[16:22:14.880] [SEVERE ] updating countdown to 39775
[16:22:15.895] [SEVERE ] updating countdown to 38760
[16:22:16.910] [SEVERE ] updating countdown to 37745
[16:22:17.918] [SEVERE ] updating countdown to 36738
[16:22:18.931] [SEVERE ] updating countdown to 35724
[16:22:19.935] [SEVERE ] updating countdown to 34720
[16:22:20.943] [SEVERE ] updating countdown to 33712
[16:22:21.951] [SEVERE ] updating countdown to 32704
[16:22:22.952] [SEVERE ] updating countdown to 31703
[16:22:23.960] [SEVERE ] updating countdown to 30695
[16:22:24.961] [SEVERE ] updating countdown to 29694
[16:22:25.970] [SEVERE ] updating countdown to 28685
[16:22:26.979] [SEVERE ] updating countdown to 27676
[16:22:27.985] [SEVERE ] updating countdown to 26670
[16:22:28.993] [SEVERE ] updating countdown to 25662
[16:22:29.999] [SEVERE ] updating countdown to 24656
[16:22:31.012] [SEVERE ] updating countdown to 23643
[16:22:32.023] [SEVERE ] updating countdown to 22632
[16:22:33.028] [SEVERE ] updating countdown to 21627
[16:22:34.036] [SEVERE ] updating countdown to 20619
[16:22:35.044] [SEVERE ] updating countdown to 19611
[16:22:36.049] [SEVERE ] updating countdown to 18606
[16:22:37.054] [SEVERE ] updating countdown to 17601
[16:22:38.061] [SEVERE ] updating countdown to 16594
[16:22:39.064] [SEVERE ] updating countdown to 15591
[16:22:40.077] [SEVERE ] updating countdown to 14578
[16:22:41.086] [SEVERE ] updating countdown to 13569
[16:22:42.093] [SEVERE ] updating countdown to 12562
[16:22:43.107] [SEVERE ] updating countdown to 11548
[16:22:44.113] [SEVERE ] updating countdown to 10542
[16:22:45.116] [SEVERE ] updating countdown to 9539
[16:22:46.118] [SEVERE ] updating countdown to 8537
[16:22:47.129] [SEVERE ] updating countdown to 7526
[16:22:48.136] [SEVERE ] updating countdown to 6519
[16:22:49.141] [SEVERE ] updating countdown to 5514
[16:22:52.655] [SEVERE ] updating countdown to 2000
[16:22:52.655] [SEVERE ] updating countdown to 2000
[16:22:52.655] [SEVERE ] updating countdown to 2000
[16:22:52.655] [SEVERE ] updating countdown to 2000
[16:22:52.655] [SEVERE ] updating countdown to 2000
[16:22:52.655] [SEVERE ] updating countdown to 2000
[16:22:52.655] [SEVERE ] updating countdown to 2000
[16:22:52.655] [SEVERE ] updating countdown to 2000
[16:22:52.655] [SEVERE ] updating countdown to 2000
[16:22:52.655] [SEVERE ] updating countdown to 2000
[16:22:52.655] [SEVERE ] updating countdown to 2000
[16:22:52.655] [SEVERE ] updating countdown to 2000
[16:22:52.655] [SEVERE ] updating countdown to 2000
[16:22:52.655] [SEVERE ] updating countdown to 2000
[16:22:52.655] [SEVERE ] updating countdown to 2000
[16:22:52.655] [SEVERE ] updating countdown to 2000
[16:22:54.658] [SEVERE ] updating countdown to 60000
[16:22:54.760] [SEVERE ] removing tokens from slot 5
[16:22:54.760] [SEVERE ] removing card from slot 5
[16:22:54.870] [SEVERE ] removing tokens from slot 10
[16:22:54.870] [SEVERE ] removing card from slot 10
[16:22:54.982] [SEVERE ] removing tokens from slot 1
[16:22:54.982] [SEVERE ] removing card from slot 1
[16:22:55.092] [SEVERE ] removing tokens from slot 6
[16:22:55.092] [SEVERE ] removing card from slot 6
[16:22:55.203] [SEVERE ] removing tokens from slot 4
[16:22:55.203] [SEVERE ] removing card from slot 4
[16:22:55.313] [SEVERE ] removing tokens from slot 7
[16:22:55.313] [SEVERE ] removing card from slot 7
[16:22:55.423] [SEVERE ] removing tokens from slot 0
[16:22:55.423] [SEVERE ] removing card from slot 0
[16:22:55.534] [SEVERE ] removing tokens from slot 8
[16:22:55.534] [SEVERE ] removing card from slot 8
[16:22:55.646] [SEVERE ] removing tokens from slot 3
[16:22:55.646] [SEVERE ] removing card from slot 3
[16:22:55.762] [SEVERE ] removing tokens from slot 11
[16:22:55.762] [SEVERE ] removing card from slot 11
[16:22:55.873] [SEVERE ] removing tokens from slot 9
[16:22:55.873] [SEVERE ] removing card from slot 9
[16:22:55.982] [SEVERE ] removing tokens from slot 2
[16:22:55.983] [SEVERE ] removing card from slot 2
[16:22:55.986] [SEVERE ] updating countdown to 60000
[16:22:56.087] [SEVERE ] placing card 24 in slot 5
[16:22:56.194] [SEVERE ] placing card 40 in slot 10
[16:22:56.305] [SEVERE ] placing card 46 in slot 1
[16:22:56.415] [SEVERE ] placing card 67 in slot 6
[16:22:56.526] [SEVERE ] placing card 1 in slot 4
[16:22:56.635] [SEVERE ] placing card 13 in slot 7
[16:22:56.740] [SEVERE ] placing card 52 in slot 0
[16:22:56.850] [SEVERE ] placing card 9 in slot 8
[16:22:56.960] [SEVERE ] placing card 25 in slot 3
[16:22:57.063] [SEVERE ] placing card 73 in slot 11
[16:22:57.169] [SEVERE ] placing card 55 in slot 9
[16:22:57.272] [SEVERE ] placing card 18 in slot 2
[16:22:58.283] [SEVERE ] updating countdown to 59989
[16:22:59.287] [SEVERE ] updating countdown to 58985
[16:23:00.296] [SEVERE ] updating countdown to 57976
[16:23:01.304] [SEVERE ] updating countdown to 56968
[16:23:02.320] [SEVERE ] updating countdown to 55952
[16:23:03.330] [SEVERE ] updating countdown to 54942
[16:23:04.334] [SEVERE ] updating countdown to 53938
[16:23:05.345] [SEVERE ] updating countdown to 52927
[16:23:06.352] [SEVERE ] updating countdown to 51920
[16:23:07.359] [SEVERE ] updating countdown to 50913
[16:23:08.371] [SEVERE ] updating countdown to 49901
[16:23:09.377] [SEVERE ] updating countdown to 48895
[16:23:10.385] [SEVERE ] updating countdown to 47887
[16:23:11.388] [SEVERE ] updating countdown to 46884
[16:23:12.391] [SEVERE ] updating countdown to 45881
[16:23:13.401] [SEVERE ] updating countdown to 44871
[16:23:14.405] [SEVERE ] updating countdown to 43867
[16:23:15.410] [SEVERE ] updating countdown to 42862
[16:23:16.412] [SEVERE ] updating countdown to 41860
[16:23:17.420] [SEVERE ] updating countdown to 40852
[16:23:18.426] [SEVERE ] updating countdown to 39846
[16:23:19.432] [SEVERE ] updating countdown to 38840
[16:23:20.438] [SEVERE ] updating countdown to 37834
[16:23:21.443] [SEVERE ] updating countdown to 36829
[16:23:22.451] [SEVERE ] updating countdown to 35821
[16:23:23.454] [SEVERE ] updating countdown to 34818
[16:23:24.458] [SEVERE ] updating countdown to 33814
[16:23:25.471] [SEVERE ] updating countdown to 32801
[16:23:26.479] [SEVERE ] updating countdown to 31793
[16:23:27.493] [SEVERE ] updating countdown to 30779
[16:23:28.499] [SEVERE ] updating countdown to 29773
[16:23:29.507] [SEVERE ] updating countdown to 28765
[16:23:30.515] [SEVERE ] updating countdown to 27757
[16:23:31.527] [SEVERE ] updating countdown to 26745
[16:23:32.538] [SEVERE ] updating countdown to 25734
[16:23:33.557] [SEVERE ] updating countdown to 24715
[16:23:34.562] [SEVERE ] updating countdown to 23710
[16:23:35.570] [SEVERE ] updating countdown to 22702
[16:23:36.573] [SEVERE ] updating countdown to 21699
[16:23:37.588] [SEVERE ] updating countdown to 20684
[16:23:38.596] [SEVERE ] updating countdown to 19676
[16:23:39.607] [SEVERE ] updating countdown to 18665
[16:23:40.621] [SEVERE ] updating countdown to 17651
