[18:07:20.386] [INFO   ] thread bguspl.set.Main.main() starting.
[18:07:20.386] [SEVERE ] cannot read configuration file config.properties trying from resources.
[18:07:20.386] [SEVERE ] configuration file was loaded from resources directory.
[18:07:21.504] [INFO   ] thread dealer starting.
[18:07:21.504] [INFO   ] thread dealer starting.
[18:07:21.506] [INFO   ] thread Thread-1 starting.
[18:07:21.507] [INFO   ] thread Thread-2 starting.
[18:07:21.507] [INFO   ] thread Thread-3 starting.
[18:07:21.507] [INFO   ] thread Thread-4 starting.
[18:07:21.511] [INFO   ] thread computer-2 starting.
[18:07:21.513] [INFO   ] thread computer-3 starting.
[18:07:21.513] [SEVERE ] updating countdown to 10000
[18:07:21.631] [SEVERE ] placing card 70 in slot 7
[18:07:21.756] [SEVERE ] placing card 19 in slot 5
[18:07:21.865] [SEVERE ] placing card 69 in slot 10
[18:07:21.975] [SEVERE ] placing card 8 in slot 1
[18:07:22.077] [SEVERE ] placing card 9 in slot 6
[18:07:22.186] [SEVERE ] placing card 21 in slot 0
[18:07:22.288] [SEVERE ] placing card 45 in slot 9
[18:07:22.408] [SEVERE ] placing card 65 in slot 3
[18:07:22.515] [SEVERE ] placing card 78 in slot 2
[18:07:22.515] [SEVERE ] player 4 placing token on slot 7
[18:07:22.624] [SEVERE ] placing card 44 in slot 8
[18:07:22.734] [SEVERE ] placing card 0 in slot 4
[18:07:22.835] [SEVERE ] placing card 33 in slot 11
[18:07:23.515] [SEVERE ] player 3 placing token on slot 8
[18:07:23.518] [SEVERE ] player 4 placing token on slot 10
[18:07:23.838] [SEVERE ] updating countdown to 9997
[18:07:24.529] [SEVERE ] player 3 placing token on slot 3
[18:07:24.530] [SEVERE ] player 4 placing token on slot 11
[18:07:24.840] [SEVERE ] updating countdown to 8995
[18:07:24.840] [SEVERE ] removing player 4 token from slot 7
[18:07:24.844] [SEVERE ] removing player 4 token from slot 10
[18:07:24.844] [SEVERE ] removing player 4 token from slot 11
[18:07:24.844] [SEVERE ] setting player 4 freeze to 3000
[18:07:25.530] [SEVERE ] player 3 placing token on slot 6
[18:07:25.849] [SEVERE ] updating countdown to 7986
[18:07:25.849] [SEVERE ] setting player 4 freeze to 2000
[18:07:25.851] [SEVERE ] removing player 3 token from slot 8
[18:07:25.851] [SEVERE ] removing player 3 token from slot 3
[18:07:25.852] [SEVERE ] removing player 3 token from slot 6
[18:07:25.852] [SEVERE ] setting player 3 freeze to 3000
[18:07:26.865] [SEVERE ] updating countdown to 6970
[18:07:26.865] [SEVERE ] setting player 3 freeze to 2000
[18:07:26.865] [SEVERE ] setting player 4 freeze to 1000
[18:07:27.868] [SEVERE ] setting player 4 freeze to 0
[18:07:27.868] [SEVERE ] updating countdown to 5967
[18:07:27.868] [SEVERE ] setting player 3 freeze to 1000
[18:07:28.883] [SEVERE ] setting player 3 freeze to 0
[18:07:28.883] [SEVERE ] player 4 placing token on slot 2
[18:07:29.892] [SEVERE ] player 3 placing token on slot 11
[18:07:29.895] [SEVERE ] player 4 placing token on slot 9
[18:07:30.901] [SEVERE ] player 3 placing token on slot 2
[18:07:30.902] [SEVERE ] player 4 placing token on slot 6
[18:07:30.904] [SEVERE ] removing player 4 token from slot 2
[18:07:30.904] [SEVERE ] removing player 4 token from slot 9
[18:07:30.904] [SEVERE ] removing player 4 token from slot 6
[18:07:30.909] [SEVERE ] setting player 4 freeze to 3000
[18:07:31.835] [SEVERE ] updating countdown to 2000
[18:07:31.835] [SEVERE ] updating countdown to 2000
[18:07:31.835] [SEVERE ] updating countdown to 2000
[18:07:31.907] [SEVERE ] player 3 placing token on slot 8
[18:07:31.907] [SEVERE ] removing player 3 token from slot 11
[18:07:31.907] [SEVERE ] removing player 3 token from slot 2
[18:07:31.907] [SEVERE ] removing player 3 token from slot 8
[18:07:31.907] [SEVERE ] setting player 3 freeze to 3000
[18:07:31.923] [SEVERE ] setting player 4 freeze to 2000
[18:07:32.918] [SEVERE ] setting player 3 freeze to 2000
[18:07:32.925] [SEVERE ] setting player 4 freeze to 1000
[18:07:33.836] [SEVERE ] updating countdown to 10000
[18:07:33.930] [SEVERE ] setting player 3 freeze to 1000
[18:07:33.930] [SEVERE ] setting player 4 freeze to 0
[18:07:33.946] [SEVERE ] removing tokens from slot 7
[18:07:33.946] [SEVERE ] removing card from slot 7
[18:07:34.056] [SEVERE ] removing tokens from slot 5
[18:07:34.056] [SEVERE ] removing card from slot 5
[18:07:34.166] [SEVERE ] removing tokens from slot 10
[18:07:34.166] [SEVERE ] removing card from slot 10
[18:07:34.276] [SEVERE ] removing tokens from slot 1
[18:07:34.276] [SEVERE ] removing card from slot 1
[18:07:34.276] [SEVERE ] key 81 was pressed by player 1
[18:07:34.276] [SEVERE ] player 1 placing token on slot 0
[18:07:34.383] [SEVERE ] removing tokens from slot 6
[18:07:34.384] [SEVERE ] removing card from slot 6
[18:07:34.478] [SEVERE ] key 87 was pressed by player 1
[18:07:34.493] [SEVERE ] removing player 1 token from slot 0
[18:07:34.493] [SEVERE ] removing tokens from slot 0
[18:07:34.493] [SEVERE ] removing card from slot 0
[18:07:34.598] [SEVERE ] removing tokens from slot 9
[18:07:34.598] [SEVERE ] removing card from slot 9
[18:07:34.709] [SEVERE ] removing tokens from slot 3
[18:07:34.709] [SEVERE ] removing card from slot 3
[18:07:34.819] [SEVERE ] removing tokens from slot 2
[18:07:34.819] [SEVERE ] removing card from slot 2
[18:07:34.929] [SEVERE ] removing tokens from slot 8
[18:07:34.929] [SEVERE ] removing card from slot 8
[18:07:34.944] [SEVERE ] setting player 3 freeze to 0
[18:07:34.944] [SEVERE ] player 4 placing token on slot 4
[18:07:35.039] [SEVERE ] removing player 4 token from slot 4
[18:07:35.039] [SEVERE ] removing tokens from slot 4
[18:07:35.039] [SEVERE ] removing card from slot 4
[18:07:35.142] [SEVERE ] removing tokens from slot 11
[18:07:35.142] [SEVERE ] removing card from slot 11
[18:07:35.142] [SEVERE ] updating countdown to 10000
[18:07:35.245] [SEVERE ] placing card 24 in slot 7
[18:07:35.355] [SEVERE ] placing card 20 in slot 5
[18:07:35.434] [SEVERE ] key 81 was pressed by player 1
[18:07:35.465] [SEVERE ] placing card 33 in slot 10
[18:07:35.575] [SEVERE ] placing card 3 in slot 1
[18:07:35.685] [SEVERE ] placing card 57 in slot 6
[18:07:35.732] [SEVERE ] key 87 was pressed by player 1
[18:07:35.732] [SEVERE ] player 1 placing token on slot 1
[18:07:35.797] [SEVERE ] placing card 66 in slot 0
[18:07:35.902] [SEVERE ] placing card 29 in slot 9
[18:07:35.957] [SEVERE ] player 3 placing token on slot 6
[18:07:36.003] [SEVERE ] placing card 17 in slot 3
[18:07:36.108] [SEVERE ] placing card 72 in slot 2
[18:07:36.218] [SEVERE ] placing card 43 in slot 8
[18:07:36.328] [SEVERE ] placing card 10 in slot 4
[18:07:36.438] [SEVERE ] placing card 26 in slot 11
[18:07:37.439] [SEVERE ] updating countdown to 9999
[18:07:37.439] [SEVERE ] player 3 placing token on slot 5
[18:07:37.440] [SEVERE ] player 4 placing token on slot 8
[18:07:38.450] [SEVERE ] updating countdown to 8988
[18:07:38.451] [SEVERE ] player 4 placing token on slot 7
[18:07:38.452] [SEVERE ] player 3 placing token on slot 9
[18:07:39.455] [SEVERE ] updating countdown to 7983
[18:07:39.456] [SEVERE ] player 4 placing token on slot 3
[18:07:39.456] [SEVERE ] removing player 3 token from slot 6
[18:07:39.456] [SEVERE ] removing player 3 token from slot 5
[18:07:39.457] [SEVERE ] removing player 3 token from slot 9
[18:07:39.457] [SEVERE ] setting player 3 freeze to 3000
[18:07:39.459] [SEVERE ] removing player 4 token from slot 8
[18:07:39.459] [SEVERE ] removing player 4 token from slot 7
[18:07:39.461] [SEVERE ] removing player 4 token from slot 3
[18:07:39.461] [SEVERE ] setting player 4 freeze to 3000
[18:07:40.466] [SEVERE ] setting player 4 freeze to 2000
[18:07:40.466] [SEVERE ] updating countdown to 6972
[18:07:40.466] [SEVERE ] setting player 3 freeze to 2000
