[16:16:49.094] [INFO   ] thread bguspl.set.Main.main() starting.
[16:16:49.094] [SEVERE ] cannot read configuration file config.properties trying from resources.
[16:16:49.094] [SEVERE ] configuration file was loaded from resources directory.
[16:16:49.923] [INFO   ] thread dealer starting.
[16:16:49.923] [INFO   ] thread dealer starting.
[16:16:49.941] [INFO   ] thread Thread-1 starting.
[16:16:49.941] [INFO   ] thread computer-0 starting.
[16:16:49.956] [SEVERE ] updating countdown to 60000
[16:16:50.063] [SEVERE ] placing card 67 in slot 10
[16:16:50.220] [SEVERE ] placing card 60 in slot 0
[16:16:50.326] [SEVERE ] placing card 68 in slot 7
[16:16:50.438] [SEVERE ] placing card 40 in slot 9
[16:16:50.548] [SEVERE ] placing card 48 in slot 3
[16:16:50.660] [SEVERE ] placing card 63 in slot 5
[16:16:50.771] [SEVERE ] placing card 59 in slot 1
[16:16:50.879] [SEVERE ] placing card 54 in slot 11
[16:16:50.957] [SEVERE ] player 1 placing token on slot 8
[16:16:50.984] [SEVERE ] placing card 10 in slot 4
[16:16:51.094] [SEVERE ] placing card 45 in slot 8
[16:16:51.204] [SEVERE ] placing card 20 in slot 2
[16:16:51.314] [SEVERE ] placing card 55 in slot 6
[16:16:51.972] [SEVERE ] player 1 placing token on slot 6
[16:16:52.324] [SEVERE ] updating countdown to 59990
[16:16:52.982] [SEVERE ] player 1 placing token on slot 5
[16:16:53.326] [SEVERE ] updating countdown to 58988
[16:16:53.326] [SEVERE ] removing player 1 token from slot 8
[16:16:53.326] [SEVERE ] removing player 1 token from slot 6
[16:16:53.326] [SEVERE ] removing player 1 token from slot 5
[16:16:53.995] [SEVERE ] setting player 1 freeze to 3000
[16:16:54.336] [SEVERE ] updating countdown to 57978
[16:16:54.997] [SEVERE ] setting player 1 freeze to 2000
[16:16:55.351] [SEVERE ] updating countdown to 56963
[16:16:56.011] [SEVERE ] setting player 1 freeze to 1000
[16:16:56.357] [SEVERE ] updating countdown to 55957
[16:16:57.017] [SEVERE ] setting player 1 freeze to 0
[16:16:57.360] [SEVERE ] updating countdown to 54954
[16:16:58.021] [SEVERE ] player 1 placing token on slot 10
[16:16:58.370] [SEVERE ] updating countdown to 53944
[16:16:59.033] [SEVERE ] player 1 placing token on slot 11
[16:16:59.378] [SEVERE ] updating countdown to 52936
[16:17:00.040] [SEVERE ] player 1 placing token on slot 2
[16:17:00.384] [SEVERE ] updating countdown to 51930
[16:17:00.384] [SEVERE ] removing player 1 token from slot 10
[16:17:00.384] [SEVERE ] removing player 1 token from slot 11
[16:17:00.384] [SEVERE ] removing player 1 token from slot 2
[16:17:01.057] [SEVERE ] setting player 1 freeze to 3000
[16:17:01.390] [SEVERE ] updating countdown to 50924
[16:17:02.068] [SEVERE ] setting player 1 freeze to 2000
[16:17:02.397] [SEVERE ] updating countdown to 49917
[16:17:03.074] [SEVERE ] setting player 1 freeze to 1000
[16:17:03.404] [SEVERE ] updating countdown to 48910
[16:17:04.089] [SEVERE ] setting player 1 freeze to 0
[16:17:04.414] [SEVERE ] updating countdown to 47900
[16:17:05.091] [SEVERE ] player 1 placing token on slot 11
[16:17:05.419] [SEVERE ] updating countdown to 46895
[16:17:06.111] [SEVERE ] player 1 placing token on slot 8
[16:17:06.423] [SEVERE ] updating countdown to 45891
[16:17:07.127] [SEVERE ] player 1 placing token on slot 4
[16:17:07.426] [SEVERE ] updating countdown to 44888
[16:17:07.426] [SEVERE ] removing player 1 token from slot 11
[16:17:07.426] [SEVERE ] removing player 1 token from slot 8
[16:17:07.426] [SEVERE ] removing player 1 token from slot 4
[16:17:08.148] [SEVERE ] setting player 1 freeze to 3000
[16:17:08.435] [SEVERE ] updating countdown to 43879
[16:17:09.159] [SEVERE ] setting player 1 freeze to 2000
[16:17:09.443] [SEVERE ] updating countdown to 42871
[16:17:10.168] [SEVERE ] setting player 1 freeze to 1000
[16:17:10.453] [SEVERE ] updating countdown to 41861
[16:17:11.176] [SEVERE ] setting player 1 freeze to 0
[16:17:11.461] [SEVERE ] updating countdown to 40853
[16:17:12.188] [SEVERE ] player 1 placing token on slot 3
[16:17:12.474] [SEVERE ] updating countdown to 39840
[16:17:13.200] [SEVERE ] player 1 placing token on slot 4
[16:17:13.480] [SEVERE ] updating countdown to 38834
[16:17:14.218] [SEVERE ] player 1 placing token on slot 9
[16:17:14.485] [SEVERE ] updating countdown to 37829
[16:17:14.485] [SEVERE ] removing player 1 token from slot 3
[16:17:14.485] [SEVERE ] removing player 1 token from slot 4
[16:17:14.485] [SEVERE ] removing player 1 token from slot 9
[16:17:15.227] [SEVERE ] setting player 1 freeze to 3000
[16:17:15.489] [SEVERE ] updating countdown to 36825
[16:17:16.239] [SEVERE ] setting player 1 freeze to 2000
[16:17:16.493] [SEVERE ] updating countdown to 35821
[16:17:17.250] [SEVERE ] setting player 1 freeze to 1000
[16:17:17.501] [SEVERE ] updating countdown to 34813
[16:17:18.262] [SEVERE ] setting player 1 freeze to 0
[16:17:18.513] [SEVERE ] updating countdown to 33801
[16:17:19.267] [SEVERE ] player 1 placing token on slot 5
[16:17:19.524] [SEVERE ] updating countdown to 32790
[16:17:20.297] [SEVERE ] player 1 placing token on slot 2
[16:17:20.534] [SEVERE ] updating countdown to 31780
[16:17:21.329] [SEVERE ] player 1 placing token on slot 8
[16:17:21.547] [SEVERE ] updating countdown to 30767
[16:17:21.547] [SEVERE ] removing player 1 token from slot 5
[16:17:21.550] [SEVERE ] removing player 1 token from slot 2
[16:17:21.550] [SEVERE ] removing player 1 token from slot 8
[16:17:22.341] [SEVERE ] setting player 1 freeze to 3000
[16:17:22.561] [SEVERE ] updating countdown to 29753
[16:17:23.354] [SEVERE ] setting player 1 freeze to 2000
[16:17:23.576] [SEVERE ] updating countdown to 28738
[16:17:24.362] [SEVERE ] setting player 1 freeze to 1000
[16:17:24.585] [SEVERE ] updating countdown to 27729
[16:17:25.372] [SEVERE ] setting player 1 freeze to 0
[16:17:25.588] [SEVERE ] updating countdown to 26726
[16:17:26.381] [SEVERE ] player 1 placing token on slot 7
[16:17:26.602] [SEVERE ] updating countdown to 25712
[16:17:27.397] [SEVERE ] player 1 placing token on slot 0
[16:17:27.617] [SEVERE ] updating countdown to 24697
[16:17:28.408] [SEVERE ] player 1 placing token on slot 11
[16:17:28.622] [SEVERE ] updating countdown to 23692
[16:17:28.622] [SEVERE ] removing player 1 token from slot 7
[16:17:28.624] [SEVERE ] removing player 1 token from slot 0
[16:17:28.625] [SEVERE ] removing player 1 token from slot 11
[16:17:29.413] [SEVERE ] setting player 1 freeze to 3000
[16:17:29.626] [SEVERE ] updating countdown to 22688
[16:17:30.422] [SEVERE ] setting player 1 freeze to 2000
[16:17:30.634] [SEVERE ] updating countdown to 21680
[16:17:31.437] [SEVERE ] setting player 1 freeze to 1000
[16:17:31.642] [SEVERE ] updating countdown to 20672
[16:17:32.444] [SEVERE ] setting player 1 freeze to 0
[16:17:32.655] [SEVERE ] updating countdown to 19659
[16:17:33.457] [SEVERE ] player 1 placing token on slot 1
[16:17:33.669] [SEVERE ] updating countdown to 18645
[16:17:34.472] [SEVERE ] player 1 placing token on slot 0
[16:17:34.680] [SEVERE ] updating countdown to 17634
[16:17:35.483] [SEVERE ] player 1 placing token on slot 2
[16:17:35.682] [SEVERE ] updating countdown to 16632
[16:17:35.683] [SEVERE ] removing player 1 token from slot 1
[16:17:35.684] [SEVERE ] removing player 1 token from slot 0
[16:17:35.684] [SEVERE ] removing player 1 token from slot 2
[16:17:36.489] [SEVERE ] setting player 1 freeze to 3000
[16:17:36.686] [SEVERE ] updating countdown to 15628
[16:17:37.491] [SEVERE ] setting player 1 freeze to 2000
[16:17:37.695] [SEVERE ] updating countdown to 14619
[16:17:38.492] [SEVERE ] setting player 1 freeze to 1000
[16:17:38.699] [SEVERE ] updating countdown to 13615
