[15:35:16.155] [INFO   ] thread bguspl.set.Main.main() starting.
[15:35:16.155] [SEVERE ] cannot read configuration file config.properties trying from resources.
[15:35:16.155] [SEVERE ] configuration file was loaded from resources directory.
[15:35:17.081] [INFO   ] thread dealer starting.
[15:35:17.081] [INFO   ] thread dealer starting.
[15:35:17.088] [INFO   ] thread Thread-1 starting.
[15:35:17.088] [INFO   ] thread Thread-3 starting.
[15:35:17.089] [INFO   ] thread Thread-2 starting.
[15:35:17.092] [INFO   ] thread computer-2 starting.
[15:35:17.102] [SEVERE ] updating countdown to 60000
[15:35:17.214] [SEVERE ] placing card 4 in slot 9
[15:35:17.328] [SEVERE ] placing card 62 in slot 10
[15:35:17.429] [SEVERE ] placing card 41 in slot 5
[15:35:17.541] [SEVERE ] placing card 16 in slot 3
[15:35:17.651] [SEVERE ] placing card 36 in slot 0
[15:35:17.763] [SEVERE ] placing card 48 in slot 8
[15:35:17.874] [SEVERE ] placing card 49 in slot 11
[15:35:17.985] [SEVERE ] placing card 15 in slot 7
[15:35:18.097] [SEVERE ] placing card 68 in slot 1
[15:35:18.099] [SEVERE ] player 3 placing token on slot 2
[15:35:18.205] [SEVERE ] placing card 59 in slot 2
[15:35:18.315] [SEVERE ] placing card 30 in slot 4
[15:35:18.425] [SEVERE ] placing card 6 in slot 6
[15:35:19.118] [SEVERE ] player 3 placing token on slot 9
[15:35:19.440] [SEVERE ] updating countdown to 59985
[15:35:20.130] [SEVERE ] player 3 placing token on slot 4
[15:35:20.451] [SEVERE ] updating countdown to 58974
[15:35:20.561] [SEVERE ] removing player 3 token from slot 2
[15:35:20.561] [SEVERE ] removing tokens from slot 2
[15:35:20.561] [SEVERE ] removing card from slot 2
[15:35:20.670] [SEVERE ] removing player 3 token from slot 9
[15:35:20.670] [SEVERE ] removing tokens from slot 9
[15:35:20.670] [SEVERE ] removing card from slot 9
[15:35:20.781] [SEVERE ] removing player 3 token from slot 4
[15:35:20.781] [SEVERE ] removing tokens from slot 4
[15:35:20.781] [SEVERE ] removing card from slot 4
[15:35:20.892] [SEVERE ] placing card 65 in slot 9
[15:35:21.002] [SEVERE ] placing card 28 in slot 2
[15:35:21.111] [SEVERE ] placing card 69 in slot 4
[15:35:22.117] [SEVERE ] updating countdown to 57308
[15:35:23.121] [SEVERE ] updating countdown to 56304
[15:35:24.127] [SEVERE ] updating countdown to 55298
[15:35:25.133] [SEVERE ] updating countdown to 54292
[15:35:26.139] [SEVERE ] updating countdown to 53286
[15:35:27.143] [SEVERE ] updating countdown to 52282
[15:35:28.151] [SEVERE ] updating countdown to 51274
[15:35:29.154] [SEVERE ] updating countdown to 50271
[15:35:30.162] [SEVERE ] updating countdown to 49263
[15:35:31.165] [SEVERE ] updating countdown to 48260
[15:35:32.176] [SEVERE ] updating countdown to 47249
[15:35:33.190] [SEVERE ] updating countdown to 46235
[15:35:34.194] [SEVERE ] updating countdown to 45231
[15:35:35.199] [SEVERE ] updating countdown to 44226
[15:35:36.205] [SEVERE ] updating countdown to 43220
[15:35:37.206] [SEVERE ] updating countdown to 42219
[15:35:38.213] [SEVERE ] updating countdown to 41212
[15:35:39.216] [SEVERE ] updating countdown to 40209
[15:35:40.222] [SEVERE ] updating countdown to 39203
[15:35:41.227] [SEVERE ] updating countdown to 38198
[15:35:42.231] [SEVERE ] updating countdown to 37194
[15:35:43.243] [SEVERE ] updating countdown to 36182
[15:35:44.249] [SEVERE ] updating countdown to 35176
[15:35:45.255] [SEVERE ] updating countdown to 34170
[15:35:46.260] [SEVERE ] updating countdown to 33165
[15:35:47.266] [SEVERE ] updating countdown to 32159
[15:35:48.273] [SEVERE ] updating countdown to 31152
[15:35:49.277] [SEVERE ] updating countdown to 30148
[15:35:50.281] [SEVERE ] updating countdown to 29144
[15:35:51.287] [SEVERE ] updating countdown to 28138
[15:35:52.293] [SEVERE ] updating countdown to 27132
[15:35:53.302] [SEVERE ] updating countdown to 26123
[15:35:54.304] [SEVERE ] updating countdown to 25121
[15:35:55.309] [SEVERE ] updating countdown to 24116
[15:35:56.319] [SEVERE ] updating countdown to 23106
[15:35:57.322] [SEVERE ] updating countdown to 22103
[15:35:58.327] [SEVERE ] updating countdown to 21098
[15:35:59.331] [SEVERE ] updating countdown to 20094
[15:36:00.342] [SEVERE ] updating countdown to 19083
[15:36:01.350] [SEVERE ] updating countdown to 18075
[15:36:02.354] [SEVERE ] updating countdown to 17071
[15:36:03.362] [SEVERE ] updating countdown to 16063
[15:36:04.370] [SEVERE ] updating countdown to 15055
