[15:42:46.489] [INFO   ] thread bguspl.set.Main.main() starting.
[15:42:46.502] [SEVERE ] cannot read configuration file config.properties trying from resources.
[15:42:46.502] [SEVERE ] configuration file was loaded from resources directory.
[15:42:47.441] [INFO   ] thread dealer starting.
[15:42:47.441] [INFO   ] thread dealer starting.
[15:42:47.443] [INFO   ] thread Thread-1 starting.
[15:42:47.443] [INFO   ] thread Thread-2 starting.
[15:42:47.443] [INFO   ] thread Thread-3 starting.
[15:42:47.449] [INFO   ] thread computer-2 starting.
[15:42:47.454] [SEVERE ] updating countdown to 60000
[15:42:47.565] [SEVERE ] placing card 50 in slot 11
[15:42:47.675] [SEVERE ] placing card 41 in slot 6
[15:42:47.776] [SEVERE ] placing card 24 in slot 10
[15:42:47.892] [SEVERE ] placing card 54 in slot 5
[15:42:48.008] [SEVERE ] placing card 69 in slot 8
[15:42:48.110] [SEVERE ] placing card 36 in slot 4
[15:42:48.221] [SEVERE ] placing card 13 in slot 0
[15:42:48.329] [SEVERE ] placing card 28 in slot 1
[15:42:48.441] [SEVERE ] placing card 48 in slot 7
[15:42:48.551] [SEVERE ] placing card 53 in slot 3
[15:42:48.661] [SEVERE ] placing card 32 in slot 2
[15:42:48.770] [SEVERE ] placing card 17 in slot 9
[15:42:49.778] [SEVERE ] updating countdown to 59992
[15:42:50.784] [SEVERE ] updating countdown to 58986
[15:42:51.789] [SEVERE ] updating countdown to 57981
[15:42:52.800] [SEVERE ] updating countdown to 56970
[15:42:53.812] [SEVERE ] updating countdown to 55958
[15:42:54.821] [SEVERE ] updating countdown to 54949
[15:42:55.823] [SEVERE ] updating countdown to 53947
[15:42:56.830] [SEVERE ] updating countdown to 52940
[15:42:57.832] [SEVERE ] updating countdown to 51938
