[17:29:14.033] [INFO   ] thread bguspl.set.Main.main() starting.
[17:29:14.033] [SEVERE ] cannot read configuration file config.properties trying from resources.
[17:29:14.033] [SEVERE ] configuration file was loaded from resources directory.
[17:29:14.610] [INFO   ] thread dealer starting.
[17:29:14.610] [INFO   ] thread dealer starting.
[17:29:14.610] [INFO   ] thread Thread-1 starting.
[17:29:14.610] [INFO   ] thread Thread-2 starting.
[17:29:14.618] [INFO   ] thread computer-1 starting.
[17:29:14.623] [SEVERE ] updating countdown to 20000
[17:29:14.731] [SEVERE ] placing card 24 in slot 1
[17:29:14.841] [SEVERE ] placing card 51 in slot 7
[17:29:14.948] [SEVERE ] placing card 20 in slot 4
[17:29:15.051] [SEVERE ] placing card 54 in slot 0
[17:29:15.153] [SEVERE ] placing card 35 in slot 9
[17:29:15.263] [SEVERE ] placing card 16 in slot 11
[17:29:15.364] [SEVERE ] placing card 79 in slot 3
[17:29:15.479] [SEVERE ] placing card 26 in slot 5
[17:29:15.590] [SEVERE ] placing card 40 in slot 2
[17:29:15.622] [SEVERE ] player 2 placing token on slot 3
[17:29:15.696] [SEVERE ] placing card 8 in slot 8
[17:29:15.808] [SEVERE ] placing card 50 in slot 10
[17:29:15.918] [SEVERE ] placing card 39 in slot 6
[17:29:16.625] [SEVERE ] player 2 placing token on slot 1
[17:29:16.923] [SEVERE ] updating countdown to 19995
[17:29:17.630] [SEVERE ] player 2 placing token on slot 8
[17:29:17.924] [SEVERE ] updating countdown to 18994
[17:29:17.924] [SEVERE ] removing player 2 token from slot 3
[17:29:17.924] [SEVERE ] removing player 2 token from slot 1
[17:29:17.926] [SEVERE ] removing player 2 token from slot 8
[17:29:17.926] [SEVERE ] setting player 2 freeze to 3000
[17:29:18.065] [SEVERE ] key 81 was pressed by player 1
[17:29:18.065] [SEVERE ] player 1 placing token on slot 0
[17:29:18.393] [SEVERE ] key 87 was pressed by player 1
[17:29:18.393] [SEVERE ] player 1 placing token on slot 1
[17:29:18.938] [SEVERE ] updating countdown to 17980
[17:29:18.938] [SEVERE ] setting player 2 freeze to 2000
[17:29:19.158] [SEVERE ] key 83 was pressed by player 1
[17:29:19.173] [SEVERE ] player 1 placing token on slot 5
[17:29:19.946] [SEVERE ] setting player 2 freeze to 1000
[17:29:19.946] [SEVERE ] updating countdown to 16972
[17:29:19.946] [SEVERE ] removing player 1 token from slot 0
[17:29:19.946] [SEVERE ] removing player 1 token from slot 1
[17:29:19.946] [SEVERE ] removing player 1 token from slot 5
[17:29:19.946] [SEVERE ] setting player 1 freeze to 3000
[17:29:20.957] [SEVERE ] updating countdown to 15961
[17:29:20.957] [SEVERE ] setting player 2 freeze to 0
[17:29:20.957] [SEVERE ] setting player 1 freeze to 2000
[17:29:21.962] [SEVERE ] setting player 1 freeze to 1000
[17:29:21.962] [SEVERE ] updating countdown to 14956
[17:29:21.962] [SEVERE ] player 2 placing token on slot 1
[17:29:22.977] [SEVERE ] setting player 1 freeze to 0
[17:29:22.977] [SEVERE ] updating countdown to 13941
[17:29:22.977] [SEVERE ] player 2 placing token on slot 2
[17:29:23.978] [SEVERE ] updating countdown to 12940
[17:29:23.979] [SEVERE ] player 2 placing token on slot 3
[17:29:24.987] [SEVERE ] updating countdown to 11931
[17:29:24.987] [SEVERE ] removing player 2 token from slot 1
[17:29:24.987] [SEVERE ] removing player 2 token from slot 2
[17:29:24.987] [SEVERE ] removing player 2 token from slot 3
[17:29:24.987] [SEVERE ] setting player 2 freeze to 3000
[17:29:26.003] [SEVERE ] setting player 2 freeze to 2000
[17:29:26.003] [SEVERE ] updating countdown to 10915
[17:29:27.010] [SEVERE ] updating countdown to 9908
[17:29:27.010] [SEVERE ] setting player 2 freeze to 1000
[17:29:28.017] [SEVERE ] updating countdown to 8901
[17:29:28.017] [SEVERE ] setting player 2 freeze to 0
[17:29:29.023] [SEVERE ] updating countdown to 7895
[17:29:29.023] [SEVERE ] player 2 placing token on slot 10
[17:29:30.033] [SEVERE ] updating countdown to 6885
[17:29:30.033] [SEVERE ] player 2 placing token on slot 4
[17:29:31.048] [SEVERE ] updating countdown to 5870
[17:29:31.048] [SEVERE ] player 2 placing token on slot 7
[17:29:32.056] [SEVERE ] removing player 2 token from slot 10
[17:29:32.056] [SEVERE ] removing player 2 token from slot 4
[17:29:32.056] [SEVERE ] removing player 2 token from slot 7
[17:29:32.056] [SEVERE ] setting player 2 freeze to 3000
[17:29:33.062] [SEVERE ] setting player 2 freeze to 2000
[17:29:34.066] [SEVERE ] setting player 2 freeze to 1000
[17:29:35.073] [SEVERE ] setting player 2 freeze to 0
[17:29:36.083] [SEVERE ] player 2 placing token on slot 5
[17:29:36.920] [SEVERE ] updating countdown to 20000
[17:29:37.030] [SEVERE ] removing tokens from slot 1
[17:29:37.030] [SEVERE ] removing card from slot 1
[17:29:37.141] [SEVERE ] removing tokens from slot 7
[17:29:37.141] [SEVERE ] removing card from slot 7
[17:29:37.243] [SEVERE ] removing tokens from slot 4
[17:29:37.243] [SEVERE ] removing card from slot 4
[17:29:37.344] [SEVERE ] removing tokens from slot 0
[17:29:37.344] [SEVERE ] removing card from slot 0
[17:29:37.444] [SEVERE ] removing tokens from slot 9
[17:29:37.444] [SEVERE ] removing card from slot 9
[17:29:37.545] [SEVERE ] removing tokens from slot 11
[17:29:37.545] [SEVERE ] removing card from slot 11
[17:29:37.646] [SEVERE ] removing tokens from slot 3
[17:29:37.646] [SEVERE ] removing card from slot 3
[17:29:37.758] [SEVERE ] removing player 2 token from slot 5
[17:29:37.758] [SEVERE ] removing tokens from slot 5
[17:29:37.758] [SEVERE ] removing card from slot 5
[17:29:37.869] [SEVERE ] removing tokens from slot 2
[17:29:37.869] [SEVERE ] removing card from slot 2
[17:29:37.979] [SEVERE ] removing tokens from slot 8
[17:29:37.979] [SEVERE ] removing card from slot 8
[17:29:38.089] [SEVERE ] removing tokens from slot 10
[17:29:38.089] [SEVERE ] removing card from slot 10
[17:29:38.199] [SEVERE ] removing tokens from slot 6
[17:29:38.199] [SEVERE ] removing card from slot 6
[17:29:38.199] [SEVERE ] updating countdown to 20000
[17:29:38.309] [SEVERE ] placing card 42 in slot 1
[17:29:38.420] [SEVERE ] placing card 75 in slot 7
[17:29:38.530] [SEVERE ] placing card 18 in slot 4
[17:29:38.640] [SEVERE ] placing card 79 in slot 0
[17:29:38.750] [SEVERE ] placing card 71 in slot 9
[17:29:38.860] [SEVERE ] placing card 62 in slot 11
[17:29:38.970] [SEVERE ] placing card 50 in slot 3
[17:29:39.080] [SEVERE ] placing card 6 in slot 5
[17:29:39.190] [SEVERE ] placing card 52 in slot 2
[17:29:39.206] [SEVERE ] player 2 placing token on slot 11
[17:29:39.302] [SEVERE ] placing card 33 in slot 8
[17:29:39.412] [SEVERE ] placing card 60 in slot 10
[17:29:39.523] [SEVERE ] placing card 29 in slot 6
