[16:52:46.537] [INFO   ] thread bguspl.set.Main.main() starting.
[16:52:46.537] [SEVERE ] cannot read configuration file config.properties trying from resources.
[16:52:46.537] [SEVERE ] configuration file was loaded from resources directory.
[16:52:47.256] [INFO   ] thread dealer starting.
[16:52:47.256] [INFO   ] thread dealer starting.
[16:52:47.257] [INFO   ] thread Thread-1 starting.
[16:52:47.259] [INFO   ] thread computer-0 starting.
[16:52:47.259] [SEVERE ] updating countdown to 60000
[16:52:47.369] [SEVERE ] placing card 10 in slot 9
[16:52:47.477] [SEVERE ] placing card 51 in slot 0
[16:52:47.579] [SEVERE ] placing card 32 in slot 4
[16:52:47.680] [SEVERE ] placing card 5 in slot 3
[16:52:47.789] [SEVERE ] placing card 49 in slot 10
[16:52:47.890] [SEVERE ] placing card 7 in slot 5
[16:52:48.000] [SEVERE ] placing card 74 in slot 2
[16:52:48.101] [SEVERE ] placing card 78 in slot 11
[16:52:48.212] [SEVERE ] placing card 30 in slot 7
[16:52:48.261] [SEVERE ] player 1 placing token on slot 4
[16:52:48.314] [SEVERE ] placing card 0 in slot 8
[16:52:48.417] [SEVERE ] placing card 48 in slot 6
[16:52:48.525] [SEVERE ] placing card 3 in slot 1
[16:52:49.268] [SEVERE ] player 1 placing token on slot 11
[16:52:49.535] [SEVERE ] updating countdown to 59990
[16:52:50.272] [SEVERE ] player 1 placing token on slot 2
[16:52:50.540] [SEVERE ] updating countdown to 58985
[16:52:50.540] [SEVERE ] removing player 1 token from slot 4
[16:52:50.540] [SEVERE ] removing player 1 token from slot 11
[16:52:50.540] [SEVERE ] removing player 1 token from slot 2
[16:52:50.540] [SEVERE ] setting player 1 freeze to 3000
[16:52:51.544] [SEVERE ] updating countdown to 57981
[16:52:51.545] [SEVERE ] setting player 1 freeze to 2000
[16:52:52.551] [SEVERE ] updating countdown to 56974
[16:52:52.551] [SEVERE ] setting player 1 freeze to 1000
[16:52:53.563] [SEVERE ] updating countdown to 55962
[16:52:53.563] [SEVERE ] setting player 1 freeze to 0
[16:52:54.564] [SEVERE ] updating countdown to 54961
[16:52:54.565] [SEVERE ] player 1 placing token on slot 11
[16:52:55.577] [SEVERE ] updating countdown to 53948
[16:52:55.577] [SEVERE ] player 1 placing token on slot 9
[16:52:56.588] [SEVERE ] updating countdown to 52937
[16:52:56.588] [SEVERE ] removing player 1 token from slot 11
[16:52:57.600] [SEVERE ] updating countdown to 51925
[16:52:57.600] [SEVERE ] player 1 placing token on slot 10
[16:52:58.609] [SEVERE ] updating countdown to 50916
[16:52:58.609] [SEVERE ] removing player 1 token from slot 9
[16:52:59.611] [SEVERE ] updating countdown to 49914
[16:52:59.611] [SEVERE ] player 1 placing token on slot 8
[16:53:00.621] [SEVERE ] updating countdown to 48904
[16:53:00.621] [SEVERE ] player 1 placing token on slot 7
[16:53:01.633] [SEVERE ] updating countdown to 47892
[16:53:01.633] [SEVERE ] removing player 1 token from slot 10
[16:53:01.633] [SEVERE ] removing player 1 token from slot 8
[16:53:01.633] [SEVERE ] removing player 1 token from slot 7
[16:53:01.633] [SEVERE ] setting player 1 freeze to 3000
[16:53:02.644] [SEVERE ] updating countdown to 46881
[16:53:02.644] [SEVERE ] setting player 1 freeze to 2000
[16:53:03.651] [SEVERE ] setting player 1 freeze to 1000
[16:53:03.651] [SEVERE ] updating countdown to 45874
[16:53:04.656] [SEVERE ] updating countdown to 44869
[16:53:04.656] [SEVERE ] setting player 1 freeze to 0
[16:53:05.662] [SEVERE ] updating countdown to 43863
[16:53:05.662] [SEVERE ] player 1 placing token on slot 7
[16:53:06.672] [SEVERE ] updating countdown to 42853
[16:53:06.672] [SEVERE ] player 1 placing token on slot 3
[16:53:07.686] [SEVERE ] updating countdown to 41839
[16:53:07.686] [SEVERE ] removing player 1 token from slot 3
[16:53:08.701] [SEVERE ] updating countdown to 40824
[16:53:08.701] [SEVERE ] player 1 placing token on slot 2
[16:53:09.703] [SEVERE ] updating countdown to 39822
[16:53:09.707] [SEVERE ] player 1 placing token on slot 11
[16:53:10.715] [SEVERE ] updating countdown to 38810
[16:53:10.715] [SEVERE ] removing player 1 token from slot 7
[16:53:10.715] [SEVERE ] removing player 1 token from slot 2
[16:53:10.715] [SEVERE ] removing player 1 token from slot 11
[16:53:10.715] [SEVERE ] setting player 1 freeze to 3000
[16:53:11.728] [SEVERE ] updating countdown to 37797
[16:53:11.728] [SEVERE ] setting player 1 freeze to 2000
[16:53:12.732] [SEVERE ] setting player 1 freeze to 1000
[16:53:12.732] [SEVERE ] updating countdown to 36793
[16:53:13.740] [SEVERE ] setting player 1 freeze to 0
[16:53:13.740] [SEVERE ] updating countdown to 35785
[16:53:14.749] [SEVERE ] updating countdown to 34776
[16:53:14.751] [SEVERE ] player 1 placing token on slot 2
[16:53:15.760] [SEVERE ] updating countdown to 33765
[16:53:15.761] [SEVERE ] player 1 placing token on slot 5
[16:53:16.764] [SEVERE ] updating countdown to 32761
[16:53:16.768] [SEVERE ] removing player 1 token from slot 2
