[16:53:26.537] [INFO   ] thread bguspl.set.Main.main() starting.
[16:53:26.537] [SEVERE ] cannot read configuration file config.properties trying from resources.
[16:53:26.537] [SEVERE ] configuration file was loaded from resources directory.
[16:53:27.259] [INFO   ] thread dealer starting.
[16:53:27.259] [INFO   ] thread dealer starting.
[16:53:27.266] [INFO   ] thread Thread-1 starting.
[16:53:27.270] [INFO   ] thread Thread-2 starting.
[16:53:27.272] [INFO   ] thread computer-1 starting.
[16:53:27.276] [SEVERE ] updating countdown to 60000
[16:53:27.388] [SEVERE ] placing card 39 in slot 8
[16:53:27.490] [SEVERE ] placing card 60 in slot 11
[16:53:27.609] [SEVERE ] placing card 56 in slot 10
[16:53:27.721] [SEVERE ] placing card 19 in slot 4
[16:53:27.832] [SEVERE ] placing card 78 in slot 9
[16:53:27.943] [SEVERE ] placing card 30 in slot 3
[16:53:28.054] [SEVERE ] placing card 27 in slot 1
[16:53:28.159] [SEVERE ] placing card 72 in slot 2
[16:53:28.269] [SEVERE ] placing card 41 in slot 5
[16:53:28.285] [SEVERE ] player 2 placing token on slot 9
[16:53:28.381] [SEVERE ] placing card 43 in slot 6
[16:53:28.491] [SEVERE ] placing card 11 in slot 0
[16:53:28.601] [SEVERE ] placing card 17 in slot 7
[16:53:29.300] [SEVERE ] player 2 placing token on slot 1
[16:53:29.602] [SEVERE ] updating countdown to 59999
[16:53:30.308] [SEVERE ] removing player 2 token from slot 1
[16:53:30.607] [SEVERE ] updating countdown to 58994
[16:53:31.314] [SEVERE ] player 2 placing token on slot 2
[16:53:31.609] [SEVERE ] updating countdown to 57992
[16:53:32.318] [SEVERE ] player 2 placing token on slot 0
[16:53:32.619] [SEVERE ] updating countdown to 56982
[16:53:32.619] [SEVERE ] removing player 2 token from slot 9
[16:53:32.619] [SEVERE ] removing player 2 token from slot 2
[16:53:32.619] [SEVERE ] removing player 2 token from slot 0
[16:53:32.619] [SEVERE ] setting player 2 freeze to 3000
[16:53:33.624] [SEVERE ] setting player 2 freeze to 2000
[16:53:33.624] [SEVERE ] updating countdown to 55977
[16:53:34.625] [SEVERE ] setting player 2 freeze to 1000
[16:53:34.625] [SEVERE ] updating countdown to 54976
[16:53:35.630] [SEVERE ] updating countdown to 53971
[16:53:35.630] [SEVERE ] setting player 2 freeze to 0
[16:53:36.635] [SEVERE ] updating countdown to 52966
[16:53:36.635] [SEVERE ] player 2 placing token on slot 2
[16:53:37.643] [SEVERE ] updating countdown to 51958
[16:53:37.643] [SEVERE ] player 2 placing token on slot 7
[16:53:38.651] [SEVERE ] updating countdown to 50950
[16:53:38.651] [SEVERE ] removing player 2 token from slot 2
[16:53:39.661] [SEVERE ] updating countdown to 49940
[16:53:39.661] [SEVERE ] player 2 placing token on slot 3
[16:53:40.675] [SEVERE ] updating countdown to 48926
[16:53:40.675] [SEVERE ] player 2 placing token on slot 6
[16:53:41.686] [SEVERE ] updating countdown to 47915
[16:53:41.686] [SEVERE ] removing player 2 token from slot 7
[16:53:41.686] [SEVERE ] removing player 2 token from slot 3
[16:53:41.686] [SEVERE ] removing player 2 token from slot 6
[16:53:41.686] [SEVERE ] setting player 2 freeze to 3000
[16:53:42.695] [SEVERE ] updating countdown to 46906
[16:53:42.695] [SEVERE ] setting player 2 freeze to 2000
[16:53:43.652] [SEVERE ] key 81 was pressed by player 1
[16:53:43.652] [SEVERE ] player 1 placing token on slot 0
[16:53:43.700] [SEVERE ] setting player 2 freeze to 1000
[16:53:43.700] [SEVERE ] updating countdown to 45901
[16:53:43.894] [SEVERE ] key 87 was pressed by player 1
[16:53:43.894] [SEVERE ] player 1 placing token on slot 1
[16:53:44.123] [SEVERE ] key 69 was pressed by player 1
[16:53:44.126] [SEVERE ] player 1 placing token on slot 2
[16:53:44.397] [SEVERE ] key 82 was pressed by player 1
[16:53:44.397] [SEVERE ] player 1 placing token on slot 3
[16:53:44.712] [SEVERE ] setting player 2 freeze to 0
[16:53:44.712] [SEVERE ] updating countdown to 44889
[16:53:44.712] [SEVERE ] removing player 1 token from slot 0
[16:53:44.714] [SEVERE ] removing player 1 token from slot 1
[16:53:44.714] [SEVERE ] removing player 1 token from slot 2
[16:53:44.716] [SEVERE ] removing player 1 token from slot 3
[16:53:44.717] [SEVERE ] setting player 1 freeze to 3000
[16:53:45.720] [SEVERE ] setting player 1 freeze to 2000
[16:53:45.720] [SEVERE ] updating countdown to 43881
[16:53:45.720] [SEVERE ] player 2 placing token on slot 4
[16:53:46.723] [SEVERE ] setting player 1 freeze to 1000
[16:53:46.723] [SEVERE ] updating countdown to 42878
[16:53:46.725] [SEVERE ] player 2 placing token on slot 1
[16:53:47.726] [SEVERE ] updating countdown to 41875
[16:53:47.726] [SEVERE ] setting player 1 freeze to 0
[16:53:47.731] [SEVERE ] player 2 placing token on slot 0
[16:53:48.728] [SEVERE ] updating countdown to 40873
[16:53:48.728] [SEVERE ] removing player 2 token from slot 4
[16:53:48.728] [SEVERE ] removing player 2 token from slot 1
[16:53:48.728] [SEVERE ] removing player 2 token from slot 0
[16:53:48.728] [SEVERE ] setting player 2 freeze to 3000
[16:53:48.936] [SEVERE ] key 81 was pressed by player 1
[16:53:48.951] [SEVERE ] player 1 placing token on slot 0
[16:53:49.443] [SEVERE ] key 87 was pressed by player 1
[16:53:49.443] [SEVERE ] player 1 placing token on slot 1
[16:53:49.733] [SEVERE ] setting player 2 freeze to 2000
[16:53:49.734] [SEVERE ] updating countdown to 39867
[16:53:50.047] [SEVERE ] key 69 was pressed by player 1
[16:53:50.060] [SEVERE ] player 1 placing token on slot 2
[16:53:50.434] [SEVERE ] key 82 was pressed by player 1
[16:53:50.449] [SEVERE ] player 1 placing token on slot 3
[16:53:50.744] [SEVERE ] setting player 2 freeze to 1000
[16:53:50.744] [SEVERE ] updating countdown to 38857
[16:53:50.744] [SEVERE ] removing player 1 token from slot 0
[16:53:50.744] [SEVERE ] removing player 1 token from slot 1
[16:53:50.744] [SEVERE ] removing player 1 token from slot 2
[16:53:50.744] [SEVERE ] removing player 1 token from slot 3
[16:53:50.744] [SEVERE ] setting player 1 freeze to 3000
[16:53:51.754] [SEVERE ] updating countdown to 37847
[16:53:51.754] [SEVERE ] setting player 2 freeze to 0
[16:53:51.754] [SEVERE ] setting player 1 freeze to 2000
[16:53:52.759] [SEVERE ] setting player 1 freeze to 1000
[16:53:52.759] [SEVERE ] updating countdown to 36842
[16:53:52.759] [SEVERE ] player 2 placing token on slot 2
[16:53:52.851] [SEVERE ] key 81 was pressed by player 1
[16:53:53.076] [SEVERE ] key 87 was pressed by player 1
[16:53:53.565] [SEVERE ] key 69 was pressed by player 1
[16:53:53.761] [SEVERE ] setting player 1 freeze to 0
[16:53:53.761] [SEVERE ] updating countdown to 35840
[16:53:53.764] [SEVERE ] player 2 placing token on slot 3
[16:53:54.778] [SEVERE ] updating countdown to 34823
[16:53:54.778] [SEVERE ] removing player 2 token from slot 2
[16:53:55.783] [SEVERE ] updating countdown to 33818
[16:53:55.783] [SEVERE ] player 2 placing token on slot 2
[16:53:56.795] [SEVERE ] updating countdown to 32806
[16:53:56.795] [SEVERE ] player 2 placing token on slot 0
[16:53:57.805] [SEVERE ] updating countdown to 31796
[16:53:57.805] [SEVERE ] removing player 2 token from slot 3
[16:53:57.805] [SEVERE ] removing player 2 token from slot 2
[16:53:57.805] [SEVERE ] removing player 2 token from slot 0
[16:53:57.805] [SEVERE ] setting player 2 freeze to 3000
[16:53:58.643] [SEVERE ] key 81 was pressed by player 1
[16:53:58.647] [SEVERE ] player 1 placing token on slot 0
[16:53:58.808] [SEVERE ] updating countdown to 30793
[16:53:58.808] [SEVERE ] setting player 2 freeze to 2000
[16:53:58.887] [SEVERE ] key 87 was pressed by player 1
[16:53:58.904] [SEVERE ] player 1 placing token on slot 1
[16:53:59.142] [SEVERE ] key 69 was pressed by player 1
[16:53:59.142] [SEVERE ] player 1 placing token on slot 2
[16:53:59.371] [SEVERE ] key 82 was pressed by player 1
[16:53:59.386] [SEVERE ] player 1 placing token on slot 3
[16:53:59.815] [SEVERE ] setting player 2 freeze to 1000
[16:53:59.815] [SEVERE ] updating countdown to 29786
[16:53:59.817] [SEVERE ] removing player 1 token from slot 0
[16:53:59.817] [SEVERE ] removing player 1 token from slot 1
[16:53:59.817] [SEVERE ] removing player 1 token from slot 2
[16:53:59.817] [SEVERE ] removing player 1 token from slot 3
[16:53:59.817] [SEVERE ] setting player 1 freeze to 3000
[16:54:00.594] [SEVERE ] key 81 was pressed by player 1
[16:54:00.820] [SEVERE ] setting player 2 freeze to 0
[16:54:00.821] [SEVERE ] updating countdown to 28780
[16:54:00.822] [SEVERE ] setting player 1 freeze to 2000
[16:54:00.822] [SEVERE ] key 87 was pressed by player 1
[16:54:01.053] [SEVERE ] key 69 was pressed by player 1
[16:54:01.291] [SEVERE ] key 69 was pressed by player 1
[16:54:01.492] [SEVERE ] key 82 was pressed by player 1
[16:54:01.822] [SEVERE ] updating countdown to 27779
[16:54:01.822] [SEVERE ] player 2 placing token on slot 1
[16:54:01.838] [SEVERE ] setting player 1 freeze to 1000
[16:54:02.110] [SEVERE ] key 65 was pressed by player 1
[16:54:02.361] [SEVERE ] key 83 was pressed by player 1
[16:54:02.634] [SEVERE ] key 68 was pressed by player 1
[16:54:02.828] [SEVERE ] updating countdown to 26773
[16:54:02.828] [SEVERE ] player 2 placing token on slot 0
[16:54:02.844] [SEVERE ] setting player 1 freeze to 0
[16:54:02.871] [SEVERE ] key 70 was pressed by player 1
[16:54:02.881] [SEVERE ] player 1 placing token on slot 7
[16:54:03.839] [SEVERE ] updating countdown to 25762
[16:54:03.839] [SEVERE ] player 2 placing token on slot 2
[16:54:04.566] [SEVERE ] key 68 was pressed by player 1
[16:54:04.575] [SEVERE ] player 1 placing token on slot 6
[16:54:04.788] [SEVERE ] key 83 was pressed by player 1
[16:54:04.799] [SEVERE ] player 1 placing token on slot 5
[16:54:04.844] [SEVERE ] updating countdown to 24757
[16:54:04.844] [SEVERE ] removing player 2 token from slot 1
[16:54:04.845] [SEVERE ] removing player 2 token from slot 0
[16:54:04.845] [SEVERE ] removing player 2 token from slot 2
[16:54:04.846] [SEVERE ] setting player 2 freeze to 3000
[16:54:04.846] [SEVERE ] removing player 1 token from slot 7
[16:54:04.847] [SEVERE ] removing player 1 token from slot 6
[16:54:04.847] [SEVERE ] removing player 1 token from slot 5
[16:54:04.847] [SEVERE ] setting player 1 freeze to 3000
[16:54:05.001] [SEVERE ] key 65 was pressed by player 1
[16:54:05.481] [SEVERE ] key 65 was pressed by player 1
[16:54:05.793] [SEVERE ] key 83 was pressed by player 1
[16:54:05.857] [SEVERE ] setting player 2 freeze to 2000
[16:54:05.857] [SEVERE ] setting player 1 freeze to 2000
[16:54:05.857] [SEVERE ] updating countdown to 23744
[16:54:06.872] [SEVERE ] setting player 2 freeze to 1000
[16:54:06.872] [SEVERE ] setting player 1 freeze to 1000
[16:54:06.872] [SEVERE ] updating countdown to 22729
[16:54:07.877] [SEVERE ] setting player 1 freeze to 0
[16:54:07.877] [SEVERE ] setting player 2 freeze to 0
[16:54:07.877] [SEVERE ] updating countdown to 21724
[16:54:08.884] [SEVERE ] updating countdown to 20717
[16:54:08.884] [SEVERE ] player 2 placing token on slot 2
[16:54:09.890] [SEVERE ] updating countdown to 19711
[16:54:09.890] [SEVERE ] player 2 placing token on slot 11
[16:54:10.023] [SEVERE ] key 81 was pressed by player 1
[16:54:10.025] [SEVERE ] player 1 placing token on slot 0
[16:54:10.160] [SEVERE ] key 87 was pressed by player 1
[16:54:10.160] [SEVERE ] player 1 placing token on slot 1
[16:54:10.268] [SEVERE ] key 69 was pressed by player 1
[16:54:10.282] [SEVERE ] player 1 placing token on slot 2
[16:54:10.430] [SEVERE ] key 82 was pressed by player 1
[16:54:10.430] [SEVERE ] player 1 placing token on slot 3
[16:54:10.524] [SEVERE ] key 65 was pressed by player 1
[16:54:10.524] [SEVERE ] player 1 placing token on slot 4
[16:54:10.688] [SEVERE ] key 83 was pressed by player 1
[16:54:10.688] [SEVERE ] player 1 placing token on slot 5
[16:54:10.788] [SEVERE ] key 68 was pressed by player 1
[16:54:10.790] [SEVERE ] player 1 placing token on slot 6
[16:54:10.892] [SEVERE ] updating countdown to 18709
[16:54:10.893] [SEVERE ] removing player 1 token from slot 0
[16:54:10.894] [SEVERE ] removing player 1 token from slot 1
[16:54:10.894] [SEVERE ] removing player 1 token from slot 2
[16:54:10.894] [SEVERE ] removing player 1 token from slot 3
[16:54:10.894] [SEVERE ] removing player 1 token from slot 4
[16:54:10.894] [SEVERE ] removing player 1 token from slot 5
[16:54:10.894] [SEVERE ] removing player 1 token from slot 6
[16:54:10.894] [SEVERE ] setting player 1 freeze to 3000
[16:54:10.894] [SEVERE ] removing player 2 token from slot 2
[16:54:10.903] [SEVERE ] key 70 was pressed by player 1
[16:54:11.907] [SEVERE ] updating countdown to 17694
[16:54:11.907] [SEVERE ] setting player 1 freeze to 2000
[16:54:11.907] [SEVERE ] removing player 2 token from slot 11
[16:54:12.919] [SEVERE ] setting player 1 freeze to 1000
[16:54:12.919] [SEVERE ] updating countdown to 16682
[16:54:12.919] [SEVERE ] player 2 placing token on slot 10
[16:54:13.931] [SEVERE ] setting player 1 freeze to 0
[16:54:13.931] [SEVERE ] updating countdown to 15670
[16:54:13.931] [SEVERE ] removing player 2 token from slot 10
[16:54:14.942] [SEVERE ] updating countdown to 14659
[16:54:14.942] [SEVERE ] player 2 placing token on slot 11
[16:54:15.952] [SEVERE ] updating countdown to 13649
[16:54:15.952] [SEVERE ] player 2 placing token on slot 4
[16:54:16.961] [SEVERE ] updating countdown to 12640
[16:54:16.961] [SEVERE ] player 2 placing token on slot 1
[16:54:17.974] [SEVERE ] updating countdown to 11627
[16:54:17.974] [SEVERE ] removing player 2 token from slot 11
[16:54:17.974] [SEVERE ] removing player 2 token from slot 4
[16:54:17.974] [SEVERE ] removing player 2 token from slot 1
[16:54:17.974] [SEVERE ] setting player 2 freeze to 3000
[16:54:18.984] [SEVERE ] updating countdown to 10617
[16:54:18.984] [SEVERE ] setting player 2 freeze to 2000
[16:54:19.550] [SEVERE ] key 90 was pressed by player 1
[16:54:19.550] [SEVERE ] player 1 placing token on slot 8
[16:54:19.748] [SEVERE ] key 88 was pressed by player 1
[16:54:19.764] [SEVERE ] player 1 placing token on slot 9
[16:54:19.837] [SEVERE ] key 67 was pressed by player 1
[16:54:19.837] [SEVERE ] player 1 placing token on slot 10
[16:54:19.958] [SEVERE ] key 86 was pressed by player 1
[16:54:19.958] [SEVERE ] player 1 placing token on slot 11
[16:54:19.985] [SEVERE ] updating countdown to 9616
[16:54:19.986] [SEVERE ] setting player 2 freeze to 1000
[16:54:19.986] [SEVERE ] removing player 1 token from slot 8
[16:54:19.994] [SEVERE ] removing player 1 token from slot 9
[16:54:19.996] [SEVERE ] removing player 1 token from slot 10
[16:54:19.998] [SEVERE ] removing player 1 token from slot 11
[16:54:19.999] [SEVERE ] setting player 1 freeze to 3000
[16:54:20.035] [SEVERE ] key 65 was pressed by player 1
[16:54:20.199] [SEVERE ] key 83 was pressed by player 1
[16:54:20.375] [SEVERE ] key 68 was pressed by player 1
[16:54:20.521] [SEVERE ] key 70 was pressed by player 1
[16:54:20.614] [SEVERE ] key 81 was pressed by player 1
[16:54:20.754] [SEVERE ] key 87 was pressed by player 1
[16:54:20.879] [SEVERE ] key 69 was pressed by player 1
[16:54:20.996] [SEVERE ] setting player 2 freeze to 0
[16:54:20.996] [SEVERE ] key 82 was pressed by player 1
[16:54:21.012] [SEVERE ] updating countdown to 8589
[16:54:21.012] [SEVERE ] setting player 1 freeze to 2000
[16:54:21.999] [SEVERE ] player 2 placing token on slot 6
[16:54:22.014] [SEVERE ] updating countdown to 7587
[16:54:22.014] [SEVERE ] setting player 1 freeze to 1000
[16:54:23.005] [SEVERE ] player 2 placing token on slot 7
[16:54:23.021] [SEVERE ] updating countdown to 6580
[16:54:23.021] [SEVERE ] setting player 1 freeze to 0
[16:54:24.013] [SEVERE ] player 2 placing token on slot 9
[16:54:24.029] [SEVERE ] updating countdown to 5572
[16:54:24.029] [SEVERE ] removing player 2 token from slot 6
[16:54:24.030] [SEVERE ] removing player 2 token from slot 7
[16:54:24.030] [SEVERE ] removing player 2 token from slot 9
[16:54:24.031] [SEVERE ] setting player 2 freeze to 3000
[16:54:24.881] [SEVERE ] key 81 was pressed by player 1
[16:54:24.881] [SEVERE ] player 1 placing token on slot 0
[16:54:25.034] [SEVERE ] setting player 2 freeze to 2000
[16:54:25.066] [SEVERE ] key 87 was pressed by player 1
[16:54:25.066] [SEVERE ] player 1 placing token on slot 1
[16:54:25.184] [SEVERE ] key 69 was pressed by player 1
[16:54:25.198] [SEVERE ] player 1 placing token on slot 2
[16:54:25.200] [SEVERE ] removing player 1 token from slot 0
[16:54:25.200] [SEVERE ] removing player 1 token from slot 1
[16:54:25.201] [SEVERE ] removing player 1 token from slot 2
[16:54:25.201] [SEVERE ] setting player 1 freeze to 3000
[16:54:25.349] [SEVERE ] key 82 was pressed by player 1
[16:54:25.392] [SEVERE ] key 65 was pressed by player 1
[16:54:25.532] [SEVERE ] key 83 was pressed by player 1
[16:54:25.601] [SEVERE ] updating countdown to 4000
[16:54:25.601] [SEVERE ] updating countdown to 4000
[16:54:25.601] [SEVERE ] updating countdown to 4000
[16:54:25.601] [SEVERE ] updating countdown to 4000
[16:54:25.601] [SEVERE ] updating countdown to 4000
[16:54:25.601] [SEVERE ] updating countdown to 4000
[16:54:25.601] [SEVERE ] updating countdown to 4000
[16:54:25.601] [SEVERE ] updating countdown to 4000
[16:54:25.601] [SEVERE ] updating countdown to 4000
[16:54:25.601] [SEVERE ] updating countdown to 4000
[16:54:25.601] [SEVERE ] updating countdown to 4000
[16:54:25.601] [SEVERE ] updating countdown to 4000
[16:54:25.601] [SEVERE ] updating countdown to 4000
[16:54:25.601] [SEVERE ] updating countdown to 4000
[16:54:25.601] [SEVERE ] updating countdown to 4000
[16:54:25.601] [SEVERE ] updating countdown to 4000
[16:54:25.601] [SEVERE ] updating countdown to 4000
[16:54:25.601] [SEVERE ] updating countdown to 4000
[16:54:25.601] [SEVERE ] updating countdown to 4000
[16:54:25.601] [SEVERE ] updating countdown to 4000
[16:54:25.632] [SEVERE ] key 68 was pressed by player 1
[16:54:25.771] [SEVERE ] key 70 was pressed by player 1
[16:54:25.846] [SEVERE ] key 90 was pressed by player 1
[16:54:26.003] [SEVERE ] key 88 was pressed by player 1
[16:54:26.036] [SEVERE ] setting player 2 freeze to 1000
[16:54:26.118] [SEVERE ] key 67 was pressed by player 1
[16:54:26.207] [SEVERE ] setting player 1 freeze to 2000
[16:54:26.271] [SEVERE ] key 86 was pressed by player 1
[16:54:26.601] [SEVERE ] updating countdown to 3000
[16:54:26.601] [SEVERE ] updating countdown to 3000
[16:54:26.601] [SEVERE ] updating countdown to 3000
[16:54:26.601] [SEVERE ] updating countdown to 3000
[16:54:26.601] [SEVERE ] updating countdown to 3000
[16:54:26.601] [SEVERE ] updating countdown to 3000
[16:54:26.601] [SEVERE ] updating countdown to 3000
[16:54:26.601] [SEVERE ] updating countdown to 3000
[16:54:26.601] [SEVERE ] updating countdown to 3000
[16:54:26.601] [SEVERE ] updating countdown to 3000
[16:54:26.601] [SEVERE ] updating countdown to 3000
[16:54:26.601] [SEVERE ] updating countdown to 3000
[16:54:26.601] [SEVERE ] updating countdown to 3000
[16:54:26.601] [SEVERE ] updating countdown to 3000
[16:54:26.601] [SEVERE ] updating countdown to 3000
[16:54:26.601] [SEVERE ] updating countdown to 3000
[16:54:26.601] [SEVERE ] updating countdown to 3000
[16:54:26.601] [SEVERE ] updating countdown to 3000
[16:54:26.601] [SEVERE ] updating countdown to 3000
[16:54:26.601] [SEVERE ] updating countdown to 3000
[16:54:26.601] [SEVERE ] updating countdown to 3000
[16:54:26.601] [SEVERE ] updating countdown to 3000
[16:54:26.601] [SEVERE ] updating countdown to 3000
[16:54:26.601] [SEVERE ] updating countdown to 3000
[16:54:26.601] [SEVERE ] updating countdown to 3000
[16:54:26.601] [SEVERE ] updating countdown to 3000
[16:54:26.601] [SEVERE ] updating countdown to 3000
[16:54:26.601] [SEVERE ] updating countdown to 3000
[16:54:26.601] [SEVERE ] updating countdown to 3000
[16:54:26.601] [SEVERE ] updating countdown to 3000
[16:54:26.601] [SEVERE ] updating countdown to 3000
[16:54:26.601] [SEVERE ] updating countdown to 3000
[16:54:26.601] [SEVERE ] updating countdown to 3000
[16:54:26.601] [SEVERE ] updating countdown to 3000
[16:54:26.601] [SEVERE ] updating countdown to 3000
[16:54:26.601] [SEVERE ] updating countdown to 3000
[16:54:26.601] [SEVERE ] updating countdown to 3000
[16:54:26.601] [SEVERE ] updating countdown to 3000
[16:54:26.601] [SEVERE ] updating countdown to 3000
[16:54:26.601] [SEVERE ] updating countdown to 3000
[16:54:26.601] [SEVERE ] updating countdown to 3000
[16:54:26.601] [SEVERE ] updating countdown to 3000
[16:54:27.048] [SEVERE ] setting player 2 freeze to 0
[16:54:27.220] [SEVERE ] setting player 1 freeze to 1000
[16:54:28.053] [SEVERE ] player 2 placing token on slot 2
[16:54:28.229] [SEVERE ] setting player 1 freeze to 0
[16:54:28.601] [SEVERE ] updating countdown to 1000
[16:54:28.601] [SEVERE ] updating countdown to 1000
[16:54:28.601] [SEVERE ] updating countdown to 1000
[16:54:28.601] [SEVERE ] updating countdown to 1000
[16:54:28.601] [SEVERE ] updating countdown to 1000
[16:54:28.601] [SEVERE ] updating countdown to 1000
[16:54:28.601] [SEVERE ] updating countdown to 1000
[16:54:28.601] [SEVERE ] updating countdown to 1000
[16:54:28.601] [SEVERE ] updating countdown to 1000
[16:54:28.601] [SEVERE ] updating countdown to 1000
[16:54:28.601] [SEVERE ] updating countdown to 1000
[16:54:28.601] [SEVERE ] updating countdown to 1000
[16:54:28.601] [SEVERE ] updating countdown to 1000
[16:54:28.601] [SEVERE ] updating countdown to 1000
[16:54:28.601] [SEVERE ] updating countdown to 1000
[16:54:28.601] [SEVERE ] updating countdown to 1000
[16:54:28.601] [SEVERE ] updating countdown to 1000
[16:54:28.601] [SEVERE ] updating countdown to 1000
[16:54:28.601] [SEVERE ] updating countdown to 1000
[16:54:28.601] [SEVERE ] updating countdown to 1000
[16:54:28.601] [SEVERE ] updating countdown to 1000
[16:54:28.601] [SEVERE ] updating countdown to 1000
[16:54:28.601] [SEVERE ] updating countdown to 1000
[16:54:28.601] [SEVERE ] updating countdown to 1000
[16:54:28.601] [SEVERE ] updating countdown to 1000
[16:54:28.601] [SEVERE ] updating countdown to 1000
[16:54:28.601] [SEVERE ] updating countdown to 1000
[16:54:28.601] [SEVERE ] updating countdown to 1000
[16:54:28.601] [SEVERE ] updating countdown to 1000
[16:54:28.601] [SEVERE ] updating countdown to 1000
[16:54:28.601] [SEVERE ] updating countdown to 1000
[16:54:28.601] [SEVERE ] updating countdown to 1000
[16:54:28.601] [SEVERE ] updating countdown to 1000
[16:54:28.601] [SEVERE ] updating countdown to 1000
[16:54:28.601] [SEVERE ] updating countdown to 1000
[16:54:28.601] [SEVERE ] updating countdown to 1000
[16:54:28.601] [SEVERE ] updating countdown to 1000
[16:54:28.601] [SEVERE ] updating countdown to 1000
[16:54:28.601] [SEVERE ] updating countdown to 1000
[16:54:28.601] [SEVERE ] updating countdown to 1000
[16:54:28.601] [SEVERE ] updating countdown to 1000
[16:54:28.601] [SEVERE ] updating countdown to 1000
[16:54:28.601] [SEVERE ] updating countdown to 1000
[16:54:28.601] [SEVERE ] updating countdown to 1000
[16:54:28.601] [SEVERE ] updating countdown to 1000
[16:54:28.601] [SEVERE ] updating countdown to 1000
[16:54:28.601] [SEVERE ] updating countdown to 1000
[16:54:28.601] [SEVERE ] updating countdown to 1000
[16:54:28.601] [SEVERE ] updating countdown to 1000
[16:54:28.601] [SEVERE ] updating countdown to 1000
[16:54:28.601] [SEVERE ] updating countdown to 1000
[16:54:28.601] [SEVERE ] updating countdown to 1000
[16:54:28.601] [SEVERE ] updating countdown to 1000
[16:54:28.601] [SEVERE ] updating countdown to 1000
[16:54:29.060] [SEVERE ] player 2 placing token on slot 5
[16:54:29.478] [SEVERE ] key 81 was pressed by player 1
[16:54:29.492] [SEVERE ] player 1 placing token on slot 0
[16:54:29.574] [SEVERE ] key 87 was pressed by player 1
[16:54:29.575] [SEVERE ] player 1 placing token on slot 1
[16:54:29.584] [SEVERE ] key 69 was pressed by player 1
[16:54:29.590] [SEVERE ] player 1 placing token on slot 2
[16:54:29.590] [SEVERE ] removing player 1 token from slot 0
[16:54:29.590] [SEVERE ] removing player 1 token from slot 1
[16:54:29.590] [SEVERE ] removing player 1 token from slot 2
[16:54:29.590] [SEVERE ] setting player 1 freeze to 3000
[16:54:29.601] [SEVERE ] updating countdown to 60000
[16:54:29.716] [SEVERE ] removing tokens from slot 8
[16:54:29.716] [SEVERE ] removing card from slot 8
[16:54:29.810] [SEVERE ] key 83 was pressed by player 1
[16:54:29.826] [SEVERE ] removing tokens from slot 11
[16:54:29.826] [SEVERE ] removing card from slot 11
[16:54:29.907] [SEVERE ] key 68 was pressed by player 1
[16:54:29.937] [SEVERE ] removing tokens from slot 10
[16:54:29.937] [SEVERE ] removing card from slot 10
[16:54:30.050] [SEVERE ] removing tokens from slot 4
[16:54:30.050] [SEVERE ] removing card from slot 4
[16:54:30.066] [SEVERE ] player 2 placing token on slot 11
[16:54:30.163] [SEVERE ] removing tokens from slot 9
[16:54:30.163] [SEVERE ] removing card from slot 9
[16:54:30.272] [SEVERE ] removing tokens from slot 3
[16:54:30.272] [SEVERE ] removing card from slot 3
[16:54:30.382] [SEVERE ] removing tokens from slot 1
[16:54:30.382] [SEVERE ] removing card from slot 1
[16:54:30.492] [SEVERE ] removing player 2 token from slot 2
[16:54:30.492] [SEVERE ] removing tokens from slot 2
[16:54:30.492] [SEVERE ] removing card from slot 2
[16:54:30.601] [SEVERE ] setting player 1 freeze to 2000
[16:54:30.601] [SEVERE ] removing player 2 token from slot 5
[16:54:30.601] [SEVERE ] removing tokens from slot 5
[16:54:30.601] [SEVERE ] removing card from slot 5
[16:54:30.712] [SEVERE ] removing tokens from slot 6
[16:54:30.712] [SEVERE ] removing card from slot 6
[16:54:30.815] [SEVERE ] removing tokens from slot 0
[16:54:30.815] [SEVERE ] removing card from slot 0
[16:54:30.917] [SEVERE ] removing tokens from slot 7
[16:54:30.917] [SEVERE ] removing card from slot 7
[16:54:30.918] [SEVERE ] updating countdown to 60000
[16:54:31.025] [SEVERE ] placing card 69 in slot 8
[16:54:31.135] [SEVERE ] placing card 20 in slot 11
[16:54:31.236] [SEVERE ] placing card 41 in slot 10
[16:54:31.346] [SEVERE ] placing card 58 in slot 4
[16:54:31.459] [SEVERE ] placing card 32 in slot 9
[16:54:31.559] [SEVERE ] placing card 49 in slot 3
[16:54:31.603] [SEVERE ] setting player 1 freeze to 1000
[16:54:31.660] [SEVERE ] placing card 66 in slot 1
[16:54:31.768] [SEVERE ] placing card 64 in slot 2
[16:54:31.880] [SEVERE ] placing card 61 in slot 5
[16:54:31.982] [SEVERE ] placing card 77 in slot 6
[16:54:32.092] [SEVERE ] placing card 13 in slot 0
[16:54:32.202] [SEVERE ] placing card 72 in slot 7
[16:54:32.611] [SEVERE ] setting player 1 freeze to 0
[16:54:33.209] [SEVERE ] updating countdown to 59993
[16:54:33.209] [INFO   ] thread dealer terminated.
[16:54:38.215] [SEVERE ] thanks for playing... it was fun!
[16:54:38.215] [INFO   ] thread bguspl.set.Main.main() terminated.
[16:54:38.215] [SEVERE ] disposing of user interface elements
