[16:17:55.444] [INFO   ] thread bguspl.set.Main.main() starting.
[16:17:55.459] [SEVERE ] cannot read configuration file config.properties trying from resources.
[16:17:55.459] [SEVERE ] configuration file was loaded from resources directory.
[16:17:57.068] [INFO   ] thread dealer starting.
[16:17:57.068] [INFO   ] thread dealer starting.
[16:17:57.073] [INFO   ] thread Thread-1 starting.
[16:17:57.073] [INFO   ] thread Thread-3 starting.
[16:17:57.073] [INFO   ] thread Thread-2 starting.
[16:17:57.073] [INFO   ] thread Thread-4 starting.
[16:17:57.076] [INFO   ] thread computer-2 starting.
[16:17:57.076] [INFO   ] thread computer-0 starting.
[16:17:57.077] [INFO   ] thread computer-1 starting.
[16:17:57.078] [INFO   ] thread computer-3 starting.
[16:17:57.084] [SEVERE ] updating countdown to 60000
[16:17:57.200] [SEVERE ] placing card 9 in slot 0
[16:17:57.337] [SEVERE ] placing card 63 in slot 1
[16:17:57.446] [SEVERE ] placing card 68 in slot 8
[16:17:57.549] [SEVERE ] placing card 1 in slot 11
[16:17:57.659] [SEVERE ] placing card 54 in slot 5
[16:17:57.771] [SEVERE ] placing card 5 in slot 4
[16:17:57.873] [SEVERE ] placing card 8 in slot 2
[16:17:57.981] [SEVERE ] placing card 29 in slot 3
[16:17:58.092] [SEVERE ] placing card 67 in slot 9
[16:17:58.111] [SEVERE ] player 1 placing token on slot 1
[16:17:58.113] [SEVERE ] player 4 placing token on slot 7
[16:17:58.116] [SEVERE ] player 3 placing token on slot 8
[16:17:58.142] [SEVERE ] player 2 placing token on slot 7
[16:17:58.195] [SEVERE ] placing card 76 in slot 7
[16:17:58.297] [SEVERE ] placing card 31 in slot 6
[16:17:58.407] [SEVERE ] placing card 61 in slot 10
[16:17:59.136] [SEVERE ] player 1 placing token on slot 0
[16:17:59.138] [SEVERE ] player 3 placing token on slot 11
[16:17:59.141] [SEVERE ] player 4 placing token on slot 9
[16:17:59.171] [SEVERE ] player 2 placing token on slot 10
[16:17:59.415] [SEVERE ] updating countdown to 59992
[16:18:00.155] [SEVERE ] player 1 placing token on slot 3
[16:18:00.158] [SEVERE ] player 4 placing token on slot 2
[16:18:00.161] [SEVERE ] player 3 placing token on slot 6
[16:18:00.181] [SEVERE ] player 2 placing token on slot 4
[16:18:00.425] [SEVERE ] updating countdown to 58982
[16:18:00.425] [SEVERE ] removing player 1 token from slot 1
[16:18:00.425] [SEVERE ] removing player 1 token from slot 0
[16:18:00.425] [SEVERE ] removing player 1 token from slot 3
[16:18:00.430] [SEVERE ] removing player 4 token from slot 7
[16:18:00.430] [SEVERE ] removing player 4 token from slot 9
[16:18:00.430] [SEVERE ] removing player 4 token from slot 2
[16:18:00.430] [SEVERE ] removing player 3 token from slot 8
[16:18:00.430] [SEVERE ] removing player 3 token from slot 11
[16:18:00.430] [SEVERE ] removing player 3 token from slot 6
[16:18:00.430] [SEVERE ] removing player 2 token from slot 7
[16:18:00.434] [SEVERE ] removing player 2 token from slot 10
[16:18:00.436] [SEVERE ] removing player 2 token from slot 4
[16:18:01.174] [SEVERE ] setting player 4 freeze to 3000
[16:18:01.175] [SEVERE ] setting player 1 freeze to 3000
[16:18:01.175] [SEVERE ] setting player 3 freeze to 3000
[16:18:01.191] [SEVERE ] setting player 2 freeze to 3000
[16:18:01.441] [SEVERE ] updating countdown to 57966
[16:18:02.180] [SEVERE ] setting player 3 freeze to 2000
[16:18:02.180] [SEVERE ] setting player 1 freeze to 2000
[16:18:02.180] [SEVERE ] setting player 4 freeze to 2000
[16:18:02.196] [SEVERE ] setting player 2 freeze to 2000
[16:18:02.447] [SEVERE ] updating countdown to 56960
[16:18:03.186] [SEVERE ] setting player 4 freeze to 1000
[16:18:03.186] [SEVERE ] setting player 3 freeze to 1000
[16:18:03.186] [SEVERE ] setting player 1 freeze to 1000
[16:18:03.202] [SEVERE ] setting player 2 freeze to 1000
[16:18:03.452] [SEVERE ] updating countdown to 55955
[16:18:04.190] [SEVERE ] setting player 4 freeze to 0
[16:18:04.190] [SEVERE ] setting player 3 freeze to 0
[16:18:04.190] [SEVERE ] setting player 1 freeze to 0
[16:18:04.212] [SEVERE ] setting player 2 freeze to 0
[16:18:04.466] [SEVERE ] updating countdown to 54941
[16:18:05.206] [SEVERE ] player 3 placing token on slot 11
[16:18:05.211] [SEVERE ] player 4 placing token on slot 4
[16:18:05.216] [SEVERE ] player 1 placing token on slot 7
[16:18:05.217] [SEVERE ] player 2 placing token on slot 11
[16:18:05.478] [SEVERE ] updating countdown to 53929
[16:18:06.218] [SEVERE ] player 4 placing token on slot 1
[16:18:06.220] [SEVERE ] player 3 placing token on slot 2
[16:18:06.226] [SEVERE ] removing player 2 token from slot 11
[16:18:06.230] [SEVERE ] player 1 placing token on slot 11
[16:18:06.491] [SEVERE ] updating countdown to 52916
[16:18:07.233] [SEVERE ] player 2 placing token on slot 11
[16:18:07.234] [SEVERE ] player 3 placing token on slot 3
[16:18:07.237] [SEVERE ] removing player 4 token from slot 4
[16:18:07.249] [SEVERE ] removing player 1 token from slot 7
[16:18:07.501] [SEVERE ] updating countdown to 51906
[16:18:07.502] [SEVERE ] removing player 3 token from slot 11
[16:18:07.503] [SEVERE ] removing player 3 token from slot 2
[16:18:07.503] [SEVERE ] removing player 3 token from slot 3
[16:18:08.248] [SEVERE ] setting player 3 freeze to 3000
[16:18:08.249] [SEVERE ] removing player 4 token from slot 1
[16:18:08.250] [SEVERE ] player 2 placing token on slot 7
[16:18:08.263] [SEVERE ] removing player 1 token from slot 11
[16:18:08.515] [SEVERE ] updating countdown to 50892
[16:18:09.258] [SEVERE ] setting player 3 freeze to 2000
[16:18:09.261] [SEVERE ] player 2 placing token on slot 4
[16:18:09.264] [SEVERE ] player 4 placing token on slot 9
[16:18:09.268] [SEVERE ] player 1 placing token on slot 6
[16:18:09.525] [SEVERE ] updating countdown to 49882
[16:18:09.529] [SEVERE ] removing player 2 token from slot 11
[16:18:09.529] [SEVERE ] removing player 2 token from slot 7
[16:18:09.529] [SEVERE ] removing player 2 token from slot 4
[16:18:10.263] [SEVERE ] setting player 3 freeze to 1000
[16:18:10.280] [SEVERE ] player 4 placing token on slot 5
[16:18:10.284] [SEVERE ] setting player 2 freeze to 3000
[16:18:10.286] [SEVERE ] player 1 placing token on slot 9
[16:18:10.544] [SEVERE ] updating countdown to 48863
[16:18:11.272] [SEVERE ] setting player 3 freeze to 0
[16:18:11.288] [SEVERE ] setting player 2 freeze to 2000
[16:18:11.292] [SEVERE ] player 4 placing token on slot 1
[16:18:11.300] [SEVERE ] player 1 placing token on slot 2
[16:18:11.548] [SEVERE ] updating countdown to 47859
[16:18:11.548] [SEVERE ] removing player 4 token from slot 9
[16:18:11.551] [SEVERE ] removing player 4 token from slot 5
[16:18:11.551] [SEVERE ] removing player 4 token from slot 1
[16:18:11.551] [SEVERE ] removing player 1 token from slot 6
[16:18:11.551] [SEVERE ] removing player 1 token from slot 9
[16:18:11.551] [SEVERE ] removing player 1 token from slot 2
[16:18:12.281] [SEVERE ] player 3 placing token on slot 0
[16:18:12.301] [SEVERE ] setting player 2 freeze to 1000
[16:18:12.304] [SEVERE ] setting player 4 freeze to 3000
[16:18:12.319] [SEVERE ] setting player 1 freeze to 3000
[16:18:12.560] [SEVERE ] updating countdown to 46847
[16:18:13.299] [SEVERE ] player 3 placing token on slot 10
[16:18:13.304] [SEVERE ] setting player 2 freeze to 0
[16:18:13.315] [SEVERE ] setting player 4 freeze to 2000
[16:18:13.322] [SEVERE ] setting player 1 freeze to 2000
[16:18:13.568] [SEVERE ] updating countdown to 45839
[16:18:14.322] [SEVERE ] setting player 4 freeze to 1000
[16:18:14.322] [SEVERE ] player 3 placing token on slot 7
[16:18:14.324] [SEVERE ] setting player 1 freeze to 1000
[16:18:14.325] [SEVERE ] player 2 placing token on slot 11
[16:18:14.577] [SEVERE ] updating countdown to 44830
[16:18:14.577] [SEVERE ] removing player 3 token from slot 0
[16:18:14.577] [SEVERE ] removing player 3 token from slot 10
[16:18:14.577] [SEVERE ] removing player 3 token from slot 7
[16:18:15.333] [SEVERE ] setting player 1 freeze to 0
[16:18:15.333] [SEVERE ] setting player 4 freeze to 0
[16:18:15.339] [SEVERE ] player 2 placing token on slot 9
[16:18:15.345] [SEVERE ] setting player 3 freeze to 3000
[16:18:15.589] [SEVERE ] updating countdown to 43818
[16:18:16.349] [SEVERE ] setting player 3 freeze to 2000
[16:18:16.352] [SEVERE ] player 2 placing token on slot 8
[16:18:16.362] [SEVERE ] player 1 placing token on slot 5
[16:18:16.365] [SEVERE ] player 4 placing token on slot 2
[16:18:16.595] [SEVERE ] updating countdown to 42812
[16:18:16.597] [SEVERE ] removing player 2 token from slot 11
[16:18:16.599] [SEVERE ] removing player 2 token from slot 9
[16:18:16.599] [SEVERE ] removing player 2 token from slot 8
[16:18:17.356] [SEVERE ] setting player 3 freeze to 1000
[16:18:17.373] [SEVERE ] player 1 placing token on slot 8
[16:18:17.373] [SEVERE ] setting player 2 freeze to 3000
[16:18:17.389] [SEVERE ] player 4 placing token on slot 6
[16:18:17.603] [SEVERE ] updating countdown to 41804
[16:18:18.359] [SEVERE ] setting player 3 freeze to 0
[16:18:18.378] [SEVERE ] setting player 2 freeze to 2000
[16:18:18.380] [SEVERE ] player 1 placing token on slot 11
[16:18:18.407] [SEVERE ] player 4 placing token on slot 5
[16:18:18.606] [SEVERE ] updating countdown to 40801
[16:18:18.606] [SEVERE ] removing player 1 token from slot 5
[16:18:18.607] [SEVERE ] removing player 1 token from slot 8
[16:18:18.608] [SEVERE ] removing player 1 token from slot 11
[16:18:19.382] [SEVERE ] setting player 2 freeze to 1000
[16:18:19.398] [SEVERE ] setting player 1 freeze to 3000
[16:18:20.393] [SEVERE ] setting player 2 freeze to 0
[16:18:20.394] [SEVERE ] removing player 4 token from slot 2
[16:18:20.395] [SEVERE ] removing tokens from slot 2
[16:18:20.395] [SEVERE ] removing card from slot 2
[16:18:20.395] [SEVERE ] player 3 placing token on slot 6
[16:18:20.413] [SEVERE ] setting player 1 freeze to 2000
[16:18:21.416] [SEVERE ] setting player 1 freeze to 1000
[16:18:22.429] [SEVERE ] setting player 1 freeze to 0
[16:18:22.432] [SEVERE ] player 2 placing token on slot 0
[16:18:22.433] [SEVERE ] player 3 placing token on slot 5
[16:18:22.434] [SEVERE ] removing player 3 token from slot 6
[16:18:22.435] [SEVERE ] removing player 4 token from slot 6
[16:18:22.435] [SEVERE ] removing tokens from slot 6
[16:18:22.436] [SEVERE ] removing card from slot 6
[16:18:22.546] [SEVERE ] removing player 3 token from slot 5
[16:18:22.546] [SEVERE ] removing player 4 token from slot 5
[16:18:22.546] [SEVERE ] removing tokens from slot 5
[16:18:22.546] [SEVERE ] removing card from slot 5
[16:18:22.546] [SEVERE ] setting player 4 score to 1
[16:18:22.546] [SEVERE ] setting player 4 freeze to 1000
[16:18:22.663] [SEVERE ] placing card 49 in slot 5
[16:18:22.773] [SEVERE ] placing card 33 in slot 2
[16:18:22.883] [SEVERE ] placing card 50 in slot 6
[16:18:23.433] [SEVERE ] player 1 placing token on slot 2
[16:18:23.454] [SEVERE ] player 3 placing token on slot 2
[16:18:23.456] [SEVERE ] player 2 placing token on slot 2
[16:18:23.550] [SEVERE ] setting player 4 freeze to 0
[16:18:23.891] [SEVERE ] updating countdown to 35516
[16:18:24.444] [SEVERE ] player 1 placing token on slot 1
[16:18:24.458] [SEVERE ] player 3 placing token on slot 1
[16:18:24.466] [SEVERE ] player 2 placing token on slot 7
[16:18:24.564] [SEVERE ] player 4 placing token on slot 5
[16:18:24.897] [SEVERE ] updating countdown to 34510
[16:18:24.897] [SEVERE ] removing player 2 token from slot 0
[16:18:24.898] [SEVERE ] removing player 2 token from slot 2
[16:18:24.898] [SEVERE ] removing player 2 token from slot 7
[16:18:25.459] [SEVERE ] player 1 placing token on slot 3
[16:18:25.472] [SEVERE ] player 3 placing token on slot 8
[16:18:25.472] [SEVERE ] setting player 2 freeze to 3000
[16:18:25.572] [SEVERE ] player 4 placing token on slot 0
[16:18:25.909] [SEVERE ] updating countdown to 33498
[16:18:25.909] [SEVERE ] removing player 1 token from slot 2
[16:18:25.909] [SEVERE ] removing player 1 token from slot 1
[16:18:25.909] [SEVERE ] removing player 1 token from slot 3
[16:18:25.909] [SEVERE ] removing player 3 token from slot 2
[16:18:25.909] [SEVERE ] removing player 3 token from slot 1
[16:18:25.909] [SEVERE ] removing player 3 token from slot 8
[16:18:26.476] [SEVERE ] setting player 2 freeze to 2000
[16:18:26.476] [SEVERE ] setting player 1 freeze to 3000
[16:18:26.492] [SEVERE ] setting player 3 freeze to 3000
[16:18:26.576] [SEVERE ] player 4 placing token on slot 4
[16:18:26.924] [SEVERE ] updating countdown to 32483
[16:18:26.924] [SEVERE ] removing player 4 token from slot 5
[16:18:26.924] [SEVERE ] removing player 4 token from slot 0
[16:18:26.924] [SEVERE ] removing player 4 token from slot 4
[16:18:27.491] [SEVERE ] setting player 1 freeze to 2000
[16:18:27.491] [SEVERE ] setting player 2 freeze to 1000
[16:18:27.506] [SEVERE ] setting player 3 freeze to 2000
[16:18:27.585] [SEVERE ] setting player 4 freeze to 3000
[16:18:27.936] [SEVERE ] updating countdown to 31471
[16:18:28.501] [SEVERE ] setting player 2 freeze to 0
[16:18:28.501] [SEVERE ] setting player 1 freeze to 1000
[16:18:28.516] [SEVERE ] setting player 3 freeze to 1000
[16:18:28.591] [SEVERE ] setting player 4 freeze to 2000
[16:18:28.947] [SEVERE ] updating countdown to 30460
[16:18:29.511] [SEVERE ] setting player 1 freeze to 0
[16:18:29.513] [SEVERE ] player 2 placing token on slot 11
[16:18:29.524] [SEVERE ] setting player 3 freeze to 0
[16:18:29.599] [SEVERE ] setting player 4 freeze to 1000
[16:18:29.953] [SEVERE ] updating countdown to 29454
[16:18:30.518] [SEVERE ] player 2 placing token on slot 6
[16:18:30.519] [SEVERE ] player 1 placing token on slot 3
[16:18:30.540] [SEVERE ] player 3 placing token on slot 10
[16:18:30.604] [SEVERE ] setting player 4 freeze to 0
[16:18:30.954] [SEVERE ] updating countdown to 28453
[16:18:31.537] [SEVERE ] removing player 1 token from slot 3
[16:18:31.539] [SEVERE ] player 2 placing token on slot 10
[16:18:31.561] [SEVERE ] player 3 placing token on slot 6
[16:18:31.611] [SEVERE ] player 4 placing token on slot 0
[16:18:31.962] [SEVERE ] updating countdown to 27445
[16:18:31.962] [SEVERE ] removing player 2 token from slot 11
[16:18:31.962] [SEVERE ] removing player 2 token from slot 6
[16:18:31.962] [SEVERE ] removing player 2 token from slot 10
[16:18:32.555] [SEVERE ] setting player 2 freeze to 3000
[16:18:32.555] [SEVERE ] player 1 placing token on slot 10
[16:18:32.578] [SEVERE ] player 3 placing token on slot 9
[16:18:32.630] [SEVERE ] player 4 placing token on slot 9
[16:18:32.970] [SEVERE ] updating countdown to 26437
[16:18:32.970] [SEVERE ] removing player 3 token from slot 10
[16:18:32.970] [SEVERE ] removing player 3 token from slot 6
[16:18:32.972] [SEVERE ] removing player 3 token from slot 9
[16:18:33.560] [SEVERE ] setting player 2 freeze to 2000
[16:18:33.561] [SEVERE ] player 1 placing token on slot 8
[16:18:33.594] [SEVERE ] setting player 3 freeze to 3000
[16:18:33.647] [SEVERE ] player 4 placing token on slot 7
[16:18:33.986] [SEVERE ] updating countdown to 25421
[16:18:33.986] [SEVERE ] removing player 4 token from slot 0
[16:18:33.987] [SEVERE ] removing player 4 token from slot 9
[16:18:33.987] [SEVERE ] removing player 4 token from slot 7
[16:18:34.568] [SEVERE ] setting player 2 freeze to 1000
[16:18:34.568] [SEVERE ] player 1 placing token on slot 5
[16:18:34.599] [SEVERE ] setting player 3 freeze to 2000
[16:18:34.657] [SEVERE ] setting player 4 freeze to 3000
[16:18:34.998] [SEVERE ] updating countdown to 24409
[16:18:34.998] [SEVERE ] removing player 1 token from slot 10
[16:18:34.998] [SEVERE ] removing player 1 token from slot 8
[16:18:34.998] [SEVERE ] removing player 1 token from slot 5
[16:18:35.580] [SEVERE ] setting player 2 freeze to 0
[16:18:35.581] [SEVERE ] setting player 1 freeze to 3000
[16:18:35.611] [SEVERE ] setting player 3 freeze to 1000
[16:18:35.667] [SEVERE ] setting player 4 freeze to 2000
[16:18:36.005] [SEVERE ] updating countdown to 23402
[16:18:36.587] [SEVERE ] setting player 1 freeze to 2000
[16:18:36.587] [SEVERE ] player 2 placing token on slot 8
[16:18:36.629] [SEVERE ] setting player 3 freeze to 0
[16:18:36.670] [SEVERE ] setting player 4 freeze to 1000
[16:18:37.007] [SEVERE ] updating countdown to 22400
[16:18:37.590] [SEVERE ] setting player 1 freeze to 1000
[16:18:37.605] [SEVERE ] player 2 placing token on slot 5
[16:18:37.633] [SEVERE ] player 3 placing token on slot 7
[16:18:37.688] [SEVERE ] setting player 4 freeze to 0
[16:18:38.020] [SEVERE ] updating countdown to 21387
[16:18:38.600] [SEVERE ] setting player 1 freeze to 0
[16:18:38.618] [SEVERE ] removing player 2 token from slot 8
[16:18:38.657] [SEVERE ] player 3 placing token on slot 1
[16:18:38.700] [SEVERE ] player 4 placing token on slot 2
[16:18:39.035] [SEVERE ] updating countdown to 20372
[16:18:39.603] [SEVERE ] player 1 placing token on slot 4
[16:18:39.629] [SEVERE ] player 2 placing token on slot 0
[16:18:39.665] [SEVERE ] removing player 3 token from slot 1
[16:18:39.710] [SEVERE ] player 4 placing token on slot 9
[16:18:40.039] [SEVERE ] updating countdown to 19368
[16:18:40.620] [SEVERE ] removing player 1 token from slot 4
[16:18:40.641] [SEVERE ] player 2 placing token on slot 3
[16:18:40.676] [SEVERE ] player 3 placing token on slot 0
[16:18:40.724] [SEVERE ] player 4 placing token on slot 11
[16:18:41.043] [SEVERE ] updating countdown to 18364
[16:18:41.043] [SEVERE ] removing player 2 token from slot 5
[16:18:41.043] [SEVERE ] removing player 2 token from slot 0
[16:18:41.043] [SEVERE ] removing player 2 token from slot 3
[16:18:41.043] [SEVERE ] removing player 4 token from slot 2
[16:18:41.043] [SEVERE ] removing player 4 token from slot 9
[16:18:41.043] [SEVERE ] removing player 4 token from slot 11
[16:18:41.626] [SEVERE ] player 1 placing token on slot 4
[16:18:41.649] [SEVERE ] setting player 2 freeze to 3000
[16:18:41.688] [SEVERE ] player 3 placing token on slot 2
[16:18:41.739] [SEVERE ] setting player 4 freeze to 3000
[16:18:42.054] [SEVERE ] updating countdown to 17353
[16:18:42.054] [SEVERE ] removing player 3 token from slot 7
[16:18:42.054] [SEVERE ] removing player 3 token from slot 0
[16:18:42.058] [SEVERE ] removing player 3 token from slot 2
[16:18:42.638] [SEVERE ] player 1 placing token on slot 2
[16:18:42.652] [SEVERE ] setting player 2 freeze to 2000
[16:18:42.697] [SEVERE ] setting player 3 freeze to 3000
[16:18:42.750] [SEVERE ] setting player 4 freeze to 2000
[16:18:43.068] [SEVERE ] updating countdown to 16339
[16:18:43.649] [SEVERE ] player 1 placing token on slot 7
[16:18:43.655] [SEVERE ] setting player 2 freeze to 1000
[16:18:43.707] [SEVERE ] setting player 3 freeze to 2000
[16:18:43.763] [SEVERE ] setting player 4 freeze to 1000
[16:18:44.080] [SEVERE ] updating countdown to 15327
[16:18:44.080] [SEVERE ] removing player 1 token from slot 4
[16:18:44.080] [SEVERE ] removing player 1 token from slot 2
[16:18:44.080] [SEVERE ] removing player 1 token from slot 7
[16:18:44.656] [SEVERE ] setting player 2 freeze to 0
[16:18:44.671] [SEVERE ] setting player 1 freeze to 3000
[16:18:44.709] [SEVERE ] setting player 3 freeze to 1000
[16:18:44.774] [SEVERE ] setting player 4 freeze to 0
[16:18:45.093] [SEVERE ] updating countdown to 14314
[16:18:45.660] [SEVERE ] player 2 placing token on slot 8
[16:18:45.675] [SEVERE ] setting player 1 freeze to 2000
[16:18:45.720] [SEVERE ] setting player 3 freeze to 0
[16:18:45.793] [SEVERE ] player 4 placing token on slot 8
[16:18:46.099] [SEVERE ] updating countdown to 13308
[16:18:46.671] [SEVERE ] player 2 placing token on slot 3
[16:18:46.685] [SEVERE ] setting player 1 freeze to 1000
[16:18:46.735] [SEVERE ] player 3 placing token on slot 3
[16:18:46.811] [SEVERE ] player 4 placing token on slot 0
[16:18:47.104] [SEVERE ] updating countdown to 12303
[16:18:47.690] [SEVERE ] setting player 1 freeze to 0
[16:18:47.691] [SEVERE ] player 2 placing token on slot 6
[16:18:47.753] [SEVERE ] player 3 placing token on slot 5
[16:18:47.831] [SEVERE ] player 4 placing token on slot 2
[16:18:48.110] [SEVERE ] updating countdown to 11297
[16:18:48.119] [SEVERE ] removing player 2 token from slot 8
[16:18:48.120] [SEVERE ] removing player 2 token from slot 3
[16:18:48.121] [SEVERE ] removing player 2 token from slot 6
[16:18:48.122] [SEVERE ] removing player 4 token from slot 8
[16:18:48.123] [SEVERE ] removing player 4 token from slot 0
[16:18:48.124] [SEVERE ] removing player 4 token from slot 2
[16:18:48.705] [SEVERE ] setting player 2 freeze to 3000
[16:18:48.706] [SEVERE ] player 1 placing token on slot 4
[16:18:48.767] [SEVERE ] player 3 placing token on slot 6
[16:18:48.844] [SEVERE ] setting player 4 freeze to 3000
[16:18:49.131] [SEVERE ] updating countdown to 10276
[16:18:49.133] [SEVERE ] removing player 3 token from slot 3
[16:18:49.135] [SEVERE ] removing player 3 token from slot 5
[16:18:49.136] [SEVERE ] removing player 3 token from slot 6
[16:18:49.709] [SEVERE ] setting player 2 freeze to 2000
[16:18:49.712] [SEVERE ] player 1 placing token on slot 10
[16:18:49.774] [SEVERE ] setting player 3 freeze to 3000
[16:18:49.850] [SEVERE ] setting player 4 freeze to 2000
[16:18:50.148] [SEVERE ] updating countdown to 9259
[16:18:50.715] [SEVERE ] setting player 2 freeze to 1000
[16:18:50.717] [SEVERE ] player 1 placing token on slot 1
[16:18:50.776] [SEVERE ] setting player 3 freeze to 2000
[16:18:50.854] [SEVERE ] setting player 4 freeze to 1000
[16:18:51.153] [SEVERE ] updating countdown to 8254
[16:18:51.157] [SEVERE ] removing player 1 token from slot 4
[16:18:51.158] [SEVERE ] removing player 1 token from slot 10
[16:18:51.160] [SEVERE ] removing player 1 token from slot 1
[16:18:51.731] [SEVERE ] setting player 2 freeze to 0
[16:18:51.735] [SEVERE ] setting player 1 freeze to 3000
[16:18:51.777] [SEVERE ] setting player 3 freeze to 1000
[16:18:51.870] [SEVERE ] setting player 4 freeze to 0
[16:18:52.175] [SEVERE ] updating countdown to 7232
[16:18:52.749] [SEVERE ] setting player 1 freeze to 2000
[16:18:52.751] [SEVERE ] player 2 placing token on slot 10
[16:18:52.780] [SEVERE ] setting player 3 freeze to 0
[16:18:52.876] [SEVERE ] player 4 placing token on slot 8
[16:18:53.185] [SEVERE ] updating countdown to 6222
[16:18:53.764] [SEVERE ] setting player 1 freeze to 1000
[16:18:53.766] [SEVERE ] player 2 placing token on slot 4
[16:18:53.794] [SEVERE ] player 3 placing token on slot 9
[16:18:53.889] [SEVERE ] player 4 placing token on slot 0
[16:18:54.199] [SEVERE ] updating countdown to 5208
[16:18:54.779] [SEVERE ] setting player 1 freeze to 0
[16:18:54.782] [SEVERE ] player 2 placing token on slot 1
[16:18:54.812] [SEVERE ] player 3 placing token on slot 2
[16:18:54.905] [SEVERE ] player 4 placing token on slot 5
[16:18:55.205] [SEVERE ] removing player 2 token from slot 10
[16:18:55.206] [SEVERE ] removing player 2 token from slot 4
[16:18:55.206] [SEVERE ] removing player 2 token from slot 1
[16:18:55.208] [SEVERE ] removing player 4 token from slot 8
[16:18:55.209] [SEVERE ] removing player 4 token from slot 0
[16:18:55.209] [SEVERE ] removing player 4 token from slot 5
[16:18:55.798] [SEVERE ] setting player 2 freeze to 3000
[16:18:55.800] [SEVERE ] player 1 placing token on slot 11
[16:18:55.832] [SEVERE ] player 3 placing token on slot 8
[16:18:55.833] [SEVERE ] removing player 3 token from slot 9
[16:18:55.834] [SEVERE ] removing player 3 token from slot 2
[16:18:55.834] [SEVERE ] removing player 3 token from slot 8
[16:18:55.834] [SEVERE ] setting player 3 freeze to 3000
[16:18:55.910] [SEVERE ] setting player 4 freeze to 3000
[16:18:56.407] [SEVERE ] updating countdown to 3000
[16:18:56.806] [SEVERE ] setting player 2 freeze to 2000
[16:18:56.824] [SEVERE ] player 1 placing token on slot 0
[16:18:56.837] [SEVERE ] setting player 3 freeze to 2000
[16:18:56.916] [SEVERE ] setting player 4 freeze to 2000
