[17:26:05.890] [INFO   ] thread bguspl.set.Main.main() starting.
[17:26:05.890] [SEVERE ] cannot read configuration file config.properties trying from resources.
[17:26:05.890] [SEVERE ] configuration file was loaded from resources directory.
[17:26:06.509] [INFO   ] thread dealer starting.
[17:26:06.516] [INFO   ] thread dealer starting.
[17:26:06.516] [INFO   ] thread Thread-1 starting.
[17:26:06.516] [INFO   ] thread Thread-2 starting.
[17:26:06.519] [INFO   ] thread computer-1 starting.
[17:26:06.526] [SEVERE ] updating countdown to 20000
[17:26:06.637] [SEVERE ] placing card 26 in slot 11
[17:26:06.748] [SEVERE ] placing card 45 in slot 6
[17:26:06.859] [SEVERE ] placing card 48 in slot 10
[17:26:06.970] [SEVERE ] placing card 0 in slot 0
[17:26:07.071] [SEVERE ] placing card 67 in slot 2
[17:26:07.181] [SEVERE ] placing card 32 in slot 4
[17:26:07.292] [SEVERE ] placing card 77 in slot 5
[17:26:07.407] [SEVERE ] placing card 76 in slot 7
[17:26:07.509] [SEVERE ] placing card 10 in slot 8
[17:26:07.618] [SEVERE ] placing card 8 in slot 9
[17:26:07.728] [SEVERE ] placing card 3 in slot 3
[17:26:07.838] [SEVERE ] placing card 52 in slot 1
[17:26:08.527] [SEVERE ] player 2 placing token on slot 8
[17:26:08.845] [SEVERE ] updating countdown to 19993
[17:26:09.534] [SEVERE ] player 2 placing token on slot 5
[17:26:09.858] [SEVERE ] updating countdown to 18980
[17:26:10.548] [SEVERE ] player 2 placing token on slot 2
[17:26:10.873] [SEVERE ] updating countdown to 17965
[17:26:10.873] [SEVERE ] removing player 2 token from slot 8
[17:26:10.873] [SEVERE ] removing player 2 token from slot 5
[17:26:10.873] [SEVERE ] removing player 2 token from slot 2
[17:26:10.873] [SEVERE ] setting player 2 freeze to 3000
[17:26:11.883] [SEVERE ] setting player 2 freeze to 2000
[17:26:11.883] [SEVERE ] updating countdown to 16955
[17:26:12.887] [SEVERE ] setting player 2 freeze to 1000
[17:26:12.887] [SEVERE ] updating countdown to 15951
[17:26:13.890] [SEVERE ] updating countdown to 14948
[17:26:13.890] [SEVERE ] setting player 2 freeze to 0
[17:26:14.895] [SEVERE ] updating countdown to 13943
[17:26:14.895] [SEVERE ] player 2 placing token on slot 3
[17:26:15.903] [SEVERE ] updating countdown to 12935
[17:26:15.903] [SEVERE ] player 2 placing token on slot 6
[17:26:16.917] [SEVERE ] updating countdown to 11921
[17:26:16.917] [SEVERE ] player 2 placing token on slot 8
[17:26:17.930] [SEVERE ] updating countdown to 10908
[17:26:17.930] [SEVERE ] removing player 2 token from slot 3
[17:26:17.930] [SEVERE ] removing player 2 token from slot 6
[17:26:17.930] [SEVERE ] removing player 2 token from slot 8
[17:26:17.930] [SEVERE ] setting player 2 freeze to 3000
[17:26:18.608] [SEVERE ] key 82 was pressed by player 1
[17:26:18.608] [SEVERE ] player 1 placing token on slot 3
[17:26:18.941] [SEVERE ] setting player 2 freeze to 2000
[17:26:18.941] [SEVERE ] updating countdown to 9897
[17:26:19.945] [SEVERE ] setting player 2 freeze to 1000
[17:26:19.945] [SEVERE ] updating countdown to 8893
[17:26:20.008] [SEVERE ] key 86 was pressed by player 1
[17:26:20.008] [SEVERE ] player 1 placing token on slot 11
[17:26:20.602] [SEVERE ] key 90 was pressed by player 1
[17:26:20.603] [SEVERE ] player 1 placing token on slot 8
[17:26:20.959] [SEVERE ] setting player 2 freeze to 0
[17:26:20.959] [SEVERE ] updating countdown to 7879
[17:26:21.069] [SEVERE ] removing player 1 token from slot 3
[17:26:21.069] [SEVERE ] removing tokens from slot 3
[17:26:21.069] [SEVERE ] removing card from slot 3
[17:26:21.191] [SEVERE ] removing player 1 token from slot 11
[17:26:21.191] [SEVERE ] removing tokens from slot 11
[17:26:21.191] [SEVERE ] removing card from slot 11
[17:26:21.301] [SEVERE ] removing player 1 token from slot 8
[17:26:21.301] [SEVERE ] removing tokens from slot 8
[17:26:21.301] [SEVERE ] removing card from slot 8
[17:26:21.303] [SEVERE ] setting player 1 score to 1
[17:26:21.303] [SEVERE ] setting player 1 freeze to 1000
[17:26:21.412] [SEVERE ] placing card 79 in slot 11
[17:26:21.521] [SEVERE ] placing card 13 in slot 8
[17:26:21.631] [SEVERE ] placing card 33 in slot 3
[17:26:21.960] [SEVERE ] player 2 placing token on slot 9
[17:26:22.317] [SEVERE ] setting player 1 freeze to 0
[17:26:22.646] [SEVERE ] updating countdown to 6192
[17:26:22.975] [SEVERE ] player 2 placing token on slot 5
[17:26:23.659] [SEVERE ] updating countdown to 5179
[17:26:23.983] [SEVERE ] player 2 placing token on slot 11
[17:26:24.674] [SEVERE ] removing player 2 token from slot 9
[17:26:24.674] [SEVERE ] removing player 2 token from slot 5
[17:26:24.674] [SEVERE ] removing player 2 token from slot 11
[17:26:24.674] [SEVERE ] setting player 2 freeze to 3000
[17:26:25.682] [SEVERE ] setting player 2 freeze to 2000
[17:26:26.687] [SEVERE ] setting player 2 freeze to 1000
[17:26:27.691] [SEVERE ] setting player 2 freeze to 0
[17:26:28.697] [SEVERE ] player 2 placing token on slot 11
[17:26:28.849] [SEVERE ] updating countdown to 20000
[17:26:28.958] [SEVERE ] removing player 2 token from slot 11
[17:26:28.958] [SEVERE ] removing tokens from slot 11
[17:26:28.958] [SEVERE ] removing card from slot 11
[17:26:29.068] [SEVERE ] removing tokens from slot 6
[17:26:29.068] [SEVERE ] removing card from slot 6
[17:26:29.178] [SEVERE ] removing tokens from slot 10
[17:26:29.178] [SEVERE ] removing card from slot 10
[17:26:29.272] [SEVERE ] key 70 was pressed by player 1
[17:26:29.281] [SEVERE ] player 1 placing token on slot 7
[17:26:29.283] [SEVERE ] removing tokens from slot 0
[17:26:29.283] [SEVERE ] removing card from slot 0
[17:26:29.332] [SEVERE ] key 81 was pressed by player 1
[17:26:29.391] [SEVERE ] removing tokens from slot 2
[17:26:29.391] [SEVERE ] removing card from slot 2
[17:26:29.469] [SEVERE ] key 87 was pressed by player 1
[17:26:29.469] [SEVERE ] player 1 placing token on slot 1
[17:26:29.469] [SEVERE ] key 70 was pressed by player 1
[17:26:29.469] [SEVERE ] removing player 1 token from slot 7
[17:26:29.500] [SEVERE ] removing tokens from slot 4
[17:26:29.500] [SEVERE ] removing card from slot 4
[17:26:29.548] [SEVERE ] key 81 was pressed by player 1
[17:26:29.611] [SEVERE ] removing tokens from slot 5
[17:26:29.611] [SEVERE ] removing card from slot 5
[17:26:29.658] [SEVERE ] key 87 was pressed by player 1
[17:26:29.673] [SEVERE ] removing player 1 token from slot 1
[17:26:29.673] [SEVERE ] key 70 was pressed by player 1
[17:26:29.673] [SEVERE ] player 1 placing token on slot 7
[17:26:29.706] [SEVERE ] player 2 placing token on slot 9
[17:26:29.719] [SEVERE ] removing player 1 token from slot 7
[17:26:29.720] [SEVERE ] removing tokens from slot 7
[17:26:29.720] [SEVERE ] removing card from slot 7
[17:26:29.764] [SEVERE ] key 81 was pressed by player 1
[17:26:29.835] [SEVERE ] removing tokens from slot 8
[17:26:29.835] [SEVERE ] removing card from slot 8
[17:26:29.835] [SEVERE ] key 87 was pressed by player 1
[17:26:29.851] [SEVERE ] player 1 placing token on slot 1
[17:26:29.851] [SEVERE ] key 70 was pressed by player 1
[17:26:29.932] [SEVERE ] key 81 was pressed by player 1
[17:26:29.942] [SEVERE ] removing player 2 token from slot 9
[17:26:29.942] [SEVERE ] removing tokens from slot 9
[17:26:29.942] [SEVERE ] removing card from slot 9
[17:26:30.026] [SEVERE ] key 70 was pressed by player 1
[17:26:30.031] [SEVERE ] key 87 was pressed by player 1
[17:26:30.031] [SEVERE ] removing player 1 token from slot 1
[17:26:30.046] [SEVERE ] removing tokens from slot 3
[17:26:30.046] [SEVERE ] removing card from slot 3
[17:26:30.089] [SEVERE ] key 81 was pressed by player 1
[17:26:30.157] [SEVERE ] removing tokens from slot 1
[17:26:30.157] [SEVERE ] removing card from slot 1
[17:26:30.157] [SEVERE ] updating countdown to 20000
[17:26:30.220] [SEVERE ] key 70 was pressed by player 1
[17:26:30.251] [SEVERE ] key 87 was pressed by player 1
[17:26:30.267] [SEVERE ] placing card 16 in slot 11
[17:26:30.267] [SEVERE ] key 81 was pressed by player 1
[17:26:30.376] [SEVERE ] placing card 37 in slot 6
[17:26:30.408] [SEVERE ] key 87 was pressed by player 1
[17:26:30.424] [SEVERE ] key 70 was pressed by player 1
[17:26:30.486] [SEVERE ] placing card 66 in slot 10
[17:26:30.499] [SEVERE ] key 81 was pressed by player 1
[17:26:30.581] [SEVERE ] key 87 was pressed by player 1
[17:26:30.596] [SEVERE ] placing card 56 in slot 0
[17:26:30.612] [SEVERE ] key 70 was pressed by player 1
[17:26:30.707] [SEVERE ] placing card 49 in slot 2
[17:26:30.708] [SEVERE ] key 81 was pressed by player 1
[17:26:30.708] [SEVERE ] player 1 placing token on slot 0
[17:26:30.781] [SEVERE ] key 70 was pressed by player 1
[17:26:30.799] [SEVERE ] key 87 was pressed by player 1
[17:26:30.813] [SEVERE ] placing card 63 in slot 4
[17:26:30.923] [SEVERE ] placing card 33 in slot 5
[17:26:30.923] [SEVERE ] key 81 was pressed by player 1
[17:26:30.929] [SEVERE ] removing player 1 token from slot 0
[17:26:31.003] [SEVERE ] key 87 was pressed by player 1
[17:26:31.035] [SEVERE ] placing card 80 in slot 7
[17:26:31.100] [SEVERE ] key 81 was pressed by player 1
[17:26:31.100] [SEVERE ] player 1 placing token on slot 0
[17:26:31.152] [SEVERE ] placing card 74 in slot 8
[17:26:31.235] [SEVERE ] key 87 was pressed by player 1
[17:26:31.266] [SEVERE ] placing card 0 in slot 9
[17:26:31.313] [SEVERE ] key 81 was pressed by player 1
[17:26:31.314] [SEVERE ] removing player 1 token from slot 0
[17:26:31.376] [SEVERE ] placing card 11 in slot 3
[17:26:31.425] [SEVERE ] key 87 was pressed by player 1
[17:26:31.487] [SEVERE ] placing card 15 in slot 1
[17:26:31.723] [SEVERE ] player 2 placing token on slot 2
[17:26:32.494] [SEVERE ] updating countdown to 19993
[17:26:32.729] [SEVERE ] player 2 placing token on slot 3
[17:26:33.502] [SEVERE ] updating countdown to 18985
[17:26:33.737] [SEVERE ] player 2 placing token on slot 11
[17:26:34.515] [SEVERE ] updating countdown to 17972
[17:26:34.515] [SEVERE ] removing player 2 token from slot 2
[17:26:34.515] [SEVERE ] removing player 2 token from slot 3
[17:26:34.515] [SEVERE ] removing player 2 token from slot 11
[17:26:34.515] [SEVERE ] setting player 2 freeze to 3000
[17:26:35.523] [SEVERE ] updating countdown to 16964
[17:26:35.523] [SEVERE ] setting player 2 freeze to 2000
[17:26:36.527] [SEVERE ] updating countdown to 15960
[17:26:36.527] [SEVERE ] setting player 2 freeze to 1000
[17:26:37.529] [SEVERE ] setting player 2 freeze to 0
[17:26:37.529] [SEVERE ] updating countdown to 14958
[17:26:38.532] [SEVERE ] updating countdown to 13955
[17:26:38.532] [SEVERE ] player 2 placing token on slot 10
[17:26:39.540] [SEVERE ] updating countdown to 12947
[17:26:39.540] [SEVERE ] player 2 placing token on slot 9
[17:26:40.555] [SEVERE ] updating countdown to 11932
[17:26:40.556] [SEVERE ] player 2 placing token on slot 4
[17:26:41.571] [SEVERE ] updating countdown to 10916
[17:26:41.571] [SEVERE ] removing player 2 token from slot 10
[17:26:41.571] [SEVERE ] removing player 2 token from slot 9
[17:26:41.571] [SEVERE ] removing player 2 token from slot 4
[17:26:41.571] [SEVERE ] setting player 2 freeze to 3000
[17:26:42.578] [SEVERE ] updating countdown to 9909
[17:26:42.578] [SEVERE ] setting player 2 freeze to 2000
[17:26:43.581] [SEVERE ] setting player 2 freeze to 1000
[17:26:43.581] [SEVERE ] updating countdown to 8906
[17:26:44.598] [SEVERE ] updating countdown to 7889
[17:26:44.598] [SEVERE ] setting player 2 freeze to 0
[17:26:45.601] [SEVERE ] updating countdown to 6886
[17:26:45.601] [SEVERE ] player 2 placing token on slot 10
[17:26:46.609] [SEVERE ] updating countdown to 5878
[17:26:46.609] [SEVERE ] player 2 placing token on slot 4
[17:26:47.620] [SEVERE ] player 2 placing token on slot 0
[17:26:47.620] [SEVERE ] removing player 2 token from slot 10
[17:26:47.620] [SEVERE ] removing player 2 token from slot 4
[17:26:47.620] [SEVERE ] removing player 2 token from slot 0
[17:26:47.620] [SEVERE ] setting player 2 freeze to 3000
[17:26:48.631] [SEVERE ] setting player 2 freeze to 2000
[17:26:49.636] [SEVERE ] setting player 2 freeze to 1000
[17:26:50.641] [SEVERE ] setting player 2 freeze to 0
[17:26:51.642] [SEVERE ] player 2 placing token on slot 0
[17:26:51.925] [SEVERE ] key 85 was pressed by player 2
[17:26:51.925] [SEVERE ] removing player 2 token from slot 0
[17:26:52.166] [SEVERE ] key 85 was pressed by player 2
[17:26:52.166] [SEVERE ] player 2 placing token on slot 0
[17:26:52.328] [SEVERE ] key 85 was pressed by player 2
[17:26:52.328] [SEVERE ] removing player 2 token from slot 0
[17:26:52.498] [SEVERE ] updating countdown to 20000
[17:26:52.608] [SEVERE ] removing tokens from slot 11
[17:26:52.608] [SEVERE ] removing card from slot 11
[17:26:52.655] [SEVERE ] player 2 placing token on slot 0
[17:26:52.720] [SEVERE ] removing tokens from slot 6
[17:26:52.720] [SEVERE ] removing card from slot 6
[17:26:52.821] [SEVERE ] removing tokens from slot 10
[17:26:52.821] [SEVERE ] removing card from slot 10
[17:26:52.931] [SEVERE ] removing player 2 token from slot 0
[17:26:52.931] [SEVERE ] removing tokens from slot 0
[17:26:52.931] [SEVERE ] removing card from slot 0
[17:26:53.036] [SEVERE ] removing tokens from slot 2
[17:26:53.036] [SEVERE ] removing card from slot 2
[17:26:53.146] [SEVERE ] removing tokens from slot 4
[17:26:53.146] [SEVERE ] removing card from slot 4
[17:26:53.208] [SEVERE ] key 69 was pressed by player 1
[17:26:53.255] [SEVERE ] removing tokens from slot 5
[17:26:53.255] [SEVERE ] removing card from slot 5
[17:26:53.365] [SEVERE ] removing tokens from slot 7
[17:26:53.365] [SEVERE ] removing card from slot 7
[17:26:53.475] [SEVERE ] removing tokens from slot 8
[17:26:53.475] [SEVERE ] removing card from slot 8
[17:26:53.585] [SEVERE ] removing tokens from slot 9
[17:26:53.585] [SEVERE ] removing card from slot 9
[17:26:53.695] [SEVERE ] removing tokens from slot 3
[17:26:53.695] [SEVERE ] removing card from slot 3
[17:26:53.758] [SEVERE ] key 69 was pressed by player 1
[17:26:53.805] [SEVERE ] removing tokens from slot 1
[17:26:53.805] [SEVERE ] removing card from slot 1
[17:26:53.805] [SEVERE ] updating countdown to 20000
[17:26:53.915] [SEVERE ] placing card 17 in slot 11
[17:26:54.009] [SEVERE ] key 69 was pressed by player 1
[17:26:54.024] [SEVERE ] placing card 80 in slot 6
[17:26:54.134] [SEVERE ] placing card 47 in slot 10
[17:26:54.244] [SEVERE ] placing card 28 in slot 0
[17:26:54.322] [SEVERE ] key 69 was pressed by player 1
[17:26:54.354] [SEVERE ] placing card 73 in slot 2
[17:26:54.464] [SEVERE ] placing card 72 in slot 4
[17:26:54.574] [SEVERE ] placing card 59 in slot 5
[17:26:54.574] [SEVERE ] key 69 was pressed by player 1
[17:26:54.580] [SEVERE ] player 1 placing token on slot 2
[17:26:54.669] [SEVERE ] player 2 placing token on slot 10
[17:26:54.684] [SEVERE ] placing card 79 in slot 7
[17:26:54.796] [SEVERE ] placing card 55 in slot 8
[17:26:54.828] [SEVERE ] key 69 was pressed by player 1
[17:26:54.829] [SEVERE ] removing player 1 token from slot 2
[17:26:54.897] [SEVERE ] placing card 69 in slot 9
[17:26:54.999] [SEVERE ] placing card 9 in slot 3
[17:26:55.078] [SEVERE ] key 69 was pressed by player 1
[17:26:55.078] [SEVERE ] player 1 placing token on slot 2
[17:26:55.112] [SEVERE ] placing card 21 in slot 1
[17:26:55.624] [SEVERE ] key 69 was pressed by player 1
[17:26:55.624] [SEVERE ] removing player 1 token from slot 2
[17:26:55.679] [SEVERE ] player 2 placing token on slot 4
[17:26:56.117] [SEVERE ] updating countdown to 19995
[17:26:56.241] [SEVERE ] key 69 was pressed by player 1
[17:26:56.248] [SEVERE ] player 1 placing token on slot 2
[17:26:56.688] [SEVERE ] player 2 placing token on slot 11
[17:26:56.839] [SEVERE ] key 69 was pressed by player 1
[17:26:56.839] [SEVERE ] removing player 1 token from slot 2
[17:26:57.125] [SEVERE ] updating countdown to 18987
[17:26:57.125] [SEVERE ] removing player 2 token from slot 10
[17:26:57.125] [SEVERE ] removing player 2 token from slot 4
[17:26:57.125] [SEVERE ] removing player 2 token from slot 11
[17:26:57.125] [SEVERE ] setting player 2 freeze to 3000
[17:26:58.129] [SEVERE ] setting player 2 freeze to 2000
[17:26:58.129] [SEVERE ] updating countdown to 17983
[17:26:59.134] [SEVERE ] setting player 2 freeze to 1000
[17:26:59.134] [SEVERE ] updating countdown to 16978
[17:27:00.139] [SEVERE ] setting player 2 freeze to 0
[17:27:00.139] [SEVERE ] updating countdown to 15973
[17:27:01.141] [SEVERE ] updating countdown to 14971
[17:27:01.141] [SEVERE ] player 2 placing token on slot 3
[17:27:02.148] [SEVERE ] updating countdown to 13964
[17:27:02.148] [SEVERE ] removing player 2 token from slot 3
