[14:13:06.608] [INFO   ] thread bguspl.set.Main.main() starting.
[14:13:06.608] [SEVERE ] cannot read configuration file config.properties trying from resources.
[14:13:06.624] [SEVERE ] configuration file was loaded from resources directory.
[14:13:07.575] [INFO   ] thread dealer starting.
[14:13:07.575] [INFO   ] thread dealer starting.
[14:13:07.575] [INFO   ] thread Thread-1 starting.
[14:13:07.575] [INFO   ] thread Thread-2 starting.
[14:13:07.588] [SEVERE ] updating countdown to 60000
[14:13:07.693] [SEVERE ] placing card 50 in slot 6
[14:13:07.801] [SEVERE ] placing card 27 in slot 9
[14:13:07.905] [SEVERE ] placing card 35 in slot 1
[14:13:08.009] [SEVERE ] placing card 39 in slot 10
[14:13:08.112] [SEVERE ] placing card 32 in slot 3
[14:13:08.224] [SEVERE ] placing card 63 in slot 8
[14:13:08.337] [SEVERE ] placing card 49 in slot 7
[14:13:08.446] [SEVERE ] placing card 4 in slot 11
[14:13:08.553] [SEVERE ] placing card 46 in slot 5
[14:13:08.667] [SEVERE ] placing card 69 in slot 4
[14:13:08.775] [SEVERE ] placing card 67 in slot 0
[14:13:08.877] [SEVERE ] placing card 48 in slot 2
[14:13:09.597] [SEVERE ] key 81 was pressed by player 1
[14:13:09.602] [SEVERE ] player 1 placing token on slot 0
[14:13:09.783] [SEVERE ] key 87 was pressed by player 1
[14:13:09.785] [SEVERE ] player 1 placing token on slot 1
[14:13:09.890] [SEVERE ] updating countdown to 59987
[14:13:09.990] [SEVERE ] key 69 was pressed by player 1
[14:13:09.991] [SEVERE ] player 1 placing token on slot 2
[14:13:10.891] [SEVERE ] updating countdown to 58986
[14:13:10.893] [SEVERE ] removing player 1 token from slot 0
[14:13:10.895] [SEVERE ] removing player 1 token from slot 1
[14:13:10.897] [SEVERE ] removing player 1 token from slot 2
[14:13:10.898] [SEVERE ] setting player 1 freeze to 3000
[14:13:11.169] [SEVERE ] key 81 was pressed by player 1
[14:13:11.898] [SEVERE ] updating countdown to 57979
[14:13:11.913] [SEVERE ] setting player 1 freeze to 2000
[14:13:12.905] [SEVERE ] updating countdown to 56972
[14:13:12.921] [SEVERE ] setting player 1 freeze to 1000
[14:13:13.911] [SEVERE ] updating countdown to 55966
[14:13:14.912] [SEVERE ] updating countdown to 54965
[14:13:15.917] [SEVERE ] updating countdown to 53960
[14:13:16.926] [SEVERE ] updating countdown to 52951
[14:13:17.932] [SEVERE ] updating countdown to 51945
[14:13:18.946] [SEVERE ] updating countdown to 50931
[14:13:19.947] [SEVERE ] updating countdown to 49930
[14:13:20.948] [SEVERE ] updating countdown to 48929
[14:13:21.950] [SEVERE ] updating countdown to 47927
[14:13:22.966] [SEVERE ] updating countdown to 46911
[14:13:23.966] [SEVERE ] updating countdown to 45911
[14:13:24.978] [SEVERE ] updating countdown to 44899
