[16:49:07.027] [INFO   ] thread bguspl.set.Main.main() starting.
[16:49:07.030] [SEVERE ] cannot read configuration file config.properties trying from resources.
[16:49:07.032] [SEVERE ] configuration file was loaded from resources directory.
[16:49:07.453] [INFO   ] thread dealer starting.
[16:49:07.453] [INFO   ] thread dealer starting.
[16:49:07.454] [INFO   ] thread Thread-1 starting.
[16:49:07.454] [INFO   ] thread Thread-3 starting.
[16:49:07.454] [INFO   ] thread Thread-2 starting.
[16:49:07.454] [INFO   ] thread Thread-4 starting.
[16:49:07.456] [INFO   ] thread computer-2 starting.
[16:49:07.456] [INFO   ] thread computer-3 starting.
[16:49:07.457] [SEVERE ] updating countdown to 1000
[16:49:07.567] [SEVERE ] placing card 29 in slot 4
[16:49:07.679] [SEVERE ] placing card 13 in slot 3
[16:49:07.790] [SEVERE ] placing card 16 in slot 9
[16:49:07.899] [SEVERE ] placing card 9 in slot 8
[16:49:08.009] [SEVERE ] placing card 1 in slot 10
[16:49:08.121] [SEVERE ] placing card 76 in slot 7
[16:49:08.232] [SEVERE ] placing card 37 in slot 6
[16:49:08.343] [SEVERE ] placing card 64 in slot 2
[16:49:08.454] [SEVERE ] placing card 57 in slot 5
[16:49:08.469] [SEVERE ] player 3 placing token on slot 8
[16:49:08.563] [SEVERE ] placing card 7 in slot 0
[16:49:08.674] [SEVERE ] placing card 66 in slot 11
[16:49:08.784] [SEVERE ] placing card 77 in slot 1
[16:49:08.784] [SEVERE ] updating countdown to 1000
[16:49:09.484] [SEVERE ] player 4 placing token on slot 0
[16:49:09.491] [SEVERE ] player 3 placing token on slot 0
[16:49:09.492] [SEVERE ] player 1 placing token on slot 0
[16:49:09.492] [SEVERE ] player 1 placing token on slot 4
[16:49:09.492] [SEVERE ] player 1 placing token on slot 5
[16:49:09.492] [SEVERE ] player 2 placing token on slot 0
[16:49:09.492] [SEVERE ] player 2 placing token on slot 4
[16:49:09.492] [SEVERE ] player 2 placing token on slot 5
[16:49:09.492] [SEVERE ] player 3 placing token on slot 4
[16:49:09.492] [SEVERE ] player 4 placing token on slot 4
[16:49:09.492] [SEVERE ] player 4 placing token on slot 5
[16:49:09.595] [SEVERE ] removing player 1 token from slot 0
[16:49:09.596] [SEVERE ] removing player 2 token from slot 0
[16:49:09.596] [SEVERE ] removing player 3 token from slot 0
[16:49:09.596] [SEVERE ] removing player 4 token from slot 0
[16:49:09.596] [SEVERE ] removing tokens from slot 0
[16:49:09.596] [SEVERE ] removing card from slot 0
[16:49:09.704] [SEVERE ] removing player 1 token from slot 4
[16:49:09.704] [SEVERE ] removing player 2 token from slot 4
[16:49:09.704] [SEVERE ] removing player 3 token from slot 4
[16:49:09.704] [SEVERE ] removing player 4 token from slot 4
[16:49:09.704] [SEVERE ] removing tokens from slot 4
[16:49:09.705] [SEVERE ] removing card from slot 4
[16:49:09.814] [SEVERE ] removing player 1 token from slot 5
[16:49:09.814] [SEVERE ] removing player 2 token from slot 5
[16:49:09.814] [SEVERE ] removing player 4 token from slot 5
[16:49:09.815] [SEVERE ] removing tokens from slot 5
[16:49:09.815] [SEVERE ] removing card from slot 5
[16:49:09.815] [SEVERE ] setting player 1 score to 1
[16:49:09.815] [SEVERE ] setting player 1 freeze to 1000
[16:49:09.924] [SEVERE ] placing card 63 in slot 4
[16:49:10.035] [SEVERE ] placing card 19 in slot 5
[16:49:10.146] [SEVERE ] placing card 44 in slot 0
[16:49:10.146] [SEVERE ] updating countdown to 1000
[16:49:10.257] [SEVERE ] removing tokens from slot 4
[16:49:10.257] [SEVERE ] removing card from slot 4
[16:49:10.368] [SEVERE ] removing tokens from slot 3
[16:49:10.368] [SEVERE ] removing card from slot 3
[16:49:10.478] [SEVERE ] removing tokens from slot 9
[16:49:10.478] [SEVERE ] removing card from slot 9
[16:49:10.588] [SEVERE ] removing player 3 token from slot 8
[16:49:10.588] [SEVERE ] removing tokens from slot 8
[16:49:10.588] [SEVERE ] removing card from slot 8
[16:49:10.698] [SEVERE ] removing tokens from slot 10
[16:49:10.698] [SEVERE ] removing card from slot 10
[16:49:10.809] [SEVERE ] removing tokens from slot 7
[16:49:10.809] [SEVERE ] removing card from slot 7
[16:49:10.825] [SEVERE ] setting player 1 freeze to 0
[16:49:10.825] [SEVERE ] updating countdown to 1000
[16:49:10.920] [SEVERE ] removing tokens from slot 6
[16:49:10.920] [SEVERE ] removing card from slot 6
[16:49:11.031] [SEVERE ] removing tokens from slot 2
[16:49:11.031] [SEVERE ] removing card from slot 2
[16:49:11.142] [SEVERE ] removing tokens from slot 5
[16:49:11.142] [SEVERE ] removing card from slot 5
[16:49:11.254] [SEVERE ] removing tokens from slot 0
[16:49:11.254] [SEVERE ] removing card from slot 0
[16:49:11.366] [SEVERE ] removing tokens from slot 11
[16:49:11.366] [SEVERE ] removing card from slot 11
[16:49:11.477] [SEVERE ] removing tokens from slot 1
[16:49:11.477] [SEVERE ] removing card from slot 1
[16:49:11.479] [SEVERE ] updating countdown to 1000
[16:49:11.589] [SEVERE ] placing card 12 in slot 4
[16:49:11.700] [SEVERE ] placing card 66 in slot 3
[16:49:11.811] [SEVERE ] placing card 46 in slot 9
[16:49:11.922] [SEVERE ] placing card 77 in slot 8
[16:49:12.032] [SEVERE ] placing card 49 in slot 10
[16:49:12.143] [SEVERE ] placing card 10 in slot 7
[16:49:12.255] [SEVERE ] placing card 28 in slot 6
[16:49:12.365] [SEVERE ] placing card 24 in slot 2
[16:49:12.476] [SEVERE ] placing card 4 in slot 5
[16:49:12.587] [SEVERE ] placing card 9 in slot 0
[16:49:12.697] [SEVERE ] placing card 78 in slot 11
[16:49:12.808] [SEVERE ] placing card 11 in slot 1
[16:49:12.808] [SEVERE ] updating countdown to 1000
[16:49:13.808] [SEVERE ] updating countdown to 1000
[16:49:13.916] [SEVERE ] removing tokens from slot 4
[16:49:13.916] [SEVERE ] removing card from slot 4
[16:49:14.028] [SEVERE ] removing tokens from slot 3
[16:49:14.028] [SEVERE ] removing card from slot 3
[16:49:14.139] [SEVERE ] removing tokens from slot 9
[16:49:14.139] [SEVERE ] removing card from slot 9
[16:49:14.251] [SEVERE ] removing tokens from slot 8
[16:49:14.251] [SEVERE ] removing card from slot 8
[16:49:14.361] [SEVERE ] removing tokens from slot 10
[16:49:14.361] [SEVERE ] removing card from slot 10
[16:49:14.473] [SEVERE ] removing tokens from slot 7
[16:49:14.473] [SEVERE ] removing card from slot 7
[16:49:14.585] [SEVERE ] removing tokens from slot 6
[16:49:14.585] [SEVERE ] removing card from slot 6
[16:49:14.696] [SEVERE ] removing tokens from slot 2
[16:49:14.696] [SEVERE ] removing card from slot 2
[16:49:14.807] [SEVERE ] removing tokens from slot 5
[16:49:14.807] [SEVERE ] removing card from slot 5
[16:49:14.918] [SEVERE ] removing tokens from slot 0
[16:49:14.918] [SEVERE ] removing card from slot 0
[16:49:15.029] [SEVERE ] removing tokens from slot 11
[16:49:15.029] [SEVERE ] removing card from slot 11
[16:49:15.139] [SEVERE ] removing tokens from slot 1
[16:49:15.139] [SEVERE ] removing card from slot 1
[16:49:15.139] [SEVERE ] updating countdown to 1000
[16:49:15.251] [SEVERE ] placing card 32 in slot 4
[16:49:15.362] [SEVERE ] placing card 67 in slot 3
[16:49:15.473] [SEVERE ] placing card 56 in slot 9
[16:49:15.583] [SEVERE ] placing card 41 in slot 8
[16:49:15.694] [SEVERE ] placing card 36 in slot 10
[16:49:15.804] [SEVERE ] placing card 17 in slot 7
[16:49:15.916] [SEVERE ] placing card 11 in slot 6
[16:49:16.027] [SEVERE ] placing card 21 in slot 2
[16:49:16.137] [SEVERE ] placing card 59 in slot 5
[16:49:16.248] [SEVERE ] placing card 31 in slot 0
[16:49:16.357] [SEVERE ] placing card 39 in slot 11
[16:49:16.468] [SEVERE ] placing card 75 in slot 1
[16:49:16.468] [SEVERE ] updating countdown to 1000
[16:49:16.468] [SEVERE ] updating countdown to 1000
[16:49:16.468] [SEVERE ] updating countdown to 1000
[16:49:16.468] [SEVERE ] updating countdown to 1000
[16:49:17.468] [SEVERE ] updating countdown to 1000
[16:49:17.577] [SEVERE ] removing tokens from slot 4
[16:49:17.577] [SEVERE ] removing card from slot 4
[16:49:17.689] [SEVERE ] removing tokens from slot 3
[16:49:17.689] [SEVERE ] removing card from slot 3
[16:49:17.800] [SEVERE ] removing tokens from slot 9
[16:49:17.800] [SEVERE ] removing card from slot 9
[16:49:17.911] [SEVERE ] removing tokens from slot 8
[16:49:17.911] [SEVERE ] removing card from slot 8
[16:49:18.023] [SEVERE ] removing tokens from slot 10
[16:49:18.023] [SEVERE ] removing card from slot 10
[16:49:18.135] [SEVERE ] removing tokens from slot 7
[16:49:18.135] [SEVERE ] removing card from slot 7
[16:49:18.245] [SEVERE ] removing tokens from slot 6
[16:49:18.245] [SEVERE ] removing card from slot 6
[16:49:18.355] [SEVERE ] removing tokens from slot 2
[16:49:18.355] [SEVERE ] removing card from slot 2
[16:49:18.467] [SEVERE ] removing tokens from slot 5
[16:49:18.467] [SEVERE ] removing card from slot 5
[16:49:18.578] [SEVERE ] removing tokens from slot 0
[16:49:18.578] [SEVERE ] removing card from slot 0
[16:49:18.689] [SEVERE ] removing tokens from slot 11
[16:49:18.689] [SEVERE ] removing card from slot 11
[16:49:18.800] [SEVERE ] removing tokens from slot 1
[16:49:18.800] [SEVERE ] removing card from slot 1
[16:49:18.801] [SEVERE ] updating countdown to 1000
[16:49:18.910] [SEVERE ] placing card 17 in slot 4
[16:49:19.022] [SEVERE ] placing card 3 in slot 3
[16:49:19.134] [SEVERE ] placing card 25 in slot 9
[16:49:19.246] [SEVERE ] placing card 5 in slot 8
[16:49:19.356] [SEVERE ] placing card 46 in slot 10
[16:49:19.468] [SEVERE ] placing card 20 in slot 7
[16:49:19.578] [SEVERE ] placing card 47 in slot 6
[16:49:19.689] [SEVERE ] placing card 34 in slot 2
[16:49:19.800] [SEVERE ] placing card 40 in slot 5
[16:49:19.910] [SEVERE ] placing card 2 in slot 0
[16:49:20.020] [SEVERE ] placing card 76 in slot 11
[16:49:20.132] [SEVERE ] placing card 62 in slot 1
[16:49:20.132] [SEVERE ] updating countdown to 1000
[16:49:20.132] [SEVERE ] updating countdown to 1000
[16:49:20.132] [SEVERE ] updating countdown to 1000
[16:49:20.132] [SEVERE ] updating countdown to 1000
[16:49:20.132] [SEVERE ] updating countdown to 1000
[16:49:20.132] [SEVERE ] updating countdown to 1000
[16:49:20.132] [SEVERE ] updating countdown to 1000
[16:49:21.132] [SEVERE ] updating countdown to 1000
[16:49:21.241] [SEVERE ] removing tokens from slot 4
[16:49:21.241] [SEVERE ] removing card from slot 4
[16:49:21.352] [SEVERE ] removing tokens from slot 3
[16:49:21.352] [SEVERE ] removing card from slot 3
[16:49:21.463] [SEVERE ] removing tokens from slot 9
[16:49:21.463] [SEVERE ] removing card from slot 9
[16:49:21.574] [SEVERE ] removing tokens from slot 8
[16:49:21.574] [SEVERE ] removing card from slot 8
[16:49:21.686] [SEVERE ] removing tokens from slot 10
[16:49:21.686] [SEVERE ] removing card from slot 10
[16:49:21.798] [SEVERE ] removing tokens from slot 7
[16:49:21.798] [SEVERE ] removing card from slot 7
[16:49:21.908] [SEVERE ] removing tokens from slot 6
[16:49:21.908] [SEVERE ] removing card from slot 6
[16:49:22.020] [SEVERE ] removing tokens from slot 2
[16:49:22.020] [SEVERE ] removing card from slot 2
[16:49:22.046] [SEVERE ] exit button pressed
[16:49:22.132] [SEVERE ] removing tokens from slot 5
[16:49:22.132] [SEVERE ] removing card from slot 5
[16:49:22.242] [SEVERE ] removing tokens from slot 0
[16:49:22.242] [SEVERE ] removing card from slot 0
[16:49:22.354] [SEVERE ] removing tokens from slot 11
[16:49:22.354] [SEVERE ] removing card from slot 11
[16:49:22.465] [SEVERE ] removing tokens from slot 1
[16:49:22.465] [SEVERE ] removing card from slot 1
[16:49:22.470] [SEVERE ] announcing winner(s): player 1
[16:49:22.473] [INFO   ] thread dealer terminated.
[16:49:22.473] [INFO   ] thread dealer terminated.
[16:49:22.474] [SEVERE ] thanks for playing... it was fun!
[16:49:22.475] [INFO   ] thread bguspl.set.Main.main() terminated.
