[17:36:10.024] [INFO   ] thread bguspl.set.Main.main() starting.
[17:36:10.040] [SEVERE ] cannot read configuration file config.properties trying from resources.
[17:36:10.040] [SEVERE ] configuration file was loaded from resources directory.
[17:36:10.822] [INFO   ] thread dealer starting.
[17:36:10.822] [INFO   ] thread dealer starting.
[17:36:10.822] [INFO   ] thread Thread-1 starting.
[17:36:10.822] [INFO   ] thread Thread-2 starting.
[17:36:10.822] [INFO   ] thread Thread-3 starting.
[17:36:10.822] [INFO   ] thread Thread-4 starting.
[17:36:10.837] [INFO   ] thread computer-2 starting.
[17:36:10.837] [INFO   ] thread computer-3 starting.
[17:36:10.840] [SEVERE ] updating countdown to 11000
[17:36:10.951] [SEVERE ] placing card 16 in slot 3
[17:36:11.082] [SEVERE ] placing card 63 in slot 7
[17:36:11.192] [SEVERE ] placing card 8 in slot 8
[17:36:11.302] [SEVERE ] placing card 80 in slot 4
[17:36:11.412] [SEVERE ] placing card 34 in slot 1
[17:36:11.522] [SEVERE ] placing card 20 in slot 6
[17:36:11.632] [SEVERE ] placing card 53 in slot 10
[17:36:11.741] [SEVERE ] placing card 48 in slot 5
[17:36:11.854] [SEVERE ] placing card 12 in slot 11
[17:36:11.854] [SEVERE ] player 3 placing token on slot 1
[17:36:11.964] [SEVERE ] placing card 71 in slot 9
[17:36:12.075] [SEVERE ] placing card 41 in slot 0
[17:36:12.185] [SEVERE ] placing card 25 in slot 2
[17:36:12.847] [SEVERE ] player 1 placing token on slot 3
[17:36:12.848] [SEVERE ] player 1 placing token on slot 0
[17:36:12.848] [SEVERE ] player 1 placing token on slot 7
[17:36:12.848] [SEVERE ] player 2 placing token on slot 3
[17:36:12.848] [SEVERE ] player 2 placing token on slot 0
[17:36:12.848] [SEVERE ] player 2 placing token on slot 7
[17:36:12.863] [SEVERE ] player 3 placing token on slot 3
[17:36:12.865] [SEVERE ] player 3 placing token on slot 0
[17:36:12.865] [SEVERE ] player 4 placing token on slot 3
[17:36:12.865] [SEVERE ] player 4 placing token on slot 0
[17:36:12.865] [SEVERE ] player 4 placing token on slot 7
[17:36:13.195] [SEVERE ] updating countdown to 9990
[17:36:13.195] [SEVERE ] updating countdown to 11000
[17:36:13.306] [SEVERE ] removing player 1 token from slot 3
[17:36:13.306] [SEVERE ] removing player 2 token from slot 3
[17:36:13.306] [SEVERE ] removing player 3 token from slot 3
[17:36:13.306] [SEVERE ] removing player 4 token from slot 3
[17:36:13.306] [SEVERE ] removing tokens from slot 3
[17:36:13.306] [SEVERE ] removing card from slot 3
[17:36:13.416] [SEVERE ] removing player 1 token from slot 0
[17:36:13.416] [SEVERE ] removing player 2 token from slot 0
[17:36:13.416] [SEVERE ] removing player 3 token from slot 0
[17:36:13.416] [SEVERE ] removing player 4 token from slot 0
[17:36:13.416] [SEVERE ] removing tokens from slot 0
[17:36:13.416] [SEVERE ] removing card from slot 0
[17:36:13.530] [SEVERE ] removing player 1 token from slot 7
[17:36:13.531] [SEVERE ] removing player 2 token from slot 7
[17:36:13.531] [SEVERE ] removing player 4 token from slot 7
[17:36:13.531] [SEVERE ] removing tokens from slot 7
[17:36:13.531] [SEVERE ] removing card from slot 7
[17:36:13.532] [SEVERE ] setting player 1 score to 1
[17:36:13.532] [SEVERE ] setting player 1 freeze to 1000
[17:36:13.644] [SEVERE ] placing card 59 in slot 3
[17:36:13.755] [SEVERE ] placing card 57 in slot 7
[17:36:13.864] [SEVERE ] placing card 6 in slot 0
[17:36:14.544] [SEVERE ] player 3 placing token on slot 4
[17:36:14.544] [SEVERE ] setting player 1 freeze to 0
[17:36:14.545] [SEVERE ] player 4 placing token on slot 11
[17:36:14.546] [SEVERE ] player 2 placing token on slot 11
[17:36:14.546] [SEVERE ] player 2 placing token on slot 5
[17:36:14.546] [SEVERE ] player 2 placing token on slot 7
[17:36:14.876] [SEVERE ] updating countdown to 9319
[17:36:14.876] [SEVERE ] updating countdown to 11000
[17:36:14.986] [SEVERE ] removing player 2 token from slot 11
[17:36:14.986] [SEVERE ] removing player 4 token from slot 11
[17:36:14.986] [SEVERE ] removing tokens from slot 11
[17:36:14.986] [SEVERE ] removing card from slot 11
[17:36:15.096] [SEVERE ] removing player 2 token from slot 5
[17:36:15.096] [SEVERE ] removing tokens from slot 5
[17:36:15.096] [SEVERE ] removing card from slot 5
[17:36:15.208] [SEVERE ] removing player 2 token from slot 7
[17:36:15.208] [SEVERE ] removing tokens from slot 7
[17:36:15.208] [SEVERE ] removing card from slot 7
[17:36:15.208] [SEVERE ] setting player 2 score to 1
[17:36:15.208] [SEVERE ] setting player 2 freeze to 1000
[17:36:15.318] [SEVERE ] placing card 67 in slot 7
[17:36:15.429] [SEVERE ] placing card 61 in slot 5
[17:36:15.539] [SEVERE ] placing card 4 in slot 11
[17:36:15.555] [SEVERE ] player 3 placing token on slot 8
[17:36:15.559] [SEVERE ] player 4 placing token on slot 8
[17:36:15.559] [SEVERE ] player 4 placing token on slot 10
[17:36:15.559] [SEVERE ] player 4 placing token on slot 9
[17:36:15.559] [SEVERE ] player 1 placing token on slot 8
[17:36:15.559] [SEVERE ] player 1 placing token on slot 10
[17:36:15.559] [SEVERE ] player 1 placing token on slot 9
[17:36:16.219] [SEVERE ] setting player 2 freeze to 0
[17:36:16.550] [SEVERE ] updating countdown to 9326
[17:36:16.550] [SEVERE ] removing player 3 token from slot 1
[17:36:16.550] [SEVERE ] removing player 3 token from slot 4
[17:36:16.550] [SEVERE ] removing player 3 token from slot 8
[17:36:16.550] [SEVERE ] updating countdown to 11000
[17:36:16.550] [SEVERE ] setting player 3 freeze to 3000
[17:36:16.660] [SEVERE ] removing player 1 token from slot 8
[17:36:16.660] [SEVERE ] removing player 4 token from slot 8
[17:36:16.660] [SEVERE ] removing tokens from slot 8
[17:36:16.660] [SEVERE ] removing card from slot 8
[17:36:16.771] [SEVERE ] removing player 1 token from slot 10
[17:36:16.771] [SEVERE ] removing player 4 token from slot 10
[17:36:16.771] [SEVERE ] removing tokens from slot 10
[17:36:16.771] [SEVERE ] removing card from slot 10
[17:36:16.880] [SEVERE ] removing player 1 token from slot 9
[17:36:16.880] [SEVERE ] removing player 4 token from slot 9
[17:36:16.880] [SEVERE ] removing tokens from slot 9
[17:36:16.880] [SEVERE ] removing card from slot 9
[17:36:16.880] [SEVERE ] setting player 4 score to 1
[17:36:16.880] [SEVERE ] setting player 4 freeze to 1000
[17:36:16.987] [SEVERE ] placing card 54 in slot 8
[17:36:17.097] [SEVERE ] placing card 75 in slot 10
[17:36:17.208] [SEVERE ] placing card 73 in slot 9
[17:36:17.224] [SEVERE ] player 2 placing token on slot 8
[17:36:17.224] [SEVERE ] player 2 placing token on slot 3
[17:36:17.224] [SEVERE ] player 2 placing token on slot 5
[17:36:17.555] [SEVERE ] setting player 3 freeze to 2000
[17:36:17.886] [SEVERE ] setting player 4 freeze to 0
[17:36:17.886] [SEVERE ] player 1 placing token on slot 8
[17:36:17.886] [SEVERE ] player 1 placing token on slot 3
[17:36:17.886] [SEVERE ] player 1 placing token on slot 5
[17:36:18.216] [SEVERE ] updating countdown to 9334
[17:36:18.216] [SEVERE ] updating countdown to 11000
[17:36:18.327] [SEVERE ] removing player 1 token from slot 8
[17:36:18.327] [SEVERE ] removing player 2 token from slot 8
[17:36:18.327] [SEVERE ] removing tokens from slot 8
[17:36:18.327] [SEVERE ] removing card from slot 8
[17:36:18.437] [SEVERE ] removing player 1 token from slot 3
[17:36:18.437] [SEVERE ] removing player 2 token from slot 3
[17:36:18.437] [SEVERE ] removing tokens from slot 3
[17:36:18.437] [SEVERE ] removing card from slot 3
[17:36:18.549] [SEVERE ] removing player 1 token from slot 5
[17:36:18.549] [SEVERE ] removing player 2 token from slot 5
[17:36:18.549] [SEVERE ] removing tokens from slot 5
[17:36:18.549] [SEVERE ] removing card from slot 5
[17:36:18.549] [SEVERE ] setting player 2 score to 2
[17:36:18.549] [SEVERE ] setting player 2 freeze to 1000
[17:36:18.564] [SEVERE ] setting player 3 freeze to 1000
[17:36:18.654] [SEVERE ] placing card 37 in slot 3
[17:36:18.764] [SEVERE ] placing card 45 in slot 8
[17:36:18.874] [SEVERE ] placing card 44 in slot 5
[17:36:18.890] [SEVERE ] player 4 placing token on slot 8
[17:36:19.561] [SEVERE ] setting player 2 freeze to 0
[17:36:19.561] [SEVERE ] player 1 placing token on slot 9
[17:36:19.561] [SEVERE ] player 1 placing token on slot 10
[17:36:19.561] [SEVERE ] player 1 placing token on slot 4
[17:36:19.577] [SEVERE ] setting player 3 freeze to 0
[17:36:19.875] [SEVERE ] updating countdown to 9341
[17:36:19.875] [SEVERE ] updating countdown to 11000
[17:36:19.891] [SEVERE ] player 4 placing token on slot 9
[17:36:19.891] [SEVERE ] player 4 placing token on slot 10
[17:36:19.986] [SEVERE ] removing player 1 token from slot 9
[17:36:19.986] [SEVERE ] removing player 4 token from slot 9
[17:36:19.987] [SEVERE ] removing tokens from slot 9
[17:36:19.987] [SEVERE ] removing card from slot 9
[17:36:20.097] [SEVERE ] removing player 1 token from slot 10
[17:36:20.097] [SEVERE ] removing player 4 token from slot 10
[17:36:20.097] [SEVERE ] removing tokens from slot 10
[17:36:20.097] [SEVERE ] removing card from slot 10
[17:36:20.209] [SEVERE ] removing player 1 token from slot 4
[17:36:20.209] [SEVERE ] removing tokens from slot 4
[17:36:20.209] [SEVERE ] removing card from slot 4
[17:36:20.209] [SEVERE ] setting player 1 score to 2
[17:36:20.209] [SEVERE ] setting player 1 freeze to 1000
[17:36:20.313] [SEVERE ] placing card 66 in slot 4
[17:36:20.413] [SEVERE ] placing card 40 in slot 10
[17:36:20.524] [SEVERE ] placing card 22 in slot 9
[17:36:20.571] [SEVERE ] player 2 placing token on slot 0
[17:36:20.571] [SEVERE ] player 2 placing token on slot 8
[17:36:20.571] [SEVERE ] player 2 placing token on slot 4
[17:36:20.587] [SEVERE ] player 3 placing token on slot 10
[17:36:21.216] [SEVERE ] setting player 1 freeze to 0
[17:36:21.216] [SEVERE ] player 4 placing token on slot 5
[17:36:21.533] [SEVERE ] updating countdown to 9342
[17:36:21.533] [SEVERE ] updating countdown to 11000
[17:36:21.596] [SEVERE ] player 3 placing token on slot 0
[17:36:21.596] [SEVERE ] player 3 placing token on slot 8
[17:36:21.643] [SEVERE ] removing player 2 token from slot 0
[17:36:21.643] [SEVERE ] removing player 3 token from slot 0
[17:36:21.643] [SEVERE ] removing tokens from slot 0
[17:36:21.643] [SEVERE ] removing card from slot 0
[17:36:21.754] [SEVERE ] removing player 2 token from slot 8
[17:36:21.754] [SEVERE ] removing player 3 token from slot 8
[17:36:21.754] [SEVERE ] removing player 4 token from slot 8
[17:36:21.754] [SEVERE ] removing tokens from slot 8
[17:36:21.754] [SEVERE ] removing card from slot 8
[17:36:21.864] [SEVERE ] removing player 2 token from slot 4
[17:36:21.864] [SEVERE ] removing tokens from slot 4
[17:36:21.864] [SEVERE ] removing card from slot 4
[17:36:21.865] [SEVERE ] setting player 2 score to 3
[17:36:21.865] [SEVERE ] setting player 2 freeze to 1000
[17:36:21.975] [SEVERE ] placing card 19 in slot 8
[17:36:22.086] [SEVERE ] placing card 30 in slot 4
[17:36:22.196] [SEVERE ] placing card 76 in slot 0
[17:36:22.227] [SEVERE ] player 1 placing token on slot 11
[17:36:22.228] [SEVERE ] player 1 placing token on slot 10
[17:36:22.228] [SEVERE ] player 1 placing token on slot 0
[17:36:22.228] [SEVERE ] player 4 placing token on slot 11
[17:36:22.228] [SEVERE ] player 4 placing token on slot 10
[17:36:22.871] [SEVERE ] setting player 2 freeze to 0
[17:36:22.871] [SEVERE ] player 3 placing token on slot 1
[17:36:23.202] [SEVERE ] updating countdown to 9331
[17:36:23.202] [SEVERE ] updating countdown to 11000
[17:36:23.312] [SEVERE ] removing player 1 token from slot 11
[17:36:23.312] [SEVERE ] removing player 4 token from slot 11
[17:36:23.313] [SEVERE ] removing tokens from slot 11
[17:36:23.313] [SEVERE ] removing card from slot 11
[17:36:23.423] [SEVERE ] removing player 1 token from slot 10
[17:36:23.423] [SEVERE ] removing player 3 token from slot 10
[17:36:23.423] [SEVERE ] removing player 4 token from slot 10
[17:36:23.423] [SEVERE ] removing tokens from slot 10
[17:36:23.423] [SEVERE ] removing card from slot 10
[17:36:23.534] [SEVERE ] removing player 1 token from slot 0
[17:36:23.534] [SEVERE ] removing tokens from slot 0
[17:36:23.534] [SEVERE ] removing card from slot 0
[17:36:23.541] [SEVERE ] setting player 1 score to 3
[17:36:23.541] [SEVERE ] setting player 1 freeze to 1000
[17:36:23.643] [SEVERE ] placing card 33 in slot 10
[17:36:23.753] [SEVERE ] placing card 21 in slot 11
[17:36:23.863] [SEVERE ] placing card 5 in slot 0
[17:36:23.878] [SEVERE ] player 3 placing token on slot 8
[17:36:23.878] [SEVERE ] removing player 3 token from slot 1
[17:36:23.880] [SEVERE ] player 3 placing token on slot 7
[17:36:23.880] [SEVERE ] player 2 placing token on slot 8
[17:36:23.880] [SEVERE ] player 2 placing token on slot 1
[17:36:23.880] [SEVERE ] player 2 placing token on slot 7
[17:36:24.556] [SEVERE ] player 4 placing token on slot 1
[17:36:24.556] [SEVERE ] setting player 1 freeze to 0
[17:36:24.871] [SEVERE ] updating countdown to 9331
[17:36:24.872] [SEVERE ] updating countdown to 11000
[17:36:24.887] [SEVERE ] player 3 placing token on slot 0
[17:36:24.982] [SEVERE ] removing player 2 token from slot 8
[17:36:24.982] [SEVERE ] removing player 3 token from slot 8
[17:36:24.982] [SEVERE ] removing tokens from slot 8
[17:36:24.982] [SEVERE ] removing card from slot 8
[17:36:25.093] [SEVERE ] removing player 2 token from slot 1
[17:36:25.093] [SEVERE ] removing player 4 token from slot 1
[17:36:25.093] [SEVERE ] removing tokens from slot 1
[17:36:25.093] [SEVERE ] removing card from slot 1
[17:36:25.202] [SEVERE ] removing player 2 token from slot 7
[17:36:25.202] [SEVERE ] removing player 3 token from slot 7
[17:36:25.202] [SEVERE ] removing tokens from slot 7
[17:36:25.202] [SEVERE ] removing card from slot 7
[17:36:25.202] [SEVERE ] setting player 2 score to 4
[17:36:25.202] [SEVERE ] setting player 2 freeze to 1000
[17:36:25.314] [SEVERE ] placing card 0 in slot 7
[17:36:25.425] [SEVERE ] placing card 79 in slot 8
[17:36:25.535] [SEVERE ] placing card 52 in slot 1
[17:36:25.566] [SEVERE ] player 4 placing token on slot 2
[17:36:25.567] [SEVERE ] player 4 placing token on slot 1
[17:36:25.567] [SEVERE ] player 1 placing token on slot 2
[17:36:25.567] [SEVERE ] player 1 placing token on slot 1
[17:36:25.567] [SEVERE ] player 1 placing token on slot 8
[17:36:25.899] [SEVERE ] player 3 placing token on slot 2
[17:36:25.900] [SEVERE ] player 3 placing token on slot 1
[17:36:26.214] [SEVERE ] setting player 2 freeze to 0
[17:36:26.546] [SEVERE ] updating countdown to 9326
[17:36:26.546] [SEVERE ] removing player 4 token from slot 5
[17:36:26.546] [SEVERE ] removing player 4 token from slot 2
[17:36:26.546] [SEVERE ] removing player 4 token from slot 1
[17:36:26.546] [SEVERE ] updating countdown to 11000
[17:36:26.546] [SEVERE ] setting player 4 freeze to 3000
[17:36:26.656] [SEVERE ] removing player 1 token from slot 2
[17:36:26.656] [SEVERE ] removing player 3 token from slot 2
[17:36:26.656] [SEVERE ] removing tokens from slot 2
[17:36:26.656] [SEVERE ] removing card from slot 2
[17:36:26.766] [SEVERE ] removing player 1 token from slot 1
[17:36:26.766] [SEVERE ] removing player 3 token from slot 1
[17:36:26.766] [SEVERE ] removing tokens from slot 1
[17:36:26.766] [SEVERE ] removing card from slot 1
[17:36:26.877] [SEVERE ] removing player 1 token from slot 8
[17:36:26.877] [SEVERE ] removing tokens from slot 8
[17:36:26.877] [SEVERE ] removing card from slot 8
[17:36:26.877] [SEVERE ] setting player 1 score to 4
[17:36:26.877] [SEVERE ] setting player 1 freeze to 1000
[17:36:26.980] [SEVERE ] placing card 2 in slot 8
[17:36:27.090] [SEVERE ] placing card 60 in slot 1
[17:36:27.201] [SEVERE ] placing card 11 in slot 2
[17:36:27.217] [SEVERE ] player 2 placing token on slot 7
[17:36:27.217] [SEVERE ] player 2 placing token on slot 4
[17:36:27.217] [SEVERE ] player 2 placing token on slot 1
[17:36:27.553] [SEVERE ] setting player 4 freeze to 2000
[17:36:27.885] [SEVERE ] player 3 placing token on slot 3
[17:36:27.885] [SEVERE ] setting player 1 freeze to 0
[17:36:28.215] [SEVERE ] updating countdown to 9331
[17:36:28.215] [SEVERE ] updating countdown to 11000
[17:36:28.325] [SEVERE ] removing player 2 token from slot 7
[17:36:28.325] [SEVERE ] removing tokens from slot 7
[17:36:28.325] [SEVERE ] removing card from slot 7
[17:36:28.436] [SEVERE ] removing player 2 token from slot 4
[17:36:28.436] [SEVERE ] removing tokens from slot 4
[17:36:28.436] [SEVERE ] removing card from slot 4
[17:36:28.547] [SEVERE ] removing player 2 token from slot 1
[17:36:28.547] [SEVERE ] removing tokens from slot 1
[17:36:28.547] [SEVERE ] removing card from slot 1
[17:36:28.547] [SEVERE ] setting player 2 score to 5
[17:36:28.547] [SEVERE ] setting player 2 freeze to 1000
[17:36:28.563] [SEVERE ] setting player 4 freeze to 1000
[17:36:28.650] [SEVERE ] placing card 24 in slot 7
[17:36:28.769] [SEVERE ] placing card 69 in slot 4
[17:36:28.876] [SEVERE ] placing card 62 in slot 1
[17:36:28.891] [SEVERE ] player 1 placing token on slot 11
[17:36:28.891] [SEVERE ] player 1 placing token on slot 3
[17:36:28.891] [SEVERE ] player 3 placing token on slot 11
[17:36:28.893] [SEVERE ] player 1 placing token on slot 1
[17:36:29.556] [SEVERE ] setting player 2 freeze to 0
[17:36:29.571] [SEVERE ] setting player 4 freeze to 0
[17:36:29.888] [SEVERE ] updating countdown to 9327
[17:36:29.888] [SEVERE ] removing player 3 token from slot 0
[17:36:29.888] [SEVERE ] removing player 3 token from slot 3
[17:36:29.888] [SEVERE ] removing player 3 token from slot 11
[17:36:29.888] [SEVERE ] updating countdown to 11000
[17:36:29.888] [SEVERE ] setting player 3 freeze to 3000
[17:36:29.999] [SEVERE ] removing player 1 token from slot 11
[17:36:29.999] [SEVERE ] removing tokens from slot 11
[17:36:29.999] [SEVERE ] removing card from slot 11
[17:36:30.109] [SEVERE ] removing player 1 token from slot 3
[17:36:30.109] [SEVERE ] removing tokens from slot 3
[17:36:30.109] [SEVERE ] removing card from slot 3
[17:36:30.219] [SEVERE ] removing player 1 token from slot 1
[17:36:30.219] [SEVERE ] removing tokens from slot 1
[17:36:30.219] [SEVERE ] removing card from slot 1
[17:36:30.219] [SEVERE ] setting player 1 score to 5
[17:36:30.219] [SEVERE ] setting player 1 freeze to 1000
[17:36:30.322] [SEVERE ] placing card 47 in slot 3
[17:36:30.432] [SEVERE ] placing card 39 in slot 1
[17:36:30.543] [SEVERE ] placing card 17 in slot 11
[17:36:30.558] [SEVERE ] player 2 placing token on slot 0
[17:36:30.558] [SEVERE ] player 2 placing token on slot 11
[17:36:30.558] [SEVERE ] player 2 placing token on slot 6
[17:36:30.574] [SEVERE ] player 4 placing token on slot 7
[17:36:30.891] [SEVERE ] setting player 3 freeze to 2000
[17:36:31.230] [SEVERE ] setting player 1 freeze to 0
[17:36:31.550] [SEVERE ] updating countdown to 9338
[17:36:31.550] [SEVERE ] updating countdown to 11000
[17:36:31.581] [SEVERE ] player 4 placing token on slot 0
[17:36:31.581] [SEVERE ] player 4 placing token on slot 11
[17:36:31.660] [SEVERE ] removing player 2 token from slot 0
[17:36:31.660] [SEVERE ] removing player 4 token from slot 0
[17:36:31.660] [SEVERE ] removing tokens from slot 0
[17:36:31.660] [SEVERE ] removing card from slot 0
[17:36:31.771] [SEVERE ] removing player 2 token from slot 11
[17:36:31.771] [SEVERE ] removing player 4 token from slot 11
[17:36:31.771] [SEVERE ] removing tokens from slot 11
[17:36:31.771] [SEVERE ] removing card from slot 11
[17:36:31.881] [SEVERE ] removing player 2 token from slot 6
[17:36:31.881] [SEVERE ] removing tokens from slot 6
[17:36:31.881] [SEVERE ] removing card from slot 6
[17:36:31.881] [SEVERE ] setting player 2 score to 6
[17:36:31.881] [SEVERE ] setting player 2 freeze to 1000
[17:36:31.897] [SEVERE ] setting player 3 freeze to 1000
[17:36:31.990] [SEVERE ] placing card 70 in slot 6
[17:36:32.101] [SEVERE ] placing card 78 in slot 11
[17:36:32.211] [SEVERE ] placing card 29 in slot 0
[17:36:32.242] [SEVERE ] player 1 placing token on slot 9
[17:36:32.242] [SEVERE ] player 1 placing token on slot 0
[17:36:32.242] [SEVERE ] player 1 placing token on slot 4
[17:36:32.887] [SEVERE ] setting player 2 freeze to 0
[17:36:32.887] [SEVERE ] player 4 placing token on slot 5
[17:36:32.903] [SEVERE ] setting player 3 freeze to 0
[17:36:33.222] [SEVERE ] updating countdown to 9328
[17:36:33.222] [SEVERE ] updating countdown to 11000
[17:36:33.332] [SEVERE ] removing player 1 token from slot 9
[17:36:33.332] [SEVERE ] removing tokens from slot 9
[17:36:33.332] [SEVERE ] removing card from slot 9
[17:36:33.442] [SEVERE ] removing player 1 token from slot 0
[17:36:33.442] [SEVERE ] removing tokens from slot 0
[17:36:33.442] [SEVERE ] removing card from slot 0
[17:36:33.552] [SEVERE ] removing player 1 token from slot 4
[17:36:33.552] [SEVERE ] removing tokens from slot 4
[17:36:33.552] [SEVERE ] removing card from slot 4
[17:36:33.553] [SEVERE ] setting player 1 score to 6
[17:36:33.553] [SEVERE ] setting player 1 freeze to 1000
[17:36:33.664] [SEVERE ] placing card 65 in slot 4
[17:36:33.773] [SEVERE ] placing card 15 in slot 9
[17:36:33.879] [SEVERE ] placing card 55 in slot 0
[17:36:33.895] [SEVERE ] player 2 placing token on slot 2
[17:36:33.895] [SEVERE ] player 4 placing token on slot 2
[17:36:33.896] [SEVERE ] player 2 placing token on slot 1
[17:36:33.896] [SEVERE ] player 2 placing token on slot 6
[17:36:33.912] [SEVERE ] player 3 placing token on slot 9
[17:36:34.562] [SEVERE ] setting player 1 freeze to 0
[17:36:34.893] [SEVERE ] updating countdown to 9329
[17:36:34.893] [SEVERE ] removing player 4 token from slot 7
[17:36:34.893] [SEVERE ] removing player 4 token from slot 5
[17:36:34.893] [SEVERE ] removing player 4 token from slot 2
[17:36:34.893] [SEVERE ] updating countdown to 11000
[17:36:34.893] [SEVERE ] setting player 4 freeze to 3000
[17:36:34.924] [SEVERE ] player 3 placing token on slot 2
[17:36:34.926] [SEVERE ] player 3 placing token on slot 1
[17:36:35.005] [SEVERE ] removing player 2 token from slot 2
[17:36:35.005] [SEVERE ] removing player 3 token from slot 2
[17:36:35.005] [SEVERE ] removing tokens from slot 2
[17:36:35.005] [SEVERE ] removing card from slot 2
[17:36:35.117] [SEVERE ] removing player 2 token from slot 1
[17:36:35.117] [SEVERE ] removing player 3 token from slot 1
[17:36:35.117] [SEVERE ] removing tokens from slot 1
[17:36:35.117] [SEVERE ] removing card from slot 1
[17:36:35.227] [SEVERE ] removing player 2 token from slot 6
[17:36:35.227] [SEVERE ] removing tokens from slot 6
[17:36:35.227] [SEVERE ] removing card from slot 6
[17:36:35.227] [SEVERE ] setting player 2 score to 7
[17:36:35.227] [SEVERE ] setting player 2 freeze to 1000
[17:36:35.337] [SEVERE ] placing card 10 in slot 1
[17:36:35.447] [SEVERE ] placing card 58 in slot 6
[17:36:35.558] [SEVERE ] placing card 28 in slot 2
[17:36:35.573] [SEVERE ] player 1 placing token on slot 8
[17:36:35.573] [SEVERE ] player 1 placing token on slot 3
[17:36:35.573] [SEVERE ] player 1 placing token on slot 4
[17:36:35.904] [SEVERE ] setting player 4 freeze to 2000
[17:36:36.233] [SEVERE ] player 3 placing token on slot 2
[17:36:36.233] [SEVERE ] setting player 2 freeze to 0
[17:36:36.563] [SEVERE ] updating countdown to 9330
[17:36:36.563] [SEVERE ] updating countdown to 11000
[17:36:36.673] [SEVERE ] removing player 1 token from slot 8
[17:36:36.673] [SEVERE ] removing tokens from slot 8
[17:36:36.673] [SEVERE ] removing card from slot 8
[17:36:36.786] [SEVERE ] removing player 1 token from slot 3
[17:36:36.786] [SEVERE ] removing tokens from slot 3
[17:36:36.786] [SEVERE ] removing card from slot 3
[17:36:36.897] [SEVERE ] removing player 1 token from slot 4
[17:36:36.897] [SEVERE ] removing tokens from slot 4
[17:36:36.897] [SEVERE ] removing card from slot 4
[17:36:36.897] [SEVERE ] setting player 1 score to 7
[17:36:36.897] [SEVERE ] setting player 1 freeze to 1000
[17:36:36.913] [SEVERE ] setting player 4 freeze to 1000
[17:36:37.003] [SEVERE ] placing card 72 in slot 3
[17:36:37.107] [SEVERE ] placing card 77 in slot 8
[17:36:37.211] [SEVERE ] placing card 18 in slot 4
[17:36:37.243] [SEVERE ] player 2 placing token on slot 1
[17:36:37.244] [SEVERE ] player 2 placing token on slot 10
[17:36:37.244] [SEVERE ] player 2 placing token on slot 8
[17:36:37.244] [SEVERE ] player 3 placing token on slot 1
[17:36:37.900] [SEVERE ] setting player 1 freeze to 0
[17:36:37.916] [SEVERE ] setting player 4 freeze to 0
[17:36:38.217] [SEVERE ] updating countdown to 9346
[17:36:38.217] [SEVERE ] updating countdown to 11000
[17:36:38.327] [SEVERE ] removing player 2 token from slot 1
[17:36:38.327] [SEVERE ] removing player 3 token from slot 1
[17:36:38.327] [SEVERE ] removing tokens from slot 1
[17:36:38.327] [SEVERE ] removing card from slot 1
[17:36:38.437] [SEVERE ] removing player 2 token from slot 10
[17:36:38.437] [SEVERE ] removing tokens from slot 10
[17:36:38.437] [SEVERE ] removing card from slot 10
[17:36:38.548] [SEVERE ] removing player 2 token from slot 8
[17:36:38.548] [SEVERE ] removing tokens from slot 8
[17:36:38.548] [SEVERE ] removing card from slot 8
[17:36:38.549] [SEVERE ] setting player 2 score to 8
[17:36:38.549] [SEVERE ] setting player 2 freeze to 1000
[17:36:38.657] [SEVERE ] placing card 3 in slot 8
[17:36:38.768] [SEVERE ] placing card 7 in slot 1
[17:36:38.878] [SEVERE ] placing card 56 in slot 10
[17:36:38.910] [SEVERE ] player 1 placing token on slot 1
[17:36:38.910] [SEVERE ] player 1 placing token on slot 2
[17:36:38.910] [SEVERE ] player 1 placing token on slot 6
[17:36:38.925] [SEVERE ] player 4 placing token on slot 6
[17:36:39.555] [SEVERE ] setting player 2 freeze to 0
[17:36:39.555] [SEVERE ] player 3 placing token on slot 5
[17:36:39.885] [SEVERE ] updating countdown to 9332
[17:36:39.885] [SEVERE ] updating countdown to 11000
[17:36:39.931] [SEVERE ] player 4 placing token on slot 1
[17:36:39.931] [SEVERE ] player 4 placing token on slot 2
[17:36:39.994] [SEVERE ] removing player 1 token from slot 1
[17:36:39.994] [SEVERE ] removing player 4 token from slot 1
[17:36:39.994] [SEVERE ] removing tokens from slot 1
[17:36:39.994] [SEVERE ] removing card from slot 1
[17:36:40.105] [SEVERE ] removing player 1 token from slot 2
[17:36:40.105] [SEVERE ] removing player 3 token from slot 2
[17:36:40.105] [SEVERE ] removing player 4 token from slot 2
[17:36:40.105] [SEVERE ] removing tokens from slot 2
[17:36:40.105] [SEVERE ] removing card from slot 2
[17:36:40.217] [SEVERE ] removing player 1 token from slot 6
[17:36:40.217] [SEVERE ] removing player 4 token from slot 6
[17:36:40.217] [SEVERE ] removing tokens from slot 6
[17:36:40.217] [SEVERE ] removing card from slot 6
[17:36:40.219] [SEVERE ] setting player 1 score to 8
[17:36:40.219] [SEVERE ] setting player 1 freeze to 1000
[17:36:40.324] [SEVERE ] placing card 35 in slot 1
[17:36:40.434] [SEVERE ] placing card 50 in slot 6
[17:36:40.544] [SEVERE ] placing card 27 in slot 2
[17:36:40.559] [SEVERE ] player 2 placing token on slot 8
[17:36:40.559] [SEVERE ] player 2 placing token on slot 1
[17:36:40.560] [SEVERE ] player 2 placing token on slot 0
[17:36:40.560] [SEVERE ] player 3 placing token on slot 8
[17:36:41.221] [SEVERE ] setting player 1 freeze to 0
[17:36:41.221] [SEVERE ] player 4 placing token on slot 4
[17:36:41.550] [SEVERE ] updating countdown to 9335
[17:36:41.550] [SEVERE ] updating countdown to 11000
[17:36:41.659] [SEVERE ] removing player 2 token from slot 8
[17:36:41.659] [SEVERE ] removing player 3 token from slot 8
[17:36:41.659] [SEVERE ] removing tokens from slot 8
[17:36:41.659] [SEVERE ] removing card from slot 8
[17:36:41.769] [SEVERE ] removing player 2 token from slot 1
[17:36:41.769] [SEVERE ] removing tokens from slot 1
[17:36:41.769] [SEVERE ] removing card from slot 1
[17:36:41.881] [SEVERE ] removing player 2 token from slot 0
[17:36:41.881] [SEVERE ] removing tokens from slot 0
[17:36:41.881] [SEVERE ] removing card from slot 0
[17:36:41.881] [SEVERE ] setting player 2 score to 9
[17:36:41.881] [SEVERE ] setting player 2 freeze to 1000
[17:36:41.984] [SEVERE ] placing card 9 in slot 8
[17:36:42.095] [SEVERE ] placing card 74 in slot 1
[17:36:42.205] [SEVERE ] placing card 68 in slot 0
[17:36:42.236] [SEVERE ] player 1 placing token on slot 8
[17:36:42.237] [SEVERE ] player 1 placing token on slot 2
[17:36:42.237] [SEVERE ] player 1 placing token on slot 3
[17:36:42.238] [SEVERE ] player 4 placing token on slot 8
[17:36:42.238] [SEVERE ] player 4 placing token on slot 2
[17:36:42.883] [SEVERE ] setting player 2 freeze to 0
[17:36:42.883] [SEVERE ] removing player 3 token from slot 9
[17:36:43.213] [SEVERE ] updating countdown to 9337
[17:36:43.213] [SEVERE ] updating countdown to 11000
[17:36:43.317] [SEVERE ] removing player 1 token from slot 8
[17:36:43.317] [SEVERE ] removing player 4 token from slot 8
[17:36:43.317] [SEVERE ] removing tokens from slot 8
[17:36:43.317] [SEVERE ] removing card from slot 8
[17:36:43.427] [SEVERE ] removing player 1 token from slot 2
[17:36:43.427] [SEVERE ] removing player 4 token from slot 2
[17:36:43.427] [SEVERE ] removing tokens from slot 2
[17:36:43.427] [SEVERE ] removing card from slot 2
[17:36:43.540] [SEVERE ] removing player 1 token from slot 3
[17:36:43.540] [SEVERE ] removing tokens from slot 3
[17:36:43.540] [SEVERE ] removing card from slot 3
[17:36:43.541] [SEVERE ] setting player 1 score to 9
[17:36:43.541] [SEVERE ] setting player 1 freeze to 1000
[17:36:43.654] [SEVERE ] placing card 51 in slot 3
[17:36:43.763] [SEVERE ] placing card 14 in slot 8
[17:36:43.873] [SEVERE ] placing card 46 in slot 2
[17:36:43.890] [SEVERE ] player 3 placing token on slot 4
[17:36:43.890] [SEVERE ] player 3 placing token on slot 2
[17:36:43.891] [SEVERE ] player 2 placing token on slot 4
[17:36:43.891] [SEVERE ] player 2 placing token on slot 2
[17:36:43.891] [SEVERE ] player 2 placing token on slot 1
[17:36:44.552] [SEVERE ] setting player 1 freeze to 0
[17:36:44.552] [SEVERE ] player 4 placing token on slot 10
[17:36:44.883] [SEVERE ] updating countdown to 9330
[17:36:44.883] [SEVERE ] removing player 3 token from slot 5
[17:36:44.883] [SEVERE ] removing player 3 token from slot 4
[17:36:44.883] [SEVERE ] removing player 3 token from slot 2
[17:36:44.883] [SEVERE ] updating countdown to 11000
[17:36:44.883] [SEVERE ] setting player 3 freeze to 3000
[17:36:44.993] [SEVERE ] removing player 2 token from slot 4
[17:36:44.993] [SEVERE ] removing player 4 token from slot 4
[17:36:44.993] [SEVERE ] removing tokens from slot 4
[17:36:44.993] [SEVERE ] removing card from slot 4
[17:36:45.104] [SEVERE ] removing player 2 token from slot 2
[17:36:45.104] [SEVERE ] removing tokens from slot 2
[17:36:45.104] [SEVERE ] removing card from slot 2
[17:36:45.214] [SEVERE ] removing player 2 token from slot 1
[17:36:45.214] [SEVERE ] removing tokens from slot 1
[17:36:45.214] [SEVERE ] removing card from slot 1
[17:36:45.214] [SEVERE ] setting player 2 score to 10
[17:36:45.214] [SEVERE ] setting player 2 freeze to 1000
[17:36:45.324] [SEVERE ] placing card 31 in slot 4
[17:36:45.434] [SEVERE ] placing card 36 in slot 1
[17:36:45.544] [SEVERE ] placing card 23 in slot 2
[17:36:45.560] [SEVERE ] player 1 placing token on slot 2
[17:36:45.561] [SEVERE ] player 1 placing token on slot 5
[17:36:45.561] [SEVERE ] player 1 placing token on slot 10
[17:36:45.561] [SEVERE ] player 4 placing token on slot 2
[17:36:45.561] [SEVERE ] player 4 placing token on slot 5
[17:36:45.891] [SEVERE ] setting player 3 freeze to 2000
[17:36:46.222] [SEVERE ] setting player 2 freeze to 0
[17:36:46.553] [SEVERE ] updating countdown to 9330
[17:36:46.553] [SEVERE ] updating countdown to 11000
[17:36:46.663] [SEVERE ] removing player 1 token from slot 2
[17:36:46.663] [SEVERE ] removing player 4 token from slot 2
[17:36:46.663] [SEVERE ] removing tokens from slot 2
[17:36:46.663] [SEVERE ] removing card from slot 2
[17:36:46.775] [SEVERE ] removing player 1 token from slot 5
[17:36:46.775] [SEVERE ] removing player 4 token from slot 5
[17:36:46.775] [SEVERE ] removing tokens from slot 5
[17:36:46.775] [SEVERE ] removing card from slot 5
[17:36:46.886] [SEVERE ] removing player 1 token from slot 10
[17:36:46.886] [SEVERE ] removing player 4 token from slot 10
[17:36:46.886] [SEVERE ] removing tokens from slot 10
[17:36:46.886] [SEVERE ] removing card from slot 10
[17:36:46.886] [SEVERE ] setting player 1 score to 10
[17:36:46.888] [SEVERE ] setting player 1 freeze to 1000
[17:36:46.902] [SEVERE ] setting player 3 freeze to 1000
[17:36:46.993] [SEVERE ] placing card 42 in slot 10
[17:36:47.103] [SEVERE ] placing card 13 in slot 5
[17:36:47.214] [SEVERE ] placing card 38 in slot 2
[17:36:47.227] [SEVERE ] player 2 placing token on slot 4
[17:36:47.228] [SEVERE ] player 2 placing token on slot 2
[17:36:47.228] [SEVERE ] player 2 placing token on slot 3
[17:36:47.893] [SEVERE ] setting player 1 freeze to 0
[17:36:47.893] [SEVERE ] player 4 placing token on slot 11
[17:36:47.909] [SEVERE ] setting player 3 freeze to 0
[17:36:48.225] [SEVERE ] updating countdown to 9328
[17:36:48.225] [SEVERE ] updating countdown to 11000
[17:36:48.335] [SEVERE ] removing player 2 token from slot 4
[17:36:48.336] [SEVERE ] removing tokens from slot 4
[17:36:48.336] [SEVERE ] removing card from slot 4
[17:36:48.448] [SEVERE ] removing player 2 token from slot 2
[17:36:48.448] [SEVERE ] removing tokens from slot 2
[17:36:48.448] [SEVERE ] removing card from slot 2
[17:36:48.560] [SEVERE ] removing player 2 token from slot 3
[17:36:48.560] [SEVERE ] removing tokens from slot 3
[17:36:48.560] [SEVERE ] removing card from slot 3
[17:36:48.560] [SEVERE ] setting player 2 score to 11
[17:36:48.560] [SEVERE ] setting player 2 freeze to 1000
[17:36:48.672] [SEVERE ] placing card 49 in slot 3
[17:36:48.785] [SEVERE ] placing card 26 in slot 4
[17:36:48.900] [SEVERE ] placing card 43 in slot 2
[17:36:48.916] [SEVERE ] player 3 placing token on slot 7
[17:36:49.573] [SEVERE ] setting player 2 freeze to 0
[17:36:49.905] [SEVERE ] updating countdown to 9320
[17:36:49.905] [SEVERE ] player 4 placing token on slot 10
[17:36:50.915] [SEVERE ] updating countdown to 8310
[17:36:50.931] [SEVERE ] player 3 placing token on slot 5
[17:36:51.924] [SEVERE ] updating countdown to 7301
[17:36:51.924] [SEVERE ] player 4 placing token on slot 7
[17:36:52.938] [SEVERE ] updating countdown to 6287
[17:36:52.938] [SEVERE ] removing player 4 token from slot 11
[17:36:52.938] [SEVERE ] removing player 4 token from slot 10
[17:36:52.938] [SEVERE ] removing player 4 token from slot 7
[17:36:52.938] [SEVERE ] setting player 4 freeze to 3000
[17:36:52.954] [SEVERE ] player 3 placing token on slot 10
[17:36:53.941] [SEVERE ] updating countdown to 5284
[17:36:53.941] [SEVERE ] setting player 4 freeze to 2000
[17:36:53.941] [SEVERE ] removing player 3 token from slot 7
[17:36:53.941] [SEVERE ] removing player 3 token from slot 5
[17:36:53.941] [SEVERE ] removing player 3 token from slot 10
[17:36:53.957] [SEVERE ] setting player 3 freeze to 3000
[17:36:54.943] [SEVERE ] setting player 4 freeze to 1000
[17:36:54.960] [SEVERE ] setting player 3 freeze to 2000
[17:36:55.962] [SEVERE ] setting player 3 freeze to 1000
[17:36:55.962] [SEVERE ] setting player 4 freeze to 0
[17:36:56.963] [SEVERE ] setting player 3 freeze to 0
[17:36:56.963] [SEVERE ] player 4 placing token on slot 4
[17:36:57.967] [SEVERE ] player 3 placing token on slot 9
[17:36:58.974] [SEVERE ] player 4 placing token on slot 3
[17:36:59.226] [SEVERE ] updating countdown to 11000
[17:36:59.336] [SEVERE ] removing player 4 token from slot 3
[17:36:59.336] [SEVERE ] removing tokens from slot 3
[17:36:59.336] [SEVERE ] removing card from slot 3
[17:36:59.445] [SEVERE ] removing tokens from slot 7
[17:36:59.445] [SEVERE ] removing card from slot 7
[17:36:59.555] [SEVERE ] removing tokens from slot 8
[17:36:59.555] [SEVERE ] removing card from slot 8
[17:36:59.666] [SEVERE ] removing player 4 token from slot 4
[17:36:59.666] [SEVERE ] removing tokens from slot 4
[17:36:59.666] [SEVERE ] removing card from slot 4
[17:36:59.778] [SEVERE ] removing tokens from slot 1
[17:36:59.778] [SEVERE ] removing card from slot 1
[17:36:59.888] [SEVERE ] removing tokens from slot 6
[17:36:59.888] [SEVERE ] removing card from slot 6
[17:36:59.998] [SEVERE ] removing tokens from slot 10
[17:36:59.998] [SEVERE ] removing card from slot 10
[17:37:00.109] [SEVERE ] removing tokens from slot 5
[17:37:00.109] [SEVERE ] removing card from slot 5
[17:37:00.219] [SEVERE ] removing tokens from slot 11
[17:37:00.219] [SEVERE ] removing card from slot 11
[17:37:00.330] [SEVERE ] removing player 3 token from slot 9
[17:37:00.330] [SEVERE ] removing tokens from slot 9
[17:37:00.330] [SEVERE ] removing card from slot 9
[17:37:00.440] [SEVERE ] removing tokens from slot 0
[17:37:00.440] [SEVERE ] removing card from slot 0
[17:37:00.549] [SEVERE ] removing tokens from slot 2
[17:37:00.549] [SEVERE ] removing card from slot 2
[17:37:00.549] [SEVERE ] updating countdown to 11000
[17:37:00.662] [SEVERE ] placing card 78 in slot 3
[17:37:00.772] [SEVERE ] placing card 26 in slot 7
[17:37:00.882] [SEVERE ] placing card 24 in slot 8
[17:37:00.992] [SEVERE ] placing card 15 in slot 4
[17:37:01.102] [SEVERE ] placing card 14 in slot 1
[17:37:01.211] [SEVERE ] placing card 50 in slot 6
[17:37:01.321] [SEVERE ] placing card 64 in slot 10
[17:37:01.431] [SEVERE ] placing card 36 in slot 5
[17:37:01.541] [SEVERE ] placing card 43 in slot 11
[17:37:01.650] [SEVERE ] placing card 68 in slot 9
[17:37:01.760] [SEVERE ] placing card 1 in slot 0
[17:37:01.870] [SEVERE ] placing card 49 in slot 2
[17:37:02.876] [SEVERE ] player 4 placing token on slot 9
[17:37:02.876] [SEVERE ] updating countdown to 9994
[17:37:02.876] [SEVERE ] player 2 placing token on slot 0
[17:37:02.876] [SEVERE ] player 1 placing token on slot 0
[17:37:02.876] [SEVERE ] player 1 placing token on slot 1
[17:37:02.876] [SEVERE ] player 1 placing token on slot 8
[17:37:02.877] [SEVERE ] player 3 placing token on slot 10
[17:37:02.877] [SEVERE ] player 2 placing token on slot 1
[17:37:02.877] [SEVERE ] player 2 placing token on slot 8
[17:37:03.877] [SEVERE ] player 4 placing token on slot 0
[17:37:03.877] [SEVERE ] player 4 placing token on slot 1
[17:37:03.892] [SEVERE ] updating countdown to 8978
[17:37:03.892] [SEVERE ] player 3 placing token on slot 0
[17:37:03.892] [SEVERE ] updating countdown to 11000
[17:37:03.892] [SEVERE ] player 3 placing token on slot 1
[17:37:04.002] [SEVERE ] removing player 1 token from slot 0
[17:37:04.002] [SEVERE ] removing player 2 token from slot 0
[17:37:04.002] [SEVERE ] removing player 3 token from slot 0
[17:37:04.002] [SEVERE ] removing player 4 token from slot 0
[17:37:04.002] [SEVERE ] removing tokens from slot 0
[17:37:04.002] [SEVERE ] removing card from slot 0
[17:37:04.112] [SEVERE ] removing player 1 token from slot 1
[17:37:04.112] [SEVERE ] removing player 2 token from slot 1
[17:37:04.112] [SEVERE ] removing player 3 token from slot 1
[17:37:04.112] [SEVERE ] removing player 4 token from slot 1
[17:37:04.112] [SEVERE ] removing tokens from slot 1
[17:37:04.112] [SEVERE ] removing card from slot 1
[17:37:04.223] [SEVERE ] removing player 1 token from slot 8
[17:37:04.223] [SEVERE ] removing player 2 token from slot 8
[17:37:04.223] [SEVERE ] removing tokens from slot 8
[17:37:04.223] [SEVERE ] removing card from slot 8
[17:37:04.223] [SEVERE ] setting player 1 score to 11
[17:37:04.223] [SEVERE ] setting player 1 freeze to 1000
[17:37:04.338] [SEVERE ] placing card 32 in slot 8
[17:37:04.449] [SEVERE ] placing card 13 in slot 1
[17:37:04.559] [SEVERE ] placing card 42 in slot 0
[17:37:05.235] [SEVERE ] setting player 1 freeze to 0
[17:37:05.235] [SEVERE ] player 3 placing token on slot 5
[17:37:05.235] [SEVERE ] player 2 placing token on slot 1
[17:37:05.236] [SEVERE ] player 4 placing token on slot 0
[17:37:05.236] [SEVERE ] player 2 placing token on slot 11
[17:37:05.236] [SEVERE ] player 2 placing token on slot 10
[17:37:05.565] [SEVERE ] updating countdown to 9327
[17:37:05.565] [SEVERE ] updating countdown to 11000
[17:37:05.675] [SEVERE ] removing player 2 token from slot 1
[17:37:05.675] [SEVERE ] removing tokens from slot 1
[17:37:05.675] [SEVERE ] removing card from slot 1
[17:37:05.786] [SEVERE ] removing player 2 token from slot 11
[17:37:05.786] [SEVERE ] removing tokens from slot 11
[17:37:05.786] [SEVERE ] removing card from slot 11
[17:37:05.896] [SEVERE ] removing player 2 token from slot 10
[17:37:05.896] [SEVERE ] removing player 3 token from slot 10
[17:37:05.896] [SEVERE ] removing tokens from slot 10
[17:37:05.896] [SEVERE ] removing card from slot 10
[17:37:05.896] [SEVERE ] setting player 2 score to 12
[17:37:05.896] [SEVERE ] setting player 2 freeze to 1000
[17:37:05.907] [INFO   ] thread dealer terminated.
[17:37:06.898] [SEVERE ] setting player 2 freeze to 0
[17:37:09.243] [SEVERE ] exit button pressed
[17:37:09.254] [SEVERE ] player 4 placing token on slot 2
[17:37:09.255] [INFO   ] thread Thread-1 terminated.
[17:37:09.255] [SEVERE ] player 3 placing token on slot 6
[17:37:09.255] [INFO   ] thread computer-3 terminated.
[17:37:09.255] [INFO   ] thread computer-2 terminated.
[17:37:09.916] [INFO   ] thread Thread-2 terminated.
[17:37:10.264] [INFO   ] thread Thread-3 terminated.
[17:37:10.909] [SEVERE ] thanks for playing... it was fun!
[17:37:10.910] [INFO   ] thread bguspl.set.Main.main() terminated.
