[14:31:30.211] [INFO   ] thread bguspl.set.Main.main() starting.
[14:31:30.228] [SEVERE ] cannot read configuration file config.properties trying from resources.
[14:31:30.228] [SEVERE ] configuration file was loaded from resources directory.
[14:31:31.182] [INFO   ] thread dealer starting.
[14:31:31.183] [INFO   ] thread dealer starting.
[14:31:31.185] [INFO   ] thread Thread-1 starting.
[14:31:31.185] [INFO   ] thread Thread-2 starting.
[14:31:31.185] [INFO   ] thread Thread-3 starting.
[14:31:31.186] [INFO   ] thread Thread-4 starting.
[14:31:31.191] [INFO   ] thread computer-3 starting.
[14:31:31.191] [INFO   ] thread computer-2 starting.
[14:31:31.197] [SEVERE ] updating countdown to 10000
[14:31:31.300] [SEVERE ] placing card 31 in slot 7
[14:31:31.436] [SEVERE ] placing card 76 in slot 3
[14:31:31.544] [SEVERE ] placing card 34 in slot 2
[14:31:31.645] [SEVERE ] placing card 39 in slot 9
[14:31:31.747] [SEVERE ] placing card 66 in slot 0
[14:31:31.867] [SEVERE ] placing card 80 in slot 10
[14:31:31.982] [SEVERE ] placing card 53 in slot 1
[14:31:32.085] [SEVERE ] placing card 13 in slot 8
[14:31:32.186] [SEVERE ] placing card 67 in slot 5
[14:31:32.194] [SEVERE ] player 3 placing token on slot 3
[14:31:32.195] [SEVERE ] player 4 placing token on slot 2
[14:31:32.298] [SEVERE ] placing card 18 in slot 11
[14:31:32.402] [SEVERE ] placing card 56 in slot 4
[14:31:32.503] [SEVERE ] placing card 8 in slot 6
[14:31:33.196] [SEVERE ] player 3 placing token on slot 1
[14:31:33.197] [SEVERE ] player 4 placing token on slot 1
[14:31:33.504] [SEVERE ] updating countdown to 10000
[14:31:34.201] [SEVERE ] player 4 placing token on slot 0
[14:31:34.202] [SEVERE ] player 3 placing token on slot 7
[14:31:34.507] [SEVERE ] updating countdown to 8997
[14:31:34.507] [SEVERE ] removing player 4 token from slot 2
[14:31:34.507] [SEVERE ] removing player 4 token from slot 1
[14:31:34.507] [SEVERE ] removing player 4 token from slot 0
[14:31:34.512] [SEVERE ] setting player 4 freeze to 3000
[14:31:34.512] [SEVERE ] removing player 3 token from slot 3
[14:31:34.513] [SEVERE ] removing player 3 token from slot 1
[14:31:34.513] [SEVERE ] removing player 3 token from slot 7
[14:31:34.513] [SEVERE ] setting player 3 freeze to 3000
[14:31:35.519] [SEVERE ] setting player 3 freeze to 2000
[14:31:35.519] [SEVERE ] updating countdown to 7985
[14:31:35.519] [SEVERE ] setting player 4 freeze to 2000
[14:31:35.796] [SEVERE ] key 81 was pressed by player 1
[14:31:35.801] [SEVERE ] player 1 placing token on slot 0
[14:31:35.991] [SEVERE ] key 87 was pressed by player 1
[14:31:35.992] [SEVERE ] player 1 placing token on slot 1
[14:31:36.224] [SEVERE ] key 69 was pressed by player 1
[14:31:36.228] [SEVERE ] player 1 placing token on slot 2
[14:31:36.533] [SEVERE ] updating countdown to 6971
[14:31:36.533] [SEVERE ] setting player 3 freeze to 1000
[14:31:36.533] [SEVERE ] setting player 4 freeze to 1000
[14:31:36.533] [SEVERE ] removing player 1 token from slot 0
[14:31:36.533] [SEVERE ] removing player 1 token from slot 1
[14:31:36.533] [SEVERE ] removing player 1 token from slot 2
[14:31:36.533] [SEVERE ] setting player 1 freeze to 3000
[14:31:36.922] [SEVERE ] key 81 was pressed by player 1
[14:31:37.409] [SEVERE ] key 87 was pressed by player 1
[14:31:37.534] [SEVERE ] setting player 3 freeze to 0
[14:31:37.536] [SEVERE ] setting player 4 freeze to 0
[14:31:37.538] [SEVERE ] setting player 1 freeze to 2000
[14:31:37.538] [SEVERE ] updating countdown to 5966
[14:31:37.679] [SEVERE ] key 69 was pressed by player 1
[14:31:37.977] [SEVERE ] key 87 was pressed by player 1
[14:31:38.307] [SEVERE ] key 81 was pressed by player 1
[14:31:38.544] [SEVERE ] setting player 1 freeze to 1000
[14:31:38.544] [SEVERE ] player 4 placing token on slot 9
[14:31:38.545] [SEVERE ] player 3 placing token on slot 11
[14:31:38.702] [SEVERE ] key 87 was pressed by player 1
[14:31:39.552] [SEVERE ] setting player 1 freeze to 0
[14:31:39.553] [SEVERE ] player 4 placing token on slot 11
[14:31:39.555] [SEVERE ] player 3 placing token on slot 10
[14:31:40.557] [SEVERE ] player 4 placing token on slot 8
[14:31:40.558] [SEVERE ] player 3 placing token on slot 0
[14:31:40.559] [SEVERE ] removing player 4 token from slot 9
[14:31:40.560] [SEVERE ] removing player 4 token from slot 11
[14:31:40.560] [SEVERE ] removing player 4 token from slot 8
[14:31:40.562] [SEVERE ] setting player 4 freeze to 3000
[14:31:40.562] [SEVERE ] removing player 3 token from slot 11
[14:31:40.564] [SEVERE ] removing player 3 token from slot 10
[14:31:40.565] [SEVERE ] removing player 3 token from slot 0
[14:31:40.565] [SEVERE ] setting player 3 freeze to 3000
[14:31:41.564] [SEVERE ] setting player 4 freeze to 2000
[14:31:41.567] [SEVERE ] setting player 3 freeze to 2000
[14:31:42.564] [SEVERE ] setting player 4 freeze to 1000
[14:31:42.575] [SEVERE ] setting player 3 freeze to 1000
[14:31:43.504] [SEVERE ] updating countdown to 10000
[14:31:43.567] [SEVERE ] setting player 4 freeze to 0
[14:31:43.583] [SEVERE ] setting player 3 freeze to 0
[14:31:43.615] [SEVERE ] removing tokens from slot 7
[14:31:43.615] [SEVERE ] removing card from slot 7
[14:31:43.725] [SEVERE ] removing tokens from slot 3
[14:31:43.725] [SEVERE ] removing card from slot 3
[14:31:43.835] [SEVERE ] removing tokens from slot 2
[14:31:43.835] [SEVERE ] removing card from slot 2
[14:31:43.945] [SEVERE ] removing tokens from slot 9
[14:31:43.945] [SEVERE ] removing card from slot 9
[14:31:43.963] [SEVERE ] key 87 was pressed by player 1
[14:31:43.976] [SEVERE ] player 1 placing token on slot 1
[14:31:44.050] [SEVERE ] removing tokens from slot 0
[14:31:44.050] [SEVERE ] removing card from slot 0
[14:31:44.161] [SEVERE ] removing tokens from slot 10
[14:31:44.161] [SEVERE ] removing card from slot 10
[14:31:44.271] [SEVERE ] removing player 1 token from slot 1
[14:31:44.271] [SEVERE ] removing tokens from slot 1
[14:31:44.271] [SEVERE ] removing card from slot 1
[14:31:44.383] [SEVERE ] removing tokens from slot 8
[14:31:44.383] [SEVERE ] removing card from slot 8
[14:31:44.492] [SEVERE ] removing tokens from slot 5
[14:31:44.492] [SEVERE ] removing card from slot 5
[14:31:44.586] [SEVERE ] player 3 placing token on slot 4
[14:31:44.602] [SEVERE ] removing tokens from slot 11
[14:31:44.602] [SEVERE ] removing card from slot 11
[14:31:44.709] [SEVERE ] removing player 3 token from slot 4
[14:31:44.709] [SEVERE ] removing tokens from slot 4
[14:31:44.709] [SEVERE ] removing card from slot 4
[14:31:44.816] [SEVERE ] removing tokens from slot 6
[14:31:44.816] [SEVERE ] removing card from slot 6
[14:31:44.816] [SEVERE ] updating countdown to 10000
[14:31:44.919] [SEVERE ] placing card 1 in slot 7
[14:31:45.019] [SEVERE ] placing card 60 in slot 3
[14:31:45.121] [SEVERE ] placing card 3 in slot 2
[14:31:45.222] [SEVERE ] placing card 53 in slot 9
[14:31:45.323] [SEVERE ] placing card 45 in slot 0
[14:31:45.423] [SEVERE ] placing card 56 in slot 10
[14:31:45.434] [SEVERE ] key 87 was pressed by player 1
[14:31:45.524] [SEVERE ] placing card 59 in slot 1
[14:31:45.625] [SEVERE ] placing card 64 in slot 8
[14:31:45.726] [SEVERE ] placing card 29 in slot 5
[14:31:45.768] [SEVERE ] key 87 was pressed by player 1
[14:31:45.769] [SEVERE ] player 1 placing token on slot 1
[14:31:45.818] [SEVERE ] player 3 placing token on slot 3
[14:31:45.831] [SEVERE ] placing card 15 in slot 11
[14:31:45.871] [SEVERE ] key 76 was pressed by player 2
[14:31:45.936] [SEVERE ] placing card 63 in slot 4
[14:31:46.037] [SEVERE ] placing card 27 in slot 6
[14:31:46.818] [SEVERE ] player 4 placing token on slot 9
[14:31:46.819] [SEVERE ] removing player 3 token from slot 3
[14:31:47.038] [SEVERE ] updating countdown to 9999
[14:31:47.820] [SEVERE ] player 4 placing token on slot 1
[14:31:47.821] [SEVERE ] player 3 placing token on slot 8
[14:31:48.044] [SEVERE ] updating countdown to 8993
[14:31:48.821] [SEVERE ] removing player 4 token from slot 1
[14:31:48.824] [SEVERE ] player 3 placing token on slot 2
[14:31:49.045] [SEVERE ] updating countdown to 7992
[14:31:49.824] [SEVERE ] player 4 placing token on slot 10
[14:31:49.826] [SEVERE ] player 3 placing token on slot 3
[14:31:50.048] [SEVERE ] updating countdown to 6989
[14:31:50.049] [SEVERE ] removing player 3 token from slot 8
[14:31:50.050] [SEVERE ] removing player 3 token from slot 2
[14:31:50.050] [SEVERE ] removing player 3 token from slot 3
[14:31:50.050] [SEVERE ] setting player 3 freeze to 3000
[14:31:50.827] [SEVERE ] player 4 placing token on slot 1
[14:31:51.052] [SEVERE ] setting player 3 freeze to 2000
[14:31:51.052] [SEVERE ] updating countdown to 5985
[14:31:51.053] [SEVERE ] removing player 4 token from slot 9
[14:31:51.054] [SEVERE ] removing player 4 token from slot 10
[14:31:51.055] [SEVERE ] removing player 4 token from slot 1
[14:31:51.055] [SEVERE ] setting player 4 freeze to 3000
[14:31:52.056] [SEVERE ] setting player 3 freeze to 1000
[14:31:52.056] [SEVERE ] setting player 4 freeze to 2000
[14:31:53.037] [SEVERE ] updating countdown to 4000
[14:31:53.037] [SEVERE ] updating countdown to 4000
[14:31:53.037] [SEVERE ] updating countdown to 4000
[14:31:53.071] [SEVERE ] setting player 4 freeze to 1000
[14:31:53.071] [SEVERE ] setting player 3 freeze to 0
