[15:09:18.966] [INFO   ] thread bguspl.set.Main.main() starting.
[15:09:18.971] [SEVERE ] cannot read configuration file config.properties trying from resources.
[15:09:18.974] [SEVERE ] configuration file was loaded from resources directory.
[15:09:19.708] [INFO   ] thread dealer starting.
[15:09:19.709] [INFO   ] thread dealer starting.
[15:09:19.711] [INFO   ] thread Thread-1 starting.
[15:09:19.712] [INFO   ] thread Thread-3 starting.
[15:09:19.712] [INFO   ] thread Thread-4 starting.
[15:09:19.712] [INFO   ] thread Thread-2 starting.
[15:09:19.714] [INFO   ] thread computer-2 starting.
[15:09:19.714] [INFO   ] thread computer-3 starting.
[15:09:19.721] [SEVERE ] updating countdown to 5000
[15:09:19.833] [SEVERE ] placing card 46 in slot 0
[15:09:19.945] [SEVERE ] placing card 77 in slot 7
[15:09:20.055] [SEVERE ] placing card 3 in slot 6
[15:09:20.167] [SEVERE ] placing card 42 in slot 1
[15:09:20.278] [SEVERE ] placing card 29 in slot 3
[15:09:20.389] [SEVERE ] placing card 13 in slot 5
[15:09:20.501] [SEVERE ] placing card 17 in slot 10
[15:09:20.611] [SEVERE ] placing card 56 in slot 9
[15:09:20.721] [SEVERE ] placing card 12 in slot 4
[15:09:20.722] [SEVERE ] player 4 placing token on slot 5
[15:09:20.824] [SEVERE ] placing card 55 in slot 11
[15:09:20.927] [SEVERE ] placing card 79 in slot 8
[15:09:21.039] [SEVERE ] placing card 52 in slot 2
[15:09:21.737] [SEVERE ] player 3 placing token on slot 3
[15:09:21.738] [SEVERE ] player 4 placing token on slot 10
[15:09:22.738] [SEVERE ] removing player 3 token from slot 3
[15:09:22.740] [SEVERE ] player 4 placing token on slot 11
[15:09:22.742] [SEVERE ] removing player 4 token from slot 5
[15:09:22.743] [SEVERE ] removing player 4 token from slot 10
[15:09:22.744] [SEVERE ] removing player 4 token from slot 11
[15:09:22.745] [SEVERE ] setting player 4 freeze to 3000
[15:09:23.039] [SEVERE ] updating countdown to 4000
[15:09:23.039] [SEVERE ] updating countdown to 4000
[15:09:23.039] [SEVERE ] updating countdown to 4000
[15:09:23.039] [SEVERE ] updating countdown to 4000
[15:09:23.039] [SEVERE ] updating countdown to 4000
[15:09:23.039] [SEVERE ] updating countdown to 4000
[15:09:23.039] [SEVERE ] updating countdown to 4000
[15:09:23.039] [SEVERE ] updating countdown to 4000
[15:09:23.744] [SEVERE ] player 3 placing token on slot 7
[15:09:23.759] [SEVERE ] setting player 4 freeze to 2000
[15:09:24.754] [SEVERE ] player 3 placing token on slot 5
[15:09:24.770] [SEVERE ] setting player 4 freeze to 1000
[15:09:25.039] [SEVERE ] updating countdown to 2000
[15:09:25.039] [SEVERE ] updating countdown to 2000
[15:09:25.039] [SEVERE ] updating countdown to 2000
[15:09:25.039] [SEVERE ] updating countdown to 2000
[15:09:25.039] [SEVERE ] updating countdown to 2000
[15:09:25.039] [SEVERE ] updating countdown to 2000
[15:09:25.039] [SEVERE ] updating countdown to 2000
[15:09:25.763] [SEVERE ] player 3 placing token on slot 10
[15:09:25.764] [SEVERE ] removing player 3 token from slot 7
[15:09:25.765] [SEVERE ] removing player 3 token from slot 5
[15:09:25.766] [SEVERE ] removing player 3 token from slot 10
[15:09:25.766] [SEVERE ] setting player 3 freeze to 3000
[15:09:25.779] [SEVERE ] setting player 4 freeze to 0
[15:09:26.039] [SEVERE ] updating countdown to 1000
[15:09:26.039] [SEVERE ] updating countdown to 1000
[15:09:26.039] [SEVERE ] updating countdown to 1000
[15:09:26.039] [SEVERE ] updating countdown to 1000
[15:09:26.039] [SEVERE ] updating countdown to 1000
[15:09:26.039] [SEVERE ] updating countdown to 1000
[15:09:26.039] [SEVERE ] updating countdown to 1000
[15:09:26.039] [SEVERE ] updating countdown to 1000
[15:09:26.039] [SEVERE ] updating countdown to 1000
[15:09:26.777] [SEVERE ] setting player 3 freeze to 2000
[15:09:26.793] [SEVERE ] player 4 placing token on slot 0
[15:09:27.039] [SEVERE ] updating countdown to 5000
[15:09:27.144] [SEVERE ] removing player 4 token from slot 0
[15:09:27.144] [SEVERE ] removing tokens from slot 0
[15:09:27.144] [SEVERE ] removing card from slot 0
[15:09:27.254] [SEVERE ] removing tokens from slot 7
[15:09:27.254] [SEVERE ] removing card from slot 7
[15:09:27.365] [SEVERE ] removing tokens from slot 6
[15:09:27.365] [SEVERE ] removing card from slot 6
[15:09:27.477] [SEVERE ] removing tokens from slot 1
[15:09:27.477] [SEVERE ] removing card from slot 1
[15:09:27.566] [SEVERE ] key 81 was pressed by player 1
[15:09:27.588] [SEVERE ] removing tokens from slot 3
[15:09:27.588] [SEVERE ] removing card from slot 3
[15:09:27.700] [SEVERE ] removing tokens from slot 5
[15:09:27.700] [SEVERE ] removing card from slot 5
[15:09:27.779] [SEVERE ] setting player 3 freeze to 1000
[15:09:27.811] [SEVERE ] removing tokens from slot 10
[15:09:27.811] [SEVERE ] removing card from slot 10
[15:09:27.878] [SEVERE ] key 87 was pressed by player 1
[15:09:27.922] [SEVERE ] removing tokens from slot 9
[15:09:27.922] [SEVERE ] removing card from slot 9
[15:09:28.031] [SEVERE ] removing tokens from slot 4
[15:09:28.031] [SEVERE ] removing card from slot 4
[15:09:28.142] [SEVERE ] removing tokens from slot 11
[15:09:28.142] [SEVERE ] removing card from slot 11
[15:09:28.215] [SEVERE ] key 69 was pressed by player 1
[15:09:28.216] [SEVERE ] player 1 placing token on slot 2
[15:09:28.253] [SEVERE ] removing tokens from slot 8
[15:09:28.253] [SEVERE ] removing card from slot 8
[15:09:28.363] [SEVERE ] removing player 1 token from slot 2
[15:09:28.363] [SEVERE ] removing tokens from slot 2
[15:09:28.363] [SEVERE ] removing card from slot 2
[15:09:28.365] [SEVERE ] updating countdown to 5000
[15:09:28.472] [SEVERE ] placing card 36 in slot 0
[15:09:28.582] [SEVERE ] placing card 39 in slot 7
[15:09:28.694] [SEVERE ] placing card 80 in slot 6
[15:09:28.789] [SEVERE ] setting player 3 freeze to 0
[15:09:28.805] [SEVERE ] placing card 6 in slot 1
[15:09:28.914] [SEVERE ] placing card 40 in slot 3
[15:09:28.997] [SEVERE ] key 81 was pressed by player 1
[15:09:28.999] [SEVERE ] player 1 placing token on slot 0
[15:09:29.026] [SEVERE ] placing card 75 in slot 5
[15:09:29.137] [SEVERE ] placing card 21 in slot 10
[15:09:29.249] [SEVERE ] placing card 2 in slot 9
[15:09:29.359] [SEVERE ] placing card 69 in slot 4
[15:09:29.469] [SEVERE ] placing card 0 in slot 11
[15:09:29.580] [SEVERE ] placing card 70 in slot 8
[15:09:29.691] [SEVERE ] placing card 62 in slot 2
[15:09:29.802] [SEVERE ] player 3 placing token on slot 5
[15:09:30.707] [SEVERE ] player 4 placing token on slot 2
[15:09:30.816] [SEVERE ] player 3 placing token on slot 9
[15:09:31.691] [SEVERE ] updating countdown to 4000
[15:09:31.691] [SEVERE ] updating countdown to 4000
[15:09:31.691] [SEVERE ] updating countdown to 4000
[15:09:31.691] [SEVERE ] updating countdown to 4000
[15:09:31.691] [SEVERE ] updating countdown to 4000
[15:09:31.691] [SEVERE ] updating countdown to 4000
[15:09:31.691] [SEVERE ] updating countdown to 4000
[15:09:31.719] [SEVERE ] removing player 4 token from slot 2
[15:09:31.831] [SEVERE ] player 3 placing token on slot 2
[15:09:31.833] [SEVERE ] removing player 3 token from slot 5
[15:09:31.833] [SEVERE ] removing player 3 token from slot 9
[15:09:31.834] [SEVERE ] removing player 3 token from slot 2
[15:09:31.834] [SEVERE ] setting player 3 freeze to 3000
[15:09:32.691] [SEVERE ] updating countdown to 3000
[15:09:32.691] [SEVERE ] updating countdown to 3000
[15:09:32.691] [SEVERE ] updating countdown to 3000
[15:09:32.691] [SEVERE ] updating countdown to 3000
[15:09:32.691] [SEVERE ] updating countdown to 3000
[15:09:32.691] [SEVERE ] updating countdown to 3000
[15:09:32.691] [SEVERE ] updating countdown to 3000
[15:09:32.721] [SEVERE ] player 4 placing token on slot 7
[15:09:32.835] [SEVERE ] setting player 3 freeze to 2000
[15:09:33.691] [SEVERE ] updating countdown to 2000
[15:09:33.691] [SEVERE ] updating countdown to 2000
[15:09:33.691] [SEVERE ] updating countdown to 2000
[15:09:33.691] [SEVERE ] updating countdown to 2000
[15:09:33.691] [SEVERE ] updating countdown to 2000
[15:09:33.691] [SEVERE ] updating countdown to 2000
[15:09:33.691] [SEVERE ] updating countdown to 2000
[15:09:33.691] [SEVERE ] updating countdown to 2000
[15:09:33.691] [SEVERE ] updating countdown to 2000
[15:09:33.691] [SEVERE ] updating countdown to 2000
[15:09:33.691] [SEVERE ] updating countdown to 2000
[15:09:33.691] [SEVERE ] updating countdown to 2000
[15:09:33.691] [SEVERE ] updating countdown to 2000
[15:09:33.691] [SEVERE ] updating countdown to 2000
[15:09:33.691] [SEVERE ] updating countdown to 2000
[15:09:33.691] [SEVERE ] updating countdown to 2000
[15:09:33.691] [SEVERE ] updating countdown to 2000
[15:09:33.722] [SEVERE ] player 4 placing token on slot 10
[15:09:33.836] [SEVERE ] setting player 3 freeze to 1000
[15:09:34.691] [SEVERE ] updating countdown to 1000
[15:09:34.691] [SEVERE ] updating countdown to 1000
[15:09:34.691] [SEVERE ] updating countdown to 1000
[15:09:34.691] [SEVERE ] updating countdown to 1000
[15:09:34.691] [SEVERE ] updating countdown to 1000
[15:09:34.691] [SEVERE ] updating countdown to 1000
[15:09:34.691] [SEVERE ] updating countdown to 1000
[15:09:34.691] [SEVERE ] updating countdown to 1000
[15:09:34.691] [SEVERE ] updating countdown to 1000
[15:09:34.691] [SEVERE ] updating countdown to 1000
[15:09:34.691] [SEVERE ] updating countdown to 1000
[15:09:34.691] [SEVERE ] updating countdown to 1000
[15:09:34.691] [SEVERE ] updating countdown to 1000
[15:09:34.691] [SEVERE ] updating countdown to 1000
[15:09:34.723] [SEVERE ] player 4 placing token on slot 4
[15:09:34.724] [SEVERE ] removing player 4 token from slot 7
[15:09:34.725] [SEVERE ] removing player 4 token from slot 10
[15:09:34.726] [SEVERE ] removing player 4 token from slot 4
[15:09:34.726] [SEVERE ] setting player 4 freeze to 3000
[15:09:34.838] [SEVERE ] setting player 3 freeze to 0
[15:09:35.691] [SEVERE ] updating countdown to 5000
[15:09:35.738] [SEVERE ] setting player 4 freeze to 2000
[15:09:35.801] [SEVERE ] removing player 1 token from slot 0
[15:09:35.802] [SEVERE ] removing tokens from slot 0
[15:09:35.802] [SEVERE ] removing card from slot 0
[15:09:35.842] [SEVERE ] player 3 placing token on slot 6
[15:09:35.907] [SEVERE ] removing tokens from slot 7
[15:09:35.907] [SEVERE ] removing card from slot 7
[15:09:36.011] [SEVERE ] removing player 3 token from slot 6
[15:09:36.011] [SEVERE ] removing tokens from slot 6
[15:09:36.011] [SEVERE ] removing card from slot 6
[15:09:36.124] [SEVERE ] removing tokens from slot 1
[15:09:36.124] [SEVERE ] removing card from slot 1
[15:09:36.140] [SEVERE ] key 68 was pressed by player 1
[15:09:36.172] [SEVERE ] key 79 was pressed by player 2
[15:09:36.172] [SEVERE ] player 2 placing token on slot 2
[15:09:36.189] [SEVERE ] key 87 was pressed by player 1
[15:09:36.229] [SEVERE ] removing tokens from slot 3
[15:09:36.229] [SEVERE ] removing card from slot 3
[15:09:36.343] [SEVERE ] removing tokens from slot 5
[15:09:36.343] [SEVERE ] removing card from slot 5
[15:09:36.453] [SEVERE ] removing tokens from slot 10
[15:09:36.453] [SEVERE ] removing card from slot 10
[15:09:36.563] [SEVERE ] removing tokens from slot 9
[15:09:36.563] [SEVERE ] removing card from slot 9
[15:09:36.673] [SEVERE ] removing tokens from slot 4
[15:09:36.673] [SEVERE ] removing card from slot 4
[15:09:36.752] [SEVERE ] setting player 4 freeze to 1000
[15:09:36.784] [SEVERE ] removing tokens from slot 11
[15:09:36.784] [SEVERE ] removing card from slot 11
[15:09:36.894] [SEVERE ] removing tokens from slot 8
[15:09:36.894] [SEVERE ] removing card from slot 8
[15:09:37.005] [SEVERE ] removing player 2 token from slot 2
[15:09:37.005] [SEVERE ] removing tokens from slot 2
[15:09:37.005] [SEVERE ] removing card from slot 2
[15:09:37.005] [SEVERE ] updating countdown to 5000
[15:09:37.114] [SEVERE ] placing card 53 in slot 0
[15:09:37.225] [SEVERE ] placing card 49 in slot 7
[15:09:37.334] [SEVERE ] placing card 7 in slot 6
[15:09:37.444] [SEVERE ] placing card 18 in slot 1
[15:09:37.554] [SEVERE ] placing card 40 in slot 3
[15:09:37.664] [SEVERE ] placing card 16 in slot 5
[15:09:37.727] [SEVERE ] key 81 was pressed by player 1
[15:09:37.727] [SEVERE ] player 1 placing token on slot 0
[15:09:37.758] [SEVERE ] setting player 4 freeze to 0
[15:09:37.773] [SEVERE ] placing card 60 in slot 10
[15:09:37.880] [SEVERE ] placing card 20 in slot 9
[15:09:37.990] [SEVERE ] placing card 25 in slot 4
[15:09:38.100] [SEVERE ] placing card 11 in slot 11
[15:09:38.210] [SEVERE ] placing card 54 in slot 8
[15:09:38.320] [SEVERE ] placing card 10 in slot 2
[15:09:38.761] [SEVERE ] player 4 placing token on slot 1
[15:09:39.322] [SEVERE ] player 3 placing token on slot 11
[15:09:39.763] [SEVERE ] player 4 placing token on slot 10
[15:09:40.320] [SEVERE ] updating countdown to 4000
[15:09:40.320] [SEVERE ] updating countdown to 4000
[15:09:40.320] [SEVERE ] updating countdown to 4000
[15:09:40.320] [SEVERE ] updating countdown to 4000
[15:09:40.320] [SEVERE ] updating countdown to 4000
[15:09:40.320] [SEVERE ] updating countdown to 4000
[15:09:40.320] [SEVERE ] updating countdown to 4000
[15:09:40.320] [SEVERE ] updating countdown to 4000
[15:09:40.320] [SEVERE ] updating countdown to 4000
[15:09:40.320] [SEVERE ] updating countdown to 4000
[15:09:40.320] [SEVERE ] updating countdown to 4000
[15:09:40.320] [SEVERE ] updating countdown to 4000
[15:09:40.320] [SEVERE ] updating countdown to 4000
[15:09:40.320] [SEVERE ] updating countdown to 4000
[15:09:40.320] [SEVERE ] updating countdown to 4000
[15:09:40.320] [SEVERE ] updating countdown to 4000
[15:09:40.320] [SEVERE ] updating countdown to 4000
[15:09:40.320] [SEVERE ] updating countdown to 4000
[15:09:40.320] [SEVERE ] updating countdown to 4000
[15:09:40.320] [SEVERE ] updating countdown to 4000
[15:09:40.320] [SEVERE ] updating countdown to 4000
[15:09:40.320] [SEVERE ] updating countdown to 4000
[15:09:40.320] [SEVERE ] updating countdown to 4000
[15:09:40.320] [SEVERE ] updating countdown to 4000
[15:09:40.320] [SEVERE ] updating countdown to 4000
[15:09:40.320] [SEVERE ] updating countdown to 4000
[15:09:40.320] [SEVERE ] updating countdown to 4000
[15:09:40.320] [SEVERE ] updating countdown to 4000
[15:09:40.320] [SEVERE ] updating countdown to 4000
[15:09:40.320] [SEVERE ] updating countdown to 4000
[15:09:40.320] [SEVERE ] updating countdown to 4000
[15:09:40.320] [SEVERE ] updating countdown to 4000
[15:09:40.320] [SEVERE ] updating countdown to 4000
[15:09:40.320] [SEVERE ] updating countdown to 4000
[15:09:40.324] [SEVERE ] player 3 placing token on slot 3
[15:09:40.767] [SEVERE ] player 4 placing token on slot 6
[15:09:40.769] [SEVERE ] removing player 4 token from slot 1
[15:09:40.769] [SEVERE ] removing player 4 token from slot 10
[15:09:40.770] [SEVERE ] removing player 4 token from slot 6
[15:09:40.771] [SEVERE ] setting player 4 freeze to 3000
[15:09:41.320] [SEVERE ] updating countdown to 3000
[15:09:41.320] [SEVERE ] updating countdown to 3000
[15:09:41.320] [SEVERE ] updating countdown to 3000
[15:09:41.320] [SEVERE ] updating countdown to 3000
[15:09:41.320] [SEVERE ] updating countdown to 3000
[15:09:41.320] [SEVERE ] updating countdown to 3000
[15:09:41.320] [SEVERE ] updating countdown to 3000
[15:09:41.321] [SEVERE ] updating countdown to 3000
[15:09:41.325] [SEVERE ] player 3 placing token on slot 2
[15:09:41.326] [SEVERE ] removing player 3 token from slot 11
[15:09:41.327] [SEVERE ] removing player 3 token from slot 3
[15:09:41.327] [SEVERE ] removing player 3 token from slot 2
[15:09:41.328] [SEVERE ] setting player 3 freeze to 3000
