[16:03:30.264] [INFO   ] thread bguspl.set.Main.main() starting.
[16:03:30.269] [SEVERE ] cannot read configuration file config.properties trying from resources.
[16:03:30.269] [SEVERE ] configuration file was loaded from resources directory.
[16:03:30.715] [INFO   ] thread dealer starting.
[16:03:30.715] [INFO   ] thread dealer starting.
[16:03:30.715] [INFO   ] thread Thread-1 starting.
[16:03:30.715] [INFO   ] thread Thread-2 starting.
[16:03:30.715] [INFO   ] thread Thread-3 starting.
[16:03:30.715] [INFO   ] thread Thread-4 starting.
[16:03:30.715] [INFO   ] thread computer-2 starting.
[16:03:30.724] [INFO   ] thread computer-3 starting.
[16:03:30.727] [SEVERE ] updating countdown to 50000
[16:03:30.833] [SEVERE ] placing card 76 in slot 0
[16:03:30.941] [SEVERE ] placing card 61 in slot 9
[16:03:31.043] [SEVERE ] placing card 29 in slot 5
[16:03:31.153] [SEVERE ] placing card 68 in slot 11
[16:03:31.263] [SEVERE ] placing card 7 in slot 1
[16:03:31.373] [SEVERE ] placing card 54 in slot 7
[16:03:31.483] [SEVERE ] placing card 70 in slot 2
[16:03:31.595] [SEVERE ] placing card 62 in slot 3
[16:03:31.704] [SEVERE ] placing card 6 in slot 4
[16:03:31.726] [SEVERE ] player 4 placing token on slot 11
[16:03:31.726] [SEVERE ] player 3 placing token on slot 1
[16:03:31.810] [SEVERE ] placing card 63 in slot 6
[16:03:31.917] [SEVERE ] placing card 79 in slot 10
[16:03:32.018] [SEVERE ] placing card 52 in slot 8
[16:03:32.737] [SEVERE ] player 4 placing token on slot 3
[16:03:32.748] [SEVERE ] player 3 placing token on slot 11
[16:03:33.033] [SEVERE ] updating countdown to 49985
[16:03:33.174] [SEVERE ] exit button pressed
[16:03:33.174] [INFO   ] thread Thread-1 terminated.
[16:03:33.174] [INFO   ] thread Thread-2 terminated.
[16:03:33.739] [SEVERE ] removing player 4 token from slot 3
[16:03:33.739] [INFO   ] thread computer-3 terminated.
[16:03:33.739] [INFO   ] thread Thread-4 terminated.
[16:03:33.754] [SEVERE ] player 3 placing token on slot 2
[16:03:33.754] [INFO   ] thread computer-2 terminated.
[16:03:34.036] [SEVERE ] updating countdown to 48982
[16:03:34.036] [SEVERE ] removing player 3 token from slot 1
[16:03:34.036] [SEVERE ] removing player 3 token from slot 11
[16:03:34.036] [SEVERE ] removing player 3 token from slot 2
[16:03:34.036] [SEVERE ] updating countdown to 50000
[16:03:34.036] [SEVERE ] setting player 3 freeze to 3000
[16:03:34.146] [SEVERE ] removing tokens from slot 0
[16:03:34.146] [SEVERE ] removing card from slot 0
[16:03:34.256] [SEVERE ] removing tokens from slot 9
[16:03:34.256] [SEVERE ] removing card from slot 9
[16:03:34.366] [SEVERE ] removing tokens from slot 5
[16:03:34.366] [SEVERE ] removing card from slot 5
[16:03:34.476] [SEVERE ] removing player 4 token from slot 11
[16:03:34.476] [SEVERE ] removing tokens from slot 11
[16:03:34.476] [SEVERE ] removing card from slot 11
[16:03:34.586] [SEVERE ] removing tokens from slot 1
[16:03:34.586] [SEVERE ] removing card from slot 1
[16:03:34.696] [SEVERE ] removing tokens from slot 7
[16:03:34.696] [SEVERE ] removing card from slot 7
[16:03:34.806] [SEVERE ] removing tokens from slot 2
[16:03:34.806] [SEVERE ] removing card from slot 2
[16:03:34.916] [SEVERE ] removing tokens from slot 3
[16:03:34.916] [SEVERE ] removing card from slot 3
[16:03:35.026] [SEVERE ] removing tokens from slot 4
[16:03:35.026] [SEVERE ] removing card from slot 4
[16:03:35.042] [SEVERE ] setting player 3 freeze to 2000
[16:03:35.136] [SEVERE ] removing tokens from slot 6
[16:03:35.136] [SEVERE ] removing card from slot 6
[16:03:35.246] [SEVERE ] removing tokens from slot 10
[16:03:35.246] [SEVERE ] removing card from slot 10
[16:03:35.356] [SEVERE ] removing tokens from slot 8
[16:03:35.356] [SEVERE ] removing card from slot 8
[16:03:35.356] [SEVERE ] announcing winner(s): player 1, player 2, player 3
[16:03:35.356] [INFO   ] thread dealer terminated.
[16:03:35.356] [INFO   ] thread dealer terminated.
[16:03:35.356] [SEVERE ] thanks for playing... it was fun!
[16:03:35.356] [INFO   ] thread bguspl.set.Main.main() terminated.
