[16:04:52.317] [INFO   ] thread bguspl.set.Main.main() starting.
[16:04:52.317] [SEVERE ] cannot read configuration file config.properties trying from resources.
[16:04:52.317] [SEVERE ] configuration file was loaded from resources directory.
[16:04:52.789] [INFO   ] thread dealer starting.
[16:04:52.789] [INFO   ] thread dealer starting.
[16:04:52.789] [INFO   ] thread Thread-2 starting.
[16:04:52.789] [INFO   ] thread Thread-4 starting.
[16:04:52.789] [INFO   ] thread Thread-1 starting.
[16:04:52.789] [INFO   ] thread Thread-3 starting.
[16:04:52.798] [INFO   ] thread computer-3 starting.
[16:04:52.798] [INFO   ] thread computer-2 starting.
[16:04:52.804] [SEVERE ] updating countdown to 50000
[16:04:52.910] [SEVERE ] placing card 67 in slot 5
[16:04:53.020] [SEVERE ] placing card 52 in slot 9
[16:04:53.130] [SEVERE ] placing card 5 in slot 11
[16:04:53.241] [SEVERE ] placing card 18 in slot 4
[16:04:53.351] [SEVERE ] placing card 28 in slot 7
[16:04:53.461] [SEVERE ] placing card 27 in slot 0
[16:04:53.571] [SEVERE ] placing card 74 in slot 1
[16:04:53.681] [SEVERE ] placing card 22 in slot 2
[16:04:53.791] [SEVERE ] placing card 45 in slot 3
[16:04:53.807] [SEVERE ] player 3 placing token on slot 2
[16:04:53.901] [SEVERE ] placing card 75 in slot 8
[16:04:54.011] [SEVERE ] placing card 51 in slot 10
[16:04:54.121] [SEVERE ] placing card 47 in slot 6
[16:04:54.813] [SEVERE ] player 4 placing token on slot 8
[16:04:54.814] [SEVERE ] player 3 placing token on slot 5
[16:04:55.128] [SEVERE ] updating countdown to 49993
[16:04:55.820] [SEVERE ] player 3 placing token on slot 1
[16:04:55.821] [SEVERE ] removing player 4 token from slot 8
[16:04:56.134] [SEVERE ] updating countdown to 48987
[16:04:56.134] [SEVERE ] removing player 3 token from slot 2
[16:04:56.134] [SEVERE ] removing player 3 token from slot 5
[16:04:56.134] [SEVERE ] removing player 3 token from slot 1
[16:04:56.134] [SEVERE ] setting player 3 freeze to 3000
[16:04:56.827] [SEVERE ] player 4 placing token on slot 2
[16:04:57.140] [SEVERE ] updating countdown to 47981
[16:04:57.140] [SEVERE ] setting player 3 freeze to 2000
[16:04:57.832] [SEVERE ] player 4 placing token on slot 10
[16:04:58.141] [SEVERE ] setting player 3 freeze to 1000
[16:04:58.141] [SEVERE ] updating countdown to 46980
[16:04:58.836] [SEVERE ] player 4 placing token on slot 5
[16:04:59.149] [SEVERE ] updating countdown to 45972
[16:04:59.149] [SEVERE ] setting player 3 freeze to 0
[16:04:59.149] [SEVERE ] removing player 4 token from slot 2
[16:04:59.149] [SEVERE ] removing player 4 token from slot 10
[16:04:59.149] [SEVERE ] removing player 4 token from slot 5
[16:04:59.149] [SEVERE ] setting player 4 freeze to 3000
[16:04:59.559] [SEVERE ] exit button pressed
[16:04:59.559] [INFO   ] thread Thread-2 terminated.
[16:04:59.559] [INFO   ] thread Thread-1 terminated.
[16:05:00.156] [SEVERE ] setting player 4 freeze to 2000
[16:05:00.156] [SEVERE ] player 3 placing token on slot 10
[16:05:00.156] [SEVERE ] updating countdown to 44965
[16:05:00.156] [SEVERE ] updating countdown to 50000
[16:05:00.156] [INFO   ] thread computer-2 terminated.
[16:05:00.156] [INFO   ] thread Thread-3 terminated.
[16:05:00.266] [SEVERE ] removing tokens from slot 5
[16:05:00.266] [SEVERE ] removing card from slot 5
[16:05:00.376] [SEVERE ] removing tokens from slot 9
[16:05:00.376] [SEVERE ] removing card from slot 9
[16:05:00.486] [SEVERE ] removing tokens from slot 11
[16:05:00.486] [SEVERE ] removing card from slot 11
[16:05:00.597] [SEVERE ] removing tokens from slot 4
[16:05:00.597] [SEVERE ] removing card from slot 4
[16:05:00.702] [SEVERE ] removing tokens from slot 7
[16:05:00.702] [SEVERE ] removing card from slot 7
[16:05:00.817] [SEVERE ] removing tokens from slot 0
[16:05:00.817] [SEVERE ] removing card from slot 0
[16:05:00.927] [SEVERE ] removing tokens from slot 1
[16:05:00.927] [SEVERE ] removing card from slot 1
[16:05:01.037] [SEVERE ] removing tokens from slot 2
[16:05:01.037] [SEVERE ] removing card from slot 2
[16:05:01.146] [SEVERE ] removing tokens from slot 3
[16:05:01.146] [SEVERE ] removing card from slot 3
[16:05:01.167] [SEVERE ] setting player 4 freeze to 1000
[16:05:01.254] [SEVERE ] removing tokens from slot 8
[16:05:01.254] [SEVERE ] removing card from slot 8
[16:05:01.360] [SEVERE ] removing player 3 token from slot 10
[16:05:01.360] [SEVERE ] removing tokens from slot 10
[16:05:01.360] [SEVERE ] removing card from slot 10
[16:05:01.470] [SEVERE ] removing tokens from slot 6
[16:05:01.470] [SEVERE ] removing card from slot 6
[16:05:01.470] [SEVERE ] announcing winner(s): player 1, player 2, player 3, player 4
[16:05:01.470] [INFO   ] thread dealer terminated.
[16:05:01.470] [INFO   ] thread dealer terminated.
[16:05:01.470] [SEVERE ] thanks for playing... it was fun!
[16:05:01.470] [INFO   ] thread bguspl.set.Main.main() terminated.
