[17:49:39.033] [INFO   ] thread bguspl.set.Main.main() starting.
[17:49:39.033] [SEVERE ] cannot read configuration file config.properties trying from resources.
[17:49:39.033] [SEVERE ] configuration file was loaded from resources directory.
[17:49:40.751] [INFO   ] thread dealer starting.
[17:49:40.754] [INFO   ] thread dealer starting.
[17:49:40.755] [INFO   ] thread Thread-1 starting.
[17:49:40.755] [INFO   ] thread Thread-2 starting.
[17:49:40.755] [INFO   ] thread Thread-3 starting.
[17:49:40.758] [INFO   ] thread Thread-4 starting.
[17:49:40.759] [INFO   ] thread computer-2 starting.
[17:49:40.759] [INFO   ] thread computer-3 starting.
[17:49:40.765] [SEVERE ] updating countdown to 11000
[17:49:40.876] [SEVERE ] placing card 55 in slot 6
[17:49:40.998] [SEVERE ] placing card 17 in slot 1
[17:49:41.109] [SEVERE ] placing card 35 in slot 4
[17:49:41.220] [SEVERE ] placing card 44 in slot 5
[17:49:41.331] [SEVERE ] placing card 22 in slot 9
[17:49:41.445] [SEVERE ] placing card 80 in slot 11
[17:49:41.556] [SEVERE ] placing card 4 in slot 3
[17:49:41.662] [SEVERE ] placing card 52 in slot 7
[17:49:41.772] [SEVERE ] placing card 19 in slot 0
[17:49:41.772] [SEVERE ] player 4 placing token on slot 11
[17:49:41.773] [SEVERE ] player 2 placing token on slot 1
[17:49:41.773] [SEVERE ] player 2 placing token on slot 4
[17:49:41.773] [SEVERE ] player 2 placing token on slot 11
[17:49:41.773] [SEVERE ] player 1 placing token on slot 1
[17:49:41.773] [SEVERE ] player 1 placing token on slot 4
[17:49:41.773] [SEVERE ] player 1 placing token on slot 11
[17:49:41.883] [SEVERE ] placing card 27 in slot 2
[17:49:41.994] [SEVERE ] placing card 57 in slot 10
[17:49:42.105] [SEVERE ] placing card 28 in slot 8
[17:49:42.784] [SEVERE ] player 4 placing token on slot 0
[17:49:42.786] [SEVERE ] player 4 placing token on slot 5
[17:49:42.786] [SEVERE ] player 3 placing token on slot 0
[17:49:42.786] [SEVERE ] player 3 placing token on slot 5
[17:49:42.786] [SEVERE ] player 3 placing token on slot 10
[17:49:43.117] [SEVERE ] updating countdown to 10988
[17:49:43.117] [SEVERE ] updating countdown to 11000
[17:49:43.228] [SEVERE ] removing player 1 token from slot 1
[17:49:43.228] [SEVERE ] removing player 2 token from slot 1
[17:49:43.228] [SEVERE ] removing tokens from slot 1
[17:49:43.229] [SEVERE ] removing card from slot 1
[17:49:43.338] [SEVERE ] removing player 1 token from slot 4
[17:49:43.338] [SEVERE ] removing player 2 token from slot 4
[17:49:43.338] [SEVERE ] removing tokens from slot 4
[17:49:43.338] [SEVERE ] removing card from slot 4
[17:49:43.449] [SEVERE ] removing player 1 token from slot 11
[17:49:43.449] [SEVERE ] removing player 2 token from slot 11
[17:49:43.449] [SEVERE ] removing player 4 token from slot 11
[17:49:43.449] [SEVERE ] removing tokens from slot 11
[17:49:43.449] [SEVERE ] removing card from slot 11
[17:49:43.449] [SEVERE ] updating countdown to 11000
[17:49:43.449] [SEVERE ] setting player 2 score to 1
[17:49:43.449] [SEVERE ] setting player 2 freeze to 1000
[17:49:43.559] [SEVERE ] removing player 3 token from slot 0
[17:49:43.559] [SEVERE ] removing player 4 token from slot 0
[17:49:43.559] [SEVERE ] removing tokens from slot 0
[17:49:43.559] [SEVERE ] removing card from slot 0
[17:49:43.669] [SEVERE ] removing player 3 token from slot 5
[17:49:43.669] [SEVERE ] removing player 4 token from slot 5
[17:49:43.669] [SEVERE ] removing tokens from slot 5
[17:49:43.669] [SEVERE ] removing card from slot 5
[17:49:43.779] [SEVERE ] removing player 3 token from slot 10
[17:49:43.779] [SEVERE ] removing tokens from slot 10
[17:49:43.780] [SEVERE ] removing card from slot 10
[17:49:43.780] [SEVERE ] setting player 3 score to 1
[17:49:43.780] [SEVERE ] setting player 3 freeze to 1000
[17:49:43.884] [SEVERE ] placing card 62 in slot 1
[17:49:43.994] [SEVERE ] placing card 73 in slot 4
[17:49:44.104] [SEVERE ] placing card 23 in slot 5
[17:49:44.214] [SEVERE ] placing card 39 in slot 11
[17:49:44.325] [SEVERE ] placing card 76 in slot 0
[17:49:44.435] [SEVERE ] placing card 59 in slot 10
[17:49:44.451] [SEVERE ] player 4 placing token on slot 0
[17:49:44.452] [SEVERE ] player 1 placing token on slot 3
[17:49:44.452] [SEVERE ] setting player 2 freeze to 0
[17:49:44.452] [SEVERE ] player 1 placing token on slot 2
[17:49:44.452] [SEVERE ] updating countdown to 11000
[17:49:44.452] [SEVERE ] player 1 placing token on slot 1
[17:49:44.782] [SEVERE ] setting player 3 freeze to 0
[17:49:44.782] [SEVERE ] updating countdown to 11000
[17:49:45.441] [SEVERE ] updating countdown to 10341
[17:49:45.441] [SEVERE ] updating countdown to 11000
[17:49:45.457] [SEVERE ] player 4 placing token on slot 3
[17:49:45.457] [SEVERE ] player 4 placing token on slot 2
[17:49:45.460] [SEVERE ] player 2 placing token on slot 3
[17:49:45.460] [SEVERE ] player 2 placing token on slot 2
[17:49:45.460] [SEVERE ] player 2 placing token on slot 1
[17:49:45.554] [SEVERE ] removing player 1 token from slot 3
[17:49:45.554] [SEVERE ] removing player 2 token from slot 3
[17:49:45.554] [SEVERE ] removing player 4 token from slot 3
[17:49:45.554] [SEVERE ] removing tokens from slot 3
[17:49:45.554] [SEVERE ] removing card from slot 3
[17:49:45.664] [SEVERE ] removing player 1 token from slot 2
[17:49:45.664] [SEVERE ] removing player 2 token from slot 2
[17:49:45.664] [SEVERE ] removing player 4 token from slot 2
[17:49:45.664] [SEVERE ] removing tokens from slot 2
[17:49:45.664] [SEVERE ] removing card from slot 2
[17:49:45.774] [SEVERE ] removing player 1 token from slot 1
[17:49:45.774] [SEVERE ] removing player 2 token from slot 1
[17:49:45.774] [SEVERE ] removing tokens from slot 1
[17:49:45.774] [SEVERE ] removing card from slot 1
[17:49:45.776] [SEVERE ] setting player 1 score to 1
[17:49:45.776] [SEVERE ] setting player 1 freeze to 1000
[17:49:45.791] [SEVERE ] player 3 placing token on slot 5
[17:49:45.893] [SEVERE ] placing card 68 in slot 1
[17:49:46.007] [SEVERE ] placing card 29 in slot 3
[17:49:46.117] [SEVERE ] placing card 79 in slot 2
[17:49:46.777] [SEVERE ] setting player 1 freeze to 0
[17:49:46.777] [SEVERE ] player 4 placing token on slot 7
[17:49:46.778] [SEVERE ] updating countdown to 11000
[17:49:46.778] [SEVERE ] player 2 placing token on slot 4
[17:49:46.778] [SEVERE ] player 2 placing token on slot 0
[17:49:46.778] [SEVERE ] player 2 placing token on slot 2
[17:49:46.794] [SEVERE ] player 3 placing token on slot 4
[17:49:46.794] [SEVERE ] player 3 placing token on slot 0
[17:49:47.125] [SEVERE ] updating countdown to 10653
[17:49:47.125] [SEVERE ] updating countdown to 11000
[17:49:47.234] [SEVERE ] removing player 2 token from slot 4
[17:49:47.234] [SEVERE ] removing player 3 token from slot 4
[17:49:47.234] [SEVERE ] removing tokens from slot 4
[17:49:47.234] [SEVERE ] removing card from slot 4
[17:49:47.344] [SEVERE ] removing player 2 token from slot 0
[17:49:47.344] [SEVERE ] removing player 3 token from slot 0
[17:49:47.344] [SEVERE ] removing player 4 token from slot 0
[17:49:47.344] [SEVERE ] removing tokens from slot 0
[17:49:47.344] [SEVERE ] removing card from slot 0
[17:49:47.456] [SEVERE ] removing player 2 token from slot 2
[17:49:47.456] [SEVERE ] removing tokens from slot 2
[17:49:47.456] [SEVERE ] removing card from slot 2
[17:49:47.456] [SEVERE ] setting player 2 score to 2
[17:49:47.456] [SEVERE ] setting player 2 freeze to 1000
[17:49:47.559] [SEVERE ] placing card 12 in slot 4
[17:49:47.669] [SEVERE ] placing card 37 in slot 0
[17:49:47.779] [SEVERE ] placing card 47 in slot 2
[17:49:47.779] [SEVERE ] player 4 placing token on slot 3
[17:49:47.781] [SEVERE ] player 4 placing token on slot 11
[17:49:47.782] [SEVERE ] player 1 placing token on slot 3
[17:49:47.782] [SEVERE ] player 1 placing token on slot 11
[17:49:47.782] [SEVERE ] player 1 placing token on slot 7
[17:49:48.460] [SEVERE ] setting player 2 freeze to 0
[17:49:48.460] [SEVERE ] removing player 3 token from slot 5
[17:49:48.460] [SEVERE ] updating countdown to 11000
[17:49:48.790] [SEVERE ] updating countdown to 10670
[17:49:48.790] [SEVERE ] updating countdown to 11000
[17:49:48.900] [SEVERE ] removing player 1 token from slot 7
[17:49:48.900] [SEVERE ] removing player 4 token from slot 7
[17:49:48.903] [SEVERE ] removing tokens from slot 7
[17:49:48.903] [SEVERE ] removing card from slot 7
[17:49:49.015] [SEVERE ] removing player 1 token from slot 3
[17:49:49.015] [SEVERE ] removing player 4 token from slot 3
[17:49:49.015] [SEVERE ] removing tokens from slot 3
[17:49:49.015] [SEVERE ] removing card from slot 3
[17:49:49.126] [SEVERE ] removing player 1 token from slot 11
[17:49:49.126] [SEVERE ] removing player 4 token from slot 11
[17:49:49.126] [SEVERE ] removing tokens from slot 11
[17:49:49.126] [SEVERE ] removing card from slot 11
[17:49:49.126] [SEVERE ] setting player 4 score to 1
[17:49:49.126] [SEVERE ] setting player 4 freeze to 1000
[17:49:49.235] [SEVERE ] placing card 18 in slot 11
[17:49:49.345] [SEVERE ] placing card 51 in slot 3
[17:49:49.456] [SEVERE ] placing card 72 in slot 7
[17:49:50.131] [SEVERE ] setting player 4 freeze to 0
[17:49:50.131] [SEVERE ] updating countdown to 11000
[17:49:50.462] [SEVERE ] updating countdown to 10669
[17:49:50.477] [SEVERE ] player 3 placing token on slot 7
[17:49:51.146] [SEVERE ] player 4 placing token on slot 10
[17:49:51.476] [SEVERE ] updating countdown to 9655
[17:49:52.490] [SEVERE ] updating countdown to 8641
[17:49:52.506] [SEVERE ] player 3 placing token on slot 5
[17:49:53.161] [SEVERE ] player 4 placing token on slot 4
[17:49:53.506] [SEVERE ] updating countdown to 7625
[17:49:54.518] [SEVERE ] updating countdown to 6613
[17:49:54.534] [SEVERE ] player 3 placing token on slot 1
[17:49:55.183] [SEVERE ] player 4 placing token on slot 11
[17:49:55.529] [SEVERE ] updating countdown to 5602
[17:49:55.529] [SEVERE ] removing player 3 token from slot 7
[17:49:55.529] [SEVERE ] removing player 3 token from slot 5
[17:49:55.529] [SEVERE ] removing player 3 token from slot 1
[17:49:55.529] [SEVERE ] removing player 4 token from slot 10
[17:49:55.529] [SEVERE ] removing player 4 token from slot 4
[17:49:55.529] [SEVERE ] removing player 4 token from slot 11
[17:49:55.545] [SEVERE ] setting player 3 freeze to 3000
[17:49:56.186] [SEVERE ] setting player 4 freeze to 3000
[17:49:56.548] [SEVERE ] setting player 3 freeze to 2000
[17:49:57.197] [SEVERE ] setting player 4 freeze to 2000
[17:49:57.550] [SEVERE ] setting player 3 freeze to 1000
[17:49:58.205] [SEVERE ] setting player 4 freeze to 1000
[17:49:58.563] [SEVERE ] setting player 3 freeze to 0
[17:49:59.131] [SEVERE ] updating countdown to 2000
[17:49:59.208] [SEVERE ] setting player 4 freeze to 0
[17:49:59.568] [SEVERE ] player 3 placing token on slot 1
[17:50:00.131] [SEVERE ] updating countdown to 1000
[17:50:00.131] [SEVERE ] updating countdown to 1000
[17:50:00.217] [SEVERE ] player 4 placing token on slot 5
[17:50:01.131] [SEVERE ] updating countdown to 11000
[17:50:01.243] [SEVERE ] removing tokens from slot 6
[17:50:01.243] [SEVERE ] removing card from slot 6
[17:50:01.352] [SEVERE ] removing player 3 token from slot 1
[17:50:01.352] [SEVERE ] removing tokens from slot 1
[17:50:01.352] [SEVERE ] removing card from slot 1
[17:50:01.463] [SEVERE ] removing tokens from slot 4
[17:50:01.463] [SEVERE ] removing card from slot 4
[17:50:01.573] [SEVERE ] removing player 4 token from slot 5
[17:50:01.573] [SEVERE ] removing tokens from slot 5
[17:50:01.573] [SEVERE ] removing card from slot 5
[17:50:01.683] [SEVERE ] removing tokens from slot 9
[17:50:01.683] [SEVERE ] removing card from slot 9
[17:50:01.793] [SEVERE ] removing tokens from slot 11
[17:50:01.793] [SEVERE ] removing card from slot 11
[17:50:01.903] [SEVERE ] removing tokens from slot 3
[17:50:01.903] [SEVERE ] removing card from slot 3
[17:50:02.012] [SEVERE ] removing tokens from slot 7
[17:50:02.012] [SEVERE ] removing card from slot 7
[17:50:02.122] [SEVERE ] removing tokens from slot 0
[17:50:02.122] [SEVERE ] removing card from slot 0
[17:50:02.231] [SEVERE ] removing tokens from slot 2
[17:50:02.231] [SEVERE ] removing card from slot 2
[17:50:02.341] [SEVERE ] removing tokens from slot 10
[17:50:02.341] [SEVERE ] removing card from slot 10
[17:50:02.452] [SEVERE ] removing tokens from slot 8
[17:50:02.452] [SEVERE ] removing card from slot 8
[17:50:02.452] [SEVERE ] updating countdown to 11000
[17:50:02.560] [SEVERE ] placing card 16 in slot 6
[17:50:02.670] [SEVERE ] placing card 71 in slot 1
[17:50:02.780] [SEVERE ] placing card 37 in slot 4
[17:50:02.890] [SEVERE ] placing card 6 in slot 5
[17:50:03.000] [SEVERE ] placing card 69 in slot 9
[17:50:03.109] [SEVERE ] placing card 54 in slot 11
[17:50:03.220] [SEVERE ] placing card 40 in slot 3
[17:50:03.330] [SEVERE ] placing card 75 in slot 7
[17:50:03.440] [SEVERE ] placing card 48 in slot 0
[17:50:03.550] [SEVERE ] placing card 0 in slot 2
[17:50:03.660] [SEVERE ] placing card 56 in slot 10
[17:50:03.769] [SEVERE ] placing card 22 in slot 8
[17:50:04.774] [SEVERE ] player 3 placing token on slot 6
[17:50:04.774] [SEVERE ] updating countdown to 10995
[17:50:04.774] [SEVERE ] player 2 placing token on slot 2
[17:50:04.774] [SEVERE ] player 2 placing token on slot 0
[17:50:04.774] [SEVERE ] player 2 placing token on slot 9
[17:50:04.774] [SEVERE ] player 1 placing token on slot 2
[17:50:04.775] [SEVERE ] player 4 placing token on slot 4
[17:50:04.776] [SEVERE ] player 1 placing token on slot 0
[17:50:04.776] [SEVERE ] player 1 placing token on slot 9
[17:50:05.788] [SEVERE ] updating countdown to 9981
[17:50:05.788] [SEVERE ] player 4 placing token on slot 2
[17:50:05.788] [SEVERE ] updating countdown to 11000
[17:50:05.788] [SEVERE ] player 4 placing token on slot 0
[17:50:05.789] [SEVERE ] player 3 placing token on slot 2
[17:50:05.789] [SEVERE ] player 3 placing token on slot 0
[17:50:05.899] [SEVERE ] removing player 1 token from slot 2
[17:50:05.899] [SEVERE ] removing player 2 token from slot 2
[17:50:05.899] [SEVERE ] removing player 3 token from slot 2
[17:50:05.899] [SEVERE ] removing player 4 token from slot 2
[17:50:05.899] [SEVERE ] removing tokens from slot 2
[17:50:05.899] [SEVERE ] removing card from slot 2
[17:50:06.010] [SEVERE ] removing player 1 token from slot 0
[17:50:06.010] [SEVERE ] removing player 2 token from slot 0
[17:50:06.010] [SEVERE ] removing player 3 token from slot 0
[17:50:06.010] [SEVERE ] removing player 4 token from slot 0
[17:50:06.010] [SEVERE ] removing tokens from slot 0
[17:50:06.010] [SEVERE ] removing card from slot 0
[17:50:06.120] [SEVERE ] removing player 1 token from slot 9
[17:50:06.120] [SEVERE ] removing player 2 token from slot 9
[17:50:06.120] [SEVERE ] removing tokens from slot 9
[17:50:06.120] [SEVERE ] removing card from slot 9
[17:50:06.120] [SEVERE ] setting player 2 score to 3
[17:50:06.120] [SEVERE ] setting player 2 freeze to 1000
[17:50:06.236] [SEVERE ] placing card 46 in slot 9
[17:50:06.346] [SEVERE ] placing card 68 in slot 0
[17:50:06.456] [SEVERE ] placing card 55 in slot 2
[17:50:07.130] [SEVERE ] setting player 2 freeze to 0
[17:50:07.130] [SEVERE ] player 4 placing token on slot 9
[17:50:07.131] [SEVERE ] updating countdown to 11000
[17:50:07.131] [SEVERE ] player 1 placing token on slot 5
[17:50:07.131] [SEVERE ] player 1 placing token on slot 9
[17:50:07.132] [SEVERE ] player 1 placing token on slot 0
[17:50:07.132] [SEVERE ] player 3 placing token on slot 3
[17:50:07.463] [SEVERE ] updating countdown to 10668
[17:50:07.463] [SEVERE ] updating countdown to 11000
[17:50:07.573] [SEVERE ] removing player 1 token from slot 5
[17:50:07.573] [SEVERE ] removing tokens from slot 5
[17:50:07.573] [SEVERE ] removing card from slot 5
[17:50:07.684] [SEVERE ] removing player 1 token from slot 9
[17:50:07.684] [SEVERE ] removing player 4 token from slot 9
[17:50:07.684] [SEVERE ] removing tokens from slot 9
[17:50:07.684] [SEVERE ] removing card from slot 9
[17:50:07.794] [SEVERE ] removing player 1 token from slot 0
[17:50:07.794] [SEVERE ] removing tokens from slot 0
[17:50:07.794] [SEVERE ] removing card from slot 0
[17:50:07.794] [SEVERE ] setting player 1 score to 2
[17:50:07.794] [SEVERE ] setting player 1 freeze to 1000
[17:50:07.902] [SEVERE ] placing card 42 in slot 5
[17:50:08.012] [SEVERE ] placing card 53 in slot 9
[17:50:08.121] [SEVERE ] placing card 2 in slot 0
[17:50:08.137] [SEVERE ] player 4 placing token on slot 2
[17:50:08.137] [SEVERE ] player 2 placing token on slot 2
[17:50:08.137] [SEVERE ] player 3 placing token on slot 2
[17:50:08.139] [SEVERE ] player 2 placing token on slot 1
[17:50:08.139] [SEVERE ] player 2 placing token on slot 7
[17:50:08.139] [SEVERE ] player 4 placing token on slot 1
[17:50:08.806] [SEVERE ] setting player 1 freeze to 0
[17:50:08.806] [SEVERE ] updating countdown to 11000
[17:50:09.139] [SEVERE ] updating countdown to 10667
[17:50:09.139] [SEVERE ] removing player 3 token from slot 6
[17:50:09.139] [SEVERE ] removing player 3 token from slot 3
[17:50:09.139] [SEVERE ] removing player 3 token from slot 2
[17:50:09.139] [SEVERE ] updating countdown to 11000
[17:50:09.139] [SEVERE ] setting player 3 freeze to 3000
[17:50:09.245] [SEVERE ] removing player 2 token from slot 2
[17:50:09.245] [SEVERE ] removing player 4 token from slot 2
[17:50:09.246] [SEVERE ] removing tokens from slot 2
[17:50:09.246] [SEVERE ] removing card from slot 2
[17:50:09.348] [SEVERE ] removing player 2 token from slot 1
[17:50:09.348] [SEVERE ] removing player 4 token from slot 1
[17:50:09.348] [SEVERE ] removing tokens from slot 1
[17:50:09.348] [SEVERE ] removing card from slot 1
[17:50:09.461] [SEVERE ] removing player 2 token from slot 7
[17:50:09.461] [SEVERE ] removing tokens from slot 7
[17:50:09.461] [SEVERE ] removing card from slot 7
[17:50:09.462] [SEVERE ] setting player 2 score to 4
[17:50:09.462] [SEVERE ] setting player 2 freeze to 1000
[17:50:09.575] [SEVERE ] placing card 13 in slot 1
[17:50:09.683] [SEVERE ] placing card 49 in slot 7
[17:50:09.797] [SEVERE ] placing card 1 in slot 2
[17:50:09.812] [SEVERE ] player 1 placing token on slot 1
[17:50:09.812] [SEVERE ] player 1 placing token on slot 9
[17:50:09.812] [SEVERE ] player 1 placing token on slot 11
[17:50:10.144] [SEVERE ] setting player 3 freeze to 2000
[17:50:10.467] [SEVERE ] player 4 placing token on slot 1
[17:50:10.467] [SEVERE ] setting player 2 freeze to 0
[17:50:10.467] [SEVERE ] updating countdown to 11000
[17:50:10.800] [SEVERE ] updating countdown to 10667
[17:50:10.800] [SEVERE ] updating countdown to 11000
[17:50:10.906] [SEVERE ] removing player 1 token from slot 1
[17:50:10.907] [SEVERE ] removing player 4 token from slot 1
[17:50:10.907] [SEVERE ] removing tokens from slot 1
[17:50:10.907] [SEVERE ] removing card from slot 1
[17:50:11.015] [SEVERE ] removing player 1 token from slot 9
[17:50:11.015] [SEVERE ] removing tokens from slot 9
[17:50:11.015] [SEVERE ] removing card from slot 9
[17:50:11.125] [SEVERE ] removing player 1 token from slot 11
[17:50:11.125] [SEVERE ] removing tokens from slot 11
[17:50:11.125] [SEVERE ] removing card from slot 11
[17:50:11.126] [SEVERE ] setting player 1 score to 3
[17:50:11.126] [SEVERE ] setting player 1 freeze to 1000
[17:50:11.154] [SEVERE ] setting player 3 freeze to 1000
[17:50:11.234] [SEVERE ] placing card 5 in slot 1
[17:50:11.335] [SEVERE ] placing card 61 in slot 9
[17:50:11.445] [SEVERE ] placing card 24 in slot 11
[17:50:11.476] [SEVERE ] player 4 placing token on slot 2
[17:50:11.476] [SEVERE ] player 4 placing token on slot 6
[17:50:11.477] [SEVERE ] player 2 placing token on slot 2
[17:50:11.477] [SEVERE ] player 2 placing token on slot 6
[17:50:11.477] [SEVERE ] player 2 placing token on slot 8
[17:50:12.138] [SEVERE ] setting player 1 freeze to 0
[17:50:12.138] [SEVERE ] updating countdown to 11000
[17:50:12.170] [SEVERE ] setting player 3 freeze to 0
[17:50:12.458] [SEVERE ] updating countdown to 10680
[17:50:12.458] [SEVERE ] removing player 4 token from slot 4
[17:50:12.458] [SEVERE ] removing player 4 token from slot 2
[17:50:12.458] [SEVERE ] removing player 4 token from slot 6
[17:50:12.458] [SEVERE ] updating countdown to 11000
[17:50:12.458] [SEVERE ] setting player 4 freeze to 3000
[17:50:12.569] [SEVERE ] removing player 2 token from slot 2
[17:50:12.569] [SEVERE ] removing tokens from slot 2
[17:50:12.569] [SEVERE ] removing card from slot 2
[17:50:12.678] [SEVERE ] removing player 2 token from slot 6
[17:50:12.678] [SEVERE ] removing tokens from slot 6
[17:50:12.678] [SEVERE ] removing card from slot 6
[17:50:12.787] [SEVERE ] removing player 2 token from slot 8
[17:50:12.787] [SEVERE ] removing tokens from slot 8
[17:50:12.788] [SEVERE ] removing card from slot 8
[17:50:12.788] [SEVERE ] setting player 2 score to 5
[17:50:12.788] [SEVERE ] setting player 2 freeze to 1000
[17:50:12.905] [SEVERE ] placing card 28 in slot 6
[17:50:13.009] [SEVERE ] placing card 34 in slot 2
[17:50:13.120] [SEVERE ] placing card 33 in slot 8
[17:50:13.149] [SEVERE ] player 1 placing token on slot 2
[17:50:13.149] [SEVERE ] player 1 placing token on slot 4
[17:50:13.149] [SEVERE ] player 1 placing token on slot 7
[17:50:13.173] [SEVERE ] player 3 placing token on slot 6
[17:50:13.466] [SEVERE ] setting player 4 freeze to 2000
[17:50:13.798] [SEVERE ] setting player 2 freeze to 0
[17:50:13.798] [SEVERE ] updating countdown to 11000
[17:50:14.130] [SEVERE ] updating countdown to 10668
[17:50:14.130] [SEVERE ] updating countdown to 11000
[17:50:14.177] [SEVERE ] player 3 placing token on slot 2
[17:50:14.177] [SEVERE ] player 3 placing token on slot 4
[17:50:14.240] [SEVERE ] removing player 1 token from slot 2
[17:50:14.240] [SEVERE ] removing player 3 token from slot 2
[17:50:14.240] [SEVERE ] removing tokens from slot 2
[17:50:14.240] [SEVERE ] removing card from slot 2
[17:50:14.349] [SEVERE ] removing player 1 token from slot 4
[17:50:14.349] [SEVERE ] removing player 3 token from slot 4
[17:50:14.349] [SEVERE ] removing tokens from slot 4
[17:50:14.349] [SEVERE ] removing card from slot 4
[17:50:14.459] [SEVERE ] removing player 1 token from slot 7
[17:50:14.459] [SEVERE ] removing tokens from slot 7
[17:50:14.459] [SEVERE ] removing card from slot 7
[17:50:14.459] [SEVERE ] setting player 1 score to 4
[17:50:14.459] [SEVERE ] setting player 1 freeze to 1000
[17:50:14.475] [SEVERE ] setting player 4 freeze to 1000
[17:50:14.571] [SEVERE ] placing card 66 in slot 4
[17:50:14.682] [SEVERE ] placing card 67 in slot 7
[17:50:14.792] [SEVERE ] placing card 41 in slot 2
[17:50:14.808] [SEVERE ] player 2 placing token on slot 11
[17:50:14.808] [SEVERE ] player 2 placing token on slot 3
[17:50:14.808] [SEVERE ] player 2 placing token on slot 10
[17:50:15.468] [SEVERE ] player 3 placing token on slot 4
[17:50:15.468] [SEVERE ] setting player 1 freeze to 0
[17:50:15.468] [SEVERE ] updating countdown to 11000
[17:50:15.484] [SEVERE ] setting player 4 freeze to 0
[17:50:15.798] [SEVERE ] updating countdown to 10670
[17:50:15.798] [SEVERE ] updating countdown to 11000
[17:50:15.908] [SEVERE ] removing player 2 token from slot 11
[17:50:15.908] [SEVERE ] removing tokens from slot 11
[17:50:15.908] [SEVERE ] removing card from slot 11
[17:50:16.018] [SEVERE ] removing player 2 token from slot 3
[17:50:16.018] [SEVERE ] removing tokens from slot 3
[17:50:16.018] [SEVERE ] removing card from slot 3
[17:50:16.128] [SEVERE ] removing player 2 token from slot 10
[17:50:16.128] [SEVERE ] removing tokens from slot 10
[17:50:16.128] [SEVERE ] removing card from slot 10
[17:50:16.128] [SEVERE ] setting player 2 score to 6
[17:50:16.128] [SEVERE ] setting player 2 freeze to 1000
[17:50:16.238] [SEVERE ] placing card 64 in slot 11
[17:50:16.348] [SEVERE ] placing card 58 in slot 3
[17:50:16.458] [SEVERE ] placing card 25 in slot 10
[17:50:16.474] [SEVERE ] player 1 placing token on slot 0
[17:50:16.474] [SEVERE ] player 1 placing token on slot 8
[17:50:16.474] [SEVERE ] player 1 placing token on slot 3
[17:50:16.475] [SEVERE ] player 3 placing token on slot 0
[17:50:16.490] [SEVERE ] player 4 placing token on slot 9
[17:50:17.138] [SEVERE ] setting player 2 freeze to 0
[17:50:17.138] [SEVERE ] updating countdown to 11000
[17:50:17.470] [SEVERE ] updating countdown to 10668
[17:50:17.470] [SEVERE ] updating countdown to 11000
[17:50:17.501] [SEVERE ] player 4 placing token on slot 0
[17:50:17.501] [SEVERE ] player 4 placing token on slot 8
[17:50:17.580] [SEVERE ] removing player 1 token from slot 0
[17:50:17.580] [SEVERE ] removing player 3 token from slot 0
[17:50:17.580] [SEVERE ] removing player 4 token from slot 0
[17:50:17.580] [SEVERE ] removing tokens from slot 0
[17:50:17.580] [SEVERE ] removing card from slot 0
[17:50:17.691] [SEVERE ] removing player 1 token from slot 8
[17:50:17.691] [SEVERE ] removing player 4 token from slot 8
[17:50:17.691] [SEVERE ] removing tokens from slot 8
[17:50:17.691] [SEVERE ] removing card from slot 8
[17:50:17.792] [SEVERE ] removing player 1 token from slot 3
[17:50:17.792] [SEVERE ] removing tokens from slot 3
[17:50:17.793] [SEVERE ] removing card from slot 3
[17:50:17.793] [SEVERE ] setting player 1 score to 5
[17:50:17.793] [SEVERE ] setting player 1 freeze to 1000
[17:50:17.905] [SEVERE ] placing card 47 in slot 3
[17:50:18.015] [SEVERE ] placing card 15 in slot 0
[17:50:18.125] [SEVERE ] placing card 11 in slot 8
[17:50:18.141] [SEVERE ] player 2 placing token on slot 0
[17:50:18.141] [SEVERE ] player 2 placing token on slot 2
[17:50:18.141] [SEVERE ] player 2 placing token on slot 11
[17:50:18.800] [SEVERE ] player 3 placing token on slot 0
[17:50:18.800] [SEVERE ] setting player 1 freeze to 0
[17:50:18.800] [SEVERE ] player 4 placing token on slot 2
[17:50:18.801] [SEVERE ] updating countdown to 11000
[17:50:19.134] [SEVERE ] updating countdown to 10667
[17:50:19.134] [SEVERE ] updating countdown to 11000
[17:50:19.245] [SEVERE ] removing player 2 token from slot 0
[17:50:19.245] [SEVERE ] removing player 3 token from slot 0
[17:50:19.245] [SEVERE ] removing tokens from slot 0
[17:50:19.245] [SEVERE ] removing card from slot 0
[17:50:19.355] [SEVERE ] removing player 2 token from slot 2
[17:50:19.355] [SEVERE ] removing player 4 token from slot 2
[17:50:19.355] [SEVERE ] removing tokens from slot 2
[17:50:19.355] [SEVERE ] removing card from slot 2
[17:50:19.466] [SEVERE ] removing player 2 token from slot 11
[17:50:19.466] [SEVERE ] removing tokens from slot 11
[17:50:19.466] [SEVERE ] removing card from slot 11
[17:50:19.466] [SEVERE ] setting player 2 score to 7
[17:50:19.466] [SEVERE ] setting player 2 freeze to 1000
[17:50:19.579] [SEVERE ] placing card 26 in slot 11
[17:50:19.689] [SEVERE ] placing card 45 in slot 0
[17:50:19.800] [SEVERE ] placing card 18 in slot 2
[17:50:19.816] [SEVERE ] player 4 placing token on slot 1
[17:50:19.816] [SEVERE ] player 1 placing token on slot 1
[17:50:19.816] [SEVERE ] player 1 placing token on slot 8
[17:50:19.817] [SEVERE ] player 1 placing token on slot 11
[17:50:19.817] [SEVERE ] player 3 placing token on slot 1
[17:50:19.817] [SEVERE ] player 4 placing token on slot 8
[17:50:20.481] [SEVERE ] setting player 2 freeze to 0
[17:50:20.481] [SEVERE ] updating countdown to 11000
[17:50:20.813] [SEVERE ] updating countdown to 10668
[17:50:20.813] [SEVERE ] updating countdown to 11000
[17:50:20.925] [SEVERE ] removing player 1 token from slot 1
[17:50:20.925] [SEVERE ] removing player 3 token from slot 1
[17:50:20.925] [SEVERE ] removing player 4 token from slot 1
[17:50:20.925] [SEVERE ] removing tokens from slot 1
[17:50:20.925] [SEVERE ] removing card from slot 1
[17:50:21.037] [SEVERE ] removing player 1 token from slot 8
[17:50:21.037] [SEVERE ] removing player 4 token from slot 8
[17:50:21.037] [SEVERE ] removing tokens from slot 8
[17:50:21.037] [SEVERE ] removing card from slot 8
[17:50:21.147] [SEVERE ] removing player 1 token from slot 11
[17:50:21.147] [SEVERE ] removing tokens from slot 11
[17:50:21.147] [SEVERE ] removing card from slot 11
[17:50:21.148] [SEVERE ] setting player 1 score to 6
[17:50:21.148] [SEVERE ] setting player 1 freeze to 1000
[17:50:21.262] [SEVERE ] placing card 7 in slot 1
[17:50:21.373] [SEVERE ] placing card 43 in slot 11
[17:50:21.484] [SEVERE ] placing card 63 in slot 8
[17:50:21.484] [SEVERE ] player 2 placing token on slot 1
[17:50:21.484] [SEVERE ] player 2 placing token on slot 3
[17:50:21.484] [SEVERE ] player 2 placing token on slot 4
[17:50:22.157] [SEVERE ] player 3 placing token on slot 11
[17:50:22.157] [SEVERE ] setting player 1 freeze to 0
[17:50:22.158] [SEVERE ] player 4 placing token on slot 1
[17:50:22.158] [SEVERE ] updating countdown to 11000
[17:50:22.488] [SEVERE ] updating countdown to 10670
[17:50:22.488] [SEVERE ] updating countdown to 11000
[17:50:22.598] [SEVERE ] removing player 2 token from slot 1
[17:50:22.598] [SEVERE ] removing player 4 token from slot 1
[17:50:22.598] [SEVERE ] removing tokens from slot 1
[17:50:22.598] [SEVERE ] removing card from slot 1
[17:50:22.709] [SEVERE ] removing player 2 token from slot 3
[17:50:22.709] [SEVERE ] removing tokens from slot 3
[17:50:22.709] [SEVERE ] removing card from slot 3
[17:50:22.819] [SEVERE ] removing player 2 token from slot 4
[17:50:22.819] [SEVERE ] removing player 3 token from slot 4
[17:50:22.819] [SEVERE ] removing tokens from slot 4
[17:50:22.819] [SEVERE ] removing card from slot 4
[17:50:22.819] [SEVERE ] setting player 2 score to 8
[17:50:22.819] [SEVERE ] setting player 2 freeze to 1000
[17:50:22.934] [SEVERE ] placing card 10 in slot 1
[17:50:23.043] [SEVERE ] placing card 31 in slot 4
[17:50:23.154] [SEVERE ] placing card 78 in slot 3
[17:50:23.169] [SEVERE ] player 4 placing token on slot 1
[17:50:23.170] [SEVERE ] player 3 placing token on slot 1
[17:50:23.170] [SEVERE ] player 1 placing token on slot 1
[17:50:23.170] [SEVERE ] player 1 placing token on slot 11
[17:50:23.170] [SEVERE ] player 1 placing token on slot 7
[17:50:23.170] [SEVERE ] player 4 placing token on slot 11
[17:50:23.831] [SEVERE ] setting player 2 freeze to 0
[17:50:23.831] [SEVERE ] updating countdown to 11000
[17:50:24.161] [SEVERE ] updating countdown to 10670
[17:50:24.161] [SEVERE ] removing player 3 token from slot 6
[17:50:24.161] [SEVERE ] removing player 3 token from slot 11
[17:50:24.161] [SEVERE ] removing player 3 token from slot 1
[17:50:24.161] [SEVERE ] updating countdown to 11000
[17:50:24.161] [SEVERE ] setting player 3 freeze to 3000
[17:50:24.271] [SEVERE ] removing player 1 token from slot 1
[17:50:24.271] [SEVERE ] removing player 4 token from slot 1
[17:50:24.271] [SEVERE ] removing tokens from slot 1
[17:50:24.271] [SEVERE ] removing card from slot 1
[17:50:24.382] [SEVERE ] removing player 1 token from slot 11
[17:50:24.382] [SEVERE ] removing player 4 token from slot 11
[17:50:24.382] [SEVERE ] removing tokens from slot 11
[17:50:24.382] [SEVERE ] removing card from slot 11
[17:50:24.493] [SEVERE ] removing player 1 token from slot 7
[17:50:24.493] [SEVERE ] removing tokens from slot 7
[17:50:24.493] [SEVERE ] removing card from slot 7
[17:50:24.495] [SEVERE ] setting player 1 score to 7
[17:50:24.495] [SEVERE ] setting player 1 freeze to 1000
[17:50:24.596] [SEVERE ] placing card 51 in slot 1
[17:50:24.707] [SEVERE ] placing card 12 in slot 11
[17:50:24.818] [SEVERE ] placing card 32 in slot 7
[17:50:24.833] [SEVERE ] player 2 placing token on slot 11
[17:50:24.833] [SEVERE ] player 2 placing token on slot 5
[17:50:24.833] [SEVERE ] player 2 placing token on slot 8
[17:50:25.167] [SEVERE ] setting player 3 freeze to 2000
[17:50:25.499] [SEVERE ] removing player 4 token from slot 9
[17:50:25.499] [SEVERE ] setting player 1 freeze to 0
[17:50:25.499] [SEVERE ] updating countdown to 11000
[17:50:25.831] [SEVERE ] updating countdown to 10668
[17:50:25.831] [SEVERE ] updating countdown to 11000
[17:50:25.943] [SEVERE ] removing player 2 token from slot 11
[17:50:25.943] [SEVERE ] removing tokens from slot 11
[17:50:25.943] [SEVERE ] removing card from slot 11
[17:50:26.054] [SEVERE ] removing player 2 token from slot 5
[17:50:26.054] [SEVERE ] removing tokens from slot 5
[17:50:26.054] [SEVERE ] removing card from slot 5
[17:50:26.165] [SEVERE ] removing player 2 token from slot 8
[17:50:26.165] [SEVERE ] removing tokens from slot 8
[17:50:26.165] [SEVERE ] removing card from slot 8
[17:50:26.165] [SEVERE ] setting player 2 score to 9
[17:50:26.165] [SEVERE ] setting player 2 freeze to 1000
[17:50:26.181] [SEVERE ] setting player 3 freeze to 1000
[17:50:26.271] [SEVERE ] placing card 30 in slot 5
[17:50:26.382] [SEVERE ] placing card 50 in slot 11
[17:50:26.493] [SEVERE ] placing card 20 in slot 8
[17:50:26.509] [SEVERE ] player 4 placing token on slot 5
[17:50:26.509] [SEVERE ] player 4 placing token on slot 4
[17:50:26.510] [SEVERE ] player 4 placing token on slot 7
[17:50:26.510] [SEVERE ] player 1 placing token on slot 5
[17:50:26.510] [SEVERE ] player 1 placing token on slot 4
[17:50:26.510] [SEVERE ] player 1 placing token on slot 7
[17:50:27.171] [SEVERE ] setting player 2 freeze to 0
[17:50:27.171] [SEVERE ] updating countdown to 11000
[17:50:27.187] [SEVERE ] setting player 3 freeze to 0
[17:50:27.502] [SEVERE ] updating countdown to 10669
[17:50:27.502] [SEVERE ] updating countdown to 11000
[17:50:27.613] [SEVERE ] removing player 1 token from slot 5
[17:50:27.613] [SEVERE ] removing player 4 token from slot 5
[17:50:27.613] [SEVERE ] removing tokens from slot 5
[17:50:27.613] [SEVERE ] removing card from slot 5
[17:50:27.723] [SEVERE ] removing player 1 token from slot 4
[17:50:27.723] [SEVERE ] removing player 4 token from slot 4
[17:50:27.723] [SEVERE ] removing tokens from slot 4
[17:50:27.723] [SEVERE ] removing card from slot 4
[17:50:27.835] [SEVERE ] removing player 1 token from slot 7
[17:50:27.835] [SEVERE ] removing player 4 token from slot 7
[17:50:27.835] [SEVERE ] removing tokens from slot 7
[17:50:27.835] [SEVERE ] removing card from slot 7
[17:50:27.835] [SEVERE ] setting player 4 score to 2
[17:50:27.835] [SEVERE ] setting player 4 freeze to 1000
[17:50:27.950] [SEVERE ] placing card 9 in slot 4
[17:50:28.060] [SEVERE ] placing card 8 in slot 5
[17:50:28.170] [SEVERE ] placing card 60 in slot 7
[17:50:28.186] [SEVERE ] player 2 placing token on slot 4
[17:50:28.186] [SEVERE ] player 2 placing token on slot 11
[17:50:28.186] [SEVERE ] player 2 placing token on slot 9
[17:50:28.202] [SEVERE ] player 3 placing token on slot 7
[17:50:28.835] [SEVERE ] player 1 placing token on slot 4
[17:50:28.836] [SEVERE ] player 1 placing token on slot 11
[17:50:28.836] [SEVERE ] player 1 placing token on slot 9
[17:50:28.837] [SEVERE ] setting player 4 freeze to 0
[17:50:28.837] [SEVERE ] updating countdown to 11000
[17:50:29.184] [SEVERE ] updating countdown to 10653
[17:50:29.184] [SEVERE ] updating countdown to 11000
[17:50:29.215] [SEVERE ] player 3 placing token on slot 4
[17:50:29.217] [SEVERE ] player 3 placing token on slot 11
[17:50:29.295] [SEVERE ] removing player 1 token from slot 4
[17:50:29.295] [SEVERE ] removing player 2 token from slot 4
[17:50:29.295] [SEVERE ] removing player 3 token from slot 4
[17:50:29.295] [SEVERE ] removing tokens from slot 4
[17:50:29.295] [SEVERE ] removing card from slot 4
[17:50:29.401] [SEVERE ] removing player 1 token from slot 11
[17:50:29.401] [SEVERE ] removing player 2 token from slot 11
[17:50:29.401] [SEVERE ] removing player 3 token from slot 11
[17:50:29.401] [SEVERE ] removing tokens from slot 11
[17:50:29.401] [SEVERE ] removing card from slot 11
[17:50:29.513] [SEVERE ] removing player 1 token from slot 9
[17:50:29.513] [SEVERE ] removing player 2 token from slot 9
[17:50:29.513] [SEVERE ] removing tokens from slot 9
[17:50:29.513] [SEVERE ] removing card from slot 9
[17:50:29.513] [SEVERE ] setting player 2 score to 10
[17:50:29.513] [SEVERE ] setting player 2 freeze to 1000
[17:50:29.627] [SEVERE ] placing card 74 in slot 4
[17:50:29.737] [SEVERE ] placing card 23 in slot 9
[17:50:29.847] [SEVERE ] placing card 36 in slot 11
[17:50:29.847] [SEVERE ] player 4 placing token on slot 2
[17:50:30.514] [SEVERE ] player 3 placing token on slot 9
[17:50:30.514] [SEVERE ] setting player 2 freeze to 0
[17:50:30.514] [SEVERE ] player 1 placing token on slot 2
[17:50:30.514] [SEVERE ] player 1 placing token on slot 9
[17:50:30.514] [SEVERE ] player 1 placing token on slot 10
[17:50:30.514] [SEVERE ] updating countdown to 11000
[17:50:30.854] [SEVERE ] updating countdown to 10660
[17:50:30.854] [SEVERE ] updating countdown to 11000
[17:50:30.854] [SEVERE ] removing player 4 token from slot 2
[17:50:30.854] [SEVERE ] player 4 placing token on slot 9
[17:50:30.854] [SEVERE ] player 4 placing token on slot 10
[17:50:30.964] [SEVERE ] removing player 1 token from slot 2
[17:50:30.964] [SEVERE ] removing tokens from slot 2
[17:50:30.964] [SEVERE ] removing card from slot 2
[17:50:31.075] [SEVERE ] removing player 1 token from slot 9
[17:50:31.075] [SEVERE ] removing player 3 token from slot 9
[17:50:31.075] [SEVERE ] removing player 4 token from slot 9
[17:50:31.075] [SEVERE ] removing tokens from slot 9
[17:50:31.075] [SEVERE ] removing card from slot 9
[17:50:31.185] [SEVERE ] removing player 1 token from slot 10
[17:50:31.185] [SEVERE ] removing player 4 token from slot 10
[17:50:31.185] [SEVERE ] removing tokens from slot 10
[17:50:31.185] [SEVERE ] removing card from slot 10
[17:50:31.185] [SEVERE ] setting player 1 score to 8
[17:50:31.185] [SEVERE ] setting player 1 freeze to 1000
[17:50:31.295] [SEVERE ] placing card 59 in slot 9
[17:50:31.406] [SEVERE ] placing card 70 in slot 2
[17:50:31.516] [SEVERE ] placing card 21 in slot 10
[17:50:31.516] [SEVERE ] player 2 placing token on slot 5
[17:50:31.516] [SEVERE ] player 2 placing token on slot 1
[17:50:31.516] [SEVERE ] player 2 placing token on slot 2
[17:50:31.516] [SEVERE ] player 3 placing token on slot 5
[17:50:31.516] [SEVERE ] player 3 placing token on slot 1
[17:50:31.862] [SEVERE ] player 4 placing token on slot 0
[17:50:32.187] [SEVERE ] setting player 1 freeze to 0
[17:50:32.187] [SEVERE ] updating countdown to 11000
[17:50:32.518] [SEVERE ] updating countdown to 10669
[17:50:32.518] [SEVERE ] updating countdown to 11000
[17:50:32.628] [SEVERE ] removing player 2 token from slot 5
[17:50:32.628] [SEVERE ] removing player 3 token from slot 5
[17:50:32.628] [SEVERE ] removing tokens from slot 5
[17:50:32.628] [SEVERE ] removing card from slot 5
[17:50:32.730] [SEVERE ] removing player 2 token from slot 1
[17:50:32.730] [SEVERE ] removing player 3 token from slot 1
[17:50:32.730] [SEVERE ] removing tokens from slot 1
[17:50:32.730] [SEVERE ] removing card from slot 1
[17:50:32.842] [SEVERE ] removing player 2 token from slot 2
[17:50:32.842] [SEVERE ] removing tokens from slot 2
[17:50:32.842] [SEVERE ] removing card from slot 2
[17:50:32.842] [SEVERE ] setting player 2 score to 11
[17:50:32.842] [SEVERE ] setting player 2 freeze to 1000
[17:50:32.874] [SEVERE ] player 4 placing token on slot 10
[17:50:32.874] [SEVERE ] removing player 4 token from slot 0
[17:50:32.874] [SEVERE ] player 4 placing token on slot 3
[17:50:32.944] [SEVERE ] placing card 38 in slot 1
[17:50:33.058] [SEVERE ] placing card 14 in slot 5
[17:50:33.168] [SEVERE ] placing card 3 in slot 2
[17:50:33.199] [SEVERE ] player 1 placing token on slot 6
[17:50:33.199] [SEVERE ] player 1 placing token on slot 1
[17:50:33.199] [SEVERE ] player 1 placing token on slot 0
[17:50:33.843] [SEVERE ] player 3 placing token on slot 9
[17:50:33.843] [SEVERE ] setting player 2 freeze to 0
[17:50:33.843] [SEVERE ] updating countdown to 11000
[17:50:33.875] [SEVERE ] player 4 placing token on slot 8
[17:50:34.173] [SEVERE ] updating countdown to 10670
[17:50:34.173] [SEVERE ] updating countdown to 11000
[17:50:34.284] [SEVERE ] removing player 1 token from slot 6
[17:50:34.284] [SEVERE ] removing tokens from slot 6
[17:50:34.284] [SEVERE ] removing card from slot 6
[17:50:34.394] [SEVERE ] removing player 1 token from slot 1
[17:50:34.394] [SEVERE ] removing tokens from slot 1
[17:50:34.394] [SEVERE ] removing card from slot 1
[17:50:34.504] [SEVERE ] removing player 1 token from slot 0
[17:50:34.504] [SEVERE ] removing tokens from slot 0
[17:50:34.504] [SEVERE ] removing card from slot 0
[17:50:34.504] [SEVERE ] removing player 4 token from slot 10
[17:50:34.504] [SEVERE ] removing player 4 token from slot 3
[17:50:34.504] [SEVERE ] removing player 4 token from slot 8
[17:50:34.504] [SEVERE ] setting player 1 score to 9
[17:50:34.504] [SEVERE ] setting player 1 freeze to 1000
[17:50:34.609] [SEVERE ] placing card 77 in slot 6
[17:50:34.719] [SEVERE ] placing card 72 in slot 1
[17:50:34.829] [SEVERE ] placing card 65 in slot 0
[17:50:34.845] [SEVERE ] player 2 placing token on slot 2
[17:50:34.845] [SEVERE ] player 2 placing token on slot 11
[17:50:34.845] [SEVERE ] player 2 placing token on slot 3
[17:50:34.846] [SEVERE ] player 3 placing token on slot 2
[17:50:34.877] [SEVERE ] setting player 4 freeze to 3000
[17:50:35.505] [SEVERE ] setting player 1 freeze to 0
[17:50:35.505] [SEVERE ] updating countdown to 11000
[17:50:35.835] [SEVERE ] updating countdown to 10670
[17:50:35.835] [SEVERE ] updating countdown to 11000
[17:50:35.882] [SEVERE ] setting player 4 freeze to 2000
[17:50:35.945] [SEVERE ] removing player 2 token from slot 2
[17:50:35.945] [SEVERE ] removing player 3 token from slot 2
[17:50:35.945] [SEVERE ] removing tokens from slot 2
[17:50:35.945] [SEVERE ] removing card from slot 2
[17:50:36.056] [SEVERE ] removing player 2 token from slot 11
[17:50:36.056] [SEVERE ] removing tokens from slot 11
[17:50:36.056] [SEVERE ] removing card from slot 11
[17:50:36.166] [SEVERE ] removing player 2 token from slot 3
[17:50:36.166] [SEVERE ] removing tokens from slot 3
[17:50:36.166] [SEVERE ] removing card from slot 3
[17:50:36.166] [SEVERE ] setting player 2 score to 12
[17:50:36.166] [SEVERE ] setting player 2 freeze to 1000
[17:50:36.896] [SEVERE ] setting player 4 freeze to 1000
[17:50:37.179] [SEVERE ] updating countdown to 9326
[17:50:37.179] [SEVERE ] setting player 2 freeze to 0
[17:50:37.179] [SEVERE ] updating countdown to 11000
[17:50:37.903] [SEVERE ] setting player 4 freeze to 0
[17:50:38.186] [SEVERE ] updating countdown to 9993
[17:50:38.911] [SEVERE ] player 4 placing token on slot 5
[17:50:39.195] [SEVERE ] updating countdown to 8984
[17:50:39.195] [SEVERE ] player 3 placing token on slot 5
[17:50:40.201] [SEVERE ] updating countdown to 7978
[17:50:40.201] [SEVERE ] removing player 3 token from slot 7
[17:50:40.201] [SEVERE ] removing player 3 token from slot 9
[17:50:40.201] [SEVERE ] removing player 3 token from slot 5
[17:50:40.201] [SEVERE ] setting player 3 freeze to 3000
[17:50:40.926] [SEVERE ] player 4 placing token on slot 1
[17:50:41.210] [SEVERE ] updating countdown to 6969
[17:50:41.210] [SEVERE ] setting player 3 freeze to 2000
[17:50:42.216] [SEVERE ] updating countdown to 5963
[17:50:42.216] [SEVERE ] setting player 3 freeze to 1000
[17:50:42.939] [SEVERE ] player 4 placing token on slot 9
[17:50:43.223] [SEVERE ] setting player 3 freeze to 0
[17:50:43.223] [SEVERE ] removing player 4 token from slot 5
[17:50:43.223] [SEVERE ] removing player 4 token from slot 1
[17:50:43.223] [SEVERE ] removing player 4 token from slot 9
[17:50:43.945] [SEVERE ] setting player 4 freeze to 3000
[17:50:44.236] [SEVERE ] player 3 placing token on slot 9
[17:50:44.948] [SEVERE ] setting player 4 freeze to 2000
[17:50:45.953] [SEVERE ] setting player 4 freeze to 1000
[17:50:46.246] [SEVERE ] player 3 placing token on slot 10
[17:50:46.961] [SEVERE ] setting player 4 freeze to 0
[17:50:48.180] [SEVERE ] updating countdown to 11000
[17:50:48.299] [SEVERE ] removing tokens from slot 6
[17:50:48.299] [SEVERE ] removing card from slot 6
[17:50:48.410] [SEVERE ] removing tokens from slot 1
[17:50:48.410] [SEVERE ] removing card from slot 1
[17:50:48.519] [SEVERE ] removing tokens from slot 4
[17:50:48.519] [SEVERE ] removing card from slot 4
[17:50:48.629] [SEVERE ] removing tokens from slot 5
[17:50:48.629] [SEVERE ] removing card from slot 5
[17:50:48.739] [SEVERE ] removing player 3 token from slot 9
[17:50:48.739] [SEVERE ] removing tokens from slot 9
[17:50:48.739] [SEVERE ] removing card from slot 9
[17:50:49.070] [SEVERE ] removing tokens from slot 7
[17:50:49.070] [SEVERE ] removing card from slot 7
[17:50:49.180] [SEVERE ] removing tokens from slot 0
[17:50:49.180] [SEVERE ] removing card from slot 0
[17:50:49.400] [SEVERE ] removing player 3 token from slot 10
[17:50:49.400] [SEVERE ] removing tokens from slot 10
[17:50:49.400] [SEVERE ] removing card from slot 10
[17:50:49.511] [SEVERE ] removing tokens from slot 8
[17:50:49.511] [SEVERE ] removing card from slot 8
[17:50:49.520] [INFO   ] thread dealer terminated.
[17:50:54.524] [SEVERE ] thanks for playing... it was fun!
[17:50:54.524] [INFO   ] thread bguspl.set.Main.main() terminated.
[17:50:54.524] [SEVERE ] disposing of user interface elements
