[16:24:58.939] [INFO   ] thread bguspl.set.Main.main() starting.
[16:24:58.942] [SEVERE ] cannot read configuration file config.properties trying from resources.
[16:24:58.943] [SEVERE ] configuration file was loaded from resources directory.
[16:24:59.379] [INFO   ] thread dealer starting.
[16:24:59.380] [INFO   ] thread dealer starting.
[16:24:59.380] [INFO   ] thread Thread-1 starting.
[16:24:59.380] [INFO   ] thread Thread-2 starting.
[16:24:59.380] [INFO   ] thread Thread-3 starting.
[16:24:59.380] [INFO   ] thread Thread-4 starting.
[16:24:59.382] [INFO   ] thread computer-2 starting.
[16:24:59.382] [INFO   ] thread computer-3 starting.
[16:24:59.390] [SEVERE ] updating countdown to 15000
[16:24:59.500] [SEVERE ] placing card 7 in slot 8
[16:24:59.612] [SEVERE ] placing card 64 in slot 9
[16:24:59.721] [SEVERE ] placing card 29 in slot 7
[16:24:59.831] [SEVERE ] placing card 4 in slot 5
[16:24:59.943] [SEVERE ] placing card 27 in slot 1
[16:25:00.055] [SEVERE ] placing card 75 in slot 4
[16:25:00.164] [SEVERE ] placing card 67 in slot 3
[16:25:00.274] [SEVERE ] placing card 53 in slot 11
[16:25:00.384] [SEVERE ] placing card 50 in slot 0
[16:25:00.384] [SEVERE ] player 3 placing token on slot 4
[16:25:00.385] [SEVERE ] player 4 placing token on slot 0
[16:25:00.487] [SEVERE ] placing card 62 in slot 6
[16:25:00.487] [SEVERE ] player 1 placing token on slot 4
[16:25:00.589] [SEVERE ] placing card 73 in slot 10
[16:25:00.701] [SEVERE ] placing card 78 in slot 2
[16:25:01.397] [SEVERE ] player 3 placing token on slot 10
[16:25:01.397] [SEVERE ] player 4 placing token on slot 10
[16:25:01.713] [SEVERE ] updating countdown to 14988
[16:25:02.411] [SEVERE ] player 3 placing token on slot 6
[16:25:02.411] [SEVERE ] removing player 4 token from slot 0
[16:25:02.727] [SEVERE ] updating countdown to 13974
[16:25:02.728] [SEVERE ] removing player 3 token from slot 4
[16:25:02.728] [SEVERE ] removing player 3 token from slot 10
[16:25:02.728] [SEVERE ] removing player 3 token from slot 6
[16:25:02.728] [SEVERE ] setting player 3 freeze to 3000
[16:25:03.424] [SEVERE ] player 4 placing token on slot 0
[16:25:03.742] [SEVERE ] updating countdown to 12959
[16:25:03.742] [SEVERE ] setting player 3 freeze to 2000
[16:25:04.431] [SEVERE ] player 4 placing token on slot 2
[16:25:04.756] [SEVERE ] updating countdown to 11945
[16:25:04.756] [SEVERE ] setting player 3 freeze to 1000
[16:25:04.756] [SEVERE ] removing player 4 token from slot 10
[16:25:04.756] [SEVERE ] removing player 4 token from slot 0
[16:25:04.756] [SEVERE ] removing player 4 token from slot 2
[16:25:04.756] [SEVERE ] setting player 4 freeze to 3000
[16:25:05.762] [SEVERE ] updating countdown to 10939
[16:25:05.762] [SEVERE ] setting player 3 freeze to 0
[16:25:05.762] [SEVERE ] setting player 4 freeze to 2000
[16:25:06.765] [SEVERE ] player 3 placing token on slot 9
[16:25:06.765] [SEVERE ] setting player 4 freeze to 1000
[16:25:06.765] [SEVERE ] updating countdown to 9936
[16:25:07.773] [SEVERE ] updating countdown to 8928
[16:25:07.773] [SEVERE ] setting player 4 freeze to 0
[16:25:07.773] [SEVERE ] player 3 placing token on slot 8
[16:25:08.786] [SEVERE ] player 4 placing token on slot 8
[16:25:08.786] [SEVERE ] updating countdown to 7915
[16:25:08.786] [SEVERE ] removing player 3 token from slot 9
[16:25:09.798] [SEVERE ] updating countdown to 6903
[16:25:09.798] [SEVERE ] player 3 placing token on slot 3
[16:25:09.799] [SEVERE ] player 4 placing token on slot 6
[16:25:10.808] [SEVERE ] updating countdown to 5893
[16:25:10.808] [SEVERE ] player 4 placing token on slot 10
[16:25:10.808] [SEVERE ] player 3 placing token on slot 2
[16:25:11.819] [SEVERE ] removing player 4 token from slot 8
[16:25:11.819] [SEVERE ] removing player 4 token from slot 6
[16:25:11.819] [SEVERE ] removing player 4 token from slot 10
[16:25:11.820] [SEVERE ] removing player 3 token from slot 8
[16:25:11.820] [SEVERE ] setting player 4 freeze to 3000
[16:25:11.821] [SEVERE ] removing player 3 token from slot 3
[16:25:11.821] [SEVERE ] removing player 3 token from slot 2
[16:25:11.822] [SEVERE ] setting player 3 freeze to 3000
[16:25:12.701] [SEVERE ] updating countdown to 4000
[16:25:12.702] [SEVERE ] updating countdown to 4000
[16:25:12.836] [SEVERE ] setting player 4 freeze to 2000
[16:25:12.836] [SEVERE ] setting player 3 freeze to 2000
[16:25:13.701] [SEVERE ] updating countdown to 3000
[16:25:13.701] [SEVERE ] updating countdown to 3000
[16:25:13.701] [SEVERE ] updating countdown to 3000
[16:25:13.701] [SEVERE ] updating countdown to 3000
[16:25:13.701] [SEVERE ] updating countdown to 3000
[16:25:13.701] [SEVERE ] updating countdown to 3000
[16:25:13.844] [SEVERE ] setting player 3 freeze to 1000
[16:25:13.844] [SEVERE ] setting player 4 freeze to 1000
[16:25:14.701] [SEVERE ] updating countdown to 2000
[16:25:14.701] [SEVERE ] updating countdown to 2000
[16:25:14.701] [SEVERE ] updating countdown to 2000
[16:25:14.701] [SEVERE ] updating countdown to 2000
[16:25:14.702] [SEVERE ] updating countdown to 2000
[16:25:14.845] [SEVERE ] setting player 4 freeze to 0
[16:25:14.845] [SEVERE ] setting player 3 freeze to 0
[16:25:15.701] [SEVERE ] updating countdown to 1000
[16:25:15.701] [SEVERE ] updating countdown to 1000
[16:25:15.701] [SEVERE ] updating countdown to 1000
[16:25:15.701] [SEVERE ] updating countdown to 1000
[16:25:15.701] [SEVERE ] updating countdown to 1000
[16:25:15.701] [SEVERE ] updating countdown to 1000
[16:25:15.701] [SEVERE ] updating countdown to 1000
[16:25:15.701] [SEVERE ] updating countdown to 1000
[16:25:15.701] [SEVERE ] updating countdown to 1000
[16:25:15.850] [SEVERE ] player 4 placing token on slot 9
[16:25:15.850] [SEVERE ] player 3 placing token on slot 10
[16:25:16.701] [SEVERE ] updating countdown to 15000
[16:25:16.811] [SEVERE ] removing tokens from slot 8
[16:25:16.812] [SEVERE ] removing card from slot 8
[16:25:16.920] [SEVERE ] removing player 4 token from slot 9
[16:25:16.920] [SEVERE ] removing tokens from slot 9
[16:25:16.920] [SEVERE ] removing card from slot 9
[16:25:17.028] [SEVERE ] removing tokens from slot 7
[16:25:17.029] [SEVERE ] removing card from slot 7
[16:25:17.138] [SEVERE ] removing tokens from slot 5
[16:25:17.138] [SEVERE ] removing card from slot 5
[16:25:17.253] [SEVERE ] removing tokens from slot 1
[16:25:17.253] [SEVERE ] removing card from slot 1
[16:25:17.363] [SEVERE ] removing player 1 token from slot 4
[16:25:17.363] [SEVERE ] removing tokens from slot 4
[16:25:17.363] [SEVERE ] removing card from slot 4
[16:25:17.472] [SEVERE ] removing tokens from slot 3
[16:25:17.472] [SEVERE ] removing card from slot 3
[16:25:17.579] [SEVERE ] removing tokens from slot 11
[16:25:17.579] [SEVERE ] removing card from slot 11
[16:25:17.687] [SEVERE ] removing tokens from slot 0
[16:25:17.687] [SEVERE ] removing card from slot 0
[16:25:17.795] [SEVERE ] removing tokens from slot 6
[16:25:17.795] [SEVERE ] removing card from slot 6
[16:25:17.905] [SEVERE ] removing player 3 token from slot 10
[16:25:17.906] [SEVERE ] removing tokens from slot 10
[16:25:17.906] [SEVERE ] removing card from slot 10
[16:25:18.013] [SEVERE ] removing tokens from slot 2
[16:25:18.014] [SEVERE ] removing card from slot 2
[16:25:18.014] [SEVERE ] updating countdown to 15000
[16:25:18.122] [SEVERE ] placing card 29 in slot 8
[16:25:18.232] [SEVERE ] placing card 62 in slot 9
[16:25:18.341] [SEVERE ] placing card 50 in slot 7
[16:25:18.453] [SEVERE ] placing card 56 in slot 5
[16:25:18.563] [SEVERE ] placing card 5 in slot 1
[16:25:18.671] [SEVERE ] placing card 19 in slot 4
[16:25:18.779] [SEVERE ] placing card 25 in slot 3
[16:25:18.887] [SEVERE ] placing card 61 in slot 11
[16:25:18.994] [SEVERE ] placing card 27 in slot 0
[16:25:19.103] [SEVERE ] placing card 26 in slot 6
[16:25:19.213] [SEVERE ] placing card 67 in slot 10
[16:25:19.321] [SEVERE ] placing card 72 in slot 2
[16:25:20.330] [SEVERE ] player 4 placing token on slot 4
[16:25:20.330] [SEVERE ] updating countdown to 14991
[16:25:20.330] [SEVERE ] player 3 placing token on slot 1
[16:25:21.343] [SEVERE ] updating countdown to 13978
[16:25:21.343] [SEVERE ] removing player 3 token from slot 1
[16:25:21.343] [SEVERE ] player 4 placing token on slot 10
[16:25:22.345] [SEVERE ] player 3 placing token on slot 3
[16:25:22.345] [SEVERE ] updating countdown to 12976
[16:25:22.345] [SEVERE ] player 4 placing token on slot 2
[16:25:23.354] [SEVERE ] updating countdown to 11967
[16:25:23.354] [SEVERE ] player 3 placing token on slot 6
[16:25:23.354] [SEVERE ] removing player 4 token from slot 4
[16:25:23.354] [SEVERE ] removing player 4 token from slot 10
[16:25:23.354] [SEVERE ] removing player 4 token from slot 2
[16:25:23.355] [SEVERE ] setting player 4 freeze to 3000
[16:25:24.368] [SEVERE ] setting player 4 freeze to 2000
[16:25:24.368] [SEVERE ] player 3 placing token on slot 8
[16:25:24.368] [SEVERE ] updating countdown to 10953
[16:25:24.368] [SEVERE ] removing player 3 token from slot 3
[16:25:24.368] [SEVERE ] removing player 3 token from slot 6
[16:25:24.368] [SEVERE ] removing player 3 token from slot 8
[16:25:24.369] [SEVERE ] setting player 3 freeze to 3000
[16:25:25.370] [SEVERE ] updating countdown to 9951
[16:25:25.370] [SEVERE ] setting player 4 freeze to 1000
[16:25:25.370] [SEVERE ] setting player 3 freeze to 2000
[16:25:26.385] [SEVERE ] setting player 3 freeze to 1000
[16:25:26.385] [SEVERE ] setting player 4 freeze to 0
[16:25:26.385] [SEVERE ] updating countdown to 8936
[16:25:27.385] [SEVERE ] player 4 placing token on slot 1
[16:25:27.385] [SEVERE ] setting player 3 freeze to 0
[16:25:27.401] [SEVERE ] updating countdown to 7920
[16:25:28.399] [SEVERE ] player 3 placing token on slot 6
[16:25:28.399] [SEVERE ] player 4 placing token on slot 2
[16:25:28.415] [SEVERE ] updating countdown to 6906
[16:25:29.411] [SEVERE ] player 4 placing token on slot 5
[16:25:29.411] [SEVERE ] removing player 3 token from slot 6
[16:25:29.427] [SEVERE ] updating countdown to 5894
[16:25:29.427] [SEVERE ] removing player 4 token from slot 1
[16:25:29.427] [SEVERE ] removing player 4 token from slot 2
[16:25:29.427] [SEVERE ] removing player 4 token from slot 5
[16:25:29.427] [SEVERE ] setting player 4 freeze to 3000
[16:25:30.423] [SEVERE ] player 3 placing token on slot 6
[16:25:30.439] [SEVERE ] setting player 4 freeze to 2000
[16:25:30.769] [SEVERE ] exit button pressed
[16:25:30.769] [INFO   ] thread Thread-2 terminated.
[16:25:30.769] [SEVERE ] updating countdown to 15000
[16:25:30.885] [SEVERE ] removing tokens from slot 8
[16:25:30.885] [SEVERE ] removing card from slot 8
[16:25:30.995] [SEVERE ] removing tokens from slot 9
[16:25:30.995] [SEVERE ] removing card from slot 9
[16:25:31.107] [SEVERE ] removing tokens from slot 7
[16:25:31.107] [SEVERE ] removing card from slot 7
[16:25:31.219] [SEVERE ] removing tokens from slot 5
[16:25:31.219] [SEVERE ] removing card from slot 5
[16:25:31.330] [SEVERE ] removing tokens from slot 1
[16:25:31.330] [SEVERE ] removing card from slot 1
[16:25:31.441] [SEVERE ] removing tokens from slot 4
[16:25:31.441] [SEVERE ] removing card from slot 4
[16:25:31.441] [SEVERE ] setting player 4 freeze to 1000
[16:25:31.553] [SEVERE ] removing tokens from slot 3
[16:25:31.553] [SEVERE ] removing card from slot 3
[16:25:31.665] [SEVERE ] removing tokens from slot 11
[16:25:31.665] [SEVERE ] removing card from slot 11
[16:25:31.776] [SEVERE ] removing tokens from slot 0
[16:25:31.776] [SEVERE ] removing card from slot 0
[16:25:31.887] [SEVERE ] removing player 3 token from slot 6
[16:25:31.887] [SEVERE ] removing tokens from slot 6
[16:25:31.887] [SEVERE ] removing card from slot 6
[16:25:31.999] [SEVERE ] removing tokens from slot 10
[16:25:31.999] [SEVERE ] removing card from slot 10
[16:25:32.110] [SEVERE ] removing tokens from slot 2
[16:25:32.110] [SEVERE ] removing card from slot 2
[16:25:32.116] [SEVERE ] announcing winner(s): player 1, player 2, player 3, player 4
[16:25:32.118] [INFO   ] thread dealer terminated.
[16:25:32.119] [INFO   ] thread dealer terminated.
[16:25:32.119] [SEVERE ] thanks for playing... it was fun!
[16:25:32.119] [INFO   ] thread bguspl.set.Main.main() terminated.
