[17:35:13.649] [INFO   ] thread bguspl.set.Main.main() starting.
[17:35:13.654] [SEVERE ] cannot read configuration file config.properties trying from resources.
[17:35:13.656] [SEVERE ] configuration file was loaded from resources directory.
[17:35:14.852] [INFO   ] thread dealer starting.
[17:35:14.853] [INFO   ] thread dealer starting.
[17:35:14.855] [INFO   ] thread Thread-1 starting.
[17:35:14.855] [INFO   ] thread Thread-2 starting.
[17:35:14.856] [INFO   ] thread Thread-3 starting.
[17:35:14.856] [INFO   ] thread Thread-4 starting.
[17:35:14.860] [INFO   ] thread computer-2 starting.
[17:35:14.860] [INFO   ] thread computer-3 starting.
[17:35:14.868] [SEVERE ] updating countdown to 5000
[17:35:14.975] [SEVERE ] placing card 46 in slot 0
[17:35:15.085] [SEVERE ] placing card 76 in slot 5
[17:35:15.197] [SEVERE ] placing card 9 in slot 6
[17:35:15.305] [SEVERE ] placing card 10 in slot 4
[17:35:15.415] [SEVERE ] placing card 45 in slot 9
[17:35:15.523] [SEVERE ] placing card 15 in slot 3
[17:35:15.634] [SEVERE ] placing card 50 in slot 2
[17:35:15.745] [SEVERE ] placing card 51 in slot 7
[17:35:15.853] [SEVERE ] placing card 30 in slot 10
[17:35:15.869] [SEVERE ] player 4 placing token on slot 7
[17:35:15.874] [SEVERE ] player 2 placing token on slot 0
[17:35:15.874] [SEVERE ] player 2 placing token on slot 2
[17:35:15.875] [SEVERE ] player 2 placing token on slot 7
[17:35:15.875] [SEVERE ] player 1 placing token on slot 0
[17:35:15.876] [SEVERE ] player 1 placing token on slot 2
[17:35:15.876] [SEVERE ] player 1 placing token on slot 7
[17:35:15.964] [SEVERE ] placing card 23 in slot 1
[17:35:16.076] [SEVERE ] placing card 37 in slot 8
[17:35:16.186] [SEVERE ] placing card 42 in slot 11
[17:35:16.186] [SEVERE ] updating countdown to 5000
[17:35:16.187] [SEVERE ] updating countdown to 5000
[17:35:16.297] [SEVERE ] removing player 1 token from slot 0
[17:35:16.297] [SEVERE ] removing player 2 token from slot 0
[17:35:16.298] [SEVERE ] removing tokens from slot 0
[17:35:16.298] [SEVERE ] removing card from slot 0
[17:35:16.408] [SEVERE ] removing player 1 token from slot 2
[17:35:16.408] [SEVERE ] removing player 2 token from slot 2
[17:35:16.409] [SEVERE ] removing tokens from slot 2
[17:35:16.409] [SEVERE ] removing card from slot 2
[17:35:16.518] [SEVERE ] removing player 1 token from slot 7
[17:35:16.519] [SEVERE ] removing player 2 token from slot 7
[17:35:16.519] [SEVERE ] removing player 4 token from slot 7
[17:35:16.520] [SEVERE ] removing tokens from slot 7
[17:35:16.521] [SEVERE ] removing card from slot 7
[17:35:16.524] [SEVERE ] setting player 2 score to 1
[17:35:16.525] [SEVERE ] setting player 2 freeze to 1000
[17:35:16.627] [SEVERE ] placing card 74 in slot 0
[17:35:16.737] [SEVERE ] placing card 35 in slot 2
[17:35:16.848] [SEVERE ] placing card 24 in slot 7
[17:35:16.874] [SEVERE ] player 4 placing token on slot 6
[17:35:16.875] [SEVERE ] player 4 placing token on slot 2
[17:35:16.875] [SEVERE ] player 4 placing token on slot 5
[17:35:16.875] [SEVERE ] updating countdown to 5000
[17:35:16.882] [SEVERE ] player 3 placing token on slot 6
[17:35:16.882] [SEVERE ] player 3 placing token on slot 2
[17:35:16.883] [SEVERE ] player 3 placing token on slot 5
[17:35:16.992] [SEVERE ] removing player 3 token from slot 6
[17:35:16.994] [SEVERE ] removing player 4 token from slot 6
[17:35:16.994] [SEVERE ] removing tokens from slot 6
[17:35:16.994] [SEVERE ] removing card from slot 6
[17:35:17.103] [SEVERE ] removing player 3 token from slot 2
[17:35:17.103] [SEVERE ] removing player 4 token from slot 2
[17:35:17.104] [SEVERE ] removing tokens from slot 2
[17:35:17.104] [SEVERE ] removing card from slot 2
[17:35:17.212] [SEVERE ] removing player 3 token from slot 5
[17:35:17.213] [SEVERE ] removing player 4 token from slot 5
[17:35:17.213] [SEVERE ] removing tokens from slot 5
[17:35:17.213] [SEVERE ] removing card from slot 5
[17:35:17.214] [SEVERE ] setting player 4 score to 1
[17:35:17.214] [SEVERE ] setting player 4 freeze to 1000
[17:35:17.322] [SEVERE ] placing card 12 in slot 5
[17:35:17.432] [SEVERE ] placing card 62 in slot 6
[17:35:17.527] [SEVERE ] setting player 2 freeze to 0
[17:35:17.528] [SEVERE ] player 1 placing token on slot 10
[17:35:17.529] [SEVERE ] player 1 placing token on slot 11
[17:35:17.529] [SEVERE ] player 1 placing token on slot 9
[17:35:17.543] [SEVERE ] placing card 64 in slot 2
[17:35:17.544] [SEVERE ] updating countdown to 5000
[17:35:17.654] [SEVERE ] removing player 1 token from slot 10
[17:35:17.654] [SEVERE ] removing tokens from slot 10
[17:35:17.655] [SEVERE ] removing card from slot 10
[17:35:17.764] [SEVERE ] removing player 1 token from slot 11
[17:35:17.765] [SEVERE ] removing tokens from slot 11
[17:35:17.765] [SEVERE ] removing card from slot 11
[17:35:17.875] [SEVERE ] removing player 1 token from slot 9
[17:35:17.875] [SEVERE ] removing tokens from slot 9
[17:35:17.876] [SEVERE ] removing card from slot 9
[17:35:17.876] [SEVERE ] setting player 1 score to 1
[17:35:17.876] [SEVERE ] setting player 1 freeze to 1000
[17:35:17.985] [SEVERE ] placing card 52 in slot 9
[17:35:18.097] [SEVERE ] placing card 61 in slot 10
[17:35:18.208] [SEVERE ] placing card 57 in slot 11
[17:35:18.223] [SEVERE ] setting player 4 freeze to 0
[17:35:18.223] [SEVERE ] player 3 placing token on slot 5
[17:35:18.540] [SEVERE ] player 2 placing token on slot 4
[17:35:18.541] [SEVERE ] player 2 placing token on slot 8
[17:35:18.541] [SEVERE ] player 2 placing token on slot 2
[17:35:18.541] [SEVERE ] updating countdown to 5000
[17:35:18.650] [SEVERE ] removing player 2 token from slot 4
[17:35:18.650] [SEVERE ] removing tokens from slot 4
[17:35:18.650] [SEVERE ] removing card from slot 4
[17:35:18.761] [SEVERE ] removing player 2 token from slot 8
[17:35:18.761] [SEVERE ] removing tokens from slot 8
[17:35:18.761] [SEVERE ] removing card from slot 8
[17:35:18.873] [SEVERE ] removing player 2 token from slot 2
[17:35:18.873] [SEVERE ] removing tokens from slot 2
[17:35:18.874] [SEVERE ] removing card from slot 2
[17:35:18.874] [SEVERE ] setting player 2 score to 2
[17:35:18.874] [SEVERE ] setting player 2 freeze to 1000
[17:35:18.889] [SEVERE ] setting player 1 freeze to 0
[17:35:18.985] [SEVERE ] placing card 5 in slot 4
[17:35:19.092] [SEVERE ] placing card 20 in slot 2
[17:35:19.203] [SEVERE ] placing card 65 in slot 8
[17:35:19.234] [SEVERE ] player 4 placing token on slot 5
[17:35:19.234] [SEVERE ] player 3 placing token on slot 3
[17:35:19.235] [SEVERE ] player 3 placing token on slot 9
[17:35:19.235] [SEVERE ] removing player 3 token from slot 5
[17:35:19.235] [SEVERE ] removing player 3 token from slot 3
[17:35:19.235] [SEVERE ] removing player 3 token from slot 9
[17:35:19.235] [SEVERE ] setting player 3 freeze to 3000
[17:35:19.541] [SEVERE ] updating countdown to 4000
[17:35:19.541] [SEVERE ] updating countdown to 4000
[17:35:19.541] [SEVERE ] updating countdown to 4000
[17:35:19.889] [SEVERE ] setting player 2 freeze to 0
[17:35:19.891] [SEVERE ] player 1 placing token on slot 3
[17:35:19.892] [SEVERE ] player 1 placing token on slot 9
[17:35:19.892] [SEVERE ] player 1 placing token on slot 6
[17:35:19.892] [SEVERE ] updating countdown to 5000
[17:35:20.000] [SEVERE ] removing player 1 token from slot 3
[17:35:20.001] [SEVERE ] removing tokens from slot 3
[17:35:20.001] [SEVERE ] removing card from slot 3
[17:35:20.111] [SEVERE ] removing player 1 token from slot 9
[17:35:20.111] [SEVERE ] removing tokens from slot 9
[17:35:20.111] [SEVERE ] removing card from slot 9
[17:35:20.221] [SEVERE ] removing player 1 token from slot 6
[17:35:20.221] [SEVERE ] removing tokens from slot 6
[17:35:20.221] [SEVERE ] removing card from slot 6
[17:35:20.222] [SEVERE ] setting player 1 score to 2
[17:35:20.222] [SEVERE ] setting player 1 freeze to 1000
[17:35:20.237] [SEVERE ] setting player 3 freeze to 2000
[17:35:20.331] [SEVERE ] placing card 71 in slot 6
[17:35:20.443] [SEVERE ] placing card 39 in slot 9
[17:35:20.554] [SEVERE ] placing card 6 in slot 3
[17:35:20.891] [SEVERE ] player 2 placing token on slot 2
[17:35:20.892] [SEVERE ] player 2 placing token on slot 9
[17:35:20.892] [SEVERE ] updating countdown to 4000
[17:35:20.892] [SEVERE ] player 2 placing token on slot 10
[17:35:20.892] [SEVERE ] updating countdown to 4000
[17:35:20.892] [SEVERE ] updating countdown to 5000
[17:35:21.007] [SEVERE ] removing player 2 token from slot 2
[17:35:21.007] [SEVERE ] removing tokens from slot 2
[17:35:21.007] [SEVERE ] removing card from slot 2
[17:35:21.119] [SEVERE ] removing player 2 token from slot 9
[17:35:21.119] [SEVERE ] removing tokens from slot 9
[17:35:21.119] [SEVERE ] removing card from slot 9
[17:35:21.229] [SEVERE ] removing player 2 token from slot 10
[17:35:21.229] [SEVERE ] setting player 1 freeze to 0
[17:35:21.229] [SEVERE ] removing tokens from slot 10
[17:35:21.229] [SEVERE ] removing card from slot 10
[17:35:21.230] [SEVERE ] setting player 2 score to 3
[17:35:21.230] [SEVERE ] setting player 2 freeze to 1000
[17:35:21.245] [SEVERE ] player 4 placing token on slot 0
[17:35:21.245] [SEVERE ] setting player 3 freeze to 1000
[17:35:21.340] [SEVERE ] placing card 29 in slot 9
[17:35:21.451] [SEVERE ] placing card 67 in slot 2
[17:35:21.561] [SEVERE ] placing card 26 in slot 10
[17:35:21.892] [SEVERE ] updating countdown to 4000
[17:35:22.235] [SEVERE ] setting player 2 freeze to 0
[17:35:22.236] [SEVERE ] player 1 placing token on slot 1
[17:35:22.237] [SEVERE ] player 1 placing token on slot 9
[17:35:22.237] [SEVERE ] player 1 placing token on slot 6
[17:35:22.238] [SEVERE ] updating countdown to 5000
[17:35:22.251] [SEVERE ] setting player 3 freeze to 0
[17:35:22.251] [SEVERE ] player 4 placing token on slot 1
[17:35:22.346] [SEVERE ] removing player 1 token from slot 1
[17:35:22.346] [SEVERE ] removing player 4 token from slot 1
[17:35:22.346] [SEVERE ] removing tokens from slot 1
[17:35:22.346] [SEVERE ] removing card from slot 1
[17:35:22.457] [SEVERE ] removing player 1 token from slot 9
[17:35:22.457] [SEVERE ] removing tokens from slot 9
[17:35:22.457] [SEVERE ] removing card from slot 9
[17:35:22.569] [SEVERE ] removing player 1 token from slot 6
[17:35:22.569] [SEVERE ] removing tokens from slot 6
[17:35:22.569] [SEVERE ] removing card from slot 6
[17:35:22.569] [SEVERE ] setting player 1 score to 3
[17:35:22.569] [SEVERE ] setting player 1 freeze to 1000
[17:35:22.679] [SEVERE ] placing card 49 in slot 6
[17:35:22.790] [SEVERE ] placing card 27 in slot 9
[17:35:22.901] [SEVERE ] placing card 69 in slot 1
[17:35:23.238] [SEVERE ] updating countdown to 4000
[17:35:23.238] [SEVERE ] updating countdown to 4000
[17:35:23.238] [SEVERE ] updating countdown to 4000
[17:35:23.242] [SEVERE ] player 2 placing token on slot 7
[17:35:23.242] [SEVERE ] player 2 placing token on slot 6
[17:35:23.242] [SEVERE ] player 2 placing token on slot 0
[17:35:23.242] [SEVERE ] updating countdown to 5000
[17:35:23.258] [SEVERE ] player 3 placing token on slot 5
[17:35:23.351] [SEVERE ] removing player 2 token from slot 7
[17:35:23.351] [SEVERE ] removing tokens from slot 7
[17:35:23.351] [SEVERE ] removing card from slot 7
[17:35:23.462] [SEVERE ] removing player 2 token from slot 6
[17:35:23.462] [SEVERE ] removing tokens from slot 6
[17:35:23.462] [SEVERE ] removing card from slot 6
[17:35:23.572] [SEVERE ] removing player 2 token from slot 0
[17:35:23.572] [SEVERE ] setting player 1 freeze to 0
[17:35:23.572] [SEVERE ] removing player 4 token from slot 0
[17:35:23.572] [SEVERE ] removing tokens from slot 0
[17:35:23.572] [SEVERE ] player 4 placing token on slot 9
[17:35:23.572] [SEVERE ] removing card from slot 0
[17:35:23.572] [SEVERE ] setting player 2 score to 4
[17:35:23.572] [SEVERE ] setting player 2 freeze to 1000
[17:35:23.682] [SEVERE ] placing card 80 in slot 0
[17:35:23.792] [SEVERE ] placing card 7 in slot 6
[17:35:23.901] [SEVERE ] placing card 14 in slot 7
[17:35:24.242] [SEVERE ] updating countdown to 4000
[17:35:24.242] [SEVERE ] updating countdown to 4000
[17:35:24.242] [SEVERE ] updating countdown to 4000
[17:35:24.273] [SEVERE ] player 3 placing token on slot 8
[17:35:24.273] [SEVERE ] player 3 placing token on slot 2
[17:35:24.273] [SEVERE ] removing player 3 token from slot 5
[17:35:24.273] [SEVERE ] removing player 3 token from slot 8
[17:35:24.274] [SEVERE ] removing player 3 token from slot 2
[17:35:24.274] [SEVERE ] setting player 3 freeze to 3000
[17:35:24.585] [SEVERE ] setting player 2 freeze to 0
[17:35:24.585] [SEVERE ] player 4 placing token on slot 8
[17:35:24.585] [SEVERE ] player 1 placing token on slot 8
[17:35:24.585] [SEVERE ] player 1 placing token on slot 2
[17:35:24.585] [SEVERE ] player 1 placing token on slot 1
[17:35:24.585] [SEVERE ] removing player 4 token from slot 5
[17:35:24.585] [SEVERE ] removing player 4 token from slot 9
[17:35:24.586] [SEVERE ] removing player 4 token from slot 8
[17:35:24.586] [SEVERE ] setting player 4 freeze to 3000
[17:35:24.586] [SEVERE ] updating countdown to 5000
[17:35:24.695] [SEVERE ] removing player 1 token from slot 8
[17:35:24.695] [SEVERE ] removing tokens from slot 8
[17:35:24.695] [SEVERE ] removing card from slot 8
[17:35:24.806] [SEVERE ] removing player 1 token from slot 2
[17:35:24.806] [SEVERE ] removing tokens from slot 2
[17:35:24.806] [SEVERE ] removing card from slot 2
[17:35:24.915] [SEVERE ] removing player 1 token from slot 1
[17:35:24.915] [SEVERE ] removing tokens from slot 1
[17:35:24.915] [SEVERE ] removing card from slot 1
[17:35:24.915] [SEVERE ] setting player 1 score to 4
[17:35:24.916] [SEVERE ] setting player 1 freeze to 1000
[17:35:25.025] [SEVERE ] placing card 34 in slot 2
[17:35:25.136] [SEVERE ] placing card 1 in slot 1
[17:35:25.247] [SEVERE ] placing card 78 in slot 8
[17:35:25.278] [SEVERE ] setting player 3 freeze to 2000
[17:35:25.586] [SEVERE ] updating countdown to 4000
[17:35:25.586] [SEVERE ] player 2 placing token on slot 1
[17:35:25.586] [SEVERE ] updating countdown to 4000
[17:35:25.586] [SEVERE ] player 2 placing token on slot 4
[17:35:25.586] [SEVERE ] player 2 placing token on slot 3
[17:35:25.586] [SEVERE ] updating countdown to 4000
[17:35:25.586] [SEVERE ] updating countdown to 5000
[17:35:25.588] [SEVERE ] setting player 4 freeze to 2000
[17:35:25.699] [SEVERE ] removing player 2 token from slot 1
[17:35:25.699] [SEVERE ] removing tokens from slot 1
[17:35:25.699] [SEVERE ] removing card from slot 1
[17:35:25.808] [SEVERE ] removing player 2 token from slot 4
[17:35:25.808] [SEVERE ] removing tokens from slot 4
[17:35:25.808] [SEVERE ] removing card from slot 4
[17:35:25.920] [SEVERE ] setting player 1 freeze to 0
[17:35:25.920] [SEVERE ] removing player 2 token from slot 3
[17:35:25.920] [SEVERE ] removing tokens from slot 3
[17:35:25.920] [SEVERE ] removing card from slot 3
[17:35:25.921] [SEVERE ] setting player 2 score to 5
[17:35:25.921] [SEVERE ] setting player 2 freeze to 1000
[17:35:26.029] [SEVERE ] placing card 32 in slot 4
[17:35:26.141] [SEVERE ] placing card 3 in slot 3
[17:35:26.252] [SEVERE ] placing card 44 in slot 1
[17:35:26.284] [SEVERE ] setting player 3 freeze to 1000
[17:35:26.586] [SEVERE ] updating countdown to 4000
[17:35:26.596] [SEVERE ] setting player 4 freeze to 1000
[17:35:26.929] [SEVERE ] setting player 2 freeze to 0
[17:35:26.930] [SEVERE ] player 1 placing token on slot 6
[17:35:26.930] [SEVERE ] player 1 placing token on slot 1
[17:35:26.931] [SEVERE ] player 1 placing token on slot 8
[17:35:26.932] [SEVERE ] updating countdown to 5000
[17:35:27.038] [SEVERE ] removing player 1 token from slot 6
[17:35:27.038] [SEVERE ] removing tokens from slot 6
[17:35:27.038] [SEVERE ] removing card from slot 6
[17:35:27.149] [SEVERE ] removing player 1 token from slot 1
[17:35:27.149] [SEVERE ] removing tokens from slot 1
[17:35:27.149] [SEVERE ] removing card from slot 1
[17:35:27.259] [SEVERE ] removing player 1 token from slot 8
[17:35:27.259] [SEVERE ] removing tokens from slot 8
[17:35:27.259] [SEVERE ] removing card from slot 8
[17:35:27.260] [SEVERE ] setting player 1 score to 5
[17:35:27.260] [SEVERE ] setting player 1 freeze to 1000
[17:35:27.290] [SEVERE ] setting player 3 freeze to 0
[17:35:27.369] [SEVERE ] placing card 43 in slot 6
[17:35:27.480] [SEVERE ] placing card 8 in slot 1
[17:35:27.592] [SEVERE ] placing card 56 in slot 8
[17:35:27.608] [SEVERE ] setting player 4 freeze to 0
[17:35:27.931] [SEVERE ] updating countdown to 4000
[17:35:27.931] [SEVERE ] updating countdown to 4000
[17:35:27.931] [SEVERE ] updating countdown to 4000
[17:35:27.931] [SEVERE ] updating countdown to 4000
[17:35:27.931] [SEVERE ] updating countdown to 4000
[17:35:27.937] [SEVERE ] player 2 placing token on slot 1
[17:35:27.937] [SEVERE ] player 2 placing token on slot 4
[17:35:27.938] [SEVERE ] player 2 placing token on slot 8
[17:35:27.938] [SEVERE ] updating countdown to 5000
[17:35:28.048] [SEVERE ] removing player 2 token from slot 1
[17:35:28.048] [SEVERE ] removing tokens from slot 1
[17:35:28.048] [SEVERE ] removing card from slot 1
[17:35:28.159] [SEVERE ] removing player 2 token from slot 4
[17:35:28.159] [SEVERE ] removing tokens from slot 4
[17:35:28.159] [SEVERE ] removing card from slot 4
[17:35:28.269] [SEVERE ] removing player 2 token from slot 8
[17:35:28.269] [SEVERE ] setting player 1 freeze to 0
[17:35:28.269] [SEVERE ] removing tokens from slot 8
[17:35:28.269] [SEVERE ] removing card from slot 8
[17:35:28.270] [SEVERE ] setting player 2 score to 6
[17:35:28.270] [SEVERE ] setting player 2 freeze to 1000
[17:35:28.301] [SEVERE ] player 3 placing token on slot 9
[17:35:28.380] [SEVERE ] placing card 60 in slot 4
[17:35:28.492] [SEVERE ] placing card 25 in slot 1
[17:35:28.603] [SEVERE ] placing card 0 in slot 8
[17:35:28.618] [SEVERE ] player 4 placing token on slot 9
[17:35:28.938] [SEVERE ] updating countdown to 4000
[17:35:28.938] [SEVERE ] updating countdown to 4000
[17:35:28.938] [SEVERE ] updating countdown to 4000
[17:35:28.938] [SEVERE ] updating countdown to 4000
[17:35:28.938] [SEVERE ] updating countdown to 4000
[17:35:29.271] [SEVERE ] setting player 2 freeze to 0
[17:35:29.271] [SEVERE ] player 1 placing token on slot 8
[17:35:29.271] [SEVERE ] player 1 placing token on slot 7
[17:35:29.272] [SEVERE ] player 1 placing token on slot 1
[17:35:29.272] [SEVERE ] updating countdown to 5000
[17:35:29.303] [SEVERE ] player 3 placing token on slot 8
[17:35:29.304] [SEVERE ] player 3 placing token on slot 7
[17:35:29.383] [SEVERE ] removing player 1 token from slot 8
[17:35:29.383] [SEVERE ] removing player 3 token from slot 8
[17:35:29.383] [SEVERE ] removing tokens from slot 8
[17:35:29.383] [SEVERE ] removing card from slot 8
[17:35:29.491] [SEVERE ] removing player 1 token from slot 7
[17:35:29.491] [SEVERE ] removing player 3 token from slot 7
[17:35:29.491] [SEVERE ] removing tokens from slot 7
[17:35:29.491] [SEVERE ] removing card from slot 7
[17:35:29.601] [SEVERE ] removing player 1 token from slot 1
[17:35:29.601] [SEVERE ] removing tokens from slot 1
[17:35:29.601] [SEVERE ] removing card from slot 1
[17:35:29.601] [SEVERE ] setting player 1 score to 6
[17:35:29.602] [SEVERE ] setting player 1 freeze to 1000
[17:35:29.632] [SEVERE ] player 4 placing token on slot 3
[17:35:29.633] [SEVERE ] removing player 4 token from slot 9
[17:35:29.633] [SEVERE ] player 4 placing token on slot 4
[17:35:29.712] [SEVERE ] placing card 18 in slot 7
[17:35:29.821] [SEVERE ] placing card 55 in slot 1
[17:35:29.931] [SEVERE ] placing card 11 in slot 8
[17:35:30.272] [SEVERE ] updating countdown to 4000
[17:35:30.275] [SEVERE ] player 2 placing token on slot 3
[17:35:30.276] [SEVERE ] player 2 placing token on slot 9
[17:35:30.276] [SEVERE ] player 2 placing token on slot 4
[17:35:30.276] [SEVERE ] updating countdown to 5000
[17:35:30.384] [SEVERE ] removing player 2 token from slot 3
[17:35:30.384] [SEVERE ] removing player 4 token from slot 3
[17:35:30.384] [SEVERE ] removing tokens from slot 3
[17:35:30.384] [SEVERE ] removing card from slot 3
[17:35:30.496] [SEVERE ] removing player 2 token from slot 9
[17:35:30.496] [SEVERE ] removing player 3 token from slot 9
[17:35:30.496] [SEVERE ] removing tokens from slot 9
[17:35:30.496] [SEVERE ] removing card from slot 9
[17:35:30.605] [SEVERE ] setting player 1 freeze to 0
[17:35:30.605] [SEVERE ] removing player 2 token from slot 4
[17:35:30.605] [SEVERE ] removing player 4 token from slot 4
[17:35:30.605] [SEVERE ] removing tokens from slot 4
[17:35:30.605] [SEVERE ] removing card from slot 4
[17:35:30.606] [SEVERE ] setting player 2 score to 7
[17:35:30.606] [SEVERE ] setting player 2 freeze to 1000
[17:35:30.717] [SEVERE ] placing card 40 in slot 4
[17:35:30.828] [SEVERE ] placing card 38 in slot 9
[17:35:30.939] [SEVERE ] placing card 53 in slot 3
[17:35:31.276] [SEVERE ] updating countdown to 4000
[17:35:31.276] [SEVERE ] updating countdown to 4000
[17:35:31.276] [SEVERE ] updating countdown to 4000
[17:35:31.612] [SEVERE ] setting player 2 freeze to 0
[17:35:31.612] [SEVERE ] player 3 placing token on slot 10
[17:35:31.612] [SEVERE ] player 1 placing token on slot 10
[17:35:31.612] [SEVERE ] player 1 placing token on slot 3
[17:35:31.612] [SEVERE ] player 1 placing token on slot 0
[17:35:31.612] [SEVERE ] player 3 placing token on slot 3
[17:35:31.612] [SEVERE ] updating countdown to 5000
[17:35:31.612] [SEVERE ] player 3 placing token on slot 0
[17:35:31.644] [SEVERE ] player 4 placing token on slot 10
[17:35:31.644] [SEVERE ] player 4 placing token on slot 3
[17:35:31.644] [SEVERE ] player 4 placing token on slot 0
[17:35:31.722] [SEVERE ] removing player 1 token from slot 10
[17:35:31.722] [SEVERE ] removing player 3 token from slot 10
[17:35:31.722] [SEVERE ] removing player 4 token from slot 10
[17:35:31.722] [SEVERE ] removing tokens from slot 10
[17:35:31.722] [SEVERE ] removing card from slot 10
[17:35:31.833] [SEVERE ] removing player 1 token from slot 3
[17:35:31.833] [SEVERE ] removing player 3 token from slot 3
[17:35:31.833] [SEVERE ] removing player 4 token from slot 3
[17:35:31.833] [SEVERE ] removing tokens from slot 3
[17:35:31.833] [SEVERE ] removing card from slot 3
[17:35:31.943] [SEVERE ] removing player 1 token from slot 0
[17:35:31.943] [SEVERE ] removing player 3 token from slot 0
[17:35:31.943] [SEVERE ] removing player 4 token from slot 0
[17:35:31.943] [SEVERE ] removing tokens from slot 0
[17:35:31.943] [SEVERE ] removing card from slot 0
[17:35:31.944] [SEVERE ] setting player 1 score to 7
[17:35:31.944] [SEVERE ] setting player 1 freeze to 1000
[17:35:32.054] [SEVERE ] placing card 54 in slot 0
[17:35:32.164] [SEVERE ] placing card 77 in slot 3
[17:35:32.275] [SEVERE ] placing card 79 in slot 10
[17:35:32.612] [SEVERE ] updating countdown to 4000
[17:35:32.612] [SEVERE ] updating countdown to 4000
[17:35:32.612] [SEVERE ] updating countdown to 4000
[17:35:32.612] [SEVERE ] updating countdown to 4000
[17:35:32.613] [SEVERE ] player 2 placing token on slot 7
[17:35:32.613] [SEVERE ] player 2 placing token on slot 9
[17:35:32.613] [SEVERE ] player 2 placing token on slot 1
[17:35:32.613] [SEVERE ] updating countdown to 5000
[17:35:32.725] [SEVERE ] removing player 2 token from slot 7
[17:35:32.725] [SEVERE ] removing tokens from slot 7
[17:35:32.725] [SEVERE ] removing card from slot 7
[17:35:32.837] [SEVERE ] removing player 2 token from slot 9
[17:35:32.837] [SEVERE ] removing tokens from slot 9
[17:35:32.837] [SEVERE ] removing card from slot 9
[17:35:32.949] [SEVERE ] removing player 2 token from slot 1
[17:35:32.949] [SEVERE ] setting player 1 freeze to 0
[17:35:32.949] [SEVERE ] removing tokens from slot 1
[17:35:32.949] [SEVERE ] removing card from slot 1
[17:35:32.949] [SEVERE ] player 4 placing token on slot 3
[17:35:32.949] [SEVERE ] player 3 placing token on slot 4
[17:35:32.949] [SEVERE ] setting player 2 score to 8
[17:35:32.949] [SEVERE ] setting player 2 freeze to 1000
[17:35:33.059] [SEVERE ] placing card 72 in slot 9
[17:35:33.171] [SEVERE ] placing card 66 in slot 7
[17:35:33.280] [SEVERE ] placing card 19 in slot 1
[17:35:33.613] [SEVERE ] updating countdown to 4000
[17:35:33.613] [SEVERE ] updating countdown to 4000
[17:35:33.613] [SEVERE ] updating countdown to 4000
[17:35:33.613] [SEVERE ] updating countdown to 4000
[17:35:33.950] [SEVERE ] player 1 placing token on slot 9
[17:35:33.951] [SEVERE ] player 1 placing token on slot 3
[17:35:33.951] [SEVERE ] player 1 placing token on slot 10
[17:35:33.951] [SEVERE ] updating countdown to 5000
[17:35:33.954] [SEVERE ] setting player 2 freeze to 0
[17:35:33.954] [SEVERE ] player 4 placing token on slot 9
[17:35:33.955] [SEVERE ] removing player 4 token from slot 3
[17:35:33.955] [SEVERE ] player 4 placing token on slot 10
[17:35:33.955] [SEVERE ] player 3 placing token on slot 9
[17:35:33.955] [SEVERE ] player 3 placing token on slot 3
[17:35:34.063] [SEVERE ] removing player 1 token from slot 9
[17:35:34.063] [SEVERE ] removing player 3 token from slot 9
[17:35:34.063] [SEVERE ] removing player 4 token from slot 9
[17:35:34.063] [SEVERE ] removing tokens from slot 9
[17:35:34.063] [SEVERE ] removing card from slot 9
[17:35:34.175] [SEVERE ] removing player 1 token from slot 3
[17:35:34.175] [SEVERE ] removing player 3 token from slot 3
[17:35:34.175] [SEVERE ] removing tokens from slot 3
[17:35:34.175] [SEVERE ] removing card from slot 3
[17:35:34.283] [SEVERE ] removing player 1 token from slot 10
[17:35:34.283] [SEVERE ] removing player 4 token from slot 10
[17:35:34.283] [SEVERE ] removing tokens from slot 10
[17:35:34.283] [SEVERE ] removing card from slot 10
[17:35:34.284] [SEVERE ] setting player 1 score to 8
[17:35:34.284] [SEVERE ] setting player 1 freeze to 1000
[17:35:34.396] [SEVERE ] placing card 2 in slot 9
[17:35:34.507] [SEVERE ] placing card 58 in slot 3
[17:35:34.618] [SEVERE ] placing card 33 in slot 10
[17:35:34.951] [SEVERE ] updating countdown to 4000
[17:35:34.951] [SEVERE ] updating countdown to 4000
[17:35:34.951] [SEVERE ] updating countdown to 4000
[17:35:34.951] [SEVERE ] updating countdown to 4000
[17:35:34.957] [SEVERE ] player 4 placing token on slot 10
[17:35:34.957] [SEVERE ] player 2 placing token on slot 1
[17:35:34.957] [SEVERE ] player 2 placing token on slot 6
[17:35:34.957] [SEVERE ] player 2 placing token on slot 3
[17:35:34.957] [SEVERE ] updating countdown to 5000
[17:35:35.062] [SEVERE ] removing player 2 token from slot 1
[17:35:35.062] [SEVERE ] removing tokens from slot 1
[17:35:35.062] [SEVERE ] removing card from slot 1
[17:35:35.165] [SEVERE ] removing player 2 token from slot 6
[17:35:35.165] [SEVERE ] removing tokens from slot 6
[17:35:35.165] [SEVERE ] removing card from slot 6
[17:35:35.275] [SEVERE ] removing player 2 token from slot 3
[17:35:35.275] [SEVERE ] removing tokens from slot 3
[17:35:35.275] [SEVERE ] removing card from slot 3
[17:35:35.276] [SEVERE ] setting player 2 score to 9
[17:35:35.276] [SEVERE ] setting player 2 freeze to 1000
[17:35:35.291] [SEVERE ] player 3 placing token on slot 10
[17:35:35.291] [SEVERE ] setting player 1 freeze to 0
[17:35:35.380] [SEVERE ] placing card 75 in slot 6
[17:35:35.490] [SEVERE ] placing card 68 in slot 3
[17:35:35.600] [SEVERE ] placing card 31 in slot 1
[17:35:35.957] [SEVERE ] updating countdown to 4000
[17:35:35.957] [SEVERE ] updating countdown to 4000
[17:35:35.957] [SEVERE ] player 4 placing token on slot 8
[17:35:35.957] [SEVERE ] updating countdown to 4000
[17:35:35.958] [SEVERE ] player 4 placing token on slot 2
[17:35:35.958] [SEVERE ] removing player 4 token from slot 10
[17:35:35.958] [SEVERE ] removing player 4 token from slot 8
[17:35:35.958] [SEVERE ] removing player 4 token from slot 2
[17:35:35.958] [SEVERE ] setting player 4 freeze to 3000
[17:35:36.282] [SEVERE ] setting player 2 freeze to 0
[17:35:36.292] [SEVERE ] player 1 placing token on slot 8
[17:35:36.293] [SEVERE ] player 1 placing token on slot 2
[17:35:36.293] [SEVERE ] player 1 placing token on slot 6
[17:35:36.293] [SEVERE ] player 3 placing token on slot 8
[17:35:36.293] [SEVERE ] updating countdown to 5000
[17:35:36.395] [SEVERE ] removing player 1 token from slot 8
[17:35:36.395] [SEVERE ] removing player 3 token from slot 8
[17:35:36.395] [SEVERE ] removing tokens from slot 8
[17:35:36.395] [SEVERE ] removing card from slot 8
[17:35:36.509] [SEVERE ] removing player 1 token from slot 2
[17:35:36.509] [SEVERE ] removing tokens from slot 2
[17:35:36.509] [SEVERE ] removing card from slot 2
[17:35:36.622] [SEVERE ] removing player 1 token from slot 6
[17:35:36.622] [SEVERE ] removing tokens from slot 6
[17:35:36.622] [SEVERE ] removing card from slot 6
[17:35:36.623] [SEVERE ] setting player 1 score to 9
[17:35:36.623] [SEVERE ] setting player 1 freeze to 1000
[17:35:36.736] [SEVERE ] placing card 59 in slot 6
[17:35:36.846] [SEVERE ] placing card 17 in slot 2
[17:35:36.956] [SEVERE ] placing card 63 in slot 8
[17:35:36.965] [SEVERE ] setting player 4 freeze to 2000
[17:35:37.288] [SEVERE ] player 2 placing token on slot 2
[17:35:37.288] [SEVERE ] player 2 placing token on slot 4
[17:35:37.288] [SEVERE ] player 2 placing token on slot 8
[17:35:37.289] [SEVERE ] updating countdown to 5000
[17:35:37.402] [SEVERE ] removing player 2 token from slot 2
[17:35:37.402] [SEVERE ] removing tokens from slot 2
[17:35:37.402] [SEVERE ] removing card from slot 2
[17:35:37.512] [SEVERE ] removing player 2 token from slot 4
[17:35:37.512] [SEVERE ] removing player 3 token from slot 4
[17:35:37.512] [SEVERE ] removing tokens from slot 4
[17:35:37.512] [SEVERE ] removing card from slot 4
[17:35:37.623] [SEVERE ] removing player 2 token from slot 8
[17:35:37.623] [SEVERE ] removing tokens from slot 8
[17:35:37.623] [SEVERE ] removing card from slot 8
[17:35:37.623] [SEVERE ] setting player 2 score to 10
[17:35:37.623] [SEVERE ] setting player 2 freeze to 1000
[17:35:37.639] [SEVERE ] setting player 1 freeze to 0
[17:35:37.724] [SEVERE ] placing card 73 in slot 4
[17:35:37.835] [SEVERE ] placing card 4 in slot 2
[17:35:37.946] [SEVERE ] placing card 16 in slot 8
[17:35:37.978] [SEVERE ] setting player 4 freeze to 1000
[17:35:38.632] [SEVERE ] setting player 2 freeze to 0
[17:35:38.642] [SEVERE ] player 1 placing token on slot 8
[17:35:38.643] [SEVERE ] player 1 placing token on slot 1
[17:35:38.643] [SEVERE ] player 3 placing token on slot 8
[17:35:38.643] [SEVERE ] player 3 placing token on slot 1
[17:35:38.643] [SEVERE ] player 1 placing token on slot 4
[17:35:38.643] [SEVERE ] removing player 3 token from slot 10
[17:35:38.643] [SEVERE ] removing player 3 token from slot 8
[17:35:38.643] [SEVERE ] removing player 3 token from slot 1
[17:35:38.643] [SEVERE ] updating countdown to 5000
[17:35:38.643] [SEVERE ] setting player 3 freeze to 3000
[17:35:38.747] [SEVERE ] removing player 1 token from slot 8
[17:35:38.747] [SEVERE ] removing tokens from slot 8
[17:35:38.747] [SEVERE ] removing card from slot 8
[17:35:38.857] [SEVERE ] removing player 1 token from slot 1
[17:35:38.857] [SEVERE ] removing tokens from slot 1
[17:35:38.857] [SEVERE ] removing card from slot 1
[17:35:38.967] [SEVERE ] removing player 1 token from slot 4
[17:35:38.967] [SEVERE ] removing tokens from slot 4
[17:35:38.967] [SEVERE ] removing card from slot 4
[17:35:38.967] [SEVERE ] setting player 1 score to 10
[17:35:38.967] [SEVERE ] setting player 1 freeze to 1000
[17:35:38.983] [SEVERE ] setting player 4 freeze to 0
[17:35:39.069] [SEVERE ] placing card 28 in slot 4
[17:35:39.180] [SEVERE ] placing card 70 in slot 1
[17:35:39.290] [SEVERE ] placing card 48 in slot 8
[17:35:39.635] [SEVERE ] player 2 placing token on slot 9
[17:35:39.635] [SEVERE ] player 2 placing token on slot 4
[17:35:39.635] [SEVERE ] player 2 placing token on slot 0
[17:35:39.635] [SEVERE ] updating countdown to 5000
[17:35:39.650] [SEVERE ] setting player 3 freeze to 2000
[17:35:39.747] [SEVERE ] removing player 2 token from slot 9
[17:35:39.747] [SEVERE ] removing tokens from slot 9
[17:35:39.747] [SEVERE ] removing card from slot 9
[17:35:39.858] [SEVERE ] removing player 2 token from slot 4
[17:35:39.858] [SEVERE ] removing tokens from slot 4
[17:35:39.858] [SEVERE ] removing card from slot 4
[17:35:39.969] [SEVERE ] setting player 1 freeze to 0
[17:35:39.969] [SEVERE ] removing player 2 token from slot 0
[17:35:39.969] [SEVERE ] removing tokens from slot 0
[17:35:39.969] [SEVERE ] removing card from slot 0
[17:35:39.969] [SEVERE ] setting player 2 score to 11
[17:35:39.969] [SEVERE ] setting player 2 freeze to 1000
[17:35:39.984] [SEVERE ] player 4 placing token on slot 7
[17:35:40.073] [SEVERE ] placing card 36 in slot 0
[17:35:40.184] [SEVERE ] placing card 22 in slot 4
[17:35:40.294] [SEVERE ] placing card 47 in slot 9
[17:35:40.661] [SEVERE ] setting player 3 freeze to 1000
[17:35:40.975] [SEVERE ] setting player 2 freeze to 0
[17:35:40.975] [SEVERE ] player 1 placing token on slot 10
[17:35:40.975] [SEVERE ] player 1 placing token on slot 0
[17:35:40.975] [SEVERE ] player 1 placing token on slot 8
[17:35:40.975] [SEVERE ] updating countdown to 5000
[17:35:40.990] [SEVERE ] player 4 placing token on slot 10
[17:35:40.990] [SEVERE ] player 4 placing token on slot 0
[17:35:41.080] [SEVERE ] removing player 1 token from slot 10
[17:35:41.080] [SEVERE ] removing player 4 token from slot 10
[17:35:41.080] [SEVERE ] removing tokens from slot 10
[17:35:41.080] [SEVERE ] removing card from slot 10
[17:35:41.190] [SEVERE ] removing player 1 token from slot 0
[17:35:41.190] [SEVERE ] removing player 4 token from slot 0
[17:35:41.190] [SEVERE ] removing tokens from slot 0
[17:35:41.190] [SEVERE ] removing card from slot 0
[17:35:41.300] [SEVERE ] removing player 1 token from slot 8
[17:35:41.300] [SEVERE ] removing tokens from slot 8
[17:35:41.300] [SEVERE ] removing card from slot 8
[17:35:41.300] [SEVERE ] setting player 1 score to 11
[17:35:41.300] [SEVERE ] setting player 1 freeze to 1000
[17:35:41.414] [SEVERE ] placing card 21 in slot 0
[17:35:41.524] [SEVERE ] placing card 13 in slot 10
[17:35:41.635] [SEVERE ] placing card 41 in slot 8
[17:35:41.663] [SEVERE ] setting player 3 freeze to 0
[17:35:41.984] [SEVERE ] player 2 placing token on slot 2
[17:35:41.984] [SEVERE ] player 2 placing token on slot 10
[17:35:41.984] [SEVERE ] player 2 placing token on slot 4
[17:35:41.984] [SEVERE ] updating countdown to 5000
[17:35:42.100] [SEVERE ] removing player 2 token from slot 2
[17:35:42.100] [SEVERE ] removing tokens from slot 2
[17:35:42.100] [SEVERE ] removing card from slot 2
[17:35:42.210] [SEVERE ] removing player 2 token from slot 10
[17:35:42.210] [SEVERE ] removing tokens from slot 10
[17:35:42.210] [SEVERE ] removing card from slot 10
[17:35:42.304] [SEVERE ] setting player 1 freeze to 0
[17:35:42.320] [SEVERE ] removing player 2 token from slot 4
[17:35:42.320] [SEVERE ] removing tokens from slot 4
[17:35:42.320] [SEVERE ] removing card from slot 4
[17:35:42.320] [SEVERE ] setting player 2 score to 12
[17:35:42.320] [SEVERE ] setting player 2 freeze to 1000
[17:35:42.330] [INFO   ] thread dealer terminated.
[17:35:42.676] [SEVERE ] player 3 placing token on slot 9
[17:35:43.336] [SEVERE ] setting player 2 freeze to 0
[17:35:44.310] [SEVERE ] player 4 placing token on slot 11
[17:35:45.930] [SEVERE ] exit button pressed
[17:35:46.321] [SEVERE ] player 4 placing token on slot 0
[17:35:46.321] [INFO   ] thread computer-3 terminated.
[17:35:46.321] [INFO   ] thread Thread-1 terminated.
[17:35:46.353] [INFO   ] thread Thread-2 terminated.
[17:35:46.698] [INFO   ] thread computer-2 terminated.
[17:35:47.341] [SEVERE ] thanks for playing... it was fun!
[17:35:47.341] [INFO   ] thread bguspl.set.Main.main() terminated.
