[19:37:21.907] [INFO   ] thread bguspl.set.Main.main() starting.
[19:37:21.916] [SEVERE ] cannot read configuration file config.properties trying from resources.
[19:37:21.918] [SEVERE ] configuration file was loaded from resources directory.
[19:37:22.795] [INFO   ] thread dealer starting.
[19:37:22.797] [INFO   ] thread dealer starting.
[19:37:22.798] [INFO   ] thread Thread-1 starting.
[19:37:22.799] [INFO   ] thread Thread-2 starting.
[19:37:22.799] [INFO   ] thread Thread-3 starting.
[19:37:22.799] [INFO   ] thread Thread-4 starting.
[19:37:22.799] [INFO   ] thread Thread-5 starting.
[19:37:22.802] [INFO   ] thread computer-0 starting.
[19:37:22.802] [INFO   ] thread computer-2 starting.
[19:37:22.802] [INFO   ] thread computer-3 starting.
[19:37:22.804] [INFO   ] thread computer-1 starting.
[19:37:22.805] [INFO   ] thread computer-4 starting.
[19:37:22.814] [SEVERE ] updating countdown to 10000
[19:37:22.932] [SEVERE ] placing card 39 in slot 7
[19:37:23.074] [SEVERE ] placing card 59 in slot 0
[19:37:23.185] [SEVERE ] placing card 65 in slot 4
[19:37:23.295] [SEVERE ] placing card 36 in slot 2
[19:37:23.406] [SEVERE ] placing card 66 in slot 3
[19:37:23.515] [SEVERE ] placing card 3 in slot 11
[19:37:23.626] [SEVERE ] placing card 16 in slot 8
[19:37:23.737] [SEVERE ] placing card 64 in slot 5
[19:37:23.848] [SEVERE ] placing card 67 in slot 10
[19:37:23.960] [SEVERE ] placing card 63 in slot 6
[19:37:24.070] [SEVERE ] placing card 32 in slot 9
[19:37:24.180] [SEVERE ] placing card 62 in slot 1
[19:37:25.191] [SEVERE ] updating countdown to 9990
[19:37:25.193] [SEVERE ] player 4 placing token on slot 6
[19:37:25.193] [SEVERE ] player 4 placing token on slot 5
[19:37:25.194] [SEVERE ] player 4 placing token on slot 4
[19:37:25.194] [SEVERE ] updating countdown to 9987
[19:37:25.194] [SEVERE ] player 5 placing token on slot 6
[19:37:25.195] [SEVERE ] player 1 placing token on slot 6
[19:37:25.195] [SEVERE ] updating countdown to 10000
[19:37:25.195] [SEVERE ] player 1 placing token on slot 5
[19:37:25.195] [SEVERE ] player 1 placing token on slot 4
[19:37:25.195] [SEVERE ] player 3 placing token on slot 6
[19:37:25.196] [SEVERE ] player 3 placing token on slot 5
[19:37:25.196] [SEVERE ] player 5 placing token on slot 5
[19:37:25.196] [SEVERE ] player 2 placing token on slot 6
[19:37:25.196] [SEVERE ] player 2 placing token on slot 5
[19:37:25.196] [SEVERE ] player 2 placing token on slot 4
[19:37:25.197] [SEVERE ] player 5 placing token on slot 4
[19:37:25.197] [SEVERE ] player 3 placing token on slot 4
[19:37:25.301] [SEVERE ] removing player 1 token from slot 6
[19:37:25.302] [SEVERE ] removing player 2 token from slot 6
[19:37:25.302] [SEVERE ] removing player 3 token from slot 6
[19:37:25.302] [SEVERE ] removing player 4 token from slot 6
[19:37:25.303] [SEVERE ] removing player 5 token from slot 6
[19:37:25.303] [SEVERE ] removing tokens from slot 6
[19:37:25.303] [SEVERE ] removing card from slot 6
[19:37:25.411] [SEVERE ] removing player 1 token from slot 5
[19:37:25.411] [SEVERE ] removing player 2 token from slot 5
[19:37:25.412] [SEVERE ] removing player 3 token from slot 5
[19:37:25.412] [SEVERE ] removing player 4 token from slot 5
[19:37:25.412] [SEVERE ] removing player 5 token from slot 5
[19:37:25.413] [SEVERE ] removing tokens from slot 5
[19:37:25.413] [SEVERE ] removing card from slot 5
[19:37:25.521] [SEVERE ] removing player 1 token from slot 4
[19:37:25.521] [SEVERE ] removing player 2 token from slot 4
[19:37:25.522] [SEVERE ] removing player 3 token from slot 4
[19:37:25.522] [SEVERE ] removing player 4 token from slot 4
[19:37:25.522] [SEVERE ] removing player 5 token from slot 4
[19:37:25.522] [SEVERE ] removing tokens from slot 4
[19:37:25.522] [SEVERE ] removing card from slot 4
[19:37:25.525] [SEVERE ] setting player 4 score to 1
[19:37:25.525] [SEVERE ] setting player 4 freeze to 1000
[19:37:25.633] [SEVERE ] placing card 19 in slot 4
[19:37:25.744] [SEVERE ] placing card 76 in slot 5
[19:37:25.856] [SEVERE ] placing card 0 in slot 6
[19:37:26.539] [SEVERE ] setting player 4 freeze to 0
[19:37:26.539] [SEVERE ] player 2 placing token on slot 0
[19:37:26.539] [SEVERE ] updating countdown to 10000
[19:37:26.540] [SEVERE ] player 3 placing token on slot 0
[19:37:26.540] [SEVERE ] player 5 placing token on slot 0
[19:37:26.541] [SEVERE ] player 5 placing token on slot 3
[19:37:26.541] [SEVERE ] player 5 placing token on slot 5
[19:37:26.541] [SEVERE ] updating countdown to 9998
[19:37:26.541] [SEVERE ] updating countdown to 10000
[19:37:26.541] [SEVERE ] player 1 placing token on slot 0
[19:37:26.542] [SEVERE ] player 1 placing token on slot 3
[19:37:26.542] [SEVERE ] player 1 placing token on slot 5
[19:37:26.542] [SEVERE ] player 3 placing token on slot 3
[19:37:26.543] [SEVERE ] player 3 placing token on slot 5
[19:37:26.543] [SEVERE ] player 2 placing token on slot 3
[19:37:26.543] [SEVERE ] player 2 placing token on slot 5
[19:37:26.649] [SEVERE ] removing player 1 token from slot 0
[19:37:26.650] [SEVERE ] removing player 2 token from slot 0
[19:37:26.650] [SEVERE ] removing player 3 token from slot 0
[19:37:26.650] [SEVERE ] removing player 5 token from slot 0
[19:37:26.650] [SEVERE ] removing tokens from slot 0
[19:37:26.651] [SEVERE ] removing card from slot 0
[19:37:26.759] [SEVERE ] removing player 1 token from slot 3
[19:37:26.760] [SEVERE ] removing player 2 token from slot 3
[19:37:26.760] [SEVERE ] removing player 3 token from slot 3
[19:37:26.760] [SEVERE ] removing player 5 token from slot 3
[19:37:26.760] [SEVERE ] removing tokens from slot 3
[19:37:26.760] [SEVERE ] removing card from slot 3
[19:37:26.871] [SEVERE ] removing player 1 token from slot 5
[19:37:26.872] [SEVERE ] removing player 2 token from slot 5
[19:37:26.872] [SEVERE ] removing player 3 token from slot 5
[19:37:26.872] [SEVERE ] removing player 5 token from slot 5
[19:37:26.873] [SEVERE ] removing tokens from slot 5
[19:37:26.873] [SEVERE ] removing card from slot 5
[19:37:26.873] [SEVERE ] setting player 5 score to 1
[19:37:26.873] [SEVERE ] setting player 5 freeze to 1000
[19:37:26.981] [SEVERE ] placing card 12 in slot 0
[19:37:27.092] [SEVERE ] placing card 34 in slot 3
[19:37:27.201] [SEVERE ] placing card 57 in slot 5
[19:37:27.541] [SEVERE ] player 4 placing token on slot 4
[19:37:27.541] [SEVERE ] player 4 placing token on slot 7
[19:37:27.541] [SEVERE ] player 4 placing token on slot 1
[19:37:27.541] [SEVERE ] updating countdown to 8998
[19:37:27.542] [SEVERE ] updating countdown to 10000
[19:37:27.645] [SEVERE ] removing player 4 token from slot 4
[19:37:27.645] [SEVERE ] removing tokens from slot 4
[19:37:27.645] [SEVERE ] removing card from slot 4
[19:37:27.756] [SEVERE ] removing player 4 token from slot 7
[19:37:27.756] [SEVERE ] removing tokens from slot 7
[19:37:27.757] [SEVERE ] removing card from slot 7
[19:37:27.866] [SEVERE ] removing player 4 token from slot 1
[19:37:27.866] [SEVERE ] removing tokens from slot 1
[19:37:27.866] [SEVERE ] removing card from slot 1
[19:37:27.867] [SEVERE ] setting player 4 score to 2
[19:37:27.867] [SEVERE ] setting player 4 freeze to 1000
[19:37:27.882] [SEVERE ] setting player 5 freeze to 0
[19:37:27.882] [SEVERE ] updating countdown to 10000
[19:37:27.978] [SEVERE ] placing card 60 in slot 7
[19:37:28.088] [SEVERE ] placing card 28 in slot 4
[19:37:28.199] [SEVERE ] placing card 20 in slot 1
[19:37:28.534] [SEVERE ] exit button pressed
[19:37:28.878] [SEVERE ] setting player 4 freeze to 0
[19:37:28.879] [SEVERE ] updating countdown to 10000
[19:37:28.895] [SEVERE ] player 1 placing token on slot 11
[19:37:28.896] [SEVERE ] player 1 placing token on slot 8
[19:37:28.896] [SEVERE ] player 1 placing token on slot 1
[19:37:28.896] [INFO   ] thread computer-0 terminated.
[19:37:28.896] [SEVERE ] player 3 placing token on slot 11
[19:37:28.896] [SEVERE ] updating countdown to 9983
[19:37:28.897] [SEVERE ] player 3 placing token on slot 8
[19:37:28.898] [SEVERE ] player 3 placing token on slot 1
[19:37:28.897] [INFO   ] thread computer-2 terminated.
[19:37:28.897] [SEVERE ] updating countdown to 10000
[19:37:28.898] [SEVERE ] player 5 placing token on slot 11
[19:37:28.899] [SEVERE ] player 2 placing token on slot 11
[19:37:28.899] [INFO   ] thread computer-4 terminated.
[19:37:28.899] [SEVERE ] player 2 placing token on slot 8
[19:37:28.899] [INFO   ] thread computer-1 terminated.
[19:37:28.900] [SEVERE ] player 5 placing token on slot 8
[19:37:28.900] [SEVERE ] player 5 placing token on slot 1
[19:37:28.901] [SEVERE ] player 2 placing token on slot 1
[19:37:29.004] [SEVERE ] removing player 1 token from slot 11
[19:37:29.004] [SEVERE ] removing player 2 token from slot 11
[19:37:29.005] [SEVERE ] removing player 3 token from slot 11
[19:37:29.005] [SEVERE ] removing player 5 token from slot 11
[19:37:29.005] [SEVERE ] removing tokens from slot 11
[19:37:29.005] [SEVERE ] removing card from slot 11
[19:37:29.117] [SEVERE ] removing player 1 token from slot 8
[19:37:29.117] [SEVERE ] removing player 2 token from slot 8
[19:37:29.117] [SEVERE ] removing player 3 token from slot 8
[19:37:29.117] [SEVERE ] removing player 5 token from slot 8
[19:37:29.118] [SEVERE ] removing tokens from slot 8
[19:37:29.118] [SEVERE ] removing card from slot 8
[19:37:29.227] [SEVERE ] removing player 1 token from slot 1
[19:37:29.227] [SEVERE ] removing player 2 token from slot 1
[19:37:29.227] [SEVERE ] removing player 3 token from slot 1
[19:37:29.227] [SEVERE ] removing player 5 token from slot 1
[19:37:29.227] [SEVERE ] removing tokens from slot 1
[19:37:29.228] [SEVERE ] removing card from slot 1
[19:37:29.228] [INFO   ] thread Thread-5 terminated.
[19:37:29.228] [SEVERE ] setting player 1 score to 1
[19:37:29.228] [INFO   ] thread Thread-2 terminated.
[19:37:29.228] [INFO   ] thread Thread-3 terminated.
[19:37:29.228] [SEVERE ] setting player 1 freeze to 1000
[19:37:29.338] [SEVERE ] placing card 6 in slot 11
[19:37:29.449] [SEVERE ] placing card 80 in slot 8
[19:37:29.560] [SEVERE ] placing card 33 in slot 1
[19:37:29.560] [SEVERE ] updating countdown to 10000
[19:37:29.671] [SEVERE ] removing tokens from slot 7
[19:37:29.671] [SEVERE ] removing card from slot 7
[19:37:29.780] [SEVERE ] removing tokens from slot 0
[19:37:29.780] [SEVERE ] removing card from slot 0
[19:37:29.892] [SEVERE ] removing tokens from slot 4
[19:37:29.892] [SEVERE ] removing card from slot 4
[19:37:30.002] [SEVERE ] removing tokens from slot 2
[19:37:30.002] [SEVERE ] removing card from slot 2
[19:37:30.114] [SEVERE ] removing tokens from slot 3
[19:37:30.114] [SEVERE ] removing card from slot 3
[19:37:30.225] [SEVERE ] removing tokens from slot 11
[19:37:30.225] [SEVERE ] removing card from slot 11
[19:37:30.229] [SEVERE ] setting player 1 freeze to 0
[19:37:30.229] [SEVERE ] updating countdown to 10000
[19:37:30.229] [INFO   ] thread Thread-1 terminated.
[19:37:30.333] [SEVERE ] removing tokens from slot 8
[19:37:30.333] [SEVERE ] removing card from slot 8
[19:37:30.444] [SEVERE ] removing tokens from slot 5
[19:37:30.444] [SEVERE ] removing card from slot 5
[19:37:30.554] [SEVERE ] removing tokens from slot 10
[19:37:30.554] [SEVERE ] removing card from slot 10
[19:37:30.665] [SEVERE ] removing tokens from slot 6
[19:37:30.665] [SEVERE ] removing card from slot 6
[19:37:30.773] [SEVERE ] removing tokens from slot 9
[19:37:30.773] [SEVERE ] removing card from slot 9
[19:37:30.884] [SEVERE ] removing tokens from slot 1
[19:37:30.884] [SEVERE ] removing card from slot 1
