[19:12:35.831] [INFO   ] thread bguspl.set.Main.main() starting.
[19:12:35.835] [SEVERE ] cannot read configuration file config.properties trying from resources.
[19:12:35.836] [SEVERE ] configuration file was loaded from resources directory.
[19:12:36.687] [INFO   ] thread dealer starting.
[19:12:36.689] [INFO   ] thread dealer starting.
[19:12:36.690] [INFO   ] thread Thread-1 starting.
[19:12:36.690] [INFO   ] thread Thread-2 starting.
[19:12:36.690] [INFO   ] thread Thread-4 starting.
[19:12:36.690] [INFO   ] thread Thread-3 starting.
[19:12:36.690] [INFO   ] thread Thread-5 starting.
[19:12:36.693] [INFO   ] thread computer-3 starting.
[19:12:36.693] [INFO   ] thread computer-0 starting.
[19:12:36.694] [INFO   ] thread computer-1 starting.
[19:12:36.694] [INFO   ] thread computer-2 starting.
[19:12:36.696] [INFO   ] thread computer-4 starting.
[19:12:36.706] [SEVERE ] updating countdown to 10000
[19:12:36.821] [SEVERE ] placing card 25 in slot 8
[19:12:36.962] [SEVERE ] placing card 2 in slot 10
[19:12:37.073] [SEVERE ] placing card 7 in slot 9
[19:12:37.182] [SEVERE ] placing card 44 in slot 11
[19:12:37.293] [SEVERE ] placing card 45 in slot 7
[19:12:37.404] [SEVERE ] placing card 66 in slot 2
[19:12:37.514] [SEVERE ] placing card 24 in slot 1
[19:12:37.625] [SEVERE ] placing card 34 in slot 6
[19:12:37.734] [SEVERE ] placing card 15 in slot 5
[19:12:37.845] [SEVERE ] placing card 20 in slot 3
[19:12:37.956] [SEVERE ] placing card 31 in slot 4
[19:12:38.067] [SEVERE ] placing card 63 in slot 0
[19:12:39.080] [SEVERE ] updating countdown to 9987
[19:12:39.080] [SEVERE ] player 3 placing token on slot 3
[19:12:39.081] [SEVERE ] player 3 placing token on slot 6
[19:12:39.081] [SEVERE ] player 3 placing token on slot 2
[19:12:39.081] [SEVERE ] updating countdown to 9986
[19:12:39.081] [SEVERE ] player 4 placing token on slot 3
[19:12:39.082] [SEVERE ] player 4 placing token on slot 6
[19:12:39.082] [SEVERE ] player 2 placing token on slot 3
[19:12:39.082] [SEVERE ] updating countdown to 10000
[19:12:39.082] [SEVERE ] player 2 placing token on slot 6
[19:12:39.083] [SEVERE ] player 2 placing token on slot 2
[19:12:39.083] [SEVERE ] player 5 placing token on slot 3
[19:12:39.084] [SEVERE ] player 1 placing token on slot 3
[19:12:39.084] [SEVERE ] player 1 placing token on slot 6
[19:12:39.084] [SEVERE ] player 1 placing token on slot 2
[19:12:39.085] [SEVERE ] player 5 placing token on slot 6
[19:12:39.085] [SEVERE ] player 5 placing token on slot 2
[19:12:39.085] [SEVERE ] player 4 placing token on slot 2
[19:12:39.189] [SEVERE ] removing player 1 token from slot 3
[19:12:39.190] [SEVERE ] removing player 2 token from slot 3
[19:12:39.190] [SEVERE ] removing player 3 token from slot 3
[19:12:39.190] [SEVERE ] removing player 4 token from slot 3
[19:12:39.190] [SEVERE ] removing player 5 token from slot 3
[19:12:39.190] [SEVERE ] removing tokens from slot 3
[19:12:39.191] [SEVERE ] removing card from slot 3
[19:12:39.299] [SEVERE ] removing player 1 token from slot 6
[19:12:39.300] [SEVERE ] removing player 2 token from slot 6
[19:12:39.300] [SEVERE ] removing player 3 token from slot 6
[19:12:39.300] [SEVERE ] removing player 4 token from slot 6
[19:12:39.300] [SEVERE ] removing player 5 token from slot 6
[19:12:39.300] [SEVERE ] removing tokens from slot 6
[19:12:39.300] [SEVERE ] removing card from slot 6
[19:12:39.410] [SEVERE ] removing player 1 token from slot 2
[19:12:39.410] [SEVERE ] removing player 2 token from slot 2
[19:12:39.410] [SEVERE ] removing player 3 token from slot 2
[19:12:39.411] [SEVERE ] removing player 4 token from slot 2
[19:12:39.412] [SEVERE ] removing player 5 token from slot 2
[19:12:39.412] [SEVERE ] removing tokens from slot 2
[19:12:39.413] [SEVERE ] removing card from slot 2
[19:12:39.414] [SEVERE ] setting player 3 score to 1
[19:12:39.415] [SEVERE ] setting player 3 freeze to 500
[19:12:39.521] [SEVERE ] placing card 50 in slot 2
[19:12:39.633] [SEVERE ] placing card 58 in slot 6
[19:12:39.744] [SEVERE ] placing card 62 in slot 3
[19:12:40.424] [SEVERE ] setting player 3 freeze to -500
[19:12:40.424] [SEVERE ] player 4 placing token on slot 9
[19:12:40.424] [SEVERE ] updating countdown to 10000
[19:12:40.425] [SEVERE ] player 1 placing token on slot 9
[19:12:40.425] [SEVERE ] player 5 placing token on slot 9
[19:12:40.425] [SEVERE ] player 2 placing token on slot 9
[19:12:40.426] [SEVERE ] player 2 placing token on slot 2
[19:12:40.426] [SEVERE ] player 5 placing token on slot 2
[19:12:40.426] [SEVERE ] player 1 placing token on slot 2
[19:12:40.426] [SEVERE ] player 1 placing token on slot 0
[19:12:40.427] [SEVERE ] player 4 placing token on slot 2
[19:12:40.427] [SEVERE ] updating countdown to 9997
[19:12:40.427] [SEVERE ] player 4 placing token on slot 0
[19:12:40.428] [SEVERE ] player 5 placing token on slot 0
[19:12:40.428] [SEVERE ] updating countdown to 10000
[19:12:40.429] [SEVERE ] player 2 placing token on slot 0
[19:12:40.534] [SEVERE ] removing player 1 token from slot 9
[19:12:40.535] [SEVERE ] removing player 2 token from slot 9
[19:12:40.535] [SEVERE ] removing player 4 token from slot 9
[19:12:40.535] [SEVERE ] removing player 5 token from slot 9
[19:12:40.536] [SEVERE ] removing tokens from slot 9
[19:12:40.536] [SEVERE ] removing card from slot 9
[19:12:40.645] [SEVERE ] removing player 1 token from slot 2
[19:12:40.645] [SEVERE ] removing player 2 token from slot 2
[19:12:40.646] [SEVERE ] removing player 4 token from slot 2
[19:12:40.646] [SEVERE ] removing player 5 token from slot 2
[19:12:40.646] [SEVERE ] removing tokens from slot 2
[19:12:40.646] [SEVERE ] removing card from slot 2
[19:12:40.756] [SEVERE ] removing player 1 token from slot 0
[19:12:40.758] [SEVERE ] removing player 2 token from slot 0
[19:12:40.759] [SEVERE ] removing player 4 token from slot 0
[19:12:40.759] [SEVERE ] removing player 5 token from slot 0
[19:12:40.759] [SEVERE ] removing tokens from slot 0
[19:12:40.759] [SEVERE ] removing card from slot 0
[19:12:40.761] [SEVERE ] setting player 1 score to 1
[19:12:40.761] [SEVERE ] setting player 1 freeze to 500
[19:12:40.868] [SEVERE ] placing card 21 in slot 9
[19:12:40.980] [SEVERE ] placing card 28 in slot 2
[19:12:41.090] [SEVERE ] placing card 30 in slot 0
[19:12:41.438] [SEVERE ] player 3 placing token on slot 4
[19:12:41.439] [SEVERE ] player 3 placing token on slot 11
[19:12:41.439] [SEVERE ] player 3 placing token on slot 7
[19:12:41.439] [SEVERE ] updating countdown to 8985
[19:12:41.439] [SEVERE ] updating countdown to 10000
[19:12:41.550] [SEVERE ] removing player 3 token from slot 4
[19:12:41.550] [SEVERE ] removing tokens from slot 4
[19:12:41.550] [SEVERE ] removing card from slot 4
[19:12:41.661] [SEVERE ] removing player 3 token from slot 11
[19:12:41.661] [SEVERE ] removing tokens from slot 11
[19:12:41.661] [SEVERE ] removing card from slot 11
[19:12:41.773] [SEVERE ] setting player 1 freeze to -500
[19:12:41.773] [SEVERE ] removing player 3 token from slot 7
[19:12:41.774] [SEVERE ] updating countdown to 10000
[19:12:41.774] [SEVERE ] removing tokens from slot 7
[19:12:41.774] [SEVERE ] removing card from slot 7
[19:12:41.774] [SEVERE ] setting player 3 score to 2
[19:12:41.774] [SEVERE ] setting player 3 freeze to 500
[19:12:41.885] [SEVERE ] placing card 33 in slot 11
[19:12:41.995] [SEVERE ] placing card 49 in slot 7
[19:12:42.106] [SEVERE ] placing card 5 in slot 4
[19:12:42.783] [SEVERE ] player 2 placing token on slot 4
[19:12:42.783] [SEVERE ] setting player 3 freeze to -500
[19:12:42.783] [SEVERE ] updating countdown to 10000
[19:12:42.783] [SEVERE ] player 2 placing token on slot 0
[19:12:42.784] [SEVERE ] player 2 placing token on slot 6
[19:12:42.784] [SEVERE ] player 1 placing token on slot 4
[19:12:42.784] [SEVERE ] player 5 placing token on slot 4
[19:12:42.784] [SEVERE ] updating countdown to 9999
[19:12:42.784] [SEVERE ] player 5 placing token on slot 0
[19:12:42.784] [SEVERE ] updating countdown to 10000
[19:12:42.785] [SEVERE ] player 5 placing token on slot 6
[19:12:42.786] [SEVERE ] player 4 placing token on slot 4
[19:12:42.786] [SEVERE ] player 1 placing token on slot 0
[19:12:42.787] [SEVERE ] player 1 placing token on slot 6
[19:12:42.787] [SEVERE ] player 4 placing token on slot 0
[19:12:42.787] [SEVERE ] player 4 placing token on slot 6
[19:12:42.894] [SEVERE ] removing player 1 token from slot 4
[19:12:42.894] [SEVERE ] removing player 2 token from slot 4
[19:12:42.895] [SEVERE ] removing player 4 token from slot 4
[19:12:42.895] [SEVERE ] removing player 5 token from slot 4
[19:12:42.895] [SEVERE ] removing tokens from slot 4
[19:12:42.895] [SEVERE ] removing card from slot 4
[19:12:43.006] [SEVERE ] removing player 1 token from slot 0
[19:12:43.007] [SEVERE ] removing player 2 token from slot 0
[19:12:43.007] [SEVERE ] removing player 4 token from slot 0
[19:12:43.007] [SEVERE ] removing player 5 token from slot 0
[19:12:43.008] [SEVERE ] removing tokens from slot 0
[19:12:43.008] [SEVERE ] removing card from slot 0
[19:12:43.118] [SEVERE ] removing player 1 token from slot 6
[19:12:43.118] [SEVERE ] removing player 2 token from slot 6
[19:12:43.118] [SEVERE ] removing player 4 token from slot 6
[19:12:43.118] [SEVERE ] removing player 5 token from slot 6
[19:12:43.118] [SEVERE ] removing tokens from slot 6
[19:12:43.118] [SEVERE ] removing card from slot 6
[19:12:43.118] [SEVERE ] setting player 2 score to 1
[19:12:43.118] [SEVERE ] setting player 2 freeze to 500
[19:12:43.228] [SEVERE ] placing card 3 in slot 6
[19:12:43.340] [SEVERE ] placing card 9 in slot 4
[19:12:43.451] [SEVERE ] placing card 61 in slot 0
[19:12:43.784] [SEVERE ] player 3 placing token on slot 6
[19:12:43.784] [SEVERE ] player 3 placing token on slot 4
[19:12:43.785] [SEVERE ] player 3 placing token on slot 1
[19:12:43.785] [SEVERE ] updating countdown to 8998
[19:12:43.785] [SEVERE ] updating countdown to 10000
[19:12:43.894] [SEVERE ] removing player 3 token from slot 6
[19:12:43.895] [SEVERE ] removing tokens from slot 6
[19:12:43.895] [SEVERE ] removing card from slot 6
[19:12:44.006] [SEVERE ] removing player 3 token from slot 4
[19:12:44.006] [SEVERE ] removing tokens from slot 4
[19:12:44.006] [SEVERE ] removing card from slot 4
[19:12:44.117] [SEVERE ] removing player 3 token from slot 1
[19:12:44.117] [SEVERE ] removing tokens from slot 1
[19:12:44.117] [SEVERE ] removing card from slot 1
[19:12:44.117] [SEVERE ] setting player 3 score to 3
[19:12:44.118] [SEVERE ] setting player 3 freeze to 500
[19:12:44.133] [SEVERE ] setting player 2 freeze to -500
[19:12:44.134] [SEVERE ] updating countdown to 10000
[19:12:44.227] [SEVERE ] placing card 38 in slot 1
[19:12:44.338] [SEVERE ] placing card 51 in slot 6
[19:12:44.449] [SEVERE ] placing card 23 in slot 4
[19:12:45.127] [SEVERE ] setting player 3 freeze to -500
[19:12:45.127] [SEVERE ] updating countdown to 10000
[19:12:45.143] [SEVERE ] player 4 placing token on slot 9
[19:12:45.144] [SEVERE ] player 5 placing token on slot 9
[19:12:45.144] [SEVERE ] player 1 placing token on slot 9
[19:12:45.144] [SEVERE ] player 1 placing token on slot 1
[19:12:45.144] [SEVERE ] player 1 placing token on slot 0
[19:12:45.145] [SEVERE ] player 2 placing token on slot 9
[19:12:45.145] [SEVERE ] player 2 placing token on slot 1
[19:12:45.145] [SEVERE ] player 2 placing token on slot 0
[19:12:45.145] [SEVERE ] updating countdown to 9982
[19:12:45.145] [SEVERE ] player 5 placing token on slot 1
[19:12:45.145] [SEVERE ] updating countdown to 10000
[19:12:45.146] [SEVERE ] player 5 placing token on slot 0
[19:12:45.146] [SEVERE ] player 4 placing token on slot 1
[19:12:45.146] [SEVERE ] player 4 placing token on slot 0
[19:12:45.255] [SEVERE ] removing player 1 token from slot 9
[19:12:45.255] [SEVERE ] removing player 2 token from slot 9
[19:12:45.255] [SEVERE ] removing player 4 token from slot 9
[19:12:45.255] [SEVERE ] removing player 5 token from slot 9
[19:12:45.255] [SEVERE ] removing tokens from slot 9
[19:12:45.255] [SEVERE ] removing card from slot 9
[19:12:45.365] [SEVERE ] removing player 1 token from slot 1
[19:12:45.365] [SEVERE ] removing player 2 token from slot 1
[19:12:45.365] [SEVERE ] removing player 4 token from slot 1
[19:12:45.365] [SEVERE ] removing player 5 token from slot 1
[19:12:45.365] [SEVERE ] removing tokens from slot 1
[19:12:45.365] [SEVERE ] removing card from slot 1
[19:12:45.477] [SEVERE ] removing player 1 token from slot 0
[19:12:45.477] [SEVERE ] removing player 2 token from slot 0
[19:12:45.477] [SEVERE ] removing player 4 token from slot 0
[19:12:45.478] [SEVERE ] removing player 5 token from slot 0
[19:12:45.478] [SEVERE ] removing tokens from slot 0
[19:12:45.478] [SEVERE ] removing card from slot 0
[19:12:45.478] [SEVERE ] setting player 1 score to 2
[19:12:45.478] [SEVERE ] setting player 1 freeze to 500
[19:12:45.588] [SEVERE ] placing card 27 in slot 9
[19:12:45.699] [SEVERE ] placing card 14 in slot 1
[19:12:45.811] [SEVERE ] placing card 65 in slot 0
[19:12:46.488] [SEVERE ] setting player 1 freeze to -500
[19:12:46.489] [SEVERE ] updating countdown to 10000
[19:12:46.811] [SEVERE ] updating countdown to 9678
[19:12:47.816] [SEVERE ] updating countdown to 8673
[19:12:48.826] [SEVERE ] updating countdown to 7663
[19:12:49.836] [SEVERE ] updating countdown to 6653
[19:12:50.213] [SEVERE ] exit button pressed
[19:12:50.847] [SEVERE ] updating countdown to 5642
[19:12:50.847] [SEVERE ] updating countdown to 10000
[19:12:50.957] [SEVERE ] removing tokens from slot 8
[19:12:50.957] [SEVERE ] removing card from slot 8
[19:12:51.067] [SEVERE ] removing tokens from slot 10
[19:12:51.067] [SEVERE ] removing card from slot 10
[19:12:51.177] [SEVERE ] removing tokens from slot 9
[19:12:51.177] [SEVERE ] removing card from slot 9
[19:12:51.287] [SEVERE ] removing tokens from slot 11
[19:12:51.287] [SEVERE ] removing card from slot 11
[19:12:51.394] [SEVERE ] removing tokens from slot 7
[19:12:51.394] [SEVERE ] removing card from slot 7
[19:12:51.498] [SEVERE ] removing tokens from slot 2
[19:12:51.499] [SEVERE ] removing card from slot 2
[19:12:51.602] [SEVERE ] removing tokens from slot 1
[19:12:51.602] [SEVERE ] removing card from slot 1
[19:12:51.717] [SEVERE ] removing tokens from slot 6
[19:12:51.717] [SEVERE ] removing card from slot 6
[19:12:51.820] [SEVERE ] removing tokens from slot 5
[19:12:51.820] [SEVERE ] removing card from slot 5
[19:12:51.926] [SEVERE ] removing tokens from slot 3
[19:12:51.926] [SEVERE ] removing card from slot 3
[19:12:52.035] [SEVERE ] removing tokens from slot 4
[19:12:52.035] [SEVERE ] removing card from slot 4
[19:12:52.137] [SEVERE ] removing tokens from slot 0
[19:12:52.137] [SEVERE ] removing card from slot 0
[19:12:52.144] [SEVERE ] announcing winner(s): player 3
[19:12:52.145] [INFO   ] thread dealer terminated.
[19:12:52.145] [INFO   ] thread dealer terminated.
[19:12:52.145] [SEVERE ] thanks for playing... it was fun!
[19:12:52.145] [INFO   ] thread bguspl.set.Main.main() terminated.
