[19:34:15.751] [INFO   ] thread bguspl.set.Main.main() starting.
[19:34:15.751] [SEVERE ] cannot read configuration file config.properties trying from resources.
[19:34:15.751] [SEVERE ] configuration file was loaded from resources directory.
[19:34:17.773] [INFO   ] thread dealer starting.
[19:34:17.778] [INFO   ] thread dealer starting.
[19:34:17.779] [INFO   ] thread Thread-1 starting.
[19:34:17.779] [INFO   ] thread Thread-4 starting.
[19:34:17.779] [INFO   ] thread Thread-3 starting.
[19:34:17.781] [INFO   ] thread Thread-2 starting.
[19:34:17.781] [INFO   ] thread Thread-5 starting.
[19:34:17.782] [INFO   ] thread computer-3 starting.
[19:34:17.782] [INFO   ] thread computer-0 starting.
[19:34:17.785] [INFO   ] thread computer-2 starting.
[19:34:17.785] [INFO   ] thread computer-1 starting.
[19:34:17.788] [INFO   ] thread computer-4 starting.
[19:34:17.790] [SEVERE ] updating countdown to 10000
[19:34:17.899] [SEVERE ] placing card 11 in slot 2
[19:34:18.006] [SEVERE ] placing card 42 in slot 0
[19:34:18.118] [SEVERE ] placing card 78 in slot 8
[19:34:18.229] [SEVERE ] placing card 13 in slot 7
[19:34:18.340] [SEVERE ] placing card 71 in slot 3
[19:34:18.451] [SEVERE ] placing card 7 in slot 11
[19:34:18.553] [SEVERE ] placing card 36 in slot 9
[19:34:18.662] [SEVERE ] placing card 54 in slot 10
[19:34:18.773] [SEVERE ] placing card 67 in slot 5
[19:34:18.880] [SEVERE ] placing card 43 in slot 1
[19:34:18.990] [SEVERE ] placing card 25 in slot 6
[19:34:19.100] [SEVERE ] placing card 40 in slot 4
[19:34:20.103] [SEVERE ] updating countdown to 9997
[19:34:20.103] [SEVERE ] player 3 placing token on slot 2
[19:34:20.105] [SEVERE ] player 1 placing token on slot 2
[19:34:20.105] [SEVERE ] player 1 placing token on slot 0
[19:34:20.107] [SEVERE ] player 4 placing token on slot 2
[19:34:20.108] [SEVERE ] player 4 placing token on slot 0
[19:34:20.108] [SEVERE ] player 4 placing token on slot 5
[19:34:20.109] [SEVERE ] updating countdown to 9991
[19:34:20.109] [SEVERE ] player 5 placing token on slot 2
[19:34:20.110] [SEVERE ] player 5 placing token on slot 0
[19:34:20.110] [SEVERE ] updating countdown to 10000
[19:34:20.110] [SEVERE ] player 5 placing token on slot 5
[19:34:20.110] [SEVERE ] player 2 placing token on slot 2
[19:34:20.110] [SEVERE ] player 2 placing token on slot 0
[19:34:20.110] [SEVERE ] player 2 placing token on slot 5
[19:34:20.110] [SEVERE ] player 1 placing token on slot 5
[19:34:20.110] [SEVERE ] player 3 placing token on slot 0
[19:34:20.110] [SEVERE ] player 3 placing token on slot 5
[19:34:20.220] [SEVERE ] removing player 1 token from slot 2
[19:34:20.220] [SEVERE ] removing player 2 token from slot 2
[19:34:20.220] [SEVERE ] removing player 3 token from slot 2
[19:34:20.220] [SEVERE ] removing player 4 token from slot 2
[19:34:20.220] [SEVERE ] removing player 5 token from slot 2
[19:34:20.220] [SEVERE ] removing tokens from slot 2
[19:34:20.220] [SEVERE ] removing card from slot 2
[19:34:20.330] [SEVERE ] removing player 1 token from slot 0
[19:34:20.330] [SEVERE ] removing player 2 token from slot 0
[19:34:20.330] [SEVERE ] removing player 3 token from slot 0
[19:34:20.330] [SEVERE ] removing player 4 token from slot 0
[19:34:20.330] [SEVERE ] removing player 5 token from slot 0
[19:34:20.330] [SEVERE ] removing tokens from slot 0
[19:34:20.330] [SEVERE ] removing card from slot 0
[19:34:20.442] [SEVERE ] removing player 1 token from slot 5
[19:34:20.442] [SEVERE ] removing player 2 token from slot 5
[19:34:20.442] [SEVERE ] removing player 3 token from slot 5
[19:34:20.442] [SEVERE ] removing player 4 token from slot 5
[19:34:20.442] [SEVERE ] removing player 5 token from slot 5
[19:34:20.442] [SEVERE ] removing tokens from slot 5
[19:34:20.442] [SEVERE ] removing card from slot 5
[19:34:20.442] [SEVERE ] setting player 4 score to 1
[19:34:20.442] [SEVERE ] setting player 4 freeze to 1000
[19:34:20.552] [SEVERE ] placing card 34 in slot 2
[19:34:20.662] [SEVERE ] placing card 69 in slot 0
[19:34:20.772] [SEVERE ] placing card 66 in slot 5
[19:34:21.242] [SEVERE ] exit button pressed
[19:34:21.446] [SEVERE ] setting player 4 freeze to 0
[19:34:21.446] [SEVERE ] updating countdown to 10000
[19:34:21.446] [SEVERE ] player 5 placing token on slot 7
[19:34:21.451] [SEVERE ] player 5 placing token on slot 9
[19:34:21.451] [INFO   ] thread computer-4 terminated.
[19:34:21.451] [SEVERE ] player 5 placing token on slot 3
[19:34:21.451] [SEVERE ] player 3 placing token on slot 7
[19:34:21.451] [SEVERE ] updating countdown to 9995
[19:34:21.451] [SEVERE ] player 3 placing token on slot 9
[19:34:21.451] [INFO   ] thread computer-2 terminated.
[19:34:21.451] [SEVERE ] updating countdown to 10000
[19:34:21.451] [SEVERE ] player 3 placing token on slot 3
[19:34:21.451] [SEVERE ] player 2 placing token on slot 7
[19:34:21.451] [SEVERE ] player 2 placing token on slot 9
[19:34:21.451] [INFO   ] thread computer-1 terminated.
[19:34:21.451] [SEVERE ] player 2 placing token on slot 3
[19:34:21.451] [SEVERE ] player 1 placing token on slot 7
[19:34:21.451] [SEVERE ] player 1 placing token on slot 9
[19:34:21.451] [INFO   ] thread computer-0 terminated.
[19:34:21.451] [SEVERE ] player 1 placing token on slot 3
[19:34:21.562] [SEVERE ] removing player 1 token from slot 7
[19:34:21.562] [SEVERE ] removing player 2 token from slot 7
[19:34:21.562] [SEVERE ] removing player 3 token from slot 7
[19:34:21.562] [SEVERE ] removing player 5 token from slot 7
[19:34:21.562] [SEVERE ] removing tokens from slot 7
[19:34:21.562] [SEVERE ] removing card from slot 7
[19:34:21.672] [SEVERE ] removing player 1 token from slot 9
[19:34:21.672] [SEVERE ] removing player 2 token from slot 9
[19:34:21.672] [SEVERE ] removing player 3 token from slot 9
[19:34:21.672] [SEVERE ] removing player 5 token from slot 9
[19:34:21.672] [SEVERE ] removing tokens from slot 9
[19:34:21.672] [SEVERE ] removing card from slot 9
[19:34:21.782] [SEVERE ] removing player 1 token from slot 3
[19:34:21.782] [SEVERE ] removing player 2 token from slot 3
[19:34:21.782] [SEVERE ] removing player 3 token from slot 3
[19:34:21.782] [SEVERE ] removing player 5 token from slot 3
[19:34:21.782] [SEVERE ] removing tokens from slot 3
[19:34:21.782] [SEVERE ] removing card from slot 3
[19:34:21.782] [SEVERE ] setting player 5 score to 1
[19:34:21.787] [SEVERE ] setting player 5 freeze to 1000
[19:34:21.787] [INFO   ] thread Thread-3 terminated.
[19:34:21.787] [INFO   ] thread Thread-1 terminated.
[19:34:21.788] [INFO   ] thread Thread-2 terminated.
[19:34:21.888] [SEVERE ] placing card 27 in slot 7
[19:34:21.991] [SEVERE ] placing card 14 in slot 3
[19:34:22.100] [SEVERE ] placing card 19 in slot 9
[19:34:22.100] [SEVERE ] updating countdown to 10000
[19:34:22.210] [SEVERE ] removing tokens from slot 2
[19:34:22.210] [SEVERE ] removing card from slot 2
[19:34:22.320] [SEVERE ] removing tokens from slot 0
[19:34:22.320] [SEVERE ] removing card from slot 0
[19:34:22.429] [SEVERE ] removing tokens from slot 8
[19:34:22.429] [SEVERE ] removing card from slot 8
[19:34:22.539] [SEVERE ] removing tokens from slot 7
[19:34:22.539] [SEVERE ] removing card from slot 7
[19:34:22.649] [SEVERE ] removing tokens from slot 3
[19:34:22.649] [SEVERE ] removing card from slot 3
[19:34:22.759] [SEVERE ] removing tokens from slot 11
[19:34:22.759] [SEVERE ] removing card from slot 11
[19:34:22.791] [SEVERE ] setting player 5 freeze to 0
[19:34:22.791] [SEVERE ] updating countdown to 10000
[19:34:22.791] [INFO   ] thread Thread-5 terminated.
[19:34:22.862] [SEVERE ] removing tokens from slot 9
[19:34:22.862] [SEVERE ] removing card from slot 9
[19:34:22.965] [SEVERE ] removing tokens from slot 10
[19:34:22.965] [SEVERE ] removing card from slot 10
[19:34:23.075] [SEVERE ] removing tokens from slot 5
[19:34:23.075] [SEVERE ] removing card from slot 5
[19:34:23.185] [SEVERE ] removing tokens from slot 1
[19:34:23.185] [SEVERE ] removing card from slot 1
[19:34:23.295] [SEVERE ] removing tokens from slot 6
[19:34:23.295] [SEVERE ] removing card from slot 6
[19:34:23.404] [SEVERE ] removing tokens from slot 4
[19:34:23.404] [SEVERE ] removing card from slot 4
