[16:44:52.631] [INFO   ] thread bguspl.set.Main.main() starting.
[16:44:52.631] [SEVERE ] cannot read configuration file config.properties trying from resources.
[16:44:52.631] [SEVERE ] configuration file was loaded from resources directory.
[16:44:53.046] [INFO   ] thread dealer starting.
[16:44:53.046] [INFO   ] thread dealer starting.
[16:44:53.048] [INFO   ] thread Thread-1 starting.
[16:44:53.048] [INFO   ] thread Thread-2 starting.
[16:44:53.048] [INFO   ] thread Thread-3 starting.
[16:44:53.048] [INFO   ] thread Thread-4 starting.
[16:44:53.050] [INFO   ] thread computer-2 starting.
[16:44:53.051] [INFO   ] thread computer-3 starting.
[16:44:53.062] [SEVERE ] updating countdown to 1000
[16:44:53.172] [SEVERE ] placing card 2 in slot 3
[16:44:53.284] [SEVERE ] placing card 54 in slot 7
[16:44:53.398] [SEVERE ] placing card 68 in slot 8
[16:44:53.506] [SEVERE ] placing card 55 in slot 5
[16:44:53.618] [SEVERE ] placing card 34 in slot 2
[16:44:53.729] [SEVERE ] placing card 16 in slot 1
[16:44:53.833] [SEVERE ] placing card 63 in slot 11
[16:44:53.956] [SEVERE ] placing card 56 in slot 0
[16:44:53.956] [SEVERE ] player 2 placing token on slot 7
[16:44:53.956] [SEVERE ] player 2 placing token on slot 5
[16:44:53.956] [SEVERE ] player 2 placing token on slot 0
[16:44:53.956] [SEVERE ] player 1 placing token on slot 7
[16:44:53.956] [SEVERE ] player 1 placing token on slot 5
[16:44:53.956] [SEVERE ] player 1 placing token on slot 0
[16:44:54.065] [SEVERE ] placing card 76 in slot 6
[16:44:54.065] [SEVERE ] player 4 placing token on slot 3
[16:44:54.066] [SEVERE ] player 3 placing token on slot 7
[16:44:54.067] [SEVERE ] removing player 3 token from slot 7
[16:44:54.067] [SEVERE ] player 3 placing token on slot 5
[16:44:54.067] [SEVERE ] player 3 placing token on slot 0
[16:44:54.067] [SEVERE ] player 4 placing token on slot 7
[16:44:54.067] [SEVERE ] player 4 placing token on slot 5
[16:44:54.177] [SEVERE ] placing card 36 in slot 9
[16:44:54.287] [SEVERE ] placing card 38 in slot 4
[16:44:54.396] [SEVERE ] placing card 14 in slot 10
[16:44:54.396] [SEVERE ] updating countdown to 1000
[16:44:54.506] [SEVERE ] removing player 1 token from slot 7
[16:44:54.506] [SEVERE ] removing player 2 token from slot 7
[16:44:54.506] [SEVERE ] removing player 4 token from slot 7
[16:44:54.506] [SEVERE ] removing tokens from slot 7
[16:44:54.506] [SEVERE ] removing card from slot 7
[16:44:54.616] [SEVERE ] removing player 1 token from slot 5
[16:44:54.616] [SEVERE ] removing player 2 token from slot 5
[16:44:54.616] [SEVERE ] removing player 3 token from slot 5
[16:44:54.616] [SEVERE ] removing player 4 token from slot 5
[16:44:54.616] [SEVERE ] removing tokens from slot 5
[16:44:54.616] [SEVERE ] removing card from slot 5
[16:44:54.725] [SEVERE ] removing player 1 token from slot 0
[16:44:54.725] [SEVERE ] removing player 2 token from slot 0
[16:44:54.725] [SEVERE ] removing player 3 token from slot 0
[16:44:54.725] [SEVERE ] removing tokens from slot 0
[16:44:54.725] [SEVERE ] removing card from slot 0
[16:44:54.725] [SEVERE ] player 1 placing token on slot 1
[16:44:54.725] [SEVERE ] setting player 2 score to 1
[16:44:54.725] [SEVERE ] player 1 placing token on slot 9
[16:44:54.725] [SEVERE ] setting player 2 freeze to 1000
[16:44:54.725] [SEVERE ] player 1 placing token on slot 8
[16:44:54.835] [SEVERE ] placing card 6 in slot 7
[16:44:54.946] [SEVERE ] placing card 69 in slot 5
[16:44:55.055] [SEVERE ] placing card 11 in slot 0
[16:44:55.071] [SEVERE ] player 3 placing token on slot 10
[16:44:55.071] [SEVERE ] player 3 placing token on slot 1
[16:44:55.071] [SEVERE ] player 3 placing token on slot 9
[16:44:55.165] [SEVERE ] removing player 1 token from slot 1
[16:44:55.165] [SEVERE ] removing player 3 token from slot 1
[16:44:55.165] [SEVERE ] removing tokens from slot 1
[16:44:55.165] [SEVERE ] removing card from slot 1
[16:44:55.275] [SEVERE ] removing player 1 token from slot 9
[16:44:55.275] [SEVERE ] removing player 3 token from slot 9
[16:44:55.275] [SEVERE ] removing tokens from slot 9
[16:44:55.275] [SEVERE ] removing card from slot 9
[16:44:55.387] [SEVERE ] removing player 1 token from slot 8
[16:44:55.387] [SEVERE ] removing tokens from slot 8
[16:44:55.387] [SEVERE ] removing card from slot 8
[16:44:55.392] [SEVERE ] setting player 1 score to 1
[16:44:55.392] [SEVERE ] setting player 1 freeze to 1000
[16:44:55.502] [SEVERE ] placing card 58 in slot 8
[16:44:55.612] [SEVERE ] placing card 46 in slot 1
[16:44:55.722] [SEVERE ] placing card 18 in slot 9
[16:44:55.722] [SEVERE ] updating countdown to 1000
[16:44:55.738] [SEVERE ] setting player 2 freeze to 0
[16:44:55.738] [SEVERE ] updating countdown to 1000
[16:44:55.832] [SEVERE ] removing player 4 token from slot 3
[16:44:55.832] [SEVERE ] removing tokens from slot 3
[16:44:55.832] [SEVERE ] removing card from slot 3
[16:44:55.943] [SEVERE ] removing tokens from slot 7
[16:44:55.943] [SEVERE ] removing card from slot 7
[16:44:56.053] [SEVERE ] removing tokens from slot 8
[16:44:56.053] [SEVERE ] removing card from slot 8
[16:44:56.163] [SEVERE ] removing tokens from slot 5
[16:44:56.163] [SEVERE ] removing card from slot 5
[16:44:56.273] [SEVERE ] removing tokens from slot 2
[16:44:56.273] [SEVERE ] removing card from slot 2
[16:44:56.383] [SEVERE ] removing tokens from slot 1
[16:44:56.383] [SEVERE ] removing card from slot 1
[16:44:56.399] [SEVERE ] setting player 1 freeze to 0
[16:44:56.399] [SEVERE ] updating countdown to 1000
[16:44:56.493] [SEVERE ] removing tokens from slot 11
[16:44:56.493] [SEVERE ] removing card from slot 11
[16:44:56.604] [SEVERE ] removing tokens from slot 0
[16:44:56.604] [SEVERE ] removing card from slot 0
[16:44:56.714] [SEVERE ] removing tokens from slot 6
[16:44:56.714] [SEVERE ] removing card from slot 6
[16:44:56.823] [SEVERE ] removing tokens from slot 9
[16:44:56.823] [SEVERE ] removing card from slot 9
[16:44:56.933] [SEVERE ] removing tokens from slot 4
[16:44:56.933] [SEVERE ] removing card from slot 4
[16:44:57.043] [SEVERE ] removing player 3 token from slot 10
[16:44:57.043] [SEVERE ] removing tokens from slot 10
[16:44:57.043] [SEVERE ] removing card from slot 10
[16:44:57.044] [SEVERE ] updating countdown to 1000
[16:44:57.149] [SEVERE ] placing card 12 in slot 3
[16:44:57.257] [SEVERE ] placing card 46 in slot 7
[16:44:57.360] [SEVERE ] placing card 57 in slot 8
[16:44:57.461] [SEVERE ] placing card 61 in slot 5
[16:44:57.571] [SEVERE ] placing card 75 in slot 2
[16:44:57.680] [SEVERE ] placing card 14 in slot 1
[16:44:57.791] [SEVERE ] placing card 17 in slot 11
[16:44:57.901] [SEVERE ] placing card 74 in slot 0
[16:44:58.011] [SEVERE ] placing card 32 in slot 6
[16:44:58.121] [SEVERE ] placing card 22 in slot 9
[16:44:58.231] [SEVERE ] placing card 64 in slot 4
[16:44:58.341] [SEVERE ] placing card 23 in slot 10
[16:44:58.341] [SEVERE ] updating countdown to 1000
[16:44:58.341] [SEVERE ] player 1 placing token on slot 11
[16:44:58.341] [SEVERE ] updating countdown to 1000
[16:44:58.342] [SEVERE ] player 1 placing token on slot 6
[16:44:58.342] [SEVERE ] player 1 placing token on slot 0
[16:44:58.342] [SEVERE ] player 2 placing token on slot 11
[16:44:58.342] [SEVERE ] player 2 placing token on slot 6
[16:44:58.342] [SEVERE ] player 2 placing token on slot 0
[16:44:58.452] [SEVERE ] removing player 1 token from slot 11
[16:44:58.452] [SEVERE ] removing player 2 token from slot 11
[16:44:58.452] [SEVERE ] removing tokens from slot 11
[16:44:58.452] [SEVERE ] removing card from slot 11
[16:44:58.564] [SEVERE ] removing player 1 token from slot 6
[16:44:58.564] [SEVERE ] removing player 2 token from slot 6
[16:44:58.564] [SEVERE ] removing tokens from slot 6
[16:44:58.564] [SEVERE ] removing card from slot 6
[16:44:58.676] [SEVERE ] removing player 1 token from slot 0
[16:44:58.676] [SEVERE ] removing player 2 token from slot 0
[16:44:58.676] [SEVERE ] removing tokens from slot 0
[16:44:58.676] [SEVERE ] removing card from slot 0
[16:44:58.676] [SEVERE ] setting player 1 score to 2
[16:44:58.676] [SEVERE ] setting player 1 freeze to 1000
[16:44:58.786] [SEVERE ] placing card 9 in slot 11
[16:44:58.896] [SEVERE ] placing card 52 in slot 0
[16:44:59.006] [SEVERE ] placing card 53 in slot 6
[16:44:59.352] [SEVERE ] player 4 placing token on slot 8
[16:44:59.352] [SEVERE ] updating countdown to 1000
[16:44:59.352] [SEVERE ] player 3 placing token on slot 10
[16:44:59.463] [SEVERE ] removing tokens from slot 3
[16:44:59.463] [SEVERE ] removing card from slot 3
[16:44:59.572] [SEVERE ] removing tokens from slot 7
[16:44:59.572] [SEVERE ] removing card from slot 7
[16:44:59.682] [SEVERE ] setting player 1 freeze to 0
[16:44:59.682] [SEVERE ] removing player 4 token from slot 8
[16:44:59.682] [SEVERE ] removing tokens from slot 8
[16:44:59.682] [SEVERE ] removing card from slot 8
[16:44:59.682] [SEVERE ] updating countdown to 1000
[16:44:59.792] [SEVERE ] removing tokens from slot 5
[16:44:59.792] [SEVERE ] removing card from slot 5
[16:44:59.902] [SEVERE ] removing tokens from slot 2
[16:44:59.902] [SEVERE ] removing card from slot 2
[16:45:00.012] [SEVERE ] removing tokens from slot 1
[16:45:00.012] [SEVERE ] removing card from slot 1
[16:45:00.122] [SEVERE ] removing tokens from slot 11
[16:45:00.122] [SEVERE ] removing card from slot 11
[16:45:00.232] [SEVERE ] removing tokens from slot 0
[16:45:00.232] [SEVERE ] removing card from slot 0
[16:45:00.342] [SEVERE ] removing tokens from slot 6
[16:45:00.342] [SEVERE ] removing card from slot 6
[16:45:00.452] [SEVERE ] removing tokens from slot 9
[16:45:00.452] [SEVERE ] removing card from slot 9
[16:45:00.565] [SEVERE ] removing tokens from slot 4
[16:45:00.565] [SEVERE ] removing card from slot 4
[16:45:00.675] [SEVERE ] removing player 3 token from slot 10
[16:45:00.675] [SEVERE ] removing tokens from slot 10
[16:45:00.675] [SEVERE ] removing card from slot 10
[16:45:00.675] [SEVERE ] updating countdown to 1000
[16:45:00.786] [SEVERE ] placing card 37 in slot 3
[16:45:00.896] [SEVERE ] placing card 6 in slot 7
[16:45:01.006] [SEVERE ] placing card 4 in slot 8
[16:45:01.116] [SEVERE ] placing card 1 in slot 5
[16:45:01.226] [SEVERE ] placing card 47 in slot 2
[16:45:01.336] [SEVERE ] placing card 31 in slot 1
[16:45:01.446] [SEVERE ] placing card 76 in slot 11
[16:45:01.555] [SEVERE ] placing card 21 in slot 0
[16:45:01.665] [SEVERE ] placing card 73 in slot 6
[16:45:01.775] [SEVERE ] placing card 57 in slot 9
[16:45:01.885] [SEVERE ] placing card 80 in slot 4
[16:45:01.995] [SEVERE ] placing card 46 in slot 10
[16:45:01.995] [SEVERE ] updating countdown to 1000
[16:45:01.995] [SEVERE ] player 1 placing token on slot 0
[16:45:01.996] [SEVERE ] player 1 placing token on slot 10
[16:45:01.997] [SEVERE ] player 1 placing token on slot 4
[16:45:01.997] [SEVERE ] player 2 placing token on slot 0
[16:45:01.997] [SEVERE ] player 2 placing token on slot 10
[16:45:01.997] [SEVERE ] player 2 placing token on slot 4
[16:45:02.107] [SEVERE ] removing player 1 token from slot 0
[16:45:02.107] [SEVERE ] removing player 2 token from slot 0
[16:45:02.107] [SEVERE ] removing tokens from slot 0
[16:45:02.107] [SEVERE ] removing card from slot 0
[16:45:02.219] [SEVERE ] removing player 1 token from slot 10
[16:45:02.219] [SEVERE ] removing player 2 token from slot 10
[16:45:02.219] [SEVERE ] removing tokens from slot 10
[16:45:02.219] [SEVERE ] removing card from slot 10
[16:45:02.329] [SEVERE ] removing player 1 token from slot 4
[16:45:02.329] [SEVERE ] removing player 2 token from slot 4
[16:45:02.329] [SEVERE ] removing tokens from slot 4
[16:45:02.329] [SEVERE ] removing card from slot 4
[16:45:02.330] [SEVERE ] player 2 placing token on slot 5
[16:45:02.330] [SEVERE ] setting player 1 score to 3
[16:45:02.330] [SEVERE ] player 2 placing token on slot 3
[16:45:02.330] [SEVERE ] setting player 1 freeze to 1000
[16:45:02.330] [SEVERE ] player 2 placing token on slot 6
[16:45:02.439] [SEVERE ] placing card 14 in slot 0
[16:45:02.550] [SEVERE ] placing card 65 in slot 4
[16:45:02.659] [SEVERE ] placing card 41 in slot 10
[16:45:02.769] [SEVERE ] removing player 2 token from slot 5
[16:45:02.769] [SEVERE ] removing tokens from slot 5
[16:45:02.769] [SEVERE ] removing card from slot 5
[16:45:02.879] [SEVERE ] removing player 2 token from slot 3
[16:45:02.879] [SEVERE ] removing tokens from slot 3
[16:45:02.879] [SEVERE ] removing card from slot 3
[16:45:02.988] [SEVERE ] removing player 2 token from slot 6
[16:45:02.988] [SEVERE ] removing tokens from slot 6
[16:45:02.988] [SEVERE ] removing card from slot 6
[16:45:02.988] [SEVERE ] setting player 2 score to 2
[16:45:02.988] [SEVERE ] setting player 2 freeze to 1000
[16:45:03.005] [SEVERE ] player 4 placing token on slot 4
[16:45:03.099] [SEVERE ] placing card 69 in slot 3
[16:45:03.208] [SEVERE ] placing card 42 in slot 5
[16:45:03.318] [SEVERE ] placing card 11 in slot 6
[16:45:03.318] [SEVERE ] updating countdown to 1000
[16:45:03.334] [SEVERE ] setting player 1 freeze to 0
[16:45:03.334] [SEVERE ] updating countdown to 1000
[16:45:03.428] [SEVERE ] removing tokens from slot 3
[16:45:03.428] [SEVERE ] removing card from slot 3
[16:45:03.538] [SEVERE ] removing tokens from slot 7
[16:45:03.538] [SEVERE ] removing card from slot 7
[16:45:03.649] [SEVERE ] removing tokens from slot 8
[16:45:03.649] [SEVERE ] removing card from slot 8
[16:45:03.759] [SEVERE ] removing tokens from slot 5
[16:45:03.759] [SEVERE ] removing card from slot 5
[16:45:03.869] [SEVERE ] removing tokens from slot 2
[16:45:03.869] [SEVERE ] removing card from slot 2
[16:45:03.979] [SEVERE ] removing tokens from slot 1
[16:45:03.979] [SEVERE ] removing card from slot 1
[16:45:03.995] [SEVERE ] setting player 2 freeze to 0
[16:45:03.995] [SEVERE ] updating countdown to 1000
[16:45:04.089] [SEVERE ] removing tokens from slot 11
[16:45:04.089] [SEVERE ] removing card from slot 11
[16:45:04.199] [SEVERE ] removing tokens from slot 0
[16:45:04.199] [SEVERE ] removing card from slot 0
[16:45:04.309] [SEVERE ] removing tokens from slot 6
[16:45:04.309] [SEVERE ] removing card from slot 6
[16:45:04.419] [SEVERE ] removing tokens from slot 9
[16:45:04.419] [SEVERE ] removing card from slot 9
[16:45:04.529] [SEVERE ] removing player 4 token from slot 4
[16:45:04.529] [SEVERE ] removing tokens from slot 4
[16:45:04.529] [SEVERE ] removing card from slot 4
[16:45:04.639] [SEVERE ] removing tokens from slot 10
[16:45:04.639] [SEVERE ] removing card from slot 10
[16:45:04.639] [SEVERE ] updating countdown to 1000
[16:45:04.749] [SEVERE ] placing card 41 in slot 3
[16:45:04.859] [SEVERE ] placing card 10 in slot 7
[16:45:04.969] [SEVERE ] placing card 66 in slot 8
[16:45:05.079] [SEVERE ] placing card 53 in slot 5
[16:45:05.189] [SEVERE ] placing card 40 in slot 2
[16:45:05.299] [SEVERE ] placing card 24 in slot 1
[16:45:05.409] [SEVERE ] placing card 39 in slot 11
[16:45:05.519] [SEVERE ] placing card 43 in slot 0
[16:45:05.629] [SEVERE ] placing card 49 in slot 6
[16:45:05.739] [SEVERE ] placing card 25 in slot 9
[16:45:05.849] [SEVERE ] placing card 64 in slot 4
[16:45:05.958] [SEVERE ] placing card 23 in slot 10
[16:45:05.958] [SEVERE ] updating countdown to 1000
[16:45:05.958] [SEVERE ] player 1 placing token on slot 11
[16:45:05.958] [SEVERE ] updating countdown to 1000
[16:45:05.960] [SEVERE ] player 1 placing token on slot 2
[16:45:05.960] [SEVERE ] player 1 placing token on slot 3
[16:45:05.960] [SEVERE ] player 2 placing token on slot 11
[16:45:05.960] [SEVERE ] player 2 placing token on slot 2
[16:45:05.960] [SEVERE ] player 2 placing token on slot 3
[16:45:06.070] [SEVERE ] removing player 1 token from slot 11
[16:45:06.070] [SEVERE ] removing player 2 token from slot 11
[16:45:06.070] [SEVERE ] removing tokens from slot 11
[16:45:06.070] [SEVERE ] removing card from slot 11
[16:45:06.180] [SEVERE ] removing player 1 token from slot 2
[16:45:06.180] [SEVERE ] removing player 2 token from slot 2
[16:45:06.180] [SEVERE ] removing tokens from slot 2
[16:45:06.180] [SEVERE ] removing card from slot 2
[16:45:06.290] [SEVERE ] removing player 1 token from slot 3
[16:45:06.290] [SEVERE ] removing player 2 token from slot 3
[16:45:06.290] [SEVERE ] removing tokens from slot 3
[16:45:06.290] [SEVERE ] removing card from slot 3
[16:45:06.290] [SEVERE ] setting player 1 score to 4
[16:45:06.290] [SEVERE ] setting player 1 freeze to 1000
[16:45:06.399] [SEVERE ] placing card 27 in slot 3
[16:45:06.399] [SEVERE ] player 2 placing token on slot 1
[16:45:06.399] [SEVERE ] player 2 placing token on slot 3
[16:45:06.399] [SEVERE ] player 2 placing token on slot 8
[16:45:06.510] [SEVERE ] placing card 69 in slot 2
[16:45:06.620] [SEVERE ] placing card 2 in slot 11
[16:45:06.730] [SEVERE ] removing player 2 token from slot 1
[16:45:06.730] [SEVERE ] removing tokens from slot 1
[16:45:06.730] [SEVERE ] removing card from slot 1
[16:45:06.838] [SEVERE ] removing player 2 token from slot 3
[16:45:06.838] [SEVERE ] removing tokens from slot 3
[16:45:06.838] [SEVERE ] removing card from slot 3
[16:45:06.944] [SEVERE ] removing player 2 token from slot 8
[16:45:06.944] [SEVERE ] removing tokens from slot 8
[16:45:06.944] [SEVERE ] removing card from slot 8
[16:45:06.946] [SEVERE ] setting player 2 score to 3
[16:45:06.946] [SEVERE ] setting player 2 freeze to 1000
[16:45:06.962] [SEVERE ] player 4 placing token on slot 4
[16:45:06.962] [SEVERE ] player 4 placing token on slot 11
[16:45:06.962] [SEVERE ] player 4 placing token on slot 6
[16:45:06.962] [SEVERE ] player 3 placing token on slot 11
[16:45:06.962] [SEVERE ] removing player 3 token from slot 11
[16:45:06.962] [SEVERE ] player 3 placing token on slot 6
[16:45:06.962] [SEVERE ] player 3 placing token on slot 2
[16:45:07.057] [SEVERE ] placing card 0 in slot 3
[16:45:07.167] [SEVERE ] placing card 65 in slot 8
[16:45:07.277] [SEVERE ] placing card 50 in slot 1
[16:45:07.277] [SEVERE ] updating countdown to 1000
[16:45:07.294] [SEVERE ] setting player 1 freeze to 0
[16:45:07.294] [SEVERE ] updating countdown to 1000
[16:45:07.388] [SEVERE ] removing tokens from slot 3
[16:45:07.388] [SEVERE ] removing card from slot 3
[16:45:07.498] [SEVERE ] removing tokens from slot 7
[16:45:07.498] [SEVERE ] removing card from slot 7
[16:45:07.609] [SEVERE ] removing tokens from slot 8
[16:45:07.609] [SEVERE ] removing card from slot 8
[16:45:07.719] [SEVERE ] removing tokens from slot 5
[16:45:07.719] [SEVERE ] removing card from slot 5
[16:45:07.829] [SEVERE ] removing player 3 token from slot 2
[16:45:07.829] [SEVERE ] removing tokens from slot 2
[16:45:07.829] [SEVERE ] removing card from slot 2
[16:45:07.939] [SEVERE ] removing tokens from slot 1
[16:45:07.939] [SEVERE ] removing card from slot 1
[16:45:07.955] [SEVERE ] setting player 2 freeze to 0
[16:45:07.955] [SEVERE ] updating countdown to 1000
[16:45:08.049] [SEVERE ] removing player 4 token from slot 11
[16:45:08.049] [SEVERE ] removing tokens from slot 11
[16:45:08.049] [SEVERE ] removing card from slot 11
[16:45:08.159] [SEVERE ] removing tokens from slot 0
[16:45:08.159] [SEVERE ] removing card from slot 0
[16:45:08.268] [SEVERE ] removing player 3 token from slot 6
[16:45:08.268] [SEVERE ] removing player 4 token from slot 6
[16:45:08.268] [SEVERE ] removing tokens from slot 6
[16:45:08.268] [SEVERE ] removing card from slot 6
[16:45:08.378] [SEVERE ] removing tokens from slot 9
[16:45:08.378] [SEVERE ] removing card from slot 9
[16:45:08.487] [SEVERE ] removing player 4 token from slot 4
[16:45:08.487] [SEVERE ] removing tokens from slot 4
[16:45:08.487] [SEVERE ] removing card from slot 4
[16:45:08.598] [SEVERE ] removing tokens from slot 10
[16:45:08.598] [SEVERE ] removing card from slot 10
[16:45:08.598] [SEVERE ] updating countdown to 1000
[16:45:08.708] [SEVERE ] placing card 45 in slot 3
[16:45:08.818] [SEVERE ] placing card 44 in slot 7
[16:45:08.928] [SEVERE ] placing card 59 in slot 8
[16:45:09.038] [SEVERE ] placing card 26 in slot 5
[16:45:09.148] [SEVERE ] placing card 23 in slot 2
[16:45:09.258] [SEVERE ] placing card 34 in slot 1
[16:45:09.368] [SEVERE ] placing card 58 in slot 11
[16:45:09.477] [SEVERE ] placing card 9 in slot 0
[16:45:09.587] [SEVERE ] placing card 75 in slot 6
[16:45:09.697] [SEVERE ] placing card 57 in slot 9
[16:45:09.806] [SEVERE ] placing card 0 in slot 4
[16:45:09.916] [SEVERE ] placing card 6 in slot 10
[16:45:09.916] [SEVERE ] updating countdown to 1000
[16:45:09.916] [SEVERE ] player 1 placing token on slot 4
[16:45:09.918] [SEVERE ] player 1 placing token on slot 1
[16:45:09.918] [SEVERE ] player 1 placing token on slot 8
[16:45:09.918] [SEVERE ] player 2 placing token on slot 4
[16:45:09.918] [SEVERE ] player 2 placing token on slot 1
[16:45:09.918] [SEVERE ] player 2 placing token on slot 8
[16:45:09.926] [INFO   ] thread dealer terminated.
[16:45:10.930] [SEVERE ] player 3 placing token on slot 0
[16:45:10.931] [SEVERE ] player 3 placing token on slot 4
[16:45:10.932] [SEVERE ] player 3 placing token on slot 1
[16:45:10.932] [SEVERE ] player 4 placing token on slot 10
[16:45:10.932] [SEVERE ] player 4 placing token on slot 4
[16:45:10.932] [SEVERE ] player 4 placing token on slot 1
[16:45:14.930] [SEVERE ] thanks for playing... it was fun!
[16:45:14.930] [INFO   ] thread bguspl.set.Main.main() terminated.
[16:45:14.930] [SEVERE ] disposing of user interface elements
