[15:21:01.262] [INFO   ] thread bguspl.set.Main.main() starting.
[15:21:01.262] [SEVERE ] cannot read configuration file config.properties trying from resources.
[15:21:01.273] [SEVERE ] configuration file was loaded from resources directory.
[15:21:02.129] [INFO   ] thread dealer starting.
[15:21:02.143] [INFO   ] thread dealer starting.
[15:21:02.143] [INFO   ] thread Thread-1 starting.
[15:21:02.143] [INFO   ] thread Thread-3 starting.
[15:21:02.143] [INFO   ] thread Thread-4 starting.
[15:21:02.143] [INFO   ] thread Thread-2 starting.
[15:21:02.148] [INFO   ] thread computer-2 starting.
[15:21:02.148] [INFO   ] thread computer-3 starting.
[15:21:02.155] [SEVERE ] updating countdown to 5000
[15:21:02.267] [SEVERE ] placing card 11 in slot 9
[15:21:02.397] [SEVERE ] placing card 36 in slot 7
[15:21:02.507] [SEVERE ] placing card 42 in slot 10
[15:21:02.609] [SEVERE ] placing card 15 in slot 0
[15:21:02.715] [SEVERE ] placing card 2 in slot 4
[15:21:02.826] [SEVERE ] placing card 54 in slot 8
[15:21:02.937] [SEVERE ] placing card 26 in slot 2
[15:21:03.040] [SEVERE ] placing card 63 in slot 3
[15:21:03.153] [SEVERE ] placing card 80 in slot 1
[15:21:03.154] [SEVERE ] player 4 placing token on slot 0
[15:21:03.266] [SEVERE ] placing card 43 in slot 11
[15:21:03.372] [SEVERE ] placing card 28 in slot 5
[15:21:03.482] [SEVERE ] placing card 5 in slot 6
[15:21:04.156] [SEVERE ] player 4 placing token on slot 2
[15:21:04.156] [SEVERE ] player 3 placing token on slot 6
[15:21:04.756] [SEVERE ] key 80 was pressed by player 2
[15:21:04.756] [SEVERE ] player 2 placing token on slot 3
[15:21:05.158] [SEVERE ] player 4 placing token on slot 4
[15:21:05.160] [SEVERE ] player 3 placing token on slot 8
[15:21:05.161] [SEVERE ] removing player 4 token from slot 0
[15:21:05.162] [SEVERE ] removing player 4 token from slot 2
[15:21:05.163] [SEVERE ] removing player 4 token from slot 4
[15:21:05.163] [SEVERE ] setting player 4 freeze to 3000
[15:21:05.482] [SEVERE ] updating countdown to 4000
[15:21:05.482] [SEVERE ] updating countdown to 4000
[15:21:06.031] [SEVERE ] key 79 was pressed by player 2
[15:21:06.031] [SEVERE ] player 2 placing token on slot 2
[15:21:06.161] [SEVERE ] player 3 placing token on slot 2
[15:21:06.163] [SEVERE ] removing player 3 token from slot 6
[15:21:06.165] [SEVERE ] removing player 3 token from slot 8
[15:21:06.166] [SEVERE ] setting player 4 freeze to 2000
[15:21:06.166] [SEVERE ] removing player 3 token from slot 2
[15:21:06.166] [SEVERE ] setting player 3 freeze to 3000
[15:21:06.249] [SEVERE ] key 73 was pressed by player 2
[15:21:06.251] [SEVERE ] player 2 placing token on slot 1
[15:21:06.251] [SEVERE ] removing player 2 token from slot 3
[15:21:06.251] [SEVERE ] removing player 2 token from slot 2
[15:21:06.251] [SEVERE ] removing player 2 token from slot 1
[15:21:06.251] [SEVERE ] setting player 2 freeze to 3000
[15:21:07.180] [SEVERE ] setting player 3 freeze to 2000
[15:21:07.180] [SEVERE ] setting player 4 freeze to 1000
[15:21:07.259] [SEVERE ] setting player 2 freeze to 2000
[15:21:08.187] [SEVERE ] setting player 3 freeze to 1000
[15:21:08.187] [SEVERE ] setting player 4 freeze to 0
[15:21:08.266] [SEVERE ] setting player 2 freeze to 1000
[15:21:09.194] [SEVERE ] setting player 3 freeze to 0
[15:21:09.194] [SEVERE ] player 4 placing token on slot 9
[15:21:09.268] [SEVERE ] setting player 2 freeze to 0
[15:21:09.486] [SEVERE ] updating countdown to 5000
[15:21:09.599] [SEVERE ] removing player 4 token from slot 9
[15:21:09.599] [SEVERE ] removing tokens from slot 9
[15:21:09.599] [SEVERE ] removing card from slot 9
[15:21:09.711] [SEVERE ] removing tokens from slot 7
[15:21:09.711] [SEVERE ] removing card from slot 7
[15:21:09.820] [SEVERE ] removing tokens from slot 10
[15:21:09.820] [SEVERE ] removing card from slot 10
[15:21:09.930] [SEVERE ] removing tokens from slot 0
[15:21:09.930] [SEVERE ] removing card from slot 0
[15:21:10.028] [SEVERE ] key 87 was pressed by player 1
[15:21:10.041] [SEVERE ] removing tokens from slot 4
[15:21:10.041] [SEVERE ] removing card from slot 4
[15:21:10.088] [SEVERE ] key 80 was pressed by player 2
[15:21:10.151] [SEVERE ] removing tokens from slot 8
[15:21:10.151] [SEVERE ] removing card from slot 8
[15:21:10.259] [SEVERE ] removing tokens from slot 2
[15:21:10.259] [SEVERE ] removing card from slot 2
[15:21:10.374] [SEVERE ] removing tokens from slot 3
[15:21:10.374] [SEVERE ] removing card from slot 3
[15:21:10.484] [SEVERE ] removing tokens from slot 1
[15:21:10.484] [SEVERE ] removing card from slot 1
[15:21:10.538] [SEVERE ] key 69 was pressed by player 1
[15:21:10.563] [SEVERE ] key 80 was pressed by player 2
[15:21:10.594] [SEVERE ] removing tokens from slot 11
[15:21:10.594] [SEVERE ] removing card from slot 11
[15:21:10.705] [SEVERE ] removing tokens from slot 5
[15:21:10.705] [SEVERE ] removing card from slot 5
[15:21:10.814] [SEVERE ] removing tokens from slot 6
[15:21:10.814] [SEVERE ] removing card from slot 6
[15:21:10.817] [SEVERE ] updating countdown to 5000
[15:21:10.830] [SEVERE ] key 87 was pressed by player 1
[15:21:10.924] [SEVERE ] placing card 32 in slot 9
[15:21:11.034] [SEVERE ] placing card 17 in slot 7
[15:21:11.145] [SEVERE ] placing card 4 in slot 10
[15:21:11.254] [SEVERE ] placing card 47 in slot 0
[15:21:11.302] [SEVERE ] key 81 was pressed by player 1
[15:21:11.317] [SEVERE ] key 80 was pressed by player 2
[15:21:11.364] [SEVERE ] placing card 31 in slot 4
[15:21:11.474] [SEVERE ] placing card 34 in slot 8
[15:21:11.521] [SEVERE ] key 87 was pressed by player 1
[15:21:11.584] [SEVERE ] placing card 46 in slot 2
[15:21:11.678] [SEVERE ] key 83 was pressed by player 1
[15:21:11.693] [SEVERE ] placing card 36 in slot 3
[15:21:11.803] [SEVERE ] placing card 12 in slot 1
[15:21:11.914] [SEVERE ] placing card 59 in slot 11
[15:21:12.023] [SEVERE ] placing card 61 in slot 5
[15:21:12.102] [SEVERE ] key 81 was pressed by player 1
[15:21:12.133] [SEVERE ] placing card 37 in slot 6
[15:21:12.183] [SEVERE ] key 80 was pressed by player 2
[15:21:12.183] [SEVERE ] player 2 placing token on slot 3
[15:21:12.227] [SEVERE ] key 87 was pressed by player 1
[15:21:12.228] [SEVERE ] player 1 placing token on slot 1
[15:21:12.294] [SEVERE ] key 69 was pressed by player 1
[15:21:12.294] [SEVERE ] player 1 placing token on slot 2
[15:21:13.141] [SEVERE ] player 4 placing token on slot 2
[15:21:13.141] [SEVERE ] player 3 placing token on slot 2
[15:21:14.155] [SEVERE ] player 3 placing token on slot 6
[15:21:14.155] [SEVERE ] player 4 placing token on slot 4
[15:21:15.170] [SEVERE ] player 4 placing token on slot 9
[15:21:15.173] [SEVERE ] player 3 placing token on slot 3
[15:21:15.174] [SEVERE ] removing player 4 token from slot 2
[15:21:15.175] [SEVERE ] removing player 4 token from slot 4
[15:21:15.175] [SEVERE ] removing player 4 token from slot 9
[15:21:15.177] [SEVERE ] setting player 4 freeze to 3000
[15:21:15.177] [SEVERE ] removing player 3 token from slot 2
[15:21:15.177] [SEVERE ] removing player 3 token from slot 6
[15:21:15.178] [SEVERE ] removing player 3 token from slot 3
[15:21:15.178] [SEVERE ] setting player 3 freeze to 3000
[15:21:16.133] [SEVERE ] updating countdown to 2000
[15:21:16.133] [SEVERE ] updating countdown to 2000
[15:21:16.133] [SEVERE ] updating countdown to 2000
[15:21:16.133] [SEVERE ] updating countdown to 2000
[15:21:16.133] [SEVERE ] updating countdown to 2000
[15:21:16.133] [SEVERE ] updating countdown to 2000
[15:21:16.133] [SEVERE ] updating countdown to 2000
[15:21:16.133] [SEVERE ] updating countdown to 2000
[15:21:16.133] [SEVERE ] updating countdown to 2000
[15:21:16.133] [SEVERE ] updating countdown to 2000
[15:21:16.133] [SEVERE ] updating countdown to 2000
[15:21:16.133] [SEVERE ] updating countdown to 2000
[15:21:16.133] [SEVERE ] updating countdown to 2000
[15:21:16.133] [SEVERE ] updating countdown to 2000
[15:21:16.187] [SEVERE ] setting player 3 freeze to 2000
[15:21:16.187] [SEVERE ] setting player 4 freeze to 2000
[15:21:17.187] [SEVERE ] setting player 4 freeze to 1000
[15:21:17.187] [SEVERE ] setting player 3 freeze to 1000
[15:21:18.148] [SEVERE ] updating countdown to 5000
[15:21:18.192] [SEVERE ] setting player 3 freeze to 0
[15:21:18.192] [SEVERE ] setting player 4 freeze to 0
[15:21:18.251] [SEVERE ] removing tokens from slot 9
[15:21:18.251] [SEVERE ] removing card from slot 9
[15:21:18.361] [SEVERE ] removing tokens from slot 7
[15:21:18.361] [SEVERE ] removing card from slot 7
[15:21:18.470] [SEVERE ] removing tokens from slot 10
[15:21:18.470] [SEVERE ] removing card from slot 10
[15:21:18.581] [SEVERE ] removing tokens from slot 0
[15:21:18.581] [SEVERE ] removing card from slot 0
[15:21:18.691] [SEVERE ] removing tokens from slot 4
[15:21:18.691] [SEVERE ] removing card from slot 4
[15:21:18.800] [SEVERE ] removing tokens from slot 8
[15:21:18.800] [SEVERE ] removing card from slot 8
[15:21:18.910] [SEVERE ] removing player 1 token from slot 2
[15:21:18.910] [SEVERE ] removing tokens from slot 2
[15:21:18.910] [SEVERE ] removing card from slot 2
[15:21:19.016] [SEVERE ] removing player 2 token from slot 3
[15:21:19.016] [SEVERE ] removing tokens from slot 3
[15:21:19.016] [SEVERE ] removing card from slot 3
[15:21:19.127] [SEVERE ] removing player 1 token from slot 1
[15:21:19.127] [SEVERE ] removing tokens from slot 1
[15:21:19.127] [SEVERE ] removing card from slot 1
[15:21:19.231] [SEVERE ] removing tokens from slot 11
[15:21:19.231] [SEVERE ] removing card from slot 11
[15:21:19.336] [SEVERE ] removing tokens from slot 5
[15:21:19.336] [SEVERE ] removing card from slot 5
[15:21:19.446] [SEVERE ] removing tokens from slot 6
[15:21:19.446] [SEVERE ] removing card from slot 6
[15:21:19.446] [SEVERE ] updating countdown to 5000
[15:21:19.557] [SEVERE ] placing card 43 in slot 9
[15:21:19.667] [SEVERE ] placing card 47 in slot 7
[15:21:19.762] [SEVERE ] key 80 was pressed by player 2
[15:21:19.777] [SEVERE ] placing card 67 in slot 10
[15:21:19.887] [SEVERE ] placing card 16 in slot 0
[15:21:19.997] [SEVERE ] placing card 56 in slot 4
[15:21:20.107] [SEVERE ] placing card 19 in slot 8
[15:21:20.217] [SEVERE ] placing card 8 in slot 2
[15:21:20.327] [SEVERE ] placing card 4 in slot 3
[15:21:20.437] [SEVERE ] placing card 59 in slot 1
[15:21:20.547] [SEVERE ] placing card 30 in slot 11
[15:21:20.563] [SEVERE ] key 76 was pressed by player 2
[15:21:20.656] [SEVERE ] placing card 21 in slot 5
[15:21:20.766] [SEVERE ] placing card 80 in slot 6
[15:21:20.844] [SEVERE ] key 75 was pressed by player 2
[15:21:20.844] [SEVERE ] player 2 placing token on slot 5
[15:21:21.769] [SEVERE ] player 4 placing token on slot 0
[15:21:21.773] [SEVERE ] player 3 placing token on slot 8
[15:21:22.013] [SEVERE ] key 80 was pressed by player 2
[15:21:22.016] [SEVERE ] player 2 placing token on slot 3
[15:21:22.766] [SEVERE ] updating countdown to 4000
[15:21:22.766] [SEVERE ] updating countdown to 4000
[15:21:22.766] [SEVERE ] updating countdown to 4000
[15:21:22.766] [SEVERE ] updating countdown to 4000
[15:21:22.766] [SEVERE ] updating countdown to 4000
[15:21:22.766] [SEVERE ] updating countdown to 4000
[15:21:22.766] [SEVERE ] updating countdown to 4000
[15:21:22.766] [SEVERE ] updating countdown to 4000
[15:21:22.766] [SEVERE ] updating countdown to 4000
[15:21:22.766] [SEVERE ] updating countdown to 4000
[15:21:22.766] [SEVERE ] updating countdown to 4000
[15:21:22.766] [SEVERE ] updating countdown to 4000
[15:21:22.766] [SEVERE ] updating countdown to 4000
[15:21:22.766] [SEVERE ] updating countdown to 4000
[15:21:22.766] [SEVERE ] updating countdown to 4000
[15:21:22.766] [SEVERE ] updating countdown to 4000
[15:21:22.766] [SEVERE ] updating countdown to 4000
[15:21:22.766] [SEVERE ] updating countdown to 4000
[15:21:22.766] [SEVERE ] updating countdown to 4000
[15:21:22.766] [SEVERE ] updating countdown to 4000
[15:21:22.766] [SEVERE ] updating countdown to 4000
[15:21:22.766] [SEVERE ] updating countdown to 4000
[15:21:22.766] [SEVERE ] updating countdown to 4000
[15:21:22.766] [SEVERE ] updating countdown to 4000
[15:21:22.766] [SEVERE ] updating countdown to 4000
[15:21:22.766] [SEVERE ] updating countdown to 4000
[15:21:22.766] [SEVERE ] updating countdown to 4000
[15:21:22.766] [SEVERE ] updating countdown to 4000
[15:21:22.766] [SEVERE ] updating countdown to 4000
[15:21:22.766] [SEVERE ] updating countdown to 4000
[15:21:22.766] [SEVERE ] updating countdown to 4000
[15:21:22.766] [SEVERE ] updating countdown to 4000
[15:21:22.766] [SEVERE ] updating countdown to 4000
[15:21:22.766] [SEVERE ] updating countdown to 4000
[15:21:22.766] [SEVERE ] updating countdown to 4000
[15:21:22.766] [SEVERE ] updating countdown to 4000
[15:21:22.766] [SEVERE ] updating countdown to 4000
[15:21:22.766] [SEVERE ] updating countdown to 4000
[15:21:22.766] [SEVERE ] updating countdown to 4000
[15:21:22.766] [SEVERE ] updating countdown to 4000
[15:21:22.766] [SEVERE ] updating countdown to 4000
[15:21:22.766] [SEVERE ] updating countdown to 4000
[15:21:22.766] [SEVERE ] updating countdown to 4000
[15:21:22.766] [SEVERE ] updating countdown to 4000
[15:21:22.766] [SEVERE ] updating countdown to 4000
[15:21:22.766] [SEVERE ] updating countdown to 4000
[15:21:22.766] [SEVERE ] updating countdown to 4000
[15:21:22.766] [SEVERE ] updating countdown to 4000
[15:21:22.766] [SEVERE ] updating countdown to 4000
[15:21:22.766] [SEVERE ] updating countdown to 4000
[15:21:22.766] [SEVERE ] updating countdown to 4000
[15:21:22.766] [SEVERE ] updating countdown to 4000
[15:21:22.766] [SEVERE ] updating countdown to 4000
[15:21:22.766] [SEVERE ] updating countdown to 4000
[15:21:22.766] [SEVERE ] updating countdown to 4000
[15:21:22.766] [SEVERE ] updating countdown to 4000
[15:21:22.766] [SEVERE ] updating countdown to 4000
[15:21:22.766] [SEVERE ] updating countdown to 4000
[15:21:22.766] [SEVERE ] updating countdown to 4000
[15:21:22.766] [SEVERE ] updating countdown to 4000
[15:21:22.766] [SEVERE ] updating countdown to 4000
[15:21:22.766] [SEVERE ] updating countdown to 4000
[15:21:22.766] [SEVERE ] updating countdown to 4000
[15:21:22.766] [SEVERE ] updating countdown to 4000
[15:21:22.766] [SEVERE ] updating countdown to 4000
[15:21:22.766] [SEVERE ] updating countdown to 4000
[15:21:22.766] [SEVERE ] updating countdown to 4000
[15:21:22.766] [SEVERE ] updating countdown to 4000
[15:21:22.766] [SEVERE ] updating countdown to 4000
[15:21:22.766] [SEVERE ] updating countdown to 4000
[15:21:22.766] [SEVERE ] updating countdown to 4000
[15:21:22.766] [SEVERE ] updating countdown to 4000
[15:21:22.766] [SEVERE ] updating countdown to 4000
[15:21:22.766] [SEVERE ] updating countdown to 4000
[15:21:22.766] [SEVERE ] updating countdown to 4000
[15:21:22.766] [SEVERE ] updating countdown to 4000
[15:21:22.766] [SEVERE ] updating countdown to 4000
[15:21:22.766] [SEVERE ] updating countdown to 4000
[15:21:22.766] [SEVERE ] updating countdown to 4000
[15:21:22.766] [SEVERE ] updating countdown to 4000
[15:21:22.766] [SEVERE ] updating countdown to 4000
[15:21:22.766] [SEVERE ] updating countdown to 4000
[15:21:22.766] [SEVERE ] updating countdown to 4000
[15:21:22.766] [SEVERE ] updating countdown to 4000
[15:21:22.766] [SEVERE ] updating countdown to 4000
[15:21:22.766] [SEVERE ] updating countdown to 4000
[15:21:22.766] [SEVERE ] updating countdown to 4000
[15:21:22.766] [SEVERE ] updating countdown to 4000
[15:21:22.766] [SEVERE ] updating countdown to 4000
[15:21:22.766] [SEVERE ] updating countdown to 4000
[15:21:22.766] [SEVERE ] updating countdown to 4000
[15:21:22.766] [SEVERE ] updating countdown to 4000
[15:21:22.766] [SEVERE ] updating countdown to 4000
[15:21:22.766] [SEVERE ] updating countdown to 4000
[15:21:22.766] [SEVERE ] updating countdown to 4000
[15:21:22.766] [SEVERE ] updating countdown to 4000
[15:21:22.766] [SEVERE ] updating countdown to 4000
[15:21:22.766] [SEVERE ] updating countdown to 4000
[15:21:22.766] [SEVERE ] updating countdown to 4000
[15:21:22.766] [SEVERE ] updating countdown to 4000
[15:21:22.766] [SEVERE ] updating countdown to 4000
[15:21:22.766] [SEVERE ] updating countdown to 4000
[15:21:22.766] [SEVERE ] updating countdown to 4000
[15:21:22.766] [SEVERE ] updating countdown to 4000
[15:21:22.766] [SEVERE ] updating countdown to 4000
[15:21:22.766] [SEVERE ] updating countdown to 4000
[15:21:22.766] [SEVERE ] updating countdown to 4000
[15:21:22.766] [SEVERE ] updating countdown to 4000
[15:21:22.766] [SEVERE ] updating countdown to 4000
[15:21:22.766] [SEVERE ] updating countdown to 4000
[15:21:22.766] [SEVERE ] updating countdown to 4000
[15:21:22.766] [SEVERE ] updating countdown to 4000
[15:21:22.766] [SEVERE ] updating countdown to 4000
[15:21:22.766] [SEVERE ] updating countdown to 4000
[15:21:22.766] [SEVERE ] updating countdown to 4000
[15:21:22.766] [SEVERE ] updating countdown to 4000
[15:21:22.766] [SEVERE ] updating countdown to 4000
[15:21:22.766] [SEVERE ] updating countdown to 4000
[15:21:22.766] [SEVERE ] updating countdown to 4000
[15:21:22.766] [SEVERE ] updating countdown to 4000
[15:21:22.766] [SEVERE ] updating countdown to 4000
[15:21:22.766] [SEVERE ] updating countdown to 4000
[15:21:22.766] [SEVERE ] updating countdown to 4000
[15:21:22.766] [SEVERE ] updating countdown to 4000
[15:21:22.766] [SEVERE ] updating countdown to 4000
[15:21:22.766] [SEVERE ] updating countdown to 4000
[15:21:22.766] [SEVERE ] updating countdown to 4000
[15:21:22.766] [SEVERE ] updating countdown to 4000
[15:21:22.766] [SEVERE ] updating countdown to 4000
[15:21:22.766] [SEVERE ] updating countdown to 4000
[15:21:22.766] [SEVERE ] updating countdown to 4000
[15:21:22.766] [SEVERE ] updating countdown to 4000
[15:21:22.766] [SEVERE ] updating countdown to 4000
[15:21:22.766] [SEVERE ] updating countdown to 4000
[15:21:22.766] [SEVERE ] updating countdown to 4000
[15:21:22.766] [SEVERE ] updating countdown to 4000
[15:21:22.766] [SEVERE ] updating countdown to 4000
[15:21:22.766] [SEVERE ] updating countdown to 4000
[15:21:22.766] [SEVERE ] updating countdown to 4000
[15:21:22.766] [SEVERE ] updating countdown to 4000
[15:21:22.766] [SEVERE ] updating countdown to 4000
[15:21:22.766] [SEVERE ] updating countdown to 4000
[15:21:22.766] [SEVERE ] updating countdown to 4000
[15:21:22.766] [SEVERE ] updating countdown to 4000
[15:21:22.766] [SEVERE ] updating countdown to 4000
[15:21:22.766] [SEVERE ] updating countdown to 4000
[15:21:22.766] [SEVERE ] updating countdown to 4000
[15:21:22.766] [SEVERE ] updating countdown to 4000
[15:21:22.766] [SEVERE ] updating countdown to 4000
[15:21:22.766] [SEVERE ] updating countdown to 4000
[15:21:22.766] [SEVERE ] updating countdown to 4000
[15:21:22.766] [SEVERE ] updating countdown to 4000
[15:21:22.766] [SEVERE ] updating countdown to 4000
[15:21:22.766] [SEVERE ] updating countdown to 4000
[15:21:22.766] [SEVERE ] updating countdown to 4000
[15:21:22.766] [SEVERE ] updating countdown to 4000
[15:21:22.766] [SEVERE ] updating countdown to 4000
[15:21:22.766] [SEVERE ] updating countdown to 4000
[15:21:22.766] [SEVERE ] updating countdown to 4000
[15:21:22.766] [SEVERE ] updating countdown to 4000
[15:21:22.766] [SEVERE ] updating countdown to 4000
[15:21:22.766] [SEVERE ] updating countdown to 4000
[15:21:22.766] [SEVERE ] updating countdown to 4000
[15:21:22.766] [SEVERE ] updating countdown to 4000
[15:21:22.766] [SEVERE ] updating countdown to 4000
[15:21:22.766] [SEVERE ] updating countdown to 4000
[15:21:22.766] [SEVERE ] updating countdown to 4000
[15:21:22.766] [SEVERE ] updating countdown to 4000
[15:21:22.766] [SEVERE ] updating countdown to 4000
[15:21:22.766] [SEVERE ] updating countdown to 4000
[15:21:22.766] [SEVERE ] updating countdown to 4000
[15:21:22.766] [SEVERE ] updating countdown to 4000
[15:21:22.766] [SEVERE ] updating countdown to 4000
[15:21:22.766] [SEVERE ] updating countdown to 4000
[15:21:22.766] [SEVERE ] updating countdown to 4000
[15:21:22.766] [SEVERE ] updating countdown to 4000
[15:21:22.766] [SEVERE ] updating countdown to 4000
[15:21:22.766] [SEVERE ] updating countdown to 4000
[15:21:22.766] [SEVERE ] updating countdown to 4000
[15:21:22.766] [SEVERE ] updating countdown to 4000
[15:21:22.766] [SEVERE ] updating countdown to 4000
[15:21:22.766] [SEVERE ] updating countdown to 4000
[15:21:22.766] [SEVERE ] updating countdown to 4000
[15:21:22.766] [SEVERE ] updating countdown to 4000
[15:21:22.766] [SEVERE ] updating countdown to 4000
[15:21:22.766] [SEVERE ] updating countdown to 4000
[15:21:22.766] [SEVERE ] updating countdown to 4000
[15:21:22.766] [SEVERE ] updating countdown to 4000
[15:21:22.766] [SEVERE ] updating countdown to 4000
[15:21:22.766] [SEVERE ] updating countdown to 4000
[15:21:22.766] [SEVERE ] updating countdown to 4000
[15:21:22.766] [SEVERE ] updating countdown to 4000
[15:21:22.766] [SEVERE ] updating countdown to 4000
[15:21:22.766] [SEVERE ] updating countdown to 4000
[15:21:22.766] [SEVERE ] updating countdown to 4000
[15:21:22.766] [SEVERE ] updating countdown to 4000
[15:21:22.766] [SEVERE ] updating countdown to 4000
[15:21:22.766] [SEVERE ] updating countdown to 4000
[15:21:22.766] [SEVERE ] updating countdown to 4000
[15:21:22.766] [SEVERE ] updating countdown to 4000
[15:21:22.766] [SEVERE ] updating countdown to 4000
[15:21:22.766] [SEVERE ] updating countdown to 4000
[15:21:22.766] [SEVERE ] updating countdown to 4000
[15:21:22.766] [SEVERE ] updating countdown to 4000
[15:21:22.766] [SEVERE ] updating countdown to 4000
[15:21:22.766] [SEVERE ] updating countdown to 4000
[15:21:22.766] [SEVERE ] updating countdown to 4000
[15:21:22.766] [SEVERE ] updating countdown to 4000
[15:21:22.766] [SEVERE ] updating countdown to 4000
[15:21:22.766] [SEVERE ] updating countdown to 4000
[15:21:22.771] [SEVERE ] updating countdown to 4000
[15:21:22.771] [SEVERE ] removing player 4 token from slot 0
[15:21:22.777] [SEVERE ] player 3 placing token on slot 3
[15:21:23.776] [SEVERE ] player 4 placing token on slot 6
[15:21:23.782] [SEVERE ] player 3 placing token on slot 9
[15:21:23.783] [SEVERE ] removing player 3 token from slot 8
[15:21:23.783] [SEVERE ] removing player 3 token from slot 3
[15:21:23.784] [SEVERE ] removing player 3 token from slot 9
[15:21:23.784] [SEVERE ] setting player 3 freeze to 3000
[15:21:24.787] [SEVERE ] setting player 3 freeze to 2000
[15:21:24.787] [SEVERE ] player 4 placing token on slot 2
[15:21:25.766] [SEVERE ] updating countdown to 1000
[15:21:25.766] [SEVERE ] updating countdown to 1000
[15:21:25.766] [SEVERE ] updating countdown to 1000
[15:21:25.766] [SEVERE ] updating countdown to 1000
[15:21:25.766] [SEVERE ] updating countdown to 1000
[15:21:25.766] [SEVERE ] updating countdown to 1000
[15:21:25.766] [SEVERE ] updating countdown to 1000
[15:21:25.766] [SEVERE ] updating countdown to 1000
[15:21:25.766] [SEVERE ] updating countdown to 1000
[15:21:25.766] [SEVERE ] updating countdown to 1000
[15:21:25.766] [SEVERE ] updating countdown to 1000
[15:21:25.766] [SEVERE ] updating countdown to 1000
[15:21:25.766] [SEVERE ] updating countdown to 1000
[15:21:25.766] [SEVERE ] updating countdown to 1000
[15:21:25.766] [SEVERE ] updating countdown to 1000
[15:21:25.766] [SEVERE ] updating countdown to 1000
[15:21:25.766] [SEVERE ] updating countdown to 1000
[15:21:25.766] [SEVERE ] updating countdown to 1000
[15:21:25.766] [SEVERE ] updating countdown to 1000
[15:21:25.766] [SEVERE ] updating countdown to 1000
[15:21:25.766] [SEVERE ] updating countdown to 1000
[15:21:25.766] [SEVERE ] updating countdown to 1000
[15:21:25.766] [SEVERE ] updating countdown to 1000
[15:21:25.766] [SEVERE ] updating countdown to 1000
[15:21:25.766] [SEVERE ] updating countdown to 1000
[15:21:25.766] [SEVERE ] updating countdown to 1000
[15:21:25.766] [SEVERE ] updating countdown to 1000
[15:21:25.766] [SEVERE ] updating countdown to 1000
[15:21:25.766] [SEVERE ] updating countdown to 1000
[15:21:25.766] [SEVERE ] updating countdown to 1000
[15:21:25.766] [SEVERE ] updating countdown to 1000
[15:21:25.766] [SEVERE ] updating countdown to 1000
[15:21:25.766] [SEVERE ] updating countdown to 1000
[15:21:25.766] [SEVERE ] updating countdown to 1000
[15:21:25.766] [SEVERE ] updating countdown to 1000
[15:21:25.766] [SEVERE ] updating countdown to 1000
[15:21:25.766] [SEVERE ] updating countdown to 1000
[15:21:25.766] [SEVERE ] updating countdown to 1000
[15:21:25.766] [SEVERE ] updating countdown to 1000
[15:21:25.766] [SEVERE ] updating countdown to 1000
[15:21:25.766] [SEVERE ] updating countdown to 1000
[15:21:25.766] [SEVERE ] updating countdown to 1000
[15:21:25.766] [SEVERE ] updating countdown to 1000
[15:21:25.766] [SEVERE ] updating countdown to 1000
[15:21:25.766] [SEVERE ] updating countdown to 1000
[15:21:25.766] [SEVERE ] updating countdown to 1000
[15:21:25.766] [SEVERE ] updating countdown to 1000
[15:21:25.766] [SEVERE ] updating countdown to 1000
[15:21:25.766] [SEVERE ] updating countdown to 1000
[15:21:25.766] [SEVERE ] updating countdown to 1000
[15:21:25.766] [SEVERE ] updating countdown to 1000
[15:21:25.766] [SEVERE ] updating countdown to 1000
[15:21:25.766] [SEVERE ] updating countdown to 1000
[15:21:25.766] [SEVERE ] updating countdown to 1000
[15:21:25.766] [SEVERE ] updating countdown to 1000
[15:21:25.766] [SEVERE ] updating countdown to 1000
[15:21:25.766] [SEVERE ] updating countdown to 1000
[15:21:25.766] [SEVERE ] updating countdown to 1000
[15:21:25.766] [SEVERE ] updating countdown to 1000
[15:21:25.766] [SEVERE ] updating countdown to 1000
[15:21:25.766] [SEVERE ] updating countdown to 1000
[15:21:25.766] [SEVERE ] updating countdown to 1000
[15:21:25.766] [SEVERE ] updating countdown to 1000
[15:21:25.766] [SEVERE ] updating countdown to 1000
[15:21:25.766] [SEVERE ] updating countdown to 1000
[15:21:25.766] [SEVERE ] updating countdown to 1000
[15:21:25.766] [SEVERE ] updating countdown to 1000
[15:21:25.766] [SEVERE ] updating countdown to 1000
[15:21:25.766] [SEVERE ] updating countdown to 1000
[15:21:25.766] [SEVERE ] updating countdown to 1000
[15:21:25.766] [SEVERE ] updating countdown to 1000
[15:21:25.766] [SEVERE ] updating countdown to 1000
[15:21:25.766] [SEVERE ] updating countdown to 1000
[15:21:25.766] [SEVERE ] updating countdown to 1000
[15:21:25.766] [SEVERE ] updating countdown to 1000
[15:21:25.766] [SEVERE ] updating countdown to 1000
[15:21:25.766] [SEVERE ] updating countdown to 1000
[15:21:25.766] [SEVERE ] updating countdown to 1000
[15:21:25.766] [SEVERE ] updating countdown to 1000
[15:21:25.766] [SEVERE ] updating countdown to 1000
[15:21:25.766] [SEVERE ] updating countdown to 1000
[15:21:25.766] [SEVERE ] updating countdown to 1000
[15:21:25.766] [SEVERE ] updating countdown to 1000
[15:21:25.766] [SEVERE ] updating countdown to 1000
[15:21:25.766] [SEVERE ] updating countdown to 1000
[15:21:25.766] [SEVERE ] updating countdown to 1000
[15:21:25.766] [SEVERE ] updating countdown to 1000
[15:21:25.766] [SEVERE ] updating countdown to 1000
[15:21:25.766] [SEVERE ] updating countdown to 1000
[15:21:25.766] [SEVERE ] updating countdown to 1000
[15:21:25.766] [SEVERE ] updating countdown to 1000
[15:21:25.766] [SEVERE ] updating countdown to 1000
[15:21:25.766] [SEVERE ] updating countdown to 1000
[15:21:25.766] [SEVERE ] updating countdown to 1000
[15:21:25.766] [SEVERE ] updating countdown to 1000
[15:21:25.766] [SEVERE ] updating countdown to 1000
[15:21:25.766] [SEVERE ] updating countdown to 1000
[15:21:25.766] [SEVERE ] updating countdown to 1000
[15:21:25.766] [SEVERE ] updating countdown to 1000
[15:21:25.766] [SEVERE ] updating countdown to 1000
[15:21:25.766] [SEVERE ] updating countdown to 1000
[15:21:25.766] [SEVERE ] updating countdown to 1000
[15:21:25.766] [SEVERE ] updating countdown to 1000
[15:21:25.766] [SEVERE ] updating countdown to 1000
[15:21:25.766] [SEVERE ] updating countdown to 1000
[15:21:25.766] [SEVERE ] updating countdown to 1000
[15:21:25.766] [SEVERE ] updating countdown to 1000
[15:21:25.766] [SEVERE ] updating countdown to 1000
[15:21:25.766] [SEVERE ] updating countdown to 1000
[15:21:25.766] [SEVERE ] updating countdown to 1000
[15:21:25.766] [SEVERE ] updating countdown to 1000
[15:21:25.766] [SEVERE ] updating countdown to 1000
[15:21:25.766] [SEVERE ] updating countdown to 1000
[15:21:25.766] [SEVERE ] updating countdown to 1000
[15:21:25.766] [SEVERE ] updating countdown to 1000
[15:21:25.766] [SEVERE ] updating countdown to 1000
[15:21:25.766] [SEVERE ] updating countdown to 1000
[15:21:25.766] [SEVERE ] updating countdown to 1000
[15:21:25.766] [SEVERE ] updating countdown to 1000
[15:21:25.766] [SEVERE ] updating countdown to 1000
[15:21:25.766] [SEVERE ] updating countdown to 1000
[15:21:25.766] [SEVERE ] updating countdown to 1000
[15:21:25.766] [SEVERE ] updating countdown to 1000
[15:21:25.766] [SEVERE ] updating countdown to 1000
[15:21:25.766] [SEVERE ] updating countdown to 1000
[15:21:25.766] [SEVERE ] updating countdown to 1000
[15:21:25.766] [SEVERE ] updating countdown to 1000
[15:21:25.766] [SEVERE ] updating countdown to 1000
[15:21:25.766] [SEVERE ] updating countdown to 1000
[15:21:25.766] [SEVERE ] updating countdown to 1000
[15:21:25.766] [SEVERE ] updating countdown to 1000
[15:21:25.766] [SEVERE ] updating countdown to 1000
[15:21:25.766] [SEVERE ] updating countdown to 1000
[15:21:25.766] [SEVERE ] updating countdown to 1000
[15:21:25.766] [SEVERE ] updating countdown to 1000
[15:21:25.766] [SEVERE ] updating countdown to 1000
[15:21:25.766] [SEVERE ] updating countdown to 1000
[15:21:25.766] [SEVERE ] updating countdown to 1000
[15:21:25.766] [SEVERE ] updating countdown to 1000
[15:21:25.766] [SEVERE ] updating countdown to 1000
[15:21:25.766] [SEVERE ] updating countdown to 1000
[15:21:25.766] [SEVERE ] updating countdown to 1000
[15:21:25.766] [SEVERE ] updating countdown to 1000
[15:21:25.766] [SEVERE ] updating countdown to 1000
[15:21:25.766] [SEVERE ] updating countdown to 1000
[15:21:25.766] [SEVERE ] updating countdown to 1000
[15:21:25.766] [SEVERE ] updating countdown to 1000
[15:21:25.766] [SEVERE ] updating countdown to 1000
[15:21:25.766] [SEVERE ] updating countdown to 1000
[15:21:25.766] [SEVERE ] updating countdown to 1000
[15:21:25.766] [SEVERE ] updating countdown to 1000
[15:21:25.766] [SEVERE ] updating countdown to 1000
[15:21:25.766] [SEVERE ] updating countdown to 1000
[15:21:25.766] [SEVERE ] updating countdown to 1000
[15:21:25.766] [SEVERE ] updating countdown to 1000
[15:21:25.766] [SEVERE ] updating countdown to 1000
[15:21:25.766] [SEVERE ] updating countdown to 1000
[15:21:25.766] [SEVERE ] updating countdown to 1000
[15:21:25.766] [SEVERE ] updating countdown to 1000
[15:21:25.766] [SEVERE ] updating countdown to 1000
[15:21:25.766] [SEVERE ] updating countdown to 1000
[15:21:25.766] [SEVERE ] updating countdown to 1000
[15:21:25.766] [SEVERE ] updating countdown to 1000
[15:21:25.766] [SEVERE ] updating countdown to 1000
[15:21:25.766] [SEVERE ] updating countdown to 1000
[15:21:25.766] [SEVERE ] updating countdown to 1000
[15:21:25.766] [SEVERE ] updating countdown to 1000
[15:21:25.766] [SEVERE ] updating countdown to 1000
[15:21:25.766] [SEVERE ] updating countdown to 1000
[15:21:25.766] [SEVERE ] updating countdown to 1000
[15:21:25.766] [SEVERE ] updating countdown to 1000
[15:21:25.766] [SEVERE ] updating countdown to 1000
[15:21:25.766] [SEVERE ] updating countdown to 1000
[15:21:25.766] [SEVERE ] updating countdown to 1000
[15:21:25.766] [SEVERE ] updating countdown to 1000
[15:21:25.766] [SEVERE ] updating countdown to 1000
[15:21:25.766] [SEVERE ] updating countdown to 1000
[15:21:25.766] [SEVERE ] updating countdown to 1000
[15:21:25.766] [SEVERE ] updating countdown to 1000
[15:21:25.766] [SEVERE ] updating countdown to 1000
[15:21:25.766] [SEVERE ] updating countdown to 1000
[15:21:25.766] [SEVERE ] updating countdown to 1000
[15:21:25.766] [SEVERE ] updating countdown to 1000
[15:21:25.766] [SEVERE ] updating countdown to 1000
[15:21:25.766] [SEVERE ] updating countdown to 1000
[15:21:25.766] [SEVERE ] updating countdown to 1000
[15:21:25.766] [SEVERE ] updating countdown to 1000
[15:21:25.766] [SEVERE ] updating countdown to 1000
[15:21:25.766] [SEVERE ] updating countdown to 1000
[15:21:25.766] [SEVERE ] updating countdown to 1000
[15:21:25.766] [SEVERE ] updating countdown to 1000
[15:21:25.766] [SEVERE ] updating countdown to 1000
[15:21:25.766] [SEVERE ] updating countdown to 1000
[15:21:25.766] [SEVERE ] updating countdown to 1000
[15:21:25.766] [SEVERE ] updating countdown to 1000
[15:21:25.766] [SEVERE ] updating countdown to 1000
[15:21:25.766] [SEVERE ] updating countdown to 1000
[15:21:25.766] [SEVERE ] updating countdown to 1000
[15:21:25.766] [SEVERE ] updating countdown to 1000
[15:21:25.766] [SEVERE ] updating countdown to 1000
[15:21:25.766] [SEVERE ] updating countdown to 1000
[15:21:25.766] [SEVERE ] updating countdown to 1000
[15:21:25.766] [SEVERE ] updating countdown to 1000
[15:21:25.766] [SEVERE ] updating countdown to 1000
[15:21:25.766] [SEVERE ] updating countdown to 1000
[15:21:25.766] [SEVERE ] updating countdown to 1000
[15:21:25.766] [SEVERE ] updating countdown to 1000
[15:21:25.766] [SEVERE ] updating countdown to 1000
[15:21:25.766] [SEVERE ] updating countdown to 1000
[15:21:25.766] [SEVERE ] updating countdown to 1000
[15:21:25.766] [SEVERE ] updating countdown to 1000
[15:21:25.766] [SEVERE ] updating countdown to 1000
[15:21:25.766] [SEVERE ] updating countdown to 1000
[15:21:25.766] [SEVERE ] updating countdown to 1000
[15:21:25.766] [SEVERE ] updating countdown to 1000
[15:21:25.766] [SEVERE ] updating countdown to 1000
[15:21:25.766] [SEVERE ] updating countdown to 1000
[15:21:25.766] [SEVERE ] updating countdown to 1000
[15:21:25.766] [SEVERE ] updating countdown to 1000
[15:21:25.766] [SEVERE ] updating countdown to 1000
[15:21:25.766] [SEVERE ] updating countdown to 1000
[15:21:25.766] [SEVERE ] updating countdown to 1000
[15:21:25.766] [SEVERE ] updating countdown to 1000
[15:21:25.766] [SEVERE ] updating countdown to 1000
[15:21:25.766] [SEVERE ] updating countdown to 1000
[15:21:25.766] [SEVERE ] updating countdown to 1000
[15:21:25.766] [SEVERE ] updating countdown to 1000
[15:21:25.766] [SEVERE ] updating countdown to 1000
[15:21:25.766] [SEVERE ] updating countdown to 1000
[15:21:25.766] [SEVERE ] updating countdown to 1000
[15:21:25.766] [SEVERE ] updating countdown to 1000
[15:21:25.766] [SEVERE ] updating countdown to 1000
[15:21:25.766] [SEVERE ] updating countdown to 1000
[15:21:25.766] [SEVERE ] updating countdown to 1000
[15:21:25.766] [SEVERE ] updating countdown to 1000
[15:21:25.766] [SEVERE ] updating countdown to 1000
[15:21:25.766] [SEVERE ] updating countdown to 1000
[15:21:25.766] [SEVERE ] updating countdown to 1000
[15:21:25.766] [SEVERE ] updating countdown to 1000
[15:21:25.766] [SEVERE ] updating countdown to 1000
[15:21:25.766] [SEVERE ] updating countdown to 1000
[15:21:25.766] [SEVERE ] updating countdown to 1000
[15:21:25.766] [SEVERE ] updating countdown to 1000
[15:21:25.766] [SEVERE ] updating countdown to 1000
[15:21:25.766] [SEVERE ] updating countdown to 1000
[15:21:25.766] [SEVERE ] updating countdown to 1000
[15:21:25.766] [SEVERE ] updating countdown to 1000
[15:21:25.766] [SEVERE ] updating countdown to 1000
[15:21:25.766] [SEVERE ] updating countdown to 1000
[15:21:25.766] [SEVERE ] updating countdown to 1000
[15:21:25.766] [SEVERE ] updating countdown to 1000
[15:21:25.766] [SEVERE ] updating countdown to 1000
[15:21:25.766] [SEVERE ] updating countdown to 1000
[15:21:25.766] [SEVERE ] updating countdown to 1000
[15:21:25.766] [SEVERE ] updating countdown to 1000
[15:21:25.766] [SEVERE ] updating countdown to 1000
[15:21:25.766] [SEVERE ] updating countdown to 1000
[15:21:25.766] [SEVERE ] updating countdown to 1000
[15:21:25.766] [SEVERE ] updating countdown to 1000
[15:21:25.766] [SEVERE ] updating countdown to 1000
[15:21:25.766] [SEVERE ] updating countdown to 1000
[15:21:25.766] [SEVERE ] updating countdown to 1000
[15:21:25.766] [SEVERE ] updating countdown to 1000
[15:21:25.766] [SEVERE ] updating countdown to 1000
[15:21:25.766] [SEVERE ] updating countdown to 1000
[15:21:25.766] [SEVERE ] updating countdown to 1000
[15:21:25.766] [SEVERE ] updating countdown to 1000
[15:21:25.766] [SEVERE ] updating countdown to 1000
[15:21:25.766] [SEVERE ] updating countdown to 1000
[15:21:25.766] [SEVERE ] updating countdown to 1000
[15:21:25.766] [SEVERE ] updating countdown to 1000
[15:21:25.766] [SEVERE ] updating countdown to 1000
[15:21:25.766] [SEVERE ] updating countdown to 1000
[15:21:25.766] [SEVERE ] updating countdown to 1000
[15:21:25.766] [SEVERE ] updating countdown to 1000
[15:21:25.766] [SEVERE ] updating countdown to 1000
[15:21:25.766] [SEVERE ] updating countdown to 1000
[15:21:25.766] [SEVERE ] updating countdown to 1000
[15:21:25.766] [SEVERE ] updating countdown to 1000
[15:21:25.766] [SEVERE ] updating countdown to 1000
[15:21:25.766] [SEVERE ] updating countdown to 1000
[15:21:25.766] [SEVERE ] updating countdown to 1000
[15:21:25.766] [SEVERE ] updating countdown to 1000
[15:21:25.766] [SEVERE ] updating countdown to 1000
[15:21:25.766] [SEVERE ] updating countdown to 1000
[15:21:25.766] [SEVERE ] updating countdown to 1000
[15:21:25.766] [SEVERE ] updating countdown to 1000
[15:21:25.766] [SEVERE ] updating countdown to 1000
[15:21:25.766] [SEVERE ] updating countdown to 1000
[15:21:25.766] [SEVERE ] updating countdown to 1000
[15:21:25.766] [SEVERE ] updating countdown to 1000
[15:21:25.766] [SEVERE ] updating countdown to 1000
[15:21:25.766] [SEVERE ] updating countdown to 1000
[15:21:25.766] [SEVERE ] updating countdown to 1000
[15:21:25.766] [SEVERE ] updating countdown to 1000
[15:21:25.766] [SEVERE ] updating countdown to 1000
[15:21:25.766] [SEVERE ] updating countdown to 1000
[15:21:25.766] [SEVERE ] updating countdown to 1000
[15:21:25.766] [SEVERE ] updating countdown to 1000
[15:21:25.766] [SEVERE ] updating countdown to 1000
[15:21:25.766] [SEVERE ] updating countdown to 1000
[15:21:25.766] [SEVERE ] updating countdown to 1000
[15:21:25.766] [SEVERE ] updating countdown to 1000
[15:21:25.766] [SEVERE ] updating countdown to 1000
[15:21:25.766] [SEVERE ] updating countdown to 1000
[15:21:25.766] [SEVERE ] updating countdown to 1000
[15:21:25.766] [SEVERE ] updating countdown to 1000
[15:21:25.766] [SEVERE ] updating countdown to 1000
[15:21:25.766] [SEVERE ] updating countdown to 1000
[15:21:25.766] [SEVERE ] updating countdown to 1000
[15:21:25.766] [SEVERE ] updating countdown to 1000
[15:21:25.766] [SEVERE ] updating countdown to 1000
[15:21:25.766] [SEVERE ] updating countdown to 1000
[15:21:25.766] [SEVERE ] updating countdown to 1000
[15:21:25.766] [SEVERE ] updating countdown to 1000
[15:21:25.766] [SEVERE ] updating countdown to 1000
[15:21:25.766] [SEVERE ] updating countdown to 1000
[15:21:25.766] [SEVERE ] updating countdown to 1000
[15:21:25.766] [SEVERE ] updating countdown to 1000
[15:21:25.766] [SEVERE ] updating countdown to 1000
[15:21:25.766] [SEVERE ] updating countdown to 1000
[15:21:25.766] [SEVERE ] updating countdown to 1000
[15:21:25.766] [SEVERE ] updating countdown to 1000
[15:21:25.766] [SEVERE ] updating countdown to 1000
[15:21:25.766] [SEVERE ] updating countdown to 1000
[15:21:25.766] [SEVERE ] updating countdown to 1000
[15:21:25.766] [SEVERE ] updating countdown to 1000
[15:21:25.766] [SEVERE ] updating countdown to 1000
[15:21:25.766] [SEVERE ] updating countdown to 1000
[15:21:25.766] [SEVERE ] updating countdown to 1000
[15:21:25.766] [SEVERE ] updating countdown to 1000
[15:21:25.766] [SEVERE ] updating countdown to 1000
[15:21:25.766] [SEVERE ] updating countdown to 1000
[15:21:25.766] [SEVERE ] updating countdown to 1000
[15:21:25.766] [SEVERE ] updating countdown to 1000
[15:21:25.766] [SEVERE ] updating countdown to 1000
[15:21:25.766] [SEVERE ] updating countdown to 1000
[15:21:25.766] [SEVERE ] updating countdown to 1000
[15:21:25.766] [SEVERE ] updating countdown to 1000
[15:21:25.766] [SEVERE ] updating countdown to 1000
[15:21:25.766] [SEVERE ] updating countdown to 1000
[15:21:25.766] [SEVERE ] updating countdown to 1000
[15:21:25.766] [SEVERE ] updating countdown to 1000
[15:21:25.766] [SEVERE ] updating countdown to 1000
[15:21:25.766] [SEVERE ] updating countdown to 1000
[15:21:25.766] [SEVERE ] updating countdown to 1000
[15:21:25.766] [SEVERE ] updating countdown to 1000
[15:21:25.766] [SEVERE ] updating countdown to 1000
[15:21:25.766] [SEVERE ] updating countdown to 1000
[15:21:25.766] [SEVERE ] updating countdown to 1000
[15:21:25.766] [SEVERE ] updating countdown to 1000
[15:21:25.766] [SEVERE ] updating countdown to 1000
[15:21:25.766] [SEVERE ] updating countdown to 1000
[15:21:25.766] [SEVERE ] updating countdown to 1000
[15:21:25.766] [SEVERE ] updating countdown to 1000
[15:21:25.766] [SEVERE ] updating countdown to 1000
[15:21:25.766] [SEVERE ] updating countdown to 1000
[15:21:25.766] [SEVERE ] updating countdown to 1000
[15:21:25.766] [SEVERE ] updating countdown to 1000
[15:21:25.766] [SEVERE ] updating countdown to 1000
[15:21:25.766] [SEVERE ] updating countdown to 1000
[15:21:25.766] [SEVERE ] updating countdown to 1000
[15:21:25.766] [SEVERE ] updating countdown to 1000
[15:21:25.766] [SEVERE ] updating countdown to 1000
[15:21:25.766] [SEVERE ] updating countdown to 1000
[15:21:25.766] [SEVERE ] updating countdown to 1000
[15:21:25.766] [SEVERE ] updating countdown to 1000
[15:21:25.766] [SEVERE ] updating countdown to 1000
[15:21:25.766] [SEVERE ] updating countdown to 1000
[15:21:25.766] [SEVERE ] updating countdown to 1000
[15:21:25.766] [SEVERE ] updating countdown to 1000
[15:21:25.766] [SEVERE ] updating countdown to 1000
[15:21:25.766] [SEVERE ] updating countdown to 1000
[15:21:25.766] [SEVERE ] updating countdown to 1000
[15:21:25.766] [SEVERE ] updating countdown to 1000
[15:21:25.766] [SEVERE ] updating countdown to 1000
[15:21:25.766] [SEVERE ] updating countdown to 1000
[15:21:25.766] [SEVERE ] updating countdown to 1000
[15:21:25.766] [SEVERE ] updating countdown to 1000
[15:21:25.766] [SEVERE ] updating countdown to 1000
[15:21:25.766] [SEVERE ] updating countdown to 1000
[15:21:25.766] [SEVERE ] updating countdown to 1000
[15:21:25.766] [SEVERE ] updating countdown to 1000
[15:21:25.766] [SEVERE ] updating countdown to 1000
[15:21:25.766] [SEVERE ] updating countdown to 1000
[15:21:25.766] [SEVERE ] updating countdown to 1000
[15:21:25.766] [SEVERE ] updating countdown to 1000
[15:21:25.766] [SEVERE ] updating countdown to 1000
[15:21:25.766] [SEVERE ] updating countdown to 1000
[15:21:25.766] [SEVERE ] updating countdown to 1000
[15:21:25.766] [SEVERE ] updating countdown to 1000
[15:21:25.766] [SEVERE ] updating countdown to 1000
[15:21:25.766] [SEVERE ] updating countdown to 1000
[15:21:25.766] [SEVERE ] updating countdown to 1000
[15:21:25.766] [SEVERE ] updating countdown to 1000
[15:21:25.766] [SEVERE ] updating countdown to 1000
[15:21:25.766] [SEVERE ] updating countdown to 1000
[15:21:25.766] [SEVERE ] updating countdown to 1000
[15:21:25.766] [SEVERE ] updating countdown to 1000
[15:21:25.766] [SEVERE ] updating countdown to 1000
[15:21:25.766] [SEVERE ] updating countdown to 1000
[15:21:25.766] [SEVERE ] updating countdown to 1000
[15:21:25.766] [SEVERE ] updating countdown to 1000
[15:21:25.766] [SEVERE ] updating countdown to 1000
[15:21:25.766] [SEVERE ] updating countdown to 1000
[15:21:25.766] [SEVERE ] updating countdown to 1000
[15:21:25.766] [SEVERE ] updating countdown to 1000
[15:21:25.766] [SEVERE ] updating countdown to 1000
[15:21:25.766] [SEVERE ] updating countdown to 1000
[15:21:25.766] [SEVERE ] updating countdown to 1000
[15:21:25.766] [SEVERE ] updating countdown to 1000
[15:21:25.766] [SEVERE ] updating countdown to 1000
[15:21:25.766] [SEVERE ] updating countdown to 1000
[15:21:25.766] [SEVERE ] updating countdown to 1000
[15:21:25.766] [SEVERE ] updating countdown to 1000
[15:21:25.766] [SEVERE ] updating countdown to 1000
[15:21:25.766] [SEVERE ] updating countdown to 1000
[15:21:25.766] [SEVERE ] updating countdown to 1000
[15:21:25.766] [SEVERE ] updating countdown to 1000
[15:21:25.766] [SEVERE ] updating countdown to 1000
[15:21:25.766] [SEVERE ] updating countdown to 1000
[15:21:25.766] [SEVERE ] updating countdown to 1000
[15:21:25.766] [SEVERE ] updating countdown to 1000
[15:21:25.766] [SEVERE ] updating countdown to 1000
[15:21:25.766] [SEVERE ] updating countdown to 1000
[15:21:25.766] [SEVERE ] updating countdown to 1000
[15:21:25.766] [SEVERE ] updating countdown to 1000
[15:21:25.766] [SEVERE ] updating countdown to 1000
[15:21:25.766] [SEVERE ] updating countdown to 1000
[15:21:25.766] [SEVERE ] updating countdown to 1000
[15:21:25.766] [SEVERE ] updating countdown to 1000
[15:21:25.766] [SEVERE ] updating countdown to 1000
[15:21:25.766] [SEVERE ] updating countdown to 1000
[15:21:25.766] [SEVERE ] updating countdown to 1000
[15:21:25.766] [SEVERE ] updating countdown to 1000
[15:21:25.766] [SEVERE ] updating countdown to 1000
[15:21:25.766] [SEVERE ] updating countdown to 1000
[15:21:25.766] [SEVERE ] updating countdown to 1000
[15:21:25.766] [SEVERE ] updating countdown to 1000
[15:21:25.766] [SEVERE ] updating countdown to 1000
[15:21:25.766] [SEVERE ] updating countdown to 1000
[15:21:25.766] [SEVERE ] updating countdown to 1000
[15:21:25.766] [SEVERE ] updating countdown to 1000
[15:21:25.766] [SEVERE ] updating countdown to 1000
[15:21:25.766] [SEVERE ] updating countdown to 1000
[15:21:25.766] [SEVERE ] updating countdown to 1000
[15:21:25.766] [SEVERE ] updating countdown to 1000
[15:21:25.766] [SEVERE ] updating countdown to 1000
[15:21:25.766] [SEVERE ] updating countdown to 1000
[15:21:25.766] [SEVERE ] updating countdown to 1000
[15:21:25.766] [SEVERE ] updating countdown to 1000
[15:21:25.766] [SEVERE ] updating countdown to 1000
[15:21:25.766] [SEVERE ] updating countdown to 1000
[15:21:25.766] [SEVERE ] updating countdown to 1000
[15:21:25.766] [SEVERE ] updating countdown to 1000
[15:21:25.766] [SEVERE ] updating countdown to 1000
[15:21:25.766] [SEVERE ] updating countdown to 1000
[15:21:25.766] [SEVERE ] updating countdown to 1000
[15:21:25.766] [SEVERE ] updating countdown to 1000
[15:21:25.766] [SEVERE ] updating countdown to 1000
[15:21:25.766] [SEVERE ] updating countdown to 1000
[15:21:25.766] [SEVERE ] updating countdown to 1000
[15:21:25.766] [SEVERE ] updating countdown to 1000
[15:21:25.766] [SEVERE ] updating countdown to 1000
[15:21:25.766] [SEVERE ] updating countdown to 1000
[15:21:25.766] [SEVERE ] updating countdown to 1000
[15:21:25.766] [SEVERE ] updating countdown to 1000
[15:21:25.766] [SEVERE ] updating countdown to 1000
[15:21:25.766] [SEVERE ] updating countdown to 1000
[15:21:25.766] [SEVERE ] updating countdown to 1000
[15:21:25.766] [SEVERE ] updating countdown to 1000
[15:21:25.766] [SEVERE ] updating countdown to 1000
[15:21:25.766] [SEVERE ] updating countdown to 1000
[15:21:25.766] [SEVERE ] updating countdown to 1000
[15:21:25.766] [SEVERE ] updating countdown to 1000
[15:21:25.766] [SEVERE ] updating countdown to 1000
[15:21:25.766] [SEVERE ] updating countdown to 1000
[15:21:25.766] [SEVERE ] updating countdown to 1000
[15:21:25.766] [SEVERE ] updating countdown to 1000
[15:21:25.766] [SEVERE ] updating countdown to 1000
[15:21:25.766] [SEVERE ] updating countdown to 1000
[15:21:25.766] [SEVERE ] updating countdown to 1000
[15:21:25.766] [SEVERE ] updating countdown to 1000
[15:21:25.798] [SEVERE ] setting player 3 freeze to 1000
[15:21:25.798] [SEVERE ] removing player 4 token from slot 6
[15:21:26.766] [SEVERE ] updating countdown to 5000
[15:21:26.820] [SEVERE ] setting player 3 freeze to 0
[15:21:26.875] [SEVERE ] removing tokens from slot 9
[15:21:26.875] [SEVERE ] removing card from slot 9
[15:21:26.981] [SEVERE ] removing tokens from slot 7
[15:21:26.981] [SEVERE ] removing card from slot 7
[15:21:27.091] [SEVERE ] removing tokens from slot 10
[15:21:27.091] [SEVERE ] removing card from slot 10
[15:21:27.201] [SEVERE ] removing tokens from slot 0
[15:21:27.201] [SEVERE ] removing card from slot 0
[15:21:27.311] [SEVERE ] removing tokens from slot 4
[15:21:27.311] [SEVERE ] removing card from slot 4
[15:21:27.421] [SEVERE ] removing tokens from slot 8
[15:21:27.421] [SEVERE ] removing card from slot 8
[15:21:27.531] [SEVERE ] removing player 4 token from slot 2
[15:21:27.531] [SEVERE ] removing tokens from slot 2
[15:21:27.531] [SEVERE ] removing card from slot 2
[15:21:27.651] [SEVERE ] removing player 2 token from slot 3
[15:21:27.652] [SEVERE ] removing tokens from slot 3
[15:21:27.652] [SEVERE ] removing card from slot 3
[15:21:27.761] [SEVERE ] removing tokens from slot 1
[15:21:27.761] [SEVERE ] removing card from slot 1
[15:21:27.864] [SEVERE ] removing tokens from slot 11
[15:21:27.865] [SEVERE ] removing card from slot 11
[15:21:27.966] [SEVERE ] removing player 2 token from slot 5
[15:21:27.966] [SEVERE ] removing tokens from slot 5
[15:21:27.966] [SEVERE ] removing card from slot 5
[15:21:28.068] [SEVERE ] removing tokens from slot 6
[15:21:28.068] [SEVERE ] removing card from slot 6
[15:21:28.068] [SEVERE ] updating countdown to 5000
[15:21:28.178] [SEVERE ] placing card 5 in slot 9
[15:21:28.288] [SEVERE ] placing card 26 in slot 7
[15:21:28.398] [SEVERE ] placing card 79 in slot 10
[15:21:28.507] [SEVERE ] placing card 19 in slot 0
[15:21:28.617] [SEVERE ] placing card 49 in slot 4
[15:21:28.727] [SEVERE ] placing card 76 in slot 8
[15:21:28.837] [SEVERE ] placing card 39 in slot 2
[15:21:28.947] [SEVERE ] placing card 36 in slot 3
[15:21:29.060] [SEVERE ] placing card 33 in slot 1
[15:21:29.169] [SEVERE ] placing card 59 in slot 11
[15:21:29.279] [SEVERE ] placing card 17 in slot 5
[15:21:29.388] [SEVERE ] placing card 43 in slot 6
[15:21:30.393] [SEVERE ] player 4 placing token on slot 6
[15:21:30.395] [SEVERE ] player 3 placing token on slot 4
[15:21:31.398] [SEVERE ] player 4 placing token on slot 9
[15:21:31.400] [SEVERE ] player 3 placing token on slot 8
