[16:26:06.233] [INFO   ] thread bguspl.set.Main.main() starting.
[16:26:06.236] [SEVERE ] cannot read configuration file config.properties trying from resources.
[16:26:06.237] [SEVERE ] configuration file was loaded from resources directory.
[16:26:06.642] [INFO   ] thread dealer starting.
[16:26:06.642] [INFO   ] thread dealer starting.
[16:26:06.647] [INFO   ] thread Thread-1 starting.
[16:26:06.647] [INFO   ] thread Thread-2 starting.
[16:26:06.647] [INFO   ] thread Thread-3 starting.
[16:26:06.647] [INFO   ] thread Thread-4 starting.
[16:26:06.650] [INFO   ] thread computer-2 starting.
[16:26:06.650] [INFO   ] thread computer-3 starting.
[16:26:06.659] [SEVERE ] updating countdown to 15000
[16:26:06.769] [SEVERE ] placing card 32 in slot 3
[16:26:06.870] [SEVERE ] placing card 72 in slot 2
[16:26:06.980] [SEVERE ] placing card 44 in slot 8
[16:26:07.081] [SEVERE ] placing card 6 in slot 11
[16:26:07.182] [SEVERE ] placing card 54 in slot 5
[16:26:07.284] [SEVERE ] placing card 23 in slot 10
[16:26:07.389] [SEVERE ] placing card 65 in slot 7
[16:26:07.492] [SEVERE ] placing card 33 in slot 9
[16:26:07.601] [SEVERE ] placing card 2 in slot 4
[16:26:07.656] [SEVERE ] player 4 placing token on slot 2
[16:26:07.703] [SEVERE ] placing card 63 in slot 6
[16:26:07.822] [SEVERE ] placing card 39 in slot 0
[16:26:07.925] [SEVERE ] placing card 51 in slot 1
[16:26:08.659] [SEVERE ] player 4 placing token on slot 8
[16:26:08.661] [SEVERE ] player 3 placing token on slot 11
[16:26:08.931] [SEVERE ] updating countdown to 14994
[16:26:09.660] [SEVERE ] player 4 placing token on slot 3
[16:26:09.668] [SEVERE ] player 3 placing token on slot 6
[16:26:09.943] [SEVERE ] updating countdown to 13982
[16:26:09.943] [SEVERE ] removing player 4 token from slot 2
[16:26:09.943] [SEVERE ] removing player 4 token from slot 8
[16:26:09.943] [SEVERE ] removing player 4 token from slot 3
[16:26:09.943] [SEVERE ] setting player 4 freeze to 3000
[16:26:10.671] [SEVERE ] player 3 placing token on slot 9
[16:26:10.954] [SEVERE ] setting player 4 freeze to 2000
[16:26:10.954] [SEVERE ] updating countdown to 12971
[16:26:10.954] [SEVERE ] removing player 3 token from slot 11
[16:26:10.954] [SEVERE ] removing player 3 token from slot 6
[16:26:10.954] [SEVERE ] removing player 3 token from slot 9
[16:26:10.954] [SEVERE ] setting player 3 freeze to 3000
[16:26:11.955] [SEVERE ] setting player 4 freeze to 1000
[16:26:11.957] [SEVERE ] setting player 3 freeze to 2000
[16:26:11.957] [SEVERE ] updating countdown to 11968
[16:26:12.958] [SEVERE ] setting player 4 freeze to 0
[16:26:12.969] [SEVERE ] setting player 3 freeze to 1000
[16:26:12.969] [SEVERE ] updating countdown to 10956
[16:26:13.960] [SEVERE ] player 4 placing token on slot 8
[16:26:13.971] [SEVERE ] updating countdown to 9954
[16:26:13.971] [SEVERE ] setting player 3 freeze to 0
[16:26:14.482] [SEVERE ] exit button pressed
[16:26:14.482] [INFO   ] thread Thread-2 terminated.
[16:26:14.967] [SEVERE ] player 4 placing token on slot 3
[16:26:14.967] [INFO   ] thread computer-3 terminated.
[16:26:14.967] [INFO   ] thread Thread-4 terminated.
[16:26:14.983] [SEVERE ] player 3 placing token on slot 5
[16:26:14.983] [SEVERE ] updating countdown to 8942
[16:26:14.983] [INFO   ] thread computer-2 terminated.
[16:26:14.983] [SEVERE ] updating countdown to 15000
[16:26:14.983] [INFO   ] thread Thread-3 terminated.
[16:26:15.093] [SEVERE ] removing player 4 token from slot 3
[16:26:15.093] [SEVERE ] removing tokens from slot 3
[16:26:15.093] [SEVERE ] removing card from slot 3
[16:26:15.203] [SEVERE ] removing tokens from slot 2
[16:26:15.203] [SEVERE ] removing card from slot 2
[16:26:15.313] [SEVERE ] removing player 4 token from slot 8
[16:26:15.313] [SEVERE ] removing tokens from slot 8
[16:26:15.313] [SEVERE ] removing card from slot 8
[16:26:15.424] [SEVERE ] removing tokens from slot 11
[16:26:15.424] [SEVERE ] removing card from slot 11
[16:26:15.534] [SEVERE ] removing player 3 token from slot 5
[16:26:15.534] [SEVERE ] removing tokens from slot 5
[16:26:15.534] [SEVERE ] removing card from slot 5
[16:26:15.643] [SEVERE ] removing tokens from slot 10
[16:26:15.643] [SEVERE ] removing card from slot 10
[16:26:15.749] [SEVERE ] removing tokens from slot 7
[16:26:15.749] [SEVERE ] removing card from slot 7
[16:26:15.850] [SEVERE ] removing tokens from slot 9
[16:26:15.850] [SEVERE ] removing card from slot 9
[16:26:15.952] [SEVERE ] removing tokens from slot 4
[16:26:15.953] [SEVERE ] removing card from slot 4
[16:26:16.061] [SEVERE ] removing tokens from slot 6
[16:26:16.061] [SEVERE ] removing card from slot 6
[16:26:16.168] [SEVERE ] removing tokens from slot 0
[16:26:16.168] [SEVERE ] removing card from slot 0
[16:26:16.278] [SEVERE ] removing tokens from slot 1
[16:26:16.278] [SEVERE ] removing card from slot 1
[16:26:16.284] [SEVERE ] announcing winner(s): player 1, player 2, player 3, player 4
[16:26:16.286] [INFO   ] thread dealer terminated.
[16:26:16.287] [INFO   ] thread dealer terminated.
[16:26:16.287] [SEVERE ] thanks for playing... it was fun!
[16:26:16.288] [INFO   ] thread bguspl.set.Main.main() terminated.
