[15:41:41.224] [INFO   ] thread bguspl.set.Main.main() starting.
[15:41:41.227] [SEVERE ] cannot read configuration file config.properties trying from resources.
[15:41:41.228] [SEVERE ] configuration file was loaded from resources directory.
[15:41:41.693] [INFO   ] thread dealer starting.
[15:41:41.694] [INFO   ] thread dealer starting.
[15:41:41.695] [INFO   ] thread Thread-1 starting.
[15:41:41.695] [INFO   ] thread Thread-3 starting.
[15:41:41.695] [INFO   ] thread Thread-2 starting.
[15:41:41.695] [INFO   ] thread Thread-4 starting.
[15:41:41.696] [INFO   ] thread computer-2 starting.
[15:41:41.697] [INFO   ] thread computer-3 starting.
[15:41:41.699] [SEVERE ] updating countdown to 5000
[15:41:41.807] [SEVERE ] placing card 12 in slot 4
[15:41:41.918] [SEVERE ] placing card 1 in slot 0
[15:41:42.029] [SEVERE ] placing card 66 in slot 7
[15:41:42.139] [SEVERE ] placing card 20 in slot 3
[15:41:42.250] [SEVERE ] placing card 28 in slot 2
[15:41:42.362] [SEVERE ] placing card 69 in slot 10
[15:41:42.472] [SEVERE ] placing card 4 in slot 1
[15:41:42.582] [SEVERE ] placing card 38 in slot 11
[15:41:42.692] [SEVERE ] placing card 61 in slot 6
[15:41:42.708] [SEVERE ] player 3 placing token on slot 11
[15:41:42.709] [SEVERE ] player 4 placing token on slot 7
[15:41:42.803] [SEVERE ] placing card 35 in slot 5
[15:41:42.914] [SEVERE ] placing card 37 in slot 9
[15:41:43.026] [SEVERE ] placing card 8 in slot 8
[15:41:43.712] [SEVERE ] player 3 placing token on slot 9
[15:41:43.722] [SEVERE ] player 4 placing token on slot 3
[15:41:44.722] [SEVERE ] player 3 placing token on slot 8
[15:41:44.726] [SEVERE ] removing player 3 token from slot 11
[15:41:44.727] [SEVERE ] removing player 3 token from slot 9
[15:41:44.728] [SEVERE ] removing player 3 token from slot 8
[15:41:44.729] [SEVERE ] setting player 3 freeze to 3000
[15:41:44.736] [SEVERE ] player 4 placing token on slot 1
[15:41:44.737] [SEVERE ] removing player 4 token from slot 7
[15:41:44.738] [SEVERE ] removing player 4 token from slot 3
[15:41:44.738] [SEVERE ] removing player 4 token from slot 1
[15:41:44.739] [SEVERE ] setting player 4 freeze to 3000
[15:41:44.755] [SEVERE ] exit button pressed
[15:41:44.756] [INFO   ] thread Thread-2 terminated.
[15:41:44.756] [INFO   ] thread Thread-1 terminated.
[15:41:44.756] [SEVERE ] updating countdown to 5000
[15:41:44.863] [SEVERE ] removing tokens from slot 4
[15:41:44.863] [SEVERE ] removing card from slot 4
[15:41:44.974] [SEVERE ] removing tokens from slot 0
[15:41:44.974] [SEVERE ] removing card from slot 0
[15:41:45.086] [SEVERE ] removing tokens from slot 7
[15:41:45.086] [SEVERE ] removing card from slot 7
[15:41:45.197] [SEVERE ] removing tokens from slot 3
[15:41:45.197] [SEVERE ] removing card from slot 3
[15:41:45.307] [SEVERE ] removing tokens from slot 2
[15:41:45.307] [SEVERE ] removing card from slot 2
[15:41:45.417] [SEVERE ] removing tokens from slot 10
[15:41:45.417] [SEVERE ] removing card from slot 10
[15:41:45.527] [SEVERE ] removing tokens from slot 1
[15:41:45.527] [SEVERE ] removing card from slot 1
[15:41:45.638] [SEVERE ] removing tokens from slot 11
[15:41:45.638] [SEVERE ] removing card from slot 11
[15:41:45.732] [SEVERE ] setting player 3 freeze to 2000
[15:41:45.748] [SEVERE ] setting player 4 freeze to 2000
[15:41:45.748] [SEVERE ] removing tokens from slot 6
[15:41:45.748] [SEVERE ] removing card from slot 6
[15:41:45.859] [SEVERE ] removing tokens from slot 5
[15:41:45.859] [SEVERE ] removing card from slot 5
[15:41:45.971] [SEVERE ] removing tokens from slot 9
[15:41:45.971] [SEVERE ] removing card from slot 9
[15:41:46.081] [SEVERE ] removing tokens from slot 8
[15:41:46.081] [SEVERE ] removing card from slot 8
[15:41:46.083] [SEVERE ] announcing winner(s): player 1, player 2, player 3, player 4
[15:41:46.085] [INFO   ] thread dealer terminated.
[15:41:46.085] [INFO   ] thread dealer terminated.
[15:41:46.085] [SEVERE ] thanks for playing... it was fun!
[15:41:46.086] [INFO   ] thread bguspl.set.Main.main() terminated.
