[19:19:13.419] [INFO   ] thread bguspl.set.Main.main() starting.
[19:19:13.431] [SEVERE ] cannot read configuration file config.properties trying from resources.
[19:19:13.431] [SEVERE ] configuration file was loaded from resources directory.
[19:19:14.337] [INFO   ] thread dealer starting.
[19:19:14.352] [INFO   ] thread dealer starting.
[19:19:14.352] [INFO   ] thread Thread-1 starting.
[19:19:14.352] [INFO   ] thread Thread-4 starting.
[19:19:14.352] [INFO   ] thread Thread-2 starting.
[19:19:14.352] [INFO   ] thread Thread-3 starting.
[19:19:14.358] [INFO   ] thread computer-1 starting.
[19:19:14.352] [INFO   ] thread Thread-5 starting.
[19:19:14.358] [INFO   ] thread computer-0 starting.
[19:19:14.358] [INFO   ] thread computer-3 starting.
[19:19:14.358] [INFO   ] thread computer-2 starting.
[19:19:14.361] [INFO   ] thread computer-4 starting.
[19:19:14.366] [SEVERE ] updating countdown to 10000
[19:19:14.483] [SEVERE ] placing card 27 in slot 11
[19:19:14.587] [SEVERE ] placing card 60 in slot 6
[19:19:14.704] [SEVERE ] placing card 51 in slot 9
[19:19:14.810] [SEVERE ] placing card 79 in slot 10
[19:19:14.926] [SEVERE ] placing card 66 in slot 7
[19:19:15.032] [SEVERE ] placing card 10 in slot 0
[19:19:15.143] [SEVERE ] placing card 11 in slot 3
[19:19:15.247] [SEVERE ] placing card 38 in slot 2
[19:19:15.359] [SEVERE ] placing card 75 in slot 5
[19:19:15.471] [SEVERE ] placing card 39 in slot 8
[19:19:15.581] [SEVERE ] placing card 56 in slot 1
[19:19:15.691] [SEVERE ] placing card 40 in slot 4
[19:19:16.700] [SEVERE ] updating countdown to 9991
[19:19:16.700] [SEVERE ] player 1 placing token on slot 1
[19:19:16.701] [SEVERE ] player 1 placing token on slot 7
[19:19:16.702] [SEVERE ] player 1 placing token on slot 10
[19:19:16.702] [SEVERE ] player 2 placing token on slot 1
[19:19:16.702] [SEVERE ] updating countdown to 9989
[19:19:16.702] [SEVERE ] player 2 placing token on slot 7
[19:19:16.702] [SEVERE ] player 2 placing token on slot 10
[19:19:16.702] [SEVERE ] updating countdown to 10000
[19:19:16.702] [SEVERE ] player 5 placing token on slot 1
[19:19:16.702] [SEVERE ] player 5 placing token on slot 7
[19:19:16.702] [SEVERE ] player 5 placing token on slot 10
[19:19:16.702] [SEVERE ] player 4 placing token on slot 1
[19:19:16.702] [SEVERE ] player 4 placing token on slot 7
[19:19:16.702] [SEVERE ] player 4 placing token on slot 10
[19:19:16.702] [SEVERE ] player 3 placing token on slot 1
[19:19:16.702] [SEVERE ] player 3 placing token on slot 7
[19:19:16.702] [SEVERE ] player 3 placing token on slot 10
[19:19:16.811] [SEVERE ] removing player 1 token from slot 1
[19:19:16.811] [SEVERE ] removing player 2 token from slot 1
[19:19:16.811] [SEVERE ] removing player 3 token from slot 1
[19:19:16.811] [SEVERE ] removing player 4 token from slot 1
[19:19:16.811] [SEVERE ] removing player 5 token from slot 1
[19:19:16.811] [SEVERE ] removing tokens from slot 1
[19:19:16.811] [SEVERE ] removing card from slot 1
[19:19:16.921] [SEVERE ] removing player 1 token from slot 7
[19:19:16.922] [SEVERE ] removing player 2 token from slot 7
[19:19:16.922] [SEVERE ] removing player 3 token from slot 7
[19:19:16.922] [SEVERE ] removing player 4 token from slot 7
[19:19:16.922] [SEVERE ] removing player 5 token from slot 7
[19:19:16.922] [SEVERE ] removing tokens from slot 7
[19:19:16.922] [SEVERE ] removing card from slot 7
[19:19:17.031] [SEVERE ] removing player 1 token from slot 10
[19:19:17.032] [SEVERE ] removing player 2 token from slot 10
[19:19:17.032] [SEVERE ] removing player 3 token from slot 10
[19:19:17.032] [SEVERE ] removing player 4 token from slot 10
[19:19:17.032] [SEVERE ] removing player 5 token from slot 10
[19:19:17.032] [SEVERE ] removing tokens from slot 10
[19:19:17.032] [SEVERE ] removing card from slot 10
[19:19:17.032] [SEVERE ] setting player 1 score to 1
[19:19:17.032] [SEVERE ] setting player 1 freeze to 1000
[19:19:17.142] [SEVERE ] placing card 70 in slot 10
[19:19:17.252] [SEVERE ] placing card 23 in slot 7
[19:19:17.363] [SEVERE ] placing card 13 in slot 1
[19:19:18.040] [SEVERE ] setting player 1 freeze to 0
[19:19:18.040] [SEVERE ] player 5 placing token on slot 0
[19:19:18.040] [SEVERE ] updating countdown to 10000
[19:19:18.040] [SEVERE ] player 2 placing token on slot 0
[19:19:18.040] [SEVERE ] player 2 placing token on slot 4
[19:19:18.040] [SEVERE ] player 2 placing token on slot 10
[19:19:18.042] [SEVERE ] player 4 placing token on slot 0
[19:19:18.042] [SEVERE ] player 4 placing token on slot 4
[19:19:18.042] [SEVERE ] updating countdown to 9998
[19:19:18.042] [SEVERE ] updating countdown to 10000
[19:19:18.042] [SEVERE ] player 3 placing token on slot 0
[19:19:18.042] [SEVERE ] player 4 placing token on slot 10
[19:19:18.042] [SEVERE ] player 5 placing token on slot 4
[19:19:18.042] [SEVERE ] player 5 placing token on slot 10
[19:19:18.042] [SEVERE ] player 3 placing token on slot 4
[19:19:18.042] [SEVERE ] player 3 placing token on slot 10
[19:19:18.152] [SEVERE ] removing player 2 token from slot 0
[19:19:18.152] [SEVERE ] removing player 3 token from slot 0
[19:19:18.152] [SEVERE ] removing player 4 token from slot 0
[19:19:18.152] [SEVERE ] removing player 5 token from slot 0
[19:19:18.152] [SEVERE ] removing tokens from slot 0
[19:19:18.152] [SEVERE ] removing card from slot 0
[19:19:18.263] [SEVERE ] removing player 2 token from slot 4
[19:19:18.263] [SEVERE ] removing player 3 token from slot 4
[19:19:18.263] [SEVERE ] removing player 4 token from slot 4
[19:19:18.263] [SEVERE ] removing player 5 token from slot 4
[19:19:18.263] [SEVERE ] removing tokens from slot 4
[19:19:18.263] [SEVERE ] removing card from slot 4
[19:19:18.279] [SEVERE ] exit button pressed
[19:19:18.379] [SEVERE ] removing player 2 token from slot 10
[19:19:18.379] [SEVERE ] removing player 3 token from slot 10
[19:19:18.379] [SEVERE ] removing player 4 token from slot 10
[19:19:18.379] [SEVERE ] removing player 5 token from slot 10
[19:19:18.379] [SEVERE ] removing tokens from slot 10
[19:19:18.379] [SEVERE ] removing card from slot 10
[19:19:18.381] [SEVERE ] setting player 2 score to 1
[19:19:18.381] [SEVERE ] setting player 2 freeze to 1000
[19:19:18.481] [SEVERE ] placing card 0 in slot 10
[19:19:18.584] [SEVERE ] placing card 20 in slot 0
[19:19:18.694] [SEVERE ] placing card 76 in slot 4
[19:19:18.694] [SEVERE ] updating countdown to 10000
[19:19:18.797] [SEVERE ] removing tokens from slot 11
[19:19:18.797] [SEVERE ] removing card from slot 11
[19:19:18.905] [SEVERE ] removing tokens from slot 6
[19:19:18.905] [SEVERE ] removing card from slot 6
[19:19:19.011] [SEVERE ] removing tokens from slot 9
[19:19:19.011] [SEVERE ] removing card from slot 9
[19:19:19.121] [SEVERE ] removing tokens from slot 10
[19:19:19.121] [SEVERE ] removing card from slot 10
[19:19:19.230] [SEVERE ] removing tokens from slot 7
[19:19:19.230] [SEVERE ] removing card from slot 7
[19:19:19.340] [SEVERE ] removing tokens from slot 0
[19:19:19.340] [SEVERE ] removing card from slot 0
[19:19:19.387] [SEVERE ] setting player 2 freeze to 0
[19:19:19.387] [SEVERE ] updating countdown to 10000
[19:19:19.448] [SEVERE ] removing tokens from slot 3
[19:19:19.448] [SEVERE ] removing card from slot 3
[19:19:19.559] [SEVERE ] removing tokens from slot 2
[19:19:19.559] [SEVERE ] removing card from slot 2
[19:19:19.670] [SEVERE ] removing tokens from slot 5
[19:19:19.670] [SEVERE ] removing card from slot 5
[19:19:19.779] [SEVERE ] removing tokens from slot 8
[19:19:19.779] [SEVERE ] removing card from slot 8
[19:19:19.889] [SEVERE ] removing tokens from slot 1
[19:19:19.889] [SEVERE ] removing card from slot 1
[19:19:19.999] [SEVERE ] removing tokens from slot 4
[19:19:19.999] [SEVERE ] removing card from slot 4
[19:19:20.003] [SEVERE ] announcing winner(s): player 1, player 2
[19:19:20.010] [INFO   ] thread dealer terminated.
[19:19:20.010] [INFO   ] thread dealer terminated.
[19:19:20.010] [SEVERE ] thanks for playing... it was fun!
[19:19:20.010] [INFO   ] thread bguspl.set.Main.main() terminated.
