[16:08:16.184] [INFO   ] thread bguspl.set.Main.main() starting.
[16:08:16.201] [SEVERE ] cannot read configuration file config.properties trying from resources.
[16:08:16.206] [SEVERE ] configuration file was loaded from resources directory.
[16:08:16.646] [INFO   ] thread dealer starting.
[16:08:16.651] [INFO   ] thread dealer starting.
[16:08:16.651] [INFO   ] thread Thread-1 starting.
[16:08:16.651] [INFO   ] thread Thread-3 starting.
[16:08:16.651] [INFO   ] thread Thread-2 starting.
[16:08:16.651] [INFO   ] thread Thread-4 starting.
[16:08:16.651] [INFO   ] thread computer-2 starting.
[16:08:16.651] [INFO   ] thread computer-3 starting.
[16:08:16.656] [SEVERE ] updating countdown to 30000
[16:08:16.771] [SEVERE ] placing card 45 in slot 1
[16:08:16.881] [SEVERE ] placing card 62 in slot 10
[16:08:16.991] [SEVERE ] placing card 8 in slot 9
[16:08:17.101] [SEVERE ] placing card 25 in slot 11
[16:08:17.211] [SEVERE ] placing card 66 in slot 4
[16:08:17.321] [SEVERE ] placing card 13 in slot 2
[16:08:17.431] [SEVERE ] placing card 34 in slot 7
[16:08:17.541] [SEVERE ] placing card 30 in slot 8
[16:08:17.651] [SEVERE ] placing card 78 in slot 6
[16:08:17.761] [SEVERE ] placing card 53 in slot 0
[16:08:17.871] [SEVERE ] placing card 23 in slot 5
[16:08:17.980] [SEVERE ] placing card 51 in slot 3
[16:08:18.671] [SEVERE ] player 4 placing token on slot 3
[16:08:18.672] [SEVERE ] player 3 placing token on slot 4
[16:08:18.986] [SEVERE ] updating countdown to 29994
[16:08:19.676] [SEVERE ] player 4 placing token on slot 0
[16:08:19.677] [SEVERE ] player 3 placing token on slot 11
[16:08:19.991] [SEVERE ] updating countdown to 28989
[16:08:20.679] [SEVERE ] player 4 placing token on slot 1
[16:08:20.680] [SEVERE ] player 3 placing token on slot 1
[16:08:20.993] [SEVERE ] updating countdown to 27987
[16:08:20.993] [SEVERE ] removing player 4 token from slot 3
[16:08:20.993] [SEVERE ] removing player 4 token from slot 0
[16:08:20.993] [SEVERE ] removing player 4 token from slot 1
[16:08:20.993] [SEVERE ] removing player 3 token from slot 4
[16:08:20.993] [SEVERE ] setting player 4 freeze to 3000
[16:08:20.993] [SEVERE ] removing player 3 token from slot 11
[16:08:20.993] [SEVERE ] removing player 3 token from slot 1
[16:08:20.993] [SEVERE ] setting player 3 freeze to 3000
[16:08:21.997] [SEVERE ] setting player 4 freeze to 2000
[16:08:21.998] [SEVERE ] updating countdown to 26982
[16:08:21.998] [SEVERE ] setting player 3 freeze to 2000
[16:08:23.003] [SEVERE ] updating countdown to 25977
[16:08:23.003] [SEVERE ] setting player 3 freeze to 1000
[16:08:23.003] [SEVERE ] setting player 4 freeze to 1000
[16:08:24.007] [SEVERE ] updating countdown to 24973
[16:08:24.007] [SEVERE ] setting player 3 freeze to 0
[16:08:24.007] [SEVERE ] setting player 4 freeze to 0
[16:08:25.015] [SEVERE ] updating countdown to 23965
[16:08:25.015] [SEVERE ] player 4 placing token on slot 10
[16:08:25.016] [SEVERE ] player 3 placing token on slot 10
[16:08:26.026] [SEVERE ] player 4 placing token on slot 1
[16:08:26.026] [SEVERE ] updating countdown to 22954
[16:08:26.027] [SEVERE ] player 3 placing token on slot 7
[16:08:27.032] [SEVERE ] updating countdown to 21948
[16:08:27.032] [SEVERE ] player 4 placing token on slot 7
[16:08:27.033] [SEVERE ] player 3 placing token on slot 1
[16:08:28.042] [SEVERE ] updating countdown to 20938
[16:08:28.042] [SEVERE ] removing player 4 token from slot 10
[16:08:28.042] [SEVERE ] removing player 4 token from slot 1
[16:08:28.042] [SEVERE ] removing player 4 token from slot 7
[16:08:28.042] [SEVERE ] removing player 3 token from slot 10
[16:08:28.042] [SEVERE ] setting player 4 freeze to 3000
[16:08:28.042] [SEVERE ] removing player 3 token from slot 7
[16:08:28.042] [SEVERE ] removing player 3 token from slot 1
[16:08:28.042] [SEVERE ] setting player 3 freeze to 3000
[16:08:29.050] [SEVERE ] setting player 4 freeze to 2000
[16:08:29.050] [SEVERE ] updating countdown to 19930
[16:08:29.050] [SEVERE ] setting player 3 freeze to 2000
[16:08:30.051] [SEVERE ] setting player 3 freeze to 1000
[16:08:30.052] [SEVERE ] setting player 4 freeze to 1000
[16:08:30.052] [SEVERE ] updating countdown to 18928
[16:08:31.057] [SEVERE ] setting player 3 freeze to 0
[16:08:31.057] [SEVERE ] updating countdown to 17923
[16:08:31.057] [SEVERE ] setting player 4 freeze to 0
[16:08:32.069] [SEVERE ] player 4 placing token on slot 0
[16:08:32.069] [SEVERE ] updating countdown to 16911
[16:08:32.069] [SEVERE ] player 3 placing token on slot 10
[16:08:33.074] [SEVERE ] updating countdown to 15906
[16:08:33.074] [SEVERE ] player 4 placing token on slot 10
[16:08:33.075] [SEVERE ] player 3 placing token on slot 6
[16:08:34.080] [SEVERE ] player 4 placing token on slot 6
[16:08:34.080] [SEVERE ] updating countdown to 14900
[16:08:34.080] [SEVERE ] player 3 placing token on slot 0
[16:08:34.081] [SEVERE ] removing player 4 token from slot 0
[16:08:34.081] [SEVERE ] removing player 4 token from slot 10
[16:08:34.081] [SEVERE ] removing player 4 token from slot 6
[16:08:34.081] [SEVERE ] removing player 3 token from slot 10
[16:08:34.081] [SEVERE ] removing player 3 token from slot 6
[16:08:34.081] [SEVERE ] removing player 3 token from slot 0
[16:08:34.081] [SEVERE ] setting player 4 freeze to 3000
[16:08:34.081] [SEVERE ] setting player 3 freeze to 3000
[16:08:35.094] [SEVERE ] setting player 4 freeze to 2000
[16:08:35.094] [SEVERE ] setting player 3 freeze to 2000
[16:08:35.094] [SEVERE ] updating countdown to 13886
[16:08:36.098] [SEVERE ] updating countdown to 12882
[16:08:36.098] [SEVERE ] setting player 4 freeze to 1000
[16:08:36.098] [SEVERE ] setting player 3 freeze to 1000
[16:08:37.102] [SEVERE ] updating countdown to 11878
[16:08:37.102] [SEVERE ] setting player 3 freeze to 0
[16:08:37.102] [SEVERE ] setting player 4 freeze to 0
[16:08:38.108] [SEVERE ] updating countdown to 10872
[16:08:38.108] [SEVERE ] player 4 placing token on slot 1
[16:08:38.109] [SEVERE ] player 3 placing token on slot 4
[16:08:39.122] [SEVERE ] updating countdown to 9858
[16:08:39.122] [SEVERE ] player 3 placing token on slot 0
[16:08:39.122] [SEVERE ] player 4 placing token on slot 3
[16:08:40.132] [SEVERE ] removing player 3 token from slot 4
[16:08:40.132] [SEVERE ] updating countdown to 8848
[16:08:40.133] [SEVERE ] removing player 4 token from slot 1
[16:08:41.146] [SEVERE ] player 3 placing token on slot 2
[16:08:41.146] [SEVERE ] updating countdown to 7834
[16:08:41.147] [SEVERE ] player 4 placing token on slot 7
[16:08:42.153] [SEVERE ] player 3 placing token on slot 7
[16:08:42.153] [SEVERE ] updating countdown to 6827
[16:08:42.154] [SEVERE ] player 4 placing token on slot 8
[16:08:42.154] [SEVERE ] removing player 3 token from slot 0
[16:08:42.154] [SEVERE ] removing player 3 token from slot 2
[16:08:42.154] [SEVERE ] removing player 3 token from slot 7
[16:08:42.154] [SEVERE ] removing player 4 token from slot 3
[16:08:42.154] [SEVERE ] setting player 3 freeze to 3000
[16:08:42.154] [SEVERE ] removing player 4 token from slot 7
[16:08:42.154] [SEVERE ] removing player 4 token from slot 8
[16:08:42.154] [SEVERE ] setting player 4 freeze to 3000
[16:08:43.158] [SEVERE ] updating countdown to 5822
[16:08:43.158] [SEVERE ] setting player 3 freeze to 2000
[16:08:43.158] [SEVERE ] setting player 4 freeze to 2000
[16:08:44.162] [SEVERE ] setting player 3 freeze to 1000
[16:08:44.162] [SEVERE ] setting player 4 freeze to 1000
[16:08:44.981] [SEVERE ] updating countdown to 4000
[16:08:45.164] [SEVERE ] setting player 4 freeze to 0
[16:08:45.164] [SEVERE ] setting player 3 freeze to 0
[16:08:46.172] [SEVERE ] player 3 placing token on slot 8
[16:08:46.172] [SEVERE ] player 4 placing token on slot 11
[16:08:47.186] [SEVERE ] player 4 placing token on slot 1
[16:08:47.186] [SEVERE ] player 3 placing token on slot 11
[16:08:47.980] [SEVERE ] updating countdown to 1000
[16:08:47.980] [SEVERE ] updating countdown to 1000
[16:08:47.980] [SEVERE ] updating countdown to 1000
[16:08:47.980] [SEVERE ] updating countdown to 1000
[16:08:47.980] [SEVERE ] updating countdown to 1000
[16:08:47.980] [SEVERE ] updating countdown to 1000
[16:08:47.980] [SEVERE ] updating countdown to 1000
[16:08:47.980] [SEVERE ] updating countdown to 1000
[16:08:47.980] [SEVERE ] updating countdown to 1000
[16:08:47.980] [SEVERE ] updating countdown to 1000
[16:08:47.980] [SEVERE ] updating countdown to 1000
[16:08:47.980] [SEVERE ] updating countdown to 1000
[16:08:47.980] [SEVERE ] updating countdown to 1000
[16:08:47.980] [SEVERE ] updating countdown to 1000
[16:08:47.980] [SEVERE ] updating countdown to 1000
[16:08:47.980] [SEVERE ] updating countdown to 1000
[16:08:47.980] [SEVERE ] updating countdown to 1000
[16:08:47.980] [SEVERE ] updating countdown to 1000
[16:08:47.980] [SEVERE ] updating countdown to 1000
[16:08:47.980] [SEVERE ] updating countdown to 1000
[16:08:47.980] [SEVERE ] updating countdown to 1000
[16:08:47.980] [SEVERE ] updating countdown to 1000
[16:08:47.980] [SEVERE ] updating countdown to 1000
[16:08:47.980] [SEVERE ] updating countdown to 1000
[16:08:47.980] [SEVERE ] updating countdown to 1000
[16:08:47.980] [SEVERE ] updating countdown to 1000
[16:08:47.980] [SEVERE ] updating countdown to 1000
[16:08:47.980] [SEVERE ] updating countdown to 1000
[16:08:47.980] [SEVERE ] updating countdown to 1000
[16:08:47.980] [SEVERE ] updating countdown to 1000
[16:08:47.980] [SEVERE ] updating countdown to 1000
[16:08:47.980] [SEVERE ] updating countdown to 1000
[16:08:47.980] [SEVERE ] updating countdown to 1000
[16:08:47.980] [SEVERE ] updating countdown to 1000
[16:08:47.980] [SEVERE ] updating countdown to 1000
[16:08:47.980] [SEVERE ] updating countdown to 1000
[16:08:47.980] [SEVERE ] updating countdown to 1000
[16:08:47.980] [SEVERE ] updating countdown to 1000
[16:08:47.980] [SEVERE ] updating countdown to 1000
[16:08:47.980] [SEVERE ] updating countdown to 1000
[16:08:47.980] [SEVERE ] updating countdown to 1000
[16:08:47.980] [SEVERE ] updating countdown to 1000
[16:08:47.980] [SEVERE ] updating countdown to 1000
[16:08:47.980] [SEVERE ] updating countdown to 1000
[16:08:47.980] [SEVERE ] updating countdown to 1000
[16:08:47.980] [SEVERE ] updating countdown to 1000
[16:08:47.980] [SEVERE ] updating countdown to 1000
[16:08:47.980] [SEVERE ] updating countdown to 1000
[16:08:47.980] [SEVERE ] updating countdown to 1000
[16:08:47.980] [SEVERE ] updating countdown to 1000
[16:08:47.980] [SEVERE ] updating countdown to 1000
[16:08:47.980] [SEVERE ] updating countdown to 1000
[16:08:47.980] [SEVERE ] updating countdown to 1000
[16:08:47.980] [SEVERE ] updating countdown to 1000
[16:08:47.980] [SEVERE ] updating countdown to 1000
[16:08:47.980] [SEVERE ] updating countdown to 1000
[16:08:47.980] [SEVERE ] updating countdown to 1000
[16:08:47.980] [SEVERE ] updating countdown to 1000
[16:08:47.980] [SEVERE ] updating countdown to 1000
[16:08:47.980] [SEVERE ] updating countdown to 1000
[16:08:47.980] [SEVERE ] updating countdown to 1000
[16:08:47.980] [SEVERE ] updating countdown to 1000
[16:08:47.980] [SEVERE ] updating countdown to 1000
[16:08:47.980] [SEVERE ] updating countdown to 1000
[16:08:47.980] [SEVERE ] updating countdown to 1000
[16:08:47.980] [SEVERE ] updating countdown to 1000
[16:08:47.980] [SEVERE ] updating countdown to 1000
[16:08:47.980] [SEVERE ] updating countdown to 1000
[16:08:47.980] [SEVERE ] updating countdown to 1000
[16:08:47.980] [SEVERE ] updating countdown to 1000
[16:08:47.980] [SEVERE ] updating countdown to 1000
[16:08:47.980] [SEVERE ] updating countdown to 1000
[16:08:47.980] [SEVERE ] updating countdown to 1000
[16:08:47.980] [SEVERE ] updating countdown to 1000
[16:08:47.980] [SEVERE ] updating countdown to 1000
[16:08:47.980] [SEVERE ] updating countdown to 1000
[16:08:47.980] [SEVERE ] updating countdown to 1000
[16:08:47.980] [SEVERE ] updating countdown to 1000
[16:08:47.980] [SEVERE ] updating countdown to 1000
[16:08:47.980] [SEVERE ] updating countdown to 1000
[16:08:47.980] [SEVERE ] updating countdown to 1000
[16:08:47.980] [SEVERE ] updating countdown to 1000
[16:08:47.980] [SEVERE ] updating countdown to 1000
[16:08:47.980] [SEVERE ] updating countdown to 1000
[16:08:47.980] [SEVERE ] updating countdown to 1000
[16:08:47.980] [SEVERE ] updating countdown to 1000
[16:08:47.980] [SEVERE ] updating countdown to 1000
[16:08:47.980] [SEVERE ] updating countdown to 1000
[16:08:47.980] [SEVERE ] updating countdown to 1000
[16:08:47.980] [SEVERE ] updating countdown to 1000
[16:08:47.980] [SEVERE ] updating countdown to 1000
[16:08:47.980] [SEVERE ] updating countdown to 1000
[16:08:47.980] [SEVERE ] updating countdown to 1000
[16:08:47.980] [SEVERE ] updating countdown to 1000
[16:08:47.980] [SEVERE ] updating countdown to 1000
[16:08:47.980] [SEVERE ] updating countdown to 1000
[16:08:47.980] [SEVERE ] updating countdown to 1000
[16:08:47.980] [SEVERE ] updating countdown to 1000
[16:08:47.980] [SEVERE ] updating countdown to 1000
[16:08:47.980] [SEVERE ] updating countdown to 1000
[16:08:47.980] [SEVERE ] updating countdown to 1000
[16:08:47.980] [SEVERE ] updating countdown to 1000
[16:08:47.980] [SEVERE ] updating countdown to 1000
[16:08:47.980] [SEVERE ] updating countdown to 1000
[16:08:47.980] [SEVERE ] updating countdown to 1000
[16:08:47.980] [SEVERE ] updating countdown to 1000
[16:08:47.980] [SEVERE ] updating countdown to 1000
[16:08:47.980] [SEVERE ] updating countdown to 1000
[16:08:47.980] [SEVERE ] updating countdown to 1000
[16:08:47.980] [SEVERE ] updating countdown to 1000
[16:08:47.980] [SEVERE ] updating countdown to 1000
[16:08:47.980] [SEVERE ] updating countdown to 1000
[16:08:47.980] [SEVERE ] updating countdown to 1000
[16:08:47.980] [SEVERE ] updating countdown to 1000
[16:08:47.980] [SEVERE ] updating countdown to 1000
[16:08:47.980] [SEVERE ] updating countdown to 1000
[16:08:47.980] [SEVERE ] updating countdown to 1000
[16:08:47.980] [SEVERE ] updating countdown to 1000
[16:08:47.980] [SEVERE ] updating countdown to 1000
[16:08:47.980] [SEVERE ] updating countdown to 1000
[16:08:47.980] [SEVERE ] updating countdown to 1000
[16:08:47.980] [SEVERE ] updating countdown to 1000
[16:08:47.980] [SEVERE ] updating countdown to 1000
[16:08:47.980] [SEVERE ] updating countdown to 1000
[16:08:47.980] [SEVERE ] updating countdown to 1000
[16:08:47.980] [SEVERE ] updating countdown to 1000
[16:08:47.980] [SEVERE ] updating countdown to 1000
[16:08:47.980] [SEVERE ] updating countdown to 1000
[16:08:47.980] [SEVERE ] updating countdown to 1000
[16:08:47.980] [SEVERE ] updating countdown to 1000
[16:08:47.980] [SEVERE ] updating countdown to 1000
[16:08:47.980] [SEVERE ] updating countdown to 1000
[16:08:47.980] [SEVERE ] updating countdown to 1000
[16:08:47.980] [SEVERE ] updating countdown to 1000
[16:08:47.980] [SEVERE ] updating countdown to 1000
[16:08:47.980] [SEVERE ] updating countdown to 1000
[16:08:47.980] [SEVERE ] updating countdown to 1000
[16:08:47.980] [SEVERE ] updating countdown to 1000
[16:08:47.980] [SEVERE ] updating countdown to 1000
[16:08:47.980] [SEVERE ] updating countdown to 1000
[16:08:47.980] [SEVERE ] updating countdown to 1000
[16:08:47.980] [SEVERE ] updating countdown to 1000
[16:08:47.980] [SEVERE ] updating countdown to 1000
[16:08:47.980] [SEVERE ] updating countdown to 1000
[16:08:47.980] [SEVERE ] updating countdown to 1000
[16:08:47.980] [SEVERE ] updating countdown to 1000
[16:08:47.980] [SEVERE ] updating countdown to 1000
[16:08:47.980] [SEVERE ] updating countdown to 1000
[16:08:47.980] [SEVERE ] updating countdown to 1000
[16:08:47.980] [SEVERE ] updating countdown to 1000
[16:08:47.980] [SEVERE ] updating countdown to 1000
[16:08:47.980] [SEVERE ] updating countdown to 1000
[16:08:47.980] [SEVERE ] updating countdown to 1000
[16:08:47.980] [SEVERE ] updating countdown to 1000
[16:08:47.980] [SEVERE ] updating countdown to 1000
[16:08:47.980] [SEVERE ] updating countdown to 1000
[16:08:47.980] [SEVERE ] updating countdown to 1000
[16:08:47.980] [SEVERE ] updating countdown to 1000
[16:08:47.980] [SEVERE ] updating countdown to 1000
[16:08:48.199] [SEVERE ] player 4 placing token on slot 7
[16:08:48.199] [SEVERE ] removing player 4 token from slot 11
[16:08:48.199] [SEVERE ] removing player 4 token from slot 1
[16:08:48.199] [SEVERE ] removing player 4 token from slot 7
[16:08:48.199] [SEVERE ] player 3 placing token on slot 10
[16:08:48.199] [SEVERE ] removing player 3 token from slot 8
[16:08:48.199] [SEVERE ] removing player 3 token from slot 11
[16:08:48.199] [SEVERE ] removing player 3 token from slot 10
[16:08:48.199] [SEVERE ] setting player 4 freeze to 3000
[16:08:48.199] [SEVERE ] setting player 3 freeze to 3000
[16:08:48.983] [SEVERE ] updating countdown to 30000
[16:08:49.093] [SEVERE ] removing tokens from slot 1
[16:08:49.093] [SEVERE ] removing card from slot 1
[16:08:49.204] [SEVERE ] setting player 3 freeze to 2000
[16:08:49.204] [SEVERE ] removing tokens from slot 10
[16:08:49.204] [SEVERE ] removing card from slot 10
[16:08:49.204] [SEVERE ] setting player 4 freeze to 2000
[16:08:49.313] [SEVERE ] removing tokens from slot 9
[16:08:49.313] [SEVERE ] removing card from slot 9
[16:08:49.423] [SEVERE ] removing tokens from slot 11
[16:08:49.423] [SEVERE ] removing card from slot 11
[16:08:49.534] [SEVERE ] removing tokens from slot 4
[16:08:49.534] [SEVERE ] removing card from slot 4
[16:08:49.644] [SEVERE ] removing tokens from slot 2
[16:08:49.644] [SEVERE ] removing card from slot 2
[16:08:49.754] [SEVERE ] removing tokens from slot 7
[16:08:49.754] [SEVERE ] removing card from slot 7
[16:08:49.863] [SEVERE ] removing tokens from slot 8
[16:08:49.863] [SEVERE ] removing card from slot 8
[16:08:49.973] [SEVERE ] removing tokens from slot 6
[16:08:49.973] [SEVERE ] removing card from slot 6
[16:08:50.083] [SEVERE ] removing tokens from slot 0
[16:08:50.083] [SEVERE ] removing card from slot 0
[16:08:50.193] [SEVERE ] removing tokens from slot 5
[16:08:50.193] [SEVERE ] removing card from slot 5
[16:08:50.209] [SEVERE ] setting player 3 freeze to 1000
[16:08:50.209] [SEVERE ] setting player 4 freeze to 1000
[16:08:50.303] [SEVERE ] removing tokens from slot 3
[16:08:50.303] [SEVERE ] removing card from slot 3
[16:08:50.303] [SEVERE ] updating countdown to 30000
[16:08:50.413] [SEVERE ] placing card 6 in slot 1
[16:08:50.523] [SEVERE ] placing card 63 in slot 10
[16:08:50.633] [SEVERE ] placing card 22 in slot 9
[16:08:50.742] [SEVERE ] placing card 23 in slot 11
[16:08:50.852] [SEVERE ] placing card 41 in slot 4
[16:08:50.962] [SEVERE ] placing card 74 in slot 2
[16:08:51.072] [SEVERE ] placing card 28 in slot 7
[16:08:51.182] [SEVERE ] placing card 10 in slot 8
[16:08:51.213] [SEVERE ] setting player 4 freeze to 0
[16:08:51.213] [SEVERE ] setting player 3 freeze to 0
[16:08:51.291] [SEVERE ] placing card 67 in slot 6
[16:08:51.402] [SEVERE ] placing card 76 in slot 0
[16:08:51.512] [SEVERE ] placing card 1 in slot 5
[16:08:51.622] [SEVERE ] placing card 37 in slot 3
[16:08:52.226] [SEVERE ] player 3 placing token on slot 4
[16:08:52.226] [SEVERE ] player 4 placing token on slot 5
[16:08:52.633] [SEVERE ] updating countdown to 29989
[16:08:53.235] [SEVERE ] player 3 placing token on slot 9
[16:08:53.235] [SEVERE ] player 4 placing token on slot 11
[16:08:53.644] [SEVERE ] updating countdown to 28978
[16:08:54.249] [SEVERE ] removing player 3 token from slot 9
[16:08:54.249] [SEVERE ] player 4 placing token on slot 8
[16:08:54.659] [SEVERE ] updating countdown to 27963
[16:08:54.659] [SEVERE ] removing player 4 token from slot 5
[16:08:54.659] [SEVERE ] removing player 4 token from slot 11
[16:08:54.659] [SEVERE ] removing player 4 token from slot 8
[16:08:54.659] [SEVERE ] setting player 4 freeze to 3000
[16:08:55.057] [SEVERE ] key 87 was pressed by player 1
[16:08:55.057] [SEVERE ] player 1 placing token on slot 1
[16:08:55.250] [SEVERE ] player 3 placing token on slot 11
[16:08:55.668] [SEVERE ] updating countdown to 26954
[16:08:55.668] [SEVERE ] setting player 4 freeze to 2000
[16:08:56.265] [SEVERE ] player 3 placing token on slot 5
[16:08:56.672] [SEVERE ] setting player 4 freeze to 1000
[16:08:56.672] [SEVERE ] updating countdown to 25950
[16:08:56.672] [SEVERE ] removing player 3 token from slot 4
[16:08:56.672] [SEVERE ] removing player 3 token from slot 11
[16:08:56.672] [SEVERE ] removing player 3 token from slot 5
[16:08:56.672] [SEVERE ] setting player 3 freeze to 3000
[16:08:57.681] [SEVERE ] setting player 4 freeze to 0
[16:08:57.681] [SEVERE ] updating countdown to 24941
[16:08:57.681] [SEVERE ] setting player 3 freeze to 2000
[16:08:58.683] [SEVERE ] player 4 placing token on slot 5
[16:08:58.683] [SEVERE ] updating countdown to 23939
[16:08:58.683] [SEVERE ] setting player 3 freeze to 1000
[16:08:59.643] [SEVERE ] key 70 was pressed by player 1
[16:08:59.643] [SEVERE ] player 1 placing token on slot 7
[16:08:59.689] [SEVERE ] updating countdown to 22933
[16:08:59.689] [SEVERE ] setting player 3 freeze to 0
[16:08:59.689] [SEVERE ] player 4 placing token on slot 10
[16:09:00.690] [SEVERE ] player 3 placing token on slot 2
[16:09:00.690] [SEVERE ] updating countdown to 21932
[16:09:00.691] [SEVERE ] player 4 placing token on slot 1
[16:09:01.702] [SEVERE ] updating countdown to 20920
[16:09:01.702] [SEVERE ] player 3 placing token on slot 10
[16:09:01.702] [SEVERE ] removing player 4 token from slot 5
[16:09:01.702] [SEVERE ] removing player 4 token from slot 10
[16:09:01.702] [SEVERE ] removing player 4 token from slot 1
[16:09:01.702] [SEVERE ] setting player 4 freeze to 3000
[16:09:01.702] [SEVERE ] key 67 was pressed by player 1
[16:09:01.702] [SEVERE ] player 1 placing token on slot 10
[16:09:02.707] [SEVERE ] setting player 4 freeze to 2000
[16:09:02.707] [SEVERE ] player 3 placing token on slot 7
[16:09:02.707] [SEVERE ] updating countdown to 19915
[16:09:02.707] [SEVERE ] removing player 1 token from slot 1
[16:09:02.707] [SEVERE ] removing player 1 token from slot 7
[16:09:02.707] [SEVERE ] removing player 1 token from slot 10
[16:09:02.707] [SEVERE ] removing player 3 token from slot 2
[16:09:02.707] [SEVERE ] setting player 1 freeze to 3000
[16:09:02.707] [SEVERE ] removing player 3 token from slot 10
[16:09:02.707] [SEVERE ] removing player 3 token from slot 7
[16:09:02.707] [SEVERE ] setting player 3 freeze to 3000
[16:09:03.711] [SEVERE ] updating countdown to 18911
[16:09:03.711] [SEVERE ] setting player 3 freeze to 2000
[16:09:03.711] [SEVERE ] setting player 1 freeze to 2000
[16:09:03.711] [SEVERE ] setting player 4 freeze to 1000
[16:09:04.715] [SEVERE ] updating countdown to 17907
[16:09:04.715] [SEVERE ] setting player 4 freeze to 0
[16:09:04.715] [SEVERE ] setting player 1 freeze to 1000
[16:09:04.715] [SEVERE ] setting player 3 freeze to 1000
[16:09:05.719] [SEVERE ] updating countdown to 16903
[16:09:05.719] [SEVERE ] player 4 placing token on slot 11
[16:09:05.719] [SEVERE ] setting player 3 freeze to 0
[16:09:05.719] [SEVERE ] setting player 1 freeze to 0
[16:09:06.611] [SEVERE ] key 87 was pressed by player 1
[16:09:06.611] [SEVERE ] player 1 placing token on slot 1
[16:09:06.722] [SEVERE ] player 3 placing token on slot 6
[16:09:06.722] [SEVERE ] updating countdown to 15900
[16:09:06.723] [SEVERE ] player 4 placing token on slot 6
[16:09:07.300] [SEVERE ] key 80 was pressed by player 2
[16:09:07.300] [SEVERE ] player 2 placing token on slot 3
[16:09:07.510] [SEVERE ] key 70 was pressed by player 1
[16:09:07.510] [SEVERE ] player 1 placing token on slot 7
[16:09:07.724] [SEVERE ] updating countdown to 14898
[16:09:07.724] [SEVERE ] player 3 placing token on slot 4
[16:09:07.725] [SEVERE ] player 4 placing token on slot 4
[16:09:08.113] [SEVERE ] key 88 was pressed by player 1
[16:09:08.113] [SEVERE ] player 1 placing token on slot 9
[16:09:08.725] [SEVERE ] updating countdown to 13897
[16:09:08.725] [SEVERE ] player 3 placing token on slot 1
[16:09:08.726] [SEVERE ] removing player 4 token from slot 11
[16:09:08.726] [SEVERE ] removing player 4 token from slot 6
[16:09:08.726] [SEVERE ] removing player 4 token from slot 4
[16:09:08.726] [SEVERE ] removing player 1 token from slot 1
[16:09:08.726] [SEVERE ] removing player 1 token from slot 7
[16:09:08.726] [SEVERE ] setting player 4 freeze to 3000
[16:09:08.726] [SEVERE ] removing player 1 token from slot 9
[16:09:08.726] [SEVERE ] removing player 3 token from slot 6
[16:09:08.726] [SEVERE ] removing player 3 token from slot 4
[16:09:08.726] [SEVERE ] removing player 3 token from slot 1
[16:09:08.726] [SEVERE ] setting player 1 freeze to 3000
[16:09:08.726] [SEVERE ] setting player 3 freeze to 3000
[16:09:09.732] [SEVERE ] setting player 4 freeze to 2000
[16:09:09.732] [SEVERE ] setting player 3 freeze to 2000
[16:09:09.732] [SEVERE ] setting player 1 freeze to 2000
[16:09:09.732] [SEVERE ] updating countdown to 12890
[16:09:10.739] [SEVERE ] setting player 1 freeze to 1000
[16:09:10.739] [SEVERE ] updating countdown to 11883
[16:09:10.739] [SEVERE ] setting player 3 freeze to 1000
[16:09:10.739] [SEVERE ] setting player 4 freeze to 1000
[16:09:11.746] [SEVERE ] updating countdown to 10876
[16:09:11.746] [SEVERE ] setting player 4 freeze to 0
[16:09:11.746] [SEVERE ] setting player 1 freeze to 0
[16:09:11.746] [SEVERE ] setting player 3 freeze to 0
[16:09:12.375] [SEVERE ] key 74 was pressed by player 2
[16:09:12.375] [SEVERE ] player 2 placing token on slot 4
[16:09:12.759] [SEVERE ] updating countdown to 9863
[16:09:12.759] [SEVERE ] player 3 placing token on slot 9
[16:09:12.760] [SEVERE ] player 4 placing token on slot 7
[16:09:13.761] [SEVERE ] player 3 placing token on slot 4
[16:09:13.761] [SEVERE ] updating countdown to 8861
[16:09:13.761] [SEVERE ] player 4 placing token on slot 10
[16:09:14.220] [SEVERE ] key 44 was pressed by player 2
[16:09:14.220] [SEVERE ] player 2 placing token on slot 9
[16:09:14.771] [SEVERE ] player 4 placing token on slot 4
[16:09:14.771] [SEVERE ] updating countdown to 7851
[16:09:14.771] [SEVERE ] player 3 placing token on slot 7
[16:09:14.771] [SEVERE ] removing player 2 token from slot 3
[16:09:14.771] [SEVERE ] removing player 2 token from slot 4
[16:09:14.771] [SEVERE ] removing player 2 token from slot 9
[16:09:14.771] [SEVERE ] removing player 4 token from slot 7
[16:09:14.771] [SEVERE ] removing player 4 token from slot 10
[16:09:14.771] [SEVERE ] removing player 4 token from slot 4
[16:09:14.771] [SEVERE ] removing player 3 token from slot 9
[16:09:14.771] [SEVERE ] removing player 3 token from slot 4
[16:09:14.771] [SEVERE ] removing player 3 token from slot 7
[16:09:14.771] [SEVERE ] setting player 2 freeze to 3000
[16:09:14.771] [SEVERE ] setting player 4 freeze to 3000
[16:09:14.771] [SEVERE ] setting player 3 freeze to 3000
[16:09:15.777] [SEVERE ] setting player 4 freeze to 2000
[16:09:15.777] [SEVERE ] setting player 3 freeze to 2000
[16:09:15.777] [SEVERE ] setting player 2 freeze to 2000
[16:09:15.777] [SEVERE ] updating countdown to 6845
[16:09:16.783] [SEVERE ] setting player 4 freeze to 1000
[16:09:16.783] [SEVERE ] setting player 2 freeze to 1000
[16:09:16.783] [SEVERE ] updating countdown to 5839
[16:09:16.783] [SEVERE ] setting player 3 freeze to 1000
[16:09:17.790] [SEVERE ] setting player 2 freeze to 0
[16:09:17.790] [SEVERE ] setting player 3 freeze to 0
[16:09:17.790] [SEVERE ] setting player 4 freeze to 0
[16:09:18.791] [SEVERE ] player 4 placing token on slot 10
[16:09:18.792] [SEVERE ] player 3 placing token on slot 5
[16:09:19.805] [SEVERE ] removing player 3 token from slot 5
[16:09:19.805] [SEVERE ] player 4 placing token on slot 0
[16:09:20.806] [SEVERE ] player 4 placing token on slot 5
[16:09:20.806] [SEVERE ] removing player 4 token from slot 10
[16:09:20.806] [SEVERE ] removing player 4 token from slot 0
[16:09:20.806] [SEVERE ] removing player 4 token from slot 5
[16:09:20.806] [SEVERE ] player 3 placing token on slot 11
[16:09:20.806] [SEVERE ] setting player 4 freeze to 3000
[16:09:21.622] [SEVERE ] updating countdown to 1000
[16:09:21.622] [SEVERE ] updating countdown to 1000
[16:09:21.622] [SEVERE ] updating countdown to 1000
[16:09:21.622] [SEVERE ] updating countdown to 1000
[16:09:21.622] [SEVERE ] updating countdown to 1000
[16:09:21.622] [SEVERE ] updating countdown to 1000
[16:09:21.622] [SEVERE ] updating countdown to 1000
[16:09:21.622] [SEVERE ] updating countdown to 1000
[16:09:21.622] [SEVERE ] updating countdown to 1000
[16:09:21.622] [SEVERE ] updating countdown to 1000
[16:09:21.622] [SEVERE ] updating countdown to 1000
[16:09:21.622] [SEVERE ] updating countdown to 1000
[16:09:21.622] [SEVERE ] updating countdown to 1000
[16:09:21.622] [SEVERE ] updating countdown to 1000
[16:09:21.622] [SEVERE ] updating countdown to 1000
[16:09:21.622] [SEVERE ] updating countdown to 1000
[16:09:21.622] [SEVERE ] updating countdown to 1000
[16:09:21.622] [SEVERE ] updating countdown to 1000
[16:09:21.622] [SEVERE ] updating countdown to 1000
[16:09:21.622] [SEVERE ] updating countdown to 1000
[16:09:21.622] [SEVERE ] updating countdown to 1000
[16:09:21.622] [SEVERE ] updating countdown to 1000
[16:09:21.622] [SEVERE ] updating countdown to 1000
[16:09:21.622] [SEVERE ] updating countdown to 1000
[16:09:21.622] [SEVERE ] updating countdown to 1000
[16:09:21.622] [SEVERE ] updating countdown to 1000
[16:09:21.622] [SEVERE ] updating countdown to 1000
[16:09:21.622] [SEVERE ] updating countdown to 1000
[16:09:21.622] [SEVERE ] updating countdown to 1000
[16:09:21.622] [SEVERE ] updating countdown to 1000
[16:09:21.622] [SEVERE ] updating countdown to 1000
[16:09:21.622] [SEVERE ] updating countdown to 1000
[16:09:21.622] [SEVERE ] updating countdown to 1000
[16:09:21.622] [SEVERE ] updating countdown to 1000
[16:09:21.622] [SEVERE ] updating countdown to 1000
[16:09:21.622] [SEVERE ] updating countdown to 1000
[16:09:21.622] [SEVERE ] updating countdown to 1000
[16:09:21.622] [SEVERE ] updating countdown to 1000
[16:09:21.622] [SEVERE ] updating countdown to 1000
[16:09:21.622] [SEVERE ] updating countdown to 1000
[16:09:21.622] [SEVERE ] updating countdown to 1000
[16:09:21.622] [SEVERE ] updating countdown to 1000
[16:09:21.622] [SEVERE ] updating countdown to 1000
[16:09:21.622] [SEVERE ] updating countdown to 1000
[16:09:21.622] [SEVERE ] updating countdown to 1000
[16:09:21.622] [SEVERE ] updating countdown to 1000
[16:09:21.622] [SEVERE ] updating countdown to 1000
[16:09:21.622] [SEVERE ] updating countdown to 1000
[16:09:21.622] [SEVERE ] updating countdown to 1000
[16:09:21.622] [SEVERE ] updating countdown to 1000
[16:09:21.622] [SEVERE ] updating countdown to 1000
[16:09:21.622] [SEVERE ] updating countdown to 1000
[16:09:21.622] [SEVERE ] updating countdown to 1000
[16:09:21.622] [SEVERE ] updating countdown to 1000
[16:09:21.622] [SEVERE ] updating countdown to 1000
[16:09:21.622] [SEVERE ] updating countdown to 1000
[16:09:21.622] [SEVERE ] updating countdown to 1000
[16:09:21.622] [SEVERE ] updating countdown to 1000
[16:09:21.622] [SEVERE ] updating countdown to 1000
[16:09:21.622] [SEVERE ] updating countdown to 1000
[16:09:21.622] [SEVERE ] updating countdown to 1000
[16:09:21.622] [SEVERE ] updating countdown to 1000
[16:09:21.622] [SEVERE ] updating countdown to 1000
[16:09:21.622] [SEVERE ] updating countdown to 1000
[16:09:21.622] [SEVERE ] updating countdown to 1000
[16:09:21.622] [SEVERE ] updating countdown to 1000
[16:09:21.622] [SEVERE ] updating countdown to 1000
[16:09:21.622] [SEVERE ] updating countdown to 1000
[16:09:21.622] [SEVERE ] updating countdown to 1000
[16:09:21.622] [SEVERE ] updating countdown to 1000
[16:09:21.622] [SEVERE ] updating countdown to 1000
[16:09:21.622] [SEVERE ] updating countdown to 1000
[16:09:21.622] [SEVERE ] updating countdown to 1000
[16:09:21.622] [SEVERE ] updating countdown to 1000
[16:09:21.622] [SEVERE ] updating countdown to 1000
[16:09:21.622] [SEVERE ] updating countdown to 1000
[16:09:21.622] [SEVERE ] updating countdown to 1000
[16:09:21.622] [SEVERE ] updating countdown to 1000
[16:09:21.622] [SEVERE ] updating countdown to 1000
[16:09:21.622] [SEVERE ] updating countdown to 1000
[16:09:21.622] [SEVERE ] updating countdown to 1000
[16:09:21.622] [SEVERE ] updating countdown to 1000
[16:09:21.622] [SEVERE ] updating countdown to 1000
[16:09:21.622] [SEVERE ] updating countdown to 1000
[16:09:21.622] [SEVERE ] updating countdown to 1000
[16:09:21.622] [SEVERE ] updating countdown to 1000
[16:09:21.622] [SEVERE ] updating countdown to 1000
[16:09:21.622] [SEVERE ] updating countdown to 1000
[16:09:21.622] [SEVERE ] updating countdown to 1000
[16:09:21.622] [SEVERE ] updating countdown to 1000
[16:09:21.622] [SEVERE ] updating countdown to 1000
[16:09:21.622] [SEVERE ] updating countdown to 1000
[16:09:21.622] [SEVERE ] updating countdown to 1000
[16:09:21.622] [SEVERE ] updating countdown to 1000
[16:09:21.622] [SEVERE ] updating countdown to 1000
[16:09:21.622] [SEVERE ] updating countdown to 1000
[16:09:21.622] [SEVERE ] updating countdown to 1000
[16:09:21.622] [SEVERE ] updating countdown to 1000
[16:09:21.622] [SEVERE ] updating countdown to 1000
[16:09:21.622] [SEVERE ] updating countdown to 1000
[16:09:21.622] [SEVERE ] updating countdown to 1000
[16:09:21.622] [SEVERE ] updating countdown to 1000
[16:09:21.622] [SEVERE ] updating countdown to 1000
[16:09:21.622] [SEVERE ] updating countdown to 1000
[16:09:21.622] [SEVERE ] updating countdown to 1000
[16:09:21.622] [SEVERE ] updating countdown to 1000
[16:09:21.622] [SEVERE ] updating countdown to 1000
[16:09:21.622] [SEVERE ] updating countdown to 1000
[16:09:21.622] [SEVERE ] updating countdown to 1000
[16:09:21.622] [SEVERE ] updating countdown to 1000
[16:09:21.622] [SEVERE ] updating countdown to 1000
[16:09:21.622] [SEVERE ] updating countdown to 1000
[16:09:21.622] [SEVERE ] updating countdown to 1000
[16:09:21.622] [SEVERE ] updating countdown to 1000
[16:09:21.622] [SEVERE ] updating countdown to 1000
[16:09:21.622] [SEVERE ] updating countdown to 1000
[16:09:21.622] [SEVERE ] updating countdown to 1000
[16:09:21.622] [SEVERE ] updating countdown to 1000
[16:09:21.622] [SEVERE ] updating countdown to 1000
[16:09:21.622] [SEVERE ] updating countdown to 1000
[16:09:21.622] [SEVERE ] updating countdown to 1000
[16:09:21.622] [SEVERE ] updating countdown to 1000
[16:09:21.622] [SEVERE ] updating countdown to 1000
[16:09:21.622] [SEVERE ] updating countdown to 1000
[16:09:21.622] [SEVERE ] updating countdown to 1000
[16:09:21.622] [SEVERE ] updating countdown to 1000
[16:09:21.622] [SEVERE ] updating countdown to 1000
[16:09:21.622] [SEVERE ] updating countdown to 1000
[16:09:21.622] [SEVERE ] updating countdown to 1000
[16:09:21.622] [SEVERE ] updating countdown to 1000
[16:09:21.622] [SEVERE ] updating countdown to 1000
[16:09:21.622] [SEVERE ] updating countdown to 1000
[16:09:21.622] [SEVERE ] updating countdown to 1000
[16:09:21.622] [SEVERE ] updating countdown to 1000
[16:09:21.622] [SEVERE ] updating countdown to 1000
[16:09:21.622] [SEVERE ] updating countdown to 1000
[16:09:21.622] [SEVERE ] updating countdown to 1000
[16:09:21.622] [SEVERE ] updating countdown to 1000
[16:09:21.622] [SEVERE ] updating countdown to 1000
[16:09:21.622] [SEVERE ] updating countdown to 1000
[16:09:21.622] [SEVERE ] updating countdown to 1000
[16:09:21.622] [SEVERE ] updating countdown to 1000
[16:09:21.622] [SEVERE ] updating countdown to 1000
[16:09:21.622] [SEVERE ] updating countdown to 1000
[16:09:21.622] [SEVERE ] updating countdown to 1000
[16:09:21.622] [SEVERE ] updating countdown to 1000
[16:09:21.622] [SEVERE ] updating countdown to 1000
[16:09:21.622] [SEVERE ] updating countdown to 1000
[16:09:21.622] [SEVERE ] updating countdown to 1000
[16:09:21.622] [SEVERE ] updating countdown to 1000
[16:09:21.622] [SEVERE ] updating countdown to 1000
[16:09:21.622] [SEVERE ] updating countdown to 1000
[16:09:21.622] [SEVERE ] updating countdown to 1000
[16:09:21.622] [SEVERE ] updating countdown to 1000
[16:09:21.622] [SEVERE ] updating countdown to 1000
[16:09:21.622] [SEVERE ] updating countdown to 1000
[16:09:21.622] [SEVERE ] updating countdown to 1000
[16:09:21.622] [SEVERE ] updating countdown to 1000
[16:09:21.622] [SEVERE ] updating countdown to 1000
[16:09:21.622] [SEVERE ] updating countdown to 1000
[16:09:21.622] [SEVERE ] updating countdown to 1000
[16:09:21.622] [SEVERE ] updating countdown to 1000
[16:09:21.622] [SEVERE ] updating countdown to 1000
[16:09:21.622] [SEVERE ] updating countdown to 1000
[16:09:21.622] [SEVERE ] updating countdown to 1000
[16:09:21.622] [SEVERE ] updating countdown to 1000
[16:09:21.622] [SEVERE ] updating countdown to 1000
[16:09:21.622] [SEVERE ] updating countdown to 1000
[16:09:21.622] [SEVERE ] updating countdown to 1000
[16:09:21.622] [SEVERE ] updating countdown to 1000
[16:09:21.622] [SEVERE ] updating countdown to 1000
[16:09:21.622] [SEVERE ] updating countdown to 1000
[16:09:21.622] [SEVERE ] updating countdown to 1000
[16:09:21.622] [SEVERE ] updating countdown to 1000
[16:09:21.622] [SEVERE ] updating countdown to 1000
[16:09:21.622] [SEVERE ] updating countdown to 1000
[16:09:21.622] [SEVERE ] updating countdown to 1000
[16:09:21.622] [SEVERE ] updating countdown to 1000
[16:09:21.622] [SEVERE ] updating countdown to 1000
[16:09:21.622] [SEVERE ] updating countdown to 1000
[16:09:21.622] [SEVERE ] updating countdown to 1000
[16:09:21.622] [SEVERE ] updating countdown to 1000
[16:09:21.622] [SEVERE ] updating countdown to 1000
[16:09:21.622] [SEVERE ] updating countdown to 1000
[16:09:21.622] [SEVERE ] updating countdown to 1000
[16:09:21.622] [SEVERE ] updating countdown to 1000
[16:09:21.622] [SEVERE ] updating countdown to 1000
[16:09:21.622] [SEVERE ] updating countdown to 1000
[16:09:21.622] [SEVERE ] updating countdown to 1000
[16:09:21.622] [SEVERE ] updating countdown to 1000
[16:09:21.622] [SEVERE ] updating countdown to 1000
[16:09:21.622] [SEVERE ] updating countdown to 1000
[16:09:21.622] [SEVERE ] updating countdown to 1000
[16:09:21.622] [SEVERE ] updating countdown to 1000
[16:09:21.622] [SEVERE ] updating countdown to 1000
[16:09:21.622] [SEVERE ] updating countdown to 1000
[16:09:21.622] [SEVERE ] updating countdown to 1000
[16:09:21.622] [SEVERE ] updating countdown to 1000
[16:09:21.622] [SEVERE ] updating countdown to 1000
[16:09:21.622] [SEVERE ] updating countdown to 1000
[16:09:21.622] [SEVERE ] updating countdown to 1000
[16:09:21.622] [SEVERE ] updating countdown to 1000
[16:09:21.622] [SEVERE ] updating countdown to 1000
[16:09:21.622] [SEVERE ] updating countdown to 1000
[16:09:21.622] [SEVERE ] updating countdown to 1000
[16:09:21.622] [SEVERE ] updating countdown to 1000
[16:09:21.622] [SEVERE ] updating countdown to 1000
[16:09:21.622] [SEVERE ] updating countdown to 1000
[16:09:21.622] [SEVERE ] updating countdown to 1000
[16:09:21.622] [SEVERE ] updating countdown to 1000
[16:09:21.622] [SEVERE ] updating countdown to 1000
[16:09:21.622] [SEVERE ] updating countdown to 1000
[16:09:21.622] [SEVERE ] updating countdown to 1000
[16:09:21.622] [SEVERE ] updating countdown to 1000
[16:09:21.622] [SEVERE ] updating countdown to 1000
[16:09:21.622] [SEVERE ] updating countdown to 1000
[16:09:21.622] [SEVERE ] updating countdown to 1000
[16:09:21.622] [SEVERE ] updating countdown to 1000
[16:09:21.622] [SEVERE ] updating countdown to 1000
[16:09:21.622] [SEVERE ] updating countdown to 1000
[16:09:21.622] [SEVERE ] updating countdown to 1000
[16:09:21.622] [SEVERE ] updating countdown to 1000
[16:09:21.622] [SEVERE ] updating countdown to 1000
[16:09:21.622] [SEVERE ] updating countdown to 1000
[16:09:21.622] [SEVERE ] updating countdown to 1000
[16:09:21.622] [SEVERE ] updating countdown to 1000
[16:09:21.622] [SEVERE ] updating countdown to 1000
[16:09:21.622] [SEVERE ] updating countdown to 1000
[16:09:21.622] [SEVERE ] updating countdown to 1000
[16:09:21.622] [SEVERE ] updating countdown to 1000
[16:09:21.622] [SEVERE ] updating countdown to 1000
[16:09:21.622] [SEVERE ] updating countdown to 1000
[16:09:21.622] [SEVERE ] updating countdown to 1000
[16:09:21.622] [SEVERE ] updating countdown to 1000
[16:09:21.622] [SEVERE ] updating countdown to 1000
[16:09:21.622] [SEVERE ] updating countdown to 1000
[16:09:21.622] [SEVERE ] updating countdown to 1000
[16:09:21.622] [SEVERE ] updating countdown to 1000
[16:09:21.622] [SEVERE ] updating countdown to 1000
[16:09:21.622] [SEVERE ] updating countdown to 1000
[16:09:21.622] [SEVERE ] updating countdown to 1000
[16:09:21.622] [SEVERE ] updating countdown to 1000
[16:09:21.622] [SEVERE ] updating countdown to 1000
[16:09:21.622] [SEVERE ] updating countdown to 1000
[16:09:21.622] [SEVERE ] updating countdown to 1000
[16:09:21.622] [SEVERE ] updating countdown to 1000
[16:09:21.622] [SEVERE ] updating countdown to 1000
[16:09:21.622] [SEVERE ] updating countdown to 1000
[16:09:21.622] [SEVERE ] updating countdown to 1000
[16:09:21.622] [SEVERE ] updating countdown to 1000
[16:09:21.622] [SEVERE ] updating countdown to 1000
[16:09:21.622] [SEVERE ] updating countdown to 1000
[16:09:21.622] [SEVERE ] updating countdown to 1000
[16:09:21.622] [SEVERE ] updating countdown to 1000
[16:09:21.622] [SEVERE ] updating countdown to 1000
[16:09:21.622] [SEVERE ] updating countdown to 1000
[16:09:21.622] [SEVERE ] updating countdown to 1000
[16:09:21.622] [SEVERE ] updating countdown to 1000
[16:09:21.622] [SEVERE ] updating countdown to 1000
[16:09:21.622] [SEVERE ] updating countdown to 1000
[16:09:21.622] [SEVERE ] updating countdown to 1000
[16:09:21.622] [SEVERE ] updating countdown to 1000
[16:09:21.622] [SEVERE ] updating countdown to 1000
[16:09:21.622] [SEVERE ] updating countdown to 1000
[16:09:21.622] [SEVERE ] updating countdown to 1000
[16:09:21.622] [SEVERE ] updating countdown to 1000
[16:09:21.622] [SEVERE ] updating countdown to 1000
[16:09:21.622] [SEVERE ] updating countdown to 1000
[16:09:21.622] [SEVERE ] updating countdown to 1000
[16:09:21.622] [SEVERE ] updating countdown to 1000
[16:09:21.622] [SEVERE ] updating countdown to 1000
[16:09:21.622] [SEVERE ] updating countdown to 1000
[16:09:21.622] [SEVERE ] updating countdown to 1000
[16:09:21.622] [SEVERE ] updating countdown to 1000
[16:09:21.622] [SEVERE ] updating countdown to 1000
[16:09:21.622] [SEVERE ] updating countdown to 1000
[16:09:21.622] [SEVERE ] updating countdown to 1000
[16:09:21.622] [SEVERE ] updating countdown to 1000
[16:09:21.622] [SEVERE ] updating countdown to 1000
[16:09:21.622] [SEVERE ] updating countdown to 1000
[16:09:21.622] [SEVERE ] updating countdown to 1000
[16:09:21.622] [SEVERE ] updating countdown to 1000
[16:09:21.622] [SEVERE ] updating countdown to 1000
[16:09:21.622] [SEVERE ] updating countdown to 1000
[16:09:21.622] [SEVERE ] updating countdown to 1000
[16:09:21.622] [SEVERE ] updating countdown to 1000
[16:09:21.622] [SEVERE ] updating countdown to 1000
[16:09:21.622] [SEVERE ] updating countdown to 1000
[16:09:21.622] [SEVERE ] updating countdown to 1000
[16:09:21.622] [SEVERE ] updating countdown to 1000
[16:09:21.622] [SEVERE ] updating countdown to 1000
[16:09:21.622] [SEVERE ] updating countdown to 1000
[16:09:21.622] [SEVERE ] updating countdown to 1000
[16:09:21.622] [SEVERE ] updating countdown to 1000
[16:09:21.622] [SEVERE ] updating countdown to 1000
[16:09:21.622] [SEVERE ] updating countdown to 1000
[16:09:21.622] [SEVERE ] updating countdown to 1000
[16:09:21.622] [SEVERE ] updating countdown to 1000
[16:09:21.622] [SEVERE ] updating countdown to 1000
[16:09:21.622] [SEVERE ] updating countdown to 1000
[16:09:21.622] [SEVERE ] updating countdown to 1000
[16:09:21.622] [SEVERE ] updating countdown to 1000
[16:09:21.622] [SEVERE ] updating countdown to 1000
[16:09:21.622] [SEVERE ] updating countdown to 1000
[16:09:21.622] [SEVERE ] updating countdown to 1000
[16:09:21.622] [SEVERE ] updating countdown to 1000
[16:09:21.622] [SEVERE ] updating countdown to 1000
[16:09:21.622] [SEVERE ] updating countdown to 1000
[16:09:21.622] [SEVERE ] updating countdown to 1000
[16:09:21.622] [SEVERE ] updating countdown to 1000
[16:09:21.622] [SEVERE ] updating countdown to 1000
[16:09:21.622] [SEVERE ] updating countdown to 1000
[16:09:21.622] [SEVERE ] updating countdown to 1000
[16:09:21.622] [SEVERE ] updating countdown to 1000
[16:09:21.622] [SEVERE ] updating countdown to 1000
[16:09:21.622] [SEVERE ] updating countdown to 1000
[16:09:21.622] [SEVERE ] updating countdown to 1000
[16:09:21.622] [SEVERE ] updating countdown to 1000
[16:09:21.622] [SEVERE ] updating countdown to 1000
[16:09:21.622] [SEVERE ] updating countdown to 1000
[16:09:21.622] [SEVERE ] updating countdown to 1000
[16:09:21.622] [SEVERE ] updating countdown to 1000
[16:09:21.622] [SEVERE ] updating countdown to 1000
[16:09:21.622] [SEVERE ] updating countdown to 1000
[16:09:21.622] [SEVERE ] updating countdown to 1000
[16:09:21.622] [SEVERE ] updating countdown to 1000
[16:09:21.622] [SEVERE ] updating countdown to 1000
[16:09:21.622] [SEVERE ] updating countdown to 1000
[16:09:21.622] [SEVERE ] updating countdown to 1000
[16:09:21.622] [SEVERE ] updating countdown to 1000
[16:09:21.622] [SEVERE ] updating countdown to 1000
[16:09:21.622] [SEVERE ] updating countdown to 1000
[16:09:21.622] [SEVERE ] updating countdown to 1000
[16:09:21.622] [SEVERE ] updating countdown to 1000
[16:09:21.622] [SEVERE ] updating countdown to 1000
[16:09:21.622] [SEVERE ] updating countdown to 1000
[16:09:21.622] [SEVERE ] updating countdown to 1000
[16:09:21.622] [SEVERE ] updating countdown to 1000
[16:09:21.622] [SEVERE ] updating countdown to 1000
[16:09:21.622] [SEVERE ] updating countdown to 1000
[16:09:21.622] [SEVERE ] updating countdown to 1000
[16:09:21.622] [SEVERE ] updating countdown to 1000
[16:09:21.622] [SEVERE ] updating countdown to 1000
[16:09:21.622] [SEVERE ] updating countdown to 1000
[16:09:21.622] [SEVERE ] updating countdown to 1000
[16:09:21.622] [SEVERE ] updating countdown to 1000
[16:09:21.622] [SEVERE ] updating countdown to 1000
[16:09:21.622] [SEVERE ] updating countdown to 1000
[16:09:21.622] [SEVERE ] updating countdown to 1000
[16:09:21.622] [SEVERE ] updating countdown to 1000
[16:09:21.622] [SEVERE ] updating countdown to 1000
[16:09:21.622] [SEVERE ] updating countdown to 1000
[16:09:21.622] [SEVERE ] updating countdown to 1000
[16:09:21.622] [SEVERE ] updating countdown to 1000
[16:09:21.622] [SEVERE ] updating countdown to 1000
[16:09:21.622] [SEVERE ] updating countdown to 1000
[16:09:21.622] [SEVERE ] updating countdown to 1000
[16:09:21.622] [SEVERE ] updating countdown to 1000
[16:09:21.622] [SEVERE ] updating countdown to 1000
[16:09:21.622] [SEVERE ] updating countdown to 1000
[16:09:21.622] [SEVERE ] updating countdown to 1000
[16:09:21.622] [SEVERE ] updating countdown to 1000
[16:09:21.622] [SEVERE ] updating countdown to 1000
[16:09:21.622] [SEVERE ] updating countdown to 1000
[16:09:21.622] [SEVERE ] updating countdown to 1000
[16:09:21.622] [SEVERE ] updating countdown to 1000
[16:09:21.622] [SEVERE ] updating countdown to 1000
[16:09:21.622] [SEVERE ] updating countdown to 1000
[16:09:21.622] [SEVERE ] updating countdown to 1000
[16:09:21.622] [SEVERE ] updating countdown to 1000
[16:09:21.622] [SEVERE ] updating countdown to 1000
[16:09:21.622] [SEVERE ] updating countdown to 1000
[16:09:21.622] [SEVERE ] updating countdown to 1000
[16:09:21.622] [SEVERE ] updating countdown to 1000
[16:09:21.622] [SEVERE ] updating countdown to 1000
[16:09:21.622] [SEVERE ] updating countdown to 1000
[16:09:21.622] [SEVERE ] updating countdown to 1000
[16:09:21.622] [SEVERE ] updating countdown to 1000
[16:09:21.622] [SEVERE ] updating countdown to 1000
[16:09:21.622] [SEVERE ] updating countdown to 1000
[16:09:21.622] [SEVERE ] updating countdown to 1000
[16:09:21.622] [SEVERE ] updating countdown to 1000
[16:09:21.622] [SEVERE ] updating countdown to 1000
[16:09:21.622] [SEVERE ] updating countdown to 1000
[16:09:21.622] [SEVERE ] updating countdown to 1000
[16:09:21.622] [SEVERE ] updating countdown to 1000
[16:09:21.622] [SEVERE ] updating countdown to 1000
[16:09:21.622] [SEVERE ] updating countdown to 1000
[16:09:21.622] [SEVERE ] updating countdown to 1000
[16:09:21.622] [SEVERE ] updating countdown to 1000
[16:09:21.622] [SEVERE ] updating countdown to 1000
[16:09:21.622] [SEVERE ] updating countdown to 1000
[16:09:21.622] [SEVERE ] updating countdown to 1000
[16:09:21.622] [SEVERE ] updating countdown to 1000
[16:09:21.622] [SEVERE ] updating countdown to 1000
[16:09:21.622] [SEVERE ] updating countdown to 1000
[16:09:21.622] [SEVERE ] updating countdown to 1000
[16:09:21.622] [SEVERE ] updating countdown to 1000
[16:09:21.622] [SEVERE ] updating countdown to 1000
[16:09:21.622] [SEVERE ] updating countdown to 1000
[16:09:21.622] [SEVERE ] updating countdown to 1000
[16:09:21.622] [SEVERE ] updating countdown to 1000
[16:09:21.622] [SEVERE ] updating countdown to 1000
[16:09:21.622] [SEVERE ] updating countdown to 1000
[16:09:21.622] [SEVERE ] updating countdown to 1000
[16:09:21.622] [SEVERE ] updating countdown to 1000
[16:09:21.622] [SEVERE ] updating countdown to 1000
[16:09:21.622] [SEVERE ] updating countdown to 1000
[16:09:21.622] [SEVERE ] updating countdown to 1000
[16:09:21.622] [SEVERE ] updating countdown to 1000
[16:09:21.622] [SEVERE ] updating countdown to 1000
[16:09:21.622] [SEVERE ] updating countdown to 1000
[16:09:21.622] [SEVERE ] updating countdown to 1000
[16:09:21.622] [SEVERE ] updating countdown to 1000
[16:09:21.622] [SEVERE ] updating countdown to 1000
[16:09:21.622] [SEVERE ] updating countdown to 1000
[16:09:21.622] [SEVERE ] updating countdown to 1000
[16:09:21.622] [SEVERE ] updating countdown to 1000
[16:09:21.622] [SEVERE ] updating countdown to 1000
[16:09:21.622] [SEVERE ] updating countdown to 1000
[16:09:21.622] [SEVERE ] updating countdown to 1000
[16:09:21.622] [SEVERE ] updating countdown to 1000
[16:09:21.622] [SEVERE ] updating countdown to 1000
[16:09:21.622] [SEVERE ] updating countdown to 1000
[16:09:21.622] [SEVERE ] updating countdown to 1000
[16:09:21.622] [SEVERE ] updating countdown to 1000
[16:09:21.622] [SEVERE ] updating countdown to 1000
[16:09:21.622] [SEVERE ] updating countdown to 1000
[16:09:21.622] [SEVERE ] updating countdown to 1000
[16:09:21.622] [SEVERE ] updating countdown to 1000
[16:09:21.622] [SEVERE ] updating countdown to 1000
[16:09:21.622] [SEVERE ] updating countdown to 1000
[16:09:21.622] [SEVERE ] updating countdown to 1000
[16:09:21.622] [SEVERE ] updating countdown to 1000
[16:09:21.622] [SEVERE ] updating countdown to 1000
[16:09:21.622] [SEVERE ] updating countdown to 1000
[16:09:21.622] [SEVERE ] updating countdown to 1000
[16:09:21.622] [SEVERE ] updating countdown to 1000
[16:09:21.622] [SEVERE ] updating countdown to 1000
[16:09:21.622] [SEVERE ] updating countdown to 1000
[16:09:21.622] [SEVERE ] updating countdown to 1000
[16:09:21.622] [SEVERE ] updating countdown to 1000
[16:09:21.622] [SEVERE ] updating countdown to 1000
[16:09:21.622] [SEVERE ] updating countdown to 1000
[16:09:21.622] [SEVERE ] updating countdown to 1000
[16:09:21.622] [SEVERE ] updating countdown to 1000
[16:09:21.622] [SEVERE ] updating countdown to 1000
[16:09:21.622] [SEVERE ] updating countdown to 1000
[16:09:21.622] [SEVERE ] updating countdown to 1000
[16:09:21.622] [SEVERE ] updating countdown to 1000
[16:09:21.622] [SEVERE ] updating countdown to 1000
[16:09:21.622] [SEVERE ] updating countdown to 1000
[16:09:21.622] [SEVERE ] updating countdown to 1000
[16:09:21.622] [SEVERE ] updating countdown to 1000
[16:09:21.622] [SEVERE ] updating countdown to 1000
[16:09:21.622] [SEVERE ] updating countdown to 1000
[16:09:21.622] [SEVERE ] updating countdown to 1000
[16:09:21.622] [SEVERE ] updating countdown to 1000
[16:09:21.622] [SEVERE ] updating countdown to 1000
[16:09:21.622] [SEVERE ] updating countdown to 1000
[16:09:21.622] [SEVERE ] updating countdown to 1000
[16:09:21.622] [SEVERE ] updating countdown to 1000
[16:09:21.622] [SEVERE ] updating countdown to 1000
[16:09:21.622] [SEVERE ] updating countdown to 1000
[16:09:21.622] [SEVERE ] updating countdown to 1000
[16:09:21.622] [SEVERE ] updating countdown to 1000
[16:09:21.622] [SEVERE ] updating countdown to 1000
[16:09:21.622] [SEVERE ] updating countdown to 1000
[16:09:21.622] [SEVERE ] updating countdown to 1000
[16:09:21.622] [SEVERE ] updating countdown to 1000
[16:09:21.622] [SEVERE ] updating countdown to 1000
[16:09:21.622] [SEVERE ] updating countdown to 1000
[16:09:21.622] [SEVERE ] updating countdown to 1000
[16:09:21.622] [SEVERE ] updating countdown to 1000
[16:09:21.622] [SEVERE ] updating countdown to 1000
[16:09:21.622] [SEVERE ] updating countdown to 1000
[16:09:21.622] [SEVERE ] updating countdown to 1000
[16:09:21.622] [SEVERE ] updating countdown to 1000
[16:09:21.622] [SEVERE ] updating countdown to 1000
[16:09:21.622] [SEVERE ] updating countdown to 1000
[16:09:21.622] [SEVERE ] updating countdown to 1000
[16:09:21.622] [SEVERE ] updating countdown to 1000
[16:09:21.622] [SEVERE ] updating countdown to 1000
[16:09:21.622] [SEVERE ] updating countdown to 1000
[16:09:21.622] [SEVERE ] updating countdown to 1000
[16:09:21.622] [SEVERE ] updating countdown to 1000
[16:09:21.622] [SEVERE ] updating countdown to 1000
[16:09:21.622] [SEVERE ] updating countdown to 1000
[16:09:21.622] [SEVERE ] updating countdown to 1000
[16:09:21.622] [SEVERE ] updating countdown to 1000
[16:09:21.622] [SEVERE ] updating countdown to 1000
[16:09:21.622] [SEVERE ] updating countdown to 1000
[16:09:21.622] [SEVERE ] updating countdown to 1000
[16:09:21.622] [SEVERE ] updating countdown to 1000
[16:09:21.622] [SEVERE ] updating countdown to 1000
[16:09:21.622] [SEVERE ] updating countdown to 1000
[16:09:21.622] [SEVERE ] updating countdown to 1000
[16:09:21.622] [SEVERE ] updating countdown to 1000
[16:09:21.622] [SEVERE ] updating countdown to 1000
[16:09:21.622] [SEVERE ] updating countdown to 1000
[16:09:21.622] [SEVERE ] updating countdown to 1000
[16:09:21.622] [SEVERE ] updating countdown to 1000
[16:09:21.622] [SEVERE ] updating countdown to 1000
[16:09:21.622] [SEVERE ] updating countdown to 1000
[16:09:21.622] [SEVERE ] updating countdown to 1000
[16:09:21.622] [SEVERE ] updating countdown to 1000
[16:09:21.622] [SEVERE ] updating countdown to 1000
[16:09:21.622] [SEVERE ] updating countdown to 1000
[16:09:21.622] [SEVERE ] updating countdown to 1000
[16:09:21.622] [SEVERE ] updating countdown to 1000
[16:09:21.622] [SEVERE ] updating countdown to 1000
[16:09:21.622] [SEVERE ] updating countdown to 1000
[16:09:21.622] [SEVERE ] updating countdown to 1000
[16:09:21.622] [SEVERE ] updating countdown to 1000
[16:09:21.622] [SEVERE ] updating countdown to 1000
[16:09:21.622] [SEVERE ] updating countdown to 1000
[16:09:21.622] [SEVERE ] updating countdown to 1000
[16:09:21.622] [SEVERE ] updating countdown to 1000
[16:09:21.622] [SEVERE ] updating countdown to 1000
[16:09:21.622] [SEVERE ] updating countdown to 1000
[16:09:21.622] [SEVERE ] updating countdown to 1000
[16:09:21.622] [SEVERE ] updating countdown to 1000
[16:09:21.622] [SEVERE ] updating countdown to 1000
[16:09:21.622] [SEVERE ] updating countdown to 1000
[16:09:21.622] [SEVERE ] updating countdown to 1000
[16:09:21.622] [SEVERE ] updating countdown to 1000
[16:09:21.622] [SEVERE ] updating countdown to 1000
[16:09:21.622] [SEVERE ] updating countdown to 1000
[16:09:21.622] [SEVERE ] updating countdown to 1000
[16:09:21.622] [SEVERE ] updating countdown to 1000
[16:09:21.622] [SEVERE ] updating countdown to 1000
[16:09:21.622] [SEVERE ] updating countdown to 1000
[16:09:21.622] [SEVERE ] updating countdown to 1000
[16:09:21.622] [SEVERE ] updating countdown to 1000
[16:09:21.622] [SEVERE ] updating countdown to 1000
[16:09:21.622] [SEVERE ] updating countdown to 1000
[16:09:21.622] [SEVERE ] updating countdown to 1000
[16:09:21.622] [SEVERE ] updating countdown to 1000
[16:09:21.622] [SEVERE ] updating countdown to 1000
[16:09:21.622] [SEVERE ] updating countdown to 1000
[16:09:21.622] [SEVERE ] updating countdown to 1000
[16:09:21.622] [SEVERE ] updating countdown to 1000
[16:09:21.622] [SEVERE ] updating countdown to 1000
[16:09:21.622] [SEVERE ] updating countdown to 1000
[16:09:21.622] [SEVERE ] updating countdown to 1000
[16:09:21.622] [SEVERE ] updating countdown to 1000
[16:09:21.622] [SEVERE ] updating countdown to 1000
[16:09:21.622] [SEVERE ] updating countdown to 1000
[16:09:21.622] [SEVERE ] updating countdown to 1000
[16:09:21.622] [SEVERE ] updating countdown to 1000
[16:09:21.622] [SEVERE ] updating countdown to 1000
[16:09:21.622] [SEVERE ] updating countdown to 1000
[16:09:21.622] [SEVERE ] updating countdown to 1000
[16:09:21.622] [SEVERE ] updating countdown to 1000
[16:09:21.622] [SEVERE ] updating countdown to 1000
[16:09:21.622] [SEVERE ] updating countdown to 1000
[16:09:21.622] [SEVERE ] updating countdown to 1000
[16:09:21.622] [SEVERE ] updating countdown to 1000
[16:09:21.622] [SEVERE ] updating countdown to 1000
[16:09:21.622] [SEVERE ] updating countdown to 1000
[16:09:21.622] [SEVERE ] updating countdown to 1000
[16:09:21.622] [SEVERE ] updating countdown to 1000
[16:09:21.622] [SEVERE ] updating countdown to 1000
[16:09:21.622] [SEVERE ] updating countdown to 1000
[16:09:21.622] [SEVERE ] updating countdown to 1000
[16:09:21.622] [SEVERE ] updating countdown to 1000
[16:09:21.622] [SEVERE ] updating countdown to 1000
[16:09:21.622] [SEVERE ] updating countdown to 1000
[16:09:21.622] [SEVERE ] updating countdown to 1000
[16:09:21.622] [SEVERE ] updating countdown to 1000
[16:09:21.622] [SEVERE ] updating countdown to 1000
[16:09:21.622] [SEVERE ] updating countdown to 1000
[16:09:21.622] [SEVERE ] updating countdown to 1000
[16:09:21.622] [SEVERE ] updating countdown to 1000
[16:09:21.622] [SEVERE ] updating countdown to 1000
[16:09:21.622] [SEVERE ] updating countdown to 1000
[16:09:21.622] [SEVERE ] updating countdown to 1000
[16:09:21.622] [SEVERE ] updating countdown to 1000
[16:09:21.622] [SEVERE ] updating countdown to 1000
[16:09:21.622] [SEVERE ] updating countdown to 1000
[16:09:21.622] [SEVERE ] updating countdown to 1000
[16:09:21.622] [SEVERE ] updating countdown to 1000
[16:09:21.622] [SEVERE ] updating countdown to 1000
[16:09:21.622] [SEVERE ] updating countdown to 1000
[16:09:21.622] [SEVERE ] updating countdown to 1000
[16:09:21.622] [SEVERE ] updating countdown to 1000
[16:09:21.622] [SEVERE ] updating countdown to 1000
[16:09:21.622] [SEVERE ] updating countdown to 1000
[16:09:21.622] [SEVERE ] updating countdown to 1000
[16:09:21.622] [SEVERE ] updating countdown to 1000
[16:09:21.622] [SEVERE ] updating countdown to 1000
[16:09:21.622] [SEVERE ] updating countdown to 1000
[16:09:21.622] [SEVERE ] updating countdown to 1000
[16:09:21.622] [SEVERE ] updating countdown to 1000
[16:09:21.622] [SEVERE ] updating countdown to 1000
[16:09:21.622] [SEVERE ] updating countdown to 1000
[16:09:21.622] [SEVERE ] updating countdown to 1000
[16:09:21.622] [SEVERE ] updating countdown to 1000
[16:09:21.622] [SEVERE ] updating countdown to 1000
[16:09:21.622] [SEVERE ] updating countdown to 1000
[16:09:21.622] [SEVERE ] updating countdown to 1000
[16:09:21.622] [SEVERE ] updating countdown to 1000
[16:09:21.622] [SEVERE ] updating countdown to 1000
[16:09:21.622] [SEVERE ] updating countdown to 1000
[16:09:21.622] [SEVERE ] updating countdown to 1000
[16:09:21.622] [SEVERE ] updating countdown to 1000
[16:09:21.622] [SEVERE ] updating countdown to 1000
[16:09:21.622] [SEVERE ] updating countdown to 1000
[16:09:21.622] [SEVERE ] updating countdown to 1000
[16:09:21.622] [SEVERE ] updating countdown to 1000
[16:09:21.622] [SEVERE ] updating countdown to 1000
[16:09:21.622] [SEVERE ] updating countdown to 1000
[16:09:21.622] [SEVERE ] updating countdown to 1000
[16:09:21.622] [SEVERE ] updating countdown to 1000
[16:09:21.622] [SEVERE ] updating countdown to 1000
[16:09:21.622] [SEVERE ] updating countdown to 1000
[16:09:21.622] [SEVERE ] updating countdown to 1000
[16:09:21.622] [SEVERE ] updating countdown to 1000
[16:09:21.622] [SEVERE ] updating countdown to 1000
[16:09:21.622] [SEVERE ] updating countdown to 1000
[16:09:21.622] [SEVERE ] updating countdown to 1000
[16:09:21.622] [SEVERE ] updating countdown to 1000
[16:09:21.622] [SEVERE ] updating countdown to 1000
[16:09:21.622] [SEVERE ] updating countdown to 1000
[16:09:21.622] [SEVERE ] updating countdown to 1000
[16:09:21.622] [SEVERE ] updating countdown to 1000
[16:09:21.622] [SEVERE ] updating countdown to 1000
[16:09:21.622] [SEVERE ] updating countdown to 1000
[16:09:21.622] [SEVERE ] updating countdown to 1000
[16:09:21.622] [SEVERE ] updating countdown to 1000
[16:09:21.622] [SEVERE ] updating countdown to 1000
[16:09:21.622] [SEVERE ] updating countdown to 1000
[16:09:21.622] [SEVERE ] updating countdown to 1000
[16:09:21.622] [SEVERE ] updating countdown to 1000
[16:09:21.622] [SEVERE ] updating countdown to 1000
[16:09:21.622] [SEVERE ] updating countdown to 1000
[16:09:21.622] [SEVERE ] updating countdown to 1000
[16:09:21.622] [SEVERE ] updating countdown to 1000
[16:09:21.622] [SEVERE ] updating countdown to 1000
[16:09:21.622] [SEVERE ] updating countdown to 1000
[16:09:21.622] [SEVERE ] updating countdown to 1000
[16:09:21.622] [SEVERE ] updating countdown to 1000
[16:09:21.622] [SEVERE ] updating countdown to 1000
[16:09:21.622] [SEVERE ] updating countdown to 1000
[16:09:21.622] [SEVERE ] updating countdown to 1000
[16:09:21.622] [SEVERE ] updating countdown to 1000
[16:09:21.622] [SEVERE ] updating countdown to 1000
[16:09:21.622] [SEVERE ] updating countdown to 1000
[16:09:21.622] [SEVERE ] updating countdown to 1000
[16:09:21.622] [SEVERE ] updating countdown to 1000
[16:09:21.622] [SEVERE ] updating countdown to 1000
[16:09:21.622] [SEVERE ] updating countdown to 1000
[16:09:21.622] [SEVERE ] updating countdown to 1000
[16:09:21.622] [SEVERE ] updating countdown to 1000
[16:09:21.622] [SEVERE ] updating countdown to 1000
[16:09:21.622] [SEVERE ] updating countdown to 1000
[16:09:21.622] [SEVERE ] updating countdown to 1000
[16:09:21.622] [SEVERE ] updating countdown to 1000
[16:09:21.622] [SEVERE ] updating countdown to 1000
[16:09:21.622] [SEVERE ] updating countdown to 1000
[16:09:21.622] [SEVERE ] updating countdown to 1000
[16:09:21.622] [SEVERE ] updating countdown to 1000
[16:09:21.622] [SEVERE ] updating countdown to 1000
[16:09:21.622] [SEVERE ] updating countdown to 1000
[16:09:21.622] [SEVERE ] updating countdown to 1000
[16:09:21.622] [SEVERE ] updating countdown to 1000
[16:09:21.622] [SEVERE ] updating countdown to 1000
[16:09:21.622] [SEVERE ] updating countdown to 1000
[16:09:21.622] [SEVERE ] updating countdown to 1000
[16:09:21.622] [SEVERE ] updating countdown to 1000
[16:09:21.622] [SEVERE ] updating countdown to 1000
[16:09:21.622] [SEVERE ] updating countdown to 1000
[16:09:21.622] [SEVERE ] updating countdown to 1000
[16:09:21.622] [SEVERE ] updating countdown to 1000
[16:09:21.622] [SEVERE ] updating countdown to 1000
[16:09:21.622] [SEVERE ] updating countdown to 1000
[16:09:21.622] [SEVERE ] updating countdown to 1000
[16:09:21.622] [SEVERE ] updating countdown to 1000
[16:09:21.622] [SEVERE ] updating countdown to 1000
[16:09:21.622] [SEVERE ] updating countdown to 1000
[16:09:21.622] [SEVERE ] updating countdown to 1000
[16:09:21.622] [SEVERE ] updating countdown to 1000
[16:09:21.622] [SEVERE ] updating countdown to 1000
[16:09:21.622] [SEVERE ] updating countdown to 1000
[16:09:21.622] [SEVERE ] updating countdown to 1000
[16:09:21.622] [SEVERE ] updating countdown to 1000
[16:09:21.622] [SEVERE ] updating countdown to 1000
[16:09:21.622] [SEVERE ] updating countdown to 1000
[16:09:21.622] [SEVERE ] updating countdown to 1000
[16:09:21.622] [SEVERE ] updating countdown to 1000
[16:09:21.622] [SEVERE ] updating countdown to 1000
[16:09:21.622] [SEVERE ] updating countdown to 1000
[16:09:21.622] [SEVERE ] updating countdown to 1000
[16:09:21.622] [SEVERE ] updating countdown to 1000
[16:09:21.622] [SEVERE ] updating countdown to 1000
[16:09:21.622] [SEVERE ] updating countdown to 1000
[16:09:21.622] [SEVERE ] updating countdown to 1000
[16:09:21.622] [SEVERE ] updating countdown to 1000
[16:09:21.622] [SEVERE ] updating countdown to 1000
[16:09:21.622] [SEVERE ] updating countdown to 1000
[16:09:21.622] [SEVERE ] updating countdown to 1000
[16:09:21.622] [SEVERE ] updating countdown to 1000
[16:09:21.622] [SEVERE ] updating countdown to 1000
[16:09:21.622] [SEVERE ] updating countdown to 1000
[16:09:21.622] [SEVERE ] updating countdown to 1000
[16:09:21.622] [SEVERE ] updating countdown to 1000
[16:09:21.622] [SEVERE ] updating countdown to 1000
[16:09:21.622] [SEVERE ] updating countdown to 1000
[16:09:21.622] [SEVERE ] updating countdown to 1000
[16:09:21.622] [SEVERE ] updating countdown to 1000
[16:09:21.622] [SEVERE ] updating countdown to 1000
[16:09:21.622] [SEVERE ] updating countdown to 1000
[16:09:21.622] [SEVERE ] updating countdown to 1000
[16:09:21.622] [SEVERE ] updating countdown to 1000
[16:09:21.622] [SEVERE ] updating countdown to 1000
[16:09:21.622] [SEVERE ] updating countdown to 1000
[16:09:21.622] [SEVERE ] updating countdown to 1000
[16:09:21.622] [SEVERE ] updating countdown to 1000
[16:09:21.622] [SEVERE ] updating countdown to 1000
[16:09:21.622] [SEVERE ] updating countdown to 1000
[16:09:21.622] [SEVERE ] updating countdown to 1000
[16:09:21.622] [SEVERE ] updating countdown to 1000
[16:09:21.622] [SEVERE ] updating countdown to 1000
[16:09:21.622] [SEVERE ] updating countdown to 1000
[16:09:21.622] [SEVERE ] updating countdown to 1000
[16:09:21.622] [SEVERE ] updating countdown to 1000
[16:09:21.622] [SEVERE ] updating countdown to 1000
[16:09:21.622] [SEVERE ] updating countdown to 1000
[16:09:21.622] [SEVERE ] updating countdown to 1000
[16:09:21.622] [SEVERE ] updating countdown to 1000
[16:09:21.622] [SEVERE ] updating countdown to 1000
[16:09:21.622] [SEVERE ] updating countdown to 1000
[16:09:21.622] [SEVERE ] updating countdown to 1000
[16:09:21.622] [SEVERE ] updating countdown to 1000
[16:09:21.622] [SEVERE ] updating countdown to 1000
[16:09:21.622] [SEVERE ] updating countdown to 1000
[16:09:21.622] [SEVERE ] updating countdown to 1000
[16:09:21.622] [SEVERE ] updating countdown to 1000
[16:09:21.622] [SEVERE ] updating countdown to 1000
[16:09:21.622] [SEVERE ] updating countdown to 1000
[16:09:21.622] [SEVERE ] updating countdown to 1000
[16:09:21.622] [SEVERE ] updating countdown to 1000
[16:09:21.622] [SEVERE ] updating countdown to 1000
[16:09:21.622] [SEVERE ] updating countdown to 1000
[16:09:21.622] [SEVERE ] updating countdown to 1000
[16:09:21.622] [SEVERE ] updating countdown to 1000
[16:09:21.622] [SEVERE ] updating countdown to 1000
[16:09:21.622] [SEVERE ] updating countdown to 1000
[16:09:21.622] [SEVERE ] updating countdown to 1000
[16:09:21.622] [SEVERE ] updating countdown to 1000
[16:09:21.622] [SEVERE ] updating countdown to 1000
[16:09:21.622] [SEVERE ] updating countdown to 1000
[16:09:21.622] [SEVERE ] updating countdown to 1000
[16:09:21.622] [SEVERE ] updating countdown to 1000
[16:09:21.622] [SEVERE ] updating countdown to 1000
[16:09:21.622] [SEVERE ] updating countdown to 1000
[16:09:21.622] [SEVERE ] updating countdown to 1000
[16:09:21.622] [SEVERE ] updating countdown to 1000
[16:09:21.622] [SEVERE ] updating countdown to 1000
[16:09:21.622] [SEVERE ] updating countdown to 1000
[16:09:21.622] [SEVERE ] updating countdown to 1000
[16:09:21.622] [SEVERE ] updating countdown to 1000
[16:09:21.622] [SEVERE ] updating countdown to 1000
[16:09:21.622] [SEVERE ] updating countdown to 1000
[16:09:21.622] [SEVERE ] updating countdown to 1000
[16:09:21.622] [SEVERE ] updating countdown to 1000
[16:09:21.622] [SEVERE ] updating countdown to 1000
[16:09:21.622] [SEVERE ] updating countdown to 1000
[16:09:21.622] [SEVERE ] updating countdown to 1000
[16:09:21.622] [SEVERE ] updating countdown to 1000
[16:09:21.622] [SEVERE ] updating countdown to 1000
[16:09:21.622] [SEVERE ] updating countdown to 1000
[16:09:21.622] [SEVERE ] updating countdown to 1000
[16:09:21.622] [SEVERE ] updating countdown to 1000
[16:09:21.622] [SEVERE ] updating countdown to 1000
[16:09:21.622] [SEVERE ] updating countdown to 1000
[16:09:21.622] [SEVERE ] updating countdown to 1000
[16:09:21.622] [SEVERE ] updating countdown to 1000
[16:09:21.622] [SEVERE ] updating countdown to 1000
[16:09:21.622] [SEVERE ] updating countdown to 1000
[16:09:21.622] [SEVERE ] updating countdown to 1000
[16:09:21.622] [SEVERE ] updating countdown to 1000
[16:09:21.622] [SEVERE ] updating countdown to 1000
[16:09:21.622] [SEVERE ] updating countdown to 1000
[16:09:21.622] [SEVERE ] updating countdown to 1000
[16:09:21.622] [SEVERE ] updating countdown to 1000
[16:09:21.622] [SEVERE ] updating countdown to 1000
[16:09:21.622] [SEVERE ] updating countdown to 1000
[16:09:21.622] [SEVERE ] updating countdown to 1000
[16:09:21.622] [SEVERE ] updating countdown to 1000
[16:09:21.622] [SEVERE ] updating countdown to 1000
[16:09:21.622] [SEVERE ] updating countdown to 1000
[16:09:21.622] [SEVERE ] updating countdown to 1000
[16:09:21.622] [SEVERE ] updating countdown to 1000
[16:09:21.622] [SEVERE ] updating countdown to 1000
[16:09:21.622] [SEVERE ] updating countdown to 1000
[16:09:21.622] [SEVERE ] updating countdown to 1000
[16:09:21.622] [SEVERE ] updating countdown to 1000
[16:09:21.622] [SEVERE ] updating countdown to 1000
[16:09:21.622] [SEVERE ] updating countdown to 1000
[16:09:21.622] [SEVERE ] updating countdown to 1000
[16:09:21.622] [SEVERE ] updating countdown to 1000
[16:09:21.622] [SEVERE ] updating countdown to 1000
[16:09:21.622] [SEVERE ] updating countdown to 1000
[16:09:21.622] [SEVERE ] updating countdown to 1000
[16:09:21.622] [SEVERE ] updating countdown to 1000
[16:09:21.622] [SEVERE ] updating countdown to 1000
[16:09:21.622] [SEVERE ] updating countdown to 1000
[16:09:21.622] [SEVERE ] updating countdown to 1000
[16:09:21.622] [SEVERE ] updating countdown to 1000
[16:09:21.622] [SEVERE ] updating countdown to 1000
[16:09:21.622] [SEVERE ] updating countdown to 1000
[16:09:21.622] [SEVERE ] updating countdown to 1000
[16:09:21.622] [SEVERE ] updating countdown to 1000
[16:09:21.622] [SEVERE ] updating countdown to 1000
[16:09:21.622] [SEVERE ] updating countdown to 1000
[16:09:21.622] [SEVERE ] updating countdown to 1000
[16:09:21.622] [SEVERE ] updating countdown to 1000
[16:09:21.622] [SEVERE ] updating countdown to 1000
[16:09:21.622] [SEVERE ] updating countdown to 1000
[16:09:21.622] [SEVERE ] updating countdown to 1000
[16:09:21.622] [SEVERE ] updating countdown to 1000
[16:09:21.622] [SEVERE ] updating countdown to 1000
[16:09:21.622] [SEVERE ] updating countdown to 1000
[16:09:21.622] [SEVERE ] updating countdown to 1000
[16:09:21.622] [SEVERE ] updating countdown to 1000
[16:09:21.622] [SEVERE ] updating countdown to 1000
[16:09:21.622] [SEVERE ] updating countdown to 1000
[16:09:21.622] [SEVERE ] updating countdown to 1000
[16:09:21.622] [SEVERE ] updating countdown to 1000
[16:09:21.622] [SEVERE ] updating countdown to 1000
[16:09:21.622] [SEVERE ] updating countdown to 1000
[16:09:21.622] [SEVERE ] updating countdown to 1000
[16:09:21.622] [SEVERE ] updating countdown to 1000
[16:09:21.622] [SEVERE ] updating countdown to 1000
[16:09:21.622] [SEVERE ] updating countdown to 1000
[16:09:21.622] [SEVERE ] updating countdown to 1000
[16:09:21.622] [SEVERE ] updating countdown to 1000
[16:09:21.622] [SEVERE ] updating countdown to 1000
[16:09:21.622] [SEVERE ] updating countdown to 1000
[16:09:21.622] [SEVERE ] updating countdown to 1000
[16:09:21.622] [SEVERE ] updating countdown to 1000
[16:09:21.622] [SEVERE ] updating countdown to 1000
[16:09:21.622] [SEVERE ] updating countdown to 1000
[16:09:21.622] [SEVERE ] updating countdown to 1000
[16:09:21.622] [SEVERE ] updating countdown to 1000
[16:09:21.622] [SEVERE ] updating countdown to 1000
[16:09:21.622] [SEVERE ] updating countdown to 1000
[16:09:21.622] [SEVERE ] updating countdown to 1000
[16:09:21.622] [SEVERE ] updating countdown to 1000
[16:09:21.622] [SEVERE ] updating countdown to 1000
[16:09:21.622] [SEVERE ] updating countdown to 1000
[16:09:21.622] [SEVERE ] updating countdown to 1000
[16:09:21.622] [SEVERE ] updating countdown to 1000
[16:09:21.622] [SEVERE ] updating countdown to 1000
[16:09:21.622] [SEVERE ] updating countdown to 1000
[16:09:21.622] [SEVERE ] updating countdown to 1000
[16:09:21.622] [SEVERE ] updating countdown to 1000
[16:09:21.622] [SEVERE ] updating countdown to 1000
[16:09:21.622] [SEVERE ] updating countdown to 1000
[16:09:21.622] [SEVERE ] updating countdown to 1000
[16:09:21.622] [SEVERE ] updating countdown to 1000
[16:09:21.622] [SEVERE ] updating countdown to 1000
[16:09:21.622] [SEVERE ] updating countdown to 1000
[16:09:21.622] [SEVERE ] updating countdown to 1000
[16:09:21.622] [SEVERE ] updating countdown to 1000
[16:09:21.622] [SEVERE ] updating countdown to 1000
[16:09:21.622] [SEVERE ] updating countdown to 1000
[16:09:21.622] [SEVERE ] updating countdown to 1000
[16:09:21.622] [SEVERE ] updating countdown to 1000
[16:09:21.622] [SEVERE ] updating countdown to 1000
[16:09:21.622] [SEVERE ] updating countdown to 1000
[16:09:21.622] [SEVERE ] updating countdown to 1000
[16:09:21.622] [SEVERE ] updating countdown to 1000
[16:09:21.622] [SEVERE ] updating countdown to 1000
[16:09:21.622] [SEVERE ] updating countdown to 1000
[16:09:21.622] [SEVERE ] updating countdown to 1000
[16:09:21.622] [SEVERE ] updating countdown to 1000
[16:09:21.622] [SEVERE ] updating countdown to 1000
[16:09:21.622] [SEVERE ] updating countdown to 1000
[16:09:21.622] [SEVERE ] updating countdown to 1000
[16:09:21.622] [SEVERE ] updating countdown to 1000
[16:09:21.622] [SEVERE ] updating countdown to 1000
[16:09:21.622] [SEVERE ] updating countdown to 1000
[16:09:21.622] [SEVERE ] updating countdown to 1000
[16:09:21.622] [SEVERE ] updating countdown to 1000
[16:09:21.622] [SEVERE ] updating countdown to 1000
[16:09:21.622] [SEVERE ] updating countdown to 1000
[16:09:21.622] [SEVERE ] updating countdown to 1000
[16:09:21.622] [SEVERE ] updating countdown to 1000
[16:09:21.622] [SEVERE ] updating countdown to 1000
[16:09:21.622] [SEVERE ] updating countdown to 1000
[16:09:21.622] [SEVERE ] updating countdown to 1000
[16:09:21.622] [SEVERE ] updating countdown to 1000
[16:09:21.622] [SEVERE ] updating countdown to 1000
[16:09:21.622] [SEVERE ] updating countdown to 1000
[16:09:21.622] [SEVERE ] updating countdown to 1000
[16:09:21.622] [SEVERE ] updating countdown to 1000
[16:09:21.622] [SEVERE ] updating countdown to 1000
[16:09:21.622] [SEVERE ] updating countdown to 1000
[16:09:21.622] [SEVERE ] updating countdown to 1000
[16:09:21.622] [SEVERE ] updating countdown to 1000
[16:09:21.622] [SEVERE ] updating countdown to 1000
[16:09:21.622] [SEVERE ] updating countdown to 1000
[16:09:21.622] [SEVERE ] updating countdown to 1000
[16:09:21.622] [SEVERE ] updating countdown to 1000
[16:09:21.622] [SEVERE ] updating countdown to 1000
[16:09:21.622] [SEVERE ] updating countdown to 1000
[16:09:21.622] [SEVERE ] updating countdown to 1000
[16:09:21.622] [SEVERE ] updating countdown to 1000
[16:09:21.622] [SEVERE ] updating countdown to 1000
[16:09:21.622] [SEVERE ] updating countdown to 1000
[16:09:21.622] [SEVERE ] updating countdown to 1000
[16:09:21.622] [SEVERE ] updating countdown to 1000
[16:09:21.622] [SEVERE ] updating countdown to 1000
[16:09:21.622] [SEVERE ] updating countdown to 1000
[16:09:21.622] [SEVERE ] updating countdown to 1000
[16:09:21.622] [SEVERE ] updating countdown to 1000
[16:09:21.622] [SEVERE ] updating countdown to 1000
[16:09:21.622] [SEVERE ] updating countdown to 1000
[16:09:21.622] [SEVERE ] updating countdown to 1000
[16:09:21.622] [SEVERE ] updating countdown to 1000
[16:09:21.622] [SEVERE ] updating countdown to 1000
[16:09:21.622] [SEVERE ] updating countdown to 1000
[16:09:21.622] [SEVERE ] updating countdown to 1000
[16:09:21.622] [SEVERE ] updating countdown to 1000
[16:09:21.622] [SEVERE ] updating countdown to 1000
[16:09:21.622] [SEVERE ] updating countdown to 1000
[16:09:21.622] [SEVERE ] updating countdown to 1000
[16:09:21.622] [SEVERE ] updating countdown to 1000
[16:09:21.622] [SEVERE ] updating countdown to 1000
[16:09:21.622] [SEVERE ] updating countdown to 1000
[16:09:21.622] [SEVERE ] updating countdown to 1000
[16:09:21.622] [SEVERE ] updating countdown to 1000
[16:09:21.622] [SEVERE ] updating countdown to 1000
[16:09:21.622] [SEVERE ] updating countdown to 1000
[16:09:21.622] [SEVERE ] updating countdown to 1000
[16:09:21.622] [SEVERE ] updating countdown to 1000
[16:09:21.622] [SEVERE ] updating countdown to 1000
[16:09:21.622] [SEVERE ] updating countdown to 1000
[16:09:21.622] [SEVERE ] updating countdown to 1000
[16:09:21.622] [SEVERE ] updating countdown to 1000
[16:09:21.622] [SEVERE ] updating countdown to 1000
[16:09:21.622] [SEVERE ] updating countdown to 1000
[16:09:21.622] [SEVERE ] updating countdown to 1000
[16:09:21.622] [SEVERE ] updating countdown to 1000
[16:09:21.622] [SEVERE ] updating countdown to 1000
[16:09:21.622] [SEVERE ] updating countdown to 1000
[16:09:21.622] [SEVERE ] updating countdown to 1000
[16:09:21.622] [SEVERE ] updating countdown to 1000
[16:09:21.622] [SEVERE ] updating countdown to 1000
[16:09:21.622] [SEVERE ] updating countdown to 1000
[16:09:21.622] [SEVERE ] updating countdown to 1000
[16:09:21.622] [SEVERE ] updating countdown to 1000
[16:09:21.622] [SEVERE ] updating countdown to 1000
[16:09:21.622] [SEVERE ] updating countdown to 1000
[16:09:21.622] [SEVERE ] updating countdown to 1000
[16:09:21.622] [SEVERE ] updating countdown to 1000
[16:09:21.622] [SEVERE ] updating countdown to 1000
[16:09:21.622] [SEVERE ] updating countdown to 1000
[16:09:21.622] [SEVERE ] updating countdown to 1000
[16:09:21.622] [SEVERE ] updating countdown to 1000
[16:09:21.622] [SEVERE ] updating countdown to 1000
[16:09:21.622] [SEVERE ] updating countdown to 1000
[16:09:21.622] [SEVERE ] updating countdown to 1000
[16:09:21.622] [SEVERE ] updating countdown to 1000
[16:09:21.622] [SEVERE ] updating countdown to 1000
[16:09:21.622] [SEVERE ] updating countdown to 1000
[16:09:21.622] [SEVERE ] updating countdown to 1000
[16:09:21.622] [SEVERE ] updating countdown to 1000
[16:09:21.622] [SEVERE ] updating countdown to 1000
[16:09:21.622] [SEVERE ] updating countdown to 1000
[16:09:21.622] [SEVERE ] updating countdown to 1000
[16:09:21.622] [SEVERE ] updating countdown to 1000
[16:09:21.622] [SEVERE ] updating countdown to 1000
[16:09:21.622] [SEVERE ] updating countdown to 1000
[16:09:21.622] [SEVERE ] updating countdown to 1000
[16:09:21.622] [SEVERE ] updating countdown to 1000
[16:09:21.622] [SEVERE ] updating countdown to 1000
[16:09:21.622] [SEVERE ] updating countdown to 1000
[16:09:21.622] [SEVERE ] updating countdown to 1000
[16:09:21.622] [SEVERE ] updating countdown to 1000
[16:09:21.622] [SEVERE ] updating countdown to 1000
[16:09:21.622] [SEVERE ] updating countdown to 1000
[16:09:21.622] [SEVERE ] updating countdown to 1000
[16:09:21.622] [SEVERE ] updating countdown to 1000
[16:09:21.622] [SEVERE ] updating countdown to 1000
[16:09:21.622] [SEVERE ] updating countdown to 1000
[16:09:21.622] [SEVERE ] updating countdown to 1000
[16:09:21.622] [SEVERE ] updating countdown to 1000
[16:09:21.622] [SEVERE ] updating countdown to 1000
[16:09:21.622] [SEVERE ] updating countdown to 1000
[16:09:21.622] [SEVERE ] updating countdown to 1000
[16:09:21.622] [SEVERE ] updating countdown to 1000
[16:09:21.622] [SEVERE ] updating countdown to 1000
[16:09:21.622] [SEVERE ] updating countdown to 1000
[16:09:21.622] [SEVERE ] updating countdown to 1000
[16:09:21.622] [SEVERE ] updating countdown to 1000
[16:09:21.622] [SEVERE ] updating countdown to 1000
[16:09:21.622] [SEVERE ] updating countdown to 1000
[16:09:21.622] [SEVERE ] updating countdown to 1000
[16:09:21.622] [SEVERE ] updating countdown to 1000
[16:09:21.622] [SEVERE ] updating countdown to 1000
[16:09:21.622] [SEVERE ] updating countdown to 1000
[16:09:21.622] [SEVERE ] updating countdown to 1000
[16:09:21.622] [SEVERE ] updating countdown to 1000
[16:09:21.622] [SEVERE ] updating countdown to 1000
[16:09:21.622] [SEVERE ] updating countdown to 1000
[16:09:21.622] [SEVERE ] updating countdown to 1000
[16:09:21.622] [SEVERE ] updating countdown to 1000
[16:09:21.622] [SEVERE ] updating countdown to 1000
[16:09:21.622] [SEVERE ] updating countdown to 1000
[16:09:21.622] [SEVERE ] updating countdown to 1000
[16:09:21.622] [SEVERE ] updating countdown to 1000
[16:09:21.622] [SEVERE ] updating countdown to 1000
[16:09:21.622] [SEVERE ] updating countdown to 1000
[16:09:21.622] [SEVERE ] updating countdown to 1000
[16:09:21.622] [SEVERE ] updating countdown to 1000
[16:09:21.622] [SEVERE ] updating countdown to 1000
[16:09:21.622] [SEVERE ] updating countdown to 1000
[16:09:21.622] [SEVERE ] updating countdown to 1000
[16:09:21.622] [SEVERE ] updating countdown to 1000
[16:09:21.622] [SEVERE ] updating countdown to 1000
[16:09:21.622] [SEVERE ] updating countdown to 1000
[16:09:21.622] [SEVERE ] updating countdown to 1000
[16:09:21.622] [SEVERE ] updating countdown to 1000
[16:09:21.622] [SEVERE ] updating countdown to 1000
[16:09:21.622] [SEVERE ] updating countdown to 1000
[16:09:21.622] [SEVERE ] updating countdown to 1000
[16:09:21.622] [SEVERE ] updating countdown to 1000
[16:09:21.622] [SEVERE ] updating countdown to 1000
[16:09:21.622] [SEVERE ] updating countdown to 1000
[16:09:21.622] [SEVERE ] updating countdown to 1000
[16:09:21.622] [SEVERE ] updating countdown to 1000
[16:09:21.622] [SEVERE ] updating countdown to 1000
[16:09:21.622] [SEVERE ] updating countdown to 1000
[16:09:21.622] [SEVERE ] updating countdown to 1000
[16:09:21.622] [SEVERE ] updating countdown to 1000
[16:09:21.622] [SEVERE ] updating countdown to 1000
[16:09:21.622] [SEVERE ] updating countdown to 1000
[16:09:21.622] [SEVERE ] updating countdown to 1000
[16:09:21.622] [SEVERE ] updating countdown to 1000
[16:09:21.622] [SEVERE ] updating countdown to 1000
[16:09:21.622] [SEVERE ] updating countdown to 1000
[16:09:21.622] [SEVERE ] updating countdown to 1000
[16:09:21.622] [SEVERE ] updating countdown to 1000
[16:09:21.622] [SEVERE ] updating countdown to 1000
[16:09:21.622] [SEVERE ] updating countdown to 1000
[16:09:21.622] [SEVERE ] updating countdown to 1000
[16:09:21.622] [SEVERE ] updating countdown to 1000
[16:09:21.622] [SEVERE ] updating countdown to 1000
[16:09:21.622] [SEVERE ] updating countdown to 1000
[16:09:21.622] [SEVERE ] updating countdown to 1000
[16:09:21.622] [SEVERE ] updating countdown to 1000
[16:09:21.622] [SEVERE ] updating countdown to 1000
[16:09:21.622] [SEVERE ] updating countdown to 1000
[16:09:21.622] [SEVERE ] updating countdown to 1000
[16:09:21.622] [SEVERE ] updating countdown to 1000
[16:09:21.622] [SEVERE ] updating countdown to 1000
[16:09:21.622] [SEVERE ] updating countdown to 1000
[16:09:21.622] [SEVERE ] updating countdown to 1000
[16:09:21.622] [SEVERE ] updating countdown to 1000
[16:09:21.622] [SEVERE ] updating countdown to 1000
[16:09:21.622] [SEVERE ] updating countdown to 1000
[16:09:21.622] [SEVERE ] updating countdown to 1000
[16:09:21.622] [SEVERE ] updating countdown to 1000
[16:09:21.622] [SEVERE ] updating countdown to 1000
[16:09:21.622] [SEVERE ] updating countdown to 1000
[16:09:21.622] [SEVERE ] updating countdown to 1000
[16:09:21.622] [SEVERE ] updating countdown to 1000
[16:09:21.622] [SEVERE ] updating countdown to 1000
[16:09:21.622] [SEVERE ] updating countdown to 1000
[16:09:21.622] [SEVERE ] updating countdown to 1000
[16:09:21.622] [SEVERE ] updating countdown to 1000
[16:09:21.622] [SEVERE ] updating countdown to 1000
[16:09:21.622] [SEVERE ] updating countdown to 1000
[16:09:21.622] [SEVERE ] updating countdown to 1000
[16:09:21.622] [SEVERE ] updating countdown to 1000
[16:09:21.622] [SEVERE ] updating countdown to 1000
[16:09:21.622] [SEVERE ] updating countdown to 1000
[16:09:21.622] [SEVERE ] updating countdown to 1000
[16:09:21.622] [SEVERE ] updating countdown to 1000
[16:09:21.622] [SEVERE ] updating countdown to 1000
[16:09:21.622] [SEVERE ] updating countdown to 1000
[16:09:21.622] [SEVERE ] updating countdown to 1000
[16:09:21.622] [SEVERE ] updating countdown to 1000
[16:09:21.622] [SEVERE ] updating countdown to 1000
[16:09:21.622] [SEVERE ] updating countdown to 1000
[16:09:21.622] [SEVERE ] updating countdown to 1000
[16:09:21.622] [SEVERE ] updating countdown to 1000
[16:09:21.622] [SEVERE ] updating countdown to 1000
[16:09:21.622] [SEVERE ] updating countdown to 1000
[16:09:21.622] [SEVERE ] updating countdown to 1000
[16:09:21.622] [SEVERE ] updating countdown to 1000
[16:09:21.622] [SEVERE ] updating countdown to 1000
[16:09:21.622] [SEVERE ] updating countdown to 1000
[16:09:21.622] [SEVERE ] updating countdown to 1000
[16:09:21.622] [SEVERE ] updating countdown to 1000
[16:09:21.622] [SEVERE ] updating countdown to 1000
[16:09:21.622] [SEVERE ] updating countdown to 1000
[16:09:21.622] [SEVERE ] updating countdown to 1000
[16:09:21.622] [SEVERE ] updating countdown to 1000
[16:09:21.622] [SEVERE ] updating countdown to 1000
[16:09:21.622] [SEVERE ] updating countdown to 1000
[16:09:21.622] [SEVERE ] updating countdown to 1000
[16:09:21.622] [SEVERE ] updating countdown to 1000
[16:09:21.622] [SEVERE ] updating countdown to 1000
[16:09:21.622] [SEVERE ] updating countdown to 1000
[16:09:21.622] [SEVERE ] updating countdown to 1000
[16:09:21.622] [SEVERE ] updating countdown to 1000
[16:09:21.622] [SEVERE ] updating countdown to 1000
[16:09:21.622] [SEVERE ] updating countdown to 1000
[16:09:21.622] [SEVERE ] updating countdown to 1000
[16:09:21.622] [SEVERE ] updating countdown to 1000
[16:09:21.622] [SEVERE ] updating countdown to 1000
[16:09:21.622] [SEVERE ] updating countdown to 1000
[16:09:21.622] [SEVERE ] updating countdown to 1000
[16:09:21.622] [SEVERE ] updating countdown to 1000
[16:09:21.622] [SEVERE ] updating countdown to 1000
[16:09:21.622] [SEVERE ] updating countdown to 1000
[16:09:21.622] [SEVERE ] updating countdown to 1000
[16:09:21.622] [SEVERE ] updating countdown to 1000
[16:09:21.622] [SEVERE ] updating countdown to 1000
[16:09:21.622] [SEVERE ] updating countdown to 1000
[16:09:21.622] [SEVERE ] updating countdown to 1000
[16:09:21.622] [SEVERE ] updating countdown to 1000
[16:09:21.622] [SEVERE ] updating countdown to 1000
[16:09:21.622] [SEVERE ] updating countdown to 1000
[16:09:21.622] [SEVERE ] updating countdown to 1000
[16:09:21.622] [SEVERE ] updating countdown to 1000
[16:09:21.622] [SEVERE ] updating countdown to 1000
[16:09:21.622] [SEVERE ] updating countdown to 1000
[16:09:21.622] [SEVERE ] updating countdown to 1000
[16:09:21.622] [SEVERE ] updating countdown to 1000
[16:09:21.622] [SEVERE ] updating countdown to 1000
[16:09:21.622] [SEVERE ] updating countdown to 1000
[16:09:21.622] [SEVERE ] updating countdown to 1000
[16:09:21.622] [SEVERE ] updating countdown to 1000
[16:09:21.622] [SEVERE ] updating countdown to 1000
[16:09:21.622] [SEVERE ] updating countdown to 1000
[16:09:21.622] [SEVERE ] updating countdown to 1000
[16:09:21.622] [SEVERE ] updating countdown to 1000
[16:09:21.622] [SEVERE ] updating countdown to 1000
[16:09:21.622] [SEVERE ] updating countdown to 1000
[16:09:21.622] [SEVERE ] updating countdown to 1000
[16:09:21.622] [SEVERE ] updating countdown to 1000
[16:09:21.622] [SEVERE ] updating countdown to 1000
[16:09:21.813] [SEVERE ] removing player 3 token from slot 11
[16:09:21.813] [SEVERE ] setting player 4 freeze to 2000
[16:09:22.622] [SEVERE ] updating countdown to 30000
[16:09:22.733] [SEVERE ] removing tokens from slot 1
[16:09:22.733] [SEVERE ] removing card from slot 1
[16:09:22.827] [SEVERE ] setting player 4 freeze to 1000
[16:09:22.842] [SEVERE ] removing tokens from slot 10
[16:09:22.842] [SEVERE ] removing card from slot 10
[16:09:22.952] [SEVERE ] removing tokens from slot 9
[16:09:22.952] [SEVERE ] removing card from slot 9
[16:09:23.061] [SEVERE ] removing tokens from slot 11
[16:09:23.061] [SEVERE ] removing card from slot 11
[16:09:23.172] [SEVERE ] removing tokens from slot 4
[16:09:23.172] [SEVERE ] removing card from slot 4
[16:09:23.281] [SEVERE ] removing tokens from slot 2
[16:09:23.281] [SEVERE ] removing card from slot 2
[16:09:23.392] [SEVERE ] removing tokens from slot 7
[16:09:23.392] [SEVERE ] removing card from slot 7
[16:09:23.502] [SEVERE ] removing tokens from slot 8
[16:09:23.502] [SEVERE ] removing card from slot 8
[16:09:23.611] [SEVERE ] removing tokens from slot 6
[16:09:23.611] [SEVERE ] removing card from slot 6
[16:09:23.721] [SEVERE ] removing tokens from slot 0
[16:09:23.721] [SEVERE ] removing card from slot 0
[16:09:23.831] [SEVERE ] setting player 4 freeze to 0
[16:09:23.831] [SEVERE ] removing tokens from slot 5
[16:09:23.831] [SEVERE ] removing card from slot 5
[16:09:23.941] [SEVERE ] removing tokens from slot 3
[16:09:23.941] [SEVERE ] removing card from slot 3
[16:09:23.941] [SEVERE ] updating countdown to 30000
[16:09:24.051] [SEVERE ] placing card 69 in slot 1
[16:09:24.161] [SEVERE ] placing card 28 in slot 10
[16:09:24.272] [SEVERE ] placing card 6 in slot 9
[16:09:24.382] [SEVERE ] placing card 14 in slot 11
[16:09:24.492] [SEVERE ] placing card 53 in slot 4
[16:09:24.602] [SEVERE ] placing card 40 in slot 2
[16:09:24.712] [SEVERE ] placing card 37 in slot 7
[16:09:24.822] [SEVERE ] placing card 24 in slot 8
[16:09:24.932] [SEVERE ] placing card 75 in slot 6
[16:09:25.042] [SEVERE ] placing card 10 in slot 0
[16:09:25.151] [SEVERE ] placing card 58 in slot 5
[16:09:25.261] [SEVERE ] placing card 74 in slot 3
[16:09:26.268] [SEVERE ] player 4 placing token on slot 2
[16:09:26.268] [SEVERE ] updating countdown to 29993
[16:09:26.269] [SEVERE ] player 3 placing token on slot 11
[16:09:27.269] [SEVERE ] updating countdown to 28992
[16:09:27.269] [SEVERE ] player 4 placing token on slot 3
[16:09:27.278] [SEVERE ] removing player 3 token from slot 11
[16:09:28.270] [SEVERE ] updating countdown to 27991
[16:09:28.270] [SEVERE ] player 4 placing token on slot 5
[16:09:28.280] [SEVERE ] player 3 placing token on slot 6
[16:09:28.559] [SEVERE ] key 69 was pressed by player 1
[16:09:28.559] [SEVERE ] player 1 placing token on slot 2
[16:09:29.248] [SEVERE ] key 82 was pressed by player 1
[16:09:29.248] [SEVERE ] player 1 placing token on slot 3
[16:09:29.273] [SEVERE ] updating countdown to 26988
[16:09:29.273] [SEVERE ] removing player 4 token from slot 2
[16:09:29.273] [SEVERE ] removing player 4 token from slot 3
[16:09:29.273] [SEVERE ] removing player 4 token from slot 5
[16:09:29.273] [SEVERE ] setting player 4 freeze to 3000
[16:09:29.281] [SEVERE ] player 3 placing token on slot 7
[16:09:30.275] [SEVERE ] setting player 4 freeze to 2000
[16:09:30.275] [SEVERE ] updating countdown to 25986
[16:09:30.283] [SEVERE ] player 3 placing token on slot 8
[16:09:30.414] [SEVERE ] key 85 was pressed by player 2
[16:09:30.414] [SEVERE ] player 2 placing token on slot 0
[16:09:30.815] [SEVERE ] key 79 was pressed by player 2
[16:09:30.815] [SEVERE ] player 2 placing token on slot 2
[16:09:31.282] [SEVERE ] updating countdown to 24979
[16:09:31.282] [SEVERE ] setting player 4 freeze to 1000
[16:09:31.282] [SEVERE ] removing player 3 token from slot 6
[16:09:31.282] [SEVERE ] removing player 3 token from slot 7
[16:09:31.282] [SEVERE ] removing player 3 token from slot 8
[16:09:31.282] [SEVERE ] setting player 3 freeze to 3000
[16:09:31.379] [SEVERE ] key 74 was pressed by player 2
[16:09:31.379] [SEVERE ] player 2 placing token on slot 4
[16:09:32.287] [SEVERE ] updating countdown to 23974
[16:09:32.287] [SEVERE ] setting player 4 freeze to 0
[16:09:32.287] [SEVERE ] setting player 3 freeze to 2000
[16:09:32.287] [SEVERE ] removing player 2 token from slot 0
[16:09:32.287] [SEVERE ] removing player 2 token from slot 2
[16:09:32.287] [SEVERE ] removing player 2 token from slot 4
[16:09:32.287] [SEVERE ] setting player 2 freeze to 3000
[16:09:32.491] [SEVERE ] key 88 was pressed by player 1
[16:09:32.491] [SEVERE ] player 1 placing token on slot 9
[16:09:33.294] [SEVERE ] updating countdown to 22967
[16:09:33.294] [SEVERE ] setting player 2 freeze to 2000
[16:09:33.294] [SEVERE ] setting player 3 freeze to 1000
[16:09:33.294] [SEVERE ] player 4 placing token on slot 7
[16:09:33.404] [SEVERE ] removing player 1 token from slot 2
[16:09:33.404] [SEVERE ] removing tokens from slot 2
[16:09:33.404] [SEVERE ] removing card from slot 2
[16:09:33.514] [SEVERE ] removing player 1 token from slot 3
[16:09:33.514] [SEVERE ] removing tokens from slot 3
[16:09:33.514] [SEVERE ] removing card from slot 3
[16:09:33.623] [SEVERE ] removing player 1 token from slot 9
[16:09:33.623] [SEVERE ] removing tokens from slot 9
[16:09:33.623] [SEVERE ] removing card from slot 9
[16:09:33.623] [SEVERE ] setting player 1 score to 1
[16:09:33.623] [SEVERE ] setting player 1 freeze to 1000
[16:09:33.736] [SEVERE ] placing card 1 in slot 9
[16:09:33.846] [SEVERE ] placing card 2 in slot 2
[16:09:33.961] [SEVERE ] placing card 51 in slot 3
[16:09:34.309] [SEVERE ] setting player 3 freeze to 0
[16:09:34.309] [SEVERE ] setting player 2 freeze to 1000
[16:09:34.309] [SEVERE ] player 4 placing token on slot 5
[16:09:34.626] [SEVERE ] setting player 1 freeze to 0
[16:09:34.626] [SEVERE ] updating countdown to 30000
[16:09:34.971] [SEVERE ] updating countdown to 29655
[16:09:35.318] [SEVERE ] setting player 2 freeze to 0
[16:09:35.318] [SEVERE ] player 4 placing token on slot 11
[16:09:35.319] [SEVERE ] player 3 placing token on slot 4
[16:09:35.980] [SEVERE ] updating countdown to 28646
[16:09:35.980] [SEVERE ] removing player 4 token from slot 7
[16:09:35.980] [SEVERE ] removing player 4 token from slot 5
[16:09:35.980] [SEVERE ] removing player 4 token from slot 11
[16:09:35.980] [SEVERE ] setting player 4 freeze to 3000
[16:09:36.320] [SEVERE ] removing player 3 token from slot 4
[16:09:36.985] [SEVERE ] updating countdown to 27641
[16:09:36.985] [SEVERE ] setting player 4 freeze to 2000
[16:09:37.333] [SEVERE ] player 3 placing token on slot 7
[16:09:37.994] [SEVERE ] updating countdown to 26632
[16:09:37.994] [SEVERE ] setting player 4 freeze to 1000
[16:09:38.336] [SEVERE ] player 3 placing token on slot 10
[16:09:39.004] [SEVERE ] updating countdown to 25622
[16:09:39.004] [SEVERE ] setting player 4 freeze to 0
[16:09:39.351] [SEVERE ] player 3 placing token on slot 8
[16:09:40.015] [SEVERE ] updating countdown to 24611
[16:09:40.015] [SEVERE ] player 4 placing token on slot 4
[16:09:40.015] [SEVERE ] removing player 3 token from slot 7
[16:09:40.015] [SEVERE ] removing player 3 token from slot 10
[16:09:40.015] [SEVERE ] removing player 3 token from slot 8
[16:09:40.015] [SEVERE ] setting player 3 freeze to 3000
[16:09:41.024] [SEVERE ] updating countdown to 23602
[16:09:41.024] [SEVERE ] setting player 3 freeze to 2000
[16:09:41.024] [SEVERE ] player 4 placing token on slot 11
[16:09:42.030] [SEVERE ] updating countdown to 22596
[16:09:42.030] [SEVERE ] setting player 3 freeze to 1000
[16:09:42.030] [SEVERE ] removing player 4 token from slot 11
[16:09:43.035] [SEVERE ] setting player 3 freeze to 0
[16:09:43.035] [SEVERE ] updating countdown to 21591
[16:09:43.035] [SEVERE ] player 4 placing token on slot 0
[16:09:44.040] [SEVERE ] updating countdown to 20586
[16:09:44.040] [SEVERE ] removing player 4 token from slot 0
[16:09:44.040] [SEVERE ] player 3 placing token on slot 8
[16:09:45.047] [SEVERE ] updating countdown to 19579
[16:09:45.047] [SEVERE ] player 4 placing token on slot 5
[16:09:45.048] [SEVERE ] player 3 placing token on slot 7
[16:09:46.049] [SEVERE ] updating countdown to 18577
[16:09:46.049] [SEVERE ] player 4 placing token on slot 1
[16:09:46.049] [SEVERE ] player 3 placing token on slot 6
[16:09:47.058] [SEVERE ] updating countdown to 17568
[16:09:47.058] [SEVERE ] removing player 4 token from slot 4
[16:09:47.058] [SEVERE ] removing player 4 token from slot 5
[16:09:47.058] [SEVERE ] removing player 4 token from slot 1
[16:09:47.058] [SEVERE ] removing player 3 token from slot 8
[16:09:47.058] [SEVERE ] removing player 3 token from slot 7
[16:09:47.058] [SEVERE ] removing player 3 token from slot 6
[16:09:47.058] [SEVERE ] setting player 4 freeze to 3000
[16:09:47.058] [SEVERE ] setting player 3 freeze to 3000
[16:09:48.063] [SEVERE ] updating countdown to 16563
[16:09:48.063] [SEVERE ] setting player 4 freeze to 2000
[16:09:48.063] [SEVERE ] setting player 3 freeze to 2000
[16:09:49.067] [SEVERE ] setting player 4 freeze to 1000
[16:09:49.067] [SEVERE ] setting player 3 freeze to 1000
[16:09:49.067] [SEVERE ] updating countdown to 15559
[16:09:50.067] [SEVERE ] setting player 3 freeze to 0
[16:09:50.067] [SEVERE ] setting player 4 freeze to 0
[16:09:50.067] [SEVERE ] updating countdown to 14559
[16:09:50.868] [SEVERE ] exit button pressed
[16:09:50.868] [INFO   ] thread Thread-1 terminated.
[16:09:50.868] [INFO   ] thread Thread-2 terminated.
[16:09:51.072] [SEVERE ] updating countdown to 13554
[16:09:51.072] [SEVERE ] player 3 placing token on slot 2
[16:09:51.072] [SEVERE ] updating countdown to 30000
[16:09:51.072] [SEVERE ] player 4 placing token on slot 2
[16:09:51.072] [INFO   ] thread computer-2 terminated.
[16:09:51.072] [INFO   ] thread computer-3 terminated.
[16:09:51.072] [INFO   ] thread Thread-3 terminated.
[16:09:51.182] [SEVERE ] removing tokens from slot 1
[16:09:51.182] [SEVERE ] removing card from slot 1
[16:09:51.292] [SEVERE ] removing tokens from slot 10
[16:09:51.292] [SEVERE ] removing card from slot 10
[16:09:51.402] [SEVERE ] removing tokens from slot 9
[16:09:51.402] [SEVERE ] removing card from slot 9
[16:09:51.513] [SEVERE ] removing tokens from slot 11
[16:09:51.513] [SEVERE ] removing card from slot 11
[16:09:51.623] [SEVERE ] removing tokens from slot 4
[16:09:51.623] [SEVERE ] removing card from slot 4
[16:09:51.733] [SEVERE ] removing player 3 token from slot 2
[16:09:51.733] [SEVERE ] removing player 4 token from slot 2
[16:09:51.733] [SEVERE ] removing tokens from slot 2
[16:09:51.733] [SEVERE ] removing card from slot 2
[16:09:51.842] [SEVERE ] removing tokens from slot 7
[16:09:51.842] [SEVERE ] removing card from slot 7
[16:09:51.952] [SEVERE ] removing tokens from slot 8
[16:09:51.952] [SEVERE ] removing card from slot 8
[16:09:52.062] [SEVERE ] removing tokens from slot 6
[16:09:52.062] [SEVERE ] removing card from slot 6
[16:09:52.171] [SEVERE ] removing tokens from slot 0
[16:09:52.171] [SEVERE ] removing card from slot 0
[16:09:52.281] [SEVERE ] removing tokens from slot 5
[16:09:52.281] [SEVERE ] removing card from slot 5
[16:09:52.391] [SEVERE ] removing tokens from slot 3
[16:09:52.391] [SEVERE ] removing card from slot 3
[16:09:52.391] [SEVERE ] announcing winner(s): player 1
[16:09:52.391] [INFO   ] thread dealer terminated.
[16:09:52.391] [INFO   ] thread dealer terminated.
[16:09:52.391] [SEVERE ] thanks for playing... it was fun!
[16:09:52.391] [INFO   ] thread bguspl.set.Main.main() terminated.
