[16:31:46.322] [INFO   ] thread bguspl.set.Main.main() starting.
[16:31:46.322] [SEVERE ] cannot read configuration file config.properties trying from resources.
[16:31:46.322] [SEVERE ] configuration file was loaded from resources directory.
[16:31:46.808] [INFO   ] thread dealer starting.
[16:31:46.809] [INFO   ] thread dealer starting.
[16:31:46.809] [INFO   ] thread Thread-1 starting.
[16:31:46.809] [INFO   ] thread Thread-2 starting.
[16:31:46.809] [INFO   ] thread Thread-3 starting.
[16:31:46.809] [INFO   ] thread Thread-4 starting.
[16:31:46.812] [INFO   ] thread computer-3 starting.
[16:31:46.812] [INFO   ] thread computer-2 starting.
[16:31:46.822] [SEVERE ] updating countdown to 10000
[16:31:46.931] [SEVERE ] placing card 34 in slot 11
[16:31:47.038] [SEVERE ] placing card 78 in slot 4
[16:31:47.143] [SEVERE ] placing card 48 in slot 2
[16:31:47.245] [SEVERE ] placing card 54 in slot 9
[16:31:47.352] [SEVERE ] placing card 45 in slot 1
[16:31:47.454] [SEVERE ] placing card 7 in slot 3
[16:31:47.555] [SEVERE ] placing card 67 in slot 0
[16:31:47.663] [SEVERE ] placing card 77 in slot 5
[16:31:47.765] [SEVERE ] placing card 71 in slot 8
[16:31:47.828] [SEVERE ] player 4 placing token on slot 4
[16:31:47.875] [SEVERE ] placing card 52 in slot 6
[16:31:47.985] [SEVERE ] placing card 25 in slot 7
[16:31:47.985] [SEVERE ] player 1 placing token on slot 7
[16:31:47.985] [SEVERE ] player 1 placing token on slot 1
[16:31:47.985] [SEVERE ] player 1 placing token on slot 5
[16:31:48.095] [SEVERE ] placing card 16 in slot 10
[16:31:48.834] [SEVERE ] player 3 placing token on slot 9
[16:31:48.835] [SEVERE ] player 4 placing token on slot 3
[16:31:49.102] [SEVERE ] updating countdown to 9993
[16:31:49.212] [SEVERE ] removing player 1 token from slot 7
[16:31:49.212] [SEVERE ] removing tokens from slot 7
[16:31:49.212] [SEVERE ] removing card from slot 7
[16:31:49.322] [SEVERE ] removing player 1 token from slot 1
[16:31:49.322] [SEVERE ] removing tokens from slot 1
[16:31:49.322] [SEVERE ] removing card from slot 1
[16:31:49.431] [SEVERE ] removing player 1 token from slot 5
[16:31:49.431] [SEVERE ] removing tokens from slot 5
[16:31:49.431] [SEVERE ] removing card from slot 5
[16:31:49.431] [SEVERE ] setting player 1 score to 1
[16:31:49.431] [SEVERE ] setting player 1 freeze to 1000
[16:31:49.542] [SEVERE ] placing card 6 in slot 1
[16:31:49.652] [SEVERE ] placing card 73 in slot 5
[16:31:49.762] [SEVERE ] placing card 37 in slot 7
[16:31:49.840] [SEVERE ] player 3 placing token on slot 2
[16:31:49.841] [SEVERE ] player 4 placing token on slot 11
[16:31:50.438] [SEVERE ] setting player 1 freeze to 0
[16:31:50.438] [SEVERE ] updating countdown to 10000
[16:31:50.438] [SEVERE ] player 1 placing token on slot 10
[16:31:50.438] [SEVERE ] player 1 placing token on slot 7
[16:31:50.438] [SEVERE ] player 1 placing token on slot 0
[16:31:50.769] [SEVERE ] updating countdown to 9669
[16:31:50.769] [SEVERE ] removing player 4 token from slot 4
[16:31:50.769] [SEVERE ] removing player 4 token from slot 3
[16:31:50.769] [SEVERE ] removing player 4 token from slot 11
[16:31:50.769] [SEVERE ] setting player 4 freeze to 3000
[16:31:50.848] [SEVERE ] removing player 3 token from slot 2
[16:31:50.879] [SEVERE ] removing player 1 token from slot 10
[16:31:50.879] [SEVERE ] removing tokens from slot 10
[16:31:50.879] [SEVERE ] removing card from slot 10
[16:31:50.990] [SEVERE ] removing player 1 token from slot 7
[16:31:50.990] [SEVERE ] removing tokens from slot 7
[16:31:50.990] [SEVERE ] removing card from slot 7
[16:31:51.100] [SEVERE ] removing player 1 token from slot 0
[16:31:51.100] [SEVERE ] removing tokens from slot 0
[16:31:51.100] [SEVERE ] removing card from slot 0
[16:31:51.100] [SEVERE ] setting player 1 score to 2
[16:31:51.100] [SEVERE ] setting player 1 freeze to 1000
[16:31:51.211] [SEVERE ] placing card 59 in slot 0
[16:31:51.321] [SEVERE ] placing card 46 in slot 7
[16:31:51.431] [SEVERE ] placing card 28 in slot 10
[16:31:51.777] [SEVERE ] setting player 4 freeze to 2000
[16:31:51.856] [SEVERE ] player 3 placing token on slot 3
[16:31:52.107] [SEVERE ] setting player 1 freeze to 0
[16:31:52.107] [SEVERE ] updating countdown to 10000
[16:31:52.107] [SEVERE ] player 1 placing token on slot 1
[16:31:52.107] [SEVERE ] player 1 placing token on slot 10
[16:31:52.107] [SEVERE ] player 1 placing token on slot 0
[16:31:52.437] [SEVERE ] updating countdown to 9670
[16:31:52.547] [SEVERE ] removing player 1 token from slot 1
[16:31:52.547] [SEVERE ] removing tokens from slot 1
[16:31:52.547] [SEVERE ] removing card from slot 1
[16:31:52.658] [SEVERE ] removing player 1 token from slot 10
[16:31:52.658] [SEVERE ] removing tokens from slot 10
[16:31:52.658] [SEVERE ] removing card from slot 10
[16:31:52.769] [SEVERE ] removing player 1 token from slot 0
[16:31:52.769] [SEVERE ] removing tokens from slot 0
[16:31:52.769] [SEVERE ] removing card from slot 0
[16:31:52.769] [SEVERE ] setting player 1 score to 3
[16:31:52.769] [SEVERE ] setting player 1 freeze to 1000
[16:31:52.785] [SEVERE ] setting player 4 freeze to 1000
[16:31:52.879] [SEVERE ] placing card 53 in slot 1
[16:31:52.982] [SEVERE ] placing card 23 in slot 0
[16:31:53.092] [SEVERE ] placing card 21 in slot 10
[16:31:53.784] [SEVERE ] setting player 1 freeze to 0
[16:31:53.784] [SEVERE ] updating countdown to 10000
[16:31:53.784] [SEVERE ] player 1 placing token on slot 0
[16:31:53.784] [SEVERE ] player 1 placing token on slot 7
[16:31:53.784] [SEVERE ] player 1 placing token on slot 4
[16:31:53.800] [SEVERE ] setting player 4 freeze to 0
[16:31:53.879] [SEVERE ] player 3 placing token on slot 11
[16:31:54.099] [SEVERE ] updating countdown to 9685
[16:31:54.209] [SEVERE ] removing player 1 token from slot 0
[16:31:54.209] [SEVERE ] removing tokens from slot 0
[16:31:54.209] [SEVERE ] removing card from slot 0
[16:31:54.320] [SEVERE ] removing player 1 token from slot 7
[16:31:54.320] [SEVERE ] removing tokens from slot 7
[16:31:54.320] [SEVERE ] removing card from slot 7
[16:31:54.431] [SEVERE ] removing player 1 token from slot 4
[16:31:54.431] [SEVERE ] removing tokens from slot 4
[16:31:54.431] [SEVERE ] removing card from slot 4
[16:31:54.431] [SEVERE ] removing player 3 token from slot 9
[16:31:54.431] [SEVERE ] setting player 1 score to 4
[16:31:54.431] [SEVERE ] removing player 3 token from slot 3
[16:31:54.431] [SEVERE ] setting player 1 freeze to 1000
[16:31:54.431] [SEVERE ] removing player 3 token from slot 11
[16:31:54.431] [SEVERE ] setting player 3 freeze to 3000
[16:31:54.541] [SEVERE ] placing card 60 in slot 4
[16:31:54.650] [SEVERE ] placing card 4 in slot 0
[16:31:54.761] [SEVERE ] placing card 32 in slot 7
[16:31:54.808] [SEVERE ] player 4 placing token on slot 10
[16:31:55.437] [SEVERE ] setting player 3 freeze to 2000
[16:31:55.437] [SEVERE ] setting player 1 freeze to 0
[16:31:55.437] [SEVERE ] updating countdown to 10000
[16:31:55.437] [SEVERE ] player 1 placing token on slot 10
[16:31:55.437] [SEVERE ] player 1 placing token on slot 1
[16:31:55.437] [SEVERE ] player 1 placing token on slot 5
[16:31:55.768] [SEVERE ] updating countdown to 9669
[16:31:55.815] [SEVERE ] player 4 placing token on slot 3
[16:31:55.878] [SEVERE ] removing player 1 token from slot 10
[16:31:55.878] [SEVERE ] removing player 4 token from slot 10
[16:31:55.878] [SEVERE ] removing tokens from slot 10
[16:31:55.878] [SEVERE ] removing card from slot 10
[16:31:55.989] [SEVERE ] removing player 1 token from slot 1
[16:31:55.989] [SEVERE ] removing tokens from slot 1
[16:31:55.989] [SEVERE ] removing card from slot 1
[16:31:56.099] [SEVERE ] removing player 1 token from slot 5
[16:31:56.100] [SEVERE ] removing tokens from slot 5
[16:31:56.100] [SEVERE ] removing card from slot 5
[16:31:56.100] [SEVERE ] setting player 1 score to 5
[16:31:56.100] [SEVERE ] setting player 1 freeze to 1000
[16:31:56.209] [SEVERE ] placing card 19 in slot 1
[16:31:56.320] [SEVERE ] placing card 51 in slot 5
[16:31:56.430] [SEVERE ] placing card 20 in slot 10
[16:31:56.445] [SEVERE ] setting player 3 freeze to 1000
[16:31:56.823] [SEVERE ] player 4 placing token on slot 5
[16:31:57.106] [SEVERE ] setting player 1 freeze to 0
[16:31:57.106] [SEVERE ] updating countdown to 10000
[16:31:57.106] [SEVERE ] player 1 placing token on slot 3
[16:31:57.106] [SEVERE ] player 1 placing token on slot 5
[16:31:57.106] [SEVERE ] player 1 placing token on slot 8
[16:31:57.436] [SEVERE ] updating countdown to 9670
[16:31:57.451] [SEVERE ] setting player 3 freeze to 0
[16:31:57.546] [SEVERE ] removing player 1 token from slot 3
[16:31:57.546] [SEVERE ] removing player 4 token from slot 3
[16:31:57.546] [SEVERE ] removing tokens from slot 3
[16:31:57.546] [SEVERE ] removing card from slot 3
[16:31:57.656] [SEVERE ] removing player 1 token from slot 5
[16:31:57.656] [SEVERE ] removing player 4 token from slot 5
[16:31:57.656] [SEVERE ] removing tokens from slot 5
[16:31:57.656] [SEVERE ] removing card from slot 5
[16:31:57.767] [SEVERE ] removing player 1 token from slot 8
[16:31:57.767] [SEVERE ] removing tokens from slot 8
[16:31:57.767] [SEVERE ] removing card from slot 8
[16:31:57.767] [SEVERE ] setting player 1 score to 6
[16:31:57.767] [SEVERE ] setting player 1 freeze to 1000
[16:31:57.830] [SEVERE ] player 4 placing token on slot 0
[16:31:57.877] [SEVERE ] placing card 12 in slot 3
[16:31:57.987] [SEVERE ] placing card 47 in slot 5
[16:31:58.097] [SEVERE ] placing card 11 in slot 8
[16:31:58.459] [SEVERE ] player 3 placing token on slot 5
[16:31:58.773] [SEVERE ] setting player 1 freeze to 0
[16:31:58.773] [SEVERE ] updating countdown to 10000
[16:31:58.773] [SEVERE ] player 1 placing token on slot 5
[16:31:58.773] [SEVERE ] player 1 placing token on slot 2
[16:31:58.773] [SEVERE ] player 1 placing token on slot 6
[16:31:58.836] [SEVERE ] player 4 placing token on slot 2
[16:31:59.104] [SEVERE ] updating countdown to 9669
[16:31:59.214] [SEVERE ] removing player 1 token from slot 5
[16:31:59.214] [SEVERE ] removing player 3 token from slot 5
[16:31:59.214] [SEVERE ] removing tokens from slot 5
[16:31:59.214] [SEVERE ] removing card from slot 5
[16:31:59.325] [SEVERE ] removing player 1 token from slot 2
[16:31:59.325] [SEVERE ] removing player 4 token from slot 2
[16:31:59.325] [SEVERE ] removing tokens from slot 2
[16:31:59.325] [SEVERE ] removing card from slot 2
[16:31:59.435] [SEVERE ] removing player 1 token from slot 6
[16:31:59.435] [SEVERE ] removing tokens from slot 6
[16:31:59.435] [SEVERE ] removing card from slot 6
[16:31:59.435] [SEVERE ] setting player 1 score to 7
[16:31:59.435] [SEVERE ] setting player 1 freeze to 1000
[16:31:59.467] [SEVERE ] player 3 placing token on slot 10
[16:31:59.546] [SEVERE ] placing card 38 in slot 2
[16:31:59.656] [SEVERE ] placing card 15 in slot 5
[16:31:59.766] [SEVERE ] placing card 0 in slot 6
[16:31:59.845] [SEVERE ] player 4 placing token on slot 9
[16:32:00.442] [SEVERE ] setting player 1 freeze to 0
[16:32:00.442] [SEVERE ] updating countdown to 10000
[16:32:00.442] [SEVERE ] player 1 placing token on slot 0
[16:32:00.442] [SEVERE ] player 1 placing token on slot 5
[16:32:00.442] [SEVERE ] player 1 placing token on slot 10
[16:32:00.474] [SEVERE ] player 3 placing token on slot 4
[16:32:00.772] [SEVERE ] updating countdown to 9670
[16:32:00.851] [SEVERE ] player 4 placing token on slot 6
[16:32:00.883] [SEVERE ] removing player 1 token from slot 0
[16:32:00.883] [SEVERE ] removing player 4 token from slot 0
[16:32:00.883] [SEVERE ] removing tokens from slot 0
[16:32:00.883] [SEVERE ] removing card from slot 0
[16:32:00.994] [SEVERE ] removing player 1 token from slot 5
[16:32:00.994] [SEVERE ] removing tokens from slot 5
[16:32:00.994] [SEVERE ] removing card from slot 5
[16:32:01.104] [SEVERE ] removing player 1 token from slot 10
[16:32:01.104] [SEVERE ] removing player 3 token from slot 10
[16:32:01.104] [SEVERE ] removing tokens from slot 10
[16:32:01.104] [SEVERE ] removing card from slot 10
[16:32:01.105] [SEVERE ] setting player 1 score to 8
[16:32:01.105] [SEVERE ] setting player 1 freeze to 1000
[16:32:01.215] [SEVERE ] placing card 65 in slot 0
[16:32:01.325] [SEVERE ] placing card 8 in slot 5
[16:32:01.435] [SEVERE ] placing card 66 in slot 10
[16:32:01.482] [SEVERE ] player 3 placing token on slot 0
[16:32:02.112] [SEVERE ] setting player 1 freeze to 0
[16:32:02.112] [SEVERE ] player 4 placing token on slot 3
[16:32:02.112] [SEVERE ] updating countdown to 10000
[16:32:02.112] [SEVERE ] player 1 placing token on slot 8
[16:32:02.112] [SEVERE ] player 1 placing token on slot 2
[16:32:02.112] [SEVERE ] player 1 placing token on slot 0
[16:32:02.442] [SEVERE ] updating countdown to 9670
[16:32:02.442] [SEVERE ] removing player 4 token from slot 9
[16:32:02.442] [SEVERE ] removing player 4 token from slot 6
[16:32:02.442] [SEVERE ] removing player 4 token from slot 3
[16:32:02.442] [SEVERE ] setting player 4 freeze to 3000
[16:32:02.489] [SEVERE ] player 3 placing token on slot 6
[16:32:02.552] [SEVERE ] removing player 1 token from slot 8
[16:32:02.553] [SEVERE ] removing tokens from slot 8
[16:32:02.553] [SEVERE ] removing card from slot 8
[16:32:02.663] [SEVERE ] removing player 1 token from slot 2
[16:32:02.663] [SEVERE ] removing tokens from slot 2
[16:32:02.663] [SEVERE ] removing card from slot 2
[16:32:02.773] [SEVERE ] removing player 1 token from slot 0
[16:32:02.773] [SEVERE ] removing player 3 token from slot 0
[16:32:02.773] [SEVERE ] removing tokens from slot 0
[16:32:02.773] [SEVERE ] removing card from slot 0
[16:32:02.774] [SEVERE ] setting player 1 score to 9
[16:32:02.774] [SEVERE ] setting player 1 freeze to 1000
[16:32:02.884] [SEVERE ] placing card 13 in slot 2
[16:32:02.994] [SEVERE ] placing card 10 in slot 0
[16:32:03.104] [SEVERE ] placing card 49 in slot 8
[16:32:03.443] [SEVERE ] setting player 4 freeze to 2000
[16:32:03.789] [SEVERE ] player 3 placing token on slot 3
[16:32:03.789] [SEVERE ] setting player 1 freeze to 0
[16:32:03.789] [SEVERE ] updating countdown to 10000
[16:32:03.789] [SEVERE ] player 1 placing token on slot 5
[16:32:03.789] [SEVERE ] player 1 placing token on slot 3
[16:32:03.789] [SEVERE ] player 1 placing token on slot 1
[16:32:04.118] [SEVERE ] updating countdown to 9671
[16:32:04.118] [SEVERE ] removing player 3 token from slot 4
[16:32:04.118] [SEVERE ] removing player 3 token from slot 6
[16:32:04.118] [SEVERE ] removing player 3 token from slot 3
[16:32:04.118] [SEVERE ] setting player 3 freeze to 3000
[16:32:04.228] [SEVERE ] removing player 1 token from slot 5
[16:32:04.228] [SEVERE ] removing tokens from slot 5
[16:32:04.228] [SEVERE ] removing card from slot 5
[16:32:04.338] [SEVERE ] removing player 1 token from slot 3
[16:32:04.338] [SEVERE ] removing tokens from slot 3
[16:32:04.338] [SEVERE ] removing card from slot 3
[16:32:04.448] [SEVERE ] removing player 1 token from slot 1
[16:32:04.448] [SEVERE ] setting player 4 freeze to 1000
[16:32:04.448] [SEVERE ] removing tokens from slot 1
[16:32:04.448] [SEVERE ] removing card from slot 1
[16:32:04.448] [SEVERE ] setting player 1 score to 10
[16:32:04.448] [SEVERE ] setting player 1 freeze to 1000
[16:32:04.557] [SEVERE ] placing card 41 in slot 1
[16:32:04.667] [SEVERE ] placing card 50 in slot 3
[16:32:04.777] [SEVERE ] placing card 44 in slot 5
[16:32:05.122] [SEVERE ] setting player 3 freeze to 2000
[16:32:05.452] [SEVERE ] setting player 4 freeze to 0
[16:32:05.452] [SEVERE ] setting player 1 freeze to 0
[16:32:05.452] [SEVERE ] updating countdown to 10000
[16:32:05.452] [SEVERE ] player 1 placing token on slot 0
[16:32:05.452] [SEVERE ] player 1 placing token on slot 3
[16:32:05.452] [SEVERE ] player 1 placing token on slot 4
[16:32:05.781] [SEVERE ] updating countdown to 9671
[16:32:05.891] [SEVERE ] removing player 1 token from slot 0
[16:32:05.891] [SEVERE ] removing tokens from slot 0
[16:32:05.891] [SEVERE ] removing card from slot 0
[16:32:06.001] [SEVERE ] removing player 1 token from slot 3
[16:32:06.001] [SEVERE ] removing tokens from slot 3
[16:32:06.001] [SEVERE ] removing card from slot 3
[16:32:06.112] [SEVERE ] removing player 1 token from slot 4
[16:32:06.112] [SEVERE ] removing tokens from slot 4
[16:32:06.112] [SEVERE ] removing card from slot 4
[16:32:06.112] [SEVERE ] setting player 1 score to 11
[16:32:06.112] [SEVERE ] setting player 1 freeze to 1000
[16:32:06.128] [SEVERE ] setting player 3 freeze to 1000
[16:32:06.222] [SEVERE ] placing card 29 in slot 4
[16:32:06.332] [SEVERE ] placing card 18 in slot 3
[16:32:06.442] [SEVERE ] placing card 36 in slot 0
[16:32:06.458] [SEVERE ] player 4 placing token on slot 9
[16:32:07.119] [SEVERE ] setting player 1 freeze to 0
[16:32:07.119] [SEVERE ] updating countdown to 10000
[16:32:07.119] [SEVERE ] player 1 placing token on slot 3
[16:32:07.119] [SEVERE ] player 1 placing token on slot 0
[16:32:07.119] [SEVERE ] player 1 placing token on slot 9
[16:32:07.135] [SEVERE ] setting player 3 freeze to 0
[16:32:07.449] [SEVERE ] updating countdown to 9670
[16:32:07.465] [SEVERE ] player 4 placing token on slot 10
[16:32:07.559] [SEVERE ] removing player 1 token from slot 3
[16:32:07.559] [SEVERE ] removing tokens from slot 3
[16:32:07.559] [SEVERE ] removing card from slot 3
[16:32:07.670] [SEVERE ] removing player 1 token from slot 0
[16:32:07.670] [SEVERE ] removing tokens from slot 0
[16:32:07.670] [SEVERE ] removing card from slot 0
[16:32:07.780] [SEVERE ] removing player 1 token from slot 9
[16:32:07.780] [SEVERE ] removing player 4 token from slot 9
[16:32:07.780] [SEVERE ] removing tokens from slot 9
[16:32:07.780] [SEVERE ] removing card from slot 9
[16:32:07.780] [SEVERE ] setting player 1 score to 12
[16:32:07.780] [SEVERE ] setting player 1 freeze to 1000
[16:32:07.891] [SEVERE ] placing card 9 in slot 9
[16:32:08.001] [SEVERE ] placing card 58 in slot 3
[16:32:08.111] [SEVERE ] placing card 17 in slot 0
[16:32:08.143] [SEVERE ] player 3 placing token on slot 0
[16:32:08.472] [SEVERE ] player 4 placing token on slot 9
[16:32:08.520] [SEVERE ] key 81 was pressed by player 1
[16:32:08.614] [SEVERE ] key 87 was pressed by player 1
[16:32:08.787] [SEVERE ] setting player 1 freeze to 0
[16:32:08.787] [SEVERE ] updating countdown to 10000
[16:32:08.787] [SEVERE ] player 1 placing token on slot 9
[16:32:08.787] [SEVERE ] player 1 placing token on slot 2
[16:32:08.787] [SEVERE ] player 1 placing token on slot 0
[16:32:08.819] [SEVERE ] key 87 was pressed by player 1
[16:32:09.118] [SEVERE ] updating countdown to 9669
[16:32:09.149] [SEVERE ] player 3 placing token on slot 10
[16:32:09.228] [SEVERE ] removing player 1 token from slot 9
[16:32:09.228] [SEVERE ] removing player 4 token from slot 9
[16:32:09.228] [SEVERE ] removing tokens from slot 9
[16:32:09.228] [SEVERE ] removing card from slot 9
[16:32:09.338] [SEVERE ] removing player 1 token from slot 2
[16:32:09.338] [SEVERE ] removing tokens from slot 2
[16:32:09.338] [SEVERE ] removing card from slot 2
[16:32:09.448] [SEVERE ] removing player 1 token from slot 0
[16:32:09.448] [SEVERE ] removing player 3 token from slot 0
[16:32:09.448] [SEVERE ] removing tokens from slot 0
[16:32:09.448] [SEVERE ] removing card from slot 0
[16:32:09.448] [SEVERE ] setting player 1 score to 13
[16:32:09.448] [SEVERE ] setting player 1 freeze to 1000
[16:32:09.479] [SEVERE ] player 4 placing token on slot 8
[16:32:09.558] [SEVERE ] placing card 61 in slot 2
[16:32:09.668] [SEVERE ] placing card 35 in slot 9
[16:32:09.778] [SEVERE ] placing card 72 in slot 0
[16:32:10.155] [SEVERE ] player 3 placing token on slot 8
[16:32:10.453] [SEVERE ] setting player 1 freeze to 0
[16:32:10.453] [SEVERE ] updating countdown to 10000
[16:32:10.453] [SEVERE ] player 1 placing token on slot 6
[16:32:10.453] [SEVERE ] player 1 placing token on slot 7
[16:32:10.453] [SEVERE ] player 1 placing token on slot 2
[16:32:10.485] [SEVERE ] player 4 placing token on slot 6
[16:32:10.783] [SEVERE ] updating countdown to 9670
[16:32:10.893] [SEVERE ] removing player 1 token from slot 6
[16:32:10.893] [SEVERE ] removing player 4 token from slot 6
[16:32:10.893] [SEVERE ] removing tokens from slot 6
[16:32:10.893] [SEVERE ] removing card from slot 6
[16:32:11.003] [SEVERE ] removing player 1 token from slot 7
[16:32:11.003] [SEVERE ] removing tokens from slot 7
[16:32:11.003] [SEVERE ] removing card from slot 7
[16:32:11.113] [SEVERE ] removing player 1 token from slot 2
[16:32:11.114] [SEVERE ] removing tokens from slot 2
[16:32:11.114] [SEVERE ] removing card from slot 2
[16:32:11.114] [SEVERE ] setting player 1 score to 14
[16:32:11.114] [SEVERE ] setting player 1 freeze to 1000
[16:32:11.161] [SEVERE ] player 3 placing token on slot 1
[16:32:11.224] [SEVERE ] placing card 33 in slot 2
[16:32:11.334] [SEVERE ] placing card 69 in slot 6
[16:32:11.443] [SEVERE ] placing card 1 in slot 7
[16:32:12.120] [SEVERE ] setting player 1 freeze to 0
[16:32:12.120] [SEVERE ] player 4 placing token on slot 3
[16:32:12.120] [SEVERE ] updating countdown to 10000
[16:32:12.120] [SEVERE ] player 1 placing token on slot 2
[16:32:12.120] [SEVERE ] player 1 placing token on slot 11
[16:32:12.120] [SEVERE ] player 1 placing token on slot 9
[16:32:12.450] [SEVERE ] updating countdown to 9670
[16:32:12.450] [SEVERE ] removing player 3 token from slot 10
[16:32:12.450] [SEVERE ] removing player 3 token from slot 8
[16:32:12.450] [SEVERE ] removing player 3 token from slot 1
[16:32:12.450] [SEVERE ] removing player 4 token from slot 10
[16:32:12.450] [SEVERE ] setting player 3 freeze to 3000
[16:32:12.450] [SEVERE ] removing player 4 token from slot 8
[16:32:12.450] [SEVERE ] removing player 4 token from slot 3
[16:32:12.450] [SEVERE ] setting player 4 freeze to 3000
[16:32:12.560] [SEVERE ] removing player 1 token from slot 2
[16:32:12.560] [SEVERE ] removing tokens from slot 2
[16:32:12.560] [SEVERE ] removing card from slot 2
[16:32:12.670] [SEVERE ] removing player 1 token from slot 11
[16:32:12.670] [SEVERE ] removing tokens from slot 11
[16:32:12.670] [SEVERE ] removing card from slot 11
[16:32:12.780] [SEVERE ] removing player 1 token from slot 9
[16:32:12.780] [SEVERE ] removing tokens from slot 9
[16:32:12.780] [SEVERE ] removing card from slot 9
[16:32:12.780] [SEVERE ] setting player 1 score to 15
[16:32:12.780] [SEVERE ] setting player 1 freeze to 1000
[16:32:12.890] [SEVERE ] placing card 55 in slot 11
[16:32:13.001] [SEVERE ] placing card 39 in slot 2
[16:32:13.104] [SEVERE ] placing card 22 in slot 9
[16:32:13.451] [SEVERE ] setting player 3 freeze to 2000
[16:32:13.451] [SEVERE ] setting player 4 freeze to 2000
[16:32:13.781] [SEVERE ] setting player 1 freeze to 0
[16:32:13.781] [SEVERE ] updating countdown to 10000
[16:32:13.781] [SEVERE ] player 1 placing token on slot 9
[16:32:13.781] [SEVERE ] player 1 placing token on slot 4
[16:32:13.781] [SEVERE ] player 1 placing token on slot 6
[16:32:14.112] [SEVERE ] updating countdown to 9669
[16:32:14.222] [SEVERE ] removing player 1 token from slot 9
[16:32:14.222] [SEVERE ] removing tokens from slot 9
[16:32:14.222] [SEVERE ] removing card from slot 9
[16:32:14.332] [SEVERE ] removing player 1 token from slot 4
[16:32:14.332] [SEVERE ] removing tokens from slot 4
[16:32:14.332] [SEVERE ] removing card from slot 4
[16:32:14.444] [SEVERE ] removing player 1 token from slot 6
[16:32:14.444] [SEVERE ] removing tokens from slot 6
[16:32:14.444] [SEVERE ] removing card from slot 6
[16:32:14.444] [SEVERE ] setting player 1 score to 16
[16:32:14.444] [SEVERE ] setting player 1 freeze to 1000
[16:32:14.459] [SEVERE ] setting player 3 freeze to 1000
[16:32:14.459] [SEVERE ] setting player 4 freeze to 1000
[16:32:14.554] [SEVERE ] placing card 42 in slot 4
[16:32:14.663] [SEVERE ] placing card 5 in slot 9
[16:32:14.773] [SEVERE ] placing card 27 in slot 6
[16:32:15.450] [SEVERE ] setting player 1 freeze to 0
[16:32:15.450] [SEVERE ] updating countdown to 10000
[16:32:15.450] [SEVERE ] player 1 placing token on slot 6
[16:32:15.450] [SEVERE ] player 1 placing token on slot 5
[16:32:15.450] [SEVERE ] player 1 placing token on slot 8
[16:32:15.466] [SEVERE ] setting player 3 freeze to 0
[16:32:15.466] [SEVERE ] setting player 4 freeze to 0
[16:32:15.780] [SEVERE ] updating countdown to 9670
[16:32:15.890] [SEVERE ] removing player 1 token from slot 6
[16:32:15.890] [SEVERE ] removing tokens from slot 6
[16:32:15.890] [SEVERE ] removing card from slot 6
[16:32:16.000] [SEVERE ] removing player 1 token from slot 5
[16:32:16.000] [SEVERE ] removing tokens from slot 5
[16:32:16.000] [SEVERE ] removing card from slot 5
[16:32:16.111] [SEVERE ] removing player 1 token from slot 8
[16:32:16.111] [SEVERE ] removing tokens from slot 8
[16:32:16.111] [SEVERE ] removing card from slot 8
[16:32:16.111] [SEVERE ] setting player 1 score to 17
[16:32:16.111] [SEVERE ] setting player 1 freeze to 1000
[16:32:16.221] [SEVERE ] placing card 70 in slot 5
[16:32:16.331] [SEVERE ] placing card 57 in slot 8
[16:32:16.441] [SEVERE ] placing card 40 in slot 6
[16:32:16.472] [SEVERE ] player 3 placing token on slot 9
[16:32:16.473] [SEVERE ] player 4 placing token on slot 9
[16:32:17.117] [SEVERE ] setting player 1 freeze to 0
[16:32:17.117] [SEVERE ] updating countdown to 10000
[16:32:17.117] [SEVERE ] player 1 placing token on slot 2
[16:32:17.117] [SEVERE ] player 1 placing token on slot 6
[16:32:17.117] [SEVERE ] player 1 placing token on slot 1
[16:32:17.446] [SEVERE ] updating countdown to 9671
[16:32:17.477] [SEVERE ] player 3 placing token on slot 6
[16:32:17.478] [SEVERE ] player 4 placing token on slot 0
[16:32:17.557] [SEVERE ] removing player 1 token from slot 2
[16:32:17.557] [SEVERE ] removing tokens from slot 2
[16:32:17.557] [SEVERE ] removing card from slot 2
[16:32:17.667] [SEVERE ] removing player 1 token from slot 6
[16:32:17.667] [SEVERE ] removing player 3 token from slot 6
[16:32:17.667] [SEVERE ] removing tokens from slot 6
[16:32:17.667] [SEVERE ] removing card from slot 6
[16:32:17.776] [SEVERE ] removing player 1 token from slot 1
[16:32:17.776] [SEVERE ] removing tokens from slot 1
[16:32:17.776] [SEVERE ] removing card from slot 1
[16:32:17.777] [SEVERE ] setting player 1 score to 18
[16:32:17.777] [SEVERE ] setting player 1 freeze to 1000
[16:32:17.887] [SEVERE ] placing card 75 in slot 2
[16:32:17.997] [SEVERE ] placing card 62 in slot 1
[16:32:18.107] [SEVERE ] placing card 63 in slot 6
[16:32:18.485] [SEVERE ] removing player 3 token from slot 9
[16:32:18.486] [SEVERE ] player 4 placing token on slot 3
[16:32:18.785] [SEVERE ] setting player 1 freeze to 0
[16:32:18.785] [SEVERE ] updating countdown to 10000
[16:32:18.785] [SEVERE ] player 1 placing token on slot 11
[16:32:18.785] [SEVERE ] player 1 placing token on slot 8
[16:32:18.785] [SEVERE ] player 1 placing token on slot 1
[16:32:19.115] [SEVERE ] updating countdown to 9670
[16:32:19.115] [SEVERE ] removing player 4 token from slot 9
[16:32:19.115] [SEVERE ] removing player 4 token from slot 0
[16:32:19.115] [SEVERE ] removing player 4 token from slot 3
[16:32:19.115] [SEVERE ] setting player 4 freeze to 3000
[16:32:19.225] [SEVERE ] removing player 1 token from slot 11
[16:32:19.225] [SEVERE ] removing tokens from slot 11
[16:32:19.225] [SEVERE ] removing card from slot 11
[16:32:19.336] [SEVERE ] removing player 1 token from slot 8
[16:32:19.336] [SEVERE ] removing tokens from slot 8
[16:32:19.336] [SEVERE ] removing card from slot 8
[16:32:19.445] [SEVERE ] removing player 1 token from slot 1
[16:32:19.445] [SEVERE ] removing tokens from slot 1
[16:32:19.445] [SEVERE ] removing card from slot 1
[16:32:19.445] [SEVERE ] setting player 1 score to 19
[16:32:19.445] [SEVERE ] setting player 1 freeze to 1000
[16:32:19.492] [SEVERE ] player 3 placing token on slot 6
[16:32:19.555] [SEVERE ] placing card 68 in slot 11
[16:32:19.665] [SEVERE ] placing card 3 in slot 1
[16:32:19.775] [SEVERE ] placing card 30 in slot 8
[16:32:20.121] [SEVERE ] setting player 4 freeze to 2000
[16:32:20.452] [SEVERE ] setting player 1 freeze to 0
[16:32:20.452] [SEVERE ] updating countdown to 10000
[16:32:20.452] [SEVERE ] player 1 placing token on slot 1
[16:32:20.452] [SEVERE ] player 1 placing token on slot 4
[16:32:20.452] [SEVERE ] player 1 placing token on slot 0
[16:32:20.498] [SEVERE ] player 3 placing token on slot 3
[16:32:20.782] [SEVERE ] updating countdown to 9670
[16:32:20.892] [SEVERE ] removing player 1 token from slot 1
[16:32:20.892] [SEVERE ] removing tokens from slot 1
[16:32:20.892] [SEVERE ] removing card from slot 1
[16:32:21.002] [SEVERE ] removing player 1 token from slot 4
[16:32:21.002] [SEVERE ] removing tokens from slot 4
[16:32:21.002] [SEVERE ] removing card from slot 4
[16:32:21.112] [SEVERE ] removing player 1 token from slot 0
[16:32:21.112] [SEVERE ] removing tokens from slot 0
[16:32:21.112] [SEVERE ] removing card from slot 0
[16:32:21.112] [SEVERE ] setting player 1 score to 20
[16:32:21.112] [SEVERE ] setting player 1 freeze to 1000
[16:32:21.128] [SEVERE ] setting player 4 freeze to 1000
[16:32:21.223] [SEVERE ] placing card 79 in slot 4
[16:32:21.333] [SEVERE ] placing card 31 in slot 1
[16:32:21.443] [SEVERE ] placing card 64 in slot 0
[16:32:21.505] [SEVERE ] player 3 placing token on slot 5
[16:32:22.118] [SEVERE ] setting player 1 freeze to 0
[16:32:22.118] [SEVERE ] updating countdown to 10000
[16:32:22.118] [SEVERE ] player 1 placing token on slot 3
[16:32:22.118] [SEVERE ] player 1 placing token on slot 0
[16:32:22.118] [SEVERE ] player 1 placing token on slot 4
[16:32:22.135] [SEVERE ] setting player 4 freeze to 0
[16:32:22.449] [SEVERE ] updating countdown to 9669
[16:32:22.449] [SEVERE ] removing player 3 token from slot 6
[16:32:22.449] [SEVERE ] removing player 3 token from slot 3
[16:32:22.449] [SEVERE ] removing player 3 token from slot 5
[16:32:22.449] [SEVERE ] setting player 3 freeze to 3000
[16:32:22.559] [SEVERE ] removing player 1 token from slot 3
[16:32:22.559] [SEVERE ] removing tokens from slot 3
[16:32:22.559] [SEVERE ] removing card from slot 3
[16:32:22.669] [SEVERE ] removing player 1 token from slot 0
[16:32:22.669] [SEVERE ] removing tokens from slot 0
[16:32:22.669] [SEVERE ] removing card from slot 0
[16:32:22.779] [SEVERE ] removing player 1 token from slot 4
[16:32:22.779] [SEVERE ] removing tokens from slot 4
[16:32:22.779] [SEVERE ] removing card from slot 4
[16:32:22.779] [SEVERE ] setting player 1 score to 21
[16:32:22.779] [SEVERE ] setting player 1 freeze to 1000
[16:32:23.142] [SEVERE ] player 4 placing token on slot 10
[16:32:23.456] [SEVERE ] setting player 3 freeze to 2000
[16:32:23.786] [SEVERE ] updating countdown to 8332
[16:32:23.786] [SEVERE ] setting player 1 freeze to 0
[16:32:23.786] [SEVERE ] updating countdown to 10000
[16:32:23.786] [SEVERE ] player 1 placing token on slot 6
[16:32:23.786] [SEVERE ] player 1 placing token on slot 11
[16:32:23.786] [SEVERE ] player 1 placing token on slot 5
[16:32:24.459] [SEVERE ] setting player 3 freeze to 1000
[16:32:24.789] [SEVERE ] updating countdown to 8997
[16:32:24.899] [SEVERE ] removing player 1 token from slot 6
[16:32:24.899] [SEVERE ] removing tokens from slot 6
[16:32:24.899] [SEVERE ] removing card from slot 6
[16:32:25.009] [SEVERE ] removing player 1 token from slot 11
[16:32:25.009] [SEVERE ] removing tokens from slot 11
[16:32:25.009] [SEVERE ] removing card from slot 11
[16:32:25.119] [SEVERE ] removing player 1 token from slot 5
[16:32:25.119] [SEVERE ] removing tokens from slot 5
[16:32:25.119] [SEVERE ] removing card from slot 5
[16:32:25.119] [SEVERE ] setting player 1 score to 22
[16:32:25.119] [SEVERE ] setting player 1 freeze to 1000
[16:32:25.466] [SEVERE ] setting player 3 freeze to 0
[16:32:26.127] [SEVERE ] updating countdown to 7659
[16:32:26.127] [SEVERE ] setting player 1 freeze to 0
[16:32:26.127] [SEVERE ] updating countdown to 10000
[16:32:27.133] [SEVERE ] updating countdown to 8994
[16:32:27.486] [SEVERE ] player 3 placing token on slot 8
[16:32:28.147] [SEVERE ] updating countdown to 7980
[16:32:28.493] [SEVERE ] player 3 placing token on slot 2
[16:32:29.157] [SEVERE ] updating countdown to 6970
[16:32:30.164] [SEVERE ] updating countdown to 5963
[16:32:30.510] [SEVERE ] player 3 placing token on slot 7
[16:32:31.171] [SEVERE ] removing player 3 token from slot 8
[16:32:31.171] [SEVERE ] removing player 3 token from slot 2
[16:32:31.171] [SEVERE ] removing player 3 token from slot 7
[16:32:31.171] [SEVERE ] setting player 3 freeze to 3000
[16:32:31.202] [SEVERE ] player 4 placing token on slot 9
[16:32:32.172] [SEVERE ] setting player 3 freeze to 2000
[16:32:33.180] [SEVERE ] setting player 3 freeze to 1000
[16:32:33.212] [SEVERE ] player 4 placing token on slot 7
[16:32:33.212] [SEVERE ] removing player 4 token from slot 10
[16:32:33.212] [SEVERE ] removing player 4 token from slot 9
[16:32:33.212] [SEVERE ] removing player 4 token from slot 7
[16:32:33.212] [SEVERE ] setting player 4 freeze to 3000
[16:32:34.189] [SEVERE ] setting player 3 freeze to 0
[16:32:34.220] [SEVERE ] setting player 4 freeze to 2000
[16:32:35.199] [SEVERE ] player 3 placing token on slot 7
[16:32:35.230] [SEVERE ] setting player 4 freeze to 1000
[16:32:36.140] [SEVERE ] updating countdown to 10000
[16:32:36.234] [SEVERE ] setting player 4 freeze to 0
[16:32:36.470] [SEVERE ] removing tokens from slot 2
[16:32:36.470] [SEVERE ] removing card from slot 2
[16:32:36.580] [SEVERE ] removing tokens from slot 9
[16:32:36.580] [SEVERE ] removing card from slot 9
[16:32:36.690] [SEVERE ] removing tokens from slot 1
[16:32:36.690] [SEVERE ] removing card from slot 1
[16:32:37.129] [SEVERE ] removing tokens from slot 8
[16:32:37.129] [SEVERE ] removing card from slot 8
[16:32:37.348] [SEVERE ] removing player 3 token from slot 7
[16:32:37.348] [SEVERE ] removing tokens from slot 7
[16:32:37.348] [SEVERE ] removing card from slot 7
[16:32:37.459] [SEVERE ] removing tokens from slot 10
[16:32:37.459] [SEVERE ] removing card from slot 10
[16:32:37.459] [INFO   ] thread dealer terminated.
[16:32:42.474] [SEVERE ] thanks for playing... it was fun!
[16:32:42.474] [INFO   ] thread bguspl.set.Main.main() terminated.
[16:32:42.474] [SEVERE ] disposing of user interface elements
