[16:24:38.912] [INFO   ] thread bguspl.set.Main.main() starting.
[16:24:38.912] [SEVERE ] cannot read configuration file config.properties trying from resources.
[16:24:38.918] [SEVERE ] configuration file was loaded from resources directory.
[16:24:39.382] [INFO   ] thread dealer starting.
[16:24:39.382] [INFO   ] thread dealer starting.
[16:24:39.391] [INFO   ] thread Thread-1 starting.
[16:24:39.391] [INFO   ] thread Thread-3 starting.
[16:24:39.391] [INFO   ] thread Thread-2 starting.
[16:24:39.391] [INFO   ] thread Thread-4 starting.
[16:24:39.393] [INFO   ] thread computer-2 starting.
[16:24:39.393] [INFO   ] thread computer-3 starting.
[16:24:39.404] [SEVERE ] updating countdown to 15000
[16:24:39.513] [SEVERE ] placing card 71 in slot 11
[16:24:39.622] [SEVERE ] placing card 24 in slot 6
[16:24:39.733] [SEVERE ] placing card 0 in slot 7
[16:24:39.837] [SEVERE ] placing card 7 in slot 0
[16:24:39.951] [SEVERE ] placing card 46 in slot 10
[16:24:40.060] [SEVERE ] placing card 57 in slot 2
[16:24:40.172] [SEVERE ] placing card 41 in slot 9
[16:24:40.274] [SEVERE ] placing card 20 in slot 4
[16:24:40.383] [SEVERE ] placing card 27 in slot 5
[16:24:40.395] [SEVERE ] player 3 placing token on slot 6
[16:24:40.396] [SEVERE ] player 4 placing token on slot 2
[16:24:40.484] [SEVERE ] placing card 79 in slot 3
[16:24:40.484] [SEVERE ] player 1 placing token on slot 0
[16:24:40.592] [SEVERE ] placing card 12 in slot 1
[16:24:40.705] [SEVERE ] placing card 23 in slot 8
[16:24:41.408] [SEVERE ] player 3 placing token on slot 10
[16:24:41.409] [SEVERE ] player 4 placing token on slot 8
[16:24:41.708] [SEVERE ] updating countdown to 14997
[16:24:42.415] [SEVERE ] player 3 placing token on slot 1
[16:24:42.417] [SEVERE ] player 4 placing token on slot 3
[16:24:42.713] [SEVERE ] updating countdown to 13992
[16:24:42.713] [SEVERE ] removing player 3 token from slot 6
[16:24:42.713] [SEVERE ] removing player 3 token from slot 10
[16:24:42.713] [SEVERE ] removing player 3 token from slot 1
[16:24:42.714] [SEVERE ] removing player 4 token from slot 2
[16:24:42.714] [SEVERE ] removing player 4 token from slot 8
[16:24:42.714] [SEVERE ] removing player 4 token from slot 3
[16:24:42.714] [SEVERE ] setting player 3 freeze to 3000
[16:24:42.714] [SEVERE ] setting player 4 freeze to 3000
[16:24:43.722] [SEVERE ] setting player 3 freeze to 2000
[16:24:43.722] [SEVERE ] setting player 4 freeze to 2000
[16:24:43.722] [SEVERE ] updating countdown to 12983
[16:24:44.723] [SEVERE ] setting player 3 freeze to 1000
[16:24:44.724] [SEVERE ] updating countdown to 11981
[16:24:44.724] [SEVERE ] setting player 4 freeze to 1000
[16:24:45.723] [SEVERE ] setting player 3 freeze to 0
[16:24:45.732] [SEVERE ] updating countdown to 10973
[16:24:45.732] [SEVERE ] setting player 4 freeze to 0
[16:24:46.726] [SEVERE ] player 3 placing token on slot 8
[16:24:46.742] [SEVERE ] player 4 placing token on slot 1
[16:24:46.742] [SEVERE ] updating countdown to 9963
[16:24:47.735] [SEVERE ] player 3 placing token on slot 2
[16:24:47.750] [SEVERE ] updating countdown to 8955
[16:24:47.750] [SEVERE ] player 4 placing token on slot 5
[16:24:48.744] [SEVERE ] player 3 placing token on slot 0
[16:24:48.763] [SEVERE ] player 4 placing token on slot 11
[16:24:48.763] [SEVERE ] updating countdown to 7942
[16:24:48.763] [SEVERE ] removing player 3 token from slot 8
[16:24:48.763] [SEVERE ] removing player 3 token from slot 2
[16:24:48.764] [SEVERE ] removing player 3 token from slot 0
[16:24:48.764] [SEVERE ] removing player 4 token from slot 1
[16:24:48.764] [SEVERE ] removing player 4 token from slot 5
[16:24:48.764] [SEVERE ] removing player 4 token from slot 11
[16:24:48.764] [SEVERE ] setting player 3 freeze to 3000
[16:24:48.764] [SEVERE ] setting player 4 freeze to 3000
[16:24:49.710] [SEVERE ] exit button pressed
[16:24:49.710] [INFO   ] thread Thread-2 terminated.
[16:24:49.773] [SEVERE ] updating countdown to 6932
[16:24:49.773] [SEVERE ] setting player 4 freeze to 2000
[16:24:49.773] [SEVERE ] setting player 3 freeze to 2000
[16:24:49.773] [SEVERE ] updating countdown to 15000
[16:24:49.883] [SEVERE ] removing tokens from slot 11
[16:24:49.883] [SEVERE ] removing card from slot 11
[16:24:49.993] [SEVERE ] removing tokens from slot 6
[16:24:49.993] [SEVERE ] removing card from slot 6
[16:24:50.103] [SEVERE ] removing tokens from slot 7
[16:24:50.103] [SEVERE ] removing card from slot 7
[16:24:50.213] [SEVERE ] removing player 1 token from slot 0
[16:24:50.213] [SEVERE ] removing tokens from slot 0
[16:24:50.213] [SEVERE ] removing card from slot 0
[16:24:50.322] [SEVERE ] removing tokens from slot 10
[16:24:50.322] [SEVERE ] removing card from slot 10
[16:24:50.432] [SEVERE ] removing tokens from slot 2
[16:24:50.432] [SEVERE ] removing card from slot 2
[16:24:50.542] [SEVERE ] removing tokens from slot 9
[16:24:50.542] [SEVERE ] removing card from slot 9
[16:24:50.652] [SEVERE ] removing tokens from slot 4
[16:24:50.652] [SEVERE ] removing card from slot 4
[16:24:50.762] [SEVERE ] removing tokens from slot 5
[16:24:50.762] [SEVERE ] removing card from slot 5
[16:24:50.778] [SEVERE ] setting player 4 freeze to 1000
[16:24:50.778] [SEVERE ] setting player 3 freeze to 1000
[16:24:50.872] [SEVERE ] removing tokens from slot 3
[16:24:50.872] [SEVERE ] removing card from slot 3
[16:24:50.982] [SEVERE ] removing tokens from slot 1
[16:24:50.982] [SEVERE ] removing card from slot 1
[16:24:51.092] [SEVERE ] removing tokens from slot 8
[16:24:51.092] [SEVERE ] removing card from slot 8
[16:24:51.092] [SEVERE ] announcing winner(s): player 1, player 2, player 3, player 4
[16:24:51.092] [INFO   ] thread dealer terminated.
[16:24:51.092] [INFO   ] thread dealer terminated.
[16:24:51.092] [SEVERE ] thanks for playing... it was fun!
[16:24:51.092] [INFO   ] thread bguspl.set.Main.main() terminated.
