[14:48:10.485] [INFO   ] thread bguspl.set.Main.main() starting.
[14:48:10.490] [SEVERE ] cannot read configuration file config.properties trying from resources.
[14:48:10.493] [SEVERE ] configuration file was loaded from resources directory.
[14:48:11.302] [INFO   ] thread dealer starting.
[14:48:11.303] [INFO   ] thread dealer starting.
[14:48:11.305] [INFO   ] thread Thread-1 starting.
[14:48:11.305] [INFO   ] thread Thread-2 starting.
[14:48:11.305] [INFO   ] thread Thread-3 starting.
[14:48:11.305] [INFO   ] thread Thread-4 starting.
[14:48:11.309] [INFO   ] thread computer-2 starting.
[14:48:11.309] [INFO   ] thread computer-3 starting.
[14:48:11.321] [SEVERE ] updating countdown to 60000
[14:48:11.431] [SEVERE ] placing card 50 in slot 11
[14:48:11.542] [SEVERE ] placing card 57 in slot 0
[14:48:11.651] [SEVERE ] placing card 73 in slot 9
[14:48:11.759] [SEVERE ] placing card 14 in slot 4
[14:48:11.869] [SEVERE ] placing card 37 in slot 5
[14:48:11.980] [SEVERE ] placing card 8 in slot 6
[14:48:12.090] [SEVERE ] placing card 15 in slot 1
[14:48:12.202] [SEVERE ] placing card 33 in slot 3
[14:48:12.313] [SEVERE ] placing card 53 in slot 7
[14:48:12.423] [SEVERE ] placing card 66 in slot 2
[14:48:12.534] [SEVERE ] placing card 62 in slot 8
[14:48:12.645] [SEVERE ] placing card 65 in slot 10
[14:48:13.327] [SEVERE ] player 3 placing token on slot 8
[14:48:13.328] [SEVERE ] player 4 placing token on slot 5
[14:48:13.656] [SEVERE ] updating countdown to 59990
[14:48:14.329] [SEVERE ] player 3 placing token on slot 6
[14:48:14.333] [SEVERE ] player 4 placing token on slot 6
[14:48:14.660] [SEVERE ] updating countdown to 58986
[14:48:15.331] [SEVERE ] removing player 3 token from slot 6
[14:48:15.344] [SEVERE ] player 4 placing token on slot 1
[14:48:15.661] [SEVERE ] updating countdown to 57985
[14:48:15.662] [SEVERE ] removing player 4 token from slot 5
[14:48:15.663] [SEVERE ] removing player 4 token from slot 6
[14:48:15.664] [SEVERE ] removing player 4 token from slot 1
[14:48:15.664] [SEVERE ] setting player 4 freeze to 3000
[14:48:16.332] [SEVERE ] player 3 placing token on slot 10
[14:48:16.676] [SEVERE ] updating countdown to 56970
[14:48:16.676] [SEVERE ] setting player 4 freeze to 2000
[14:48:17.343] [SEVERE ] removing player 3 token from slot 8
[14:48:17.690] [SEVERE ] setting player 4 freeze to 1000
[14:48:17.690] [SEVERE ] updating countdown to 55956
[14:48:17.845] [SEVERE ] key 81 was pressed by player 1
[14:48:17.846] [SEVERE ] player 1 placing token on slot 0
[14:48:18.160] [SEVERE ] key 90 was pressed by player 1
[14:48:18.161] [SEVERE ] player 1 placing token on slot 8
[14:48:18.316] [SEVERE ] key 88 was pressed by player 1
[14:48:18.318] [SEVERE ] player 1 placing token on slot 9
[14:48:18.353] [SEVERE ] player 3 placing token on slot 9
[14:48:18.699] [SEVERE ] updating countdown to 54947
[14:48:18.699] [SEVERE ] setting player 4 freeze to 0
[14:48:18.701] [SEVERE ] removing player 1 token from slot 0
[14:48:18.702] [SEVERE ] removing player 1 token from slot 8
[14:48:18.702] [SEVERE ] removing player 1 token from slot 9
[14:48:18.702] [SEVERE ] setting player 1 freeze to 3000
[14:48:19.364] [SEVERE ] player 3 placing token on slot 2
[14:48:19.714] [SEVERE ] setting player 1 freeze to 2000
[14:48:19.714] [SEVERE ] updating countdown to 53932
[14:48:19.715] [SEVERE ] player 4 placing token on slot 5
[14:48:19.716] [SEVERE ] removing player 3 token from slot 10
[14:48:19.717] [SEVERE ] removing player 3 token from slot 9
[14:48:19.717] [SEVERE ] removing player 3 token from slot 2
[14:48:19.718] [SEVERE ] setting player 3 freeze to 3000
[14:48:20.716] [SEVERE ] player 4 placing token on slot 1
[14:48:20.727] [SEVERE ] setting player 3 freeze to 2000
[14:48:20.727] [SEVERE ] setting player 1 freeze to 1000
[14:48:20.727] [SEVERE ] updating countdown to 52919
[14:48:21.729] [SEVERE ] setting player 1 freeze to 0
[14:48:21.729] [SEVERE ] updating countdown to 51917
[14:48:21.729] [SEVERE ] setting player 3 freeze to 1000
[14:48:21.729] [SEVERE ] player 4 placing token on slot 9
[14:48:22.730] [SEVERE ] setting player 3 freeze to 0
[14:48:22.730] [SEVERE ] updating countdown to 50916
[14:48:22.731] [SEVERE ] removing player 4 token from slot 5
[14:48:22.732] [SEVERE ] removing player 4 token from slot 1
[14:48:22.733] [SEVERE ] removing player 4 token from slot 9
[14:48:22.733] [SEVERE ] setting player 4 freeze to 3000
[14:48:23.583] [SEVERE ] key 69 was pressed by player 1
[14:48:23.584] [SEVERE ] player 1 placing token on slot 2
[14:48:23.745] [SEVERE ] setting player 4 freeze to 2000
[14:48:23.745] [SEVERE ] updating countdown to 49901
[14:48:23.746] [SEVERE ] player 3 placing token on slot 10
[14:48:23.859] [SEVERE ] key 88 was pressed by player 1
[14:48:23.860] [SEVERE ] player 1 placing token on slot 9
[14:48:23.988] [SEVERE ] key 90 was pressed by player 1
[14:48:23.989] [SEVERE ] player 1 placing token on slot 8
[14:48:24.757] [SEVERE ] setting player 4 freeze to 1000
[14:48:24.757] [SEVERE ] updating countdown to 48889
[14:48:24.757] [SEVERE ] player 3 placing token on slot 11
[14:48:24.869] [SEVERE ] removing player 1 token from slot 2
[14:48:24.869] [SEVERE ] removing tokens from slot 2
[14:48:24.869] [SEVERE ] removing card from slot 2
[14:48:24.978] [SEVERE ] removing player 1 token from slot 9
[14:48:24.979] [SEVERE ] removing tokens from slot 9
[14:48:24.979] [SEVERE ] removing card from slot 9
[14:48:25.090] [SEVERE ] removing player 1 token from slot 8
[14:48:25.090] [SEVERE ] removing tokens from slot 8
[14:48:25.090] [SEVERE ] removing card from slot 8
[14:48:25.090] [SEVERE ] setting player 1 score to 1
[14:48:25.091] [SEVERE ] setting player 1 freeze to 1000
[14:48:25.199] [SEVERE ] placing card 23 in slot 9
[14:48:25.310] [SEVERE ] placing card 26 in slot 2
[14:48:25.421] [SEVERE ] placing card 48 in slot 8
[14:48:25.771] [SEVERE ] setting player 4 freeze to 0
[14:48:25.771] [SEVERE ] removing player 3 token from slot 10
[14:48:26.103] [SEVERE ] setting player 1 freeze to 0
[14:48:26.103] [SEVERE ] updating countdown to 60000
[14:48:26.423] [SEVERE ] updating countdown to 47223
[14:48:26.774] [SEVERE ] player 4 placing token on slot 9
[14:48:26.775] [SEVERE ] player 3 placing token on slot 8
[14:48:27.426] [SEVERE ] updating countdown to 46220
[14:48:27.776] [SEVERE ] player 4 placing token on slot 4
[14:48:27.791] [SEVERE ] player 3 placing token on slot 6
[14:48:28.441] [SEVERE ] updating countdown to 45205
[14:48:28.442] [SEVERE ] removing player 3 token from slot 11
[14:48:28.443] [SEVERE ] removing player 3 token from slot 8
[14:48:28.443] [SEVERE ] removing player 3 token from slot 6
[14:48:28.443] [SEVERE ] setting player 3 freeze to 3000
[14:48:28.789] [SEVERE ] player 4 placing token on slot 11
[14:48:29.454] [SEVERE ] updating countdown to 44192
[14:48:29.454] [SEVERE ] setting player 3 freeze to 2000
[14:48:29.455] [SEVERE ] removing player 4 token from slot 9
[14:48:29.455] [SEVERE ] removing player 4 token from slot 4
[14:48:29.456] [SEVERE ] removing player 4 token from slot 11
[14:48:29.457] [SEVERE ] setting player 4 freeze to 3000
[14:48:30.456] [SEVERE ] setting player 3 freeze to 1000
[14:48:30.472] [SEVERE ] updating countdown to 43174
[14:48:30.472] [SEVERE ] setting player 4 freeze to 2000
[14:48:31.457] [SEVERE ] setting player 3 freeze to 0
[14:48:31.473] [SEVERE ] setting player 4 freeze to 1000
[14:48:31.473] [SEVERE ] updating countdown to 42173
[14:48:32.473] [SEVERE ] player 3 placing token on slot 11
[14:48:32.473] [SEVERE ] setting player 4 freeze to 0
[14:48:32.474] [SEVERE ] updating countdown to 41172
[14:48:33.474] [SEVERE ] player 3 placing token on slot 10
[14:48:33.476] [SEVERE ] updating countdown to 40170
[14:48:33.476] [SEVERE ] player 4 placing token on slot 7
[14:48:34.477] [SEVERE ] player 4 placing token on slot 1
[14:48:34.479] [SEVERE ] updating countdown to 39167
[14:48:34.479] [SEVERE ] player 3 placing token on slot 0
[14:48:35.480] [SEVERE ] updating countdown to 38166
[14:48:35.480] [SEVERE ] player 4 placing token on slot 10
[14:48:35.481] [SEVERE ] removing player 3 token from slot 11
[14:48:35.482] [SEVERE ] removing player 3 token from slot 10
[14:48:35.482] [SEVERE ] removing player 3 token from slot 0
[14:48:35.483] [SEVERE ] setting player 3 freeze to 3000
[14:48:35.483] [SEVERE ] removing player 4 token from slot 7
[14:48:35.484] [SEVERE ] removing player 4 token from slot 1
[14:48:35.484] [SEVERE ] removing player 4 token from slot 10
[14:48:35.484] [SEVERE ] setting player 4 freeze to 3000
[14:48:36.491] [SEVERE ] setting player 4 freeze to 2000
[14:48:36.491] [SEVERE ] updating countdown to 37155
[14:48:36.491] [SEVERE ] setting player 3 freeze to 2000
[14:48:37.493] [SEVERE ] setting player 3 freeze to 1000
[14:48:37.493] [SEVERE ] updating countdown to 36154
[14:48:37.493] [SEVERE ] setting player 4 freeze to 1000
