[17:45:14.813] [INFO   ] thread bguspl.set.Main.main() starting.
[17:45:14.813] [SEVERE ] cannot read configuration file config.properties trying from resources.
[17:45:14.813] [SEVERE ] configuration file was loaded from resources directory.
[17:45:16.009] [INFO   ] thread dealer starting.
[17:45:16.009] [INFO   ] thread dealer starting.
[17:45:16.009] [INFO   ] thread Thread-1 starting.
[17:45:16.009] [INFO   ] thread Thread-2 starting.
[17:45:16.009] [INFO   ] thread Thread-3 starting.
[17:45:16.009] [INFO   ] thread Thread-4 starting.
[17:45:16.024] [INFO   ] thread computer-2 starting.
[17:45:16.024] [INFO   ] thread computer-3 starting.
[17:45:16.033] [SEVERE ] updating countdown to 11000
[17:45:16.137] [SEVERE ] placing card 48 in slot 11
[17:45:16.248] [SEVERE ] placing card 11 in slot 8
[17:45:16.357] [SEVERE ] placing card 15 in slot 2
[17:45:16.467] [SEVERE ] placing card 14 in slot 6
[17:45:16.578] [SEVERE ] placing card 36 in slot 3
[17:45:16.688] [SEVERE ] placing card 59 in slot 4
[17:45:16.798] [SEVERE ] placing card 7 in slot 9
[17:45:16.908] [SEVERE ] placing card 30 in slot 10
[17:45:17.019] [SEVERE ] placing card 75 in slot 1
[17:45:17.133] [SEVERE ] placing card 17 in slot 0
[17:45:17.243] [SEVERE ] placing card 78 in slot 7
[17:45:17.352] [SEVERE ] placing card 80 in slot 5
[17:45:18.027] [SEVERE ] player 2 placing token on slot 8
[17:45:18.029] [SEVERE ] player 2 placing token on slot 6
[17:45:18.030] [SEVERE ] player 2 placing token on slot 0
[17:45:18.030] [SEVERE ] player 1 placing token on slot 8
[17:45:18.030] [SEVERE ] player 1 placing token on slot 6
[17:45:18.030] [SEVERE ] player 1 placing token on slot 0
[17:45:18.359] [SEVERE ] updating countdown to 10993
[17:45:18.359] [SEVERE ] updating countdown to 11000
[17:45:18.469] [SEVERE ] removing player 1 token from slot 8
[17:45:18.469] [SEVERE ] removing player 2 token from slot 8
[17:45:18.469] [SEVERE ] removing tokens from slot 8
[17:45:18.469] [SEVERE ] removing card from slot 8
[17:45:18.579] [SEVERE ] removing player 1 token from slot 6
[17:45:18.579] [SEVERE ] removing player 2 token from slot 6
[17:45:18.579] [SEVERE ] removing tokens from slot 6
[17:45:18.579] [SEVERE ] removing card from slot 6
[17:45:18.690] [SEVERE ] removing player 1 token from slot 0
[17:45:18.690] [SEVERE ] removing player 2 token from slot 0
[17:45:18.690] [SEVERE ] removing tokens from slot 0
[17:45:18.690] [SEVERE ] removing card from slot 0
[17:45:18.690] [SEVERE ] setting player 2 score to 1
[17:45:18.690] [SEVERE ] setting player 2 freeze to 1000
[17:45:18.795] [SEVERE ] placing card 23 in slot 8
[17:45:18.905] [SEVERE ] placing card 20 in slot 6
[17:45:19.015] [SEVERE ] placing card 4 in slot 0
[17:45:19.705] [SEVERE ] setting player 2 freeze to 0
[17:45:19.705] [SEVERE ] player 1 placing token on slot 0
[17:45:19.705] [SEVERE ] updating countdown to 11000
[17:45:19.706] [SEVERE ] player 1 placing token on slot 2
[17:45:19.706] [SEVERE ] player 1 placing token on slot 6
[17:45:20.020] [SEVERE ] updating countdown to 10685
[17:45:20.020] [SEVERE ] updating countdown to 11000
[17:45:20.036] [SEVERE ] player 4 placing token on slot 11
[17:45:20.037] [SEVERE ] player 3 placing token on slot 2
[17:45:20.130] [SEVERE ] removing player 1 token from slot 0
[17:45:20.130] [SEVERE ] removing tokens from slot 0
[17:45:20.130] [SEVERE ] removing card from slot 0
[17:45:20.240] [SEVERE ] removing player 1 token from slot 2
[17:45:20.240] [SEVERE ] removing player 3 token from slot 2
[17:45:20.240] [SEVERE ] removing tokens from slot 2
[17:45:20.240] [SEVERE ] removing card from slot 2
[17:45:20.352] [SEVERE ] removing player 1 token from slot 6
[17:45:20.352] [SEVERE ] removing tokens from slot 6
[17:45:20.352] [SEVERE ] removing card from slot 6
[17:45:20.352] [SEVERE ] setting player 1 score to 1
[17:45:20.352] [SEVERE ] setting player 1 freeze to 1000
[17:45:20.463] [SEVERE ] placing card 50 in slot 2
[17:45:20.573] [SEVERE ] placing card 44 in slot 6
[17:45:20.682] [SEVERE ] placing card 71 in slot 0
[17:45:20.714] [SEVERE ] player 2 placing token on slot 9
[17:45:20.714] [SEVERE ] player 2 placing token on slot 6
[17:45:20.714] [SEVERE ] player 2 placing token on slot 7
[17:45:21.044] [SEVERE ] player 4 placing token on slot 9
[17:45:21.048] [SEVERE ] player 4 placing token on slot 6
[17:45:21.048] [SEVERE ] player 3 placing token on slot 9
[17:45:21.048] [SEVERE ] player 3 placing token on slot 6
[17:45:21.048] [SEVERE ] player 3 placing token on slot 7
[17:45:21.362] [SEVERE ] setting player 1 freeze to 0
[17:45:21.362] [SEVERE ] updating countdown to 11000
[17:45:21.692] [SEVERE ] updating countdown to 10670
[17:45:21.692] [SEVERE ] updating countdown to 11000
[17:45:21.803] [SEVERE ] removing player 2 token from slot 9
[17:45:21.803] [SEVERE ] removing player 3 token from slot 9
[17:45:21.803] [SEVERE ] removing player 4 token from slot 9
[17:45:21.803] [SEVERE ] removing tokens from slot 9
[17:45:21.803] [SEVERE ] removing card from slot 9
[17:45:21.914] [SEVERE ] removing player 2 token from slot 6
[17:45:21.914] [SEVERE ] removing player 3 token from slot 6
[17:45:21.914] [SEVERE ] removing player 4 token from slot 6
[17:45:21.914] [SEVERE ] removing tokens from slot 6
[17:45:21.914] [SEVERE ] removing card from slot 6
[17:45:22.025] [SEVERE ] removing player 2 token from slot 7
[17:45:22.025] [SEVERE ] removing player 3 token from slot 7
[17:45:22.025] [SEVERE ] removing tokens from slot 7
[17:45:22.025] [SEVERE ] removing card from slot 7
[17:45:22.025] [SEVERE ] setting player 2 score to 2
[17:45:22.025] [SEVERE ] setting player 2 freeze to 1000
[17:45:22.136] [SEVERE ] placing card 5 in slot 6
[17:45:22.246] [SEVERE ] placing card 43 in slot 9
[17:45:22.356] [SEVERE ] placing card 63 in slot 7
[17:45:23.032] [SEVERE ] setting player 2 freeze to 0
[17:45:23.032] [SEVERE ] updating countdown to 11000
[17:45:23.362] [SEVERE ] updating countdown to 10670
[17:45:24.364] [SEVERE ] updating countdown to 9668
[17:45:25.367] [SEVERE ] updating countdown to 8665
[17:45:26.028] [SEVERE ] player 3 placing token on slot 8
[17:45:26.028] [SEVERE ] removing player 4 token from slot 11
[17:45:26.374] [SEVERE ] updating countdown to 7658
[17:45:27.380] [SEVERE ] updating countdown to 6652
[17:45:28.387] [SEVERE ] updating countdown to 5645
[17:45:30.032] [SEVERE ] updating countdown to 4000
[17:45:30.032] [SEVERE ] updating countdown to 4000
[17:45:30.032] [SEVERE ] updating countdown to 4000
[17:45:30.032] [SEVERE ] updating countdown to 4000
[17:45:30.032] [SEVERE ] updating countdown to 4000
[17:45:30.032] [SEVERE ] updating countdown to 4000
[17:45:31.036] [SEVERE ] player 3 placing token on slot 11
[17:45:31.037] [SEVERE ] player 4 placing token on slot 10
[17:45:32.032] [SEVERE ] updating countdown to 2000
[17:45:32.032] [SEVERE ] updating countdown to 2000
[17:45:32.032] [SEVERE ] updating countdown to 2000
[17:45:32.032] [SEVERE ] updating countdown to 2000
[17:45:32.032] [SEVERE ] updating countdown to 2000
[17:45:32.032] [SEVERE ] updating countdown to 2000
[17:45:32.032] [SEVERE ] updating countdown to 2000
[17:45:32.032] [SEVERE ] updating countdown to 2000
[17:45:34.032] [SEVERE ] updating countdown to 11000
[17:45:34.135] [SEVERE ] removing player 3 token from slot 11
[17:45:34.135] [SEVERE ] removing tokens from slot 11
[17:45:34.135] [SEVERE ] removing card from slot 11
[17:45:34.245] [SEVERE ] removing player 3 token from slot 8
[17:45:34.245] [SEVERE ] removing tokens from slot 8
[17:45:34.245] [SEVERE ] removing card from slot 8
[17:45:34.358] [SEVERE ] removing tokens from slot 2
[17:45:34.358] [SEVERE ] removing card from slot 2
[17:45:34.468] [SEVERE ] removing tokens from slot 6
[17:45:34.468] [SEVERE ] removing card from slot 6
[17:45:34.578] [SEVERE ] removing tokens from slot 3
[17:45:34.578] [SEVERE ] removing card from slot 3
[17:45:34.688] [SEVERE ] removing tokens from slot 4
[17:45:34.688] [SEVERE ] removing card from slot 4
[17:45:34.798] [SEVERE ] removing tokens from slot 9
[17:45:34.798] [SEVERE ] removing card from slot 9
[17:45:34.908] [SEVERE ] removing player 4 token from slot 10
[17:45:34.908] [SEVERE ] removing tokens from slot 10
[17:45:34.908] [SEVERE ] removing card from slot 10
[17:45:35.019] [SEVERE ] removing tokens from slot 1
[17:45:35.019] [SEVERE ] removing card from slot 1
[17:45:35.129] [SEVERE ] removing tokens from slot 0
[17:45:35.129] [SEVERE ] removing card from slot 0
[17:45:35.239] [SEVERE ] removing tokens from slot 7
[17:45:35.239] [SEVERE ] removing card from slot 7
[17:45:35.349] [SEVERE ] removing tokens from slot 5
[17:45:35.349] [SEVERE ] removing card from slot 5
[17:45:35.349] [SEVERE ] updating countdown to 11000
[17:45:35.455] [SEVERE ] placing card 31 in slot 11
[17:45:35.565] [SEVERE ] placing card 42 in slot 8
[17:45:35.674] [SEVERE ] placing card 79 in slot 2
[17:45:35.784] [SEVERE ] placing card 60 in slot 6
[17:45:35.894] [SEVERE ] placing card 32 in slot 3
[17:45:36.004] [SEVERE ] placing card 33 in slot 4
[17:45:36.114] [SEVERE ] placing card 61 in slot 9
[17:45:36.223] [SEVERE ] placing card 13 in slot 10
[17:45:36.333] [SEVERE ] placing card 69 in slot 1
[17:45:36.443] [SEVERE ] placing card 26 in slot 0
[17:45:36.553] [SEVERE ] placing card 16 in slot 7
[17:45:36.663] [SEVERE ] placing card 0 in slot 5
[17:45:37.056] [SEVERE ] player 4 placing token on slot 5
[17:45:37.056] [SEVERE ] player 4 placing token on slot 10
[17:45:37.056] [SEVERE ] player 4 placing token on slot 0
[17:45:37.056] [SEVERE ] player 3 placing token on slot 5
[17:45:37.056] [SEVERE ] player 3 placing token on slot 10
[17:45:37.056] [SEVERE ] player 3 placing token on slot 0
[17:45:37.669] [SEVERE ] updating countdown to 10994
[17:45:37.669] [SEVERE ] player 2 placing token on slot 5
[17:45:37.670] [SEVERE ] player 2 placing token on slot 10
[17:45:37.671] [SEVERE ] updating countdown to 11000
[17:45:37.671] [SEVERE ] player 1 placing token on slot 5
[17:45:37.671] [SEVERE ] player 1 placing token on slot 10
[17:45:37.672] [SEVERE ] player 1 placing token on slot 0
[17:45:37.672] [SEVERE ] player 2 placing token on slot 0
[17:45:37.781] [SEVERE ] removing player 1 token from slot 5
[17:45:37.781] [SEVERE ] removing player 2 token from slot 5
[17:45:37.781] [SEVERE ] removing player 3 token from slot 5
[17:45:37.781] [SEVERE ] removing player 4 token from slot 5
[17:45:37.781] [SEVERE ] removing tokens from slot 5
[17:45:37.781] [SEVERE ] removing card from slot 5
[17:45:37.891] [SEVERE ] removing player 1 token from slot 10
[17:45:37.891] [SEVERE ] removing player 2 token from slot 10
[17:45:37.891] [SEVERE ] removing player 3 token from slot 10
[17:45:37.891] [SEVERE ] removing player 4 token from slot 10
[17:45:37.891] [SEVERE ] removing tokens from slot 10
[17:45:37.891] [SEVERE ] removing card from slot 10
[17:45:38.001] [SEVERE ] removing player 1 token from slot 0
[17:45:38.001] [SEVERE ] removing player 2 token from slot 0
[17:45:38.001] [SEVERE ] removing player 3 token from slot 0
[17:45:38.001] [SEVERE ] removing player 4 token from slot 0
[17:45:38.001] [SEVERE ] removing tokens from slot 0
[17:45:38.001] [SEVERE ] removing card from slot 0
[17:45:38.001] [SEVERE ] setting player 4 score to 1
[17:45:38.001] [SEVERE ] setting player 4 freeze to 1000
[17:45:38.110] [SEVERE ] placing card 62 in slot 10
[17:45:38.220] [SEVERE ] placing card 47 in slot 0
[17:45:38.329] [SEVERE ] placing card 51 in slot 5
[17:45:39.008] [SEVERE ] player 1 placing token on slot 11
[17:45:39.009] [SEVERE ] setting player 4 freeze to 0
[17:45:39.009] [SEVERE ] updating countdown to 11000
[17:45:39.010] [SEVERE ] player 1 placing token on slot 8
[17:45:39.010] [SEVERE ] player 1 placing token on slot 0
[17:45:39.011] [SEVERE ] player 2 placing token on slot 11
[17:45:39.011] [SEVERE ] player 2 placing token on slot 8
[17:45:39.011] [SEVERE ] player 2 placing token on slot 0
[17:45:39.344] [SEVERE ] updating countdown to 10665
[17:45:39.344] [SEVERE ] updating countdown to 11000
[17:45:39.454] [SEVERE ] removing player 1 token from slot 11
[17:45:39.454] [SEVERE ] removing player 2 token from slot 11
[17:45:39.454] [SEVERE ] removing tokens from slot 11
[17:45:39.454] [SEVERE ] removing card from slot 11
[17:45:39.565] [SEVERE ] removing player 1 token from slot 8
[17:45:39.565] [SEVERE ] removing player 2 token from slot 8
[17:45:39.565] [SEVERE ] removing tokens from slot 8
[17:45:39.565] [SEVERE ] removing card from slot 8
[17:45:39.675] [SEVERE ] removing player 1 token from slot 0
[17:45:39.675] [SEVERE ] removing player 2 token from slot 0
[17:45:39.675] [SEVERE ] removing tokens from slot 0
[17:45:39.675] [SEVERE ] removing card from slot 0
[17:45:39.675] [SEVERE ] setting player 1 score to 2
[17:45:39.675] [SEVERE ] setting player 1 freeze to 1000
[17:45:39.789] [SEVERE ] placing card 41 in slot 11
[17:45:39.899] [SEVERE ] placing card 72 in slot 8
[17:45:40.010] [SEVERE ] placing card 55 in slot 0
[17:45:40.690] [SEVERE ] setting player 1 freeze to 0
[17:45:40.690] [SEVERE ] player 2 placing token on slot 10
[17:45:40.690] [SEVERE ] updating countdown to 11000
[17:45:40.690] [SEVERE ] player 2 placing token on slot 1
[17:45:40.690] [SEVERE ] player 2 placing token on slot 2
[17:45:41.021] [SEVERE ] updating countdown to 10669
[17:45:41.021] [SEVERE ] updating countdown to 11000
[17:45:41.132] [SEVERE ] removing player 2 token from slot 10
[17:45:41.132] [SEVERE ] removing tokens from slot 10
[17:45:41.132] [SEVERE ] removing card from slot 10
[17:45:41.244] [SEVERE ] removing player 2 token from slot 1
[17:45:41.244] [SEVERE ] removing tokens from slot 1
[17:45:41.244] [SEVERE ] removing card from slot 1
[17:45:41.355] [SEVERE ] removing player 2 token from slot 2
[17:45:41.355] [SEVERE ] removing tokens from slot 2
[17:45:41.355] [SEVERE ] removing card from slot 2
[17:45:41.355] [SEVERE ] setting player 2 score to 3
[17:45:41.355] [SEVERE ] setting player 2 freeze to 1000
[17:45:41.461] [SEVERE ] placing card 28 in slot 2
[17:45:41.572] [SEVERE ] placing card 68 in slot 10
[17:45:41.683] [SEVERE ] placing card 52 in slot 1
[17:45:41.698] [SEVERE ] player 1 placing token on slot 7
[17:45:41.698] [SEVERE ] player 1 placing token on slot 1
[17:45:41.698] [SEVERE ] player 1 placing token on slot 9
[17:45:42.014] [SEVERE ] player 3 placing token on slot 1
[17:45:42.361] [SEVERE ] setting player 2 freeze to 0
[17:45:42.362] [SEVERE ] updating countdown to 11000
[17:45:42.692] [SEVERE ] updating countdown to 10670
[17:45:42.692] [SEVERE ] updating countdown to 11000
[17:45:42.803] [SEVERE ] removing player 1 token from slot 7
[17:45:42.803] [SEVERE ] removing tokens from slot 7
[17:45:42.804] [SEVERE ] removing card from slot 7
[17:45:42.916] [SEVERE ] removing player 1 token from slot 1
[17:45:42.916] [SEVERE ] removing player 3 token from slot 1
[17:45:42.916] [SEVERE ] removing tokens from slot 1
[17:45:42.916] [SEVERE ] removing card from slot 1
[17:45:43.011] [SEVERE ] player 4 placing token on slot 0
[17:45:43.026] [SEVERE ] removing player 1 token from slot 9
[17:45:43.027] [SEVERE ] removing tokens from slot 9
[17:45:43.027] [SEVERE ] removing card from slot 9
[17:45:43.027] [SEVERE ] player 3 placing token on slot 2
[17:45:43.027] [SEVERE ] setting player 1 score to 3
[17:45:43.027] [SEVERE ] setting player 1 freeze to 1000
[17:45:43.027] [SEVERE ] player 3 placing token on slot 3
[17:45:43.027] [SEVERE ] player 3 placing token on slot 4
[17:45:43.132] [SEVERE ] placing card 77 in slot 9
[17:45:43.244] [SEVERE ] placing card 53 in slot 1
[17:45:43.356] [SEVERE ] placing card 57 in slot 7
[17:45:43.371] [SEVERE ] player 2 placing token on slot 2
[17:45:43.372] [SEVERE ] player 2 placing token on slot 3
[17:45:43.372] [SEVERE ] player 2 placing token on slot 4
[17:45:44.018] [SEVERE ] player 4 placing token on slot 2
[17:45:44.018] [SEVERE ] player 4 placing token on slot 3
[17:45:44.034] [SEVERE ] setting player 1 freeze to 0
[17:45:44.034] [SEVERE ] updating countdown to 11000
[17:45:44.363] [SEVERE ] updating countdown to 10671
[17:45:44.363] [SEVERE ] updating countdown to 11000
[17:45:44.474] [SEVERE ] removing player 2 token from slot 2
[17:45:44.474] [SEVERE ] removing player 3 token from slot 2
[17:45:44.474] [SEVERE ] removing player 4 token from slot 2
[17:45:44.474] [SEVERE ] removing tokens from slot 2
[17:45:44.474] [SEVERE ] removing card from slot 2
[17:45:44.583] [SEVERE ] removing player 2 token from slot 3
[17:45:44.583] [SEVERE ] removing player 3 token from slot 3
[17:45:44.583] [SEVERE ] removing player 4 token from slot 3
[17:45:44.583] [SEVERE ] removing tokens from slot 3
[17:45:44.583] [SEVERE ] removing card from slot 3
[17:45:44.693] [SEVERE ] removing player 2 token from slot 4
[17:45:44.693] [SEVERE ] removing player 3 token from slot 4
[17:45:44.693] [SEVERE ] removing tokens from slot 4
[17:45:44.693] [SEVERE ] removing card from slot 4
[17:45:44.693] [SEVERE ] setting player 3 score to 1
[17:45:44.693] [SEVERE ] setting player 3 freeze to 1000
[17:45:44.807] [SEVERE ] placing card 5 in slot 2
[17:45:44.917] [SEVERE ] placing card 9 in slot 3
[17:45:45.027] [SEVERE ] placing card 18 in slot 4
[17:45:45.043] [SEVERE ] player 1 placing token on slot 2
[17:45:45.043] [SEVERE ] player 1 placing token on slot 11
[17:45:45.043] [SEVERE ] player 1 placing token on slot 9
[17:45:45.707] [SEVERE ] setting player 3 freeze to 0
[17:45:45.707] [SEVERE ] player 2 placing token on slot 2
[17:45:45.707] [SEVERE ] updating countdown to 11000
[17:45:45.707] [SEVERE ] player 2 placing token on slot 11
[17:45:45.707] [SEVERE ] player 2 placing token on slot 9
[17:45:46.038] [SEVERE ] updating countdown to 10669
[17:45:46.038] [SEVERE ] updating countdown to 11000
[17:45:46.148] [SEVERE ] removing player 1 token from slot 2
[17:45:46.148] [SEVERE ] removing player 2 token from slot 2
[17:45:46.148] [SEVERE ] removing tokens from slot 2
[17:45:46.148] [SEVERE ] removing card from slot 2
[17:45:46.258] [SEVERE ] removing player 1 token from slot 11
[17:45:46.258] [SEVERE ] removing player 2 token from slot 11
[17:45:46.258] [SEVERE ] removing tokens from slot 11
[17:45:46.258] [SEVERE ] removing card from slot 11
[17:45:46.371] [SEVERE ] removing player 1 token from slot 9
[17:45:46.371] [SEVERE ] removing player 2 token from slot 9
[17:45:46.371] [SEVERE ] removing tokens from slot 9
[17:45:46.371] [SEVERE ] removing card from slot 9
[17:45:46.371] [SEVERE ] setting player 1 score to 4
[17:45:46.371] [SEVERE ] setting player 1 freeze to 1000
[17:45:46.480] [SEVERE ] placing card 22 in slot 11
[17:45:46.591] [SEVERE ] placing card 3 in slot 2
[17:45:46.701] [SEVERE ] placing card 8 in slot 9
[17:45:47.379] [SEVERE ] setting player 1 freeze to 0
[17:45:47.379] [SEVERE ] player 2 placing token on slot 11
[17:45:47.379] [SEVERE ] updating countdown to 11000
[17:45:47.379] [SEVERE ] player 2 placing token on slot 1
[17:45:47.379] [SEVERE ] player 2 placing token on slot 8
[17:45:47.717] [SEVERE ] updating countdown to 10662
[17:45:47.717] [SEVERE ] updating countdown to 11000
[17:45:47.832] [SEVERE ] removing player 2 token from slot 11
[17:45:47.832] [SEVERE ] removing tokens from slot 11
[17:45:47.832] [SEVERE ] removing card from slot 11
[17:45:47.942] [SEVERE ] removing player 2 token from slot 1
[17:45:47.942] [SEVERE ] removing tokens from slot 1
[17:45:47.942] [SEVERE ] removing card from slot 1
[17:45:48.053] [SEVERE ] removing player 2 token from slot 8
[17:45:48.053] [SEVERE ] removing tokens from slot 8
[17:45:48.053] [SEVERE ] removing card from slot 8
[17:45:48.053] [SEVERE ] setting player 2 score to 4
[17:45:48.053] [SEVERE ] setting player 2 freeze to 1000
[17:45:48.157] [SEVERE ] placing card 19 in slot 11
[17:45:48.268] [SEVERE ] placing card 70 in slot 8
[17:45:48.380] [SEVERE ] placing card 46 in slot 1
[17:45:48.380] [SEVERE ] player 1 placing token on slot 3
[17:45:48.380] [SEVERE ] player 1 placing token on slot 5
[17:45:48.380] [SEVERE ] player 1 placing token on slot 7
[17:45:48.697] [SEVERE ] player 4 placing token on slot 3
[17:45:49.060] [SEVERE ] setting player 2 freeze to 0
[17:45:49.060] [SEVERE ] updating countdown to 11000
[17:45:49.392] [SEVERE ] updating countdown to 10668
[17:45:49.392] [SEVERE ] updating countdown to 11000
[17:45:49.502] [SEVERE ] removing player 1 token from slot 3
[17:45:49.502] [SEVERE ] removing player 4 token from slot 3
[17:45:49.502] [SEVERE ] removing tokens from slot 3
[17:45:49.502] [SEVERE ] removing card from slot 3
[17:45:49.613] [SEVERE ] removing player 1 token from slot 5
[17:45:49.613] [SEVERE ] removing tokens from slot 5
[17:45:49.613] [SEVERE ] removing card from slot 5
[17:45:49.708] [SEVERE ] player 3 placing token on slot 11
[17:45:49.723] [SEVERE ] removing player 1 token from slot 7
[17:45:49.723] [SEVERE ] removing tokens from slot 7
[17:45:49.723] [SEVERE ] removing card from slot 7
[17:45:49.723] [SEVERE ] setting player 1 score to 5
[17:45:49.723] [SEVERE ] setting player 1 freeze to 1000
[17:45:49.828] [SEVERE ] placing card 59 in slot 3
[17:45:49.938] [SEVERE ] placing card 2 in slot 7
[17:45:50.049] [SEVERE ] placing card 10 in slot 5
[17:45:50.065] [SEVERE ] player 2 placing token on slot 5
[17:45:50.065] [SEVERE ] player 2 placing token on slot 1
[17:45:50.065] [SEVERE ] player 2 placing token on slot 0
[17:45:50.711] [SEVERE ] player 3 placing token on slot 5
[17:45:50.711] [SEVERE ] player 3 placing token on slot 1
[17:45:50.727] [SEVERE ] setting player 1 freeze to 0
[17:45:50.727] [SEVERE ] updating countdown to 11000
[17:45:51.057] [SEVERE ] updating countdown to 10670
[17:45:51.057] [SEVERE ] updating countdown to 11000
[17:45:51.167] [SEVERE ] removing player 2 token from slot 5
[17:45:51.167] [SEVERE ] removing player 3 token from slot 5
[17:45:51.167] [SEVERE ] removing tokens from slot 5
[17:45:51.167] [SEVERE ] removing card from slot 5
[17:45:51.278] [SEVERE ] removing player 2 token from slot 1
[17:45:51.278] [SEVERE ] removing player 3 token from slot 1
[17:45:51.278] [SEVERE ] removing tokens from slot 1
[17:45:51.278] [SEVERE ] removing card from slot 1
[17:45:51.388] [SEVERE ] removing player 2 token from slot 0
[17:45:51.388] [SEVERE ] removing player 4 token from slot 0
[17:45:51.388] [SEVERE ] removing tokens from slot 0
[17:45:51.388] [SEVERE ] removing card from slot 0
[17:45:51.388] [SEVERE ] setting player 2 score to 5
[17:45:51.390] [SEVERE ] setting player 2 freeze to 1000
[17:45:51.498] [SEVERE ] placing card 50 in slot 1
[17:45:51.609] [SEVERE ] placing card 74 in slot 0
[17:45:51.719] [SEVERE ] placing card 73 in slot 5
[17:45:51.735] [SEVERE ] player 1 placing token on slot 6
[17:45:51.735] [SEVERE ] player 1 placing token on slot 10
[17:45:51.735] [SEVERE ] player 1 placing token on slot 5
[17:45:52.398] [SEVERE ] setting player 2 freeze to 0
[17:45:52.398] [SEVERE ] updating countdown to 11000
[17:45:52.729] [SEVERE ] updating countdown to 10669
[17:45:52.729] [SEVERE ] updating countdown to 11000
[17:45:52.840] [SEVERE ] removing player 1 token from slot 6
[17:45:52.840] [SEVERE ] removing tokens from slot 6
[17:45:52.840] [SEVERE ] removing card from slot 6
[17:45:52.951] [SEVERE ] removing player 1 token from slot 10
[17:45:52.951] [SEVERE ] removing tokens from slot 10
[17:45:52.951] [SEVERE ] removing card from slot 10
[17:45:53.062] [SEVERE ] removing player 1 token from slot 5
[17:45:53.062] [SEVERE ] removing tokens from slot 5
[17:45:53.062] [SEVERE ] removing card from slot 5
[17:45:53.062] [SEVERE ] setting player 1 score to 6
[17:45:53.062] [SEVERE ] setting player 1 freeze to 1000
[17:45:53.173] [SEVERE ] placing card 40 in slot 6
[17:45:53.283] [SEVERE ] placing card 71 in slot 10
[17:45:53.395] [SEVERE ] placing card 39 in slot 5
[17:45:53.410] [SEVERE ] player 2 placing token on slot 3
[17:45:53.410] [SEVERE ] player 2 placing token on slot 10
[17:45:53.410] [SEVERE ] player 2 placing token on slot 0
[17:45:53.711] [SEVERE ] player 4 placing token on slot 0
[17:45:54.074] [SEVERE ] setting player 1 freeze to 0
[17:45:54.074] [SEVERE ] updating countdown to 11000
[17:45:54.404] [SEVERE ] updating countdown to 10670
[17:45:54.404] [SEVERE ] updating countdown to 11000
[17:45:54.516] [SEVERE ] removing player 2 token from slot 3
[17:45:54.516] [SEVERE ] removing tokens from slot 3
[17:45:54.516] [SEVERE ] removing card from slot 3
[17:45:54.628] [SEVERE ] removing player 2 token from slot 10
[17:45:54.628] [SEVERE ] removing tokens from slot 10
[17:45:54.628] [SEVERE ] removing card from slot 10
[17:45:54.739] [SEVERE ] removing player 2 token from slot 0
[17:45:54.739] [SEVERE ] removing player 4 token from slot 0
[17:45:54.739] [SEVERE ] removing tokens from slot 0
[17:45:54.739] [SEVERE ] removing card from slot 0
[17:45:54.739] [SEVERE ] setting player 2 score to 6
[17:45:54.739] [SEVERE ] setting player 2 freeze to 1000
[17:45:54.841] [SEVERE ] placing card 35 in slot 3
[17:45:54.951] [SEVERE ] placing card 80 in slot 10
[17:45:55.061] [SEVERE ] placing card 63 in slot 0
[17:45:55.395] [SEVERE ] player 3 placing token on slot 8
[17:45:55.743] [SEVERE ] setting player 2 freeze to 0
[17:45:55.743] [SEVERE ] updating countdown to 11000
[17:45:56.075] [SEVERE ] updating countdown to 10668
[17:45:57.088] [SEVERE ] updating countdown to 9655
[17:45:58.096] [SEVERE ] updating countdown to 8647
[17:45:58.728] [SEVERE ] player 4 placing token on slot 8
[17:45:59.105] [SEVERE ] updating countdown to 7638
[17:46:00.114] [SEVERE ] updating countdown to 6629
[17:46:00.415] [SEVERE ] player 3 placing token on slot 7
[17:46:01.123] [SEVERE ] updating countdown to 5620
[17:46:01.123] [SEVERE ] removing player 3 token from slot 11
[17:46:01.123] [SEVERE ] removing player 3 token from slot 8
[17:46:01.123] [SEVERE ] removing player 3 token from slot 7
[17:46:01.423] [SEVERE ] setting player 3 freeze to 3000
[17:46:02.431] [SEVERE ] setting player 3 freeze to 2000
[17:46:02.743] [SEVERE ] updating countdown to 4000
[17:46:03.439] [SEVERE ] setting player 3 freeze to 1000
[17:46:03.734] [SEVERE ] player 4 placing token on slot 1
[17:46:03.743] [SEVERE ] updating countdown to 3000
[17:46:03.743] [SEVERE ] updating countdown to 3000
[17:46:03.743] [SEVERE ] updating countdown to 3000
[17:46:03.743] [SEVERE ] updating countdown to 3000
[17:46:03.743] [SEVERE ] updating countdown to 3000
[17:46:03.743] [SEVERE ] updating countdown to 3000
[17:46:03.743] [SEVERE ] updating countdown to 3000
[17:46:04.442] [SEVERE ] setting player 3 freeze to 0
[17:46:06.743] [SEVERE ] updating countdown to 11000
[17:46:06.851] [SEVERE ] removing tokens from slot 11
[17:46:06.851] [SEVERE ] removing card from slot 11
[17:46:06.961] [SEVERE ] removing player 4 token from slot 8
[17:46:06.961] [SEVERE ] removing tokens from slot 8
[17:46:06.961] [SEVERE ] removing card from slot 8
[17:46:07.071] [SEVERE ] removing tokens from slot 2
[17:46:07.071] [SEVERE ] removing card from slot 2
[17:46:07.181] [SEVERE ] removing tokens from slot 6
[17:46:07.181] [SEVERE ] removing card from slot 6
[17:46:07.291] [SEVERE ] removing tokens from slot 3
[17:46:07.291] [SEVERE ] removing card from slot 3
[17:46:07.401] [SEVERE ] removing tokens from slot 4
[17:46:07.401] [SEVERE ] removing card from slot 4
[17:46:07.511] [SEVERE ] removing tokens from slot 9
[17:46:07.511] [SEVERE ] removing card from slot 9
[17:46:07.621] [SEVERE ] removing tokens from slot 10
[17:46:07.621] [SEVERE ] removing card from slot 10
[17:46:07.732] [SEVERE ] removing player 4 token from slot 1
[17:46:07.732] [SEVERE ] removing tokens from slot 1
[17:46:07.732] [SEVERE ] removing card from slot 1
[17:46:07.842] [SEVERE ] removing tokens from slot 0
[17:46:07.842] [SEVERE ] removing card from slot 0
[17:46:07.952] [SEVERE ] removing tokens from slot 7
[17:46:07.952] [SEVERE ] removing card from slot 7
[17:46:08.062] [SEVERE ] removing tokens from slot 5
[17:46:08.062] [SEVERE ] removing card from slot 5
[17:46:08.062] [SEVERE ] updating countdown to 11000
[17:46:08.173] [SEVERE ] placing card 18 in slot 11
[17:46:08.283] [SEVERE ] placing card 1 in slot 8
[17:46:08.393] [SEVERE ] placing card 30 in slot 2
[17:46:08.503] [SEVERE ] placing card 23 in slot 6
[17:46:08.614] [SEVERE ] placing card 2 in slot 3
[17:46:08.725] [SEVERE ] placing card 70 in slot 4
[17:46:08.836] [SEVERE ] placing card 54 in slot 9
[17:46:08.946] [SEVERE ] placing card 63 in slot 10
[17:46:09.056] [SEVERE ] placing card 38 in slot 1
[17:46:09.167] [SEVERE ] placing card 45 in slot 0
[17:46:09.277] [SEVERE ] placing card 3 in slot 7
[17:46:09.386] [SEVERE ] placing card 21 in slot 5
[17:46:10.392] [SEVERE ] updating countdown to 10994
[17:46:11.405] [SEVERE ] updating countdown to 9981
[17:46:12.409] [SEVERE ] updating countdown to 8977
[17:46:13.411] [SEVERE ] updating countdown to 7975
[17:46:13.473] [SEVERE ] player 3 placing token on slot 2
[17:46:13.756] [SEVERE ] player 4 placing token on slot 2
[17:46:14.418] [SEVERE ] updating countdown to 6968
[17:46:15.429] [SEVERE ] updating countdown to 5957
[17:46:17.386] [SEVERE ] updating countdown to 4000
[17:46:18.386] [SEVERE ] updating countdown to 3000
[17:46:18.495] [SEVERE ] player 3 placing token on slot 5
[17:46:18.778] [SEVERE ] player 4 placing token on slot 11
[17:46:19.386] [SEVERE ] updating countdown to 2000
[17:46:19.386] [SEVERE ] updating countdown to 2000
[17:46:20.386] [SEVERE ] updating countdown to 1000
[17:46:21.386] [SEVERE ] updating countdown to 11000
[17:46:21.489] [SEVERE ] removing player 4 token from slot 11
[17:46:21.489] [SEVERE ] removing tokens from slot 11
[17:46:21.489] [SEVERE ] removing card from slot 11
[17:46:21.599] [SEVERE ] removing tokens from slot 8
[17:46:21.599] [SEVERE ] removing card from slot 8
[17:46:21.711] [SEVERE ] removing player 3 token from slot 2
[17:46:21.711] [SEVERE ] removing player 4 token from slot 2
[17:46:21.711] [SEVERE ] removing tokens from slot 2
[17:46:21.711] [SEVERE ] removing card from slot 2
[17:46:21.823] [SEVERE ] removing tokens from slot 6
[17:46:21.823] [SEVERE ] removing card from slot 6
[17:46:21.933] [SEVERE ] removing tokens from slot 3
[17:46:21.933] [SEVERE ] removing card from slot 3
[17:46:22.043] [SEVERE ] removing tokens from slot 4
[17:46:22.043] [SEVERE ] removing card from slot 4
[17:46:22.155] [SEVERE ] removing tokens from slot 9
[17:46:22.155] [SEVERE ] removing card from slot 9
[17:46:22.265] [SEVERE ] removing tokens from slot 10
[17:46:22.265] [SEVERE ] removing card from slot 10
[17:46:22.377] [SEVERE ] removing tokens from slot 1
[17:46:22.377] [SEVERE ] removing card from slot 1
[17:46:22.489] [SEVERE ] removing tokens from slot 0
[17:46:22.489] [SEVERE ] removing card from slot 0
[17:46:22.599] [SEVERE ] removing tokens from slot 7
[17:46:22.599] [SEVERE ] removing card from slot 7
[17:46:22.708] [SEVERE ] removing player 3 token from slot 5
[17:46:22.710] [SEVERE ] removing tokens from slot 5
[17:46:22.710] [SEVERE ] removing card from slot 5
[17:46:22.710] [SEVERE ] updating countdown to 11000
[17:46:22.816] [SEVERE ] placing card 56 in slot 11
[17:46:22.925] [SEVERE ] placing card 39 in slot 8
[17:46:23.033] [SEVERE ] placing card 1 in slot 2
[17:46:23.141] [SEVERE ] placing card 27 in slot 6
[17:46:23.250] [SEVERE ] placing card 67 in slot 3
[17:46:23.361] [SEVERE ] placing card 23 in slot 4
[17:46:23.470] [SEVERE ] placing card 2 in slot 9
[17:46:23.579] [SEVERE ] placing card 25 in slot 10
[17:46:23.688] [SEVERE ] placing card 49 in slot 1
[17:46:23.796] [SEVERE ] placing card 50 in slot 0
[17:46:23.908] [SEVERE ] placing card 38 in slot 7
[17:46:24.017] [SEVERE ] placing card 75 in slot 5
[17:46:24.505] [SEVERE ] player 3 placing token on slot 4
[17:46:24.505] [SEVERE ] player 3 placing token on slot 1
[17:46:24.506] [SEVERE ] player 3 placing token on slot 5
[17:46:24.786] [SEVERE ] player 4 placing token on slot 4
[17:46:24.787] [SEVERE ] player 4 placing token on slot 1
[17:46:24.787] [SEVERE ] player 4 placing token on slot 5
[17:46:25.023] [SEVERE ] updating countdown to 10994
[17:46:25.024] [SEVERE ] updating countdown to 11000
[17:46:25.024] [SEVERE ] player 2 placing token on slot 4
[17:46:25.025] [SEVERE ] player 2 placing token on slot 1
[17:46:25.025] [SEVERE ] player 2 placing token on slot 5
[17:46:25.025] [SEVERE ] player 1 placing token on slot 4
[17:46:25.025] [SEVERE ] player 1 placing token on slot 1
[17:46:25.026] [SEVERE ] player 1 placing token on slot 5
[17:46:25.125] [SEVERE ] removing player 1 token from slot 4
[17:46:25.125] [SEVERE ] removing player 2 token from slot 4
[17:46:25.125] [SEVERE ] removing player 3 token from slot 4
[17:46:25.126] [SEVERE ] removing player 4 token from slot 4
[17:46:25.126] [SEVERE ] removing tokens from slot 4
[17:46:25.126] [SEVERE ] removing card from slot 4
[17:46:25.240] [SEVERE ] removing player 1 token from slot 1
[17:46:25.240] [SEVERE ] removing player 2 token from slot 1
[17:46:25.240] [SEVERE ] removing player 3 token from slot 1
[17:46:25.240] [SEVERE ] removing player 4 token from slot 1
[17:46:25.240] [SEVERE ] removing tokens from slot 1
[17:46:25.240] [SEVERE ] removing card from slot 1
[17:46:25.352] [SEVERE ] removing player 1 token from slot 5
[17:46:25.352] [SEVERE ] removing player 2 token from slot 5
[17:46:25.352] [SEVERE ] removing player 3 token from slot 5
[17:46:25.352] [SEVERE ] removing player 4 token from slot 5
[17:46:25.352] [SEVERE ] removing tokens from slot 5
[17:46:25.352] [SEVERE ] removing card from slot 5
[17:46:25.352] [SEVERE ] setting player 3 score to 2
[17:46:25.352] [SEVERE ] setting player 3 freeze to 1000
[17:46:25.463] [SEVERE ] placing card 66 in slot 4
[17:46:25.572] [SEVERE ] placing card 29 in slot 1
[17:46:25.682] [SEVERE ] placing card 24 in slot 5
[17:46:26.356] [SEVERE ] player 1 placing token on slot 5
[17:46:26.356] [SEVERE ] setting player 3 freeze to 0
[17:46:26.356] [SEVERE ] updating countdown to 11000
[17:46:26.357] [SEVERE ] player 1 placing token on slot 1
[17:46:26.357] [SEVERE ] player 1 placing token on slot 3
[17:46:26.357] [SEVERE ] player 2 placing token on slot 5
[17:46:26.357] [SEVERE ] player 2 placing token on slot 1
[17:46:26.357] [SEVERE ] player 2 placing token on slot 3
[17:46:26.683] [SEVERE ] updating countdown to 10673
[17:46:26.683] [SEVERE ] updating countdown to 11000
[17:46:26.793] [SEVERE ] removing player 1 token from slot 5
[17:46:26.793] [SEVERE ] removing player 2 token from slot 5
[17:46:26.793] [SEVERE ] removing tokens from slot 5
[17:46:26.793] [SEVERE ] removing card from slot 5
[17:46:26.903] [SEVERE ] removing player 1 token from slot 1
[17:46:26.903] [SEVERE ] removing player 2 token from slot 1
[17:46:26.903] [SEVERE ] removing tokens from slot 1
[17:46:26.903] [SEVERE ] removing card from slot 1
[17:46:27.011] [SEVERE ] removing player 1 token from slot 3
[17:46:27.011] [SEVERE ] removing player 2 token from slot 3
[17:46:27.011] [SEVERE ] removing tokens from slot 3
[17:46:27.011] [SEVERE ] removing card from slot 3
[17:46:27.012] [SEVERE ] setting player 1 score to 7
[17:46:27.012] [SEVERE ] setting player 1 freeze to 1000
[17:46:27.120] [SEVERE ] placing card 58 in slot 3
[17:46:27.229] [SEVERE ] placing card 48 in slot 1
[17:46:27.339] [SEVERE ] placing card 8 in slot 5
[17:46:28.017] [SEVERE ] setting player 1 freeze to 0
[17:46:28.017] [SEVERE ] player 2 placing token on slot 2
[17:46:28.017] [SEVERE ] updating countdown to 11000
[17:46:28.017] [SEVERE ] player 2 placing token on slot 6
[17:46:28.018] [SEVERE ] player 2 placing token on slot 11
[17:46:28.346] [SEVERE ] updating countdown to 10671
[17:46:28.347] [SEVERE ] updating countdown to 11000
[17:46:28.456] [SEVERE ] removing player 2 token from slot 2
[17:46:28.456] [SEVERE ] removing tokens from slot 2
[17:46:28.456] [SEVERE ] removing card from slot 2
[17:46:28.566] [SEVERE ] removing player 2 token from slot 6
[17:46:28.566] [SEVERE ] removing tokens from slot 6
[17:46:28.566] [SEVERE ] removing card from slot 6
[17:46:28.676] [SEVERE ] removing player 2 token from slot 11
[17:46:28.676] [SEVERE ] removing tokens from slot 11
[17:46:28.676] [SEVERE ] removing card from slot 11
[17:46:28.677] [SEVERE ] setting player 2 score to 7
[17:46:28.677] [SEVERE ] setting player 2 freeze to 1000
[17:46:28.784] [SEVERE ] placing card 35 in slot 11
[17:46:28.895] [SEVERE ] placing card 64 in slot 2
[17:46:29.006] [SEVERE ] placing card 63 in slot 6
[17:46:29.021] [SEVERE ] player 1 placing token on slot 11
[17:46:29.022] [SEVERE ] player 1 placing token on slot 7
[17:46:29.022] [SEVERE ] player 1 placing token on slot 0
[17:46:29.353] [SEVERE ] player 4 placing token on slot 7
[17:46:29.680] [SEVERE ] setting player 2 freeze to 0
[17:46:29.681] [SEVERE ] updating countdown to 11000
[17:46:30.009] [SEVERE ] updating countdown to 10672
[17:46:30.010] [SEVERE ] updating countdown to 11000
[17:46:30.119] [SEVERE ] removing player 1 token from slot 11
[17:46:30.119] [SEVERE ] removing tokens from slot 11
[17:46:30.119] [SEVERE ] removing card from slot 11
[17:46:30.229] [SEVERE ] removing player 1 token from slot 7
[17:46:30.229] [SEVERE ] removing player 4 token from slot 7
[17:46:30.229] [SEVERE ] removing tokens from slot 7
[17:46:30.229] [SEVERE ] removing card from slot 7
[17:46:30.339] [SEVERE ] removing player 1 token from slot 0
[17:46:30.339] [SEVERE ] removing tokens from slot 0
[17:46:30.340] [SEVERE ] removing card from slot 0
[17:46:30.340] [SEVERE ] setting player 1 score to 8
[17:46:30.340] [SEVERE ] setting player 1 freeze to 1000
[17:46:30.355] [SEVERE ] player 4 placing token on slot 5
[17:46:30.356] [SEVERE ] player 4 placing token on slot 1
[17:46:30.356] [SEVERE ] player 4 placing token on slot 2
[17:46:30.448] [SEVERE ] placing card 19 in slot 11
[17:46:30.557] [SEVERE ] placing card 76 in slot 0
[17:46:30.666] [SEVERE ] placing card 18 in slot 7
[17:46:30.682] [SEVERE ] player 2 placing token on slot 5
[17:46:30.682] [SEVERE ] player 2 placing token on slot 1
[17:46:30.682] [SEVERE ] player 2 placing token on slot 2
[17:46:31.356] [SEVERE ] setting player 1 freeze to 0
[17:46:31.357] [SEVERE ] updating countdown to 11000
[17:46:31.372] [SEVERE ] player 3 placing token on slot 5
[17:46:31.372] [SEVERE ] player 3 placing token on slot 1
[17:46:31.372] [SEVERE ] player 3 placing token on slot 2
[17:46:31.671] [SEVERE ] updating countdown to 10686
[17:46:31.671] [SEVERE ] updating countdown to 11000
[17:46:31.781] [SEVERE ] removing player 2 token from slot 5
[17:46:31.781] [SEVERE ] removing player 3 token from slot 5
[17:46:31.781] [SEVERE ] removing player 4 token from slot 5
[17:46:31.781] [SEVERE ] removing tokens from slot 5
[17:46:31.781] [SEVERE ] removing card from slot 5
[17:46:31.890] [SEVERE ] removing player 2 token from slot 1
[17:46:31.891] [SEVERE ] removing player 3 token from slot 1
[17:46:31.891] [SEVERE ] removing player 4 token from slot 1
[17:46:31.891] [SEVERE ] removing tokens from slot 1
[17:46:31.891] [SEVERE ] removing card from slot 1
[17:46:31.999] [SEVERE ] removing player 2 token from slot 2
[17:46:31.999] [SEVERE ] removing player 3 token from slot 2
[17:46:31.999] [SEVERE ] removing player 4 token from slot 2
[17:46:31.999] [SEVERE ] removing tokens from slot 2
[17:46:31.999] [SEVERE ] removing card from slot 2
[17:46:31.999] [SEVERE ] setting player 4 score to 2
[17:46:31.999] [SEVERE ] setting player 4 freeze to 1000
[17:46:32.109] [SEVERE ] placing card 54 in slot 2
[17:46:32.217] [SEVERE ] placing card 3 in slot 1
[17:46:32.327] [SEVERE ] placing card 12 in slot 5
[17:46:32.358] [SEVERE ] player 1 placing token on slot 5
[17:46:32.359] [SEVERE ] player 1 placing token on slot 8
[17:46:32.359] [SEVERE ] player 1 placing token on slot 4
[17:46:33.003] [SEVERE ] player 2 placing token on slot 5
[17:46:33.004] [SEVERE ] player 2 placing token on slot 8
[17:46:33.004] [SEVERE ] player 2 placing token on slot 4
[17:46:33.004] [SEVERE ] setting player 4 freeze to 0
[17:46:33.005] [SEVERE ] updating countdown to 11000
[17:46:33.330] [SEVERE ] updating countdown to 10675
[17:46:33.331] [SEVERE ] updating countdown to 11000
[17:46:33.440] [SEVERE ] removing player 1 token from slot 5
[17:46:33.440] [SEVERE ] removing player 2 token from slot 5
[17:46:33.440] [SEVERE ] removing tokens from slot 5
[17:46:33.440] [SEVERE ] removing card from slot 5
[17:46:33.552] [SEVERE ] removing player 1 token from slot 8
[17:46:33.552] [SEVERE ] removing player 2 token from slot 8
[17:46:33.552] [SEVERE ] removing tokens from slot 8
[17:46:33.552] [SEVERE ] removing card from slot 8
[17:46:33.662] [SEVERE ] removing player 1 token from slot 4
[17:46:33.662] [SEVERE ] removing player 2 token from slot 4
[17:46:33.662] [SEVERE ] removing tokens from slot 4
[17:46:33.662] [SEVERE ] removing card from slot 4
[17:46:33.663] [SEVERE ] setting player 1 score to 9
[17:46:33.663] [SEVERE ] setting player 1 freeze to 1000
[17:46:33.770] [SEVERE ] placing card 70 in slot 8
[17:46:33.879] [SEVERE ] placing card 37 in slot 4
[17:46:33.989] [SEVERE ] placing card 43 in slot 5
[17:46:34.667] [SEVERE ] setting player 1 freeze to 0
[17:46:34.668] [SEVERE ] updating countdown to 11000
[17:46:34.669] [SEVERE ] player 2 placing token on slot 10
[17:46:34.669] [SEVERE ] player 2 placing token on slot 4
[17:46:34.669] [SEVERE ] player 2 placing token on slot 3
[17:46:34.996] [SEVERE ] updating countdown to 10672
[17:46:34.996] [SEVERE ] updating countdown to 11000
[17:46:35.105] [SEVERE ] removing player 2 token from slot 10
[17:46:35.105] [SEVERE ] removing tokens from slot 10
[17:46:35.106] [SEVERE ] removing card from slot 10
[17:46:35.214] [SEVERE ] removing player 2 token from slot 4
[17:46:35.214] [SEVERE ] removing tokens from slot 4
[17:46:35.214] [SEVERE ] removing card from slot 4
[17:46:35.324] [SEVERE ] removing player 2 token from slot 3
[17:46:35.324] [SEVERE ] removing tokens from slot 3
[17:46:35.324] [SEVERE ] removing card from slot 3
[17:46:35.324] [SEVERE ] setting player 2 score to 8
[17:46:35.324] [SEVERE ] setting player 2 freeze to 1000
[17:46:35.434] [SEVERE ] placing card 6 in slot 3
[17:46:35.542] [SEVERE ] placing card 65 in slot 4
[17:46:35.654] [SEVERE ] placing card 21 in slot 10
[17:46:36.002] [SEVERE ] player 3 placing token on slot 2
[17:46:36.335] [SEVERE ] setting player 2 freeze to 0
[17:46:36.335] [SEVERE ] updating countdown to 11000
[17:46:36.664] [SEVERE ] updating countdown to 10671
[17:46:37.011] [SEVERE ] player 4 placing token on slot 9
[17:46:37.667] [SEVERE ] updating countdown to 9668
[17:46:38.669] [SEVERE ] updating countdown to 8666
[17:46:39.677] [SEVERE ] updating countdown to 7658
[17:46:40.680] [SEVERE ] updating countdown to 6655
[17:46:41.023] [SEVERE ] removing player 3 token from slot 2
[17:46:41.697] [SEVERE ] updating countdown to 5638
[17:46:42.027] [SEVERE ] player 4 placing token on slot 5
[17:46:43.335] [SEVERE ] updating countdown to 4000
[17:46:43.335] [SEVERE ] updating countdown to 4000
[17:46:44.335] [SEVERE ] updating countdown to 3000
[17:46:44.335] [SEVERE ] updating countdown to 3000
[17:46:44.335] [SEVERE ] updating countdown to 3000
[17:46:45.335] [SEVERE ] updating countdown to 2000
[17:46:45.335] [SEVERE ] updating countdown to 2000
[17:46:45.335] [SEVERE ] updating countdown to 2000
[17:46:46.042] [SEVERE ] player 3 placing token on slot 1
[17:46:46.335] [SEVERE ] updating countdown to 1000
[17:46:46.335] [SEVERE ] updating countdown to 1000
[17:46:47.059] [SEVERE ] player 4 placing token on slot 1
[17:46:47.060] [SEVERE ] removing player 4 token from slot 9
[17:46:47.061] [SEVERE ] removing player 4 token from slot 5
[17:46:47.061] [SEVERE ] removing player 4 token from slot 1
[17:46:47.335] [SEVERE ] updating countdown to 11000
[17:46:47.437] [SEVERE ] removing tokens from slot 11
[17:46:47.437] [SEVERE ] removing card from slot 11
[17:46:47.546] [SEVERE ] removing tokens from slot 8
[17:46:47.546] [SEVERE ] removing card from slot 8
[17:46:47.656] [SEVERE ] removing tokens from slot 2
[17:46:47.656] [SEVERE ] removing card from slot 2
[17:46:47.766] [SEVERE ] removing tokens from slot 6
[17:46:47.766] [SEVERE ] removing card from slot 6
[17:46:47.877] [SEVERE ] removing tokens from slot 3
[17:46:47.877] [SEVERE ] removing card from slot 3
[17:46:47.986] [SEVERE ] removing tokens from slot 4
[17:46:47.986] [SEVERE ] removing card from slot 4
[17:46:48.095] [SEVERE ] removing tokens from slot 9
[17:46:48.095] [SEVERE ] removing card from slot 9
[17:46:48.205] [SEVERE ] removing tokens from slot 10
[17:46:48.205] [SEVERE ] removing card from slot 10
[17:46:48.313] [SEVERE ] removing player 3 token from slot 1
[17:46:48.314] [SEVERE ] removing tokens from slot 1
[17:46:48.314] [SEVERE ] removing card from slot 1
[17:46:48.422] [SEVERE ] removing tokens from slot 0
[17:46:48.422] [SEVERE ] removing card from slot 0
[17:46:48.531] [SEVERE ] removing tokens from slot 7
[17:46:48.531] [SEVERE ] removing card from slot 7
[17:46:48.641] [SEVERE ] removing tokens from slot 5
[17:46:48.641] [SEVERE ] removing card from slot 5
[17:46:48.642] [SEVERE ] updating countdown to 11000
[17:46:48.749] [SEVERE ] placing card 40 in slot 11
[17:46:48.858] [SEVERE ] placing card 18 in slot 8
[17:46:48.968] [SEVERE ] placing card 36 in slot 2
[17:46:49.077] [SEVERE ] placing card 80 in slot 6
[17:46:49.188] [SEVERE ] placing card 54 in slot 3
[17:46:49.299] [SEVERE ] placing card 45 in slot 4
[17:46:49.409] [SEVERE ] placing card 21 in slot 9
[17:46:49.517] [SEVERE ] placing card 43 in slot 10
[17:46:49.626] [SEVERE ] placing card 65 in slot 1
[17:46:49.734] [SEVERE ] placing card 76 in slot 0
[17:46:49.844] [SEVERE ] placing card 6 in slot 7
[17:46:49.954] [SEVERE ] placing card 63 in slot 5
[17:46:49.954] [SEVERE ] setting player 4 freeze to 3000
[17:46:50.958] [SEVERE ] setting player 4 freeze to 2000
[17:46:50.958] [SEVERE ] player 2 placing token on slot 8
[17:46:50.959] [SEVERE ] player 1 placing token on slot 8
[17:46:50.959] [SEVERE ] updating countdown to 10995
[17:46:50.959] [SEVERE ] player 1 placing token on slot 2
[17:46:50.959] [SEVERE ] player 1 placing token on slot 3
[17:46:50.959] [SEVERE ] player 2 placing token on slot 2
[17:46:50.959] [SEVERE ] player 2 placing token on slot 3
[17:46:51.051] [SEVERE ] player 3 placing token on slot 10
[17:46:51.961] [SEVERE ] updating countdown to 9993
[17:46:51.962] [SEVERE ] updating countdown to 11000
[17:46:51.963] [SEVERE ] setting player 4 freeze to 1000
[17:46:52.054] [SEVERE ] player 3 placing token on slot 8
[17:46:52.054] [SEVERE ] player 3 placing token on slot 2
[17:46:52.070] [SEVERE ] removing player 1 token from slot 8
[17:46:52.070] [SEVERE ] removing player 2 token from slot 8
[17:46:52.070] [SEVERE ] removing player 3 token from slot 8
[17:46:52.070] [SEVERE ] removing tokens from slot 8
[17:46:52.070] [SEVERE ] removing card from slot 8
[17:46:52.180] [SEVERE ] removing player 1 token from slot 2
[17:46:52.180] [SEVERE ] removing player 2 token from slot 2
[17:46:52.180] [SEVERE ] removing player 3 token from slot 2
[17:46:52.180] [SEVERE ] removing tokens from slot 2
[17:46:52.180] [SEVERE ] removing card from slot 2
[17:46:52.289] [SEVERE ] removing player 1 token from slot 3
[17:46:52.290] [SEVERE ] removing player 2 token from slot 3
[17:46:52.290] [SEVERE ] removing tokens from slot 3
[17:46:52.290] [SEVERE ] removing card from slot 3
[17:46:52.290] [SEVERE ] setting player 1 score to 10
[17:46:52.290] [SEVERE ] setting player 1 freeze to 1000
[17:46:52.397] [SEVERE ] placing card 2 in slot 8
[17:46:52.508] [SEVERE ] placing card 70 in slot 2
[17:46:52.617] [SEVERE ] placing card 30 in slot 3
[17:46:52.977] [SEVERE ] setting player 4 freeze to 0
[17:46:53.291] [SEVERE ] setting player 1 freeze to 0
[17:46:53.291] [SEVERE ] player 2 placing token on slot 7
[17:46:53.291] [SEVERE ] player 2 placing token on slot 10
[17:46:53.291] [SEVERE ] player 2 placing token on slot 6
[17:46:53.292] [SEVERE ] updating countdown to 11000
[17:46:53.621] [SEVERE ] updating countdown to 10671
[17:46:53.622] [SEVERE ] updating countdown to 11000
[17:46:53.730] [SEVERE ] removing player 2 token from slot 7
[17:46:53.731] [SEVERE ] removing tokens from slot 7
[17:46:53.731] [SEVERE ] removing card from slot 7
[17:46:53.840] [SEVERE ] removing player 2 token from slot 10
[17:46:53.841] [SEVERE ] removing player 3 token from slot 10
[17:46:53.841] [SEVERE ] removing tokens from slot 10
[17:46:53.841] [SEVERE ] removing card from slot 10
[17:46:53.949] [SEVERE ] removing player 2 token from slot 6
[17:46:53.949] [SEVERE ] removing tokens from slot 6
[17:46:53.949] [SEVERE ] removing card from slot 6
[17:46:53.950] [SEVERE ] setting player 2 score to 9
[17:46:53.950] [SEVERE ] setting player 2 freeze to 1000
[17:46:54.059] [SEVERE ] placing card 3 in slot 6
[17:46:54.168] [SEVERE ] placing card 34 in slot 10
[17:46:54.278] [SEVERE ] placing card 19 in slot 7
[17:46:54.294] [SEVERE ] player 1 placing token on slot 9
[17:46:54.295] [SEVERE ] player 1 placing token on slot 10
[17:46:54.295] [SEVERE ] player 1 placing token on slot 1
[17:46:54.954] [SEVERE ] setting player 2 freeze to 0
[17:46:54.954] [SEVERE ] updating countdown to 11000
[17:46:55.282] [SEVERE ] updating countdown to 10672
[17:46:55.282] [SEVERE ] updating countdown to 11000
[17:46:55.391] [SEVERE ] removing player 1 token from slot 9
[17:46:55.391] [SEVERE ] removing tokens from slot 9
[17:46:55.391] [SEVERE ] removing card from slot 9
[17:46:55.500] [SEVERE ] removing player 1 token from slot 10
[17:46:55.500] [SEVERE ] removing tokens from slot 10
[17:46:55.500] [SEVERE ] removing card from slot 10
[17:46:55.611] [SEVERE ] removing player 1 token from slot 1
[17:46:55.611] [SEVERE ] removing tokens from slot 1
[17:46:55.611] [SEVERE ] removing card from slot 1
[17:46:55.611] [SEVERE ] setting player 1 score to 11
[17:46:55.612] [SEVERE ] setting player 1 freeze to 1000
[17:46:55.616] [INFO   ] thread dealer terminated.
[17:46:56.299] [SEVERE ] player 3 placing token on slot 4
[17:46:56.615] [SEVERE ] setting player 1 freeze to 0
[17:46:56.616] [SEVERE ] updating countdown to 11000
[17:47:00.632] [SEVERE ] thanks for playing... it was fun!
[17:47:00.632] [INFO   ] thread bguspl.set.Main.main() terminated.
[17:47:00.632] [SEVERE ] disposing of user interface elements
[17:47:01.319] [SEVERE ] player 3 placing token on slot 0
[17:47:02.007] [SEVERE ] player 4 placing token on slot 7
[17:47:07.029] [SEVERE ] removing player 4 token from slot 7
[17:47:11.346] [SEVERE ] player 3 placing token on slot 8
[17:47:12.032] [SEVERE ] player 4 placing token on slot 0
[17:47:22.047] [SEVERE ] player 4 placing token on slot 2
[17:47:42.113] [SEVERE ] player 4 placing token on slot 4
