[19:09:42.188] [INFO   ] thread bguspl.set.Main.main() starting.
[19:09:42.199] [SEVERE ] cannot read configuration file config.properties trying from resources.
[19:09:42.199] [SEVERE ] configuration file was loaded from resources directory.
[19:09:43.158] [INFO   ] thread dealer starting.
[19:09:43.158] [INFO   ] thread dealer starting.
[19:09:43.158] [INFO   ] thread Thread-2 starting.
[19:09:43.158] [INFO   ] thread Thread-3 starting.
[19:09:43.158] [INFO   ] thread Thread-1 starting.
[19:09:43.158] [INFO   ] thread Thread-5 starting.
[19:09:43.158] [INFO   ] thread Thread-4 starting.
[19:09:43.164] [INFO   ] thread computer-1 starting.
[19:09:43.164] [INFO   ] thread computer-2 starting.
[19:09:43.164] [INFO   ] thread computer-4 starting.
[19:09:43.164] [INFO   ] thread computer-0 starting.
[19:09:43.164] [INFO   ] thread computer-3 starting.
[19:09:43.172] [SEVERE ] updating countdown to 10000
[19:09:43.291] [SEVERE ] placing card 31 in slot 7
[19:09:43.402] [SEVERE ] placing card 74 in slot 6
[19:09:43.513] [SEVERE ] placing card 40 in slot 3
[19:09:43.622] [SEVERE ] placing card 12 in slot 4
[19:09:43.727] [SEVERE ] placing card 39 in slot 2
[19:09:43.836] [SEVERE ] placing card 6 in slot 11
[19:09:43.941] [SEVERE ] placing card 57 in slot 10
[19:09:44.049] [SEVERE ] placing card 45 in slot 1
[19:09:44.159] [SEVERE ] placing card 50 in slot 5
[19:09:44.270] [SEVERE ] placing card 11 in slot 0
[19:09:44.380] [SEVERE ] placing card 77 in slot 8
[19:09:44.490] [SEVERE ] placing card 44 in slot 9
[19:09:45.496] [SEVERE ] updating countdown to 9994
[19:09:45.496] [SEVERE ] player 5 placing token on slot 7
[19:09:45.497] [SEVERE ] player 5 placing token on slot 9
[19:09:45.497] [SEVERE ] player 4 placing token on slot 7
[19:09:45.498] [SEVERE ] player 1 placing token on slot 7
[19:09:45.498] [SEVERE ] player 1 placing token on slot 9
[19:09:45.498] [SEVERE ] player 1 placing token on slot 1
[19:09:45.498] [SEVERE ] updating countdown to 9992
[19:09:45.498] [SEVERE ] player 4 placing token on slot 9
[19:09:45.498] [SEVERE ] player 4 placing token on slot 1
[19:09:45.498] [SEVERE ] player 2 placing token on slot 7
[19:09:45.498] [SEVERE ] updating countdown to 10000
[19:09:45.498] [SEVERE ] player 3 placing token on slot 7
[19:09:45.498] [SEVERE ] player 3 placing token on slot 9
[19:09:45.498] [SEVERE ] player 3 placing token on slot 1
[19:09:45.498] [SEVERE ] player 5 placing token on slot 1
[19:09:45.498] [SEVERE ] player 2 placing token on slot 9
[19:09:45.498] [SEVERE ] player 2 placing token on slot 1
[19:09:45.608] [SEVERE ] removing player 1 token from slot 7
[19:09:45.609] [SEVERE ] removing player 2 token from slot 7
[19:09:45.609] [SEVERE ] removing player 3 token from slot 7
[19:09:45.609] [SEVERE ] removing player 4 token from slot 7
[19:09:45.609] [SEVERE ] removing player 5 token from slot 7
[19:09:45.609] [SEVERE ] removing tokens from slot 7
[19:09:45.609] [SEVERE ] removing card from slot 7
[19:09:45.718] [SEVERE ] removing player 1 token from slot 9
[19:09:45.719] [SEVERE ] removing player 2 token from slot 9
[19:09:45.719] [SEVERE ] removing player 3 token from slot 9
[19:09:45.719] [SEVERE ] removing player 4 token from slot 9
[19:09:45.719] [SEVERE ] removing player 5 token from slot 9
[19:09:45.719] [SEVERE ] removing tokens from slot 9
[19:09:45.719] [SEVERE ] removing card from slot 9
[19:09:45.829] [SEVERE ] removing player 1 token from slot 1
[19:09:45.829] [SEVERE ] removing player 2 token from slot 1
[19:09:45.829] [SEVERE ] removing player 3 token from slot 1
[19:09:45.829] [SEVERE ] removing player 4 token from slot 1
[19:09:45.829] [SEVERE ] removing player 5 token from slot 1
[19:09:45.829] [SEVERE ] removing tokens from slot 1
[19:09:45.831] [SEVERE ] removing card from slot 1
[19:09:45.831] [SEVERE ] setting player 1 score to 1
[19:09:45.831] [SEVERE ] setting player 1 freeze to 0
[19:09:45.831] [SEVERE ] updating countdown to 10000
[19:09:45.940] [SEVERE ] placing card 41 in slot 7
[19:09:46.049] [SEVERE ] placing card 18 in slot 1
[19:09:46.158] [SEVERE ] placing card 70 in slot 9
[19:09:46.835] [SEVERE ] player 2 placing token on slot 0
[19:09:46.836] [SEVERE ] player 4 placing token on slot 0
[19:09:46.837] [SEVERE ] player 4 placing token on slot 2
[19:09:46.837] [SEVERE ] player 4 placing token on slot 9
[19:09:46.837] [SEVERE ] player 3 placing token on slot 0
[19:09:46.837] [SEVERE ] updating countdown to 8994
[19:09:46.837] [SEVERE ] player 3 placing token on slot 2
[19:09:46.838] [SEVERE ] updating countdown to 10000
[19:09:46.838] [SEVERE ] player 3 placing token on slot 9
[19:09:46.838] [SEVERE ] player 5 placing token on slot 0
[19:09:46.838] [SEVERE ] player 1 placing token on slot 0
[19:09:46.838] [SEVERE ] player 5 placing token on slot 2
[19:09:46.838] [SEVERE ] player 2 placing token on slot 2
[19:09:46.838] [SEVERE ] player 2 placing token on slot 9
[19:09:46.838] [SEVERE ] player 5 placing token on slot 9
[19:09:46.838] [SEVERE ] player 1 placing token on slot 2
[19:09:46.838] [SEVERE ] player 1 placing token on slot 9
[19:09:46.948] [SEVERE ] removing player 1 token from slot 0
[19:09:46.948] [SEVERE ] removing player 2 token from slot 0
[19:09:46.948] [SEVERE ] removing player 3 token from slot 0
[19:09:46.948] [SEVERE ] removing player 4 token from slot 0
[19:09:46.948] [SEVERE ] removing player 5 token from slot 0
[19:09:46.948] [SEVERE ] removing tokens from slot 0
[19:09:46.948] [SEVERE ] removing card from slot 0
[19:09:47.058] [SEVERE ] removing player 1 token from slot 2
[19:09:47.058] [SEVERE ] removing player 2 token from slot 2
[19:09:47.058] [SEVERE ] removing player 3 token from slot 2
[19:09:47.058] [SEVERE ] removing player 4 token from slot 2
[19:09:47.058] [SEVERE ] removing player 5 token from slot 2
[19:09:47.058] [SEVERE ] removing tokens from slot 2
[19:09:47.058] [SEVERE ] removing card from slot 2
[19:09:47.167] [SEVERE ] removing player 1 token from slot 9
[19:09:47.167] [SEVERE ] removing player 2 token from slot 9
[19:09:47.167] [SEVERE ] removing player 3 token from slot 9
[19:09:47.167] [SEVERE ] removing player 4 token from slot 9
[19:09:47.167] [SEVERE ] removing player 5 token from slot 9
[19:09:47.167] [SEVERE ] removing tokens from slot 9
[19:09:47.167] [SEVERE ] removing card from slot 9
[19:09:47.167] [SEVERE ] setting player 4 score to 1
[19:09:47.167] [SEVERE ] setting player 4 freeze to 0
[19:09:47.167] [SEVERE ] updating countdown to 10000
[19:09:47.278] [SEVERE ] placing card 38 in slot 2
[19:09:47.388] [SEVERE ] placing card 33 in slot 0
[19:09:47.499] [SEVERE ] placing card 51 in slot 9
[19:09:48.174] [SEVERE ] player 1 placing token on slot 11
[19:09:48.175] [SEVERE ] player 1 placing token on slot 4
[19:09:48.175] [SEVERE ] player 1 placing token on slot 1
[19:09:48.175] [SEVERE ] player 3 placing token on slot 11
[19:09:48.175] [SEVERE ] updating countdown to 8992
[19:09:48.176] [SEVERE ] updating countdown to 10000
[19:09:48.175] [SEVERE ] player 3 placing token on slot 4
[19:09:48.176] [SEVERE ] player 5 placing token on slot 11
[19:09:48.176] [SEVERE ] player 5 placing token on slot 4
[19:09:48.176] [SEVERE ] player 5 placing token on slot 1
[19:09:48.176] [SEVERE ] player 2 placing token on slot 11
[19:09:48.176] [SEVERE ] player 4 placing token on slot 11
[19:09:48.176] [SEVERE ] player 4 placing token on slot 4
[19:09:48.176] [SEVERE ] player 4 placing token on slot 1
[19:09:48.176] [SEVERE ] player 2 placing token on slot 4
[19:09:48.176] [SEVERE ] player 2 placing token on slot 1
[19:09:48.176] [SEVERE ] player 3 placing token on slot 1
[19:09:48.286] [SEVERE ] removing player 1 token from slot 11
[19:09:48.286] [SEVERE ] removing player 2 token from slot 11
[19:09:48.286] [SEVERE ] removing player 3 token from slot 11
[19:09:48.286] [SEVERE ] removing player 4 token from slot 11
[19:09:48.286] [SEVERE ] removing player 5 token from slot 11
[19:09:48.286] [SEVERE ] removing tokens from slot 11
[19:09:48.286] [SEVERE ] removing card from slot 11
[19:09:48.396] [SEVERE ] removing player 1 token from slot 4
[19:09:48.396] [SEVERE ] removing player 2 token from slot 4
[19:09:48.396] [SEVERE ] removing player 3 token from slot 4
[19:09:48.396] [SEVERE ] removing player 4 token from slot 4
[19:09:48.396] [SEVERE ] removing player 5 token from slot 4
[19:09:48.396] [SEVERE ] removing tokens from slot 4
[19:09:48.396] [SEVERE ] removing card from slot 4
[19:09:48.506] [SEVERE ] removing player 1 token from slot 1
[19:09:48.506] [SEVERE ] removing player 2 token from slot 1
[19:09:48.506] [SEVERE ] removing player 3 token from slot 1
[19:09:48.506] [SEVERE ] removing player 4 token from slot 1
[19:09:48.506] [SEVERE ] removing player 5 token from slot 1
[19:09:48.506] [SEVERE ] removing tokens from slot 1
[19:09:48.506] [SEVERE ] removing card from slot 1
[19:09:48.506] [SEVERE ] setting player 1 score to 2
[19:09:48.506] [SEVERE ] setting player 1 freeze to 0
[19:09:48.506] [SEVERE ] updating countdown to 10000
[19:09:48.616] [SEVERE ] placing card 58 in slot 4
[19:09:48.725] [SEVERE ] placing card 56 in slot 11
[19:09:48.836] [SEVERE ] placing card 71 in slot 1
[19:09:49.512] [SEVERE ] player 4 placing token on slot 11
[19:09:49.513] [SEVERE ] player 4 placing token on slot 1
[19:09:49.513] [SEVERE ] player 4 placing token on slot 8
[19:09:49.513] [SEVERE ] player 1 placing token on slot 11
[19:09:49.513] [SEVERE ] updating countdown to 8993
[19:09:49.514] [SEVERE ] player 1 placing token on slot 1
[19:09:49.514] [SEVERE ] updating countdown to 10000
[19:09:49.514] [SEVERE ] player 1 placing token on slot 8
[19:09:49.514] [SEVERE ] player 5 placing token on slot 11
[19:09:49.514] [SEVERE ] player 5 placing token on slot 1
[19:09:49.514] [SEVERE ] player 5 placing token on slot 8
[19:09:49.514] [SEVERE ] player 3 placing token on slot 11
[19:09:49.514] [SEVERE ] player 3 placing token on slot 1
[19:09:49.514] [SEVERE ] player 3 placing token on slot 8
[19:09:49.514] [SEVERE ] player 2 placing token on slot 11
[19:09:49.514] [SEVERE ] player 2 placing token on slot 1
[19:09:49.514] [SEVERE ] player 2 placing token on slot 8
[19:09:49.624] [SEVERE ] removing player 1 token from slot 11
[19:09:49.624] [SEVERE ] removing player 2 token from slot 11
[19:09:49.624] [SEVERE ] removing player 3 token from slot 11
[19:09:49.624] [SEVERE ] removing player 4 token from slot 11
[19:09:49.624] [SEVERE ] removing player 5 token from slot 11
[19:09:49.624] [SEVERE ] removing tokens from slot 11
[19:09:49.624] [SEVERE ] removing card from slot 11
[19:09:49.734] [SEVERE ] removing player 1 token from slot 1
[19:09:49.734] [SEVERE ] removing player 2 token from slot 1
[19:09:49.734] [SEVERE ] removing player 3 token from slot 1
[19:09:49.734] [SEVERE ] removing player 4 token from slot 1
[19:09:49.734] [SEVERE ] removing player 5 token from slot 1
[19:09:49.734] [SEVERE ] removing tokens from slot 1
[19:09:49.736] [SEVERE ] removing card from slot 1
[19:09:49.847] [SEVERE ] removing player 1 token from slot 8
[19:09:49.847] [SEVERE ] removing player 2 token from slot 8
[19:09:49.847] [SEVERE ] removing player 3 token from slot 8
[19:09:49.847] [SEVERE ] removing player 4 token from slot 8
[19:09:49.847] [SEVERE ] removing player 5 token from slot 8
[19:09:49.847] [SEVERE ] removing tokens from slot 8
[19:09:49.847] [SEVERE ] removing card from slot 8
[19:09:49.847] [SEVERE ] setting player 4 score to 2
[19:09:49.847] [SEVERE ] setting player 4 freeze to 0
[19:09:49.847] [SEVERE ] updating countdown to 10000
[19:09:49.957] [SEVERE ] placing card 64 in slot 11
[19:09:50.067] [SEVERE ] placing card 69 in slot 1
[19:09:50.177] [SEVERE ] placing card 48 in slot 8
[19:09:50.855] [SEVERE ] player 3 placing token on slot 4
[19:09:50.856] [SEVERE ] player 2 placing token on slot 4
[19:09:50.857] [SEVERE ] player 4 placing token on slot 4
[19:09:50.857] [SEVERE ] player 1 placing token on slot 4
[19:09:50.857] [SEVERE ] player 5 placing token on slot 4
[19:09:50.858] [SEVERE ] player 1 placing token on slot 1
[19:09:50.858] [SEVERE ] player 4 placing token on slot 1
[19:09:50.858] [SEVERE ] player 2 placing token on slot 1
[19:09:50.858] [SEVERE ] player 3 placing token on slot 1
[19:09:50.859] [SEVERE ] player 2 placing token on slot 6
[19:09:50.859] [SEVERE ] player 4 placing token on slot 6
[19:09:50.859] [SEVERE ] updating countdown to 8988
[19:09:50.859] [SEVERE ] player 1 placing token on slot 6
[19:09:50.859] [SEVERE ] updating countdown to 10000
[19:09:50.859] [SEVERE ] player 5 placing token on slot 1
[19:09:50.859] [SEVERE ] player 3 placing token on slot 6
[19:09:50.861] [SEVERE ] player 5 placing token on slot 6
[19:09:50.971] [SEVERE ] removing player 1 token from slot 4
[19:09:50.971] [SEVERE ] removing player 2 token from slot 4
[19:09:50.971] [SEVERE ] removing player 3 token from slot 4
[19:09:50.971] [SEVERE ] removing player 4 token from slot 4
[19:09:50.971] [SEVERE ] removing player 5 token from slot 4
[19:09:50.972] [SEVERE ] removing tokens from slot 4
[19:09:50.972] [SEVERE ] removing card from slot 4
[19:09:51.081] [SEVERE ] removing player 1 token from slot 1
[19:09:51.081] [SEVERE ] removing player 2 token from slot 1
[19:09:51.081] [SEVERE ] removing player 3 token from slot 1
[19:09:51.081] [SEVERE ] removing player 4 token from slot 1
[19:09:51.081] [SEVERE ] removing player 5 token from slot 1
[19:09:51.081] [SEVERE ] removing tokens from slot 1
[19:09:51.081] [SEVERE ] removing card from slot 1
[19:09:51.191] [SEVERE ] removing player 1 token from slot 6
[19:09:51.191] [SEVERE ] removing player 2 token from slot 6
[19:09:51.191] [SEVERE ] removing player 3 token from slot 6
[19:09:51.191] [SEVERE ] removing player 4 token from slot 6
[19:09:51.191] [SEVERE ] removing player 5 token from slot 6
[19:09:51.191] [SEVERE ] removing tokens from slot 6
[19:09:51.191] [SEVERE ] removing card from slot 6
[19:09:51.193] [SEVERE ] setting player 2 score to 1
[19:09:51.193] [SEVERE ] setting player 2 freeze to 0
[19:09:51.193] [SEVERE ] updating countdown to 10000
[19:09:51.303] [SEVERE ] placing card 0 in slot 6
[19:09:51.413] [SEVERE ] placing card 2 in slot 4
[19:09:51.523] [SEVERE ] placing card 60 in slot 1
[19:09:52.199] [SEVERE ] player 4 placing token on slot 6
[19:09:52.199] [SEVERE ] player 4 placing token on slot 0
[19:09:52.199] [SEVERE ] player 4 placing token on slot 10
[19:09:52.199] [SEVERE ] player 2 placing token on slot 6
[19:09:52.199] [SEVERE ] player 2 placing token on slot 0
[19:09:52.199] [SEVERE ] updating countdown to 8994
[19:09:52.199] [SEVERE ] player 2 placing token on slot 10
[19:09:52.199] [SEVERE ] updating countdown to 10000
[19:09:52.200] [SEVERE ] player 5 placing token on slot 6
[19:09:52.200] [SEVERE ] player 5 placing token on slot 0
[19:09:52.200] [SEVERE ] player 5 placing token on slot 10
[19:09:52.200] [SEVERE ] player 1 placing token on slot 6
[19:09:52.200] [SEVERE ] player 3 placing token on slot 6
[19:09:52.200] [SEVERE ] player 3 placing token on slot 0
[19:09:52.200] [SEVERE ] player 3 placing token on slot 10
[19:09:52.200] [SEVERE ] player 1 placing token on slot 0
[19:09:52.200] [SEVERE ] player 1 placing token on slot 10
[19:09:52.310] [SEVERE ] removing player 1 token from slot 6
[19:09:52.310] [SEVERE ] removing player 2 token from slot 6
[19:09:52.310] [SEVERE ] removing player 3 token from slot 6
[19:09:52.310] [SEVERE ] removing player 4 token from slot 6
[19:09:52.310] [SEVERE ] removing player 5 token from slot 6
[19:09:52.310] [SEVERE ] removing tokens from slot 6
[19:09:52.310] [SEVERE ] removing card from slot 6
[19:09:52.421] [SEVERE ] removing player 1 token from slot 0
[19:09:52.421] [SEVERE ] removing player 2 token from slot 0
[19:09:52.421] [SEVERE ] removing player 3 token from slot 0
[19:09:52.421] [SEVERE ] removing player 4 token from slot 0
[19:09:52.421] [SEVERE ] removing player 5 token from slot 0
[19:09:52.421] [SEVERE ] removing tokens from slot 0
[19:09:52.421] [SEVERE ] removing card from slot 0
[19:09:52.531] [SEVERE ] removing player 1 token from slot 10
[19:09:52.531] [SEVERE ] removing player 2 token from slot 10
[19:09:52.531] [SEVERE ] removing player 3 token from slot 10
[19:09:52.531] [SEVERE ] removing player 4 token from slot 10
[19:09:52.531] [SEVERE ] removing player 5 token from slot 10
[19:09:52.531] [SEVERE ] removing tokens from slot 10
[19:09:52.531] [SEVERE ] removing card from slot 10
[19:09:52.531] [SEVERE ] setting player 4 score to 3
[19:09:52.531] [SEVERE ] setting player 4 freeze to 0
[19:09:52.531] [SEVERE ] updating countdown to 10000
[19:09:52.642] [SEVERE ] placing card 52 in slot 6
[19:09:52.752] [SEVERE ] placing card 28 in slot 10
[19:09:52.862] [SEVERE ] placing card 14 in slot 0
[19:09:53.537] [SEVERE ] player 5 placing token on slot 10
[19:09:53.539] [SEVERE ] player 5 placing token on slot 3
[19:09:53.539] [SEVERE ] player 5 placing token on slot 6
[19:09:53.539] [SEVERE ] player 3 placing token on slot 10
[19:09:53.539] [SEVERE ] player 3 placing token on slot 3
[19:09:53.540] [SEVERE ] player 3 placing token on slot 6
[19:09:53.540] [SEVERE ] updating countdown to 8992
[19:09:53.540] [SEVERE ] player 4 placing token on slot 10
[19:09:53.540] [SEVERE ] updating countdown to 10000
[19:09:53.540] [SEVERE ] player 4 placing token on slot 3
[19:09:53.540] [SEVERE ] player 4 placing token on slot 6
[19:09:53.540] [SEVERE ] player 2 placing token on slot 10
[19:09:53.540] [SEVERE ] player 2 placing token on slot 3
[19:09:53.541] [SEVERE ] player 2 placing token on slot 6
[19:09:53.541] [SEVERE ] player 1 placing token on slot 10
[19:09:53.541] [SEVERE ] player 1 placing token on slot 3
[19:09:53.541] [SEVERE ] player 1 placing token on slot 6
[19:09:53.649] [SEVERE ] removing player 1 token from slot 10
[19:09:53.649] [SEVERE ] removing player 2 token from slot 10
[19:09:53.649] [SEVERE ] removing player 3 token from slot 10
[19:09:53.649] [SEVERE ] removing player 4 token from slot 10
[19:09:53.649] [SEVERE ] removing player 5 token from slot 10
[19:09:53.649] [SEVERE ] removing tokens from slot 10
[19:09:53.649] [SEVERE ] removing card from slot 10
[19:09:53.760] [SEVERE ] removing player 1 token from slot 3
[19:09:53.760] [SEVERE ] removing player 2 token from slot 3
[19:09:53.760] [SEVERE ] removing player 3 token from slot 3
[19:09:53.760] [SEVERE ] removing player 4 token from slot 3
[19:09:53.760] [SEVERE ] removing player 5 token from slot 3
[19:09:53.760] [SEVERE ] removing tokens from slot 3
[19:09:53.760] [SEVERE ] removing card from slot 3
[19:09:53.870] [SEVERE ] removing player 1 token from slot 6
[19:09:53.870] [SEVERE ] removing player 2 token from slot 6
[19:09:53.870] [SEVERE ] removing player 3 token from slot 6
[19:09:53.870] [SEVERE ] removing player 4 token from slot 6
[19:09:53.870] [SEVERE ] removing player 5 token from slot 6
[19:09:53.870] [SEVERE ] removing tokens from slot 6
[19:09:53.870] [SEVERE ] removing card from slot 6
[19:09:53.870] [SEVERE ] setting player 5 score to 1
[19:09:53.870] [SEVERE ] setting player 5 freeze to 0
[19:09:53.870] [SEVERE ] updating countdown to 10000
[19:09:53.980] [SEVERE ] placing card 25 in slot 6
[19:09:54.089] [SEVERE ] placing card 78 in slot 3
[19:09:54.199] [SEVERE ] placing card 62 in slot 10
[19:09:55.206] [SEVERE ] updating countdown to 8664
[19:09:56.214] [SEVERE ] updating countdown to 7656
[19:09:57.224] [SEVERE ] updating countdown to 6646
[19:09:57.664] [SEVERE ] exit button pressed
[19:09:58.232] [SEVERE ] updating countdown to 5638
[19:09:58.232] [SEVERE ] updating countdown to 10000
[19:09:58.334] [SEVERE ] removing tokens from slot 7
[19:09:58.334] [SEVERE ] removing card from slot 7
[19:09:58.442] [SEVERE ] removing tokens from slot 6
[19:09:58.442] [SEVERE ] removing card from slot 6
[19:09:58.552] [SEVERE ] removing tokens from slot 3
[19:09:58.552] [SEVERE ] removing card from slot 3
[19:09:58.655] [SEVERE ] removing tokens from slot 4
[19:09:58.655] [SEVERE ] removing card from slot 4
[19:09:58.758] [SEVERE ] removing tokens from slot 2
[19:09:58.758] [SEVERE ] removing card from slot 2
[19:09:58.867] [SEVERE ] removing tokens from slot 11
[19:09:58.867] [SEVERE ] removing card from slot 11
[19:09:58.972] [SEVERE ] removing tokens from slot 10
[19:09:58.972] [SEVERE ] removing card from slot 10
[19:09:59.078] [SEVERE ] removing tokens from slot 1
[19:09:59.078] [SEVERE ] removing card from slot 1
[19:09:59.189] [SEVERE ] removing tokens from slot 5
[19:09:59.189] [SEVERE ] removing card from slot 5
[19:09:59.300] [SEVERE ] removing tokens from slot 0
[19:09:59.300] [SEVERE ] removing card from slot 0
[19:09:59.401] [SEVERE ] removing tokens from slot 8
[19:09:59.401] [SEVERE ] removing card from slot 8
[19:09:59.511] [SEVERE ] removing tokens from slot 9
[19:09:59.511] [SEVERE ] removing card from slot 9
[19:09:59.519] [SEVERE ] announcing winner(s): player 4
[19:09:59.523] [INFO   ] thread dealer terminated.
[19:09:59.523] [INFO   ] thread dealer terminated.
[19:09:59.523] [SEVERE ] thanks for playing... it was fun!
[19:09:59.525] [INFO   ] thread bguspl.set.Main.main() terminated.
