[14:59:15.826] [INFO   ] thread bguspl.set.Main.main() starting.
[14:59:15.826] [SEVERE ] cannot read configuration file config.properties trying from resources.
[14:59:15.826] [SEVERE ] configuration file was loaded from resources directory.
[14:59:16.589] [INFO   ] thread dealer starting.
[14:59:16.590] [INFO   ] thread dealer starting.
[14:59:16.592] [INFO   ] thread Thread-2 starting.
[14:59:16.592] [INFO   ] thread Thread-1 starting.
[14:59:16.592] [INFO   ] thread Thread-3 starting.
[14:59:16.592] [INFO   ] thread Thread-4 starting.
[14:59:16.594] [INFO   ] thread computer-2 starting.
[14:59:16.594] [INFO   ] thread computer-3 starting.
[14:59:16.599] [SEVERE ] updating countdown to 25000
[14:59:16.710] [SEVERE ] placing card 28 in slot 2
[14:59:16.827] [SEVERE ] placing card 49 in slot 4
[14:59:16.937] [SEVERE ] placing card 0 in slot 9
[14:59:17.044] [SEVERE ] placing card 26 in slot 3
[14:59:17.149] [SEVERE ] placing card 76 in slot 10
[14:59:17.251] [SEVERE ] placing card 3 in slot 8
[14:59:17.364] [SEVERE ] placing card 48 in slot 1
[14:59:17.476] [SEVERE ] placing card 16 in slot 5
[14:59:17.586] [SEVERE ] placing card 20 in slot 11
[14:59:17.605] [SEVERE ] player 4 placing token on slot 1
[14:59:17.607] [SEVERE ] player 3 placing token on slot 8
[14:59:17.692] [SEVERE ] placing card 69 in slot 0
[14:59:17.795] [SEVERE ] placing card 60 in slot 7
[14:59:17.905] [SEVERE ] placing card 41 in slot 6
[14:59:18.609] [SEVERE ] player 4 placing token on slot 10
[14:59:18.611] [SEVERE ] removing player 3 token from slot 8
[14:59:18.910] [SEVERE ] updating countdown to 24995
[14:59:19.615] [SEVERE ] player 3 placing token on slot 8
[14:59:19.616] [SEVERE ] player 4 placing token on slot 0
[14:59:19.917] [SEVERE ] updating countdown to 23988
[14:59:19.917] [SEVERE ] removing player 4 token from slot 1
[14:59:19.917] [SEVERE ] removing player 4 token from slot 10
[14:59:19.917] [SEVERE ] removing player 4 token from slot 0
[14:59:19.919] [SEVERE ] setting player 4 freeze to 3000
[14:59:20.188] [SEVERE ] key 90 was pressed by player 1
[14:59:20.191] [SEVERE ] player 1 placing token on slot 8
[14:59:20.284] [SEVERE ] key 88 was pressed by player 1
[14:59:20.284] [SEVERE ] player 1 placing token on slot 9
[14:59:20.358] [SEVERE ] key 67 was pressed by player 1
[14:59:20.359] [SEVERE ] player 1 placing token on slot 10
[14:59:20.617] [SEVERE ] player 3 placing token on slot 1
[14:59:20.927] [SEVERE ] updating countdown to 22978
[14:59:20.927] [SEVERE ] setting player 4 freeze to 2000
[14:59:20.927] [SEVERE ] removing player 1 token from slot 8
[14:59:20.927] [SEVERE ] removing player 1 token from slot 9
[14:59:20.927] [SEVERE ] removing player 1 token from slot 10
[14:59:20.927] [SEVERE ] setting player 1 freeze to 3000
[14:59:21.621] [SEVERE ] player 3 placing token on slot 7
[14:59:21.937] [SEVERE ] updating countdown to 21968
[14:59:21.937] [SEVERE ] setting player 4 freeze to 1000
[14:59:21.937] [SEVERE ] setting player 1 freeze to 2000
[14:59:21.938] [SEVERE ] removing player 3 token from slot 8
[14:59:21.938] [SEVERE ] removing player 3 token from slot 1
[14:59:21.938] [SEVERE ] removing player 3 token from slot 7
[14:59:21.938] [SEVERE ] setting player 3 freeze to 3000
[14:59:22.939] [SEVERE ] setting player 4 freeze to 0
[14:59:22.939] [SEVERE ] setting player 1 freeze to 1000
[14:59:22.942] [SEVERE ] updating countdown to 20963
[14:59:22.943] [SEVERE ] setting player 3 freeze to 2000
[14:59:23.942] [SEVERE ] setting player 1 freeze to 0
[14:59:23.942] [SEVERE ] player 4 placing token on slot 4
[14:59:23.958] [SEVERE ] setting player 3 freeze to 1000
[14:59:23.958] [SEVERE ] updating countdown to 19947
[14:59:24.946] [SEVERE ] player 4 placing token on slot 2
[14:59:24.969] [SEVERE ] setting player 3 freeze to 0
[14:59:24.969] [SEVERE ] updating countdown to 18936
[14:59:25.956] [SEVERE ] player 4 placing token on slot 0
[14:59:25.977] [SEVERE ] updating countdown to 17928
[14:59:25.977] [SEVERE ] player 3 placing token on slot 3
[14:59:25.979] [SEVERE ] removing player 4 token from slot 4
[14:59:25.980] [SEVERE ] removing player 4 token from slot 2
[14:59:25.980] [SEVERE ] removing player 4 token from slot 0
[14:59:25.980] [SEVERE ] setting player 4 freeze to 3000
[14:59:26.982] [SEVERE ] player 3 placing token on slot 10
[14:59:26.984] [SEVERE ] updating countdown to 16921
[14:59:26.984] [SEVERE ] setting player 4 freeze to 2000
[14:59:27.997] [SEVERE ] updating countdown to 15908
[14:59:27.997] [SEVERE ] setting player 4 freeze to 1000
[14:59:27.997] [SEVERE ] player 3 placing token on slot 4
[14:59:29.009] [SEVERE ] updating countdown to 14896
[14:59:29.009] [SEVERE ] setting player 4 freeze to 0
[14:59:29.009] [SEVERE ] removing player 3 token from slot 3
[14:59:29.009] [SEVERE ] removing player 3 token from slot 10
[14:59:29.011] [SEVERE ] removing player 3 token from slot 4
[14:59:29.011] [SEVERE ] setting player 3 freeze to 3000
[14:59:30.020] [SEVERE ] updating countdown to 13885
[14:59:30.020] [SEVERE ] setting player 3 freeze to 2000
[14:59:30.020] [SEVERE ] player 4 placing token on slot 3
[14:59:31.026] [SEVERE ] setting player 3 freeze to 1000
[14:59:31.027] [SEVERE ] updating countdown to 12878
[14:59:31.027] [SEVERE ] player 4 placing token on slot 2
[14:59:32.035] [SEVERE ] updating countdown to 11870
[14:59:32.035] [SEVERE ] setting player 3 freeze to 0
[14:59:32.035] [SEVERE ] player 4 placing token on slot 6
[14:59:33.038] [SEVERE ] updating countdown to 10867
[14:59:33.038] [SEVERE ] player 3 placing token on slot 0
[14:59:33.039] [SEVERE ] removing player 4 token from slot 3
[14:59:33.039] [SEVERE ] removing player 4 token from slot 2
[14:59:33.040] [SEVERE ] removing player 4 token from slot 6
[14:59:33.040] [SEVERE ] setting player 4 freeze to 3000
[14:59:34.040] [SEVERE ] player 3 placing token on slot 7
[14:59:34.056] [SEVERE ] updating countdown to 9849
[14:59:34.056] [SEVERE ] setting player 4 freeze to 2000
[14:59:34.479] [SEVERE ] key 90 was pressed by player 1
[14:59:34.483] [SEVERE ] player 1 placing token on slot 8
[14:59:35.043] [SEVERE ] player 3 placing token on slot 6
[14:59:35.062] [SEVERE ] updating countdown to 8843
[14:59:35.062] [SEVERE ] setting player 4 freeze to 1000
[14:59:35.062] [SEVERE ] removing player 3 token from slot 0
[14:59:35.063] [SEVERE ] removing player 3 token from slot 7
[14:59:35.064] [SEVERE ] removing player 3 token from slot 6
[14:59:35.064] [SEVERE ] setting player 3 freeze to 3000
[14:59:35.401] [SEVERE ] key 88 was pressed by player 1
[14:59:35.407] [SEVERE ] player 1 placing token on slot 9
[14:59:36.071] [SEVERE ] setting player 4 freeze to 0
[14:59:36.071] [SEVERE ] updating countdown to 7834
[14:59:36.071] [SEVERE ] setting player 3 freeze to 2000
[14:59:37.072] [SEVERE ] updating countdown to 6833
[14:59:37.072] [SEVERE ] setting player 3 freeze to 1000
[14:59:37.072] [SEVERE ] player 4 placing token on slot 4
[14:59:37.666] [SEVERE ] key 88 was pressed by player 1
[14:59:37.667] [SEVERE ] removing player 1 token from slot 9
[14:59:38.073] [SEVERE ] updating countdown to 5832
[14:59:38.073] [SEVERE ] setting player 3 freeze to 0
[14:59:38.074] [SEVERE ] player 4 placing token on slot 7
[14:59:38.813] [SEVERE ] key 83 was pressed by player 1
[14:59:38.813] [SEVERE ] player 1 placing token on slot 5
[14:59:39.081] [SEVERE ] player 3 placing token on slot 6
[14:59:39.082] [SEVERE ] player 4 placing token on slot 5
[14:59:39.083] [SEVERE ] removing player 4 token from slot 4
[14:59:39.083] [SEVERE ] removing player 4 token from slot 7
[14:59:39.084] [SEVERE ] removing player 4 token from slot 5
[14:59:39.084] [SEVERE ] setting player 4 freeze to 3000
[14:59:39.905] [SEVERE ] updating countdown to 4000
[14:59:39.905] [SEVERE ] updating countdown to 4000
[14:59:39.905] [SEVERE ] updating countdown to 4000
[14:59:39.905] [SEVERE ] updating countdown to 4000
[14:59:39.905] [SEVERE ] updating countdown to 4000
[14:59:39.905] [SEVERE ] updating countdown to 4000
[14:59:39.905] [SEVERE ] updating countdown to 4000
[14:59:39.905] [SEVERE ] updating countdown to 4000
[14:59:39.905] [SEVERE ] updating countdown to 4000
[14:59:39.908] [SEVERE ] updating countdown to 4000
[14:59:40.096] [SEVERE ] setting player 4 freeze to 2000
[14:59:40.096] [SEVERE ] player 3 placing token on slot 4
[14:59:40.402] [SEVERE ] key 86 was pressed by player 1
[14:59:40.417] [SEVERE ] player 1 placing token on slot 11
[14:59:40.522] [SEVERE ] removing player 1 token from slot 8
[14:59:40.524] [SEVERE ] removing tokens from slot 8
[14:59:40.524] [SEVERE ] removing card from slot 8
[14:59:40.633] [SEVERE ] removing player 1 token from slot 5
[14:59:40.633] [SEVERE ] removing tokens from slot 5
[14:59:40.633] [SEVERE ] removing card from slot 5
[14:59:40.744] [SEVERE ] removing player 1 token from slot 11
[14:59:40.744] [SEVERE ] removing tokens from slot 11
[14:59:40.744] [SEVERE ] removing card from slot 11
[14:59:40.744] [SEVERE ] setting player 1 score to 1
[14:59:40.744] [SEVERE ] setting player 1 freeze to 1000
[14:59:40.855] [SEVERE ] placing card 54 in slot 8
[14:59:40.964] [SEVERE ] placing card 35 in slot 5
[14:59:41.075] [SEVERE ] placing card 11 in slot 11
[14:59:41.106] [SEVERE ] setting player 4 freeze to 1000
[14:59:41.106] [SEVERE ] player 3 placing token on slot 11
[14:59:41.107] [SEVERE ] removing player 3 token from slot 6
[14:59:41.107] [SEVERE ] removing player 3 token from slot 4
[14:59:41.107] [SEVERE ] removing player 3 token from slot 11
[14:59:41.107] [SEVERE ] setting player 3 freeze to 3000
[14:59:41.755] [SEVERE ] setting player 1 freeze to 0
[14:59:41.755] [SEVERE ] updating countdown to 25000
[14:59:42.109] [SEVERE ] setting player 4 freeze to 0
[14:59:42.111] [SEVERE ] setting player 3 freeze to 2000
[14:59:42.765] [SEVERE ] updating countdown to 23990
[14:59:43.110] [SEVERE ] player 4 placing token on slot 7
[14:59:43.112] [SEVERE ] setting player 3 freeze to 1000
[14:59:43.767] [SEVERE ] updating countdown to 22988
[14:59:44.115] [SEVERE ] setting player 3 freeze to 0
[14:59:44.115] [SEVERE ] player 4 placing token on slot 0
[14:59:44.768] [SEVERE ] updating countdown to 21987
[14:59:45.120] [SEVERE ] player 3 placing token on slot 5
[14:59:45.121] [SEVERE ] player 4 placing token on slot 2
[14:59:45.769] [SEVERE ] updating countdown to 20986
[14:59:45.769] [SEVERE ] removing player 4 token from slot 7
[14:59:45.771] [SEVERE ] removing player 4 token from slot 0
[14:59:45.771] [SEVERE ] removing player 4 token from slot 2
[14:59:45.771] [SEVERE ] setting player 4 freeze to 3000
[14:59:46.130] [SEVERE ] player 3 placing token on slot 10
[14:59:46.772] [SEVERE ] setting player 4 freeze to 2000
[14:59:46.772] [SEVERE ] updating countdown to 19983
[14:59:47.132] [SEVERE ] player 3 placing token on slot 3
[14:59:47.773] [SEVERE ] setting player 4 freeze to 1000
[14:59:47.774] [SEVERE ] updating countdown to 18981
[14:59:47.774] [SEVERE ] removing player 3 token from slot 5
[14:59:47.774] [SEVERE ] removing player 3 token from slot 10
[14:59:47.774] [SEVERE ] removing player 3 token from slot 3
[14:59:47.774] [SEVERE ] setting player 3 freeze to 3000
[14:59:48.779] [SEVERE ] setting player 3 freeze to 2000
[14:59:48.779] [SEVERE ] updating countdown to 17976
[14:59:48.779] [SEVERE ] setting player 4 freeze to 0
[14:59:49.787] [SEVERE ] setting player 3 freeze to 1000
[14:59:49.787] [SEVERE ] updating countdown to 16968
[14:59:49.787] [SEVERE ] player 4 placing token on slot 0
[14:59:50.800] [SEVERE ] setting player 3 freeze to 0
[14:59:50.800] [SEVERE ] updating countdown to 15955
[14:59:50.800] [SEVERE ] player 4 placing token on slot 1
[14:59:51.808] [SEVERE ] updating countdown to 14947
[14:59:51.809] [SEVERE ] player 3 placing token on slot 1
[14:59:51.810] [SEVERE ] player 4 placing token on slot 8
[14:59:52.823] [SEVERE ] updating countdown to 13932
[14:59:52.824] [SEVERE ] player 3 placing token on slot 10
[14:59:52.824] [SEVERE ] removing player 4 token from slot 0
[14:59:52.824] [SEVERE ] removing player 4 token from slot 1
[14:59:52.824] [SEVERE ] removing player 4 token from slot 8
[14:59:52.826] [SEVERE ] setting player 4 freeze to 3000
[14:59:53.830] [SEVERE ] setting player 4 freeze to 2000
[14:59:53.830] [SEVERE ] updating countdown to 12925
[14:59:53.830] [SEVERE ] player 3 placing token on slot 2
[14:59:54.833] [SEVERE ] setting player 4 freeze to 1000
[14:59:54.833] [SEVERE ] updating countdown to 11922
[14:59:54.833] [SEVERE ] removing player 3 token from slot 1
[14:59:54.833] [SEVERE ] removing player 3 token from slot 10
[14:59:54.833] [SEVERE ] removing player 3 token from slot 2
[14:59:54.833] [SEVERE ] setting player 3 freeze to 3000
[14:59:55.840] [SEVERE ] updating countdown to 10915
[14:59:55.840] [SEVERE ] setting player 3 freeze to 2000
[14:59:55.840] [SEVERE ] setting player 4 freeze to 0
[14:59:56.844] [SEVERE ] setting player 3 freeze to 1000
[14:59:56.844] [SEVERE ] updating countdown to 9911
[14:59:56.844] [SEVERE ] player 4 placing token on slot 3
[14:59:57.848] [SEVERE ] updating countdown to 8907
[14:59:57.848] [SEVERE ] setting player 3 freeze to 0
[14:59:57.848] [SEVERE ] player 4 placing token on slot 1
[14:59:58.863] [SEVERE ] updating countdown to 7892
[14:59:58.863] [SEVERE ] player 4 placing token on slot 11
[14:59:58.864] [SEVERE ] player 3 placing token on slot 10
[14:59:59.868] [SEVERE ] updating countdown to 6887
[14:59:59.868] [SEVERE ] player 3 placing token on slot 4
[14:59:59.869] [SEVERE ] removing player 4 token from slot 3
[14:59:59.870] [SEVERE ] removing player 4 token from slot 1
[14:59:59.870] [SEVERE ] removing player 4 token from slot 11
[14:59:59.870] [SEVERE ] setting player 4 freeze to 3000
[15:00:00.875] [SEVERE ] updating countdown to 5880
[15:00:00.875] [SEVERE ] setting player 4 freeze to 2000
[15:00:00.875] [SEVERE ] player 3 placing token on slot 3
[15:00:01.877] [SEVERE ] setting player 4 freeze to 1000
[15:00:01.877] [SEVERE ] removing player 3 token from slot 10
[15:00:01.877] [SEVERE ] removing player 3 token from slot 4
[15:00:01.877] [SEVERE ] removing player 3 token from slot 3
[15:00:01.877] [SEVERE ] setting player 3 freeze to 3000
[15:00:02.755] [SEVERE ] updating countdown to 4000
[15:00:02.755] [SEVERE ] updating countdown to 4000
[15:00:02.755] [SEVERE ] updating countdown to 4000
[15:00:02.755] [SEVERE ] updating countdown to 4000
[15:00:02.755] [SEVERE ] updating countdown to 4000
[15:00:02.755] [SEVERE ] updating countdown to 4000
[15:00:02.755] [SEVERE ] updating countdown to 4000
[15:00:02.755] [SEVERE ] updating countdown to 4000
[15:00:02.755] [SEVERE ] updating countdown to 4000
[15:00:02.884] [SEVERE ] setting player 4 freeze to 0
[15:00:02.884] [SEVERE ] setting player 3 freeze to 2000
[15:00:03.892] [SEVERE ] setting player 3 freeze to 1000
[15:00:03.892] [SEVERE ] player 4 placing token on slot 7
[15:00:04.911] [SEVERE ] setting player 3 freeze to 0
[15:00:04.911] [SEVERE ] player 4 placing token on slot 4
[15:00:05.914] [SEVERE ] player 4 placing token on slot 1
[15:00:05.914] [SEVERE ] removing player 4 token from slot 7
[15:00:05.914] [SEVERE ] removing player 4 token from slot 4
[15:00:05.914] [SEVERE ] removing player 4 token from slot 1
[15:00:05.914] [SEVERE ] setting player 4 freeze to 3000
[15:00:05.914] [SEVERE ] player 3 placing token on slot 2
[15:00:06.208] [SEVERE ] key 81 was pressed by player 1
[15:00:06.209] [SEVERE ] player 1 placing token on slot 0
[15:00:06.624] [SEVERE ] key 87 was pressed by player 1
[15:00:06.629] [SEVERE ] player 1 placing token on slot 1
[15:00:06.759] [SEVERE ] updating countdown to 25000
[15:00:06.863] [SEVERE ] removing player 3 token from slot 2
[15:00:06.863] [SEVERE ] removing tokens from slot 2
[15:00:06.863] [SEVERE ] removing card from slot 2
[15:00:06.926] [SEVERE ] setting player 4 freeze to 2000
[15:00:06.926] [SEVERE ] player 3 placing token on slot 8
[15:00:06.966] [SEVERE ] removing tokens from slot 4
[15:00:06.966] [SEVERE ] removing card from slot 4
[15:00:07.070] [SEVERE ] removing tokens from slot 9
[15:00:07.070] [SEVERE ] removing card from slot 9
[15:00:07.104] [SEVERE ] key 87 was pressed by player 1
[15:00:07.104] [SEVERE ] removing player 1 token from slot 1
[15:00:07.170] [SEVERE ] removing tokens from slot 3
[15:00:07.170] [SEVERE ] removing card from slot 3
[15:00:07.271] [SEVERE ] removing tokens from slot 10
[15:00:07.271] [SEVERE ] removing card from slot 10
[15:00:07.374] [SEVERE ] removing player 3 token from slot 8
[15:00:07.374] [SEVERE ] removing tokens from slot 8
[15:00:07.374] [SEVERE ] removing card from slot 8
[15:00:07.476] [SEVERE ] removing tokens from slot 1
[15:00:07.476] [SEVERE ] removing card from slot 1
[15:00:07.492] [SEVERE ] key 87 was pressed by player 1
[15:00:07.586] [SEVERE ] removing tokens from slot 5
[15:00:07.586] [SEVERE ] removing card from slot 5
[15:00:07.690] [SEVERE ] removing tokens from slot 11
[15:00:07.690] [SEVERE ] removing card from slot 11
[15:00:07.792] [SEVERE ] removing player 1 token from slot 0
[15:00:07.792] [SEVERE ] removing tokens from slot 0
[15:00:07.792] [SEVERE ] removing card from slot 0
[15:00:07.903] [SEVERE ] removing tokens from slot 7
[15:00:07.903] [SEVERE ] removing card from slot 7
[15:00:07.931] [SEVERE ] setting player 4 freeze to 1000
[15:00:08.007] [SEVERE ] removing tokens from slot 6
[15:00:08.007] [SEVERE ] removing card from slot 6
[15:00:08.007] [SEVERE ] updating countdown to 25000
[15:00:08.108] [SEVERE ] placing card 53 in slot 2
[15:00:08.211] [SEVERE ] placing card 21 in slot 4
[15:00:08.325] [SEVERE ] placing card 39 in slot 9
[15:00:08.434] [SEVERE ] placing card 27 in slot 3
[15:00:08.544] [SEVERE ] placing card 8 in slot 10
[15:00:08.654] [SEVERE ] placing card 64 in slot 8
[15:00:08.756] [SEVERE ] placing card 10 in slot 1
[15:00:08.845] [SEVERE ] key 69 was pressed by player 1
[15:00:08.850] [SEVERE ] player 1 placing token on slot 2
[15:00:08.865] [SEVERE ] placing card 50 in slot 5
[15:00:08.945] [SEVERE ] setting player 4 freeze to 0
[15:00:08.945] [SEVERE ] player 3 placing token on slot 10
[15:00:08.974] [SEVERE ] placing card 34 in slot 11
[15:00:09.082] [SEVERE ] placing card 33 in slot 0
[15:00:09.192] [SEVERE ] placing card 73 in slot 7
[15:00:09.301] [SEVERE ] placing card 79 in slot 6
[15:00:09.950] [SEVERE ] player 3 placing token on slot 0
[15:00:09.951] [SEVERE ] player 4 placing token on slot 2
[15:00:10.311] [SEVERE ] updating countdown to 24990
[15:00:10.952] [SEVERE ] player 3 placing token on slot 2
[15:00:10.952] [SEVERE ] player 4 placing token on slot 5
[15:00:11.318] [SEVERE ] updating countdown to 23983
[15:00:11.320] [SEVERE ] removing player 3 token from slot 10
[15:00:11.321] [SEVERE ] removing player 3 token from slot 0
[15:00:11.321] [SEVERE ] removing player 3 token from slot 2
[15:00:11.321] [SEVERE ] setting player 3 freeze to 3000
[15:00:11.955] [SEVERE ] removing player 4 token from slot 2
[15:00:12.329] [SEVERE ] updating countdown to 22972
[15:00:12.329] [SEVERE ] setting player 3 freeze to 2000
[15:00:12.964] [SEVERE ] player 4 placing token on slot 6
[15:00:13.341] [SEVERE ] setting player 3 freeze to 1000
[15:00:13.341] [SEVERE ] updating countdown to 21960
