[15:17:29.931] [INFO   ] thread bguspl.set.Main.main() starting.
[15:17:29.931] [SEVERE ] cannot read configuration file config.properties trying from resources.
[15:17:29.931] [SEVERE ] configuration file was loaded from resources directory.
[15:17:30.737] [INFO   ] thread dealer starting.
[15:17:30.737] [INFO   ] thread dealer starting.
[15:17:30.752] [INFO   ] thread Thread-1 starting.
[15:17:30.752] [INFO   ] thread Thread-2 starting.
[15:17:30.752] [INFO   ] thread Thread-3 starting.
[15:17:30.752] [INFO   ] thread Thread-4 starting.
[15:17:30.752] [INFO   ] thread computer-2 starting.
[15:17:30.752] [INFO   ] thread computer-3 starting.
[15:17:30.761] [SEVERE ] updating countdown to 5000
[15:17:30.866] [SEVERE ] placing card 51 in slot 0
[15:17:30.989] [SEVERE ] placing card 12 in slot 2
[15:17:31.091] [SEVERE ] placing card 67 in slot 1
[15:17:31.193] [SEVERE ] placing card 73 in slot 6
[15:17:31.295] [SEVERE ] placing card 58 in slot 3
[15:17:31.401] [SEVERE ] placing card 48 in slot 10
[15:17:31.505] [SEVERE ] placing card 5 in slot 8
[15:17:31.607] [SEVERE ] placing card 13 in slot 7
[15:17:31.713] [SEVERE ] placing card 63 in slot 4
[15:17:31.758] [SEVERE ] player 4 placing token on slot 8
[15:17:31.813] [SEVERE ] placing card 77 in slot 5
[15:17:31.914] [SEVERE ] placing card 24 in slot 9
[15:17:32.015] [SEVERE ] placing card 47 in slot 11
[15:17:32.757] [SEVERE ] player 3 placing token on slot 1
[15:17:32.775] [SEVERE ] player 4 placing token on slot 3
[15:17:33.015] [SEVERE ] updating countdown to 5000
[15:17:33.759] [SEVERE ] player 3 placing token on slot 9
[15:17:33.781] [SEVERE ] player 4 placing token on slot 7
[15:17:33.783] [SEVERE ] removing player 4 token from slot 8
[15:17:33.785] [SEVERE ] removing player 4 token from slot 3
[15:17:33.787] [SEVERE ] removing player 4 token from slot 7
[15:17:33.789] [SEVERE ] setting player 4 freeze to 3000
[15:17:34.767] [SEVERE ] player 3 placing token on slot 2
[15:17:34.770] [SEVERE ] removing player 3 token from slot 1
[15:17:34.771] [SEVERE ] removing player 3 token from slot 9
[15:17:34.772] [SEVERE ] removing player 3 token from slot 2
[15:17:34.773] [SEVERE ] setting player 3 freeze to 3000
[15:17:34.793] [SEVERE ] setting player 4 freeze to 2000
[15:17:35.015] [SEVERE ] updating countdown to 3000
[15:17:35.015] [SEVERE ] updating countdown to 3000
[15:17:35.015] [SEVERE ] updating countdown to 3000
[15:17:35.015] [SEVERE ] updating countdown to 3000
[15:17:35.015] [SEVERE ] updating countdown to 3000
[15:17:35.015] [SEVERE ] updating countdown to 3000
[15:17:35.015] [SEVERE ] updating countdown to 3000
[15:17:35.015] [SEVERE ] updating countdown to 3000
[15:17:35.015] [SEVERE ] updating countdown to 3000
[15:17:35.015] [SEVERE ] updating countdown to 3000
[15:17:35.015] [SEVERE ] updating countdown to 3000
[15:17:35.015] [SEVERE ] updating countdown to 3000
[15:17:35.015] [SEVERE ] updating countdown to 3000
[15:17:35.015] [SEVERE ] updating countdown to 3000
[15:17:35.015] [SEVERE ] updating countdown to 3000
[15:17:35.015] [SEVERE ] updating countdown to 3000
[15:17:35.015] [SEVERE ] updating countdown to 3000
[15:17:35.015] [SEVERE ] updating countdown to 3000
[15:17:35.015] [SEVERE ] updating countdown to 3000
[15:17:35.015] [SEVERE ] updating countdown to 3000
[15:17:35.015] [SEVERE ] updating countdown to 3000
[15:17:35.775] [SEVERE ] setting player 3 freeze to 2000
[15:17:35.794] [SEVERE ] setting player 4 freeze to 1000
[15:17:36.015] [SEVERE ] updating countdown to 2000
[15:17:36.015] [SEVERE ] updating countdown to 2000
[15:17:36.704] [SEVERE ] key 81 was pressed by player 1
[15:17:36.706] [SEVERE ] player 1 placing token on slot 0
[15:17:36.757] [SEVERE ] key 87 was pressed by player 1
[15:17:36.757] [SEVERE ] player 1 placing token on slot 1
[15:17:36.776] [SEVERE ] setting player 3 freeze to 1000
[15:17:36.795] [SEVERE ] key 69 was pressed by player 1
[15:17:36.796] [SEVERE ] setting player 4 freeze to 0
[15:17:36.796] [SEVERE ] player 1 placing token on slot 2
[15:17:36.797] [SEVERE ] removing player 1 token from slot 0
[15:17:36.797] [SEVERE ] removing player 1 token from slot 1
[15:17:36.797] [SEVERE ] removing player 1 token from slot 2
[15:17:36.797] [SEVERE ] setting player 1 freeze to 3000
[15:17:37.779] [SEVERE ] setting player 3 freeze to 0
[15:17:37.810] [SEVERE ] setting player 1 freeze to 2000
[15:17:37.810] [SEVERE ] player 4 placing token on slot 5
[15:17:38.015] [SEVERE ] updating countdown to 5000
[15:17:38.116] [SEVERE ] removing tokens from slot 0
[15:17:38.117] [SEVERE ] removing card from slot 0
[15:17:38.227] [SEVERE ] removing tokens from slot 2
[15:17:38.227] [SEVERE ] removing card from slot 2
[15:17:38.337] [SEVERE ] removing tokens from slot 1
[15:17:38.337] [SEVERE ] removing card from slot 1
[15:17:38.447] [SEVERE ] removing tokens from slot 6
[15:17:38.447] [SEVERE ] removing card from slot 6
[15:17:38.557] [SEVERE ] removing tokens from slot 3
[15:17:38.557] [SEVERE ] removing card from slot 3
[15:17:38.667] [SEVERE ] removing tokens from slot 10
[15:17:38.667] [SEVERE ] removing card from slot 10
[15:17:38.777] [SEVERE ] removing tokens from slot 8
[15:17:38.777] [SEVERE ] removing card from slot 8
[15:17:38.793] [SEVERE ] player 3 placing token on slot 4
[15:17:38.825] [SEVERE ] setting player 1 freeze to 1000
[15:17:38.879] [SEVERE ] removing tokens from slot 7
[15:17:38.880] [SEVERE ] removing card from slot 7
[15:17:38.985] [SEVERE ] removing player 3 token from slot 4
[15:17:38.985] [SEVERE ] removing tokens from slot 4
[15:17:38.985] [SEVERE ] removing card from slot 4
[15:17:39.098] [SEVERE ] removing player 4 token from slot 5
[15:17:39.098] [SEVERE ] removing tokens from slot 5
[15:17:39.098] [SEVERE ] removing card from slot 5
[15:17:39.136] [SEVERE ] key 80 was pressed by player 2
[15:17:39.211] [SEVERE ] removing tokens from slot 9
[15:17:39.211] [SEVERE ] removing card from slot 9
[15:17:39.320] [SEVERE ] removing tokens from slot 11
[15:17:39.320] [SEVERE ] removing card from slot 11
[15:17:39.320] [SEVERE ] updating countdown to 5000
[15:17:39.431] [SEVERE ] placing card 0 in slot 0
[15:17:39.541] [SEVERE ] placing card 61 in slot 2
[15:17:39.651] [SEVERE ] placing card 57 in slot 1
[15:17:39.761] [SEVERE ] placing card 73 in slot 6
[15:17:39.839] [SEVERE ] setting player 1 freeze to 0
[15:17:39.872] [SEVERE ] placing card 42 in slot 3
[15:17:39.941] [SEVERE ] key 80 was pressed by player 2
[15:17:39.941] [SEVERE ] player 2 placing token on slot 3
[15:17:39.980] [SEVERE ] placing card 47 in slot 10
[15:17:40.086] [SEVERE ] placing card 52 in slot 8
[15:17:40.196] [SEVERE ] placing card 77 in slot 7
[15:17:40.306] [SEVERE ] placing card 26 in slot 4
[15:17:40.416] [SEVERE ] placing card 76 in slot 5
[15:17:40.525] [SEVERE ] placing card 72 in slot 9
[15:17:40.636] [SEVERE ] placing card 65 in slot 11
[15:17:41.640] [SEVERE ] player 4 placing token on slot 5
[15:17:41.642] [SEVERE ] player 3 placing token on slot 1
[15:17:42.641] [SEVERE ] player 4 placing token on slot 4
[15:17:42.646] [SEVERE ] player 3 placing token on slot 5
[15:17:43.636] [SEVERE ] updating countdown to 3000
[15:17:43.636] [SEVERE ] updating countdown to 3000
[15:17:43.636] [SEVERE ] updating countdown to 3000
[15:17:43.636] [SEVERE ] updating countdown to 3000
[15:17:43.636] [SEVERE ] updating countdown to 3000
[15:17:43.636] [SEVERE ] updating countdown to 3000
[15:17:43.636] [SEVERE ] updating countdown to 3000
[15:17:43.636] [SEVERE ] updating countdown to 3000
[15:17:43.636] [SEVERE ] updating countdown to 3000
[15:17:43.636] [SEVERE ] updating countdown to 3000
[15:17:43.636] [SEVERE ] updating countdown to 3000
[15:17:43.636] [SEVERE ] updating countdown to 3000
[15:17:43.636] [SEVERE ] updating countdown to 3000
[15:17:43.636] [SEVERE ] updating countdown to 3000
[15:17:43.636] [SEVERE ] updating countdown to 3000
[15:17:43.636] [SEVERE ] updating countdown to 3000
[15:17:43.636] [SEVERE ] updating countdown to 3000
[15:17:43.636] [SEVERE ] updating countdown to 3000
[15:17:43.636] [SEVERE ] updating countdown to 3000
[15:17:43.636] [SEVERE ] updating countdown to 3000
[15:17:43.636] [SEVERE ] updating countdown to 3000
[15:17:43.636] [SEVERE ] updating countdown to 3000
[15:17:43.636] [SEVERE ] updating countdown to 3000
[15:17:43.636] [SEVERE ] updating countdown to 3000
[15:17:43.636] [SEVERE ] updating countdown to 3000
[15:17:43.636] [SEVERE ] updating countdown to 3000
[15:17:43.636] [SEVERE ] updating countdown to 3000
[15:17:43.636] [SEVERE ] updating countdown to 3000
[15:17:43.636] [SEVERE ] updating countdown to 3000
[15:17:43.636] [SEVERE ] updating countdown to 3000
[15:17:43.636] [SEVERE ] updating countdown to 3000
[15:17:43.636] [SEVERE ] updating countdown to 3000
[15:17:43.636] [SEVERE ] updating countdown to 3000
[15:17:43.636] [SEVERE ] updating countdown to 3000
[15:17:43.636] [SEVERE ] updating countdown to 3000
[15:17:43.636] [SEVERE ] updating countdown to 3000
[15:17:43.636] [SEVERE ] updating countdown to 3000
[15:17:43.636] [SEVERE ] updating countdown to 3000
[15:17:43.636] [SEVERE ] updating countdown to 3000
[15:17:43.636] [SEVERE ] updating countdown to 3000
[15:17:43.636] [SEVERE ] updating countdown to 3000
[15:17:43.636] [SEVERE ] updating countdown to 3000
[15:17:43.636] [SEVERE ] updating countdown to 3000
[15:17:43.636] [SEVERE ] updating countdown to 3000
[15:17:43.636] [SEVERE ] updating countdown to 3000
[15:17:43.636] [SEVERE ] updating countdown to 3000
[15:17:43.636] [SEVERE ] updating countdown to 3000
[15:17:43.636] [SEVERE ] updating countdown to 3000
[15:17:43.636] [SEVERE ] updating countdown to 3000
[15:17:43.636] [SEVERE ] updating countdown to 3000
[15:17:43.636] [SEVERE ] updating countdown to 3000
[15:17:43.636] [SEVERE ] updating countdown to 3000
[15:17:43.636] [SEVERE ] updating countdown to 3000
[15:17:43.636] [SEVERE ] updating countdown to 3000
[15:17:43.636] [SEVERE ] updating countdown to 3000
[15:17:43.636] [SEVERE ] updating countdown to 3000
[15:17:43.636] [SEVERE ] updating countdown to 3000
[15:17:43.636] [SEVERE ] updating countdown to 3000
[15:17:43.636] [SEVERE ] updating countdown to 3000
[15:17:43.644] [SEVERE ] player 4 placing token on slot 7
[15:17:43.646] [SEVERE ] removing player 4 token from slot 5
[15:17:43.646] [SEVERE ] removing player 4 token from slot 4
[15:17:43.646] [SEVERE ] removing player 4 token from slot 7
[15:17:43.648] [SEVERE ] setting player 4 freeze to 3000
[15:17:43.648] [SEVERE ] removing player 3 token from slot 5
[15:17:44.649] [SEVERE ] setting player 4 freeze to 2000
[15:17:44.650] [SEVERE ] player 3 placing token on slot 9
[15:17:44.992] [SEVERE ] key 79 was pressed by player 2
[15:17:45.003] [SEVERE ] player 2 placing token on slot 2
[15:17:45.636] [SEVERE ] updating countdown to 1000
[15:17:45.636] [SEVERE ] updating countdown to 1000
[15:17:45.636] [SEVERE ] updating countdown to 1000
[15:17:45.636] [SEVERE ] updating countdown to 1000
[15:17:45.636] [SEVERE ] updating countdown to 1000
[15:17:45.636] [SEVERE ] updating countdown to 1000
[15:17:45.636] [SEVERE ] updating countdown to 1000
[15:17:45.636] [SEVERE ] updating countdown to 1000
[15:17:45.636] [SEVERE ] updating countdown to 1000
[15:17:45.636] [SEVERE ] updating countdown to 1000
[15:17:45.636] [SEVERE ] updating countdown to 1000
[15:17:45.636] [SEVERE ] updating countdown to 1000
[15:17:45.636] [SEVERE ] updating countdown to 1000
[15:17:45.636] [SEVERE ] updating countdown to 1000
[15:17:45.636] [SEVERE ] updating countdown to 1000
[15:17:45.636] [SEVERE ] updating countdown to 1000
[15:17:45.636] [SEVERE ] updating countdown to 1000
[15:17:45.636] [SEVERE ] updating countdown to 1000
[15:17:45.636] [SEVERE ] updating countdown to 1000
[15:17:45.636] [SEVERE ] updating countdown to 1000
[15:17:45.636] [SEVERE ] updating countdown to 1000
[15:17:45.636] [SEVERE ] updating countdown to 1000
[15:17:45.636] [SEVERE ] updating countdown to 1000
[15:17:45.636] [SEVERE ] updating countdown to 1000
[15:17:45.636] [SEVERE ] updating countdown to 1000
[15:17:45.636] [SEVERE ] updating countdown to 1000
[15:17:45.636] [SEVERE ] updating countdown to 1000
[15:17:45.636] [SEVERE ] updating countdown to 1000
[15:17:45.636] [SEVERE ] updating countdown to 1000
[15:17:45.636] [SEVERE ] updating countdown to 1000
[15:17:45.636] [SEVERE ] updating countdown to 1000
[15:17:45.636] [SEVERE ] updating countdown to 1000
[15:17:45.636] [SEVERE ] updating countdown to 1000
[15:17:45.636] [SEVERE ] updating countdown to 1000
[15:17:45.636] [SEVERE ] updating countdown to 1000
[15:17:45.636] [SEVERE ] updating countdown to 1000
[15:17:45.636] [SEVERE ] updating countdown to 1000
[15:17:45.636] [SEVERE ] updating countdown to 1000
[15:17:45.636] [SEVERE ] updating countdown to 1000
[15:17:45.636] [SEVERE ] updating countdown to 1000
[15:17:45.636] [SEVERE ] updating countdown to 1000
[15:17:45.636] [SEVERE ] updating countdown to 1000
[15:17:45.636] [SEVERE ] updating countdown to 1000
[15:17:45.636] [SEVERE ] updating countdown to 1000
[15:17:45.636] [SEVERE ] updating countdown to 1000
[15:17:45.636] [SEVERE ] updating countdown to 1000
[15:17:45.636] [SEVERE ] updating countdown to 1000
[15:17:45.636] [SEVERE ] updating countdown to 1000
[15:17:45.636] [SEVERE ] updating countdown to 1000
[15:17:45.636] [SEVERE ] updating countdown to 1000
[15:17:45.636] [SEVERE ] updating countdown to 1000
[15:17:45.636] [SEVERE ] updating countdown to 1000
[15:17:45.636] [SEVERE ] updating countdown to 1000
[15:17:45.636] [SEVERE ] updating countdown to 1000
[15:17:45.636] [SEVERE ] updating countdown to 1000
[15:17:45.636] [SEVERE ] updating countdown to 1000
[15:17:45.636] [SEVERE ] updating countdown to 1000
[15:17:45.636] [SEVERE ] updating countdown to 1000
[15:17:45.636] [SEVERE ] updating countdown to 1000
[15:17:45.636] [SEVERE ] updating countdown to 1000
[15:17:45.636] [SEVERE ] updating countdown to 1000
[15:17:45.636] [SEVERE ] updating countdown to 1000
[15:17:45.636] [SEVERE ] updating countdown to 1000
[15:17:45.636] [SEVERE ] updating countdown to 1000
[15:17:45.636] [SEVERE ] updating countdown to 1000
[15:17:45.636] [SEVERE ] updating countdown to 1000
[15:17:45.636] [SEVERE ] updating countdown to 1000
[15:17:45.636] [SEVERE ] updating countdown to 1000
[15:17:45.636] [SEVERE ] updating countdown to 1000
[15:17:45.636] [SEVERE ] updating countdown to 1000
[15:17:45.636] [SEVERE ] updating countdown to 1000
[15:17:45.636] [SEVERE ] updating countdown to 1000
[15:17:45.636] [SEVERE ] updating countdown to 1000
[15:17:45.636] [SEVERE ] updating countdown to 1000
[15:17:45.636] [SEVERE ] updating countdown to 1000
[15:17:45.636] [SEVERE ] updating countdown to 1000
[15:17:45.636] [SEVERE ] updating countdown to 1000
[15:17:45.636] [SEVERE ] updating countdown to 1000
[15:17:45.636] [SEVERE ] updating countdown to 1000
[15:17:45.636] [SEVERE ] updating countdown to 1000
[15:17:45.636] [SEVERE ] updating countdown to 1000
[15:17:45.636] [SEVERE ] updating countdown to 1000
[15:17:45.636] [SEVERE ] updating countdown to 1000
[15:17:45.636] [SEVERE ] updating countdown to 1000
[15:17:45.636] [SEVERE ] updating countdown to 1000
[15:17:45.636] [SEVERE ] updating countdown to 1000
[15:17:45.636] [SEVERE ] updating countdown to 1000
[15:17:45.636] [SEVERE ] updating countdown to 1000
[15:17:45.636] [SEVERE ] updating countdown to 1000
[15:17:45.636] [SEVERE ] updating countdown to 1000
[15:17:45.636] [SEVERE ] updating countdown to 1000
[15:17:45.636] [SEVERE ] updating countdown to 1000
[15:17:45.636] [SEVERE ] updating countdown to 1000
[15:17:45.636] [SEVERE ] updating countdown to 1000
[15:17:45.636] [SEVERE ] updating countdown to 1000
[15:17:45.636] [SEVERE ] updating countdown to 1000
[15:17:45.636] [SEVERE ] updating countdown to 1000
[15:17:45.636] [SEVERE ] updating countdown to 1000
[15:17:45.636] [SEVERE ] updating countdown to 1000
[15:17:45.636] [SEVERE ] updating countdown to 1000
[15:17:45.636] [SEVERE ] updating countdown to 1000
[15:17:45.636] [SEVERE ] updating countdown to 1000
[15:17:45.636] [SEVERE ] updating countdown to 1000
[15:17:45.636] [SEVERE ] updating countdown to 1000
[15:17:45.636] [SEVERE ] updating countdown to 1000
[15:17:45.636] [SEVERE ] updating countdown to 1000
[15:17:45.636] [SEVERE ] updating countdown to 1000
[15:17:45.636] [SEVERE ] updating countdown to 1000
[15:17:45.636] [SEVERE ] updating countdown to 1000
[15:17:45.636] [SEVERE ] updating countdown to 1000
[15:17:45.636] [SEVERE ] updating countdown to 1000
[15:17:45.636] [SEVERE ] updating countdown to 1000
[15:17:45.636] [SEVERE ] updating countdown to 1000
[15:17:45.636] [SEVERE ] updating countdown to 1000
[15:17:45.636] [SEVERE ] updating countdown to 1000
[15:17:45.636] [SEVERE ] updating countdown to 1000
[15:17:45.636] [SEVERE ] updating countdown to 1000
[15:17:45.636] [SEVERE ] updating countdown to 1000
[15:17:45.636] [SEVERE ] updating countdown to 1000
[15:17:45.636] [SEVERE ] updating countdown to 1000
[15:17:45.636] [SEVERE ] updating countdown to 1000
[15:17:45.636] [SEVERE ] updating countdown to 1000
[15:17:45.636] [SEVERE ] updating countdown to 1000
[15:17:45.636] [SEVERE ] updating countdown to 1000
[15:17:45.636] [SEVERE ] updating countdown to 1000
[15:17:45.636] [SEVERE ] updating countdown to 1000
[15:17:45.636] [SEVERE ] updating countdown to 1000
[15:17:45.636] [SEVERE ] updating countdown to 1000
[15:17:45.636] [SEVERE ] updating countdown to 1000
[15:17:45.636] [SEVERE ] updating countdown to 1000
[15:17:45.636] [SEVERE ] updating countdown to 1000
[15:17:45.636] [SEVERE ] updating countdown to 1000
[15:17:45.636] [SEVERE ] updating countdown to 1000
[15:17:45.636] [SEVERE ] updating countdown to 1000
[15:17:45.636] [SEVERE ] updating countdown to 1000
[15:17:45.651] [SEVERE ] setting player 4 freeze to 1000
[15:17:45.653] [SEVERE ] player 3 placing token on slot 3
[15:17:45.655] [SEVERE ] removing player 3 token from slot 1
[15:17:45.657] [SEVERE ] removing player 3 token from slot 9
[15:17:45.657] [SEVERE ] removing player 3 token from slot 3
[15:17:45.658] [SEVERE ] setting player 3 freeze to 3000
[15:17:46.636] [SEVERE ] updating countdown to 5000
[15:17:46.653] [SEVERE ] setting player 4 freeze to 0
[15:17:46.669] [SEVERE ] setting player 3 freeze to 2000
[15:17:46.741] [SEVERE ] removing tokens from slot 0
[15:17:46.741] [SEVERE ] removing card from slot 0
[15:17:46.844] [SEVERE ] removing player 2 token from slot 2
[15:17:46.844] [SEVERE ] removing tokens from slot 2
[15:17:46.844] [SEVERE ] removing card from slot 2
[15:17:46.953] [SEVERE ] removing tokens from slot 1
[15:17:46.953] [SEVERE ] removing card from slot 1
[15:17:47.063] [SEVERE ] removing tokens from slot 6
[15:17:47.063] [SEVERE ] removing card from slot 6
[15:17:47.173] [SEVERE ] removing player 2 token from slot 3
[15:17:47.173] [SEVERE ] removing tokens from slot 3
[15:17:47.173] [SEVERE ] removing card from slot 3
[15:17:47.287] [SEVERE ] removing tokens from slot 10
[15:17:47.287] [SEVERE ] removing card from slot 10
[15:17:47.397] [SEVERE ] removing tokens from slot 8
[15:17:47.397] [SEVERE ] removing card from slot 8
[15:17:47.444] [SEVERE ] key 87 was pressed by player 1
[15:17:47.507] [SEVERE ] removing tokens from slot 7
[15:17:47.507] [SEVERE ] removing card from slot 7
[15:17:47.554] [SEVERE ] key 74 was pressed by player 2
[15:17:47.554] [SEVERE ] player 2 placing token on slot 4
[15:17:47.613] [SEVERE ] removing player 2 token from slot 4
[15:17:47.613] [SEVERE ] removing tokens from slot 4
[15:17:47.613] [SEVERE ] removing card from slot 4
[15:17:47.666] [SEVERE ] player 4 placing token on slot 5
[15:17:47.672] [SEVERE ] setting player 3 freeze to 1000
[15:17:47.725] [SEVERE ] removing player 4 token from slot 5
[15:17:47.726] [SEVERE ] removing tokens from slot 5
[15:17:47.726] [SEVERE ] removing card from slot 5
[15:17:47.832] [SEVERE ] removing tokens from slot 9
[15:17:47.832] [SEVERE ] removing card from slot 9
[15:17:47.941] [SEVERE ] removing tokens from slot 11
[15:17:47.941] [SEVERE ] removing card from slot 11
[15:17:47.941] [SEVERE ] updating countdown to 5000
[15:17:48.051] [SEVERE ] placing card 12 in slot 0
[15:17:48.161] [SEVERE ] placing card 25 in slot 2
[15:17:48.271] [SEVERE ] placing card 48 in slot 1
[15:17:48.365] [SEVERE ] key 81 was pressed by player 1
[15:17:48.365] [SEVERE ] player 1 placing token on slot 0
[15:17:48.380] [SEVERE ] placing card 30 in slot 6
[15:17:48.492] [SEVERE ] placing card 59 in slot 3
[15:17:48.602] [SEVERE ] placing card 65 in slot 10
[15:17:48.680] [SEVERE ] setting player 3 freeze to 0
[15:17:48.711] [SEVERE ] placing card 42 in slot 8
[15:17:48.821] [SEVERE ] placing card 15 in slot 7
[15:17:48.931] [SEVERE ] placing card 9 in slot 4
[15:17:49.041] [SEVERE ] placing card 46 in slot 5
[15:17:49.151] [SEVERE ] placing card 72 in slot 9
[15:17:49.261] [SEVERE ] placing card 63 in slot 11
[15:17:49.683] [SEVERE ] player 3 placing token on slot 2
[15:17:50.261] [SEVERE ] updating countdown to 5000
[15:17:50.261] [SEVERE ] updating countdown to 5000
[15:17:50.261] [SEVERE ] updating countdown to 5000
[15:17:50.261] [SEVERE ] updating countdown to 5000
[15:17:50.261] [SEVERE ] updating countdown to 5000
[15:17:50.261] [SEVERE ] updating countdown to 5000
[15:17:50.261] [SEVERE ] updating countdown to 5000
[15:17:50.265] [SEVERE ] player 4 placing token on slot 7
[15:17:50.684] [SEVERE ] player 3 placing token on slot 8
[15:17:51.267] [SEVERE ] player 4 placing token on slot 10
[15:17:51.686] [SEVERE ] player 3 placing token on slot 0
[15:17:51.687] [SEVERE ] removing player 3 token from slot 2
[15:17:51.688] [SEVERE ] removing player 3 token from slot 8
[15:17:51.688] [SEVERE ] removing player 3 token from slot 0
[15:17:51.689] [SEVERE ] setting player 3 freeze to 3000
[15:17:52.261] [SEVERE ] updating countdown to 3000
[15:17:52.261] [SEVERE ] updating countdown to 3000
[15:17:52.261] [SEVERE ] updating countdown to 3000
[15:17:52.261] [SEVERE ] updating countdown to 3000
[15:17:52.261] [SEVERE ] updating countdown to 3000
[15:17:52.261] [SEVERE ] updating countdown to 3000
[15:17:52.261] [SEVERE ] updating countdown to 3000
[15:17:52.261] [SEVERE ] updating countdown to 3000
[15:17:52.261] [SEVERE ] updating countdown to 3000
[15:17:52.261] [SEVERE ] updating countdown to 3000
[15:17:52.261] [SEVERE ] updating countdown to 3000
[15:17:52.261] [SEVERE ] updating countdown to 3000
[15:17:52.261] [SEVERE ] updating countdown to 3000
[15:17:52.261] [SEVERE ] updating countdown to 3000
[15:17:52.261] [SEVERE ] updating countdown to 3000
[15:17:52.261] [SEVERE ] updating countdown to 3000
[15:17:52.261] [SEVERE ] updating countdown to 3000
[15:17:52.261] [SEVERE ] updating countdown to 3000
[15:17:52.261] [SEVERE ] updating countdown to 3000
[15:17:52.261] [SEVERE ] updating countdown to 3000
[15:17:52.261] [SEVERE ] updating countdown to 3000
[15:17:52.261] [SEVERE ] updating countdown to 3000
[15:17:52.261] [SEVERE ] updating countdown to 3000
[15:17:52.261] [SEVERE ] updating countdown to 3000
[15:17:52.261] [SEVERE ] updating countdown to 3000
[15:17:52.261] [SEVERE ] updating countdown to 3000
[15:17:52.261] [SEVERE ] updating countdown to 3000
[15:17:52.261] [SEVERE ] updating countdown to 3000
[15:17:52.261] [SEVERE ] updating countdown to 3000
[15:17:52.261] [SEVERE ] updating countdown to 3000
[15:17:52.261] [SEVERE ] updating countdown to 3000
[15:17:52.261] [SEVERE ] updating countdown to 3000
[15:17:52.261] [SEVERE ] updating countdown to 3000
[15:17:52.261] [SEVERE ] updating countdown to 3000
[15:17:52.261] [SEVERE ] updating countdown to 3000
[15:17:52.261] [SEVERE ] updating countdown to 3000
[15:17:52.261] [SEVERE ] updating countdown to 3000
[15:17:52.261] [SEVERE ] updating countdown to 3000
[15:17:52.261] [SEVERE ] updating countdown to 3000
[15:17:52.261] [SEVERE ] updating countdown to 3000
[15:17:52.261] [SEVERE ] updating countdown to 3000
[15:17:52.261] [SEVERE ] updating countdown to 3000
[15:17:52.261] [SEVERE ] updating countdown to 3000
[15:17:52.261] [SEVERE ] updating countdown to 3000
[15:17:52.261] [SEVERE ] updating countdown to 3000
[15:17:52.261] [SEVERE ] updating countdown to 3000
[15:17:52.261] [SEVERE ] updating countdown to 3000
[15:17:52.261] [SEVERE ] updating countdown to 3000
[15:17:52.261] [SEVERE ] updating countdown to 3000
[15:17:52.261] [SEVERE ] updating countdown to 3000
[15:17:52.261] [SEVERE ] updating countdown to 3000
[15:17:52.261] [SEVERE ] updating countdown to 3000
[15:17:52.261] [SEVERE ] updating countdown to 3000
[15:17:52.261] [SEVERE ] updating countdown to 3000
[15:17:52.261] [SEVERE ] updating countdown to 3000
[15:17:52.261] [SEVERE ] updating countdown to 3000
[15:17:52.261] [SEVERE ] updating countdown to 3000
[15:17:52.261] [SEVERE ] updating countdown to 3000
[15:17:52.261] [SEVERE ] updating countdown to 3000
[15:17:52.261] [SEVERE ] updating countdown to 3000
[15:17:52.261] [SEVERE ] updating countdown to 3000
[15:17:52.261] [SEVERE ] updating countdown to 3000
[15:17:52.261] [SEVERE ] updating countdown to 3000
[15:17:52.261] [SEVERE ] updating countdown to 3000
[15:17:52.261] [SEVERE ] updating countdown to 3000
[15:17:52.261] [SEVERE ] updating countdown to 3000
[15:17:52.261] [SEVERE ] updating countdown to 3000
[15:17:52.261] [SEVERE ] updating countdown to 3000
[15:17:52.261] [SEVERE ] updating countdown to 3000
[15:17:52.261] [SEVERE ] updating countdown to 3000
[15:17:52.261] [SEVERE ] updating countdown to 3000
[15:17:52.261] [SEVERE ] updating countdown to 3000
[15:17:52.261] [SEVERE ] updating countdown to 3000
[15:17:52.261] [SEVERE ] updating countdown to 3000
[15:17:52.261] [SEVERE ] updating countdown to 3000
[15:17:52.261] [SEVERE ] updating countdown to 3000
[15:17:52.261] [SEVERE ] updating countdown to 3000
[15:17:52.261] [SEVERE ] updating countdown to 3000
[15:17:52.261] [SEVERE ] updating countdown to 3000
[15:17:52.261] [SEVERE ] updating countdown to 3000
[15:17:52.261] [SEVERE ] updating countdown to 3000
[15:17:52.261] [SEVERE ] updating countdown to 3000
[15:17:52.261] [SEVERE ] updating countdown to 3000
[15:17:52.261] [SEVERE ] updating countdown to 3000
[15:17:52.261] [SEVERE ] updating countdown to 3000
[15:17:52.261] [SEVERE ] updating countdown to 3000
[15:17:52.261] [SEVERE ] updating countdown to 3000
[15:17:52.261] [SEVERE ] updating countdown to 3000
[15:17:52.261] [SEVERE ] updating countdown to 3000
[15:17:52.261] [SEVERE ] updating countdown to 3000
[15:17:52.261] [SEVERE ] updating countdown to 3000
[15:17:52.261] [SEVERE ] updating countdown to 3000
[15:17:52.261] [SEVERE ] updating countdown to 3000
[15:17:52.261] [SEVERE ] updating countdown to 3000
[15:17:52.261] [SEVERE ] updating countdown to 3000
[15:17:52.261] [SEVERE ] updating countdown to 3000
[15:17:52.261] [SEVERE ] updating countdown to 3000
[15:17:52.261] [SEVERE ] updating countdown to 3000
[15:17:52.261] [SEVERE ] updating countdown to 3000
[15:17:52.261] [SEVERE ] updating countdown to 3000
[15:17:52.261] [SEVERE ] updating countdown to 3000
[15:17:52.261] [SEVERE ] updating countdown to 3000
[15:17:52.261] [SEVERE ] updating countdown to 3000
[15:17:52.261] [SEVERE ] updating countdown to 3000
[15:17:52.261] [SEVERE ] updating countdown to 3000
[15:17:52.261] [SEVERE ] updating countdown to 3000
[15:17:52.261] [SEVERE ] updating countdown to 3000
[15:17:52.261] [SEVERE ] updating countdown to 3000
[15:17:52.261] [SEVERE ] updating countdown to 3000
[15:17:52.261] [SEVERE ] updating countdown to 3000
[15:17:52.261] [SEVERE ] updating countdown to 3000
[15:17:52.261] [SEVERE ] updating countdown to 3000
[15:17:52.261] [SEVERE ] updating countdown to 3000
[15:17:52.261] [SEVERE ] updating countdown to 3000
[15:17:52.261] [SEVERE ] updating countdown to 3000
[15:17:52.261] [SEVERE ] updating countdown to 3000
[15:17:52.261] [SEVERE ] updating countdown to 3000
[15:17:52.261] [SEVERE ] updating countdown to 3000
[15:17:52.261] [SEVERE ] updating countdown to 3000
[15:17:52.261] [SEVERE ] updating countdown to 3000
[15:17:52.261] [SEVERE ] updating countdown to 3000
[15:17:52.261] [SEVERE ] updating countdown to 3000
[15:17:52.261] [SEVERE ] updating countdown to 3000
[15:17:52.261] [SEVERE ] updating countdown to 3000
[15:17:52.261] [SEVERE ] updating countdown to 3000
[15:17:52.261] [SEVERE ] updating countdown to 3000
[15:17:52.261] [SEVERE ] updating countdown to 3000
[15:17:52.261] [SEVERE ] updating countdown to 3000
[15:17:52.261] [SEVERE ] updating countdown to 3000
[15:17:52.261] [SEVERE ] updating countdown to 3000
[15:17:52.261] [SEVERE ] updating countdown to 3000
[15:17:52.261] [SEVERE ] updating countdown to 3000
[15:17:52.261] [SEVERE ] updating countdown to 3000
[15:17:52.261] [SEVERE ] updating countdown to 3000
[15:17:52.261] [SEVERE ] updating countdown to 3000
[15:17:52.261] [SEVERE ] updating countdown to 3000
[15:17:52.261] [SEVERE ] updating countdown to 3000
[15:17:52.261] [SEVERE ] updating countdown to 3000
[15:17:52.261] [SEVERE ] updating countdown to 3000
[15:17:52.261] [SEVERE ] updating countdown to 3000
[15:17:52.261] [SEVERE ] updating countdown to 3000
[15:17:52.261] [SEVERE ] updating countdown to 3000
[15:17:52.261] [SEVERE ] updating countdown to 3000
[15:17:52.261] [SEVERE ] updating countdown to 3000
[15:17:52.261] [SEVERE ] updating countdown to 3000
[15:17:52.261] [SEVERE ] updating countdown to 3000
[15:17:52.261] [SEVERE ] updating countdown to 3000
[15:17:52.261] [SEVERE ] updating countdown to 3000
[15:17:52.261] [SEVERE ] updating countdown to 3000
[15:17:52.261] [SEVERE ] updating countdown to 3000
[15:17:52.261] [SEVERE ] updating countdown to 3000
[15:17:52.261] [SEVERE ] updating countdown to 3000
[15:17:52.261] [SEVERE ] updating countdown to 3000
[15:17:52.261] [SEVERE ] updating countdown to 3000
[15:17:52.261] [SEVERE ] updating countdown to 3000
[15:17:52.261] [SEVERE ] updating countdown to 3000
[15:17:52.261] [SEVERE ] updating countdown to 3000
[15:17:52.261] [SEVERE ] updating countdown to 3000
[15:17:52.261] [SEVERE ] updating countdown to 3000
[15:17:52.261] [SEVERE ] updating countdown to 3000
[15:17:52.261] [SEVERE ] updating countdown to 3000
[15:17:52.261] [SEVERE ] updating countdown to 3000
[15:17:52.261] [SEVERE ] updating countdown to 3000
[15:17:52.261] [SEVERE ] updating countdown to 3000
[15:17:52.261] [SEVERE ] updating countdown to 3000
[15:17:52.261] [SEVERE ] updating countdown to 3000
[15:17:52.261] [SEVERE ] updating countdown to 3000
[15:17:52.261] [SEVERE ] updating countdown to 3000
[15:17:52.261] [SEVERE ] updating countdown to 3000
[15:17:52.261] [SEVERE ] updating countdown to 3000
[15:17:52.261] [SEVERE ] updating countdown to 3000
[15:17:52.261] [SEVERE ] updating countdown to 3000
[15:17:52.261] [SEVERE ] updating countdown to 3000
[15:17:52.261] [SEVERE ] updating countdown to 3000
[15:17:52.261] [SEVERE ] updating countdown to 3000
[15:17:52.261] [SEVERE ] updating countdown to 3000
[15:17:52.261] [SEVERE ] updating countdown to 3000
[15:17:52.261] [SEVERE ] updating countdown to 3000
[15:17:52.261] [SEVERE ] updating countdown to 3000
[15:17:52.261] [SEVERE ] updating countdown to 3000
[15:17:52.261] [SEVERE ] updating countdown to 3000
[15:17:52.261] [SEVERE ] updating countdown to 3000
[15:17:52.261] [SEVERE ] updating countdown to 3000
[15:17:52.261] [SEVERE ] updating countdown to 3000
[15:17:52.261] [SEVERE ] updating countdown to 3000
[15:17:52.261] [SEVERE ] updating countdown to 3000
[15:17:52.261] [SEVERE ] updating countdown to 3000
[15:17:52.261] [SEVERE ] updating countdown to 3000
[15:17:52.261] [SEVERE ] updating countdown to 3000
[15:17:52.261] [SEVERE ] updating countdown to 3000
[15:17:52.261] [SEVERE ] updating countdown to 3000
[15:17:52.261] [SEVERE ] updating countdown to 3000
[15:17:52.261] [SEVERE ] updating countdown to 3000
[15:17:52.261] [SEVERE ] updating countdown to 3000
[15:17:52.261] [SEVERE ] updating countdown to 3000
[15:17:52.261] [SEVERE ] updating countdown to 3000
[15:17:52.261] [SEVERE ] updating countdown to 3000
[15:17:52.261] [SEVERE ] updating countdown to 3000
[15:17:52.261] [SEVERE ] updating countdown to 3000
[15:17:52.261] [SEVERE ] updating countdown to 3000
[15:17:52.261] [SEVERE ] updating countdown to 3000
[15:17:52.261] [SEVERE ] updating countdown to 3000
[15:17:52.261] [SEVERE ] updating countdown to 3000
[15:17:52.261] [SEVERE ] updating countdown to 3000
[15:17:52.261] [SEVERE ] updating countdown to 3000
[15:17:52.261] [SEVERE ] updating countdown to 3000
[15:17:52.261] [SEVERE ] updating countdown to 3000
[15:17:52.261] [SEVERE ] updating countdown to 3000
[15:17:52.261] [SEVERE ] updating countdown to 3000
[15:17:52.261] [SEVERE ] updating countdown to 3000
[15:17:52.261] [SEVERE ] updating countdown to 3000
[15:17:52.261] [SEVERE ] updating countdown to 3000
[15:17:52.261] [SEVERE ] updating countdown to 3000
[15:17:52.261] [SEVERE ] updating countdown to 3000
[15:17:52.261] [SEVERE ] updating countdown to 3000
[15:17:52.261] [SEVERE ] updating countdown to 3000
[15:17:52.261] [SEVERE ] updating countdown to 3000
[15:17:52.261] [SEVERE ] updating countdown to 3000
[15:17:52.261] [SEVERE ] updating countdown to 3000
[15:17:52.261] [SEVERE ] updating countdown to 3000
[15:17:52.261] [SEVERE ] updating countdown to 3000
[15:17:52.261] [SEVERE ] updating countdown to 3000
[15:17:52.261] [SEVERE ] updating countdown to 3000
[15:17:52.261] [SEVERE ] updating countdown to 3000
[15:17:52.261] [SEVERE ] updating countdown to 3000
[15:17:52.261] [SEVERE ] updating countdown to 3000
[15:17:52.261] [SEVERE ] updating countdown to 3000
[15:17:52.261] [SEVERE ] updating countdown to 3000
[15:17:52.261] [SEVERE ] updating countdown to 3000
[15:17:52.261] [SEVERE ] updating countdown to 3000
[15:17:52.261] [SEVERE ] updating countdown to 3000
[15:17:52.261] [SEVERE ] updating countdown to 3000
[15:17:52.261] [SEVERE ] updating countdown to 3000
[15:17:52.261] [SEVERE ] updating countdown to 3000
[15:17:52.261] [SEVERE ] updating countdown to 3000
[15:17:52.261] [SEVERE ] updating countdown to 3000
[15:17:52.261] [SEVERE ] updating countdown to 3000
[15:17:52.261] [SEVERE ] updating countdown to 3000
[15:17:52.261] [SEVERE ] updating countdown to 3000
[15:17:52.261] [SEVERE ] updating countdown to 3000
[15:17:52.261] [SEVERE ] updating countdown to 3000
[15:17:52.261] [SEVERE ] updating countdown to 3000
[15:17:52.261] [SEVERE ] updating countdown to 3000
[15:17:52.261] [SEVERE ] updating countdown to 3000
[15:17:52.261] [SEVERE ] updating countdown to 3000
[15:17:52.261] [SEVERE ] updating countdown to 3000
[15:17:52.261] [SEVERE ] updating countdown to 3000
[15:17:52.261] [SEVERE ] updating countdown to 3000
[15:17:52.261] [SEVERE ] updating countdown to 3000
[15:17:52.261] [SEVERE ] updating countdown to 3000
[15:17:52.261] [SEVERE ] updating countdown to 3000
[15:17:52.261] [SEVERE ] updating countdown to 3000
[15:17:52.261] [SEVERE ] updating countdown to 3000
[15:17:52.261] [SEVERE ] updating countdown to 3000
[15:17:52.261] [SEVERE ] updating countdown to 3000
[15:17:52.261] [SEVERE ] updating countdown to 3000
[15:17:52.261] [SEVERE ] updating countdown to 3000
[15:17:52.261] [SEVERE ] updating countdown to 3000
[15:17:52.261] [SEVERE ] updating countdown to 3000
[15:17:52.261] [SEVERE ] updating countdown to 3000
[15:17:52.261] [SEVERE ] updating countdown to 3000
[15:17:52.261] [SEVERE ] updating countdown to 3000
[15:17:52.261] [SEVERE ] updating countdown to 3000
[15:17:52.261] [SEVERE ] updating countdown to 3000
[15:17:52.261] [SEVERE ] updating countdown to 3000
[15:17:52.261] [SEVERE ] updating countdown to 3000
[15:17:52.261] [SEVERE ] updating countdown to 3000
[15:17:52.261] [SEVERE ] updating countdown to 3000
[15:17:52.261] [SEVERE ] updating countdown to 3000
[15:17:52.261] [SEVERE ] updating countdown to 3000
[15:17:52.261] [SEVERE ] updating countdown to 3000
[15:17:52.261] [SEVERE ] updating countdown to 3000
[15:17:52.261] [SEVERE ] updating countdown to 3000
[15:17:52.261] [SEVERE ] updating countdown to 3000
[15:17:52.261] [SEVERE ] updating countdown to 3000
[15:17:52.261] [SEVERE ] updating countdown to 3000
[15:17:52.261] [SEVERE ] updating countdown to 3000
[15:17:52.261] [SEVERE ] updating countdown to 3000
[15:17:52.261] [SEVERE ] updating countdown to 3000
[15:17:52.261] [SEVERE ] updating countdown to 3000
[15:17:52.261] [SEVERE ] updating countdown to 3000
[15:17:52.261] [SEVERE ] updating countdown to 3000
[15:17:52.261] [SEVERE ] updating countdown to 3000
[15:17:52.261] [SEVERE ] updating countdown to 3000
[15:17:52.261] [SEVERE ] updating countdown to 3000
[15:17:52.261] [SEVERE ] updating countdown to 3000
[15:17:52.261] [SEVERE ] updating countdown to 3000
[15:17:52.261] [SEVERE ] updating countdown to 3000
[15:17:52.261] [SEVERE ] updating countdown to 3000
[15:17:52.261] [SEVERE ] updating countdown to 3000
[15:17:52.261] [SEVERE ] updating countdown to 3000
[15:17:52.261] [SEVERE ] updating countdown to 3000
[15:17:52.261] [SEVERE ] updating countdown to 3000
[15:17:52.261] [SEVERE ] updating countdown to 3000
[15:17:52.261] [SEVERE ] updating countdown to 3000
[15:17:52.261] [SEVERE ] updating countdown to 3000
[15:17:52.261] [SEVERE ] updating countdown to 3000
[15:17:52.261] [SEVERE ] updating countdown to 3000
[15:17:52.261] [SEVERE ] updating countdown to 3000
[15:17:52.261] [SEVERE ] updating countdown to 3000
[15:17:52.261] [SEVERE ] updating countdown to 3000
[15:17:52.261] [SEVERE ] updating countdown to 3000
[15:17:52.261] [SEVERE ] updating countdown to 3000
[15:17:52.261] [SEVERE ] updating countdown to 3000
[15:17:52.261] [SEVERE ] updating countdown to 3000
[15:17:52.261] [SEVERE ] updating countdown to 3000
[15:17:52.261] [SEVERE ] updating countdown to 3000
[15:17:52.261] [SEVERE ] updating countdown to 3000
[15:17:52.261] [SEVERE ] updating countdown to 3000
[15:17:52.261] [SEVERE ] updating countdown to 3000
[15:17:52.261] [SEVERE ] updating countdown to 3000
[15:17:52.261] [SEVERE ] updating countdown to 3000
[15:17:52.261] [SEVERE ] updating countdown to 3000
[15:17:52.261] [SEVERE ] updating countdown to 3000
[15:17:52.261] [SEVERE ] updating countdown to 3000
[15:17:52.261] [SEVERE ] updating countdown to 3000
[15:17:52.261] [SEVERE ] updating countdown to 3000
[15:17:52.261] [SEVERE ] updating countdown to 3000
[15:17:52.261] [SEVERE ] updating countdown to 3000
[15:17:52.261] [SEVERE ] updating countdown to 3000
[15:17:52.261] [SEVERE ] updating countdown to 3000
[15:17:52.261] [SEVERE ] updating countdown to 3000
[15:17:52.261] [SEVERE ] updating countdown to 3000
[15:17:52.261] [SEVERE ] updating countdown to 3000
[15:17:52.261] [SEVERE ] updating countdown to 3000
[15:17:52.261] [SEVERE ] updating countdown to 3000
[15:17:52.261] [SEVERE ] updating countdown to 3000
[15:17:52.261] [SEVERE ] updating countdown to 3000
[15:17:52.261] [SEVERE ] updating countdown to 3000
[15:17:52.261] [SEVERE ] updating countdown to 3000
[15:17:52.261] [SEVERE ] updating countdown to 3000
[15:17:52.261] [SEVERE ] updating countdown to 3000
[15:17:52.261] [SEVERE ] updating countdown to 3000
[15:17:52.261] [SEVERE ] updating countdown to 3000
[15:17:52.261] [SEVERE ] updating countdown to 3000
[15:17:52.261] [SEVERE ] updating countdown to 3000
[15:17:52.261] [SEVERE ] updating countdown to 3000
[15:17:52.261] [SEVERE ] updating countdown to 3000
[15:17:52.261] [SEVERE ] updating countdown to 3000
[15:17:52.261] [SEVERE ] updating countdown to 3000
[15:17:52.261] [SEVERE ] updating countdown to 3000
[15:17:52.261] [SEVERE ] updating countdown to 3000
[15:17:52.261] [SEVERE ] updating countdown to 3000
[15:17:52.261] [SEVERE ] updating countdown to 3000
[15:17:52.261] [SEVERE ] updating countdown to 3000
[15:17:52.261] [SEVERE ] updating countdown to 3000
[15:17:52.261] [SEVERE ] updating countdown to 3000
[15:17:52.261] [SEVERE ] updating countdown to 3000
[15:17:52.261] [SEVERE ] updating countdown to 3000
[15:17:52.261] [SEVERE ] updating countdown to 3000
[15:17:52.261] [SEVERE ] updating countdown to 3000
[15:17:52.261] [SEVERE ] updating countdown to 3000
[15:17:52.261] [SEVERE ] updating countdown to 3000
[15:17:52.261] [SEVERE ] updating countdown to 3000
[15:17:52.261] [SEVERE ] updating countdown to 3000
[15:17:52.261] [SEVERE ] updating countdown to 3000
[15:17:52.261] [SEVERE ] updating countdown to 3000
[15:17:52.261] [SEVERE ] updating countdown to 3000
[15:17:52.261] [SEVERE ] updating countdown to 3000
[15:17:52.261] [SEVERE ] updating countdown to 3000
[15:17:52.261] [SEVERE ] updating countdown to 3000
[15:17:52.261] [SEVERE ] updating countdown to 3000
[15:17:52.261] [SEVERE ] updating countdown to 3000
[15:17:52.261] [SEVERE ] updating countdown to 3000
[15:17:52.261] [SEVERE ] updating countdown to 3000
[15:17:52.261] [SEVERE ] updating countdown to 3000
[15:17:52.261] [SEVERE ] updating countdown to 3000
[15:17:52.261] [SEVERE ] updating countdown to 3000
[15:17:52.261] [SEVERE ] updating countdown to 3000
[15:17:52.261] [SEVERE ] updating countdown to 3000
[15:17:52.261] [SEVERE ] updating countdown to 3000
[15:17:52.261] [SEVERE ] updating countdown to 3000
[15:17:52.261] [SEVERE ] updating countdown to 3000
[15:17:52.261] [SEVERE ] updating countdown to 3000
[15:17:52.261] [SEVERE ] updating countdown to 3000
[15:17:52.261] [SEVERE ] updating countdown to 3000
[15:17:52.261] [SEVERE ] updating countdown to 3000
[15:17:52.261] [SEVERE ] updating countdown to 3000
[15:17:52.261] [SEVERE ] updating countdown to 3000
[15:17:52.261] [SEVERE ] updating countdown to 3000
[15:17:52.261] [SEVERE ] updating countdown to 3000
[15:17:52.261] [SEVERE ] updating countdown to 3000
[15:17:52.261] [SEVERE ] updating countdown to 3000
[15:17:52.261] [SEVERE ] updating countdown to 3000
[15:17:52.261] [SEVERE ] updating countdown to 3000
[15:17:52.261] [SEVERE ] updating countdown to 3000
[15:17:52.261] [SEVERE ] updating countdown to 3000
[15:17:52.261] [SEVERE ] updating countdown to 3000
[15:17:52.261] [SEVERE ] updating countdown to 3000
[15:17:52.261] [SEVERE ] updating countdown to 3000
[15:17:52.261] [SEVERE ] updating countdown to 3000
[15:17:52.261] [SEVERE ] updating countdown to 3000
[15:17:52.261] [SEVERE ] updating countdown to 3000
[15:17:52.261] [SEVERE ] updating countdown to 3000
[15:17:52.261] [SEVERE ] updating countdown to 3000
[15:17:52.261] [SEVERE ] updating countdown to 3000
[15:17:52.261] [SEVERE ] updating countdown to 3000
[15:17:52.261] [SEVERE ] updating countdown to 3000
[15:17:52.261] [SEVERE ] updating countdown to 3000
[15:17:52.261] [SEVERE ] updating countdown to 3000
[15:17:52.261] [SEVERE ] updating countdown to 3000
[15:17:52.261] [SEVERE ] updating countdown to 3000
[15:17:52.261] [SEVERE ] updating countdown to 3000
[15:17:52.261] [SEVERE ] updating countdown to 3000
[15:17:52.261] [SEVERE ] updating countdown to 3000
[15:17:52.261] [SEVERE ] updating countdown to 3000
[15:17:52.261] [SEVERE ] updating countdown to 3000
[15:17:52.261] [SEVERE ] updating countdown to 3000
[15:17:52.261] [SEVERE ] updating countdown to 3000
[15:17:52.261] [SEVERE ] updating countdown to 3000
[15:17:52.261] [SEVERE ] updating countdown to 3000
[15:17:52.261] [SEVERE ] updating countdown to 3000
[15:17:52.261] [SEVERE ] updating countdown to 3000
[15:17:52.261] [SEVERE ] updating countdown to 3000
[15:17:52.261] [SEVERE ] updating countdown to 3000
[15:17:52.261] [SEVERE ] updating countdown to 3000
[15:17:52.261] [SEVERE ] updating countdown to 3000
[15:17:52.261] [SEVERE ] updating countdown to 3000
[15:17:52.261] [SEVERE ] updating countdown to 3000
[15:17:52.261] [SEVERE ] updating countdown to 3000
[15:17:52.261] [SEVERE ] updating countdown to 3000
[15:17:52.261] [SEVERE ] updating countdown to 3000
[15:17:52.261] [SEVERE ] updating countdown to 3000
[15:17:52.261] [SEVERE ] updating countdown to 3000
[15:17:52.261] [SEVERE ] updating countdown to 3000
[15:17:52.261] [SEVERE ] updating countdown to 3000
[15:17:52.261] [SEVERE ] updating countdown to 3000
[15:17:52.261] [SEVERE ] updating countdown to 3000
[15:17:52.261] [SEVERE ] updating countdown to 3000
[15:17:52.261] [SEVERE ] updating countdown to 3000
[15:17:52.261] [SEVERE ] updating countdown to 3000
[15:17:52.261] [SEVERE ] updating countdown to 3000
[15:17:52.261] [SEVERE ] updating countdown to 3000
[15:17:52.261] [SEVERE ] updating countdown to 3000
[15:17:52.261] [SEVERE ] updating countdown to 3000
[15:17:52.261] [SEVERE ] updating countdown to 3000
[15:17:52.261] [SEVERE ] updating countdown to 3000
[15:17:52.261] [SEVERE ] updating countdown to 3000
[15:17:52.261] [SEVERE ] updating countdown to 3000
[15:17:52.261] [SEVERE ] updating countdown to 3000
[15:17:52.261] [SEVERE ] updating countdown to 3000
[15:17:52.261] [SEVERE ] updating countdown to 3000
[15:17:52.261] [SEVERE ] updating countdown to 3000
[15:17:52.261] [SEVERE ] updating countdown to 3000
[15:17:52.261] [SEVERE ] updating countdown to 3000
[15:17:52.261] [SEVERE ] updating countdown to 3000
[15:17:52.261] [SEVERE ] updating countdown to 3000
[15:17:52.261] [SEVERE ] updating countdown to 3000
[15:17:52.261] [SEVERE ] updating countdown to 3000
[15:17:52.261] [SEVERE ] updating countdown to 3000
[15:17:52.261] [SEVERE ] updating countdown to 3000
[15:17:52.261] [SEVERE ] updating countdown to 3000
[15:17:52.261] [SEVERE ] updating countdown to 3000
[15:17:52.261] [SEVERE ] updating countdown to 3000
[15:17:52.261] [SEVERE ] updating countdown to 3000
[15:17:52.261] [SEVERE ] updating countdown to 3000
[15:17:52.261] [SEVERE ] updating countdown to 3000
[15:17:52.261] [SEVERE ] updating countdown to 3000
[15:17:52.261] [SEVERE ] updating countdown to 3000
[15:17:52.261] [SEVERE ] updating countdown to 3000
[15:17:52.261] [SEVERE ] updating countdown to 3000
[15:17:52.261] [SEVERE ] updating countdown to 3000
[15:17:52.261] [SEVERE ] updating countdown to 3000
[15:17:52.261] [SEVERE ] updating countdown to 3000
[15:17:52.261] [SEVERE ] updating countdown to 3000
[15:17:52.261] [SEVERE ] updating countdown to 3000
[15:17:52.261] [SEVERE ] updating countdown to 3000
[15:17:52.261] [SEVERE ] updating countdown to 3000
[15:17:52.261] [SEVERE ] updating countdown to 3000
[15:17:52.261] [SEVERE ] updating countdown to 3000
[15:17:52.261] [SEVERE ] updating countdown to 3000
[15:17:52.261] [SEVERE ] updating countdown to 3000
[15:17:52.261] [SEVERE ] updating countdown to 3000
[15:17:52.261] [SEVERE ] updating countdown to 3000
[15:17:52.261] [SEVERE ] updating countdown to 3000
[15:17:52.261] [SEVERE ] updating countdown to 3000
[15:17:52.261] [SEVERE ] updating countdown to 3000
[15:17:52.261] [SEVERE ] updating countdown to 3000
[15:17:52.261] [SEVERE ] updating countdown to 3000
[15:17:52.261] [SEVERE ] updating countdown to 3000
[15:17:52.261] [SEVERE ] updating countdown to 3000
[15:17:52.261] [SEVERE ] updating countdown to 3000
[15:17:52.261] [SEVERE ] updating countdown to 3000
[15:17:52.261] [SEVERE ] updating countdown to 3000
[15:17:52.261] [SEVERE ] updating countdown to 3000
[15:17:52.261] [SEVERE ] updating countdown to 3000
[15:17:52.261] [SEVERE ] updating countdown to 3000
[15:17:52.261] [SEVERE ] updating countdown to 3000
[15:17:52.261] [SEVERE ] updating countdown to 3000
[15:17:52.261] [SEVERE ] updating countdown to 3000
[15:17:52.261] [SEVERE ] updating countdown to 3000
[15:17:52.261] [SEVERE ] updating countdown to 3000
[15:17:52.261] [SEVERE ] updating countdown to 3000
[15:17:52.261] [SEVERE ] updating countdown to 3000
[15:17:52.267] [SEVERE ] player 4 placing token on slot 2
[15:17:52.268] [SEVERE ] removing player 4 token from slot 7
[15:17:52.269] [SEVERE ] removing player 4 token from slot 10
[15:17:52.269] [SEVERE ] removing player 4 token from slot 2
[15:17:52.270] [SEVERE ] setting player 4 freeze to 3000
[15:17:52.690] [SEVERE ] setting player 3 freeze to 2000
[15:17:53.270] [SEVERE ] setting player 4 freeze to 2000
[15:17:53.591] [SEVERE ] key 80 was pressed by player 2
[15:17:53.592] [SEVERE ] player 2 placing token on slot 3
[15:17:53.692] [SEVERE ] setting player 3 freeze to 1000
[15:17:54.054] [SEVERE ] key 79 was pressed by player 2
[15:17:54.054] [SEVERE ] player 2 placing token on slot 2
[15:17:54.272] [SEVERE ] setting player 4 freeze to 1000
[15:17:54.436] [SEVERE ] key 73 was pressed by player 2
[15:17:54.436] [SEVERE ] player 2 placing token on slot 1
[15:17:54.437] [SEVERE ] removing player 2 token from slot 3
[15:17:54.437] [SEVERE ] removing player 2 token from slot 2
[15:17:54.438] [SEVERE ] removing player 2 token from slot 1
[15:17:54.438] [SEVERE ] setting player 2 freeze to 3000
[15:17:54.695] [SEVERE ] setting player 3 freeze to 0
[15:17:55.261] [SEVERE ] updating countdown to 5000
[15:17:55.272] [SEVERE ] setting player 4 freeze to 0
[15:17:55.367] [SEVERE ] removing player 1 token from slot 0
[15:17:55.367] [SEVERE ] removing tokens from slot 0
[15:17:55.367] [SEVERE ] removing card from slot 0
[15:17:55.445] [SEVERE ] setting player 2 freeze to 2000
[15:17:55.477] [SEVERE ] removing tokens from slot 2
[15:17:55.477] [SEVERE ] removing card from slot 2
[15:17:55.587] [SEVERE ] removing tokens from slot 1
[15:17:55.587] [SEVERE ] removing card from slot 1
[15:17:55.697] [SEVERE ] removing tokens from slot 6
[15:17:55.697] [SEVERE ] removing card from slot 6
[15:17:55.697] [SEVERE ] player 3 placing token on slot 8
[15:17:55.754] [SEVERE ] key 87 was pressed by player 1
[15:17:55.803] [SEVERE ] removing tokens from slot 3
[15:17:55.803] [SEVERE ] removing card from slot 3
[15:17:55.912] [SEVERE ] removing tokens from slot 10
[15:17:55.912] [SEVERE ] removing card from slot 10
[15:17:56.007] [SEVERE ] key 65 was pressed by player 1
[15:17:56.007] [SEVERE ] player 1 placing token on slot 4
[15:17:56.022] [SEVERE ] removing player 3 token from slot 8
[15:17:56.022] [SEVERE ] removing tokens from slot 8
[15:17:56.022] [SEVERE ] removing card from slot 8
[15:17:56.070] [SEVERE ] key 80 was pressed by player 2
[15:17:56.127] [SEVERE ] removing tokens from slot 7
[15:17:56.127] [SEVERE ] removing card from slot 7
[15:17:56.237] [SEVERE ] removing player 1 token from slot 4
[15:17:56.237] [SEVERE ] removing tokens from slot 4
[15:17:56.237] [SEVERE ] removing card from slot 4
[15:17:56.269] [SEVERE ] key 83 was pressed by player 1
[15:17:56.271] [SEVERE ] player 1 placing token on slot 5
[15:17:56.348] [SEVERE ] removing player 1 token from slot 5
[15:17:56.348] [SEVERE ] removing tokens from slot 5
[15:17:56.348] [SEVERE ] removing card from slot 5
[15:17:56.449] [SEVERE ] removing tokens from slot 9
[15:17:56.449] [SEVERE ] removing card from slot 9
[15:17:56.449] [SEVERE ] setting player 2 freeze to 1000
[15:17:56.559] [SEVERE ] removing tokens from slot 11
[15:17:56.559] [SEVERE ] removing card from slot 11
[15:17:56.559] [SEVERE ] updating countdown to 5000
[15:17:56.622] [SEVERE ] key 75 was pressed by player 2
[15:17:56.670] [SEVERE ] placing card 30 in slot 0
[15:17:56.780] [SEVERE ] placing card 9 in slot 2
[15:17:56.890] [SEVERE ] placing card 38 in slot 1
[15:17:56.968] [SEVERE ] key 87 was pressed by player 1
[15:17:56.968] [SEVERE ] player 1 placing token on slot 1
[15:17:57.002] [SEVERE ] placing card 68 in slot 6
[15:17:57.114] [SEVERE ] placing card 17 in slot 3
[15:17:57.224] [SEVERE ] placing card 3 in slot 10
[15:17:57.334] [SEVERE ] placing card 16 in slot 8
[15:17:57.397] [SEVERE ] key 81 was pressed by player 1
[15:17:57.397] [SEVERE ] player 1 placing token on slot 0
[15:17:57.413] [SEVERE ] key 79 was pressed by player 2
[15:17:57.439] [SEVERE ] placing card 24 in slot 7
[15:17:57.451] [SEVERE ] setting player 2 freeze to 0
[15:17:57.544] [SEVERE ] placing card 25 in slot 4
[15:17:57.654] [SEVERE ] placing card 67 in slot 5
[15:17:57.765] [SEVERE ] placing card 15 in slot 9
[15:17:57.858] [SEVERE ] key 80 was pressed by player 2
[15:17:57.858] [SEVERE ] player 2 placing token on slot 3
[15:17:57.874] [SEVERE ] placing card 76 in slot 11
[15:17:58.879] [SEVERE ] player 3 placing token on slot 3
[15:17:58.879] [SEVERE ] player 4 placing token on slot 4
[15:17:59.880] [SEVERE ] player 3 placing token on slot 8
[15:17:59.883] [SEVERE ] player 4 placing token on slot 11
[15:18:00.874] [SEVERE ] updating countdown to 3000
[15:18:00.874] [SEVERE ] updating countdown to 3000
[15:18:00.874] [SEVERE ] updating countdown to 3000
[15:18:00.874] [SEVERE ] updating countdown to 3000
[15:18:00.874] [SEVERE ] updating countdown to 3000
[15:18:00.874] [SEVERE ] updating countdown to 3000
[15:18:00.874] [SEVERE ] updating countdown to 3000
[15:18:00.874] [SEVERE ] updating countdown to 3000
[15:18:00.874] [SEVERE ] updating countdown to 3000
[15:18:00.874] [SEVERE ] updating countdown to 3000
[15:18:00.874] [SEVERE ] updating countdown to 3000
[15:18:00.874] [SEVERE ] updating countdown to 3000
[15:18:00.874] [SEVERE ] updating countdown to 3000
[15:18:00.874] [SEVERE ] updating countdown to 3000
[15:18:00.874] [SEVERE ] updating countdown to 3000
[15:18:00.874] [SEVERE ] updating countdown to 3000
[15:18:00.874] [SEVERE ] updating countdown to 3000
[15:18:00.874] [SEVERE ] updating countdown to 3000
[15:18:00.874] [SEVERE ] updating countdown to 3000
[15:18:00.874] [SEVERE ] updating countdown to 3000
[15:18:00.874] [SEVERE ] updating countdown to 3000
[15:18:00.874] [SEVERE ] updating countdown to 3000
[15:18:00.874] [SEVERE ] updating countdown to 3000
[15:18:00.874] [SEVERE ] updating countdown to 3000
[15:18:00.874] [SEVERE ] updating countdown to 3000
[15:18:00.874] [SEVERE ] updating countdown to 3000
[15:18:00.874] [SEVERE ] updating countdown to 3000
[15:18:00.874] [SEVERE ] updating countdown to 3000
[15:18:00.874] [SEVERE ] updating countdown to 3000
[15:18:00.874] [SEVERE ] updating countdown to 3000
[15:18:00.874] [SEVERE ] updating countdown to 3000
[15:18:00.874] [SEVERE ] updating countdown to 3000
[15:18:00.874] [SEVERE ] updating countdown to 3000
[15:18:00.874] [SEVERE ] updating countdown to 3000
[15:18:00.874] [SEVERE ] updating countdown to 3000
[15:18:00.874] [SEVERE ] updating countdown to 3000
[15:18:00.874] [SEVERE ] updating countdown to 3000
[15:18:00.874] [SEVERE ] updating countdown to 3000
[15:18:00.874] [SEVERE ] updating countdown to 3000
[15:18:00.874] [SEVERE ] updating countdown to 3000
[15:18:00.874] [SEVERE ] updating countdown to 3000
[15:18:00.874] [SEVERE ] updating countdown to 3000
[15:18:00.874] [SEVERE ] updating countdown to 3000
[15:18:00.874] [SEVERE ] updating countdown to 3000
[15:18:00.874] [SEVERE ] updating countdown to 3000
[15:18:00.874] [SEVERE ] updating countdown to 3000
[15:18:00.874] [SEVERE ] updating countdown to 3000
[15:18:00.874] [SEVERE ] updating countdown to 3000
[15:18:00.874] [SEVERE ] updating countdown to 3000
[15:18:00.874] [SEVERE ] updating countdown to 3000
[15:18:00.874] [SEVERE ] updating countdown to 3000
[15:18:00.874] [SEVERE ] updating countdown to 3000
[15:18:00.874] [SEVERE ] updating countdown to 3000
[15:18:00.874] [SEVERE ] updating countdown to 3000
[15:18:00.874] [SEVERE ] updating countdown to 3000
[15:18:00.874] [SEVERE ] updating countdown to 3000
[15:18:00.874] [SEVERE ] updating countdown to 3000
[15:18:00.874] [SEVERE ] updating countdown to 3000
[15:18:00.874] [SEVERE ] updating countdown to 3000
[15:18:00.874] [SEVERE ] updating countdown to 3000
[15:18:00.874] [SEVERE ] updating countdown to 3000
[15:18:00.874] [SEVERE ] updating countdown to 3000
[15:18:00.874] [SEVERE ] updating countdown to 3000
[15:18:00.874] [SEVERE ] updating countdown to 3000
[15:18:00.874] [SEVERE ] updating countdown to 3000
[15:18:00.874] [SEVERE ] updating countdown to 3000
[15:18:00.874] [SEVERE ] updating countdown to 3000
[15:18:00.874] [SEVERE ] updating countdown to 3000
[15:18:00.874] [SEVERE ] updating countdown to 3000
[15:18:00.874] [SEVERE ] updating countdown to 3000
[15:18:00.874] [SEVERE ] updating countdown to 3000
[15:18:00.874] [SEVERE ] updating countdown to 3000
[15:18:00.874] [SEVERE ] updating countdown to 3000
[15:18:00.874] [SEVERE ] updating countdown to 3000
[15:18:00.874] [SEVERE ] updating countdown to 3000
[15:18:00.874] [SEVERE ] updating countdown to 3000
[15:18:00.874] [SEVERE ] updating countdown to 3000
[15:18:00.874] [SEVERE ] updating countdown to 3000
[15:18:00.874] [SEVERE ] updating countdown to 3000
[15:18:00.874] [SEVERE ] updating countdown to 3000
[15:18:00.874] [SEVERE ] updating countdown to 3000
[15:18:00.874] [SEVERE ] updating countdown to 3000
[15:18:00.874] [SEVERE ] updating countdown to 3000
[15:18:00.874] [SEVERE ] updating countdown to 3000
[15:18:00.874] [SEVERE ] updating countdown to 3000
[15:18:00.874] [SEVERE ] updating countdown to 3000
[15:18:00.874] [SEVERE ] updating countdown to 3000
[15:18:00.874] [SEVERE ] updating countdown to 3000
[15:18:00.874] [SEVERE ] updating countdown to 3000
[15:18:00.874] [SEVERE ] updating countdown to 3000
[15:18:00.874] [SEVERE ] updating countdown to 3000
[15:18:00.874] [SEVERE ] updating countdown to 3000
[15:18:00.874] [SEVERE ] updating countdown to 3000
[15:18:00.874] [SEVERE ] updating countdown to 3000
[15:18:00.874] [SEVERE ] updating countdown to 3000
[15:18:00.874] [SEVERE ] updating countdown to 3000
[15:18:00.874] [SEVERE ] updating countdown to 3000
[15:18:00.874] [SEVERE ] updating countdown to 3000
[15:18:00.874] [SEVERE ] updating countdown to 3000
[15:18:00.874] [SEVERE ] updating countdown to 3000
[15:18:00.874] [SEVERE ] updating countdown to 3000
[15:18:00.874] [SEVERE ] updating countdown to 3000
[15:18:00.874] [SEVERE ] updating countdown to 3000
[15:18:00.874] [SEVERE ] updating countdown to 3000
[15:18:00.874] [SEVERE ] updating countdown to 3000
[15:18:00.874] [SEVERE ] updating countdown to 3000
[15:18:00.874] [SEVERE ] updating countdown to 3000
[15:18:00.874] [SEVERE ] updating countdown to 3000
[15:18:00.874] [SEVERE ] updating countdown to 3000
[15:18:00.874] [SEVERE ] updating countdown to 3000
[15:18:00.874] [SEVERE ] updating countdown to 3000
[15:18:00.874] [SEVERE ] updating countdown to 3000
[15:18:00.874] [SEVERE ] updating countdown to 3000
[15:18:00.874] [SEVERE ] updating countdown to 3000
[15:18:00.874] [SEVERE ] updating countdown to 3000
[15:18:00.874] [SEVERE ] updating countdown to 3000
[15:18:00.874] [SEVERE ] updating countdown to 3000
[15:18:00.874] [SEVERE ] updating countdown to 3000
[15:18:00.874] [SEVERE ] updating countdown to 3000
[15:18:00.874] [SEVERE ] updating countdown to 3000
[15:18:00.874] [SEVERE ] updating countdown to 3000
[15:18:00.874] [SEVERE ] updating countdown to 3000
[15:18:00.874] [SEVERE ] updating countdown to 3000
[15:18:00.874] [SEVERE ] updating countdown to 3000
[15:18:00.874] [SEVERE ] updating countdown to 3000
[15:18:00.874] [SEVERE ] updating countdown to 3000
[15:18:00.874] [SEVERE ] updating countdown to 3000
[15:18:00.874] [SEVERE ] updating countdown to 3000
[15:18:00.874] [SEVERE ] updating countdown to 3000
[15:18:00.874] [SEVERE ] updating countdown to 3000
[15:18:00.874] [SEVERE ] updating countdown to 3000
[15:18:00.874] [SEVERE ] updating countdown to 3000
[15:18:00.874] [SEVERE ] updating countdown to 3000
[15:18:00.874] [SEVERE ] updating countdown to 3000
[15:18:00.874] [SEVERE ] updating countdown to 3000
[15:18:00.874] [SEVERE ] updating countdown to 3000
[15:18:00.874] [SEVERE ] updating countdown to 3000
[15:18:00.874] [SEVERE ] updating countdown to 3000
[15:18:00.874] [SEVERE ] updating countdown to 3000
[15:18:00.874] [SEVERE ] updating countdown to 3000
[15:18:00.874] [SEVERE ] updating countdown to 3000
[15:18:00.874] [SEVERE ] updating countdown to 3000
[15:18:00.874] [SEVERE ] updating countdown to 3000
[15:18:00.874] [SEVERE ] updating countdown to 3000
[15:18:00.874] [SEVERE ] updating countdown to 3000
[15:18:00.874] [SEVERE ] updating countdown to 3000
[15:18:00.874] [SEVERE ] updating countdown to 3000
[15:18:00.874] [SEVERE ] updating countdown to 3000
[15:18:00.874] [SEVERE ] updating countdown to 3000
[15:18:00.874] [SEVERE ] updating countdown to 3000
[15:18:00.874] [SEVERE ] updating countdown to 3000
[15:18:00.883] [SEVERE ] player 3 placing token on slot 0
[15:18:00.884] [SEVERE ] removing player 3 token from slot 3
[15:18:00.885] [SEVERE ] removing player 3 token from slot 8
[15:18:00.886] [SEVERE ] removing player 3 token from slot 0
[15:18:00.887] [SEVERE ] setting player 3 freeze to 3000
[15:18:00.887] [SEVERE ] player 4 placing token on slot 2
[15:18:00.888] [SEVERE ] removing player 4 token from slot 4
[15:18:00.889] [SEVERE ] removing player 4 token from slot 11
[15:18:00.890] [SEVERE ] removing player 4 token from slot 2
[15:18:00.890] [SEVERE ] setting player 4 freeze to 3000
