[19:38:43.503] [INFO   ] thread bguspl.set.Main.main() starting.
[19:38:43.520] [SEVERE ] cannot read configuration file config.properties trying from resources.
[19:38:43.520] [SEVERE ] configuration file was loaded from resources directory.
[19:38:44.553] [INFO   ] thread dealer starting.
[19:38:44.554] [INFO   ] thread dealer starting.
[19:38:44.554] [INFO   ] thread Thread-1 starting.
[19:38:44.554] [INFO   ] thread Thread-3 starting.
[19:38:44.554] [INFO   ] thread Thread-4 starting.
[19:38:44.554] [INFO   ] thread computer-2 starting.
[19:38:44.554] [INFO   ] thread computer-3 starting.
[19:38:44.554] [INFO   ] thread Thread-5 starting.
[19:38:44.554] [INFO   ] thread Thread-2 starting.
[19:38:44.554] [INFO   ] thread computer-0 starting.
[19:38:44.564] [INFO   ] thread computer-4 starting.
[19:38:44.564] [INFO   ] thread computer-1 starting.
[19:38:44.568] [SEVERE ] updating countdown to 10000
[19:38:44.675] [SEVERE ] placing card 0 in slot 6
[19:38:44.786] [SEVERE ] placing card 6 in slot 8
[19:38:44.897] [SEVERE ] placing card 40 in slot 5
[19:38:45.009] [SEVERE ] placing card 66 in slot 10
[19:38:45.120] [SEVERE ] placing card 63 in slot 3
[19:38:45.231] [SEVERE ] placing card 39 in slot 7
[19:38:45.342] [SEVERE ] placing card 43 in slot 1
[19:38:45.453] [SEVERE ] placing card 7 in slot 0
[19:38:45.561] [SEVERE ] placing card 79 in slot 9
[19:38:45.672] [SEVERE ] placing card 12 in slot 2
[19:38:45.782] [SEVERE ] placing card 4 in slot 4
[19:38:45.892] [SEVERE ] placing card 38 in slot 11
[19:38:46.895] [SEVERE ] updating countdown to 9997
[19:38:46.895] [SEVERE ] player 2 placing token on slot 0
[19:38:46.896] [SEVERE ] player 5 placing token on slot 0
[19:38:46.896] [SEVERE ] player 5 placing token on slot 1
[19:38:46.897] [SEVERE ] player 5 placing token on slot 9
[19:38:46.897] [SEVERE ] player 1 placing token on slot 0
[19:38:46.897] [SEVERE ] updating countdown to 9995
[19:38:46.897] [SEVERE ] player 3 placing token on slot 0
[19:38:46.897] [SEVERE ] updating countdown to 10000
[19:38:46.897] [SEVERE ] player 4 placing token on slot 0
[19:38:46.897] [SEVERE ] player 4 placing token on slot 1
[19:38:46.897] [SEVERE ] player 4 placing token on slot 9
[19:38:46.897] [SEVERE ] player 3 placing token on slot 1
[19:38:46.900] [SEVERE ] player 1 placing token on slot 1
[19:38:46.900] [SEVERE ] player 1 placing token on slot 9
[19:38:46.900] [SEVERE ] player 2 placing token on slot 1
[19:38:46.900] [SEVERE ] player 3 placing token on slot 9
[19:38:46.902] [SEVERE ] player 2 placing token on slot 9
[19:38:47.012] [SEVERE ] removing player 1 token from slot 0
[19:38:47.012] [SEVERE ] removing player 2 token from slot 0
[19:38:47.012] [SEVERE ] removing player 3 token from slot 0
[19:38:47.012] [SEVERE ] removing player 4 token from slot 0
[19:38:47.012] [SEVERE ] removing player 5 token from slot 0
[19:38:47.012] [SEVERE ] removing tokens from slot 0
[19:38:47.012] [SEVERE ] removing card from slot 0
[19:38:47.121] [SEVERE ] removing player 1 token from slot 1
[19:38:47.121] [SEVERE ] removing player 2 token from slot 1
[19:38:47.121] [SEVERE ] removing player 3 token from slot 1
[19:38:47.121] [SEVERE ] removing player 4 token from slot 1
[19:38:47.121] [SEVERE ] removing player 5 token from slot 1
[19:38:47.121] [SEVERE ] removing tokens from slot 1
[19:38:47.121] [SEVERE ] removing card from slot 1
[19:38:47.231] [SEVERE ] removing player 1 token from slot 9
[19:38:47.231] [SEVERE ] removing player 2 token from slot 9
[19:38:47.231] [SEVERE ] removing player 3 token from slot 9
[19:38:47.231] [SEVERE ] removing player 4 token from slot 9
[19:38:47.231] [SEVERE ] removing player 5 token from slot 9
[19:38:47.231] [SEVERE ] removing tokens from slot 9
[19:38:47.231] [SEVERE ] removing card from slot 9
[19:38:47.231] [SEVERE ] setting player 5 score to 1
[19:38:47.231] [SEVERE ] setting player 5 freeze to 1000
[19:38:47.341] [SEVERE ] placing card 15 in slot 1
[19:38:47.451] [SEVERE ] placing card 60 in slot 0
[19:38:47.560] [SEVERE ] placing card 75 in slot 9
[19:38:48.236] [SEVERE ] player 2 placing token on slot 0
[19:38:48.237] [SEVERE ] setting player 5 freeze to 0
[19:38:48.237] [SEVERE ] player 2 placing token on slot 3
[19:38:48.237] [SEVERE ] updating countdown to 10000
[19:38:48.237] [SEVERE ] player 3 placing token on slot 0
[19:38:48.238] [SEVERE ] player 1 placing token on slot 0
[19:38:48.238] [SEVERE ] player 4 placing token on slot 0
[19:38:48.238] [SEVERE ] player 1 placing token on slot 3
[19:38:48.238] [SEVERE ] player 1 placing token on slot 9
[19:38:48.238] [SEVERE ] player 3 placing token on slot 3
[19:38:48.238] [SEVERE ] updating countdown to 9999
[19:38:48.238] [SEVERE ] updating countdown to 10000
[19:38:48.238] [SEVERE ] player 3 placing token on slot 9
[19:38:48.238] [SEVERE ] player 2 placing token on slot 9
[19:38:48.238] [SEVERE ] player 4 placing token on slot 3
[19:38:48.238] [SEVERE ] player 4 placing token on slot 9
[19:38:48.348] [SEVERE ] removing player 1 token from slot 0
[19:38:48.348] [SEVERE ] removing player 2 token from slot 0
[19:38:48.348] [SEVERE ] removing player 3 token from slot 0
[19:38:48.348] [SEVERE ] removing player 4 token from slot 0
[19:38:48.348] [SEVERE ] removing tokens from slot 0
[19:38:48.348] [SEVERE ] removing card from slot 0
[19:38:48.458] [SEVERE ] removing player 1 token from slot 3
[19:38:48.458] [SEVERE ] removing player 2 token from slot 3
[19:38:48.458] [SEVERE ] removing player 3 token from slot 3
[19:38:48.458] [SEVERE ] removing player 4 token from slot 3
[19:38:48.458] [SEVERE ] removing tokens from slot 3
[19:38:48.458] [SEVERE ] removing card from slot 3
[19:38:48.572] [SEVERE ] removing player 1 token from slot 9
[19:38:48.572] [SEVERE ] removing player 2 token from slot 9
[19:38:48.572] [SEVERE ] removing player 3 token from slot 9
[19:38:48.572] [SEVERE ] removing player 4 token from slot 9
[19:38:48.572] [SEVERE ] removing tokens from slot 9
[19:38:48.572] [SEVERE ] removing card from slot 9
[19:38:48.573] [SEVERE ] setting player 1 score to 1
[19:38:48.573] [SEVERE ] setting player 1 freeze to 1000
[19:38:48.683] [SEVERE ] placing card 62 in slot 3
[19:38:48.793] [SEVERE ] placing card 59 in slot 0
[19:38:48.903] [SEVERE ] placing card 41 in slot 9
[19:38:49.248] [SEVERE ] player 5 placing token on slot 2
[19:38:49.248] [SEVERE ] player 5 placing token on slot 7
[19:38:49.248] [SEVERE ] player 5 placing token on slot 10
[19:38:49.248] [SEVERE ] updating countdown to 8989
[19:38:49.248] [SEVERE ] updating countdown to 10000
[19:38:49.357] [SEVERE ] removing player 5 token from slot 2
[19:38:49.357] [SEVERE ] removing tokens from slot 2
[19:38:49.357] [SEVERE ] removing card from slot 2
[19:38:49.467] [SEVERE ] removing player 5 token from slot 7
[19:38:49.467] [SEVERE ] removing tokens from slot 7
[19:38:49.467] [SEVERE ] removing card from slot 7
[19:38:49.577] [SEVERE ] removing player 5 token from slot 10
[19:38:49.577] [SEVERE ] setting player 1 freeze to 0
[19:38:49.577] [SEVERE ] removing tokens from slot 10
[19:38:49.577] [SEVERE ] removing card from slot 10
[19:38:49.577] [SEVERE ] updating countdown to 10000
[19:38:49.577] [SEVERE ] setting player 5 score to 2
[19:38:49.577] [SEVERE ] setting player 5 freeze to 1000
[19:38:49.687] [SEVERE ] placing card 21 in slot 10
[19:38:49.797] [SEVERE ] placing card 47 in slot 7
[19:38:49.907] [SEVERE ] placing card 25 in slot 2
[19:38:50.581] [SEVERE ] setting player 5 freeze to 0
[19:38:50.581] [SEVERE ] player 4 placing token on slot 10
[19:38:50.582] [SEVERE ] player 4 placing token on slot 5
[19:38:50.582] [SEVERE ] updating countdown to 10000
[19:38:50.582] [SEVERE ] player 4 placing token on slot 0
[19:38:50.582] [SEVERE ] player 2 placing token on slot 10
[19:38:50.582] [SEVERE ] updating countdown to 10000
[19:38:50.584] [SEVERE ] updating countdown to 10000
[19:38:50.584] [SEVERE ] player 2 placing token on slot 5
[19:38:50.584] [SEVERE ] player 2 placing token on slot 0
[19:38:50.584] [SEVERE ] player 1 placing token on slot 10
[19:38:50.584] [SEVERE ] player 1 placing token on slot 5
[19:38:50.584] [SEVERE ] player 1 placing token on slot 0
[19:38:50.584] [SEVERE ] player 3 placing token on slot 10
[19:38:50.584] [SEVERE ] player 3 placing token on slot 5
[19:38:50.584] [SEVERE ] player 3 placing token on slot 0
[19:38:50.693] [SEVERE ] removing player 1 token from slot 10
[19:38:50.693] [SEVERE ] removing player 2 token from slot 10
[19:38:50.693] [SEVERE ] removing player 3 token from slot 10
[19:38:50.693] [SEVERE ] removing player 4 token from slot 10
[19:38:50.693] [SEVERE ] removing tokens from slot 10
[19:38:50.693] [SEVERE ] removing card from slot 10
[19:38:50.803] [SEVERE ] removing player 1 token from slot 5
[19:38:50.803] [SEVERE ] removing player 2 token from slot 5
[19:38:50.804] [SEVERE ] removing player 3 token from slot 5
[19:38:50.804] [SEVERE ] removing player 4 token from slot 5
[19:38:50.804] [SEVERE ] removing tokens from slot 5
[19:38:50.804] [SEVERE ] removing card from slot 5
[19:38:50.914] [SEVERE ] removing player 1 token from slot 0
[19:38:50.914] [SEVERE ] removing player 2 token from slot 0
[19:38:50.914] [SEVERE ] removing player 3 token from slot 0
[19:38:50.914] [SEVERE ] removing player 4 token from slot 0
[19:38:50.914] [SEVERE ] removing tokens from slot 0
[19:38:50.914] [SEVERE ] removing card from slot 0
[19:38:50.916] [SEVERE ] setting player 4 score to 1
[19:38:50.916] [SEVERE ] setting player 4 freeze to 1000
[19:38:51.025] [SEVERE ] placing card 36 in slot 5
[19:38:51.135] [SEVERE ] placing card 71 in slot 10
[19:38:51.245] [SEVERE ] placing card 55 in slot 0
[19:38:51.918] [SEVERE ] setting player 4 freeze to 0
[19:38:51.918] [SEVERE ] updating countdown to 10000
[19:38:52.247] [SEVERE ] updating countdown to 9671
[19:38:53.255] [SEVERE ] updating countdown to 8663
[19:38:54.258] [SEVERE ] updating countdown to 7660
[19:38:55.262] [SEVERE ] updating countdown to 6656
[19:38:56.266] [SEVERE ] updating countdown to 5652
[19:39:01.923] [SEVERE ] updating countdown to 10000
[19:39:02.033] [SEVERE ] removing tokens from slot 6
[19:39:02.033] [SEVERE ] removing card from slot 6
[19:39:02.143] [SEVERE ] removing tokens from slot 8
[19:39:02.143] [SEVERE ] removing card from slot 8
[19:39:02.253] [SEVERE ] removing tokens from slot 5
[19:39:02.253] [SEVERE ] removing card from slot 5
[19:39:02.363] [SEVERE ] removing tokens from slot 10
[19:39:02.363] [SEVERE ] removing card from slot 10
[19:39:02.473] [SEVERE ] removing tokens from slot 3
[19:39:02.473] [SEVERE ] removing card from slot 3
[19:39:02.583] [SEVERE ] removing tokens from slot 7
[19:39:02.583] [SEVERE ] removing card from slot 7
[19:39:02.692] [SEVERE ] removing tokens from slot 1
[19:39:02.692] [SEVERE ] removing card from slot 1
[19:39:02.802] [SEVERE ] removing tokens from slot 0
[19:39:02.802] [SEVERE ] removing card from slot 0
[19:39:02.912] [SEVERE ] removing tokens from slot 9
[19:39:02.912] [SEVERE ] removing card from slot 9
[19:39:03.021] [SEVERE ] removing tokens from slot 2
[19:39:03.021] [SEVERE ] removing card from slot 2
[19:39:03.131] [SEVERE ] removing tokens from slot 4
[19:39:03.131] [SEVERE ] removing card from slot 4
[19:39:03.242] [SEVERE ] removing tokens from slot 11
[19:39:03.242] [SEVERE ] removing card from slot 11
[19:39:03.242] [SEVERE ] updating countdown to 10000
[19:39:03.351] [SEVERE ] placing card 18 in slot 6
[19:39:03.461] [SEVERE ] placing card 26 in slot 8
[19:39:03.571] [SEVERE ] placing card 23 in slot 5
[19:39:03.681] [SEVERE ] placing card 65 in slot 10
[19:39:03.790] [SEVERE ] placing card 74 in slot 3
[19:39:03.900] [SEVERE ] placing card 33 in slot 7
[19:39:04.010] [SEVERE ] placing card 53 in slot 1
[19:39:04.119] [SEVERE ] placing card 38 in slot 0
[19:39:04.229] [SEVERE ] placing card 6 in slot 9
[19:39:04.339] [SEVERE ] placing card 30 in slot 2
[19:39:04.449] [SEVERE ] placing card 14 in slot 4
[19:39:04.558] [SEVERE ] placing card 57 in slot 11
[19:39:05.561] [SEVERE ] updating countdown to 9997
[19:39:05.561] [SEVERE ] player 2 placing token on slot 5
[19:39:05.562] [SEVERE ] player 5 placing token on slot 5
[19:39:05.562] [SEVERE ] player 5 placing token on slot 1
[19:39:05.562] [SEVERE ] player 5 placing token on slot 3
[19:39:05.562] [SEVERE ] updating countdown to 9996
[19:39:05.562] [SEVERE ] player 3 placing token on slot 5
[19:39:05.562] [SEVERE ] updating countdown to 10000
[19:39:05.563] [SEVERE ] player 3 placing token on slot 1
[19:39:05.563] [SEVERE ] player 1 placing token on slot 5
[19:39:05.563] [SEVERE ] player 1 placing token on slot 1
[19:39:05.563] [SEVERE ] player 1 placing token on slot 3
[19:39:05.563] [SEVERE ] player 4 placing token on slot 5
[19:39:05.563] [SEVERE ] player 4 placing token on slot 1
[19:39:05.563] [SEVERE ] player 4 placing token on slot 3
[19:39:05.563] [SEVERE ] player 3 placing token on slot 3
[19:39:05.563] [SEVERE ] player 2 placing token on slot 1
[19:39:05.563] [SEVERE ] player 2 placing token on slot 3
[19:39:05.674] [SEVERE ] removing player 1 token from slot 5
[19:39:05.674] [SEVERE ] removing player 2 token from slot 5
[19:39:05.674] [SEVERE ] removing player 3 token from slot 5
[19:39:05.674] [SEVERE ] removing player 4 token from slot 5
[19:39:05.674] [SEVERE ] removing player 5 token from slot 5
[19:39:05.674] [SEVERE ] removing tokens from slot 5
[19:39:05.674] [SEVERE ] removing card from slot 5
[19:39:05.785] [SEVERE ] removing player 1 token from slot 1
[19:39:05.785] [SEVERE ] removing player 2 token from slot 1
[19:39:05.785] [SEVERE ] removing player 3 token from slot 1
[19:39:05.785] [SEVERE ] removing player 4 token from slot 1
[19:39:05.785] [SEVERE ] removing player 5 token from slot 1
[19:39:05.785] [SEVERE ] removing tokens from slot 1
[19:39:05.785] [SEVERE ] removing card from slot 1
[19:39:05.895] [SEVERE ] removing player 1 token from slot 3
[19:39:05.895] [SEVERE ] removing player 2 token from slot 3
[19:39:05.895] [SEVERE ] removing player 3 token from slot 3
[19:39:05.895] [SEVERE ] removing player 4 token from slot 3
[19:39:05.895] [SEVERE ] removing player 5 token from slot 3
[19:39:05.895] [SEVERE ] removing tokens from slot 3
[19:39:05.895] [SEVERE ] removing card from slot 3
[19:39:05.895] [SEVERE ] setting player 5 score to 3
[19:39:05.895] [SEVERE ] setting player 5 freeze to 1000
[19:39:06.006] [SEVERE ] placing card 61 in slot 5
[19:39:06.116] [SEVERE ] placing card 51 in slot 3
[19:39:06.225] [SEVERE ] placing card 68 in slot 1
[19:39:06.901] [SEVERE ] setting player 5 freeze to 0
[19:39:06.901] [SEVERE ] updating countdown to 10000
[19:39:07.231] [SEVERE ] updating countdown to 9670
[19:39:08.241] [SEVERE ] updating countdown to 8660
[19:39:09.247] [SEVERE ] updating countdown to 7654
[19:39:10.256] [SEVERE ] updating countdown to 6645
[19:39:11.268] [SEVERE ] updating countdown to 5633
[19:39:16.916] [SEVERE ] updating countdown to 10000
[19:39:17.026] [SEVERE ] removing tokens from slot 6
[19:39:17.026] [SEVERE ] removing card from slot 6
[19:39:17.136] [SEVERE ] removing tokens from slot 8
[19:39:17.137] [SEVERE ] removing card from slot 8
[19:39:17.246] [SEVERE ] removing tokens from slot 5
[19:39:17.246] [SEVERE ] removing card from slot 5
[19:39:17.356] [SEVERE ] removing tokens from slot 10
[19:39:17.356] [SEVERE ] removing card from slot 10
[19:39:17.466] [SEVERE ] removing tokens from slot 3
[19:39:17.466] [SEVERE ] removing card from slot 3
[19:39:17.576] [SEVERE ] removing tokens from slot 7
[19:39:17.576] [SEVERE ] removing card from slot 7
[19:39:17.687] [SEVERE ] removing tokens from slot 1
[19:39:17.687] [SEVERE ] removing card from slot 1
[19:39:17.797] [SEVERE ] removing tokens from slot 0
[19:39:17.797] [SEVERE ] removing card from slot 0
[19:39:17.907] [SEVERE ] removing tokens from slot 9
[19:39:17.907] [SEVERE ] removing card from slot 9
[19:39:18.017] [SEVERE ] removing tokens from slot 2
[19:39:18.017] [SEVERE ] removing card from slot 2
[19:39:18.127] [SEVERE ] removing tokens from slot 4
[19:39:18.127] [SEVERE ] removing card from slot 4
[19:39:18.237] [SEVERE ] removing tokens from slot 11
[19:39:18.237] [SEVERE ] removing card from slot 11
[19:39:18.237] [SEVERE ] updating countdown to 10000
[19:39:18.347] [SEVERE ] placing card 27 in slot 6
[19:39:18.457] [SEVERE ] placing card 57 in slot 8
[19:39:18.567] [SEVERE ] placing card 77 in slot 5
[19:39:18.677] [SEVERE ] placing card 80 in slot 10
[19:39:18.787] [SEVERE ] placing card 31 in slot 3
[19:39:18.897] [SEVERE ] placing card 58 in slot 7
[19:39:19.008] [SEVERE ] placing card 18 in slot 1
[19:39:19.118] [SEVERE ] placing card 29 in slot 0
[19:39:19.228] [SEVERE ] placing card 20 in slot 9
[19:39:19.338] [SEVERE ] placing card 26 in slot 2
[19:39:19.448] [SEVERE ] placing card 56 in slot 4
[19:39:19.558] [SEVERE ] placing card 38 in slot 11
[19:39:20.564] [SEVERE ] player 1 placing token on slot 9
[19:39:20.566] [SEVERE ] updating countdown to 9994
[19:39:20.566] [SEVERE ] player 2 placing token on slot 9
[19:39:20.566] [SEVERE ] player 3 placing token on slot 9
[19:39:20.566] [SEVERE ] player 4 placing token on slot 9
[19:39:20.566] [SEVERE ] player 4 placing token on slot 11
[19:39:20.566] [SEVERE ] player 4 placing token on slot 4
[19:39:20.567] [SEVERE ] player 5 placing token on slot 9
[19:39:20.567] [SEVERE ] updating countdown to 9991
[19:39:20.567] [SEVERE ] player 3 placing token on slot 11
[19:39:20.567] [SEVERE ] updating countdown to 10000
[19:39:20.567] [SEVERE ] player 3 placing token on slot 4
[19:39:20.567] [SEVERE ] player 2 placing token on slot 11
[19:39:20.567] [SEVERE ] player 2 placing token on slot 4
[19:39:20.567] [SEVERE ] player 1 placing token on slot 11
[19:39:20.567] [SEVERE ] player 1 placing token on slot 4
[19:39:20.567] [SEVERE ] player 5 placing token on slot 11
[19:39:20.567] [SEVERE ] player 5 placing token on slot 4
[19:39:20.677] [SEVERE ] removing player 1 token from slot 9
[19:39:20.677] [SEVERE ] removing player 2 token from slot 9
[19:39:20.677] [SEVERE ] removing player 3 token from slot 9
[19:39:20.677] [SEVERE ] removing player 4 token from slot 9
[19:39:20.677] [SEVERE ] removing player 5 token from slot 9
[19:39:20.677] [SEVERE ] removing tokens from slot 9
[19:39:20.677] [SEVERE ] removing card from slot 9
[19:39:20.789] [SEVERE ] removing player 1 token from slot 11
[19:39:20.789] [SEVERE ] removing player 2 token from slot 11
[19:39:20.789] [SEVERE ] removing player 3 token from slot 11
[19:39:20.789] [SEVERE ] removing player 4 token from slot 11
[19:39:20.789] [SEVERE ] removing player 5 token from slot 11
[19:39:20.789] [SEVERE ] removing tokens from slot 11
[19:39:20.789] [SEVERE ] removing card from slot 11
[19:39:20.900] [SEVERE ] removing player 1 token from slot 4
[19:39:20.900] [SEVERE ] removing player 2 token from slot 4
[19:39:20.900] [SEVERE ] removing player 3 token from slot 4
[19:39:20.900] [SEVERE ] removing player 4 token from slot 4
[19:39:20.900] [SEVERE ] removing player 5 token from slot 4
[19:39:20.900] [SEVERE ] removing tokens from slot 4
[19:39:20.900] [SEVERE ] removing card from slot 4
[19:39:20.900] [SEVERE ] setting player 4 score to 2
[19:39:20.900] [SEVERE ] setting player 4 freeze to 1000
[19:39:21.010] [SEVERE ] placing card 2 in slot 9
[19:39:21.120] [SEVERE ] placing card 1 in slot 4
[19:39:21.230] [SEVERE ] placing card 37 in slot 11
[19:39:21.908] [SEVERE ] player 3 placing token on slot 2
[19:39:21.909] [SEVERE ] setting player 4 freeze to 0
[19:39:21.909] [SEVERE ] updating countdown to 10000
[19:39:21.909] [SEVERE ] player 3 placing token on slot 11
[19:39:21.910] [SEVERE ] player 3 placing token on slot 8
[19:39:21.910] [SEVERE ] updating countdown to 9999
[19:39:21.910] [SEVERE ] updating countdown to 10000
[19:39:21.910] [SEVERE ] player 1 placing token on slot 2
[19:39:21.910] [SEVERE ] player 1 placing token on slot 11
[19:39:21.910] [SEVERE ] player 1 placing token on slot 8
[19:39:21.910] [SEVERE ] player 2 placing token on slot 2
[19:39:21.910] [SEVERE ] player 2 placing token on slot 11
[19:39:21.910] [SEVERE ] player 2 placing token on slot 8
[19:39:21.910] [SEVERE ] player 5 placing token on slot 2
[19:39:21.910] [SEVERE ] player 5 placing token on slot 11
[19:39:21.910] [SEVERE ] player 5 placing token on slot 8
[19:39:22.020] [SEVERE ] removing player 1 token from slot 2
[19:39:22.020] [SEVERE ] removing player 2 token from slot 2
[19:39:22.020] [SEVERE ] removing player 3 token from slot 2
[19:39:22.020] [SEVERE ] removing player 5 token from slot 2
[19:39:22.020] [SEVERE ] removing tokens from slot 2
[19:39:22.020] [SEVERE ] removing card from slot 2
[19:39:22.130] [SEVERE ] removing player 1 token from slot 11
[19:39:22.130] [SEVERE ] removing player 2 token from slot 11
[19:39:22.130] [SEVERE ] removing player 3 token from slot 11
[19:39:22.130] [SEVERE ] removing player 5 token from slot 11
[19:39:22.130] [SEVERE ] removing tokens from slot 11
[19:39:22.130] [SEVERE ] removing card from slot 11
[19:39:22.241] [SEVERE ] removing player 1 token from slot 8
[19:39:22.241] [SEVERE ] removing player 2 token from slot 8
[19:39:22.241] [SEVERE ] removing player 3 token from slot 8
[19:39:22.241] [SEVERE ] removing player 5 token from slot 8
[19:39:22.241] [SEVERE ] removing tokens from slot 8
[19:39:22.241] [SEVERE ] removing card from slot 8
[19:39:22.241] [SEVERE ] setting player 3 score to 1
[19:39:22.241] [SEVERE ] setting player 3 freeze to 1000
[19:39:22.352] [SEVERE ] placing card 52 in slot 8
[19:39:22.462] [SEVERE ] placing card 72 in slot 2
[19:39:22.572] [SEVERE ] placing card 44 in slot 11
[19:39:22.919] [SEVERE ] player 4 placing token on slot 1
[19:39:22.919] [SEVERE ] player 4 placing token on slot 8
[19:39:22.919] [SEVERE ] player 4 placing token on slot 5
[19:39:22.919] [SEVERE ] updating countdown to 8990
[19:39:22.919] [SEVERE ] updating countdown to 10000
[19:39:23.029] [SEVERE ] removing player 4 token from slot 1
[19:39:23.029] [SEVERE ] removing tokens from slot 1
[19:39:23.029] [SEVERE ] removing card from slot 1
[19:39:23.139] [SEVERE ] removing player 4 token from slot 8
[19:39:23.139] [SEVERE ] removing tokens from slot 8
[19:39:23.139] [SEVERE ] removing card from slot 8
[19:39:23.249] [SEVERE ] setting player 3 freeze to 0
[19:39:23.249] [SEVERE ] removing player 4 token from slot 5
[19:39:23.250] [SEVERE ] updating countdown to 10000
[19:39:23.250] [SEVERE ] removing tokens from slot 5
[19:39:23.250] [SEVERE ] player 5 placing token on slot 9
[19:39:23.250] [SEVERE ] removing card from slot 5
[19:39:23.250] [SEVERE ] player 5 placing token on slot 11
[19:39:23.250] [SEVERE ] setting player 4 score to 3
[19:39:23.251] [SEVERE ] setting player 4 freeze to 1000
[19:39:23.250] [SEVERE ] player 2 placing token on slot 9
[19:39:23.251] [SEVERE ] player 1 placing token on slot 9
[19:39:23.252] [SEVERE ] player 1 placing token on slot 11
[19:39:23.252] [SEVERE ] player 2 placing token on slot 11
[19:39:23.362] [SEVERE ] placing card 69 in slot 8
[19:39:23.472] [SEVERE ] placing card 4 in slot 5
[19:39:23.582] [SEVERE ] placing card 6 in slot 1
[19:39:24.258] [SEVERE ] setting player 4 freeze to 0
[19:39:24.258] [SEVERE ] player 3 placing token on slot 1
[19:39:24.259] [SEVERE ] player 2 placing token on slot 1
[19:39:24.259] [SEVERE ] updating countdown to 10000
[19:39:24.259] [SEVERE ] updating countdown to 10000
[19:39:24.259] [SEVERE ] player 5 placing token on slot 1
[19:39:24.260] [SEVERE ] player 1 placing token on slot 1
[19:39:24.260] [SEVERE ] removing player 2 token from slot 9
[19:39:24.260] [SEVERE ] removing player 2 token from slot 11
[19:39:24.260] [SEVERE ] removing player 2 token from slot 1
[19:39:24.260] [SEVERE ] player 3 placing token on slot 0
[19:39:24.260] [SEVERE ] setting player 2 freeze to 5000
[19:39:24.261] [SEVERE ] player 3 placing token on slot 7
[19:39:24.261] [SEVERE ] removing player 5 token from slot 9
[19:39:24.261] [SEVERE ] removing player 5 token from slot 11
[19:39:24.261] [SEVERE ] removing player 5 token from slot 1
[19:39:24.261] [SEVERE ] removing player 1 token from slot 9
[19:39:24.261] [SEVERE ] removing player 1 token from slot 11
[19:39:24.261] [SEVERE ] removing player 1 token from slot 1
[19:39:24.261] [SEVERE ] updating countdown to 10000
[19:39:24.261] [SEVERE ] setting player 5 freeze to 5000
[19:39:24.261] [SEVERE ] setting player 1 freeze to 5000
[19:39:24.371] [SEVERE ] removing player 3 token from slot 1
[19:39:24.371] [SEVERE ] removing tokens from slot 1
[19:39:24.371] [SEVERE ] removing card from slot 1
[19:39:24.481] [SEVERE ] removing player 3 token from slot 0
[19:39:24.481] [SEVERE ] removing tokens from slot 0
[19:39:24.481] [SEVERE ] removing card from slot 0
[19:39:24.591] [SEVERE ] removing player 3 token from slot 7
[19:39:24.591] [SEVERE ] removing tokens from slot 7
[19:39:24.591] [SEVERE ] removing card from slot 7
[19:39:24.591] [SEVERE ] setting player 3 score to 2
[19:39:24.591] [SEVERE ] setting player 3 freeze to 1000
[19:39:24.701] [SEVERE ] placing card 14 in slot 7
[19:39:24.812] [SEVERE ] placing card 68 in slot 1
[19:39:24.922] [SEVERE ] placing card 16 in slot 0
[19:39:25.267] [SEVERE ] setting player 2 freeze to 4000
[19:39:25.267] [SEVERE ] player 4 placing token on slot 0
[19:39:25.267] [SEVERE ] setting player 5 freeze to 4000
[19:39:25.267] [SEVERE ] player 4 placing token on slot 11
[19:39:25.267] [SEVERE ] setting player 1 freeze to 4000
[19:39:25.267] [SEVERE ] player 4 placing token on slot 8
[19:39:25.267] [SEVERE ] updating countdown to 8992
[19:39:25.269] [SEVERE ] updating countdown to 10000
[19:39:25.378] [SEVERE ] removing player 4 token from slot 0
[19:39:25.378] [SEVERE ] removing tokens from slot 0
[19:39:25.378] [SEVERE ] removing card from slot 0
[19:39:25.488] [SEVERE ] removing player 4 token from slot 11
[19:39:25.488] [SEVERE ] removing tokens from slot 11
[19:39:25.488] [SEVERE ] removing card from slot 11
[19:39:25.597] [SEVERE ] setting player 3 freeze to 0
[19:39:25.597] [SEVERE ] removing player 4 token from slot 8
[19:39:25.597] [SEVERE ] updating countdown to 10000
[19:39:25.597] [SEVERE ] removing tokens from slot 8
[19:39:25.597] [SEVERE ] removing card from slot 8
[19:39:25.598] [SEVERE ] setting player 4 score to 4
[19:39:25.598] [SEVERE ] setting player 4 freeze to 1000
[19:39:25.709] [SEVERE ] placing card 0 in slot 8
[19:39:25.819] [SEVERE ] placing card 30 in slot 0
[19:39:25.929] [SEVERE ] placing card 67 in slot 11
[19:39:26.274] [SEVERE ] setting player 1 freeze to 3000
[19:39:26.274] [SEVERE ] setting player 5 freeze to 3000
[19:39:26.274] [SEVERE ] setting player 2 freeze to 3000
[19:39:26.604] [SEVERE ] setting player 4 freeze to 0
[19:39:26.604] [SEVERE ] player 3 placing token on slot 8
[19:39:26.604] [SEVERE ] updating countdown to 10000
[19:39:26.604] [SEVERE ] player 3 placing token on slot 4
[19:39:26.604] [SEVERE ] player 3 placing token on slot 9
[19:39:26.604] [SEVERE ] updating countdown to 10000
[19:39:26.604] [SEVERE ] updating countdown to 10000
[19:39:26.714] [SEVERE ] removing player 3 token from slot 8
[19:39:26.714] [SEVERE ] removing tokens from slot 8
[19:39:26.714] [SEVERE ] removing card from slot 8
[19:39:26.824] [SEVERE ] removing player 3 token from slot 4
[19:39:26.824] [SEVERE ] removing tokens from slot 4
[19:39:26.824] [SEVERE ] removing card from slot 4
[19:39:26.934] [SEVERE ] removing player 3 token from slot 9
[19:39:26.934] [SEVERE ] removing tokens from slot 9
[19:39:26.934] [SEVERE ] removing card from slot 9
[19:39:26.934] [SEVERE ] setting player 3 score to 3
[19:39:26.934] [SEVERE ] setting player 3 freeze to 1000
[19:39:27.044] [SEVERE ] placing card 71 in slot 8
[19:39:27.153] [SEVERE ] placing card 8 in slot 9
[19:39:27.263] [SEVERE ] placing card 35 in slot 4
[19:39:27.278] [SEVERE ] setting player 1 freeze to 2000
[19:39:27.278] [SEVERE ] setting player 5 freeze to 2000
[19:39:27.278] [SEVERE ] setting player 2 freeze to 2000
[19:39:27.608] [SEVERE ] player 4 placing token on slot 6
[19:39:27.608] [SEVERE ] player 4 placing token on slot 3
[19:39:27.608] [SEVERE ] player 4 placing token on slot 4
[19:39:27.608] [SEVERE ] updating countdown to 8996
[19:39:27.608] [SEVERE ] updating countdown to 10000
[19:39:27.719] [SEVERE ] removing player 4 token from slot 6
[19:39:27.719] [SEVERE ] removing tokens from slot 6
[19:39:27.719] [SEVERE ] removing card from slot 6
[19:39:27.829] [SEVERE ] removing player 4 token from slot 3
[19:39:27.829] [SEVERE ] removing tokens from slot 3
[19:39:27.829] [SEVERE ] removing card from slot 3
[19:39:27.939] [SEVERE ] removing player 4 token from slot 4
[19:39:27.939] [SEVERE ] setting player 3 freeze to 0
[19:39:27.939] [SEVERE ] removing tokens from slot 4
[19:39:27.939] [SEVERE ] updating countdown to 10000
[19:39:27.939] [SEVERE ] removing card from slot 4
[19:39:27.939] [SEVERE ] setting player 4 score to 5
[19:39:27.939] [SEVERE ] setting player 4 freeze to 1000
[19:39:28.048] [SEVERE ] placing card 50 in slot 6
[19:39:28.158] [SEVERE ] placing card 28 in slot 3
[19:39:28.268] [SEVERE ] placing card 42 in slot 4
[19:39:28.284] [SEVERE ] setting player 1 freeze to 1000
[19:39:28.284] [SEVERE ] setting player 2 freeze to 1000
[19:39:28.284] [SEVERE ] setting player 5 freeze to 1000
[19:39:28.944] [SEVERE ] setting player 4 freeze to 0
[19:39:28.944] [SEVERE ] player 3 placing token on slot 3
[19:39:28.944] [SEVERE ] updating countdown to 10000
[19:39:28.944] [SEVERE ] player 3 placing token on slot 4
[19:39:28.944] [SEVERE ] player 3 placing token on slot 6
[19:39:28.944] [SEVERE ] updating countdown to 10000
[19:39:28.944] [SEVERE ] updating countdown to 10000
[19:39:29.054] [SEVERE ] removing player 3 token from slot 3
[19:39:29.054] [SEVERE ] removing tokens from slot 3
[19:39:29.054] [SEVERE ] removing card from slot 3
[19:39:29.165] [SEVERE ] removing player 3 token from slot 4
[19:39:29.165] [SEVERE ] removing tokens from slot 4
[19:39:29.165] [SEVERE ] removing card from slot 4
[19:39:29.274] [SEVERE ] removing player 3 token from slot 6
[19:39:29.274] [SEVERE ] removing tokens from slot 6
[19:39:29.274] [SEVERE ] removing card from slot 6
[19:39:29.274] [SEVERE ] setting player 3 score to 4
[19:39:29.274] [SEVERE ] setting player 3 freeze to 1000
[19:39:29.290] [SEVERE ] setting player 2 freeze to 0
[19:39:29.290] [SEVERE ] setting player 5 freeze to 0
[19:39:29.290] [SEVERE ] setting player 1 freeze to 0
[19:39:29.384] [SEVERE ] placing card 3 in slot 6
[19:39:29.494] [SEVERE ] placing card 73 in slot 3
[19:39:29.603] [SEVERE ] placing card 76 in slot 4
[19:39:29.949] [SEVERE ] player 4 placing token on slot 7
[19:39:29.949] [SEVERE ] player 4 placing token on slot 0
[19:39:29.949] [SEVERE ] player 4 placing token on slot 4
[19:39:29.949] [SEVERE ] updating countdown to 8995
[19:39:29.949] [SEVERE ] updating countdown to 10000
[19:39:30.059] [SEVERE ] removing player 4 token from slot 7
[19:39:30.059] [SEVERE ] removing tokens from slot 7
[19:39:30.059] [SEVERE ] removing card from slot 7
[19:39:30.169] [SEVERE ] removing player 4 token from slot 0
[19:39:30.169] [SEVERE ] removing tokens from slot 0
[19:39:30.169] [SEVERE ] removing card from slot 0
[19:39:30.280] [SEVERE ] removing player 4 token from slot 4
[19:39:30.280] [SEVERE ] setting player 3 freeze to 0
[19:39:30.280] [SEVERE ] removing tokens from slot 4
[19:39:30.280] [SEVERE ] removing card from slot 4
[19:39:30.280] [SEVERE ] updating countdown to 10000
[19:39:30.280] [SEVERE ] setting player 4 score to 6
[19:39:30.280] [SEVERE ] setting player 4 freeze to 1000
[19:39:30.389] [SEVERE ] placing card 19 in slot 7
[19:39:30.499] [SEVERE ] placing card 65 in slot 0
[19:39:30.609] [SEVERE ] placing card 33 in slot 4
[19:39:31.284] [SEVERE ] setting player 4 freeze to 0
[19:39:31.284] [SEVERE ] player 3 placing token on slot 0
[19:39:31.284] [SEVERE ] updating countdown to 10000
[19:39:31.284] [SEVERE ] player 3 placing token on slot 1
[19:39:31.284] [SEVERE ] player 3 placing token on slot 8
[19:39:31.284] [SEVERE ] updating countdown to 10000
[19:39:31.284] [SEVERE ] updating countdown to 10000
[19:39:31.300] [SEVERE ] player 5 placing token on slot 0
[19:39:31.300] [SEVERE ] player 5 placing token on slot 1
[19:39:31.300] [SEVERE ] player 1 placing token on slot 0
[19:39:31.300] [SEVERE ] player 1 placing token on slot 1
[19:39:31.301] [SEVERE ] player 2 placing token on slot 0
[19:39:31.301] [SEVERE ] player 2 placing token on slot 1
[19:39:31.301] [SEVERE ] player 1 placing token on slot 8
[19:39:31.301] [SEVERE ] player 5 placing token on slot 8
[19:39:31.301] [SEVERE ] player 2 placing token on slot 8
[19:39:31.394] [SEVERE ] removing player 1 token from slot 0
[19:39:31.394] [SEVERE ] removing player 2 token from slot 0
[19:39:31.394] [SEVERE ] removing player 3 token from slot 0
[19:39:31.394] [SEVERE ] removing player 5 token from slot 0
[19:39:31.394] [SEVERE ] removing tokens from slot 0
[19:39:31.394] [SEVERE ] removing card from slot 0
[19:39:31.504] [SEVERE ] removing player 1 token from slot 1
[19:39:31.504] [SEVERE ] removing player 2 token from slot 1
[19:39:31.504] [SEVERE ] removing player 3 token from slot 1
[19:39:31.504] [SEVERE ] removing player 5 token from slot 1
[19:39:31.504] [SEVERE ] removing tokens from slot 1
[19:39:31.504] [SEVERE ] removing card from slot 1
[19:39:31.615] [SEVERE ] removing player 1 token from slot 8
[19:39:31.615] [SEVERE ] removing player 2 token from slot 8
[19:39:31.615] [SEVERE ] removing player 3 token from slot 8
[19:39:31.615] [SEVERE ] removing player 5 token from slot 8
[19:39:31.615] [SEVERE ] removing tokens from slot 8
[19:39:31.615] [SEVERE ] removing card from slot 8
[19:39:31.615] [SEVERE ] setting player 3 score to 5
[19:39:31.615] [SEVERE ] setting player 3 freeze to 1000
[19:39:31.725] [SEVERE ] placing card 48 in slot 8
[19:39:31.835] [SEVERE ] placing card 41 in slot 1
[19:39:31.944] [SEVERE ] placing card 70 in slot 0
[19:39:32.289] [SEVERE ] player 4 placing token on slot 7
[19:39:32.289] [SEVERE ] player 4 placing token on slot 8
[19:39:32.289] [SEVERE ] player 4 placing token on slot 10
[19:39:32.289] [SEVERE ] updating countdown to 8995
[19:39:32.289] [SEVERE ] updating countdown to 10000
[19:39:32.399] [SEVERE ] removing player 4 token from slot 7
[19:39:32.399] [SEVERE ] removing tokens from slot 7
[19:39:32.399] [SEVERE ] removing card from slot 7
[19:39:32.500] [SEVERE ] removing player 4 token from slot 8
[19:39:32.500] [SEVERE ] removing tokens from slot 8
[19:39:32.500] [SEVERE ] removing card from slot 8
[19:39:32.601] [SEVERE ] removing player 4 token from slot 10
[19:39:32.601] [SEVERE ] removing tokens from slot 10
[19:39:32.601] [SEVERE ] removing card from slot 10
[19:39:32.602] [SEVERE ] setting player 4 score to 7
[19:39:32.602] [SEVERE ] setting player 4 freeze to 1000
[19:39:32.617] [SEVERE ] setting player 3 freeze to 0
[19:39:32.617] [SEVERE ] updating countdown to 10000
[19:39:32.711] [SEVERE ] placing card 49 in slot 8
[19:39:32.821] [SEVERE ] placing card 32 in slot 10
[19:39:32.931] [SEVERE ] placing card 24 in slot 7
[19:39:33.607] [SEVERE ] setting player 4 freeze to 0
[19:39:33.607] [SEVERE ] updating countdown to 10000
[19:39:33.623] [SEVERE ] player 2 placing token on slot 5
[19:39:33.624] [SEVERE ] player 2 placing token on slot 8
[19:39:33.624] [SEVERE ] player 2 placing token on slot 11
[19:39:33.624] [SEVERE ] updating countdown to 9983
[19:39:33.624] [SEVERE ] player 5 placing token on slot 5
[19:39:33.624] [SEVERE ] updating countdown to 10000
[19:39:33.624] [SEVERE ] player 5 placing token on slot 8
[19:39:33.624] [SEVERE ] player 5 placing token on slot 11
[19:39:33.624] [SEVERE ] player 3 placing token on slot 5
[19:39:33.624] [SEVERE ] player 3 placing token on slot 8
[19:39:33.624] [SEVERE ] player 1 placing token on slot 5
[19:39:33.625] [SEVERE ] player 1 placing token on slot 8
[19:39:33.625] [SEVERE ] player 1 placing token on slot 11
[19:39:33.625] [SEVERE ] player 3 placing token on slot 11
[19:39:33.734] [SEVERE ] removing player 1 token from slot 5
[19:39:33.734] [SEVERE ] removing player 2 token from slot 5
[19:39:33.734] [SEVERE ] removing player 3 token from slot 5
[19:39:33.734] [SEVERE ] removing player 5 token from slot 5
[19:39:33.734] [SEVERE ] removing tokens from slot 5
[19:39:33.734] [SEVERE ] removing card from slot 5
[19:39:33.845] [SEVERE ] removing player 1 token from slot 8
[19:39:33.845] [SEVERE ] removing player 2 token from slot 8
[19:39:33.845] [SEVERE ] removing player 3 token from slot 8
[19:39:33.845] [SEVERE ] removing player 5 token from slot 8
[19:39:33.845] [SEVERE ] removing tokens from slot 8
[19:39:33.845] [SEVERE ] removing card from slot 8
[19:39:33.956] [SEVERE ] removing player 1 token from slot 11
[19:39:33.956] [SEVERE ] removing player 2 token from slot 11
[19:39:33.956] [SEVERE ] removing player 3 token from slot 11
[19:39:33.956] [SEVERE ] removing player 5 token from slot 11
[19:39:33.956] [SEVERE ] removing tokens from slot 11
[19:39:33.956] [SEVERE ] removing card from slot 11
[19:39:33.956] [SEVERE ] setting player 2 score to 1
[19:39:33.956] [SEVERE ] setting player 2 freeze to 1000
[19:39:34.066] [SEVERE ] placing card 78 in slot 8
[19:39:34.176] [SEVERE ] placing card 17 in slot 5
[19:39:34.286] [SEVERE ] placing card 64 in slot 11
[19:39:34.616] [SEVERE ] player 4 placing token on slot 7
[19:39:34.616] [SEVERE ] player 4 placing token on slot 10
[19:39:34.616] [SEVERE ] player 4 placing token on slot 11
[19:39:34.616] [SEVERE ] updating countdown to 8991
[19:39:34.616] [SEVERE ] updating countdown to 10000
[19:39:34.727] [SEVERE ] removing player 4 token from slot 7
[19:39:34.727] [SEVERE ] removing tokens from slot 7
[19:39:34.727] [SEVERE ] removing card from slot 7
[19:39:34.837] [SEVERE ] removing player 4 token from slot 10
[19:39:34.837] [SEVERE ] removing tokens from slot 10
[19:39:34.837] [SEVERE ] removing card from slot 10
[19:39:34.947] [SEVERE ] removing player 4 token from slot 11
[19:39:34.947] [SEVERE ] removing tokens from slot 11
[19:39:34.947] [SEVERE ] removing card from slot 11
[19:39:34.947] [SEVERE ] setting player 4 score to 8
[19:39:34.947] [SEVERE ] setting player 4 freeze to 1000
[19:39:34.963] [SEVERE ] setting player 2 freeze to 0
[19:39:34.963] [SEVERE ] updating countdown to 10000
[19:39:35.057] [SEVERE ] placing card 9 in slot 10
[19:39:35.167] [SEVERE ] placing card 5 in slot 7
[19:39:35.277] [SEVERE ] placing card 13 in slot 11
[19:39:35.954] [SEVERE ] setting player 4 freeze to 0
[19:39:35.954] [SEVERE ] updating countdown to 10000
[19:39:35.970] [SEVERE ] player 1 placing token on slot 10
[19:39:35.970] [SEVERE ] player 1 placing token on slot 1
[19:39:35.970] [SEVERE ] player 1 placing token on slot 0
[19:39:35.970] [SEVERE ] updating countdown to 9984
[19:39:35.970] [SEVERE ] player 5 placing token on slot 10
[19:39:35.970] [SEVERE ] updating countdown to 10000
[19:39:35.970] [SEVERE ] player 5 placing token on slot 1
[19:39:35.971] [SEVERE ] player 5 placing token on slot 0
[19:39:35.971] [SEVERE ] player 2 placing token on slot 10
[19:39:35.971] [SEVERE ] player 2 placing token on slot 1
[19:39:35.971] [SEVERE ] player 2 placing token on slot 0
[19:39:35.971] [SEVERE ] player 3 placing token on slot 10
[19:39:35.971] [SEVERE ] player 3 placing token on slot 1
[19:39:35.971] [SEVERE ] player 3 placing token on slot 0
[19:39:36.082] [SEVERE ] removing player 1 token from slot 10
[19:39:36.082] [SEVERE ] removing player 2 token from slot 10
[19:39:36.082] [SEVERE ] removing player 3 token from slot 10
[19:39:36.082] [SEVERE ] removing player 5 token from slot 10
[19:39:36.082] [SEVERE ] removing tokens from slot 10
[19:39:36.082] [SEVERE ] removing card from slot 10
[19:39:36.192] [SEVERE ] removing player 1 token from slot 1
[19:39:36.192] [SEVERE ] removing player 2 token from slot 1
[19:39:36.192] [SEVERE ] removing player 3 token from slot 1
[19:39:36.192] [SEVERE ] removing player 5 token from slot 1
[19:39:36.192] [SEVERE ] removing tokens from slot 1
[19:39:36.192] [SEVERE ] removing card from slot 1
[19:39:36.302] [SEVERE ] removing player 1 token from slot 0
[19:39:36.302] [SEVERE ] removing player 2 token from slot 0
[19:39:36.302] [SEVERE ] removing player 3 token from slot 0
[19:39:36.302] [SEVERE ] removing player 5 token from slot 0
[19:39:36.302] [SEVERE ] removing tokens from slot 0
[19:39:36.302] [SEVERE ] removing card from slot 0
[19:39:36.302] [SEVERE ] setting player 1 score to 2
[19:39:36.302] [SEVERE ] setting player 1 freeze to 1000
[19:39:36.412] [SEVERE ] placing card 47 in slot 10
[19:39:36.521] [SEVERE ] placing card 55 in slot 1
[19:39:36.631] [SEVERE ] placing card 51 in slot 0
[19:39:36.961] [SEVERE ] player 4 placing token on slot 7
[19:39:36.961] [SEVERE ] player 4 placing token on slot 4
[19:39:36.961] [SEVERE ] player 4 placing token on slot 1
[19:39:36.961] [SEVERE ] updating countdown to 8993
[19:39:36.961] [SEVERE ] updating countdown to 10000
[19:39:37.071] [SEVERE ] removing player 4 token from slot 7
[19:39:37.071] [SEVERE ] removing tokens from slot 7
[19:39:37.071] [SEVERE ] removing card from slot 7
[19:39:37.181] [SEVERE ] removing player 4 token from slot 4
[19:39:37.181] [SEVERE ] removing tokens from slot 4
[19:39:37.181] [SEVERE ] removing card from slot 4
[19:39:37.292] [SEVERE ] removing player 4 token from slot 1
[19:39:37.292] [SEVERE ] removing tokens from slot 1
[19:39:37.292] [SEVERE ] removing card from slot 1
[19:39:37.292] [SEVERE ] setting player 4 score to 9
[19:39:37.292] [SEVERE ] setting player 4 freeze to 1000
[19:39:37.307] [SEVERE ] setting player 1 freeze to 0
[19:39:37.307] [SEVERE ] updating countdown to 10000
[19:39:37.401] [SEVERE ] placing card 45 in slot 7
[19:39:37.512] [SEVERE ] placing card 62 in slot 1
[19:39:37.621] [SEVERE ] placing card 46 in slot 4
[19:39:38.298] [SEVERE ] setting player 4 freeze to 0
[19:39:38.298] [SEVERE ] updating countdown to 10000
[19:39:38.314] [SEVERE ] player 3 placing token on slot 11
[19:39:38.314] [SEVERE ] player 1 placing token on slot 11
[19:39:38.314] [SEVERE ] player 2 placing token on slot 11
[19:39:38.315] [SEVERE ] player 5 placing token on slot 11
[19:39:38.315] [SEVERE ] player 2 placing token on slot 7
[19:39:38.315] [SEVERE ] player 1 placing token on slot 7
[19:39:38.315] [SEVERE ] player 1 placing token on slot 1
[19:39:38.315] [SEVERE ] player 3 placing token on slot 7
[19:39:38.315] [SEVERE ] updating countdown to 9983
[19:39:38.315] [SEVERE ] player 2 placing token on slot 1
[19:39:38.315] [SEVERE ] updating countdown to 10000
[19:39:38.315] [SEVERE ] player 5 placing token on slot 7
[19:39:38.315] [SEVERE ] player 5 placing token on slot 1
[19:39:38.315] [SEVERE ] player 3 placing token on slot 1
[19:39:38.423] [SEVERE ] removing player 1 token from slot 11
[19:39:38.423] [SEVERE ] removing player 2 token from slot 11
[19:39:38.423] [SEVERE ] removing player 3 token from slot 11
[19:39:38.423] [SEVERE ] removing player 5 token from slot 11
[19:39:38.423] [SEVERE ] removing tokens from slot 11
[19:39:38.423] [SEVERE ] removing card from slot 11
[19:39:38.534] [SEVERE ] removing player 1 token from slot 7
[19:39:38.534] [SEVERE ] removing player 2 token from slot 7
[19:39:38.534] [SEVERE ] removing player 3 token from slot 7
[19:39:38.534] [SEVERE ] removing player 5 token from slot 7
[19:39:38.534] [SEVERE ] removing tokens from slot 7
[19:39:38.534] [SEVERE ] removing card from slot 7
[19:39:38.643] [SEVERE ] removing player 1 token from slot 1
[19:39:38.643] [SEVERE ] removing player 2 token from slot 1
[19:39:38.643] [SEVERE ] removing player 3 token from slot 1
[19:39:38.643] [SEVERE ] removing player 5 token from slot 1
[19:39:38.643] [SEVERE ] removing tokens from slot 1
[19:39:38.643] [SEVERE ] removing card from slot 1
[19:39:38.643] [SEVERE ] setting player 1 score to 3
[19:39:38.643] [SEVERE ] setting player 1 freeze to 1000
[19:39:38.754] [SEVERE ] placing card 15 in slot 7
[19:39:38.864] [SEVERE ] placing card 36 in slot 1
[19:39:38.974] [SEVERE ] placing card 34 in slot 11
[19:39:39.304] [SEVERE ] player 4 placing token on slot 6
[19:39:39.304] [SEVERE ] player 4 placing token on slot 1
[19:39:39.304] [SEVERE ] player 4 placing token on slot 8
[19:39:39.304] [SEVERE ] updating countdown to 8994
[19:39:39.304] [SEVERE ] updating countdown to 10000
[19:39:39.414] [SEVERE ] removing player 4 token from slot 6
[19:39:39.414] [SEVERE ] removing tokens from slot 6
[19:39:39.414] [SEVERE ] removing card from slot 6
[19:39:39.524] [SEVERE ] removing player 4 token from slot 1
[19:39:39.524] [SEVERE ] removing tokens from slot 1
[19:39:39.524] [SEVERE ] removing card from slot 1
[19:39:39.634] [SEVERE ] removing player 4 token from slot 8
[19:39:39.634] [SEVERE ] removing tokens from slot 8
[19:39:39.634] [SEVERE ] removing card from slot 8
[19:39:39.634] [SEVERE ] setting player 4 score to 10
[19:39:39.634] [SEVERE ] setting player 4 freeze to 1000
[19:39:39.650] [SEVERE ] setting player 1 freeze to 0
[19:39:39.650] [SEVERE ] updating countdown to 10000
[19:39:39.744] [SEVERE ] placing card 61 in slot 6
[19:39:39.854] [SEVERE ] placing card 10 in slot 8
[19:39:39.964] [SEVERE ] placing card 25 in slot 1
[19:39:40.640] [SEVERE ] setting player 4 freeze to 0
[19:39:40.640] [SEVERE ] updating countdown to 10000
[19:39:40.656] [SEVERE ] player 5 placing token on slot 5
[19:39:40.656] [SEVERE ] player 1 placing token on slot 5
[19:39:40.657] [SEVERE ] player 1 placing token on slot 0
[19:39:40.657] [SEVERE ] player 3 placing token on slot 5
[19:39:40.657] [SEVERE ] player 3 placing token on slot 0
[19:39:40.657] [SEVERE ] player 3 placing token on slot 6
[19:39:40.657] [SEVERE ] updating countdown to 9983
[19:39:40.657] [SEVERE ] updating countdown to 10000
[19:39:40.657] [SEVERE ] player 2 placing token on slot 5
[19:39:40.657] [SEVERE ] player 2 placing token on slot 0
[19:39:40.657] [SEVERE ] player 2 placing token on slot 6
[19:39:40.657] [SEVERE ] player 1 placing token on slot 6
[19:39:40.657] [SEVERE ] player 5 placing token on slot 0
[19:39:40.657] [SEVERE ] player 5 placing token on slot 6
[19:39:40.758] [SEVERE ] removing player 1 token from slot 5
[19:39:40.758] [SEVERE ] removing player 2 token from slot 5
[19:39:40.758] [SEVERE ] removing player 3 token from slot 5
[19:39:40.758] [SEVERE ] removing player 5 token from slot 5
[19:39:40.758] [SEVERE ] removing tokens from slot 5
[19:39:40.758] [SEVERE ] removing card from slot 5
[19:39:40.858] [SEVERE ] removing player 1 token from slot 0
[19:39:40.858] [SEVERE ] removing player 2 token from slot 0
[19:39:40.858] [SEVERE ] removing player 3 token from slot 0
[19:39:40.858] [SEVERE ] removing player 5 token from slot 0
[19:39:40.858] [SEVERE ] removing tokens from slot 0
[19:39:40.858] [SEVERE ] removing card from slot 0
[19:39:40.959] [SEVERE ] removing player 1 token from slot 6
[19:39:40.959] [SEVERE ] removing player 2 token from slot 6
[19:39:40.959] [SEVERE ] removing player 3 token from slot 6
[19:39:40.959] [SEVERE ] removing player 5 token from slot 6
[19:39:40.959] [SEVERE ] removing tokens from slot 6
[19:39:40.959] [SEVERE ] removing card from slot 6
[19:39:40.960] [SEVERE ] setting player 3 score to 6
[19:39:40.960] [SEVERE ] setting player 3 freeze to 1000
[19:39:41.070] [SEVERE ] placing card 54 in slot 6
[19:39:41.180] [SEVERE ] placing card 11 in slot 5
[19:39:41.290] [SEVERE ] placing card 22 in slot 0
[19:39:41.651] [SEVERE ] player 4 placing token on slot 9
[19:39:41.651] [SEVERE ] player 4 placing token on slot 7
[19:39:41.651] [SEVERE ] player 4 placing token on slot 1
[19:39:41.651] [SEVERE ] updating countdown to 8989
[19:39:41.651] [SEVERE ] updating countdown to 10000
[19:39:41.762] [SEVERE ] removing player 4 token from slot 9
[19:39:41.762] [SEVERE ] removing tokens from slot 9
[19:39:41.762] [SEVERE ] removing card from slot 9
[19:39:41.872] [SEVERE ] removing player 4 token from slot 7
[19:39:41.872] [SEVERE ] removing tokens from slot 7
[19:39:41.872] [SEVERE ] removing card from slot 7
[19:39:41.967] [SEVERE ] player 2 placing token on slot 5
[19:39:41.967] [SEVERE ] setting player 3 freeze to 0
[19:39:41.967] [SEVERE ] player 2 placing token on slot 4
[19:39:41.967] [SEVERE ] updating countdown to 10000
[19:39:41.967] [SEVERE ] player 2 placing token on slot 6
[19:39:41.967] [SEVERE ] player 1 placing token on slot 5
[19:39:41.968] [SEVERE ] player 1 placing token on slot 4
[19:39:41.968] [SEVERE ] player 1 placing token on slot 6
[19:39:41.968] [SEVERE ] player 5 placing token on slot 5
[19:39:41.968] [SEVERE ] player 5 placing token on slot 4
[19:39:41.968] [SEVERE ] player 5 placing token on slot 6
[19:39:41.983] [SEVERE ] removing player 4 token from slot 1
[19:39:41.983] [SEVERE ] removing tokens from slot 1
[19:39:41.983] [SEVERE ] removing card from slot 1
[19:39:41.983] [SEVERE ] updating countdown to 10000
[19:39:41.983] [SEVERE ] setting player 4 score to 11
[19:39:41.983] [SEVERE ] setting player 4 freeze to 1000
[19:39:42.094] [SEVERE ] removing player 1 token from slot 5
[19:39:42.094] [SEVERE ] removing player 2 token from slot 5
[19:39:42.094] [SEVERE ] removing player 5 token from slot 5
[19:39:42.094] [SEVERE ] removing tokens from slot 5
[19:39:42.094] [SEVERE ] removing card from slot 5
[19:39:42.204] [SEVERE ] removing player 1 token from slot 4
[19:39:42.204] [SEVERE ] removing player 2 token from slot 4
[19:39:42.204] [SEVERE ] removing player 5 token from slot 4
[19:39:42.204] [SEVERE ] removing tokens from slot 4
[19:39:42.204] [SEVERE ] removing card from slot 4
[19:39:42.314] [SEVERE ] removing player 1 token from slot 6
[19:39:42.314] [SEVERE ] removing player 2 token from slot 6
[19:39:42.314] [SEVERE ] removing player 5 token from slot 6
[19:39:42.314] [SEVERE ] removing tokens from slot 6
[19:39:42.314] [SEVERE ] removing card from slot 6
[19:39:42.314] [SEVERE ] setting player 2 score to 2
[19:39:42.314] [SEVERE ] setting player 2 freeze to 1000
[19:39:42.992] [SEVERE ] setting player 4 freeze to 0
[19:39:42.992] [SEVERE ] updating countdown to 10000
[19:39:43.322] [SEVERE ] updating countdown to 9670
[19:39:43.322] [SEVERE ] setting player 2 freeze to 0
[19:39:43.322] [SEVERE ] updating countdown to 10000
[19:39:44.328] [SEVERE ] updating countdown to 8994
[19:39:45.335] [SEVERE ] updating countdown to 7987
[19:39:46.340] [SEVERE ] updating countdown to 6982
[19:39:47.346] [SEVERE ] updating countdown to 5976
[19:39:53.334] [SEVERE ] updating countdown to 10000
[19:39:53.555] [SEVERE ] removing tokens from slot 8
[19:39:53.555] [SEVERE ] removing card from slot 8
[19:39:53.775] [SEVERE ] removing tokens from slot 10
[19:39:53.775] [SEVERE ] removing card from slot 10
[19:39:53.886] [SEVERE ] removing tokens from slot 3
[19:39:53.886] [SEVERE ] removing card from slot 3
[19:39:54.215] [SEVERE ] removing tokens from slot 0
[19:39:54.215] [SEVERE ] removing card from slot 0
[19:39:54.436] [SEVERE ] removing tokens from slot 2
[19:39:54.436] [SEVERE ] removing card from slot 2
[19:39:54.659] [SEVERE ] removing tokens from slot 11
[19:39:54.659] [SEVERE ] removing card from slot 11
[19:40:16.957] [SEVERE ] exit button pressed
