[14:54:53.186] [INFO   ] thread bguspl.set.Main.main() starting.
[14:54:53.186] [SEVERE ] cannot read configuration file config.properties trying from resources.
[14:54:53.186] [SEVERE ] configuration file was loaded from resources directory.
[14:54:53.874] [INFO   ] thread dealer starting.
[14:54:53.874] [INFO   ] thread dealer starting.
[14:54:53.885] [INFO   ] thread Thread-1 starting.
[14:54:53.885] [INFO   ] thread Thread-4 starting.
[14:54:53.885] [INFO   ] thread Thread-3 starting.
[14:54:53.885] [INFO   ] thread Thread-2 starting.
[14:54:53.889] [INFO   ] thread computer-3 starting.
[14:54:53.891] [INFO   ] thread computer-2 starting.
[14:54:53.894] [SEVERE ] updating countdown to 25000
[14:54:54.002] [SEVERE ] placing card 39 in slot 10
[14:54:54.135] [SEVERE ] placing card 26 in slot 0
[14:54:54.247] [SEVERE ] placing card 46 in slot 2
[14:54:54.358] [SEVERE ] placing card 62 in slot 3
[14:54:54.459] [SEVERE ] placing card 77 in slot 9
[14:54:54.563] [SEVERE ] placing card 72 in slot 8
[14:54:54.669] [SEVERE ] placing card 21 in slot 1
[14:54:54.780] [SEVERE ] placing card 58 in slot 4
[14:54:54.885] [SEVERE ] placing card 55 in slot 11
[14:54:54.905] [SEVERE ] player 4 placing token on slot 2
[14:54:54.991] [SEVERE ] placing card 16 in slot 6
[14:54:55.103] [SEVERE ] placing card 2 in slot 7
[14:54:55.213] [SEVERE ] placing card 34 in slot 5
[14:54:55.908] [SEVERE ] player 3 placing token on slot 8
[14:54:55.910] [SEVERE ] player 4 placing token on slot 8
[14:54:56.223] [SEVERE ] updating countdown to 24990
[14:54:56.919] [SEVERE ] player 4 placing token on slot 10
[14:54:56.921] [SEVERE ] player 3 placing token on slot 1
[14:54:57.232] [SEVERE ] updating countdown to 23981
[14:54:57.232] [SEVERE ] removing player 4 token from slot 2
[14:54:57.234] [SEVERE ] removing player 4 token from slot 8
[14:54:57.234] [SEVERE ] removing player 4 token from slot 10
[14:54:57.234] [SEVERE ] setting player 4 freeze to 3000
[14:54:57.934] [SEVERE ] player 3 placing token on slot 7
[14:54:58.250] [SEVERE ] updating countdown to 22963
[14:54:58.250] [SEVERE ] setting player 4 freeze to 2000
[14:54:58.251] [SEVERE ] removing player 3 token from slot 8
[14:54:58.252] [SEVERE ] removing player 3 token from slot 1
[14:54:58.252] [SEVERE ] removing player 3 token from slot 7
[14:54:58.252] [SEVERE ] setting player 3 freeze to 3000
[14:54:59.253] [SEVERE ] setting player 4 freeze to 1000
[14:54:59.254] [SEVERE ] updating countdown to 21959
[14:54:59.254] [SEVERE ] setting player 3 freeze to 2000
[14:55:00.260] [SEVERE ] updating countdown to 20953
[14:55:00.260] [SEVERE ] setting player 4 freeze to 0
[14:55:00.260] [SEVERE ] setting player 3 freeze to 1000
[14:55:01.266] [SEVERE ] updating countdown to 19947
[14:55:01.266] [SEVERE ] setting player 3 freeze to 0
[14:55:01.266] [SEVERE ] player 4 placing token on slot 2
[14:55:02.275] [SEVERE ] updating countdown to 18938
[14:55:02.276] [SEVERE ] player 3 placing token on slot 8
[14:55:02.277] [SEVERE ] player 4 placing token on slot 4
[14:55:03.280] [SEVERE ] updating countdown to 17933
[14:55:03.281] [SEVERE ] player 4 placing token on slot 7
[14:55:03.282] [SEVERE ] player 3 placing token on slot 5
[14:55:04.284] [SEVERE ] updating countdown to 16929
[14:55:04.284] [SEVERE ] player 3 placing token on slot 0
[14:55:04.286] [SEVERE ] removing player 4 token from slot 2
[14:55:04.286] [SEVERE ] removing player 4 token from slot 4
[14:55:04.286] [SEVERE ] removing player 4 token from slot 7
[14:55:04.286] [SEVERE ] setting player 4 freeze to 3000
[14:55:04.286] [SEVERE ] removing player 3 token from slot 8
[14:55:04.286] [SEVERE ] removing player 3 token from slot 5
[14:55:04.286] [SEVERE ] removing player 3 token from slot 0
[14:55:04.286] [SEVERE ] setting player 3 freeze to 3000
[14:55:05.300] [SEVERE ] setting player 3 freeze to 2000
[14:55:05.300] [SEVERE ] updating countdown to 15913
[14:55:05.300] [SEVERE ] setting player 4 freeze to 2000
[14:55:06.309] [SEVERE ] updating countdown to 14904
[14:55:06.309] [SEVERE ] setting player 4 freeze to 1000
[14:55:06.309] [SEVERE ] setting player 3 freeze to 1000
[14:55:07.315] [SEVERE ] updating countdown to 13898
[14:55:07.315] [SEVERE ] setting player 3 freeze to 0
[14:55:07.315] [SEVERE ] setting player 4 freeze to 0
[14:55:08.317] [SEVERE ] updating countdown to 12896
[14:55:08.317] [SEVERE ] player 3 placing token on slot 4
[14:55:08.318] [SEVERE ] player 4 placing token on slot 5
[14:55:09.327] [SEVERE ] updating countdown to 11886
[14:55:09.327] [SEVERE ] player 3 placing token on slot 6
[14:55:09.328] [SEVERE ] player 4 placing token on slot 3
[14:55:10.259] [SEVERE ] key 70 was pressed by player 1
[14:55:10.274] [SEVERE ] player 1 placing token on slot 7
[14:55:10.330] [SEVERE ] updating countdown to 10883
[14:55:10.330] [SEVERE ] player 3 placing token on slot 1
[14:55:10.331] [SEVERE ] removing player 4 token from slot 3
[14:55:10.731] [SEVERE ] key 68 was pressed by player 1
[14:55:10.731] [SEVERE ] player 1 placing token on slot 6
[14:55:11.082] [SEVERE ] key 87 was pressed by player 1
[14:55:11.085] [SEVERE ] player 1 placing token on slot 1
[14:55:11.332] [SEVERE ] updating countdown to 9881
[14:55:11.332] [SEVERE ] removing player 3 token from slot 4
[14:55:11.333] [SEVERE ] removing player 3 token from slot 6
[14:55:11.334] [SEVERE ] removing player 3 token from slot 1
[14:55:11.334] [SEVERE ] setting player 3 freeze to 3000
[14:55:11.334] [SEVERE ] player 4 placing token on slot 7
[14:55:11.435] [SEVERE ] removing player 1 token from slot 7
[14:55:11.435] [SEVERE ] removing player 4 token from slot 7
[14:55:11.435] [SEVERE ] removing tokens from slot 7
[14:55:11.435] [SEVERE ] removing card from slot 7
[14:55:11.548] [SEVERE ] removing player 1 token from slot 6
[14:55:11.548] [SEVERE ] removing tokens from slot 6
[14:55:11.548] [SEVERE ] removing card from slot 6
[14:55:11.660] [SEVERE ] removing player 1 token from slot 1
[14:55:11.660] [SEVERE ] removing tokens from slot 1
[14:55:11.660] [SEVERE ] removing card from slot 1
[14:55:11.660] [SEVERE ] setting player 1 score to 1
[14:55:11.660] [SEVERE ] setting player 1 freeze to 1000
[14:55:11.775] [SEVERE ] placing card 1 in slot 1
[14:55:11.885] [SEVERE ] placing card 44 in slot 6
[14:55:11.994] [SEVERE ] placing card 64 in slot 7
[14:55:12.339] [SEVERE ] setting player 3 freeze to 2000
[14:55:12.339] [SEVERE ] player 4 placing token on slot 9
[14:55:12.675] [SEVERE ] setting player 1 freeze to 0
[14:55:12.675] [SEVERE ] updating countdown to 25000
[14:55:13.009] [SEVERE ] updating countdown to 24666
[14:55:13.344] [SEVERE ] setting player 3 freeze to 1000
[14:55:13.344] [SEVERE ] player 4 placing token on slot 6
[14:55:14.023] [SEVERE ] updating countdown to 23652
[14:55:14.023] [SEVERE ] removing player 4 token from slot 5
[14:55:14.023] [SEVERE ] removing player 4 token from slot 9
[14:55:14.023] [SEVERE ] removing player 4 token from slot 6
[14:55:14.023] [SEVERE ] setting player 4 freeze to 3000
[14:55:14.358] [SEVERE ] setting player 3 freeze to 0
[14:55:15.032] [SEVERE ] setting player 4 freeze to 2000
[14:55:15.032] [SEVERE ] updating countdown to 22643
[14:55:15.362] [SEVERE ] player 3 placing token on slot 1
[14:55:16.040] [SEVERE ] setting player 4 freeze to 1000
[14:55:16.040] [SEVERE ] updating countdown to 21635
[14:55:16.365] [SEVERE ] removing player 3 token from slot 1
[14:55:17.041] [SEVERE ] updating countdown to 20634
[14:55:17.041] [SEVERE ] setting player 4 freeze to 0
[14:55:17.377] [SEVERE ] player 3 placing token on slot 8
[14:55:18.047] [SEVERE ] updating countdown to 19628
[14:55:18.047] [SEVERE ] player 4 placing token on slot 2
[14:55:18.392] [SEVERE ] player 3 placing token on slot 7
[14:55:19.059] [SEVERE ] updating countdown to 18616
[14:55:19.060] [SEVERE ] player 4 placing token on slot 5
[14:55:19.394] [SEVERE ] player 3 placing token on slot 6
[14:55:20.036] [SEVERE ] key 87 was pressed by player 1
[14:55:20.036] [SEVERE ] player 1 placing token on slot 1
[14:55:20.070] [SEVERE ] updating countdown to 17605
[14:55:20.070] [SEVERE ] player 4 placing token on slot 7
[14:55:20.071] [SEVERE ] removing player 3 token from slot 8
[14:55:20.073] [SEVERE ] removing player 3 token from slot 7
[14:55:20.073] [SEVERE ] removing player 3 token from slot 6
[14:55:20.073] [SEVERE ] setting player 3 freeze to 3000
[14:55:20.073] [SEVERE ] removing player 4 token from slot 2
[14:55:20.073] [SEVERE ] removing player 4 token from slot 5
[14:55:20.073] [SEVERE ] removing player 4 token from slot 7
[14:55:20.073] [SEVERE ] setting player 4 freeze to 3000
[14:55:20.217] [SEVERE ] key 69 was pressed by player 1
[14:55:20.217] [SEVERE ] player 1 placing token on slot 2
[14:55:20.450] [SEVERE ] key 70 was pressed by player 1
[14:55:20.450] [SEVERE ] player 1 placing token on slot 7
[14:55:21.086] [SEVERE ] setting player 4 freeze to 2000
[14:55:21.086] [SEVERE ] setting player 3 freeze to 2000
[14:55:21.086] [SEVERE ] updating countdown to 16589
[14:55:21.195] [SEVERE ] removing player 1 token from slot 1
[14:55:21.195] [SEVERE ] removing tokens from slot 1
[14:55:21.195] [SEVERE ] removing card from slot 1
[14:55:21.302] [SEVERE ] removing player 1 token from slot 2
[14:55:21.302] [SEVERE ] removing tokens from slot 2
[14:55:21.302] [SEVERE ] removing card from slot 2
[14:55:21.413] [SEVERE ] removing player 1 token from slot 7
[14:55:21.413] [SEVERE ] removing tokens from slot 7
[14:55:21.413] [SEVERE ] removing card from slot 7
[14:55:21.413] [SEVERE ] setting player 1 score to 2
[14:55:21.413] [SEVERE ] setting player 1 freeze to 1000
[14:55:21.524] [SEVERE ] placing card 76 in slot 2
[14:55:21.633] [SEVERE ] placing card 4 in slot 1
[14:55:21.743] [SEVERE ] placing card 38 in slot 7
[14:55:22.088] [SEVERE ] setting player 4 freeze to 1000
[14:55:22.088] [SEVERE ] setting player 3 freeze to 1000
[14:55:22.417] [SEVERE ] setting player 1 freeze to 0
[14:55:22.417] [SEVERE ] updating countdown to 25000
[14:55:22.745] [SEVERE ] updating countdown to 24672
[14:55:23.090] [SEVERE ] setting player 3 freeze to 0
[14:55:23.090] [SEVERE ] setting player 4 freeze to 0
[14:55:23.759] [SEVERE ] updating countdown to 23658
[14:55:24.092] [SEVERE ] player 4 placing token on slot 8
[14:55:24.094] [SEVERE ] player 3 placing token on slot 3
[14:55:24.761] [SEVERE ] updating countdown to 22656
[14:55:25.108] [SEVERE ] player 4 placing token on slot 2
[14:55:25.109] [SEVERE ] player 3 placing token on slot 9
[14:55:25.766] [SEVERE ] updating countdown to 21651
[14:55:26.113] [SEVERE ] removing player 3 token from slot 9
[14:55:26.114] [SEVERE ] player 4 placing token on slot 11
[14:55:26.774] [SEVERE ] updating countdown to 20643
[14:55:26.774] [SEVERE ] removing player 4 token from slot 8
[14:55:26.774] [SEVERE ] removing player 4 token from slot 2
[14:55:26.774] [SEVERE ] removing player 4 token from slot 11
[14:55:26.774] [SEVERE ] setting player 4 freeze to 3000
[14:55:27.128] [SEVERE ] player 3 placing token on slot 8
[14:55:27.536] [SEVERE ] key 87 was pressed by player 1
[14:55:27.536] [SEVERE ] player 1 placing token on slot 1
[14:55:27.782] [SEVERE ] updating countdown to 19635
[14:55:27.782] [SEVERE ] setting player 4 freeze to 2000
[14:55:28.132] [SEVERE ] player 3 placing token on slot 0
[14:55:28.198] [SEVERE ] key 83 was pressed by player 1
[14:55:28.203] [SEVERE ] player 1 placing token on slot 5
[14:55:28.390] [SEVERE ] key 65 was pressed by player 1
[14:55:28.390] [SEVERE ] player 1 placing token on slot 4
[14:55:28.784] [SEVERE ] updating countdown to 18633
[14:55:28.784] [SEVERE ] removing player 3 token from slot 3
[14:55:28.784] [SEVERE ] removing player 3 token from slot 8
[14:55:28.784] [SEVERE ] removing player 3 token from slot 0
[14:55:28.784] [SEVERE ] setting player 3 freeze to 3000
[14:55:28.787] [SEVERE ] setting player 4 freeze to 1000
[14:55:28.787] [SEVERE ] removing player 1 token from slot 1
[14:55:28.787] [SEVERE ] removing player 1 token from slot 5
[14:55:28.787] [SEVERE ] removing player 1 token from slot 4
[14:55:28.787] [SEVERE ] setting player 1 freeze to 3000
[14:55:29.794] [SEVERE ] setting player 1 freeze to 2000
[14:55:29.794] [SEVERE ] updating countdown to 17623
[14:55:29.794] [SEVERE ] setting player 3 freeze to 2000
[14:55:29.794] [SEVERE ] setting player 4 freeze to 0
[14:55:30.796] [SEVERE ] setting player 1 freeze to 1000
[14:55:30.796] [SEVERE ] setting player 3 freeze to 1000
[14:55:30.796] [SEVERE ] updating countdown to 16621
[14:55:30.796] [SEVERE ] player 4 placing token on slot 9
[14:55:31.807] [SEVERE ] updating countdown to 15610
[14:55:31.807] [SEVERE ] setting player 1 freeze to 0
[14:55:31.807] [SEVERE ] setting player 3 freeze to 0
[14:55:31.807] [SEVERE ] player 4 placing token on slot 6
[14:55:32.812] [SEVERE ] updating countdown to 14605
[14:55:32.813] [SEVERE ] player 3 placing token on slot 8
[14:55:32.814] [SEVERE ] player 4 placing token on slot 5
[14:55:33.825] [SEVERE ] updating countdown to 13592
[14:55:33.826] [SEVERE ] player 3 placing token on slot 3
[14:55:33.826] [SEVERE ] removing player 4 token from slot 9
[14:55:33.827] [SEVERE ] removing player 4 token from slot 6
[14:55:33.827] [SEVERE ] removing player 4 token from slot 5
[14:55:33.827] [SEVERE ] setting player 4 freeze to 3000
[14:55:34.836] [SEVERE ] updating countdown to 12581
[14:55:34.836] [SEVERE ] setting player 4 freeze to 2000
[14:55:34.836] [SEVERE ] removing player 3 token from slot 3
[14:55:35.837] [SEVERE ] setting player 4 freeze to 1000
[14:55:35.837] [SEVERE ] updating countdown to 11580
[14:55:35.838] [SEVERE ] player 3 placing token on slot 9
[14:55:36.845] [SEVERE ] updating countdown to 10572
[14:55:36.845] [SEVERE ] setting player 4 freeze to 0
[14:55:36.845] [SEVERE ] player 3 placing token on slot 6
[14:55:37.847] [SEVERE ] updating countdown to 9570
[14:55:37.847] [SEVERE ] player 4 placing token on slot 11
[14:55:37.848] [SEVERE ] removing player 3 token from slot 8
[14:55:37.849] [SEVERE ] removing player 3 token from slot 9
[14:55:37.849] [SEVERE ] removing player 3 token from slot 6
[14:55:37.849] [SEVERE ] setting player 3 freeze to 3000
[14:55:37.936] [SEVERE ] key 87 was pressed by player 1
[14:55:37.936] [SEVERE ] player 1 placing token on slot 1
[14:55:38.573] [SEVERE ] key 83 was pressed by player 1
[14:55:38.573] [SEVERE ] player 1 placing token on slot 5
[14:55:38.858] [SEVERE ] updating countdown to 8559
[14:55:38.858] [SEVERE ] setting player 3 freeze to 2000
[14:55:38.858] [SEVERE ] player 4 placing token on slot 4
[14:55:39.668] [SEVERE ] key 86 was pressed by player 1
[14:55:39.668] [SEVERE ] player 1 placing token on slot 11
[14:55:39.863] [SEVERE ] updating countdown to 7554
[14:55:39.863] [SEVERE ] setting player 3 freeze to 1000
[14:55:39.863] [SEVERE ] player 4 placing token on slot 8
[14:55:39.968] [SEVERE ] removing player 1 token from slot 1
[14:55:39.968] [SEVERE ] removing tokens from slot 1
[14:55:39.968] [SEVERE ] removing card from slot 1
[14:55:40.080] [SEVERE ] removing player 1 token from slot 5
[14:55:40.080] [SEVERE ] removing tokens from slot 5
[14:55:40.080] [SEVERE ] removing card from slot 5
[14:55:40.191] [SEVERE ] removing player 1 token from slot 11
[14:55:40.191] [SEVERE ] removing player 4 token from slot 11
[14:55:40.191] [SEVERE ] removing tokens from slot 11
[14:55:40.191] [SEVERE ] removing card from slot 11
[14:55:40.191] [SEVERE ] setting player 1 score to 3
[14:55:40.191] [SEVERE ] setting player 1 freeze to 1000
[14:55:40.293] [SEVERE ] placing card 67 in slot 1
[14:55:40.403] [SEVERE ] placing card 9 in slot 11
[14:55:40.512] [SEVERE ] placing card 12 in slot 5
[14:55:40.873] [SEVERE ] setting player 3 freeze to 0
[14:55:41.203] [SEVERE ] setting player 1 freeze to 0
[14:55:41.203] [SEVERE ] updating countdown to 25000
[14:55:41.203] [SEVERE ] player 4 placing token on slot 5
[14:55:41.521] [SEVERE ] updating countdown to 24682
[14:55:41.521] [SEVERE ] removing player 4 token from slot 4
[14:55:41.523] [SEVERE ] removing player 4 token from slot 8
[14:55:41.523] [SEVERE ] removing player 4 token from slot 5
[14:55:41.523] [SEVERE ] setting player 4 freeze to 3000
[14:55:41.876] [SEVERE ] player 3 placing token on slot 9
[14:55:42.528] [SEVERE ] updating countdown to 23675
[14:55:42.528] [SEVERE ] setting player 4 freeze to 2000
[14:55:42.881] [SEVERE ] player 3 placing token on slot 10
[14:55:43.535] [SEVERE ] updating countdown to 22668
[14:55:43.535] [SEVERE ] setting player 4 freeze to 1000
[14:55:43.883] [SEVERE ] player 3 placing token on slot 6
[14:55:44.536] [SEVERE ] setting player 4 freeze to 0
[14:55:44.536] [SEVERE ] updating countdown to 21667
[14:55:44.536] [SEVERE ] removing player 3 token from slot 9
[14:55:44.536] [SEVERE ] removing player 3 token from slot 10
[14:55:44.536] [SEVERE ] removing player 3 token from slot 6
[14:55:44.536] [SEVERE ] setting player 3 freeze to 3000
[14:55:45.546] [SEVERE ] setting player 3 freeze to 2000
[14:55:45.546] [SEVERE ] updating countdown to 20657
[14:55:45.546] [SEVERE ] player 4 placing token on slot 6
[14:55:46.555] [SEVERE ] setting player 3 freeze to 1000
[14:55:46.555] [SEVERE ] updating countdown to 19648
[14:55:46.555] [SEVERE ] player 4 placing token on slot 3
[14:55:47.561] [SEVERE ] setting player 3 freeze to 0
[14:55:47.561] [SEVERE ] updating countdown to 18642
[14:55:47.561] [SEVERE ] player 4 placing token on slot 1
[14:55:48.567] [SEVERE ] updating countdown to 17636
[14:55:48.567] [SEVERE ] player 3 placing token on slot 0
[14:55:48.568] [SEVERE ] removing player 4 token from slot 6
[14:55:48.568] [SEVERE ] removing player 4 token from slot 3
[14:55:48.568] [SEVERE ] removing player 4 token from slot 1
[14:55:48.568] [SEVERE ] setting player 4 freeze to 3000
[14:55:49.569] [SEVERE ] player 3 placing token on slot 4
[14:55:49.584] [SEVERE ] setting player 4 freeze to 2000
[14:55:49.584] [SEVERE ] updating countdown to 16619
[14:55:50.570] [SEVERE ] player 3 placing token on slot 6
[14:55:50.591] [SEVERE ] updating countdown to 15612
[14:55:50.591] [SEVERE ] setting player 4 freeze to 1000
[14:55:50.591] [SEVERE ] removing player 3 token from slot 0
[14:55:50.591] [SEVERE ] removing player 3 token from slot 4
[14:55:50.593] [SEVERE ] removing player 3 token from slot 6
[14:55:50.593] [SEVERE ] setting player 3 freeze to 3000
[14:55:51.601] [SEVERE ] setting player 4 freeze to 0
[14:55:51.601] [SEVERE ] updating countdown to 14602
[14:55:51.601] [SEVERE ] setting player 3 freeze to 2000
[14:55:52.104] [SEVERE ] key 90 was pressed by player 1
[14:55:52.104] [SEVERE ] player 1 placing token on slot 8
[14:55:52.603] [SEVERE ] updating countdown to 13600
[14:55:52.603] [SEVERE ] setting player 3 freeze to 1000
[14:55:52.603] [SEVERE ] player 4 placing token on slot 3
[14:55:53.293] [SEVERE ] key 82 was pressed by player 1
[14:55:53.293] [SEVERE ] player 1 placing token on slot 3
[14:55:53.473] [SEVERE ] key 69 was pressed by player 1
[14:55:53.473] [SEVERE ] player 1 placing token on slot 2
[14:55:53.613] [SEVERE ] updating countdown to 12590
[14:55:53.613] [SEVERE ] setting player 3 freeze to 0
[14:55:53.614] [SEVERE ] player 4 placing token on slot 10
[14:55:53.615] [SEVERE ] removing player 1 token from slot 8
[14:55:53.615] [SEVERE ] removing player 1 token from slot 3
[14:55:53.615] [SEVERE ] removing player 1 token from slot 2
[14:55:53.615] [SEVERE ] setting player 1 freeze to 3000
[14:55:54.626] [SEVERE ] setting player 1 freeze to 2000
[14:55:54.626] [SEVERE ] updating countdown to 11577
[14:55:54.626] [SEVERE ] player 3 placing token on slot 11
[14:55:54.627] [SEVERE ] player 4 placing token on slot 1
[14:55:55.631] [SEVERE ] updating countdown to 10572
[14:55:55.631] [SEVERE ] setting player 1 freeze to 1000
[14:55:55.632] [SEVERE ] player 3 placing token on slot 10
[14:55:55.633] [SEVERE ] removing player 4 token from slot 3
[14:55:55.633] [SEVERE ] removing player 4 token from slot 10
[14:55:55.633] [SEVERE ] removing player 4 token from slot 1
[14:55:55.633] [SEVERE ] setting player 4 freeze to 3000
[14:55:56.643] [SEVERE ] updating countdown to 9560
[14:55:56.643] [SEVERE ] setting player 1 freeze to 0
[14:55:56.643] [SEVERE ] setting player 4 freeze to 2000
[14:55:56.643] [SEVERE ] removing player 3 token from slot 11
[14:55:57.497] [SEVERE ] key 90 was pressed by player 1
[14:55:57.497] [SEVERE ] player 1 placing token on slot 8
[14:55:57.646] [SEVERE ] setting player 4 freeze to 1000
[14:55:57.646] [SEVERE ] updating countdown to 8557
[14:55:57.646] [SEVERE ] player 3 placing token on slot 5
[14:55:58.414] [SEVERE ] key 69 was pressed by player 1
[14:55:58.414] [SEVERE ] player 1 placing token on slot 2
[14:55:58.654] [SEVERE ] updating countdown to 7549
[14:55:58.654] [SEVERE ] setting player 4 freeze to 0
[14:55:58.654] [SEVERE ] removing player 3 token from slot 5
[14:55:58.656] [SEVERE ] key 82 was pressed by player 1
[14:55:58.656] [SEVERE ] player 1 placing token on slot 3
[14:55:59.663] [SEVERE ] updating countdown to 6540
[14:55:59.663] [SEVERE ] player 4 placing token on slot 5
[14:55:59.664] [SEVERE ] removing player 1 token from slot 8
[14:55:59.664] [SEVERE ] removing player 1 token from slot 2
[14:55:59.664] [SEVERE ] removing player 1 token from slot 3
[14:55:59.666] [SEVERE ] setting player 1 freeze to 3000
[14:55:59.666] [SEVERE ] player 3 placing token on slot 11
[14:56:00.669] [SEVERE ] setting player 1 freeze to 2000
[14:56:00.669] [SEVERE ] updating countdown to 5534
[14:56:00.669] [SEVERE ] player 3 placing token on slot 7
[14:56:00.670] [SEVERE ] player 4 placing token on slot 4
[14:56:01.685] [SEVERE ] setting player 1 freeze to 1000
[14:56:01.685] [SEVERE ] removing player 4 token from slot 5
[14:56:01.686] [SEVERE ] removing player 3 token from slot 10
[14:56:01.686] [SEVERE ] removing player 3 token from slot 11
[14:56:01.686] [SEVERE ] removing player 3 token from slot 7
[14:56:01.687] [SEVERE ] setting player 3 freeze to 3000
[14:56:02.696] [SEVERE ] setting player 1 freeze to 0
[14:56:02.696] [SEVERE ] setting player 3 freeze to 2000
[14:56:02.696] [SEVERE ] player 4 placing token on slot 11
[14:56:03.698] [SEVERE ] setting player 3 freeze to 1000
[14:56:03.698] [SEVERE ] player 4 placing token on slot 3
[14:56:03.698] [SEVERE ] removing player 4 token from slot 4
[14:56:03.698] [SEVERE ] removing player 4 token from slot 11
[14:56:03.698] [SEVERE ] removing player 4 token from slot 3
[14:56:03.698] [SEVERE ] setting player 4 freeze to 3000
[14:56:04.704] [SEVERE ] setting player 4 freeze to 2000
[14:56:04.704] [SEVERE ] setting player 3 freeze to 0
[14:56:05.708] [SEVERE ] setting player 4 freeze to 1000
[14:56:05.708] [SEVERE ] player 3 placing token on slot 3
[14:56:06.206] [SEVERE ] updating countdown to 25000
[14:56:06.316] [SEVERE ] removing tokens from slot 10
[14:56:06.316] [SEVERE ] removing card from slot 10
[14:56:06.426] [SEVERE ] removing tokens from slot 0
[14:56:06.426] [SEVERE ] removing card from slot 0
[14:56:06.536] [SEVERE ] removing tokens from slot 2
[14:56:06.536] [SEVERE ] removing card from slot 2
[14:56:06.646] [SEVERE ] removing player 3 token from slot 3
[14:56:06.646] [SEVERE ] removing tokens from slot 3
[14:56:06.646] [SEVERE ] removing card from slot 3
[14:56:06.715] [SEVERE ] setting player 4 freeze to 0
[14:56:06.756] [SEVERE ] removing tokens from slot 9
[14:56:06.756] [SEVERE ] removing card from slot 9
[14:56:06.866] [SEVERE ] removing tokens from slot 8
[14:56:06.866] [SEVERE ] removing card from slot 8
[14:56:06.976] [SEVERE ] removing tokens from slot 1
[14:56:06.976] [SEVERE ] removing card from slot 1
[14:56:07.086] [SEVERE ] removing tokens from slot 4
[14:56:07.086] [SEVERE ] removing card from slot 4
[14:56:07.196] [SEVERE ] removing tokens from slot 11
[14:56:07.196] [SEVERE ] removing card from slot 11
[14:56:07.306] [SEVERE ] removing tokens from slot 6
[14:56:07.306] [SEVERE ] removing card from slot 6
[14:56:07.416] [SEVERE ] removing tokens from slot 7
[14:56:07.416] [SEVERE ] removing card from slot 7
[14:56:07.526] [SEVERE ] removing tokens from slot 5
[14:56:07.526] [SEVERE ] removing card from slot 5
[14:56:07.527] [SEVERE ] updating countdown to 25000
[14:56:07.629] [SEVERE ] placing card 80 in slot 10
[14:56:07.732] [SEVERE ] placing card 48 in slot 0
[14:56:07.842] [SEVERE ] placing card 42 in slot 2
[14:56:07.944] [SEVERE ] placing card 14 in slot 3
[14:56:08.052] [SEVERE ] placing card 79 in slot 9
[14:56:08.165] [SEVERE ] placing card 41 in slot 8
[14:56:08.271] [SEVERE ] placing card 37 in slot 1
[14:56:08.385] [SEVERE ] placing card 10 in slot 4
[14:56:08.495] [SEVERE ] placing card 61 in slot 11
[14:56:08.532] [SEVERE ] player 3 placing token on slot 0
[14:56:08.598] [SEVERE ] placing card 77 in slot 6
[14:56:08.705] [SEVERE ] placing card 30 in slot 7
[14:56:08.729] [SEVERE ] player 4 placing token on slot 2
[14:56:08.814] [SEVERE ] placing card 47 in slot 5
[14:56:09.543] [SEVERE ] player 3 placing token on slot 8
[14:56:09.739] [SEVERE ] player 4 placing token on slot 9
[14:56:09.815] [SEVERE ] updating countdown to 24999
[14:56:10.559] [SEVERE ] player 3 placing token on slot 5
[14:56:10.744] [SEVERE ] player 4 placing token on slot 5
[14:56:10.820] [SEVERE ] updating countdown to 23994
[14:56:10.820] [SEVERE ] removing player 3 token from slot 0
[14:56:10.820] [SEVERE ] removing player 3 token from slot 8
[14:56:10.820] [SEVERE ] removing player 3 token from slot 5
[14:56:10.820] [SEVERE ] setting player 3 freeze to 3000
[14:56:10.820] [SEVERE ] removing player 4 token from slot 2
[14:56:10.820] [SEVERE ] removing player 4 token from slot 9
[14:56:10.820] [SEVERE ] removing player 4 token from slot 5
[14:56:10.820] [SEVERE ] setting player 4 freeze to 3000
[14:56:11.824] [SEVERE ] setting player 3 freeze to 2000
[14:56:11.825] [SEVERE ] updating countdown to 22989
[14:56:11.825] [SEVERE ] setting player 4 freeze to 2000
[14:56:12.826] [SEVERE ] setting player 3 freeze to 1000
[14:56:12.826] [SEVERE ] updating countdown to 21988
[14:56:12.842] [SEVERE ] setting player 4 freeze to 1000
[14:56:13.829] [SEVERE ] updating countdown to 20985
[14:56:13.829] [SEVERE ] setting player 3 freeze to 0
[14:56:13.846] [SEVERE ] setting player 4 freeze to 0
[14:56:14.834] [SEVERE ] updating countdown to 19980
[14:56:14.834] [SEVERE ] player 3 placing token on slot 3
[14:56:14.849] [SEVERE ] player 4 placing token on slot 8
[14:56:15.850] [SEVERE ] updating countdown to 18964
[14:56:15.850] [SEVERE ] player 3 placing token on slot 4
[14:56:15.851] [SEVERE ] player 4 placing token on slot 9
[14:56:16.851] [SEVERE ] updating countdown to 17963
[14:56:16.851] [SEVERE ] player 3 placing token on slot 11
[14:56:16.853] [SEVERE ] player 4 placing token on slot 3
[14:56:17.858] [SEVERE ] updating countdown to 16956
[14:56:17.858] [SEVERE ] removing player 3 token from slot 3
[14:56:17.858] [SEVERE ] removing player 3 token from slot 4
[14:56:17.860] [SEVERE ] removing player 3 token from slot 11
[14:56:17.860] [SEVERE ] setting player 3 freeze to 3000
[14:56:17.860] [SEVERE ] removing player 4 token from slot 8
[14:56:17.860] [SEVERE ] removing player 4 token from slot 9
[14:56:17.861] [SEVERE ] removing player 4 token from slot 3
[14:56:17.861] [SEVERE ] setting player 4 freeze to 3000
[14:56:18.861] [SEVERE ] setting player 3 freeze to 2000
[14:56:18.877] [SEVERE ] updating countdown to 15937
[14:56:18.877] [SEVERE ] setting player 4 freeze to 2000
[14:56:19.863] [SEVERE ] setting player 3 freeze to 1000
[14:56:19.888] [SEVERE ] setting player 4 freeze to 1000
[14:56:19.888] [SEVERE ] updating countdown to 14926
[14:56:20.871] [SEVERE ] setting player 3 freeze to 0
[14:56:20.890] [SEVERE ] setting player 4 freeze to 0
[14:56:20.890] [SEVERE ] updating countdown to 13924
[14:56:21.874] [SEVERE ] player 3 placing token on slot 3
[14:56:21.894] [SEVERE ] updating countdown to 12920
[14:56:21.895] [SEVERE ] player 4 placing token on slot 6
[14:56:22.885] [SEVERE ] player 3 placing token on slot 0
[14:56:22.903] [SEVERE ] updating countdown to 11911
[14:56:22.903] [SEVERE ] player 4 placing token on slot 3
[14:56:23.888] [SEVERE ] player 3 placing token on slot 2
[14:56:23.903] [SEVERE ] updating countdown to 10911
[14:56:23.903] [SEVERE ] removing player 3 token from slot 3
[14:56:23.904] [SEVERE ] removing player 3 token from slot 0
[14:56:23.904] [SEVERE ] removing player 3 token from slot 2
[14:56:23.905] [SEVERE ] setting player 3 freeze to 3000
[14:56:23.906] [SEVERE ] player 4 placing token on slot 11
[14:56:24.908] [SEVERE ] setting player 3 freeze to 2000
[14:56:24.908] [SEVERE ] updating countdown to 9906
[14:56:24.908] [SEVERE ] removing player 4 token from slot 6
[14:56:24.908] [SEVERE ] removing player 4 token from slot 3
[14:56:24.908] [SEVERE ] removing player 4 token from slot 11
[14:56:24.908] [SEVERE ] setting player 4 freeze to 3000
[14:56:25.915] [SEVERE ] setting player 3 freeze to 1000
[14:56:25.915] [SEVERE ] updating countdown to 8899
[14:56:25.915] [SEVERE ] setting player 4 freeze to 2000
[14:56:26.922] [SEVERE ] updating countdown to 7892
[14:56:26.922] [SEVERE ] setting player 4 freeze to 1000
[14:56:26.922] [SEVERE ] setting player 3 freeze to 0
[14:56:27.926] [SEVERE ] setting player 4 freeze to 0
[14:56:27.926] [SEVERE ] updating countdown to 6888
[14:56:27.926] [SEVERE ] player 3 placing token on slot 6
[14:56:28.928] [SEVERE ] updating countdown to 5886
[14:56:28.928] [SEVERE ] player 3 placing token on slot 1
[14:56:28.930] [SEVERE ] player 4 placing token on slot 6
[14:56:29.934] [SEVERE ] player 3 placing token on slot 5
[14:56:29.936] [SEVERE ] removing player 3 token from slot 6
[14:56:29.937] [SEVERE ] removing player 3 token from slot 1
[14:56:29.937] [SEVERE ] removing player 3 token from slot 5
[14:56:29.937] [SEVERE ] setting player 3 freeze to 3000
[14:56:29.937] [SEVERE ] player 4 placing token on slot 0
[14:56:30.950] [SEVERE ] setting player 3 freeze to 2000
[14:56:30.951] [SEVERE ] player 4 placing token on slot 5
[14:56:30.952] [SEVERE ] removing player 4 token from slot 6
[14:56:30.953] [SEVERE ] removing player 4 token from slot 0
[14:56:30.953] [SEVERE ] removing player 4 token from slot 5
[14:56:30.953] [SEVERE ] setting player 4 freeze to 3000
[14:56:31.964] [SEVERE ] setting player 4 freeze to 2000
[14:56:31.964] [SEVERE ] setting player 3 freeze to 1000
[14:56:32.977] [SEVERE ] setting player 4 freeze to 1000
[14:56:32.977] [SEVERE ] setting player 3 freeze to 0
[14:56:33.981] [SEVERE ] setting player 4 freeze to 0
[14:56:33.981] [SEVERE ] player 3 placing token on slot 7
[14:56:34.828] [SEVERE ] updating countdown to 25000
[14:56:34.938] [SEVERE ] removing tokens from slot 10
[14:56:34.938] [SEVERE ] removing card from slot 10
[14:56:34.987] [SEVERE ] player 4 placing token on slot 0
[14:56:34.988] [SEVERE ] player 3 placing token on slot 6
[14:56:35.049] [SEVERE ] removing player 4 token from slot 0
[14:56:35.049] [SEVERE ] removing tokens from slot 0
[14:56:35.049] [SEVERE ] removing card from slot 0
[14:56:35.155] [SEVERE ] removing tokens from slot 2
[14:56:35.155] [SEVERE ] removing card from slot 2
[14:56:35.155] [SEVERE ] key 81 was pressed by player 1
[14:56:35.265] [SEVERE ] removing tokens from slot 3
[14:56:35.265] [SEVERE ] removing card from slot 3
[14:56:35.376] [SEVERE ] removing tokens from slot 9
[14:56:35.376] [SEVERE ] removing card from slot 9
[14:56:35.486] [SEVERE ] removing tokens from slot 8
[14:56:35.486] [SEVERE ] removing card from slot 8
[14:56:35.596] [SEVERE ] removing tokens from slot 1
[14:56:35.596] [SEVERE ] removing card from slot 1
[14:56:35.706] [SEVERE ] removing tokens from slot 4
[14:56:35.706] [SEVERE ] removing card from slot 4
[14:56:35.815] [SEVERE ] removing tokens from slot 11
[14:56:35.815] [SEVERE ] removing card from slot 11
[14:56:35.925] [SEVERE ] removing player 3 token from slot 6
[14:56:35.927] [SEVERE ] removing tokens from slot 6
[14:56:35.927] [SEVERE ] removing card from slot 6
[14:56:35.974] [SEVERE ] key 81 was pressed by player 1
[14:56:36.029] [SEVERE ] removing player 3 token from slot 7
[14:56:36.029] [SEVERE ] removing tokens from slot 7
[14:56:36.029] [SEVERE ] removing card from slot 7
[14:56:36.139] [SEVERE ] removing tokens from slot 5
[14:56:36.139] [SEVERE ] removing card from slot 5
[14:56:36.139] [SEVERE ] updating countdown to 25000
[14:56:36.247] [SEVERE ] placing card 74 in slot 10
[14:56:36.357] [SEVERE ] placing card 51 in slot 0
[14:56:36.469] [SEVERE ] placing card 10 in slot 2
[14:56:36.579] [SEVERE ] placing card 26 in slot 3
[14:56:36.683] [SEVERE ] placing card 61 in slot 9
[14:56:36.793] [SEVERE ] placing card 9 in slot 8
[14:56:36.904] [SEVERE ] placing card 22 in slot 1
[14:56:37.012] [SEVERE ] placing card 65 in slot 4
[14:56:37.123] [SEVERE ] placing card 67 in slot 11
[14:56:37.147] [SEVERE ] player 3 placing token on slot 2
[14:56:37.148] [SEVERE ] player 4 placing token on slot 9
[14:56:37.225] [SEVERE ] placing card 23 in slot 6
[14:56:37.326] [SEVERE ] placing card 6 in slot 7
[14:56:37.431] [SEVERE ] placing card 69 in slot 5
[14:56:38.155] [SEVERE ] player 4 placing token on slot 5
[14:56:38.156] [SEVERE ] player 3 placing token on slot 0
[14:56:38.433] [SEVERE ] updating countdown to 24998
[14:56:39.165] [SEVERE ] removing player 3 token from slot 0
[14:56:39.166] [SEVERE ] player 4 placing token on slot 3
[14:56:39.443] [SEVERE ] updating countdown to 23988
[14:56:39.443] [SEVERE ] removing player 4 token from slot 9
[14:56:39.443] [SEVERE ] removing player 4 token from slot 5
[14:56:39.443] [SEVERE ] removing player 4 token from slot 3
[14:56:39.443] [SEVERE ] setting player 4 freeze to 3000
[14:56:40.167] [SEVERE ] player 3 placing token on slot 1
[14:56:40.458] [SEVERE ] setting player 4 freeze to 2000
[14:56:40.458] [SEVERE ] updating countdown to 22973
[14:56:41.178] [SEVERE ] player 3 placing token on slot 4
[14:56:41.460] [SEVERE ] setting player 4 freeze to 1000
[14:56:41.460] [SEVERE ] updating countdown to 21971
[14:56:41.462] [SEVERE ] removing player 3 token from slot 2
[14:56:41.462] [SEVERE ] removing player 3 token from slot 1
[14:56:41.463] [SEVERE ] removing player 3 token from slot 4
[14:56:41.464] [SEVERE ] setting player 3 freeze to 3000
[14:56:42.470] [SEVERE ] updating countdown to 20961
[14:56:42.470] [SEVERE ] setting player 3 freeze to 2000
[14:56:42.470] [SEVERE ] setting player 4 freeze to 0
[14:56:43.477] [SEVERE ] updating countdown to 19954
[14:56:43.477] [SEVERE ] setting player 3 freeze to 1000
[14:56:43.477] [SEVERE ] player 4 placing token on slot 6
[14:56:44.484] [SEVERE ] setting player 3 freeze to 0
[14:56:44.484] [SEVERE ] updating countdown to 18947
[14:56:44.485] [SEVERE ] player 4 placing token on slot 1
[14:56:44.619] [SEVERE ] key 88 was pressed by player 1
[14:56:44.619] [SEVERE ] player 1 placing token on slot 9
[14:56:44.653] [SEVERE ] key 67 was pressed by player 1
[14:56:44.653] [SEVERE ] player 1 placing token on slot 10
[14:56:44.693] [SEVERE ] key 86 was pressed by player 1
[14:56:44.693] [SEVERE ] player 1 placing token on slot 11
[14:56:45.496] [SEVERE ] updating countdown to 17935
[14:56:45.497] [SEVERE ] player 4 placing token on slot 4
[14:56:45.498] [SEVERE ] player 3 placing token on slot 2
[14:56:45.502] [SEVERE ] removing player 1 token from slot 9
[14:56:45.503] [SEVERE ] removing player 1 token from slot 10
[14:56:45.503] [SEVERE ] removing player 1 token from slot 11
[14:56:45.503] [SEVERE ] setting player 1 freeze to 3000
[14:56:45.503] [SEVERE ] removing player 4 token from slot 6
[14:56:45.503] [SEVERE ] removing player 4 token from slot 1
[14:56:45.505] [SEVERE ] removing player 4 token from slot 4
[14:56:45.505] [SEVERE ] setting player 4 freeze to 3000
[14:56:46.518] [SEVERE ] updating countdown to 16913
[14:56:46.518] [SEVERE ] setting player 4 freeze to 2000
[14:56:46.518] [SEVERE ] setting player 1 freeze to 2000
[14:56:46.518] [SEVERE ] player 3 placing token on slot 5
[14:56:47.415] [SEVERE ] key 73 was pressed by player 2
[14:56:47.427] [SEVERE ] player 2 placing token on slot 1
[14:56:47.500] [SEVERE ] key 79 was pressed by player 2
[14:56:47.500] [SEVERE ] player 2 placing token on slot 2
[14:56:47.526] [SEVERE ] key 80 was pressed by player 2
[14:56:47.530] [SEVERE ] updating countdown to 15901
[14:56:47.530] [SEVERE ] setting player 4 freeze to 1000
[14:56:47.530] [SEVERE ] setting player 1 freeze to 1000
[14:56:47.530] [SEVERE ] player 2 placing token on slot 3
[14:56:47.532] [SEVERE ] player 3 placing token on slot 11
[14:56:47.726] [SEVERE ] key 73 was pressed by player 2
[14:56:47.916] [SEVERE ] key 73 was pressed by player 2
[14:56:48.040] [SEVERE ] key 80 was pressed by player 2
[14:56:48.164] [SEVERE ] key 73 was pressed by player 2
[14:56:48.293] [SEVERE ] key 80 was pressed by player 2
[14:56:48.386] [SEVERE ] key 73 was pressed by player 2
[14:56:48.499] [SEVERE ] key 80 was pressed by player 2
[14:56:48.512] [SEVERE ] key 79 was pressed by player 2
[14:56:48.544] [SEVERE ] updating countdown to 14887
[14:56:48.544] [SEVERE ] setting player 4 freeze to 0
[14:56:48.544] [SEVERE ] setting player 1 freeze to 0
[14:56:48.544] [SEVERE ] removing player 2 token from slot 1
[14:56:48.544] [SEVERE ] removing player 2 token from slot 2
[14:56:48.544] [SEVERE ] removing player 2 token from slot 3
[14:56:48.544] [SEVERE ] setting player 2 freeze to 3000
[14:56:48.544] [SEVERE ] removing player 3 token from slot 2
[14:56:48.544] [SEVERE ] removing player 3 token from slot 5
[14:56:48.544] [SEVERE ] removing player 3 token from slot 11
[14:56:48.544] [SEVERE ] setting player 3 freeze to 3000
[14:56:48.633] [SEVERE ] key 73 was pressed by player 2
[14:56:48.869] [SEVERE ] key 73 was pressed by player 2
[14:56:48.980] [SEVERE ] key 79 was pressed by player 2
[14:56:49.100] [SEVERE ] key 73 was pressed by player 2
[14:56:49.546] [SEVERE ] player 4 placing token on slot 3
[14:56:49.552] [SEVERE ] setting player 2 freeze to 2000
[14:56:49.553] [SEVERE ] setting player 3 freeze to 2000
[14:56:49.554] [SEVERE ] updating countdown to 13877
[14:56:49.579] [SEVERE ] key 65 was pressed by player 1
[14:56:49.589] [SEVERE ] player 1 placing token on slot 4
[14:56:49.743] [SEVERE ] key 88 was pressed by player 1
[14:56:49.743] [SEVERE ] player 1 placing token on slot 9
[14:56:49.801] [SEVERE ] key 90 was pressed by player 1
[14:56:49.803] [SEVERE ] player 1 placing token on slot 8
[14:56:50.557] [SEVERE ] updating countdown to 12874
[14:56:50.557] [SEVERE ] setting player 2 freeze to 1000
[14:56:50.557] [SEVERE ] setting player 3 freeze to 1000
[14:56:50.557] [SEVERE ] removing player 4 token from slot 3
[14:56:50.558] [SEVERE ] removing player 1 token from slot 4
[14:56:50.558] [SEVERE ] removing player 1 token from slot 9
[14:56:50.558] [SEVERE ] removing player 1 token from slot 8
[14:56:50.558] [SEVERE ] setting player 1 freeze to 3000
[14:56:51.262] [SEVERE ] key 67 was pressed by player 1
[14:56:51.567] [SEVERE ] setting player 3 freeze to 0
[14:56:51.567] [SEVERE ] setting player 2 freeze to 0
[14:56:51.567] [SEVERE ] player 4 placing token on slot 3
[14:56:51.567] [SEVERE ] setting player 1 freeze to 2000
[14:56:51.567] [SEVERE ] updating countdown to 11864
[14:56:52.579] [SEVERE ] setting player 1 freeze to 1000
[14:56:52.579] [SEVERE ] updating countdown to 10852
[14:56:52.580] [SEVERE ] player 4 placing token on slot 5
[14:56:52.580] [SEVERE ] player 3 placing token on slot 4
[14:56:52.964] [SEVERE ] key 67 was pressed by player 1
[14:56:53.591] [SEVERE ] updating countdown to 9840
[14:56:53.591] [SEVERE ] setting player 1 freeze to 0
[14:56:53.591] [SEVERE ] removing player 4 token from slot 5
[14:56:53.592] [SEVERE ] player 3 placing token on slot 7
[14:56:54.599] [SEVERE ] updating countdown to 8832
[14:56:54.599] [SEVERE ] player 4 placing token on slot 7
[14:56:54.600] [SEVERE ] player 3 placing token on slot 0
[14:56:55.614] [SEVERE ] updating countdown to 7817
[14:56:55.615] [SEVERE ] player 4 placing token on slot 5
[14:56:55.616] [SEVERE ] removing player 3 token from slot 4
[14:56:55.616] [SEVERE ] removing player 3 token from slot 7
[14:56:55.616] [SEVERE ] removing player 3 token from slot 0
[14:56:55.616] [SEVERE ] setting player 3 freeze to 3000
[14:56:55.616] [SEVERE ] removing player 4 token from slot 3
[14:56:55.617] [SEVERE ] removing player 4 token from slot 7
[14:56:55.617] [SEVERE ] removing player 4 token from slot 5
[14:56:55.617] [SEVERE ] setting player 4 freeze to 3000
[14:56:56.630] [SEVERE ] updating countdown to 6801
[14:56:56.630] [SEVERE ] setting player 4 freeze to 2000
[14:56:56.630] [SEVERE ] setting player 3 freeze to 2000
[14:56:57.642] [SEVERE ] updating countdown to 5789
[14:56:57.642] [SEVERE ] setting player 4 freeze to 1000
[14:56:57.642] [SEVERE ] setting player 3 freeze to 1000
[14:56:58.235] [SEVERE ] key 83 was pressed by player 1
[14:56:58.235] [SEVERE ] player 1 placing token on slot 5
[14:56:58.299] [SEVERE ] key 88 was pressed by player 1
[14:56:58.299] [SEVERE ] player 1 placing token on slot 9
[14:56:58.384] [SEVERE ] key 67 was pressed by player 1
[14:56:58.384] [SEVERE ] player 1 placing token on slot 10
[14:56:58.656] [SEVERE ] setting player 3 freeze to 0
[14:56:58.656] [SEVERE ] setting player 4 freeze to 0
[14:56:58.656] [SEVERE ] removing player 1 token from slot 5
[14:56:58.657] [SEVERE ] removing player 1 token from slot 9
[14:56:58.657] [SEVERE ] removing player 1 token from slot 10
[14:56:58.657] [SEVERE ] setting player 1 freeze to 3000
[14:56:59.657] [SEVERE ] player 4 placing token on slot 9
[14:56:59.658] [SEVERE ] player 3 placing token on slot 3
[14:56:59.672] [SEVERE ] setting player 1 freeze to 2000
[14:57:00.663] [SEVERE ] player 3 placing token on slot 4
[14:57:00.663] [SEVERE ] player 4 placing token on slot 0
[14:57:00.678] [SEVERE ] setting player 1 freeze to 1000
[14:57:01.657] [SEVERE ] key 86 was pressed by player 1
[14:57:01.673] [SEVERE ] player 4 placing token on slot 11
[14:57:01.674] [SEVERE ] removing player 4 token from slot 9
[14:57:01.674] [SEVERE ] player 3 placing token on slot 2
[14:57:01.675] [SEVERE ] removing player 4 token from slot 0
[14:57:01.675] [SEVERE ] removing player 4 token from slot 11
[14:57:01.675] [SEVERE ] setting player 4 freeze to 3000
[14:57:01.675] [SEVERE ] removing player 3 token from slot 3
[14:57:01.676] [SEVERE ] removing player 3 token from slot 4
[14:57:01.676] [SEVERE ] removing player 3 token from slot 2
[14:57:01.678] [SEVERE ] setting player 3 freeze to 3000
[14:57:01.687] [SEVERE ] setting player 1 freeze to 0
[14:57:01.836] [SEVERE ] key 67 was pressed by player 1
[14:57:01.836] [SEVERE ] player 1 placing token on slot 10
[14:57:02.433] [SEVERE ] key 87 was pressed by player 1
[14:57:02.433] [SEVERE ] player 1 placing token on slot 1
[14:57:02.696] [SEVERE ] setting player 3 freeze to 2000
[14:57:02.696] [SEVERE ] setting player 4 freeze to 2000
[14:57:03.444] [SEVERE ] updating countdown to 25000
[14:57:03.544] [SEVERE ] removing player 1 token from slot 10
[14:57:03.544] [SEVERE ] removing tokens from slot 10
[14:57:03.544] [SEVERE ] removing card from slot 10
[14:57:03.657] [SEVERE ] removing tokens from slot 0
[14:57:03.657] [SEVERE ] removing card from slot 0
[14:57:03.704] [SEVERE ] setting player 4 freeze to 1000
[14:57:03.704] [SEVERE ] setting player 3 freeze to 1000
[14:57:03.758] [SEVERE ] removing tokens from slot 2
[14:57:03.758] [SEVERE ] removing card from slot 2
[14:57:03.870] [SEVERE ] removing tokens from slot 3
[14:57:03.870] [SEVERE ] removing card from slot 3
[14:57:03.981] [SEVERE ] removing tokens from slot 9
[14:57:03.981] [SEVERE ] removing card from slot 9
[14:57:04.094] [SEVERE ] removing tokens from slot 8
[14:57:04.094] [SEVERE ] removing card from slot 8
[14:57:04.205] [SEVERE ] removing player 1 token from slot 1
[14:57:04.205] [SEVERE ] removing tokens from slot 1
[14:57:04.205] [SEVERE ] removing card from slot 1
[14:57:04.321] [SEVERE ] removing tokens from slot 4
[14:57:04.321] [SEVERE ] removing card from slot 4
[14:57:04.431] [SEVERE ] removing tokens from slot 11
[14:57:04.431] [SEVERE ] removing card from slot 11
[14:57:04.540] [SEVERE ] removing tokens from slot 6
[14:57:04.540] [SEVERE ] removing card from slot 6
[14:57:04.650] [SEVERE ] removing tokens from slot 7
[14:57:04.650] [SEVERE ] removing card from slot 7
[14:57:04.713] [SEVERE ] setting player 3 freeze to 0
[14:57:04.713] [SEVERE ] setting player 4 freeze to 0
[14:57:04.761] [SEVERE ] removing tokens from slot 5
[14:57:04.761] [SEVERE ] removing card from slot 5
[14:57:04.761] [SEVERE ] updating countdown to 25000
[14:57:04.862] [SEVERE ] placing card 24 in slot 10
[14:57:04.966] [SEVERE ] placing card 67 in slot 0
[14:57:05.069] [SEVERE ] placing card 32 in slot 2
[14:57:05.178] [SEVERE ] placing card 28 in slot 3
[14:57:05.280] [SEVERE ] placing card 62 in slot 9
[14:57:05.391] [SEVERE ] placing card 13 in slot 8
[14:57:05.496] [SEVERE ] placing card 29 in slot 1
[14:57:05.604] [SEVERE ] placing card 31 in slot 4
[14:57:05.712] [SEVERE ] placing card 19 in slot 11
[14:57:05.727] [SEVERE ] player 3 placing token on slot 11
[14:57:05.730] [SEVERE ] player 4 placing token on slot 10
[14:57:05.814] [SEVERE ] placing card 53 in slot 6
[14:57:05.916] [SEVERE ] placing card 36 in slot 7
[14:57:06.026] [SEVERE ] placing card 66 in slot 5
[14:57:06.734] [SEVERE ] player 4 placing token on slot 11
[14:57:06.735] [SEVERE ] player 3 placing token on slot 0
[14:57:07.028] [SEVERE ] updating countdown to 24998
[14:57:07.746] [SEVERE ] removing player 4 token from slot 10
[14:57:07.747] [SEVERE ] player 3 placing token on slot 4
[14:57:08.030] [SEVERE ] updating countdown to 23996
[14:57:08.030] [SEVERE ] removing player 3 token from slot 11
[14:57:08.030] [SEVERE ] removing player 3 token from slot 0
[14:57:08.030] [SEVERE ] removing player 3 token from slot 4
[14:57:08.030] [SEVERE ] setting player 3 freeze to 3000
[14:57:08.759] [SEVERE ] player 4 placing token on slot 6
[14:57:09.035] [SEVERE ] updating countdown to 22991
[14:57:09.036] [SEVERE ] setting player 3 freeze to 2000
[14:57:09.768] [SEVERE ] player 4 placing token on slot 0
[14:57:10.049] [SEVERE ] setting player 3 freeze to 1000
[14:57:10.049] [SEVERE ] updating countdown to 21977
[14:57:10.049] [SEVERE ] removing player 4 token from slot 11
[14:57:10.049] [SEVERE ] removing player 4 token from slot 6
[14:57:10.049] [SEVERE ] removing player 4 token from slot 0
[14:57:10.049] [SEVERE ] setting player 4 freeze to 3000
[14:57:11.058] [SEVERE ] updating countdown to 20968
[14:57:11.058] [SEVERE ] setting player 4 freeze to 2000
[14:57:11.058] [SEVERE ] setting player 3 freeze to 0
[14:57:12.066] [SEVERE ] setting player 4 freeze to 1000
[14:57:12.066] [SEVERE ] updating countdown to 19960
[14:57:12.066] [SEVERE ] player 3 placing token on slot 7
[14:57:13.068] [SEVERE ] setting player 4 freeze to 0
[14:57:13.068] [SEVERE ] updating countdown to 18958
[14:57:13.068] [SEVERE ] player 3 placing token on slot 0
[14:57:14.083] [SEVERE ] updating countdown to 17943
[14:57:14.083] [SEVERE ] player 3 placing token on slot 1
[14:57:14.084] [SEVERE ] player 4 placing token on slot 9
[14:57:15.099] [SEVERE ] updating countdown to 16927
[14:57:15.099] [SEVERE ] player 4 placing token on slot 0
[14:57:15.099] [SEVERE ] removing player 3 token from slot 7
[14:57:15.099] [SEVERE ] removing player 3 token from slot 0
[14:57:15.100] [SEVERE ] removing player 3 token from slot 1
[14:57:15.100] [SEVERE ] setting player 3 freeze to 3000
[14:57:16.107] [SEVERE ] updating countdown to 15919
[14:57:16.107] [SEVERE ] setting player 3 freeze to 2000
[14:57:16.107] [SEVERE ] player 4 placing token on slot 10
[14:57:17.117] [SEVERE ] setting player 3 freeze to 1000
[14:57:17.117] [SEVERE ] updating countdown to 14909
[14:57:17.117] [SEVERE ] removing player 4 token from slot 9
[14:57:17.118] [SEVERE ] removing player 4 token from slot 0
[14:57:17.118] [SEVERE ] removing player 4 token from slot 10
[14:57:17.118] [SEVERE ] setting player 4 freeze to 3000
[14:57:18.121] [SEVERE ] setting player 4 freeze to 2000
[14:57:18.121] [SEVERE ] updating countdown to 13905
[14:57:18.121] [SEVERE ] setting player 3 freeze to 0
[14:57:19.123] [SEVERE ] updating countdown to 12903
[14:57:19.123] [SEVERE ] setting player 4 freeze to 1000
[14:57:19.123] [SEVERE ] player 3 placing token on slot 7
[14:57:20.135] [SEVERE ] updating countdown to 11891
[14:57:20.135] [SEVERE ] setting player 4 freeze to 0
[14:57:20.136] [SEVERE ] player 3 placing token on slot 5
[14:57:21.142] [SEVERE ] updating countdown to 10884
[14:57:21.142] [SEVERE ] player 3 placing token on slot 2
[14:57:21.143] [SEVERE ] player 4 placing token on slot 0
[14:57:22.154] [SEVERE ] updating countdown to 9872
[14:57:22.154] [SEVERE ] player 4 placing token on slot 3
[14:57:22.155] [SEVERE ] removing player 3 token from slot 7
[14:57:22.155] [SEVERE ] removing player 3 token from slot 5
[14:57:22.155] [SEVERE ] removing player 3 token from slot 2
[14:57:22.155] [SEVERE ] setting player 3 freeze to 3000
[14:57:23.160] [SEVERE ] setting player 3 freeze to 2000
[14:57:23.160] [SEVERE ] updating countdown to 8866
[14:57:23.160] [SEVERE ] removing player 4 token from slot 3
[14:57:24.167] [SEVERE ] updating countdown to 7859
[14:57:24.167] [SEVERE ] setting player 3 freeze to 1000
[14:57:24.167] [SEVERE ] player 4 placing token on slot 3
[14:57:25.170] [SEVERE ] updating countdown to 6856
[14:57:25.170] [SEVERE ] setting player 3 freeze to 0
[14:57:25.170] [SEVERE ] player 4 placing token on slot 7
[14:57:26.174] [SEVERE ] updating countdown to 5852
[14:57:26.175] [SEVERE ] player 3 placing token on slot 2
[14:57:26.175] [SEVERE ] removing player 4 token from slot 0
[14:57:26.175] [SEVERE ] removing player 4 token from slot 3
[14:57:26.175] [SEVERE ] removing player 4 token from slot 7
[14:57:26.175] [SEVERE ] setting player 4 freeze to 3000
