[16:07:48.339] [INFO   ] thread bguspl.set.Main.main() starting.
[16:07:48.348] [SEVERE ] cannot read configuration file config.properties trying from resources.
[16:07:48.348] [SEVERE ] configuration file was loaded from resources directory.
[16:07:48.826] [INFO   ] thread dealer starting.
[16:07:48.826] [INFO   ] thread dealer starting.
[16:07:48.826] [INFO   ] thread Thread-1 starting.
[16:07:48.826] [INFO   ] thread Thread-3 starting.
[16:07:48.826] [INFO   ] thread Thread-4 starting.
[16:07:48.826] [INFO   ] thread Thread-2 starting.
[16:07:48.833] [INFO   ] thread computer-2 starting.
[16:07:48.834] [INFO   ] thread computer-3 starting.
[16:07:48.839] [SEVERE ] updating countdown to 60000
[16:07:48.955] [SEVERE ] placing card 0 in slot 2
[16:07:49.066] [SEVERE ] placing card 74 in slot 11
[16:07:49.168] [SEVERE ] placing card 46 in slot 4
[16:07:49.277] [SEVERE ] placing card 42 in slot 1
[16:07:49.387] [SEVERE ] placing card 30 in slot 5
[16:07:49.497] [SEVERE ] placing card 26 in slot 8
[16:07:49.607] [SEVERE ] placing card 43 in slot 10
[16:07:49.710] [SEVERE ] placing card 35 in slot 0
[16:07:49.820] [SEVERE ] placing card 24 in slot 3
[16:07:49.841] [SEVERE ] player 3 placing token on slot 4
[16:07:49.842] [SEVERE ] player 4 placing token on slot 11
[16:07:49.923] [SEVERE ] placing card 63 in slot 7
[16:07:50.033] [SEVERE ] placing card 16 in slot 6
[16:07:50.143] [SEVERE ] placing card 36 in slot 9
[16:07:50.855] [SEVERE ] player 3 placing token on slot 6
[16:07:50.856] [SEVERE ] player 4 placing token on slot 9
[16:07:51.155] [SEVERE ] updating countdown to 59988
[16:07:51.856] [SEVERE ] player 3 placing token on slot 10
[16:07:51.871] [SEVERE ] player 4 placing token on slot 3
[16:07:52.170] [SEVERE ] updating countdown to 58973
[16:07:52.170] [SEVERE ] removing player 3 token from slot 4
[16:07:52.170] [SEVERE ] removing player 3 token from slot 6
[16:07:52.170] [SEVERE ] removing player 3 token from slot 10
[16:07:52.170] [SEVERE ] removing player 4 token from slot 11
[16:07:52.170] [SEVERE ] removing player 4 token from slot 9
[16:07:52.170] [SEVERE ] removing player 4 token from slot 3
[16:07:52.170] [SEVERE ] setting player 3 freeze to 3000
[16:07:52.170] [SEVERE ] setting player 4 freeze to 3000
[16:07:53.176] [SEVERE ] setting player 3 freeze to 2000
[16:07:53.176] [SEVERE ] updating countdown to 57967
[16:07:53.176] [SEVERE ] setting player 4 freeze to 2000
[16:07:54.181] [SEVERE ] setting player 4 freeze to 1000
[16:07:54.181] [SEVERE ] setting player 3 freeze to 1000
[16:07:54.181] [SEVERE ] updating countdown to 56962
[16:07:55.182] [SEVERE ] setting player 4 freeze to 0
[16:07:55.182] [SEVERE ] setting player 3 freeze to 0
[16:07:55.182] [SEVERE ] updating countdown to 55961
[16:07:56.195] [SEVERE ] player 4 placing token on slot 9
[16:07:56.195] [SEVERE ] updating countdown to 54948
[16:07:56.195] [SEVERE ] player 3 placing token on slot 7
[16:07:57.149] [SEVERE ] exit button pressed
[16:07:57.149] [INFO   ] thread Thread-2 terminated.
[16:07:57.149] [INFO   ] thread Thread-1 terminated.
[16:07:57.197] [SEVERE ] removing player 4 token from slot 9
[16:07:57.197] [SEVERE ] updating countdown to 53946
[16:07:57.197] [INFO   ] thread computer-3 terminated.
[16:07:57.198] [SEVERE ] player 3 placing token on slot 6
[16:07:57.198] [SEVERE ] updating countdown to 60000
[16:07:57.198] [INFO   ] thread computer-2 terminated.
[16:07:57.198] [INFO   ] thread Thread-4 terminated.
[16:07:57.198] [INFO   ] thread Thread-3 terminated.
[16:07:57.307] [SEVERE ] removing tokens from slot 2
[16:07:57.307] [SEVERE ] removing card from slot 2
[16:07:57.417] [SEVERE ] removing tokens from slot 11
[16:07:57.417] [SEVERE ] removing card from slot 11
[16:07:57.526] [SEVERE ] removing tokens from slot 4
[16:07:57.526] [SEVERE ] removing card from slot 4
[16:07:57.636] [SEVERE ] removing tokens from slot 1
[16:07:57.636] [SEVERE ] removing card from slot 1
[16:07:57.746] [SEVERE ] removing tokens from slot 5
[16:07:57.746] [SEVERE ] removing card from slot 5
[16:07:57.856] [SEVERE ] removing tokens from slot 8
[16:07:57.856] [SEVERE ] removing card from slot 8
[16:07:57.965] [SEVERE ] removing tokens from slot 10
[16:07:57.965] [SEVERE ] removing card from slot 10
[16:07:58.077] [SEVERE ] removing tokens from slot 0
[16:07:58.077] [SEVERE ] removing card from slot 0
[16:07:58.187] [SEVERE ] removing tokens from slot 3
[16:07:58.187] [SEVERE ] removing card from slot 3
[16:07:58.297] [SEVERE ] removing player 3 token from slot 7
[16:07:58.297] [SEVERE ] removing tokens from slot 7
[16:07:58.297] [SEVERE ] removing card from slot 7
[16:07:58.406] [SEVERE ] removing player 3 token from slot 6
[16:07:58.406] [SEVERE ] removing tokens from slot 6
[16:07:58.406] [SEVERE ] removing card from slot 6
[16:07:58.516] [SEVERE ] removing tokens from slot 9
[16:07:58.516] [SEVERE ] removing card from slot 9
[16:07:58.516] [SEVERE ] announcing winner(s): player 1, player 2, player 3, player 4
[16:07:58.516] [INFO   ] thread dealer terminated.
[16:07:58.516] [INFO   ] thread dealer terminated.
[16:07:58.516] [SEVERE ] thanks for playing... it was fun!
[16:07:58.516] [INFO   ] thread bguspl.set.Main.main() terminated.
