[15:44:27.287] [INFO   ] thread bguspl.set.Main.main() starting.
[15:44:27.287] [SEVERE ] cannot read configuration file config.properties trying from resources.
[15:44:27.287] [SEVERE ] configuration file was loaded from resources directory.
[15:44:27.755] [INFO   ] thread dealer starting.
[15:44:27.755] [INFO   ] thread dealer starting.
[15:44:27.755] [INFO   ] thread Thread-1 starting.
[15:44:27.755] [INFO   ] thread Thread-2 starting.
[15:44:27.755] [INFO   ] thread Thread-3 starting.
[15:44:27.755] [INFO   ] thread Thread-4 starting.
[15:44:27.759] [INFO   ] thread computer-3 starting.
[15:44:27.759] [INFO   ] thread computer-2 starting.
[15:44:27.764] [SEVERE ] updating countdown to 5000
[15:44:27.879] [SEVERE ] placing card 7 in slot 10
[15:44:27.989] [SEVERE ] placing card 49 in slot 9
[15:44:28.101] [SEVERE ] placing card 79 in slot 7
[15:44:28.211] [SEVERE ] placing card 47 in slot 4
[15:44:28.321] [SEVERE ] placing card 66 in slot 2
[15:44:28.431] [SEVERE ] placing card 55 in slot 8
[15:44:28.541] [SEVERE ] placing card 0 in slot 3
[15:44:28.651] [SEVERE ] placing card 8 in slot 1
[15:44:28.761] [SEVERE ] placing card 75 in slot 6
[15:44:28.761] [SEVERE ] player 4 placing token on slot 1
[15:44:28.762] [SEVERE ] player 3 placing token on slot 1
[15:44:28.872] [SEVERE ] placing card 68 in slot 11
[15:44:28.981] [SEVERE ] placing card 54 in slot 5
[15:44:29.095] [SEVERE ] placing card 34 in slot 0
[15:44:29.768] [SEVERE ] player 4 placing token on slot 5
[15:44:29.769] [SEVERE ] player 3 placing token on slot 9
[15:44:30.770] [SEVERE ] player 4 placing token on slot 3
[15:44:30.773] [SEVERE ] player 3 placing token on slot 3
[15:44:30.774] [SEVERE ] removing player 4 token from slot 1
[15:44:30.774] [SEVERE ] removing player 4 token from slot 5
[15:44:30.774] [SEVERE ] removing player 4 token from slot 3
[15:44:30.777] [SEVERE ] setting player 4 freeze to 3000
[15:44:30.777] [SEVERE ] removing player 3 token from slot 1
[15:44:30.777] [SEVERE ] removing player 3 token from slot 9
[15:44:30.778] [SEVERE ] removing player 3 token from slot 3
[15:44:30.778] [SEVERE ] setting player 3 freeze to 3000
[15:44:31.778] [SEVERE ] setting player 4 freeze to 2000
[15:44:31.789] [SEVERE ] setting player 3 freeze to 2000
[15:44:32.789] [SEVERE ] setting player 4 freeze to 1000
[15:44:32.801] [SEVERE ] setting player 3 freeze to 1000
[15:44:33.267] [SEVERE ] exit button pressed
[15:44:33.267] [INFO   ] thread Thread-2 terminated.
[15:44:33.267] [INFO   ] thread Thread-1 terminated.
[15:44:33.267] [SEVERE ] updating countdown to 5000
[15:44:33.372] [SEVERE ] removing tokens from slot 10
[15:44:33.372] [SEVERE ] removing card from slot 10
[15:44:33.476] [SEVERE ] removing tokens from slot 9
[15:44:33.476] [SEVERE ] removing card from slot 9
[15:44:33.586] [SEVERE ] removing tokens from slot 7
[15:44:33.586] [SEVERE ] removing card from slot 7
[15:44:33.697] [SEVERE ] removing tokens from slot 4
[15:44:33.697] [SEVERE ] removing card from slot 4
[15:44:33.791] [SEVERE ] setting player 4 freeze to 0
[15:44:33.806] [SEVERE ] removing tokens from slot 2
[15:44:33.806] [SEVERE ] removing card from slot 2
[15:44:33.806] [SEVERE ] setting player 3 freeze to 0
[15:44:33.917] [SEVERE ] removing tokens from slot 8
[15:44:33.917] [SEVERE ] removing card from slot 8
[15:44:34.026] [SEVERE ] removing tokens from slot 3
[15:44:34.026] [SEVERE ] removing card from slot 3
[15:44:34.136] [SEVERE ] removing tokens from slot 1
[15:44:34.136] [SEVERE ] removing card from slot 1
[15:44:34.245] [SEVERE ] removing tokens from slot 6
[15:44:34.245] [SEVERE ] removing card from slot 6
[15:44:34.355] [SEVERE ] removing tokens from slot 11
[15:44:34.355] [SEVERE ] removing card from slot 11
[15:44:34.465] [SEVERE ] removing tokens from slot 5
[15:44:34.465] [SEVERE ] removing card from slot 5
[15:44:34.574] [SEVERE ] removing tokens from slot 0
[15:44:34.574] [SEVERE ] removing card from slot 0
[15:44:34.574] [SEVERE ] announcing winner(s): player 1, player 2, player 3, player 4
[15:44:34.574] [INFO   ] thread dealer terminated.
[15:44:34.574] [INFO   ] thread dealer terminated.
[15:44:34.574] [SEVERE ] thanks for playing... it was fun!
[15:44:34.574] [INFO   ] thread bguspl.set.Main.main() terminated.
