[17:51:42.376] [INFO   ] thread bguspl.set.Main.main() starting.
[17:51:42.376] [SEVERE ] cannot read configuration file config.properties trying from resources.
[17:51:42.376] [SEVERE ] configuration file was loaded from resources directory.
[17:51:43.320] [INFO   ] thread dealer starting.
[17:51:43.320] [INFO   ] thread dealer starting.
[17:51:43.323] [INFO   ] thread Thread-1 starting.
[17:51:43.323] [INFO   ] thread Thread-2 starting.
[17:51:43.323] [INFO   ] thread Thread-3 starting.
[17:51:43.323] [INFO   ] thread Thread-4 starting.
[17:51:43.328] [INFO   ] thread computer-2 starting.
[17:51:43.328] [INFO   ] thread computer-3 starting.
[17:51:43.336] [SEVERE ] updating countdown to 11000
[17:51:43.464] [SEVERE ] placing card 0 in slot 6
[17:51:43.598] [SEVERE ] placing card 65 in slot 8
[17:51:43.709] [SEVERE ] placing card 76 in slot 1
[17:51:43.820] [SEVERE ] placing card 10 in slot 2
[17:51:43.931] [SEVERE ] placing card 43 in slot 3
[17:51:44.043] [SEVERE ] placing card 42 in slot 0
[17:51:44.154] [SEVERE ] placing card 12 in slot 5
[17:51:44.258] [SEVERE ] placing card 24 in slot 11
[17:51:44.369] [SEVERE ] placing card 34 in slot 10
[17:51:44.479] [SEVERE ] placing card 57 in slot 9
[17:51:44.589] [SEVERE ] placing card 20 in slot 7
[17:51:44.699] [SEVERE ] placing card 63 in slot 4
[17:51:45.341] [SEVERE ] player 3 placing token on slot 5
[17:51:45.343] [SEVERE ] player 3 placing token on slot 0
[17:51:45.343] [SEVERE ] player 3 placing token on slot 4
[17:51:45.343] [SEVERE ] player 4 placing token on slot 5
[17:51:45.343] [SEVERE ] player 4 placing token on slot 0
[17:51:45.343] [SEVERE ] player 4 placing token on slot 4
[17:51:45.704] [SEVERE ] updating countdown to 10995
[17:51:45.704] [SEVERE ] player 1 placing token on slot 5
[17:51:45.705] [SEVERE ] updating countdown to 11000
[17:51:45.705] [SEVERE ] player 1 placing token on slot 0
[17:51:45.705] [SEVERE ] player 2 placing token on slot 5
[17:51:45.706] [SEVERE ] player 2 placing token on slot 0
[17:51:45.706] [SEVERE ] player 2 placing token on slot 4
[17:51:45.707] [SEVERE ] player 1 placing token on slot 4
[17:51:45.816] [SEVERE ] removing player 1 token from slot 5
[17:51:45.816] [SEVERE ] removing player 2 token from slot 5
[17:51:45.816] [SEVERE ] removing player 3 token from slot 5
[17:51:45.816] [SEVERE ] removing player 4 token from slot 5
[17:51:45.816] [SEVERE ] removing tokens from slot 5
[17:51:45.816] [SEVERE ] removing card from slot 5
[17:51:45.926] [SEVERE ] removing player 1 token from slot 0
[17:51:45.926] [SEVERE ] removing player 2 token from slot 0
[17:51:45.926] [SEVERE ] removing player 3 token from slot 0
[17:51:45.926] [SEVERE ] removing player 4 token from slot 0
[17:51:45.926] [SEVERE ] removing tokens from slot 0
[17:51:45.926] [SEVERE ] removing card from slot 0
[17:51:46.036] [SEVERE ] removing player 1 token from slot 4
[17:51:46.036] [SEVERE ] removing player 2 token from slot 4
[17:51:46.036] [SEVERE ] removing player 3 token from slot 4
[17:51:46.036] [SEVERE ] removing player 4 token from slot 4
[17:51:46.036] [SEVERE ] removing tokens from slot 4
[17:51:46.036] [SEVERE ] removing card from slot 4
[17:51:46.036] [SEVERE ] setting player 3 score to 1
[17:51:46.036] [SEVERE ] setting player 3 freeze to 1000
[17:51:46.141] [SEVERE ] placing card 35 in slot 0
[17:51:46.244] [SEVERE ] placing card 71 in slot 5
[17:51:46.354] [SEVERE ] placing card 58 in slot 4
[17:51:47.043] [SEVERE ] setting player 3 freeze to 0
[17:51:47.043] [SEVERE ] player 4 placing token on slot 10
[17:51:47.043] [SEVERE ] updating countdown to 11000
[17:51:47.043] [SEVERE ] player 1 placing token on slot 6
[17:51:47.044] [SEVERE ] player 1 placing token on slot 0
[17:51:47.044] [SEVERE ] player 1 placing token on slot 4
[17:51:47.044] [SEVERE ] player 2 placing token on slot 6
[17:51:47.044] [SEVERE ] player 2 placing token on slot 0
[17:51:47.044] [SEVERE ] player 2 placing token on slot 4
[17:51:47.358] [SEVERE ] updating countdown to 10685
[17:51:47.358] [SEVERE ] updating countdown to 11000
[17:51:47.473] [SEVERE ] removing player 1 token from slot 6
[17:51:47.473] [SEVERE ] removing player 2 token from slot 6
[17:51:47.473] [SEVERE ] removing tokens from slot 6
[17:51:47.473] [SEVERE ] removing card from slot 6
[17:51:47.583] [SEVERE ] removing player 1 token from slot 0
[17:51:47.583] [SEVERE ] removing player 2 token from slot 0
[17:51:47.583] [SEVERE ] removing tokens from slot 0
[17:51:47.583] [SEVERE ] removing card from slot 0
[17:51:47.693] [SEVERE ] removing player 1 token from slot 4
[17:51:47.693] [SEVERE ] removing player 2 token from slot 4
[17:51:47.693] [SEVERE ] removing tokens from slot 4
[17:51:47.693] [SEVERE ] removing card from slot 4
[17:51:47.697] [SEVERE ] setting player 1 score to 1
[17:51:47.697] [SEVERE ] setting player 1 freeze to 1000
[17:51:47.801] [SEVERE ] placing card 15 in slot 6
[17:51:47.912] [SEVERE ] placing card 48 in slot 0
[17:51:48.020] [SEVERE ] placing card 45 in slot 4
[17:51:48.056] [SEVERE ] player 3 placing token on slot 11
[17:51:48.056] [SEVERE ] player 4 placing token on slot 2
[17:51:48.056] [SEVERE ] removing player 4 token from slot 10
[17:51:48.056] [SEVERE ] player 4 placing token on slot 1
[17:51:48.712] [SEVERE ] setting player 1 freeze to 0
[17:51:48.713] [SEVERE ] updating countdown to 11000
[17:51:48.713] [SEVERE ] player 2 placing token on slot 2
[17:51:48.713] [SEVERE ] player 2 placing token on slot 10
[17:51:48.713] [SEVERE ] player 2 placing token on slot 1
[17:51:49.021] [SEVERE ] updating countdown to 10692
[17:51:49.021] [SEVERE ] updating countdown to 11000
[17:51:49.068] [SEVERE ] player 4 placing token on slot 4
[17:51:49.069] [SEVERE ] player 3 placing token on slot 2
[17:51:49.069] [SEVERE ] player 3 placing token on slot 10
[17:51:49.132] [SEVERE ] removing player 2 token from slot 2
[17:51:49.132] [SEVERE ] removing player 3 token from slot 2
[17:51:49.132] [SEVERE ] removing player 4 token from slot 2
[17:51:49.132] [SEVERE ] removing tokens from slot 2
[17:51:49.132] [SEVERE ] removing card from slot 2
[17:51:49.242] [SEVERE ] removing player 2 token from slot 10
[17:51:49.242] [SEVERE ] removing player 3 token from slot 10
[17:51:49.242] [SEVERE ] removing tokens from slot 10
[17:51:49.242] [SEVERE ] removing card from slot 10
[17:51:49.352] [SEVERE ] removing player 2 token from slot 1
[17:51:49.352] [SEVERE ] removing player 4 token from slot 1
[17:51:49.352] [SEVERE ] removing tokens from slot 1
[17:51:49.352] [SEVERE ] removing card from slot 1
[17:51:49.353] [SEVERE ] setting player 2 score to 1
[17:51:49.353] [SEVERE ] setting player 2 freeze to 1000
[17:51:49.460] [SEVERE ] placing card 29 in slot 1
[17:51:49.570] [SEVERE ] placing card 70 in slot 2
[17:51:49.680] [SEVERE ] placing card 44 in slot 10
[17:51:49.727] [SEVERE ] player 1 placing token on slot 1
[17:51:49.727] [SEVERE ] player 1 placing token on slot 3
[17:51:49.727] [SEVERE ] player 1 placing token on slot 0
[17:51:50.073] [SEVERE ] player 4 placing token on slot 1
[17:51:50.073] [SEVERE ] player 4 placing token on slot 3
[17:51:50.356] [SEVERE ] setting player 2 freeze to 0
[17:51:50.356] [SEVERE ] player 3 placing token on slot 8
[17:51:50.356] [SEVERE ] updating countdown to 11000
[17:51:50.670] [SEVERE ] exit button pressed
[17:51:50.686] [SEVERE ] updating countdown to 10670
[17:51:50.686] [SEVERE ] updating countdown to 11000
[17:51:50.796] [SEVERE ] removing player 1 token from slot 1
[17:51:50.796] [SEVERE ] removing player 4 token from slot 1
[17:51:50.796] [SEVERE ] removing tokens from slot 1
[17:51:50.796] [SEVERE ] removing card from slot 1
[17:51:50.906] [SEVERE ] removing player 1 token from slot 3
[17:51:50.906] [SEVERE ] removing player 4 token from slot 3
[17:51:50.906] [SEVERE ] removing tokens from slot 3
[17:51:50.906] [SEVERE ] removing card from slot 3
[17:51:51.016] [SEVERE ] removing player 1 token from slot 0
[17:51:51.016] [SEVERE ] removing tokens from slot 0
[17:51:51.016] [SEVERE ] removing card from slot 0
[17:51:51.016] [SEVERE ] setting player 1 score to 2
[17:51:51.016] [SEVERE ] setting player 1 freeze to 1000
[17:51:51.119] [SEVERE ] placing card 37 in slot 1
[17:51:51.229] [SEVERE ] placing card 56 in slot 3
[17:51:51.339] [SEVERE ] placing card 17 in slot 0
[17:51:51.339] [SEVERE ] updating countdown to 11000
[17:51:51.450] [SEVERE ] removing tokens from slot 6
[17:51:51.450] [SEVERE ] removing card from slot 6
[17:51:51.560] [SEVERE ] removing player 3 token from slot 8
[17:51:51.560] [SEVERE ] removing tokens from slot 8
[17:51:51.560] [SEVERE ] removing card from slot 8
[17:51:51.670] [SEVERE ] removing tokens from slot 1
[17:51:51.670] [SEVERE ] removing card from slot 1
[17:51:51.779] [SEVERE ] removing tokens from slot 2
[17:51:51.779] [SEVERE ] removing card from slot 2
[17:51:51.889] [SEVERE ] removing tokens from slot 3
[17:51:51.889] [SEVERE ] removing card from slot 3
[17:51:51.999] [SEVERE ] removing tokens from slot 0
[17:51:51.999] [SEVERE ] removing card from slot 0
[17:51:52.030] [SEVERE ] setting player 1 freeze to 0
[17:51:52.030] [SEVERE ] updating countdown to 11000
[17:51:52.030] [INFO   ] thread Thread-1 terminated.
[17:51:52.109] [SEVERE ] removing tokens from slot 5
[17:51:52.109] [SEVERE ] removing card from slot 5
[17:51:52.219] [SEVERE ] removing player 3 token from slot 11
[17:51:52.219] [SEVERE ] removing tokens from slot 11
[17:51:52.219] [SEVERE ] removing card from slot 11
[17:51:52.328] [SEVERE ] removing tokens from slot 10
[17:51:52.328] [SEVERE ] removing card from slot 10
[17:51:52.438] [SEVERE ] removing tokens from slot 9
[17:51:52.438] [SEVERE ] removing card from slot 9
[17:51:52.547] [SEVERE ] removing tokens from slot 7
[17:51:52.547] [SEVERE ] removing card from slot 7
[17:51:52.657] [SEVERE ] removing player 4 token from slot 4
[17:51:52.657] [SEVERE ] removing tokens from slot 4
[17:51:52.657] [SEVERE ] removing card from slot 4
[17:51:52.660] [SEVERE ] announcing winner(s): player 1
[17:51:52.660] [INFO   ] thread dealer terminated.
[17:51:52.660] [INFO   ] thread dealer terminated.
[17:51:52.660] [SEVERE ] thanks for playing... it was fun!
[17:51:52.660] [INFO   ] thread bguspl.set.Main.main() terminated.
