[17:39:39.147] [INFO   ] thread bguspl.set.Main.main() starting.
[17:39:39.162] [SEVERE ] cannot read configuration file config.properties trying from resources.
[17:39:39.162] [SEVERE ] configuration file was loaded from resources directory.
[17:39:40.022] [INFO   ] thread dealer starting.
[17:39:40.022] [INFO   ] thread dealer starting.
[17:39:40.026] [INFO   ] thread Thread-1 starting.
[17:39:40.026] [INFO   ] thread Thread-2 starting.
[17:39:40.026] [INFO   ] thread Thread-3 starting.
[17:39:40.026] [INFO   ] thread Thread-4 starting.
[17:39:40.030] [INFO   ] thread computer-2 starting.
[17:39:40.030] [INFO   ] thread computer-3 starting.
[17:39:40.030] [SEVERE ] updating countdown to 11000
[17:39:40.138] [SEVERE ] placing card 43 in slot 6
[17:39:40.293] [SEVERE ] placing card 28 in slot 5
[17:39:40.406] [SEVERE ] placing card 71 in slot 10
[17:39:40.515] [SEVERE ] placing card 44 in slot 4
[17:39:40.629] [SEVERE ] placing card 62 in slot 2
[17:39:40.737] [SEVERE ] placing card 69 in slot 1
[17:39:40.848] [SEVERE ] placing card 18 in slot 11
[17:39:40.956] [SEVERE ] placing card 47 in slot 3
[17:39:41.067] [SEVERE ] placing card 26 in slot 9
[17:39:41.178] [SEVERE ] placing card 20 in slot 7
[17:39:41.288] [SEVERE ] placing card 39 in slot 0
[17:39:41.398] [SEVERE ] placing card 15 in slot 8
[17:39:42.044] [SEVERE ] player 1 placing token on slot 9
[17:39:42.044] [SEVERE ] player 1 placing token on slot 4
[17:39:42.044] [SEVERE ] player 1 placing token on slot 2
[17:39:42.044] [SEVERE ] player 2 placing token on slot 9
[17:39:42.044] [SEVERE ] player 2 placing token on slot 4
[17:39:42.044] [SEVERE ] player 2 placing token on slot 2
[17:39:42.407] [SEVERE ] updating countdown to 9991
[17:39:42.407] [SEVERE ] updating countdown to 11000
[17:39:42.516] [SEVERE ] removing player 1 token from slot 9
[17:39:42.516] [SEVERE ] removing player 2 token from slot 9
[17:39:42.516] [SEVERE ] removing tokens from slot 9
[17:39:42.516] [SEVERE ] removing card from slot 9
[17:39:42.626] [SEVERE ] removing player 1 token from slot 4
[17:39:42.626] [SEVERE ] removing player 2 token from slot 4
[17:39:42.626] [SEVERE ] removing tokens from slot 4
[17:39:42.626] [SEVERE ] removing card from slot 4
[17:39:42.735] [SEVERE ] removing player 1 token from slot 2
[17:39:42.735] [SEVERE ] removing player 2 token from slot 2
[17:39:42.735] [SEVERE ] removing tokens from slot 2
[17:39:42.735] [SEVERE ] removing card from slot 2
[17:39:42.740] [SEVERE ] setting player 1 score to 1
[17:39:42.740] [SEVERE ] setting player 1 freeze to 1000
[17:39:42.862] [SEVERE ] placing card 10 in slot 4
[17:39:42.971] [SEVERE ] placing card 64 in slot 2
[17:39:43.081] [SEVERE ] placing card 5 in slot 9
[17:39:43.743] [SEVERE ] player 2 placing token on slot 4
[17:39:43.743] [SEVERE ] setting player 1 freeze to 0
[17:39:43.743] [SEVERE ] player 2 placing token on slot 0
[17:39:43.743] [SEVERE ] player 2 placing token on slot 10
[17:39:44.042] [SEVERE ] player 3 placing token on slot 6
[17:39:44.043] [SEVERE ] player 4 placing token on slot 0
[17:39:44.090] [SEVERE ] updating countdown to 9317
[17:39:44.090] [SEVERE ] updating countdown to 11000
[17:39:44.200] [SEVERE ] removing player 2 token from slot 4
[17:39:44.200] [SEVERE ] removing tokens from slot 4
[17:39:44.200] [SEVERE ] removing card from slot 4
[17:39:44.310] [SEVERE ] removing player 2 token from slot 0
[17:39:44.310] [SEVERE ] removing player 4 token from slot 0
[17:39:44.310] [SEVERE ] removing tokens from slot 0
[17:39:44.310] [SEVERE ] removing card from slot 0
[17:39:44.421] [SEVERE ] removing player 2 token from slot 10
[17:39:44.421] [SEVERE ] removing tokens from slot 10
[17:39:44.421] [SEVERE ] removing card from slot 10
[17:39:44.422] [SEVERE ] setting player 2 score to 1
[17:39:44.422] [SEVERE ] setting player 2 freeze to 1000
[17:39:44.538] [SEVERE ] placing card 51 in slot 10
[17:39:44.649] [SEVERE ] placing card 35 in slot 4
[17:39:44.758] [SEVERE ] placing card 46 in slot 0
[17:39:44.758] [SEVERE ] player 1 placing token on slot 9
[17:39:44.760] [SEVERE ] player 1 placing token on slot 10
[17:39:44.760] [SEVERE ] player 1 placing token on slot 2
[17:39:45.058] [SEVERE ] player 4 placing token on slot 9
[17:39:45.058] [SEVERE ] player 4 placing token on slot 0
[17:39:45.059] [SEVERE ] player 3 placing token on slot 9
[17:39:45.060] [SEVERE ] player 3 placing token on slot 0
[17:39:45.060] [SEVERE ] player 4 placing token on slot 1
[17:39:45.438] [SEVERE ] setting player 2 freeze to 0
[17:39:45.769] [SEVERE ] updating countdown to 9321
[17:39:45.769] [SEVERE ] updating countdown to 11000
[17:39:45.879] [SEVERE ] removing player 1 token from slot 9
[17:39:45.879] [SEVERE ] removing player 3 token from slot 9
[17:39:45.879] [SEVERE ] removing player 4 token from slot 9
[17:39:45.879] [SEVERE ] removing tokens from slot 9
[17:39:45.879] [SEVERE ] removing card from slot 9
[17:39:45.989] [SEVERE ] removing player 1 token from slot 10
[17:39:45.989] [SEVERE ] removing tokens from slot 10
[17:39:45.989] [SEVERE ] removing card from slot 10
[17:39:46.099] [SEVERE ] removing player 1 token from slot 2
[17:39:46.099] [SEVERE ] removing tokens from slot 2
[17:39:46.099] [SEVERE ] removing card from slot 2
[17:39:46.099] [SEVERE ] setting player 1 score to 2
[17:39:46.099] [SEVERE ] setting player 1 freeze to 1000
[17:39:46.220] [SEVERE ] placing card 30 in slot 10
[17:39:46.332] [SEVERE ] placing card 2 in slot 2
[17:39:46.442] [SEVERE ] placing card 29 in slot 9
[17:39:46.442] [SEVERE ] player 2 placing token on slot 11
[17:39:46.442] [SEVERE ] player 2 placing token on slot 10
[17:39:46.442] [SEVERE ] player 2 placing token on slot 1
[17:39:47.102] [SEVERE ] setting player 1 freeze to 0
[17:39:47.449] [SEVERE ] updating countdown to 9320
[17:39:47.449] [SEVERE ] updating countdown to 11000
[17:39:47.552] [SEVERE ] removing player 2 token from slot 11
[17:39:47.552] [SEVERE ] removing tokens from slot 11
[17:39:47.552] [SEVERE ] removing card from slot 11
[17:39:47.665] [SEVERE ] removing player 2 token from slot 10
[17:39:47.665] [SEVERE ] removing tokens from slot 10
[17:39:47.665] [SEVERE ] removing card from slot 10
[17:39:47.774] [SEVERE ] removing player 2 token from slot 1
[17:39:47.774] [SEVERE ] removing player 4 token from slot 1
[17:39:47.774] [SEVERE ] removing tokens from slot 1
[17:39:47.774] [SEVERE ] removing card from slot 1
[17:39:47.774] [SEVERE ] setting player 2 score to 2
[17:39:47.774] [SEVERE ] setting player 2 freeze to 1000
[17:39:47.888] [SEVERE ] placing card 19 in slot 10
[17:39:47.998] [SEVERE ] placing card 7 in slot 1
[17:39:48.108] [SEVERE ] placing card 48 in slot 11
[17:39:48.108] [SEVERE ] player 1 placing token on slot 9
[17:39:48.108] [SEVERE ] player 1 placing token on slot 6
[17:39:48.108] [SEVERE ] player 1 placing token on slot 11
[17:39:48.784] [SEVERE ] setting player 2 freeze to 0
[17:39:49.115] [SEVERE ] updating countdown to 9334
[17:39:49.115] [SEVERE ] updating countdown to 11000
[17:39:49.225] [SEVERE ] removing player 1 token from slot 9
[17:39:49.225] [SEVERE ] removing tokens from slot 9
[17:39:49.225] [SEVERE ] removing card from slot 9
[17:39:49.335] [SEVERE ] removing player 1 token from slot 6
[17:39:49.335] [SEVERE ] removing player 3 token from slot 6
[17:39:49.335] [SEVERE ] removing tokens from slot 6
[17:39:49.335] [SEVERE ] removing card from slot 6
[17:39:49.445] [SEVERE ] removing player 1 token from slot 11
[17:39:49.445] [SEVERE ] removing tokens from slot 11
[17:39:49.445] [SEVERE ] removing card from slot 11
[17:39:49.445] [SEVERE ] setting player 1 score to 3
[17:39:49.445] [SEVERE ] setting player 1 freeze to 1000
[17:39:49.559] [SEVERE ] placing card 59 in slot 6
[17:39:49.669] [SEVERE ] placing card 21 in slot 11
[17:39:49.779] [SEVERE ] placing card 24 in slot 9
[17:39:49.795] [SEVERE ] player 2 placing token on slot 8
[17:39:49.795] [SEVERE ] player 2 placing token on slot 0
[17:39:49.795] [SEVERE ] player 2 placing token on slot 6
[17:39:50.109] [SEVERE ] player 4 placing token on slot 6
[17:39:50.110] [SEVERE ] player 3 placing token on slot 1
[17:39:50.457] [SEVERE ] setting player 1 freeze to 0
[17:39:50.788] [SEVERE ] updating countdown to 9327
[17:39:50.788] [SEVERE ] updating countdown to 11000
[17:39:50.899] [SEVERE ] removing player 2 token from slot 8
[17:39:50.899] [SEVERE ] removing tokens from slot 8
[17:39:50.899] [SEVERE ] removing card from slot 8
[17:39:51.011] [SEVERE ] removing player 2 token from slot 0
[17:39:51.011] [SEVERE ] removing player 3 token from slot 0
[17:39:51.011] [SEVERE ] removing player 4 token from slot 0
[17:39:51.011] [SEVERE ] removing tokens from slot 0
[17:39:51.011] [SEVERE ] removing card from slot 0
[17:39:51.125] [SEVERE ] removing player 2 token from slot 6
[17:39:51.125] [SEVERE ] removing player 4 token from slot 6
[17:39:51.125] [SEVERE ] removing tokens from slot 6
[17:39:51.125] [SEVERE ] player 4 placing token on slot 2
[17:39:51.125] [SEVERE ] removing card from slot 6
[17:39:51.125] [SEVERE ] player 4 placing token on slot 4
[17:39:51.126] [SEVERE ] setting player 2 score to 3
[17:39:51.126] [SEVERE ] player 3 placing token on slot 2
[17:39:51.126] [SEVERE ] setting player 2 freeze to 1000
[17:39:51.126] [SEVERE ] player 3 placing token on slot 4
[17:39:51.237] [SEVERE ] placing card 3 in slot 6
[17:39:51.347] [SEVERE ] placing card 22 in slot 0
[17:39:51.458] [SEVERE ] placing card 14 in slot 8
[17:39:51.458] [SEVERE ] player 1 placing token on slot 6
[17:39:51.458] [SEVERE ] player 1 placing token on slot 8
[17:39:51.458] [SEVERE ] player 1 placing token on slot 0
[17:39:52.134] [SEVERE ] setting player 2 freeze to 0
[17:39:52.464] [SEVERE ] updating countdown to 9324
[17:39:52.464] [SEVERE ] updating countdown to 9324
[17:39:52.464] [SEVERE ] removing player 3 token from slot 1
[17:39:52.464] [SEVERE ] removing player 3 token from slot 2
[17:39:52.464] [SEVERE ] removing player 3 token from slot 4
[17:39:52.464] [SEVERE ] updating countdown to 11000
[17:39:52.464] [SEVERE ] setting player 3 freeze to 3000
[17:39:52.574] [SEVERE ] removing player 1 token from slot 6
[17:39:52.574] [SEVERE ] removing tokens from slot 6
[17:39:52.574] [SEVERE ] removing card from slot 6
[17:39:52.684] [SEVERE ] removing player 1 token from slot 8
[17:39:52.684] [SEVERE ] removing tokens from slot 8
[17:39:52.684] [SEVERE ] removing card from slot 8
[17:39:52.795] [SEVERE ] removing player 1 token from slot 0
[17:39:52.795] [SEVERE ] removing tokens from slot 0
[17:39:52.795] [SEVERE ] removing card from slot 0
[17:39:52.796] [SEVERE ] setting player 1 score to 4
[17:39:52.796] [SEVERE ] setting player 1 freeze to 1000
[17:39:52.910] [SEVERE ] placing card 9 in slot 6
[17:39:53.020] [SEVERE ] placing card 58 in slot 0
[17:39:53.130] [SEVERE ] placing card 42 in slot 8
[17:39:53.146] [SEVERE ] player 2 placing token on slot 1
[17:39:53.146] [SEVERE ] player 2 placing token on slot 5
[17:39:53.146] [SEVERE ] player 2 placing token on slot 0
[17:39:53.470] [SEVERE ] setting player 3 freeze to 2000
[17:39:53.801] [SEVERE ] setting player 1 freeze to 0
[17:39:54.133] [SEVERE ] updating countdown to 9331
[17:39:54.133] [SEVERE ] updating countdown to 11000
[17:39:54.243] [SEVERE ] removing player 2 token from slot 1
[17:39:54.243] [SEVERE ] removing tokens from slot 1
[17:39:54.243] [SEVERE ] removing card from slot 1
[17:39:54.353] [SEVERE ] removing player 2 token from slot 5
[17:39:54.353] [SEVERE ] removing tokens from slot 5
[17:39:54.353] [SEVERE ] removing card from slot 5
[17:39:54.465] [SEVERE ] removing player 2 token from slot 0
[17:39:54.465] [SEVERE ] removing tokens from slot 0
[17:39:54.465] [SEVERE ] removing card from slot 0
[17:39:54.465] [SEVERE ] setting player 2 score to 4
[17:39:54.465] [SEVERE ] setting player 2 freeze to 1000
[17:39:54.480] [SEVERE ] setting player 3 freeze to 1000
[17:39:54.578] [SEVERE ] placing card 40 in slot 5
[17:39:54.688] [SEVERE ] placing card 17 in slot 1
[17:39:54.798] [SEVERE ] placing card 52 in slot 0
[17:39:54.813] [SEVERE ] player 1 placing token on slot 4
[17:39:54.813] [SEVERE ] player 1 placing token on slot 8
[17:39:54.813] [SEVERE ] player 1 placing token on slot 0
[17:39:55.129] [SEVERE ] removing player 4 token from slot 2
[17:39:55.476] [SEVERE ] setting player 2 freeze to 0
[17:39:55.492] [SEVERE ] setting player 3 freeze to 0
[17:39:55.806] [SEVERE ] updating countdown to 9327
[17:39:55.806] [SEVERE ] updating countdown to 11000
[17:39:55.916] [SEVERE ] removing player 1 token from slot 4
[17:39:55.916] [SEVERE ] removing player 4 token from slot 4
[17:39:55.916] [SEVERE ] removing tokens from slot 4
[17:39:55.916] [SEVERE ] removing card from slot 4
[17:39:56.027] [SEVERE ] removing player 1 token from slot 8
[17:39:56.027] [SEVERE ] removing tokens from slot 8
[17:39:56.027] [SEVERE ] removing card from slot 8
[17:39:56.138] [SEVERE ] removing player 1 token from slot 0
[17:39:56.138] [SEVERE ] removing tokens from slot 0
[17:39:56.138] [SEVERE ] removing card from slot 0
[17:39:56.138] [SEVERE ] player 4 placing token on slot 2
[17:39:56.138] [SEVERE ] player 4 placing token on slot 6
[17:39:56.138] [SEVERE ] player 4 placing token on slot 10
[17:39:56.139] [SEVERE ] updating countdown to 11000
[17:39:56.139] [SEVERE ] setting player 1 score to 5
[17:39:56.139] [SEVERE ] setting player 1 freeze to 1000
[17:39:56.249] [SEVERE ] removing player 4 token from slot 2
[17:39:56.249] [SEVERE ] removing tokens from slot 2
[17:39:56.249] [SEVERE ] removing card from slot 2
[17:39:56.361] [SEVERE ] removing player 4 token from slot 6
[17:39:56.361] [SEVERE ] removing tokens from slot 6
[17:39:56.361] [SEVERE ] removing card from slot 6
[17:39:56.472] [SEVERE ] removing player 4 token from slot 10
[17:39:56.472] [SEVERE ] removing tokens from slot 10
[17:39:56.472] [SEVERE ] removing card from slot 10
[17:39:56.472] [SEVERE ] setting player 4 score to 1
[17:39:56.472] [SEVERE ] setting player 4 freeze to 1000
[17:39:56.573] [SEVERE ] placing card 45 in slot 6
[17:39:56.683] [SEVERE ] placing card 31 in slot 10
[17:39:56.794] [SEVERE ] placing card 61 in slot 4
[17:39:56.903] [SEVERE ] placing card 79 in slot 2
[17:39:57.014] [SEVERE ] placing card 11 in slot 0
[17:39:57.125] [SEVERE ] placing card 49 in slot 8
[17:39:57.141] [SEVERE ] setting player 1 freeze to 0
[17:39:57.486] [SEVERE ] setting player 4 freeze to 0
[17:39:57.502] [SEVERE ] player 2 placing token on slot 11
[17:39:57.502] [SEVERE ] player 2 placing token on slot 3
[17:39:57.502] [SEVERE ] player 2 placing token on slot 2
[17:39:58.131] [SEVERE ] updating countdown to 9008
[17:39:58.131] [SEVERE ] updating countdown to 11000
[17:39:58.147] [SEVERE ] player 1 placing token on slot 11
[17:39:58.147] [SEVERE ] player 1 placing token on slot 3
[17:39:58.147] [SEVERE ] player 1 placing token on slot 2
[17:39:58.242] [SEVERE ] removing player 1 token from slot 11
[17:39:58.242] [SEVERE ] removing player 2 token from slot 11
[17:39:58.242] [SEVERE ] removing tokens from slot 11
[17:39:58.242] [SEVERE ] removing card from slot 11
[17:39:58.352] [SEVERE ] removing player 1 token from slot 3
[17:39:58.352] [SEVERE ] removing player 2 token from slot 3
[17:39:58.352] [SEVERE ] removing tokens from slot 3
[17:39:58.352] [SEVERE ] removing card from slot 3
[17:39:58.463] [SEVERE ] removing player 1 token from slot 2
[17:39:58.463] [SEVERE ] removing player 2 token from slot 2
[17:39:58.464] [SEVERE ] removing tokens from slot 2
[17:39:58.464] [SEVERE ] removing card from slot 2
[17:39:58.464] [SEVERE ] setting player 2 score to 5
[17:39:58.464] [SEVERE ] setting player 2 freeze to 1000
[17:39:58.571] [SEVERE ] placing card 53 in slot 2
[17:39:58.682] [SEVERE ] placing card 57 in slot 11
[17:39:58.791] [SEVERE ] placing card 77 in slot 3
[17:39:59.469] [SEVERE ] setting player 2 freeze to 0
[17:39:59.469] [SEVERE ] player 1 placing token on slot 7
[17:39:59.469] [SEVERE ] player 1 placing token on slot 2
[17:39:59.469] [SEVERE ] player 1 placing token on slot 3
[17:39:59.500] [SEVERE ] player 3 placing token on slot 8
[17:39:59.799] [SEVERE ] updating countdown to 9332
[17:39:59.799] [SEVERE ] updating countdown to 11000
[17:39:59.909] [SEVERE ] removing player 1 token from slot 7
[17:39:59.909] [SEVERE ] removing tokens from slot 7
[17:39:59.909] [SEVERE ] removing card from slot 7
[17:40:00.020] [SEVERE ] removing player 1 token from slot 2
[17:40:00.020] [SEVERE ] removing tokens from slot 2
[17:40:00.020] [SEVERE ] removing card from slot 2
[17:40:00.130] [SEVERE ] removing player 1 token from slot 3
[17:40:00.130] [SEVERE ] removing tokens from slot 3
[17:40:00.130] [SEVERE ] removing card from slot 3
[17:40:00.131] [SEVERE ] setting player 1 score to 6
[17:40:00.132] [SEVERE ] setting player 1 freeze to 1000
[17:40:00.243] [SEVERE ] placing card 27 in slot 2
[17:40:00.353] [SEVERE ] placing card 66 in slot 3
[17:40:00.463] [SEVERE ] placing card 56 in slot 7
[17:40:00.479] [SEVERE ] player 2 placing token on slot 9
[17:40:00.479] [SEVERE ] player 2 placing token on slot 2
[17:40:00.479] [SEVERE ] player 2 placing token on slot 3
[17:40:00.511] [SEVERE ] player 3 placing token on slot 9
[17:40:00.511] [SEVERE ] player 3 placing token on slot 2
[17:40:01.139] [SEVERE ] setting player 1 freeze to 0
[17:40:01.470] [SEVERE ] updating countdown to 9329
[17:40:01.470] [SEVERE ] updating countdown to 11000
[17:40:01.501] [SEVERE ] player 4 placing token on slot 11
[17:40:01.580] [SEVERE ] removing player 2 token from slot 9
[17:40:01.580] [SEVERE ] removing player 3 token from slot 9
[17:40:01.580] [SEVERE ] removing tokens from slot 9
[17:40:01.580] [SEVERE ] removing card from slot 9
[17:40:01.692] [SEVERE ] removing player 2 token from slot 2
[17:40:01.692] [SEVERE ] removing player 3 token from slot 2
[17:40:01.692] [SEVERE ] removing tokens from slot 2
[17:40:01.692] [SEVERE ] removing card from slot 2
[17:40:01.802] [SEVERE ] removing player 2 token from slot 3
[17:40:01.802] [SEVERE ] removing tokens from slot 3
[17:40:01.802] [SEVERE ] removing card from slot 3
[17:40:01.802] [SEVERE ] setting player 2 score to 6
[17:40:01.802] [SEVERE ] setting player 2 freeze to 1000
[17:40:01.920] [SEVERE ] placing card 4 in slot 2
[17:40:02.031] [SEVERE ] placing card 16 in slot 3
[17:40:02.142] [SEVERE ] placing card 8 in slot 9
[17:40:02.142] [SEVERE ] player 1 placing token on slot 7
[17:40:02.142] [SEVERE ] player 1 placing token on slot 11
[17:40:02.142] [SEVERE ] player 1 placing token on slot 4
[17:40:02.504] [SEVERE ] player 4 placing token on slot 7
[17:40:02.504] [SEVERE ] removing player 4 token from slot 11
[17:40:02.504] [SEVERE ] player 4 placing token on slot 4
[17:40:02.817] [SEVERE ] setting player 2 freeze to 0
[17:40:03.149] [SEVERE ] updating countdown to 9321
[17:40:03.149] [SEVERE ] updating countdown to 11000
[17:40:03.259] [SEVERE ] removing player 1 token from slot 7
[17:40:03.259] [SEVERE ] removing player 4 token from slot 7
[17:40:03.259] [SEVERE ] removing tokens from slot 7
[17:40:03.259] [SEVERE ] removing card from slot 7
[17:40:03.370] [SEVERE ] removing player 1 token from slot 11
[17:40:03.370] [SEVERE ] removing tokens from slot 11
[17:40:03.370] [SEVERE ] removing card from slot 11
[17:40:03.480] [SEVERE ] removing player 1 token from slot 4
[17:40:03.480] [SEVERE ] removing player 4 token from slot 4
[17:40:03.480] [SEVERE ] removing tokens from slot 4
[17:40:03.480] [SEVERE ] removing card from slot 4
[17:40:03.480] [SEVERE ] setting player 1 score to 7
[17:40:03.480] [SEVERE ] setting player 1 freeze to 1000
[17:40:03.602] [SEVERE ] placing card 1 in slot 4
[17:40:03.713] [SEVERE ] placing card 33 in slot 11
[17:40:03.817] [SEVERE ] placing card 36 in slot 7
[17:40:03.833] [SEVERE ] player 2 placing token on slot 10
[17:40:03.833] [SEVERE ] player 2 placing token on slot 5
[17:40:03.833] [SEVERE ] player 2 placing token on slot 8
[17:40:04.486] [SEVERE ] setting player 1 freeze to 0
[17:40:04.831] [SEVERE ] updating countdown to 9318
[17:40:04.831] [SEVERE ] updating countdown to 11000
[17:40:04.943] [SEVERE ] removing player 2 token from slot 10
[17:40:04.943] [SEVERE ] removing tokens from slot 10
[17:40:04.943] [SEVERE ] removing card from slot 10
[17:40:05.053] [SEVERE ] removing player 2 token from slot 5
[17:40:05.053] [SEVERE ] removing tokens from slot 5
[17:40:05.053] [SEVERE ] removing card from slot 5
[17:40:05.164] [SEVERE ] removing player 2 token from slot 8
[17:40:05.164] [SEVERE ] removing player 3 token from slot 8
[17:40:05.164] [SEVERE ] removing tokens from slot 8
[17:40:05.164] [SEVERE ] removing card from slot 8
[17:40:05.165] [SEVERE ] setting player 2 score to 7
[17:40:05.165] [SEVERE ] setting player 2 freeze to 1000
[17:40:05.270] [SEVERE ] placing card 60 in slot 5
[17:40:05.382] [SEVERE ] placing card 13 in slot 10
[17:40:05.486] [SEVERE ] placing card 67 in slot 8
[17:40:05.494] [SEVERE ] player 1 placing token on slot 1
[17:40:05.494] [SEVERE ] player 1 placing token on slot 7
[17:40:05.494] [SEVERE ] player 1 placing token on slot 8
[17:40:05.816] [SEVERE ] player 3 placing token on slot 6
[17:40:06.179] [SEVERE ] setting player 2 freeze to 0
[17:40:06.494] [SEVERE ] updating countdown to 9337
[17:40:06.494] [SEVERE ] updating countdown to 11000
[17:40:06.510] [SEVERE ] player 4 placing token on slot 6
[17:40:06.604] [SEVERE ] removing player 1 token from slot 1
[17:40:06.604] [SEVERE ] removing tokens from slot 1
[17:40:06.604] [SEVERE ] removing card from slot 1
[17:40:06.714] [SEVERE ] removing player 1 token from slot 7
[17:40:06.714] [SEVERE ] removing tokens from slot 7
[17:40:06.714] [SEVERE ] removing card from slot 7
[17:40:06.824] [SEVERE ] removing player 1 token from slot 8
[17:40:06.824] [SEVERE ] removing tokens from slot 8
[17:40:06.824] [SEVERE ] removing card from slot 8
[17:40:06.824] [SEVERE ] setting player 1 score to 8
[17:40:06.824] [SEVERE ] player 3 placing token on slot 9
[17:40:06.824] [SEVERE ] setting player 1 freeze to 1000
[17:40:06.824] [SEVERE ] removing player 3 token from slot 6
[17:40:06.935] [SEVERE ] placing card 70 in slot 1
[17:40:07.045] [SEVERE ] placing card 63 in slot 7
[17:40:07.156] [SEVERE ] placing card 25 in slot 8
[17:40:07.187] [SEVERE ] player 2 placing token on slot 4
[17:40:07.187] [SEVERE ] player 2 placing token on slot 10
[17:40:07.187] [SEVERE ] player 2 placing token on slot 8
[17:40:07.519] [SEVERE ] player 4 placing token on slot 4
[17:40:07.519] [SEVERE ] player 4 placing token on slot 10
[17:40:07.826] [SEVERE ] setting player 1 freeze to 0
[17:40:08.157] [SEVERE ] updating countdown to 9337
[17:40:08.157] [SEVERE ] updating countdown to 11000
[17:40:08.268] [SEVERE ] removing player 2 token from slot 4
[17:40:08.268] [SEVERE ] removing player 4 token from slot 4
[17:40:08.268] [SEVERE ] removing tokens from slot 4
[17:40:08.268] [SEVERE ] removing card from slot 4
[17:40:08.380] [SEVERE ] removing player 2 token from slot 10
[17:40:08.380] [SEVERE ] removing player 4 token from slot 10
[17:40:08.380] [SEVERE ] removing tokens from slot 10
[17:40:08.380] [SEVERE ] removing card from slot 10
[17:40:08.492] [SEVERE ] removing player 2 token from slot 8
[17:40:08.492] [SEVERE ] removing tokens from slot 8
[17:40:08.492] [SEVERE ] removing card from slot 8
[17:40:08.492] [SEVERE ] setting player 2 score to 8
[17:40:08.492] [SEVERE ] setting player 2 freeze to 1000
[17:40:08.607] [SEVERE ] placing card 65 in slot 10
[17:40:08.718] [SEVERE ] placing card 23 in slot 4
[17:40:08.828] [SEVERE ] placing card 32 in slot 8
[17:40:08.828] [SEVERE ] player 1 placing token on slot 9
[17:40:08.828] [SEVERE ] player 1 placing token on slot 0
[17:40:08.828] [SEVERE ] player 1 placing token on slot 4
[17:40:09.507] [SEVERE ] setting player 2 freeze to 0
[17:40:09.840] [SEVERE ] updating countdown to 9317
[17:40:09.840] [SEVERE ] updating countdown to 11000
[17:40:09.950] [SEVERE ] removing player 1 token from slot 9
[17:40:09.950] [SEVERE ] removing player 3 token from slot 9
[17:40:09.950] [SEVERE ] removing tokens from slot 9
[17:40:09.950] [SEVERE ] removing card from slot 9
[17:40:10.054] [SEVERE ] removing player 1 token from slot 0
[17:40:10.054] [SEVERE ] removing tokens from slot 0
[17:40:10.054] [SEVERE ] removing card from slot 0
[17:40:10.166] [SEVERE ] removing player 1 token from slot 4
[17:40:10.166] [SEVERE ] removing tokens from slot 4
[17:40:10.166] [SEVERE ] removing card from slot 4
[17:40:10.166] [SEVERE ] setting player 1 score to 9
[17:40:10.166] [SEVERE ] setting player 1 freeze to 1000
[17:40:10.287] [SEVERE ] placing card 68 in slot 4
[17:40:10.398] [SEVERE ] placing card 76 in slot 9
[17:40:10.508] [SEVERE ] placing card 6 in slot 0
[17:40:10.508] [SEVERE ] player 2 placing token on slot 0
[17:40:10.508] [SEVERE ] player 2 placing token on slot 11
[17:40:10.508] [SEVERE ] player 2 placing token on slot 5
[17:40:10.837] [SEVERE ] player 3 placing token on slot 0
[17:40:11.168] [SEVERE ] setting player 1 freeze to 0
[17:40:11.514] [SEVERE ] updating countdown to 9326
[17:40:11.514] [SEVERE ] updating countdown to 11000
[17:40:11.624] [SEVERE ] removing player 2 token from slot 0
[17:40:11.624] [SEVERE ] removing player 3 token from slot 0
[17:40:11.624] [SEVERE ] removing tokens from slot 0
[17:40:11.624] [SEVERE ] removing card from slot 0
[17:40:11.734] [SEVERE ] removing player 2 token from slot 11
[17:40:11.734] [SEVERE ] removing tokens from slot 11
[17:40:11.734] [SEVERE ] removing card from slot 11
[17:40:11.845] [SEVERE ] removing player 2 token from slot 5
[17:40:11.846] [SEVERE ] removing tokens from slot 5
[17:40:11.847] [SEVERE ] removing card from slot 5
[17:40:11.847] [SEVERE ] player 3 placing token on slot 7
[17:40:11.847] [SEVERE ] setting player 2 score to 9
[17:40:11.847] [SEVERE ] player 3 placing token on slot 4
[17:40:11.847] [SEVERE ] setting player 2 freeze to 1000
[17:40:11.847] [SEVERE ] player 3 placing token on slot 1
[17:40:11.950] [SEVERE ] placing card 55 in slot 5
[17:40:12.061] [SEVERE ] placing card 37 in slot 11
[17:40:12.171] [SEVERE ] placing card 80 in slot 0
[17:40:12.171] [SEVERE ] player 1 placing token on slot 7
[17:40:12.171] [SEVERE ] player 1 placing token on slot 4
[17:40:12.171] [SEVERE ] player 1 placing token on slot 1
[17:40:12.502] [SEVERE ] player 4 placing token on slot 5
[17:40:12.848] [SEVERE ] setting player 2 freeze to 0
[17:40:13.180] [SEVERE ] updating countdown to 9334
[17:40:13.180] [SEVERE ] updating countdown to 11000
[17:40:13.290] [SEVERE ] removing player 1 token from slot 7
[17:40:13.290] [SEVERE ] removing player 3 token from slot 7
[17:40:13.290] [SEVERE ] removing tokens from slot 7
[17:40:13.290] [SEVERE ] removing card from slot 7
[17:40:13.400] [SEVERE ] removing player 1 token from slot 4
[17:40:13.400] [SEVERE ] removing player 3 token from slot 4
[17:40:13.400] [SEVERE ] removing tokens from slot 4
[17:40:13.400] [SEVERE ] removing card from slot 4
[17:40:13.513] [SEVERE ] removing player 1 token from slot 1
[17:40:13.514] [SEVERE ] removing player 3 token from slot 1
[17:40:13.514] [SEVERE ] removing tokens from slot 1
[17:40:13.514] [SEVERE ] removing card from slot 1
[17:40:13.514] [SEVERE ] removing player 4 token from slot 5
[17:40:13.515] [SEVERE ] setting player 3 score to 1
[17:40:13.515] [SEVERE ] setting player 3 freeze to 1000
[17:40:13.617] [SEVERE ] placing card 41 in slot 4
[17:40:13.728] [SEVERE ] placing card 74 in slot 1
[17:40:13.838] [SEVERE ] placing card 38 in slot 7
[17:40:14.519] [SEVERE ] setting player 3 freeze to 0
[17:40:14.851] [SEVERE ] updating countdown to 9329
[17:40:15.853] [SEVERE ] updating countdown to 8327
[17:40:16.865] [SEVERE ] updating countdown to 7315
[17:40:17.524] [SEVERE ] player 4 placing token on slot 7
[17:40:17.880] [SEVERE ] updating countdown to 6300
[17:40:18.521] [SEVERE ] player 3 placing token on slot 3
[17:40:18.886] [SEVERE ] updating countdown to 5294
[17:40:22.541] [SEVERE ] player 4 placing token on slot 10
[17:40:22.541] [SEVERE ] removing player 4 token from slot 6
[17:40:22.541] [SEVERE ] removing player 4 token from slot 7
[17:40:22.543] [SEVERE ] removing player 4 token from slot 10
[17:40:23.545] [SEVERE ] removing player 3 token from slot 3
[17:40:23.554] [SEVERE ] setting player 4 freeze to 3000
[17:40:24.181] [SEVERE ] updating countdown to 11000
[17:40:24.293] [SEVERE ] removing tokens from slot 6
[17:40:24.293] [SEVERE ] removing card from slot 6
[17:40:24.404] [SEVERE ] removing tokens from slot 5
[17:40:24.404] [SEVERE ] removing card from slot 5
[17:40:24.515] [SEVERE ] removing tokens from slot 10
[17:40:24.515] [SEVERE ] removing card from slot 10
[17:40:24.562] [SEVERE ] setting player 4 freeze to 2000
[17:40:24.625] [SEVERE ] removing tokens from slot 4
[17:40:24.625] [SEVERE ] removing card from slot 4
[17:40:24.736] [SEVERE ] removing tokens from slot 2
[17:40:24.736] [SEVERE ] removing card from slot 2
[17:40:24.847] [SEVERE ] removing tokens from slot 1
[17:40:24.847] [SEVERE ] removing card from slot 1
[17:40:24.957] [SEVERE ] removing tokens from slot 11
[17:40:24.957] [SEVERE ] removing card from slot 11
[17:40:25.068] [SEVERE ] removing tokens from slot 3
[17:40:25.068] [SEVERE ] removing card from slot 3
[17:40:25.178] [SEVERE ] removing tokens from slot 9
[17:40:25.178] [SEVERE ] removing card from slot 9
[17:40:25.288] [SEVERE ] removing tokens from slot 7
[17:40:25.288] [SEVERE ] removing card from slot 7
[17:40:25.399] [SEVERE ] removing tokens from slot 0
[17:40:25.399] [SEVERE ] removing card from slot 0
[17:40:25.509] [SEVERE ] removing tokens from slot 8
[17:40:25.509] [SEVERE ] removing card from slot 8
[17:40:25.509] [SEVERE ] updating countdown to 11000
[17:40:25.569] [SEVERE ] setting player 4 freeze to 1000
[17:40:25.620] [SEVERE ] placing card 32 in slot 6
[17:40:25.730] [SEVERE ] placing card 16 in slot 5
[17:40:25.840] [SEVERE ] placing card 73 in slot 10
[17:40:25.950] [SEVERE ] placing card 37 in slot 4
[17:40:26.060] [SEVERE ] placing card 80 in slot 2
[17:40:26.170] [SEVERE ] placing card 45 in slot 1
[17:40:26.280] [SEVERE ] placing card 0 in slot 11
[17:40:26.390] [SEVERE ] placing card 54 in slot 3
[17:40:26.501] [SEVERE ] placing card 12 in slot 9
[17:40:26.579] [SEVERE ] setting player 4 freeze to 0
[17:40:26.611] [SEVERE ] placing card 72 in slot 7
[17:40:26.721] [SEVERE ] placing card 38 in slot 0
[17:40:26.831] [SEVERE ] placing card 78 in slot 8
[17:40:27.839] [SEVERE ] updating countdown to 9992
[17:40:27.839] [SEVERE ] player 1 placing token on slot 11
[17:40:27.839] [SEVERE ] player 1 placing token on slot 0
[17:40:27.839] [SEVERE ] player 1 placing token on slot 10
[17:40:27.839] [SEVERE ] player 2 placing token on slot 11
[17:40:27.839] [SEVERE ] player 2 placing token on slot 0
[17:40:27.839] [SEVERE ] player 2 placing token on slot 10
[17:40:28.843] [SEVERE ] updating countdown to 8988
[17:40:28.843] [SEVERE ] updating countdown to 11000
[17:40:28.953] [SEVERE ] removing player 1 token from slot 11
[17:40:28.953] [SEVERE ] removing player 2 token from slot 11
[17:40:28.953] [SEVERE ] removing tokens from slot 11
[17:40:28.953] [SEVERE ] removing card from slot 11
[17:40:29.063] [SEVERE ] removing player 1 token from slot 0
[17:40:29.063] [SEVERE ] removing player 2 token from slot 0
[17:40:29.063] [SEVERE ] removing tokens from slot 0
[17:40:29.063] [SEVERE ] removing card from slot 0
[17:40:29.174] [SEVERE ] removing player 1 token from slot 10
[17:40:29.174] [SEVERE ] removing player 2 token from slot 10
[17:40:29.174] [SEVERE ] removing tokens from slot 10
[17:40:29.174] [SEVERE ] removing card from slot 10
[17:40:29.174] [SEVERE ] setting player 1 score to 10
[17:40:29.174] [SEVERE ] setting player 1 freeze to 1000
[17:40:29.287] [SEVERE ] placing card 65 in slot 10
[17:40:29.397] [SEVERE ] placing card 41 in slot 11
[17:40:29.507] [SEVERE ] placing card 50 in slot 0
[17:40:30.184] [SEVERE ] setting player 1 freeze to 0
[17:40:30.184] [SEVERE ] player 2 placing token on slot 5
[17:40:30.184] [SEVERE ] player 2 placing token on slot 0
[17:40:30.184] [SEVERE ] player 2 placing token on slot 3
[17:40:30.510] [SEVERE ] updating countdown to 9333
[17:40:30.510] [SEVERE ] updating countdown to 11000
[17:40:30.588] [SEVERE ] player 4 placing token on slot 2
[17:40:30.620] [SEVERE ] removing player 2 token from slot 5
[17:40:30.620] [SEVERE ] removing tokens from slot 5
[17:40:30.620] [SEVERE ] removing card from slot 5
[17:40:30.730] [SEVERE ] removing player 2 token from slot 0
[17:40:30.730] [SEVERE ] removing tokens from slot 0
[17:40:30.730] [SEVERE ] removing card from slot 0
[17:40:30.841] [SEVERE ] removing player 2 token from slot 3
[17:40:30.841] [SEVERE ] removing tokens from slot 3
[17:40:30.841] [SEVERE ] removing card from slot 3
[17:40:30.842] [SEVERE ] player 3 placing token on slot 8
[17:40:30.842] [SEVERE ] setting player 2 score to 10
[17:40:30.842] [SEVERE ] setting player 2 freeze to 1000
[17:40:30.949] [SEVERE ] placing card 55 in slot 5
[17:40:31.059] [SEVERE ] placing card 75 in slot 3
[17:40:31.169] [SEVERE ] placing card 74 in slot 0
[17:40:31.185] [SEVERE ] player 1 placing token on slot 7
[17:40:31.185] [SEVERE ] player 1 placing token on slot 3
[17:40:31.185] [SEVERE ] player 1 placing token on slot 8
[17:40:31.593] [SEVERE ] player 4 placing token on slot 7
[17:40:31.593] [SEVERE ] player 4 placing token on slot 3
[17:40:31.844] [SEVERE ] setting player 2 freeze to 0
[17:40:31.845] [SEVERE ] player 3 placing token on slot 7
[17:40:31.845] [SEVERE ] player 3 placing token on slot 3
[17:40:32.176] [SEVERE ] updating countdown to 9334
[17:40:32.176] [SEVERE ] updating countdown to 11000
[17:40:32.287] [SEVERE ] removing player 1 token from slot 7
[17:40:32.287] [SEVERE ] removing player 3 token from slot 7
[17:40:32.287] [SEVERE ] removing player 4 token from slot 7
[17:40:32.287] [SEVERE ] removing tokens from slot 7
[17:40:32.287] [SEVERE ] removing card from slot 7
[17:40:32.397] [SEVERE ] removing player 1 token from slot 3
[17:40:32.397] [SEVERE ] removing player 3 token from slot 3
[17:40:32.397] [SEVERE ] removing player 4 token from slot 3
[17:40:32.397] [SEVERE ] removing tokens from slot 3
[17:40:32.397] [SEVERE ] removing card from slot 3
[17:40:32.508] [SEVERE ] removing player 1 token from slot 8
[17:40:32.508] [SEVERE ] removing player 3 token from slot 8
[17:40:32.508] [SEVERE ] removing tokens from slot 8
[17:40:32.508] [SEVERE ] removing card from slot 8
[17:40:32.508] [SEVERE ] setting player 1 score to 11
[17:40:32.508] [SEVERE ] setting player 1 freeze to 1000
[17:40:32.613] [SEVERE ] placing card 76 in slot 3
[17:40:32.724] [SEVERE ] placing card 4 in slot 7
[17:40:32.834] [SEVERE ] placing card 34 in slot 8
[17:40:32.849] [SEVERE ] player 2 placing token on slot 9
[17:40:32.849] [SEVERE ] player 2 placing token on slot 8
[17:40:32.850] [SEVERE ] player 2 placing token on slot 0
[17:40:33.510] [SEVERE ] setting player 1 freeze to 0
[17:40:33.841] [SEVERE ] updating countdown to 9335
[17:40:33.841] [SEVERE ] updating countdown to 11000
[17:40:33.951] [SEVERE ] removing player 2 token from slot 9
[17:40:33.951] [SEVERE ] removing tokens from slot 9
[17:40:33.951] [SEVERE ] removing card from slot 9
[17:40:34.062] [SEVERE ] removing player 2 token from slot 8
[17:40:34.062] [SEVERE ] removing tokens from slot 8
[17:40:34.062] [SEVERE ] removing card from slot 8
[17:40:34.172] [SEVERE ] removing player 2 token from slot 0
[17:40:34.172] [SEVERE ] removing tokens from slot 0
[17:40:34.172] [SEVERE ] removing card from slot 0
[17:40:34.172] [SEVERE ] setting player 2 score to 11
[17:40:34.172] [SEVERE ] setting player 2 freeze to 1000
[17:40:34.172] [INFO   ] thread dealer terminated.
[17:40:35.175] [SEVERE ] setting player 2 freeze to 0
[17:40:36.522] [SEVERE ] player 3 placing token on slot 3
[17:40:36.523] [SEVERE ] player 4 placing token on slot 6
[17:40:39.195] [SEVERE ] thanks for playing... it was fun!
[17:40:39.196] [INFO   ] thread bguspl.set.Main.main() terminated.
[17:40:39.196] [SEVERE ] disposing of user interface elements
[17:40:41.532] [SEVERE ] player 4 placing token on slot 7
[17:40:41.534] [SEVERE ] player 3 placing token on slot 10
[17:40:46.542] [SEVERE ] player 3 placing token on slot 4
