[19:13:19.678] [INFO   ] thread bguspl.set.Main.main() starting.
[19:13:19.678] [SEVERE ] cannot read configuration file config.properties trying from resources.
[19:13:19.678] [SEVERE ] configuration file was loaded from resources directory.
[19:13:20.659] [INFO   ] thread dealer starting.
[19:13:20.673] [INFO   ] thread dealer starting.
[19:13:20.676] [INFO   ] thread Thread-1 starting.
[19:13:20.676] [INFO   ] thread Thread-2 starting.
[19:13:20.676] [INFO   ] thread Thread-3 starting.
[19:13:20.676] [INFO   ] thread Thread-4 starting.
[19:13:20.676] [INFO   ] thread Thread-5 starting.
[19:13:20.676] [INFO   ] thread computer-1 starting.
[19:13:20.676] [INFO   ] thread computer-0 starting.
[19:13:20.676] [INFO   ] thread computer-2 starting.
[19:13:20.681] [INFO   ] thread computer-3 starting.
[19:13:20.681] [INFO   ] thread computer-4 starting.
[19:13:20.685] [SEVERE ] updating countdown to 10000
[19:13:20.806] [SEVERE ] placing card 41 in slot 0
[19:13:20.919] [SEVERE ] placing card 59 in slot 5
[19:13:21.029] [SEVERE ] placing card 26 in slot 2
[19:13:21.140] [SEVERE ] placing card 44 in slot 7
[19:13:21.250] [SEVERE ] placing card 20 in slot 1
[19:13:21.360] [SEVERE ] placing card 6 in slot 4
[19:13:21.470] [SEVERE ] placing card 25 in slot 3
[19:13:21.580] [SEVERE ] placing card 10 in slot 11
[19:13:21.689] [SEVERE ] placing card 33 in slot 10
[19:13:21.800] [SEVERE ] placing card 42 in slot 6
[19:13:21.910] [SEVERE ] placing card 29 in slot 9
[19:13:22.020] [SEVERE ] placing card 21 in slot 8
[19:13:23.025] [SEVERE ] updating countdown to 9995
[19:13:23.025] [SEVERE ] player 5 placing token on slot 1
[19:13:23.027] [SEVERE ] player 5 placing token on slot 8
[19:13:23.027] [SEVERE ] player 5 placing token on slot 3
[19:13:23.028] [SEVERE ] updating countdown to 9992
[19:13:23.028] [SEVERE ] player 3 placing token on slot 1
[19:13:23.028] [SEVERE ] player 3 placing token on slot 8
[19:13:23.028] [SEVERE ] updating countdown to 10000
[19:13:23.028] [SEVERE ] player 3 placing token on slot 3
[19:13:23.030] [SEVERE ] player 4 placing token on slot 1
[19:13:23.031] [SEVERE ] player 1 placing token on slot 1
[19:13:23.031] [SEVERE ] player 1 placing token on slot 8
[19:13:23.031] [SEVERE ] player 1 placing token on slot 3
[19:13:23.031] [SEVERE ] player 2 placing token on slot 1
[19:13:23.031] [SEVERE ] player 2 placing token on slot 8
[19:13:23.031] [SEVERE ] player 2 placing token on slot 3
[19:13:23.031] [SEVERE ] player 4 placing token on slot 8
[19:13:23.031] [SEVERE ] player 4 placing token on slot 3
[19:13:23.138] [SEVERE ] removing player 1 token from slot 1
[19:13:23.139] [SEVERE ] removing player 2 token from slot 1
[19:13:23.139] [SEVERE ] removing player 3 token from slot 1
[19:13:23.139] [SEVERE ] removing player 4 token from slot 1
[19:13:23.139] [SEVERE ] removing player 5 token from slot 1
[19:13:23.139] [SEVERE ] removing tokens from slot 1
[19:13:23.139] [SEVERE ] removing card from slot 1
[19:13:23.252] [SEVERE ] removing player 1 token from slot 8
[19:13:23.252] [SEVERE ] removing player 2 token from slot 8
[19:13:23.252] [SEVERE ] removing player 3 token from slot 8
[19:13:23.252] [SEVERE ] removing player 4 token from slot 8
[19:13:23.252] [SEVERE ] removing player 5 token from slot 8
[19:13:23.252] [SEVERE ] removing tokens from slot 8
[19:13:23.252] [SEVERE ] removing card from slot 8
[19:13:23.361] [SEVERE ] removing player 1 token from slot 3
[19:13:23.361] [SEVERE ] removing player 2 token from slot 3
[19:13:23.361] [SEVERE ] removing player 3 token from slot 3
[19:13:23.361] [SEVERE ] removing player 4 token from slot 3
[19:13:23.361] [SEVERE ] removing player 5 token from slot 3
[19:13:23.361] [SEVERE ] removing tokens from slot 3
[19:13:23.361] [SEVERE ] removing card from slot 3
[19:13:23.361] [SEVERE ] setting player 5 score to 1
[19:13:23.361] [SEVERE ] setting player 5 freeze to 1000
[19:13:23.471] [SEVERE ] placing card 28 in slot 1
[19:13:23.581] [SEVERE ] placing card 16 in slot 3
[19:13:23.691] [SEVERE ] placing card 15 in slot 8
[19:13:24.367] [SEVERE ] player 4 placing token on slot 4
[19:13:24.368] [SEVERE ] setting player 5 freeze to 0
[19:13:24.368] [SEVERE ] player 4 placing token on slot 1
[19:13:24.368] [SEVERE ] updating countdown to 10000
[19:13:24.368] [SEVERE ] player 4 placing token on slot 5
[19:13:24.368] [SEVERE ] player 3 placing token on slot 4
[19:13:24.368] [SEVERE ] updating countdown to 10000
[19:13:24.368] [SEVERE ] player 2 placing token on slot 4
[19:13:24.368] [SEVERE ] updating countdown to 10000
[19:13:24.368] [SEVERE ] player 2 placing token on slot 1
[19:13:24.368] [SEVERE ] player 2 placing token on slot 5
[19:13:24.368] [SEVERE ] player 1 placing token on slot 4
[19:13:24.368] [SEVERE ] player 3 placing token on slot 1
[19:13:24.372] [SEVERE ] player 3 placing token on slot 5
[19:13:24.373] [SEVERE ] player 1 placing token on slot 1
[19:13:24.373] [SEVERE ] player 1 placing token on slot 5
[19:13:24.483] [SEVERE ] removing player 1 token from slot 4
[19:13:24.483] [SEVERE ] removing player 2 token from slot 4
[19:13:24.483] [SEVERE ] removing player 3 token from slot 4
[19:13:24.483] [SEVERE ] removing player 4 token from slot 4
[19:13:24.483] [SEVERE ] removing tokens from slot 4
[19:13:24.483] [SEVERE ] removing card from slot 4
[19:13:24.593] [SEVERE ] removing player 1 token from slot 1
[19:13:24.593] [SEVERE ] removing player 2 token from slot 1
[19:13:24.593] [SEVERE ] removing player 3 token from slot 1
[19:13:24.593] [SEVERE ] removing player 4 token from slot 1
[19:13:24.593] [SEVERE ] removing tokens from slot 1
[19:13:24.593] [SEVERE ] removing card from slot 1
[19:13:24.702] [SEVERE ] removing player 1 token from slot 5
[19:13:24.702] [SEVERE ] removing player 2 token from slot 5
[19:13:24.702] [SEVERE ] removing player 3 token from slot 5
[19:13:24.702] [SEVERE ] removing player 4 token from slot 5
[19:13:24.702] [SEVERE ] removing tokens from slot 5
[19:13:24.702] [SEVERE ] removing card from slot 5
[19:13:24.705] [SEVERE ] setting player 4 score to 1
[19:13:24.705] [SEVERE ] setting player 4 freeze to 1000
[19:13:24.815] [SEVERE ] placing card 45 in slot 5
[19:13:24.924] [SEVERE ] placing card 65 in slot 1
[19:13:25.035] [SEVERE ] placing card 60 in slot 4
[19:13:25.711] [SEVERE ] setting player 4 freeze to 0
[19:13:25.711] [SEVERE ] updating countdown to 10000
[19:13:26.041] [SEVERE ] updating countdown to 9670
[19:13:27.047] [SEVERE ] updating countdown to 8664
[19:13:28.052] [SEVERE ] updating countdown to 7659
[19:13:29.058] [SEVERE ] updating countdown to 6653
[19:13:30.065] [SEVERE ] updating countdown to 5646
[19:13:35.721] [SEVERE ] updating countdown to 10000
[19:13:35.831] [SEVERE ] removing tokens from slot 0
[19:13:35.831] [SEVERE ] removing card from slot 0
[19:13:35.941] [SEVERE ] removing tokens from slot 5
[19:13:35.941] [SEVERE ] removing card from slot 5
[19:13:36.051] [SEVERE ] removing tokens from slot 2
[19:13:36.051] [SEVERE ] removing card from slot 2
[19:13:36.161] [SEVERE ] removing tokens from slot 7
[19:13:36.161] [SEVERE ] removing card from slot 7
[19:13:36.270] [SEVERE ] removing tokens from slot 1
[19:13:36.270] [SEVERE ] removing card from slot 1
[19:13:36.381] [SEVERE ] removing tokens from slot 4
[19:13:36.381] [SEVERE ] removing card from slot 4
[19:13:36.491] [SEVERE ] removing tokens from slot 3
[19:13:36.491] [SEVERE ] removing card from slot 3
[19:13:36.601] [SEVERE ] removing tokens from slot 11
[19:13:36.601] [SEVERE ] removing card from slot 11
[19:13:36.711] [SEVERE ] removing tokens from slot 10
[19:13:36.711] [SEVERE ] removing card from slot 10
[19:13:36.821] [SEVERE ] removing tokens from slot 6
[19:13:36.821] [SEVERE ] removing card from slot 6
[19:13:36.931] [SEVERE ] removing tokens from slot 9
[19:13:36.931] [SEVERE ] removing card from slot 9
[19:13:37.041] [SEVERE ] removing tokens from slot 8
[19:13:37.041] [SEVERE ] removing card from slot 8
[19:13:37.041] [SEVERE ] updating countdown to 10000
[19:13:37.151] [SEVERE ] placing card 50 in slot 0
[19:13:37.261] [SEVERE ] placing card 51 in slot 5
[19:13:37.371] [SEVERE ] placing card 9 in slot 2
[19:13:37.482] [SEVERE ] placing card 76 in slot 7
[19:13:37.591] [SEVERE ] placing card 24 in slot 1
[19:13:37.701] [SEVERE ] placing card 5 in slot 4
[19:13:37.811] [SEVERE ] placing card 73 in slot 3
[19:13:37.921] [SEVERE ] placing card 32 in slot 11
[19:13:38.031] [SEVERE ] placing card 79 in slot 10
[19:13:38.141] [SEVERE ] placing card 19 in slot 6
[19:13:38.251] [SEVERE ] placing card 17 in slot 9
[19:13:38.361] [SEVERE ] placing card 8 in slot 8
[19:13:39.368] [SEVERE ] player 1 placing token on slot 1
[19:13:39.368] [SEVERE ] updating countdown to 9993
[19:13:39.370] [SEVERE ] player 1 placing token on slot 0
[19:13:39.370] [SEVERE ] player 1 placing token on slot 3
[19:13:39.371] [SEVERE ] updating countdown to 9990
[19:13:39.372] [SEVERE ] player 3 placing token on slot 1
[19:13:39.373] [SEVERE ] updating countdown to 10000
[19:13:39.373] [SEVERE ] player 5 placing token on slot 1
[19:13:39.373] [SEVERE ] player 5 placing token on slot 0
[19:13:39.373] [SEVERE ] player 4 placing token on slot 1
[19:13:39.374] [SEVERE ] player 4 placing token on slot 0
[19:13:39.374] [SEVERE ] player 2 placing token on slot 1
[19:13:39.374] [SEVERE ] player 2 placing token on slot 0
[19:13:39.374] [SEVERE ] player 2 placing token on slot 3
[19:13:39.374] [SEVERE ] player 4 placing token on slot 3
[19:13:39.374] [SEVERE ] player 5 placing token on slot 3
[19:13:39.374] [SEVERE ] player 3 placing token on slot 0
[19:13:39.374] [SEVERE ] player 3 placing token on slot 3
[19:13:39.484] [SEVERE ] removing player 1 token from slot 1
[19:13:39.484] [SEVERE ] removing player 2 token from slot 1
[19:13:39.484] [SEVERE ] removing player 3 token from slot 1
[19:13:39.484] [SEVERE ] removing player 4 token from slot 1
[19:13:39.484] [SEVERE ] removing player 5 token from slot 1
[19:13:39.484] [SEVERE ] removing tokens from slot 1
[19:13:39.484] [SEVERE ] removing card from slot 1
[19:13:39.594] [SEVERE ] removing player 1 token from slot 0
[19:13:39.594] [SEVERE ] removing player 2 token from slot 0
[19:13:39.594] [SEVERE ] removing player 3 token from slot 0
[19:13:39.594] [SEVERE ] removing player 4 token from slot 0
[19:13:39.594] [SEVERE ] removing player 5 token from slot 0
[19:13:39.594] [SEVERE ] removing tokens from slot 0
[19:13:39.594] [SEVERE ] removing card from slot 0
[19:13:39.704] [SEVERE ] removing player 1 token from slot 3
[19:13:39.704] [SEVERE ] removing player 2 token from slot 3
[19:13:39.704] [SEVERE ] removing player 3 token from slot 3
[19:13:39.704] [SEVERE ] removing player 4 token from slot 3
[19:13:39.704] [SEVERE ] removing player 5 token from slot 3
[19:13:39.704] [SEVERE ] removing tokens from slot 3
[19:13:39.704] [SEVERE ] removing card from slot 3
[19:13:39.704] [SEVERE ] setting player 1 score to 1
[19:13:39.704] [SEVERE ] setting player 1 freeze to 1000
[19:13:39.814] [SEVERE ] placing card 30 in slot 0
[19:13:39.924] [SEVERE ] placing card 13 in slot 1
[19:13:40.034] [SEVERE ] placing card 7 in slot 3
[19:13:40.710] [SEVERE ] setting player 1 freeze to 0
[19:13:40.710] [SEVERE ] player 2 placing token on slot 2
[19:13:40.710] [SEVERE ] updating countdown to 10000
[19:13:40.710] [SEVERE ] player 3 placing token on slot 2
[19:13:40.710] [SEVERE ] player 5 placing token on slot 2
[19:13:40.710] [SEVERE ] player 5 placing token on slot 1
[19:13:40.711] [SEVERE ] player 4 placing token on slot 2
[19:13:40.711] [SEVERE ] player 4 placing token on slot 1
[19:13:40.711] [SEVERE ] player 5 placing token on slot 9
[19:13:40.711] [SEVERE ] updating countdown to 9999
[19:13:40.711] [SEVERE ] player 3 placing token on slot 1
[19:13:40.711] [SEVERE ] updating countdown to 10000
[19:13:40.711] [SEVERE ] player 2 placing token on slot 1
[19:13:40.711] [SEVERE ] player 2 placing token on slot 9
[19:13:40.711] [SEVERE ] player 3 placing token on slot 9
[19:13:40.711] [SEVERE ] player 4 placing token on slot 9
[19:13:40.821] [SEVERE ] removing player 2 token from slot 2
[19:13:40.821] [SEVERE ] removing player 3 token from slot 2
[19:13:40.821] [SEVERE ] removing player 4 token from slot 2
[19:13:40.821] [SEVERE ] removing player 5 token from slot 2
[19:13:40.821] [SEVERE ] removing tokens from slot 2
[19:13:40.821] [SEVERE ] removing card from slot 2
[19:13:40.931] [SEVERE ] removing player 2 token from slot 1
[19:13:40.931] [SEVERE ] removing player 3 token from slot 1
[19:13:40.931] [SEVERE ] removing player 4 token from slot 1
[19:13:40.931] [SEVERE ] removing player 5 token from slot 1
[19:13:40.931] [SEVERE ] removing tokens from slot 1
[19:13:40.931] [SEVERE ] removing card from slot 1
[19:13:41.041] [SEVERE ] removing player 2 token from slot 9
[19:13:41.041] [SEVERE ] removing player 3 token from slot 9
[19:13:41.041] [SEVERE ] removing player 4 token from slot 9
[19:13:41.041] [SEVERE ] removing player 5 token from slot 9
[19:13:41.041] [SEVERE ] removing tokens from slot 9
[19:13:41.041] [SEVERE ] removing card from slot 9
[19:13:41.041] [SEVERE ] setting player 5 score to 2
[19:13:41.041] [SEVERE ] setting player 5 freeze to 1000
[19:13:41.151] [SEVERE ] placing card 52 in slot 2
[19:13:41.261] [SEVERE ] placing card 69 in slot 1
[19:13:41.371] [SEVERE ] placing card 11 in slot 9
[19:13:41.717] [SEVERE ] player 1 placing token on slot 9
[19:13:41.717] [SEVERE ] player 1 placing token on slot 0
[19:13:41.717] [SEVERE ] player 1 placing token on slot 10
[19:13:41.717] [SEVERE ] updating countdown to 8993
[19:13:41.717] [SEVERE ] updating countdown to 10000
[19:13:41.827] [SEVERE ] removing player 1 token from slot 9
[19:13:41.827] [SEVERE ] removing tokens from slot 9
[19:13:41.827] [SEVERE ] removing card from slot 9
[19:13:41.937] [SEVERE ] removing player 1 token from slot 0
[19:13:41.937] [SEVERE ] removing tokens from slot 0
[19:13:41.937] [SEVERE ] removing card from slot 0
[19:13:42.047] [SEVERE ] removing player 1 token from slot 10
[19:13:42.047] [SEVERE ] setting player 5 freeze to 0
[19:13:42.047] [SEVERE ] player 2 placing token on slot 8
[19:13:42.047] [SEVERE ] updating countdown to 10000
[19:13:42.047] [SEVERE ] removing tokens from slot 10
[19:13:42.047] [SEVERE ] removing card from slot 10
[19:13:42.047] [SEVERE ] player 4 placing token on slot 8
[19:13:42.048] [SEVERE ] player 4 placing token on slot 2
[19:13:42.047] [SEVERE ] setting player 1 score to 2
[19:13:42.048] [SEVERE ] player 4 placing token on slot 1
[19:13:42.048] [SEVERE ] setting player 1 freeze to 1000
[19:13:42.048] [SEVERE ] player 3 placing token on slot 8
[19:13:42.048] [SEVERE ] player 3 placing token on slot 2
[19:13:42.048] [SEVERE ] player 3 placing token on slot 1
[19:13:42.048] [SEVERE ] player 2 placing token on slot 2
[19:13:42.048] [SEVERE ] player 2 placing token on slot 1
[19:13:42.158] [SEVERE ] placing card 77 in slot 0
[19:13:42.268] [SEVERE ] placing card 80 in slot 10
[19:13:42.378] [SEVERE ] placing card 23 in slot 9
[19:13:43.053] [SEVERE ] setting player 1 freeze to 0
[19:13:43.053] [SEVERE ] player 5 placing token on slot 6
[19:13:43.053] [SEVERE ] player 5 placing token on slot 5
[19:13:43.053] [SEVERE ] updating countdown to 10000
[19:13:43.053] [SEVERE ] player 5 placing token on slot 0
[19:13:43.053] [SEVERE ] updating countdown to 10000
[19:13:43.053] [SEVERE ] updating countdown to 10000
[19:13:43.163] [SEVERE ] removing player 2 token from slot 8
[19:13:43.163] [SEVERE ] removing player 3 token from slot 8
[19:13:43.163] [SEVERE ] removing player 4 token from slot 8
[19:13:43.163] [SEVERE ] removing tokens from slot 8
[19:13:43.163] [SEVERE ] removing card from slot 8
[19:13:43.273] [SEVERE ] removing player 2 token from slot 2
[19:13:43.273] [SEVERE ] removing player 3 token from slot 2
[19:13:43.273] [SEVERE ] removing player 4 token from slot 2
[19:13:43.273] [SEVERE ] removing tokens from slot 2
[19:13:43.273] [SEVERE ] removing card from slot 2
[19:13:43.384] [SEVERE ] removing player 2 token from slot 1
[19:13:43.384] [SEVERE ] removing player 3 token from slot 1
[19:13:43.384] [SEVERE ] removing player 4 token from slot 1
[19:13:43.384] [SEVERE ] removing tokens from slot 1
[19:13:43.384] [SEVERE ] removing card from slot 1
[19:13:43.384] [SEVERE ] updating countdown to 10000
[19:13:43.384] [SEVERE ] setting player 4 score to 2
[19:13:43.384] [SEVERE ] setting player 4 freeze to 1000
[19:13:43.494] [SEVERE ] removing player 5 token from slot 6
[19:13:43.494] [SEVERE ] removing tokens from slot 6
[19:13:43.494] [SEVERE ] removing card from slot 6
[19:13:43.605] [SEVERE ] removing player 5 token from slot 5
[19:13:43.605] [SEVERE ] removing tokens from slot 5
[19:13:43.605] [SEVERE ] removing card from slot 5
[19:13:43.714] [SEVERE ] removing player 5 token from slot 0
[19:13:43.714] [SEVERE ] removing tokens from slot 0
[19:13:43.714] [SEVERE ] removing card from slot 0
[19:13:43.714] [SEVERE ] setting player 5 score to 3
[19:13:43.714] [SEVERE ] setting player 5 freeze to 1000
[19:13:43.824] [SEVERE ] placing card 40 in slot 0
[19:13:43.934] [SEVERE ] placing card 54 in slot 5
[19:13:44.044] [SEVERE ] placing card 2 in slot 2
[19:13:44.060] [SEVERE ] player 1 placing token on slot 3
[19:13:44.060] [SEVERE ] player 1 placing token on slot 11
[19:13:44.060] [SEVERE ] player 1 placing token on slot 5
[19:13:44.154] [SEVERE ] placing card 15 in slot 1
[19:13:44.264] [SEVERE ] placing card 35 in slot 6
[19:13:44.374] [SEVERE ] placing card 1 in slot 8
[19:13:44.390] [SEVERE ] setting player 4 freeze to 0
[19:13:44.390] [SEVERE ] player 3 placing token on slot 8
[19:13:44.390] [SEVERE ] updating countdown to 10000
[19:13:44.390] [SEVERE ] player 3 placing token on slot 1
[19:13:44.390] [SEVERE ] player 2 placing token on slot 8
[19:13:44.391] [SEVERE ] player 2 placing token on slot 1
[19:13:44.391] [SEVERE ] player 2 placing token on slot 9
[19:13:44.391] [SEVERE ] player 3 placing token on slot 9
[19:13:44.391] [SEVERE ] updating countdown to 9999
[19:13:44.391] [SEVERE ] updating countdown to 10000
[19:13:44.500] [SEVERE ] removing player 1 token from slot 3
[19:13:44.502] [SEVERE ] removing tokens from slot 3
[19:13:44.502] [SEVERE ] removing card from slot 3
[19:13:44.612] [SEVERE ] removing player 1 token from slot 11
[19:13:44.612] [SEVERE ] removing tokens from slot 11
[19:13:44.612] [SEVERE ] removing card from slot 11
[19:13:44.722] [SEVERE ] removing player 1 token from slot 5
[19:13:44.722] [SEVERE ] setting player 5 freeze to 0
[19:13:44.722] [SEVERE ] removing tokens from slot 5
[19:13:44.722] [SEVERE ] removing card from slot 5
[19:13:44.722] [SEVERE ] updating countdown to 10000
[19:13:44.722] [SEVERE ] updating countdown to 10000
[19:13:44.722] [SEVERE ] setting player 1 score to 3
[19:13:44.722] [SEVERE ] setting player 1 freeze to 1000
[19:13:44.832] [SEVERE ] removing player 2 token from slot 8
[19:13:44.832] [SEVERE ] removing player 3 token from slot 8
[19:13:44.832] [SEVERE ] removing tokens from slot 8
[19:13:44.832] [SEVERE ] removing card from slot 8
[19:13:44.942] [SEVERE ] removing player 2 token from slot 1
[19:13:44.942] [SEVERE ] removing player 3 token from slot 1
[19:13:44.942] [SEVERE ] removing tokens from slot 1
[19:13:44.942] [SEVERE ] removing card from slot 1
[19:13:45.052] [SEVERE ] removing player 2 token from slot 9
[19:13:45.052] [SEVERE ] removing player 3 token from slot 9
[19:13:45.052] [SEVERE ] removing tokens from slot 9
[19:13:45.052] [SEVERE ] removing card from slot 9
[19:13:45.052] [SEVERE ] setting player 2 score to 1
[19:13:45.052] [SEVERE ] setting player 2 freeze to 1000
[19:13:45.161] [SEVERE ] placing card 46 in slot 5
[19:13:45.272] [SEVERE ] placing card 57 in slot 1
[19:13:45.381] [SEVERE ] placing card 47 in slot 3
[19:13:45.491] [SEVERE ] placing card 22 in slot 11
[19:13:45.601] [SEVERE ] placing card 65 in slot 9
[19:13:45.711] [SEVERE ] placing card 0 in slot 8
[19:13:45.727] [SEVERE ] setting player 1 freeze to 0
[19:13:45.727] [SEVERE ] player 5 placing token on slot 8
[19:13:45.727] [SEVERE ] updating countdown to 10000
[19:13:45.727] [SEVERE ] player 5 placing token on slot 0
[19:13:45.727] [SEVERE ] player 5 placing token on slot 10
[19:13:45.727] [SEVERE ] updating countdown to 10000
[19:13:45.727] [SEVERE ] updating countdown to 10000
[19:13:45.837] [SEVERE ] removing player 5 token from slot 8
[19:13:45.837] [SEVERE ] removing tokens from slot 8
[19:13:45.837] [SEVERE ] removing card from slot 8
[19:13:45.947] [SEVERE ] removing player 5 token from slot 0
[19:13:45.947] [SEVERE ] removing tokens from slot 0
[19:13:45.947] [SEVERE ] removing card from slot 0
[19:13:46.056] [SEVERE ] setting player 2 freeze to 0
[19:13:46.056] [SEVERE ] removing player 5 token from slot 10
[19:13:46.057] [SEVERE ] removing tokens from slot 10
[19:13:46.057] [SEVERE ] removing card from slot 10
[19:13:46.057] [SEVERE ] updating countdown to 10000
[19:13:46.057] [SEVERE ] player 3 placing token on slot 2
[19:13:46.057] [SEVERE ] player 3 placing token on slot 3
[19:13:46.057] [SEVERE ] player 3 placing token on slot 9
[19:13:46.057] [SEVERE ] setting player 5 score to 4
[19:13:46.057] [SEVERE ] setting player 5 freeze to 1000
[19:13:46.167] [SEVERE ] placing card 78 in slot 0
[19:13:46.277] [SEVERE ] placing card 60 in slot 10
[19:13:46.387] [SEVERE ] placing card 68 in slot 8
[19:13:46.402] [SEVERE ] player 4 placing token on slot 11
[19:13:46.402] [SEVERE ] player 4 placing token on slot 3
[19:13:46.402] [SEVERE ] player 4 placing token on slot 0
[19:13:46.402] [SEVERE ] updating countdown to 9655
[19:13:46.402] [SEVERE ] updating countdown to 10000
[19:13:46.513] [SEVERE ] removing player 3 token from slot 2
[19:13:46.513] [SEVERE ] removing tokens from slot 2
[19:13:46.513] [SEVERE ] removing card from slot 2
[19:13:46.623] [SEVERE ] removing player 3 token from slot 3
[19:13:46.623] [SEVERE ] removing player 4 token from slot 3
[19:13:46.623] [SEVERE ] removing tokens from slot 3
[19:13:46.623] [SEVERE ] removing card from slot 3
[19:13:46.733] [SEVERE ] removing player 3 token from slot 9
[19:13:46.734] [SEVERE ] removing tokens from slot 9
[19:13:46.734] [SEVERE ] player 1 placing token on slot 1
[19:13:46.734] [SEVERE ] removing card from slot 9
[19:13:46.734] [SEVERE ] player 1 placing token on slot 8
[19:13:46.734] [SEVERE ] player 1 placing token on slot 7
[19:13:46.734] [SEVERE ] setting player 3 score to 1
[19:13:46.734] [SEVERE ] setting player 3 freeze to 1000
[19:13:46.844] [SEVERE ] placing card 58 in slot 2
[19:13:46.954] [SEVERE ] placing card 63 in slot 3
[19:13:47.064] [SEVERE ] placing card 64 in slot 9
[19:13:47.064] [SEVERE ] setting player 5 freeze to 0
[19:13:47.064] [SEVERE ] player 2 placing token on slot 1
[19:13:47.064] [SEVERE ] updating countdown to 10000
[19:13:47.064] [SEVERE ] player 2 placing token on slot 3
[19:13:47.064] [SEVERE ] player 2 placing token on slot 0
[19:13:47.064] [SEVERE ] updating countdown to 10000
[19:13:47.064] [SEVERE ] updating countdown to 10000
[19:13:47.174] [SEVERE ] removing player 1 token from slot 1
[19:13:47.174] [SEVERE ] removing player 2 token from slot 1
[19:13:47.174] [SEVERE ] removing tokens from slot 1
[19:13:47.174] [SEVERE ] removing card from slot 1
[19:13:47.284] [SEVERE ] removing player 1 token from slot 8
[19:13:47.284] [SEVERE ] removing tokens from slot 8
[19:13:47.284] [SEVERE ] removing card from slot 8
[19:13:47.394] [SEVERE ] removing player 1 token from slot 7
[19:13:47.394] [SEVERE ] removing tokens from slot 7
[19:13:47.394] [SEVERE ] removing card from slot 7
[19:13:47.394] [SEVERE ] setting player 1 score to 4
[19:13:47.394] [SEVERE ] setting player 1 freeze to 1000
[19:13:47.503] [SEVERE ] placing card 41 in slot 7
[19:13:47.614] [SEVERE ] placing card 71 in slot 1
[19:13:47.724] [SEVERE ] placing card 61 in slot 8
[19:13:47.740] [SEVERE ] player 4 placing token on slot 8
[19:13:47.740] [SEVERE ] setting player 3 freeze to 0
[19:13:47.740] [SEVERE ] updating countdown to 9324
[19:13:47.740] [SEVERE ] updating countdown to 10000
[19:13:47.741] [SEVERE ] removing player 4 token from slot 11
[19:13:47.742] [SEVERE ] removing player 4 token from slot 0
[19:13:47.742] [SEVERE ] removing player 4 token from slot 8
[19:13:47.742] [SEVERE ] setting player 4 freeze to 5000
[19:13:48.073] [SEVERE ] player 5 placing token on slot 8
[19:13:48.073] [SEVERE ] player 5 placing token on slot 1
[19:13:48.073] [SEVERE ] player 5 placing token on slot 0
[19:13:48.073] [SEVERE ] updating countdown to 9667
[19:13:48.073] [SEVERE ] updating countdown to 10000
[19:13:48.183] [SEVERE ] removing player 5 token from slot 8
[19:13:48.183] [SEVERE ] removing tokens from slot 8
[19:13:48.183] [SEVERE ] removing card from slot 8
[19:13:48.294] [SEVERE ] removing player 5 token from slot 1
[19:13:48.294] [SEVERE ] removing tokens from slot 1
[19:13:48.294] [SEVERE ] removing card from slot 1
[19:13:48.403] [SEVERE ] setting player 1 freeze to 0
[19:13:48.403] [SEVERE ] removing player 2 token from slot 0
[19:13:48.404] [SEVERE ] removing player 5 token from slot 0
[19:13:48.404] [SEVERE ] updating countdown to 10000
[19:13:48.404] [SEVERE ] removing tokens from slot 0
[19:13:48.404] [SEVERE ] removing card from slot 0
[19:13:48.404] [SEVERE ] setting player 5 score to 5
[19:13:48.404] [SEVERE ] player 2 placing token on slot 11
[19:13:48.404] [SEVERE ] setting player 5 freeze to 1000
[19:13:48.404] [SEVERE ] player 2 placing token on slot 6
[19:13:48.514] [SEVERE ] placing card 62 in slot 0
[19:13:48.624] [SEVERE ] placing card 36 in slot 1
[19:13:48.734] [SEVERE ] placing card 75 in slot 8
[19:13:48.749] [SEVERE ] setting player 4 freeze to 4000
[19:13:48.749] [SEVERE ] player 3 placing token on slot 11
[19:13:48.749] [SEVERE ] player 3 placing token on slot 1
[19:13:48.749] [SEVERE ] player 3 placing token on slot 0
[19:13:48.749] [SEVERE ] updating countdown to 9655
[19:13:48.749] [SEVERE ] updating countdown to 10000
[19:13:48.859] [SEVERE ] removing player 2 token from slot 3
[19:13:48.859] [SEVERE ] removing tokens from slot 3
[19:13:48.859] [SEVERE ] removing card from slot 3
[19:13:48.969] [SEVERE ] removing player 2 token from slot 11
[19:13:48.969] [SEVERE ] removing player 3 token from slot 11
[19:13:48.969] [SEVERE ] removing tokens from slot 11
[19:13:48.969] [SEVERE ] removing card from slot 11
[19:13:49.079] [SEVERE ] removing player 2 token from slot 6
[19:13:49.079] [SEVERE ] removing tokens from slot 6
[19:13:49.079] [SEVERE ] removing card from slot 6
[19:13:49.079] [SEVERE ] setting player 2 score to 2
[19:13:49.079] [SEVERE ] setting player 2 freeze to 1000
[19:13:49.188] [SEVERE ] placing card 56 in slot 3
[19:13:49.299] [SEVERE ] placing card 70 in slot 11
[19:13:49.408] [SEVERE ] placing card 33 in slot 6
[19:13:49.408] [SEVERE ] player 1 placing token on slot 0
[19:13:49.408] [SEVERE ] player 1 placing token on slot 9
[19:13:49.408] [SEVERE ] player 1 placing token on slot 8
[19:13:49.408] [SEVERE ] updating countdown to 8996
[19:13:49.408] [SEVERE ] updating countdown to 10000
[19:13:49.408] [SEVERE ] setting player 5 freeze to 0
[19:13:49.409] [SEVERE ] updating countdown to 10000
[19:13:49.509] [SEVERE ] removing player 1 token from slot 0
[19:13:49.509] [SEVERE ] removing player 3 token from slot 0
[19:13:49.509] [SEVERE ] removing tokens from slot 0
[19:13:49.509] [SEVERE ] removing card from slot 0
[19:13:49.611] [SEVERE ] removing player 1 token from slot 9
[19:13:49.611] [SEVERE ] removing tokens from slot 9
[19:13:49.611] [SEVERE ] removing card from slot 9
[19:13:49.712] [SEVERE ] removing player 1 token from slot 8
[19:13:49.713] [SEVERE ] removing tokens from slot 8
[19:13:49.713] [SEVERE ] removing card from slot 8
[19:13:49.714] [SEVERE ] setting player 1 score to 5
[19:13:49.714] [SEVERE ] setting player 1 freeze to 1000
[19:13:49.761] [SEVERE ] setting player 4 freeze to 3000
[19:13:49.824] [SEVERE ] placing card 48 in slot 0
[19:13:49.934] [SEVERE ] placing card 27 in slot 9
[19:13:50.045] [SEVERE ] placing card 18 in slot 8
[19:13:50.092] [SEVERE ] setting player 2 freeze to 0
[19:13:50.092] [SEVERE ] updating countdown to 10000
[19:13:50.092] [SEVERE ] player 3 placing token on slot 6
[19:13:50.092] [SEVERE ] removing player 3 token from slot 1
[19:13:50.092] [SEVERE ] player 3 placing token on slot 0
[19:13:50.422] [SEVERE ] player 5 placing token on slot 6
[19:13:50.422] [SEVERE ] player 5 placing token on slot 1
[19:13:50.422] [SEVERE ] player 5 placing token on slot 0
[19:13:50.422] [SEVERE ] updating countdown to 9670
[19:13:50.422] [SEVERE ] updating countdown to 10000
[19:13:50.532] [SEVERE ] removing player 3 token from slot 6
[19:13:50.532] [SEVERE ] removing player 5 token from slot 6
[19:13:50.532] [SEVERE ] removing tokens from slot 6
[19:13:50.532] [SEVERE ] removing card from slot 6
[19:13:50.643] [SEVERE ] removing player 5 token from slot 1
[19:13:50.643] [SEVERE ] removing tokens from slot 1
[19:13:50.643] [SEVERE ] removing card from slot 1
[19:13:50.721] [SEVERE ] setting player 1 freeze to 0
[19:13:50.721] [SEVERE ] updating countdown to 10000
[19:13:50.753] [SEVERE ] removing player 3 token from slot 0
[19:13:50.753] [SEVERE ] removing player 5 token from slot 0
[19:13:50.753] [SEVERE ] removing tokens from slot 0
[19:13:50.753] [SEVERE ] removing card from slot 0
[19:13:50.753] [SEVERE ] setting player 5 score to 6
[19:13:50.753] [SEVERE ] setting player 5 freeze to 1000
[19:13:50.769] [SEVERE ] setting player 4 freeze to 2000
[19:13:50.863] [SEVERE ] placing card 45 in slot 0
[19:13:50.973] [SEVERE ] placing card 37 in slot 1
[19:13:51.083] [SEVERE ] placing card 53 in slot 6
[19:13:51.098] [SEVERE ] player 2 placing token on slot 4
[19:13:51.099] [SEVERE ] player 2 placing token on slot 0
[19:13:51.099] [SEVERE ] player 2 placing token on slot 11
[19:13:51.099] [SEVERE ] player 3 placing token on slot 4
[19:13:51.099] [SEVERE ] updating countdown to 9622
[19:13:51.099] [SEVERE ] player 3 placing token on slot 0
[19:13:51.099] [SEVERE ] player 3 placing token on slot 11
[19:13:51.099] [SEVERE ] updating countdown to 10000
[19:13:51.209] [SEVERE ] removing player 2 token from slot 4
[19:13:51.209] [SEVERE ] removing player 3 token from slot 4
[19:13:51.209] [SEVERE ] removing tokens from slot 4
[19:13:51.209] [SEVERE ] removing card from slot 4
[19:13:51.319] [SEVERE ] removing player 2 token from slot 0
[19:13:51.319] [SEVERE ] removing player 3 token from slot 0
[19:13:51.319] [SEVERE ] removing tokens from slot 0
[19:13:51.319] [SEVERE ] removing card from slot 0
[19:13:51.430] [SEVERE ] removing player 2 token from slot 11
[19:13:51.430] [SEVERE ] removing player 3 token from slot 11
[19:13:51.430] [SEVERE ] removing tokens from slot 11
[19:13:51.430] [SEVERE ] removing card from slot 11
[19:13:51.430] [SEVERE ] setting player 2 score to 3
[19:13:51.430] [SEVERE ] setting player 2 freeze to 1000
[19:13:51.541] [SEVERE ] placing card 10 in slot 0
[19:13:51.651] [SEVERE ] placing card 16 in slot 4
[19:13:51.729] [SEVERE ] player 1 placing token on slot 8
[19:13:51.729] [SEVERE ] player 1 placing token on slot 1
[19:13:51.729] [SEVERE ] player 1 placing token on slot 3
[19:13:51.761] [SEVERE ] setting player 5 freeze to 0
[19:13:51.761] [SEVERE ] placing card 49 in slot 11
[19:13:51.761] [SEVERE ] updating countdown to 10000
[19:13:51.777] [SEVERE ] setting player 4 freeze to 1000
[19:13:52.438] [SEVERE ] setting player 2 freeze to 0
[19:13:52.438] [SEVERE ] updating countdown to 10000
[19:13:52.438] [SEVERE ] player 3 placing token on slot 8
[19:13:52.438] [SEVERE ] player 3 placing token on slot 1
[19:13:52.438] [SEVERE ] player 3 placing token on slot 3
[19:13:52.438] [SEVERE ] updating countdown to 10000
[19:13:52.438] [SEVERE ] updating countdown to 10000
[19:13:52.548] [SEVERE ] removing player 1 token from slot 8
[19:13:52.548] [SEVERE ] removing player 3 token from slot 8
[19:13:52.548] [SEVERE ] removing tokens from slot 8
[19:13:52.548] [SEVERE ] removing card from slot 8
[19:13:52.659] [SEVERE ] removing player 1 token from slot 1
[19:13:52.659] [SEVERE ] removing player 3 token from slot 1
[19:13:52.659] [SEVERE ] removing tokens from slot 1
[19:13:52.659] [SEVERE ] removing card from slot 1
[19:13:52.769] [SEVERE ] removing player 1 token from slot 3
[19:13:52.770] [SEVERE ] removing player 3 token from slot 3
[19:13:52.770] [SEVERE ] removing tokens from slot 3
[19:13:52.770] [SEVERE ] removing card from slot 3
[19:13:52.770] [SEVERE ] player 5 placing token on slot 2
[19:13:52.770] [SEVERE ] setting player 1 score to 6
[19:13:52.770] [SEVERE ] setting player 1 freeze to 1000
[19:13:52.770] [SEVERE ] player 5 placing token on slot 10
[19:13:52.785] [SEVERE ] setting player 4 freeze to 0
[19:13:52.880] [SEVERE ] placing card 34 in slot 1
[19:13:52.991] [SEVERE ] placing card 3 in slot 3
[19:13:53.101] [SEVERE ] placing card 43 in slot 8
[19:13:53.448] [SEVERE ] player 2 placing token on slot 4
[19:13:53.448] [SEVERE ] player 2 placing token on slot 5
[19:13:53.448] [SEVERE ] player 2 placing token on slot 2
[19:13:53.448] [SEVERE ] updating countdown to 8990
[19:13:53.448] [SEVERE ] updating countdown to 10000
[19:13:53.556] [SEVERE ] removing player 2 token from slot 4
[19:13:53.556] [SEVERE ] removing tokens from slot 4
[19:13:53.556] [SEVERE ] removing card from slot 4
[19:13:53.657] [SEVERE ] removing player 2 token from slot 5
[19:13:53.657] [SEVERE ] removing tokens from slot 5
[19:13:53.657] [SEVERE ] removing card from slot 5
[19:13:53.759] [SEVERE ] removing player 2 token from slot 2
[19:13:53.759] [SEVERE ] removing player 5 token from slot 2
[19:13:53.759] [SEVERE ] removing tokens from slot 2
[19:13:53.759] [SEVERE ] removing card from slot 2
[19:13:53.760] [SEVERE ] setting player 2 score to 4
[19:13:53.760] [SEVERE ] setting player 2 freeze to 1000
[19:13:53.773] [SEVERE ] setting player 1 freeze to 0
[19:13:53.773] [SEVERE ] player 5 placing token on slot 3
[19:13:53.773] [SEVERE ] updating countdown to 10000
[19:13:53.773] [SEVERE ] player 5 placing token on slot 9
[19:13:53.774] [SEVERE ] player 3 placing token on slot 3
[19:13:53.774] [SEVERE ] player 3 placing token on slot 9
[19:13:53.774] [SEVERE ] player 3 placing token on slot 10
[19:13:53.789] [SEVERE ] player 4 placing token on slot 3
[19:13:53.789] [SEVERE ] player 4 placing token on slot 9
[19:13:53.789] [SEVERE ] player 4 placing token on slot 10
[19:13:53.869] [SEVERE ] placing card 12 in slot 5
[19:13:53.979] [SEVERE ] placing card 55 in slot 2
[19:13:54.090] [SEVERE ] placing card 67 in slot 4
[19:13:54.768] [SEVERE ] setting player 2 freeze to 0
[19:13:54.768] [SEVERE ] updating countdown to 10000
[19:13:54.783] [SEVERE ] player 1 placing token on slot 0
[19:13:54.783] [SEVERE ] player 1 placing token on slot 8
[19:13:54.783] [SEVERE ] player 1 placing token on slot 4
[19:13:54.783] [SEVERE ] updating countdown to 9985
[19:13:54.783] [SEVERE ] updating countdown to 10000
[19:13:54.894] [SEVERE ] removing player 3 token from slot 10
[19:13:54.894] [SEVERE ] removing player 4 token from slot 10
[19:13:54.894] [SEVERE ] removing player 5 token from slot 10
[19:13:54.894] [SEVERE ] removing tokens from slot 10
[19:13:54.894] [SEVERE ] removing card from slot 10
[19:13:55.006] [SEVERE ] removing player 3 token from slot 3
[19:13:55.006] [SEVERE ] removing player 4 token from slot 3
[19:13:55.006] [SEVERE ] removing player 5 token from slot 3
[19:13:55.006] [SEVERE ] removing tokens from slot 3
[19:13:55.006] [SEVERE ] removing card from slot 3
[19:13:55.118] [SEVERE ] removing player 3 token from slot 9
[19:13:55.118] [SEVERE ] removing player 4 token from slot 9
[19:13:55.118] [SEVERE ] removing player 5 token from slot 9
[19:13:55.118] [SEVERE ] removing tokens from slot 9
[19:13:55.118] [SEVERE ] removing card from slot 9
[19:13:55.118] [SEVERE ] setting player 5 score to 7
[19:13:55.118] [SEVERE ] updating countdown to 10000
[19:13:55.118] [SEVERE ] setting player 5 freeze to 1000
[19:13:55.228] [SEVERE ] removing player 1 token from slot 0
[19:13:55.229] [SEVERE ] removing tokens from slot 0
[19:13:55.229] [SEVERE ] removing card from slot 0
[19:13:55.339] [SEVERE ] removing player 1 token from slot 8
[19:13:55.339] [SEVERE ] removing tokens from slot 8
[19:13:55.339] [SEVERE ] removing card from slot 8
[19:13:55.449] [SEVERE ] removing player 1 token from slot 4
[19:13:55.449] [SEVERE ] removing tokens from slot 4
[19:13:55.449] [SEVERE ] removing card from slot 4
[19:13:55.449] [SEVERE ] setting player 1 score to 7
[19:13:55.449] [SEVERE ] setting player 1 freeze to 1000
[19:13:55.560] [SEVERE ] placing card 26 in slot 0
[19:13:55.671] [SEVERE ] placing card 38 in slot 4
[19:13:55.782] [SEVERE ] placing card 39 in slot 3
[19:13:55.782] [SEVERE ] player 2 placing token on slot 5
[19:13:55.782] [SEVERE ] player 2 placing token on slot 6
[19:13:55.782] [SEVERE ] player 2 placing token on slot 2
[19:13:55.893] [SEVERE ] placing card 29 in slot 10
[19:13:56.003] [SEVERE ] placing card 31 in slot 9
[19:13:56.114] [SEVERE ] placing card 4 in slot 8
[19:13:56.129] [SEVERE ] setting player 5 freeze to 0
[19:13:56.129] [SEVERE ] player 3 placing token on slot 0
[19:13:56.130] [SEVERE ] updating countdown to 10000
[19:13:56.130] [SEVERE ] player 3 placing token on slot 3
[19:13:56.130] [SEVERE ] player 3 placing token on slot 2
[19:13:56.130] [SEVERE ] player 4 placing token on slot 0
[19:13:56.130] [SEVERE ] player 4 placing token on slot 3
[19:13:56.130] [SEVERE ] updating countdown to 10000
[19:13:56.130] [SEVERE ] updating countdown to 10000
[19:13:56.130] [SEVERE ] player 4 placing token on slot 2
[19:13:56.240] [SEVERE ] removing player 2 token from slot 5
[19:13:56.240] [SEVERE ] removing tokens from slot 5
[19:13:56.240] [SEVERE ] removing card from slot 5
[19:13:56.351] [SEVERE ] removing player 2 token from slot 6
[19:13:56.351] [SEVERE ] removing tokens from slot 6
[19:13:56.351] [SEVERE ] removing card from slot 6
[19:13:56.462] [SEVERE ] setting player 1 freeze to 0
[19:13:56.462] [SEVERE ] removing player 2 token from slot 2
[19:13:56.462] [SEVERE ] updating countdown to 10000
[19:13:56.462] [SEVERE ] removing player 3 token from slot 2
[19:13:56.462] [SEVERE ] removing player 4 token from slot 2
[19:13:56.462] [SEVERE ] removing tokens from slot 2
[19:13:56.462] [SEVERE ] removing card from slot 2
[19:13:56.462] [SEVERE ] setting player 2 score to 5
[19:13:56.462] [SEVERE ] setting player 2 freeze to 1000
[19:13:56.573] [SEVERE ] placing card 42 in slot 5
[19:13:56.683] [SEVERE ] placing card 72 in slot 2
[19:13:56.794] [SEVERE ] placing card 44 in slot 6
[19:13:57.142] [SEVERE ] player 5 placing token on slot 0
[19:13:57.142] [SEVERE ] player 5 placing token on slot 11
[19:13:57.142] [SEVERE ] player 5 placing token on slot 2
[19:13:57.142] [SEVERE ] updating countdown to 9320
[19:13:57.142] [SEVERE ] updating countdown to 10000
[19:13:57.244] [SEVERE ] removing player 3 token from slot 0
[19:13:57.244] [SEVERE ] removing player 4 token from slot 0
[19:13:57.244] [SEVERE ] removing player 5 token from slot 0
[19:13:57.244] [SEVERE ] removing tokens from slot 0
[19:13:57.244] [SEVERE ] removing card from slot 0
[19:13:57.345] [SEVERE ] removing player 5 token from slot 11
[19:13:57.345] [SEVERE ] removing tokens from slot 11
[19:13:57.345] [SEVERE ] removing card from slot 11
[19:13:57.446] [SEVERE ] removing player 5 token from slot 2
[19:13:57.446] [SEVERE ] removing tokens from slot 2
[19:13:57.446] [SEVERE ] removing card from slot 2
[19:13:57.447] [SEVERE ] setting player 5 score to 8
[19:13:57.447] [SEVERE ] setting player 5 freeze to 1000
[19:13:57.464] [SEVERE ] player 1 placing token on slot 4
[19:13:57.464] [SEVERE ] player 1 placing token on slot 7
[19:13:57.464] [SEVERE ] player 1 placing token on slot 6
[19:13:57.464] [SEVERE ] setting player 2 freeze to 0
[19:13:57.465] [SEVERE ] updating countdown to 10000
[19:13:57.465] [SEVERE ] player 4 placing token on slot 4
[19:13:57.465] [SEVERE ] player 4 placing token on slot 7
[19:13:57.465] [SEVERE ] player 3 placing token on slot 4
[19:13:57.465] [SEVERE ] player 3 placing token on slot 7
[19:13:57.559] [SEVERE ] placing card 66 in slot 0
[19:13:57.671] [SEVERE ] placing card 74 in slot 2
[19:13:57.781] [SEVERE ] placing card 14 in slot 11
[19:13:58.458] [SEVERE ] setting player 5 freeze to 0
[19:13:58.458] [SEVERE ] updating countdown to 10000
[19:13:58.474] [SEVERE ] player 2 placing token on slot 8
[19:13:58.474] [SEVERE ] player 2 placing token on slot 5
[19:13:58.474] [SEVERE ] player 2 placing token on slot 2
[19:13:58.474] [SEVERE ] updating countdown to 9984
[19:13:58.474] [SEVERE ] updating countdown to 10000
[19:13:58.584] [SEVERE ] removing player 1 token from slot 4
[19:13:58.584] [SEVERE ] removing player 3 token from slot 4
[19:13:58.584] [SEVERE ] removing player 4 token from slot 4
[19:13:58.584] [SEVERE ] removing tokens from slot 4
[19:13:58.584] [SEVERE ] removing card from slot 4
[19:13:58.694] [SEVERE ] removing player 1 token from slot 7
[19:13:58.694] [SEVERE ] removing player 3 token from slot 7
[19:13:58.694] [SEVERE ] removing player 4 token from slot 7
[19:13:58.694] [SEVERE ] removing tokens from slot 7
[19:13:58.694] [SEVERE ] removing card from slot 7
[19:13:58.805] [SEVERE ] removing player 1 token from slot 6
[19:13:58.805] [SEVERE ] removing tokens from slot 6
[19:13:58.805] [SEVERE ] removing card from slot 6
[19:13:58.805] [SEVERE ] updating countdown to 10000
[19:13:58.805] [SEVERE ] setting player 1 score to 8
[19:13:58.805] [SEVERE ] setting player 1 freeze to 1000
[19:13:58.915] [SEVERE ] removing player 2 token from slot 8
[19:13:58.915] [SEVERE ] removing tokens from slot 8
[19:13:58.915] [SEVERE ] removing card from slot 8
[19:13:59.026] [SEVERE ] removing player 2 token from slot 5
[19:13:59.026] [SEVERE ] removing tokens from slot 5
[19:13:59.026] [SEVERE ] removing card from slot 5
[19:13:59.137] [SEVERE ] removing player 2 token from slot 2
[19:13:59.137] [SEVERE ] removing tokens from slot 2
[19:13:59.137] [SEVERE ] removing card from slot 2
[19:13:59.137] [SEVERE ] setting player 2 score to 6
[19:13:59.137] [SEVERE ] setting player 2 freeze to 1000
[19:13:59.811] [SEVERE ] setting player 1 freeze to 0
[19:13:59.811] [SEVERE ] updating countdown to 10000
[19:14:00.142] [SEVERE ] updating countdown to 9669
[19:14:00.142] [SEVERE ] setting player 2 freeze to 0
[19:14:00.142] [SEVERE ] updating countdown to 10000
[19:14:01.154] [SEVERE ] updating countdown to 8988
[19:14:02.166] [SEVERE ] updating countdown to 7976
[19:14:03.176] [SEVERE ] updating countdown to 6966
[19:14:04.190] [SEVERE ] updating countdown to 5952
[19:14:10.151] [SEVERE ] updating countdown to 10000
[19:14:10.262] [SEVERE ] removing tokens from slot 0
[19:14:10.262] [SEVERE ] removing card from slot 0
[19:14:10.703] [SEVERE ] removing tokens from slot 1
[19:14:10.703] [SEVERE ] removing card from slot 1
[19:14:10.923] [SEVERE ] removing player 3 token from slot 3
[19:14:10.923] [SEVERE ] removing player 4 token from slot 3
[19:14:10.923] [SEVERE ] removing tokens from slot 3
[19:14:10.923] [SEVERE ] removing card from slot 3
[19:14:11.034] [SEVERE ] removing tokens from slot 11
[19:14:11.034] [SEVERE ] removing card from slot 11
[19:14:11.145] [SEVERE ] removing tokens from slot 10
[19:14:11.145] [SEVERE ] removing card from slot 10
[19:14:11.366] [SEVERE ] removing tokens from slot 9
[19:14:11.366] [SEVERE ] removing card from slot 9
[19:14:11.479] [SEVERE ] announcing winner(s): player 1, player 5
[19:14:11.479] [INFO   ] thread dealer terminated.
[19:14:11.484] [INFO   ] thread dealer terminated.
[19:14:16.499] [SEVERE ] thanks for playing... it was fun!
[19:14:16.499] [INFO   ] thread bguspl.set.Main.main() terminated.
[19:14:16.499] [SEVERE ] disposing of user interface elements
