[16:02:37.152] [INFO   ] thread bguspl.set.Main.main() starting.
[16:02:37.155] [SEVERE ] cannot read configuration file config.properties trying from resources.
[16:02:37.155] [SEVERE ] configuration file was loaded from resources directory.
[16:02:37.736] [INFO   ] thread dealer starting.
[16:02:37.737] [INFO   ] thread dealer starting.
[16:02:37.737] [INFO   ] thread Thread-2 starting.
[16:02:37.738] [INFO   ] thread Thread-1 starting.
[16:02:37.738] [INFO   ] thread Thread-4 starting.
[16:02:37.738] [INFO   ] thread Thread-3 starting.
[16:02:37.740] [INFO   ] thread computer-3 starting.
[16:02:37.740] [INFO   ] thread computer-2 starting.
[16:02:37.743] [SEVERE ] updating countdown to 50000
[16:02:37.854] [SEVERE ] placing card 51 in slot 10
[16:02:37.966] [SEVERE ] placing card 80 in slot 2
[16:02:38.077] [SEVERE ] placing card 50 in slot 11
[16:02:38.188] [SEVERE ] placing card 67 in slot 0
[16:02:38.300] [SEVERE ] placing card 21 in slot 4
[16:02:38.410] [SEVERE ] placing card 54 in slot 7
[16:02:38.519] [SEVERE ] placing card 2 in slot 3
[16:02:38.628] [SEVERE ] placing card 33 in slot 5
[16:02:38.740] [SEVERE ] placing card 9 in slot 6
[16:02:38.756] [SEVERE ] player 4 placing token on slot 5
[16:02:38.756] [SEVERE ] player 3 placing token on slot 6
[16:02:38.850] [SEVERE ] placing card 7 in slot 8
[16:02:38.962] [SEVERE ] placing card 35 in slot 1
[16:02:39.072] [SEVERE ] placing card 28 in slot 9
[16:02:39.757] [SEVERE ] player 4 placing token on slot 7
[16:02:39.771] [SEVERE ] player 3 placing token on slot 2
[16:02:40.060] [SEVERE ] exit button pressed
[16:02:40.060] [INFO   ] thread Thread-2 terminated.
[16:02:40.060] [INFO   ] thread Thread-1 terminated.
[16:02:40.088] [SEVERE ] updating countdown to 49984
[16:02:40.088] [SEVERE ] updating countdown to 50000
[16:02:40.200] [SEVERE ] removing tokens from slot 10
[16:02:40.200] [SEVERE ] removing card from slot 10
[16:02:40.311] [SEVERE ] removing player 3 token from slot 2
[16:02:40.311] [SEVERE ] removing tokens from slot 2
[16:02:40.312] [SEVERE ] removing card from slot 2
[16:02:40.423] [SEVERE ] removing tokens from slot 11
[16:02:40.423] [SEVERE ] removing card from slot 11
[16:02:40.534] [SEVERE ] removing tokens from slot 0
[16:02:40.534] [SEVERE ] removing card from slot 0
[16:02:40.644] [SEVERE ] removing tokens from slot 4
[16:02:40.644] [SEVERE ] removing card from slot 4
[16:02:40.756] [SEVERE ] removing player 4 token from slot 7
[16:02:40.757] [SEVERE ] removing tokens from slot 7
[16:02:40.757] [SEVERE ] removing card from slot 7
[16:02:40.868] [SEVERE ] removing tokens from slot 3
[16:02:40.868] [SEVERE ] removing card from slot 3
[16:02:40.979] [SEVERE ] removing player 4 token from slot 5
[16:02:40.979] [SEVERE ] removing tokens from slot 5
[16:02:40.980] [SEVERE ] removing card from slot 5
[16:02:41.089] [SEVERE ] removing player 3 token from slot 6
[16:02:41.089] [SEVERE ] removing tokens from slot 6
[16:02:41.089] [SEVERE ] removing card from slot 6
[16:02:41.198] [SEVERE ] removing tokens from slot 8
[16:02:41.198] [SEVERE ] removing card from slot 8
[16:02:41.309] [SEVERE ] removing tokens from slot 1
[16:02:41.309] [SEVERE ] removing card from slot 1
[16:02:41.420] [SEVERE ] removing tokens from slot 9
[16:02:41.420] [SEVERE ] removing card from slot 9
[16:02:41.426] [SEVERE ] announcing winner(s): player 1, player 2, player 3, player 4
[16:02:41.428] [INFO   ] thread dealer terminated.
[16:02:41.428] [INFO   ] thread dealer terminated.
[16:02:41.428] [SEVERE ] thanks for playing... it was fun!
[16:02:41.429] [INFO   ] thread bguspl.set.Main.main() terminated.
