[15:27:40.450] [INFO   ] thread bguspl.set.Main.main() starting.
[15:27:40.468] [SEVERE ] cannot read configuration file config.properties trying from resources.
[15:27:40.468] [SEVERE ] configuration file was loaded from resources directory.
[15:27:41.194] [INFO   ] thread dealer starting.
[15:27:41.204] [INFO   ] thread dealer starting.
[15:27:41.204] [INFO   ] thread Thread-2 starting.
[15:27:41.204] [INFO   ] thread Thread-1 starting.
[15:27:41.204] [INFO   ] thread Thread-3 starting.
[15:27:41.204] [INFO   ] thread Thread-4 starting.
[15:27:41.208] [INFO   ] thread computer-2 starting.
[15:27:41.208] [INFO   ] thread computer-3 starting.
[15:27:41.212] [SEVERE ] updating countdown to 5000
[15:27:41.324] [SEVERE ] placing card 5 in slot 2
[15:27:41.478] [SEVERE ] placing card 29 in slot 11
[15:27:41.586] [SEVERE ] placing card 4 in slot 8
[15:27:41.696] [SEVERE ] placing card 51 in slot 7
[15:27:41.807] [SEVERE ] placing card 64 in slot 4
[15:27:41.919] [SEVERE ] placing card 69 in slot 10
[15:27:42.029] [SEVERE ] placing card 41 in slot 6
[15:27:42.144] [SEVERE ] placing card 28 in slot 0
[15:27:42.211] [SEVERE ] player 4 placing token on slot 10
[15:27:42.254] [SEVERE ] placing card 78 in slot 5
[15:27:42.363] [SEVERE ] placing card 65 in slot 9
[15:27:42.474] [SEVERE ] placing card 7 in slot 1
[15:27:42.588] [SEVERE ] placing card 61 in slot 3
[15:27:43.224] [SEVERE ] player 3 placing token on slot 0
[15:27:43.226] [SEVERE ] player 4 placing token on slot 8
[15:27:44.227] [SEVERE ] player 3 placing token on slot 11
[15:27:44.231] [SEVERE ] player 4 placing token on slot 1
[15:27:44.231] [SEVERE ] removing player 4 token from slot 10
[15:27:44.234] [SEVERE ] removing player 4 token from slot 8
[15:27:44.234] [SEVERE ] removing player 4 token from slot 1
[15:27:44.234] [SEVERE ] setting player 4 freeze to 3000
[15:27:45.242] [SEVERE ] setting player 4 freeze to 2000
[15:27:45.242] [SEVERE ] player 3 placing token on slot 8
[15:27:45.244] [SEVERE ] removing player 3 token from slot 0
[15:27:45.244] [SEVERE ] removing player 3 token from slot 11
[15:27:45.244] [SEVERE ] removing player 3 token from slot 8
[15:27:45.244] [SEVERE ] setting player 3 freeze to 3000
[15:27:46.252] [SEVERE ] setting player 3 freeze to 2000
[15:27:46.252] [SEVERE ] setting player 4 freeze to 1000
[15:27:47.262] [SEVERE ] setting player 4 freeze to 0
[15:27:47.262] [SEVERE ] setting player 3 freeze to 1000
[15:27:48.271] [SEVERE ] setting player 3 freeze to 0
[15:27:48.271] [SEVERE ] player 4 placing token on slot 3
[15:27:48.594] [SEVERE ] updating countdown to 5000
[15:27:48.699] [SEVERE ] removing tokens from slot 2
[15:27:48.699] [SEVERE ] removing card from slot 2
[15:27:48.809] [SEVERE ] removing tokens from slot 11
[15:27:48.809] [SEVERE ] removing card from slot 11
[15:27:48.919] [SEVERE ] removing tokens from slot 8
[15:27:48.919] [SEVERE ] removing card from slot 8
[15:27:49.030] [SEVERE ] removing tokens from slot 7
[15:27:49.030] [SEVERE ] removing card from slot 7
[15:27:49.140] [SEVERE ] removing tokens from slot 4
[15:27:49.140] [SEVERE ] removing card from slot 4
[15:27:49.250] [SEVERE ] removing tokens from slot 10
[15:27:49.250] [SEVERE ] removing card from slot 10
[15:27:49.353] [SEVERE ] removing tokens from slot 6
[15:27:49.353] [SEVERE ] removing card from slot 6
[15:27:49.457] [SEVERE ] removing tokens from slot 0
[15:27:49.457] [SEVERE ] removing card from slot 0
[15:27:49.567] [SEVERE ] removing tokens from slot 5
[15:27:49.567] [SEVERE ] removing card from slot 5
[15:27:49.677] [SEVERE ] removing tokens from slot 9
[15:27:49.677] [SEVERE ] removing card from slot 9
[15:27:49.786] [SEVERE ] removing tokens from slot 1
[15:27:49.786] [SEVERE ] removing card from slot 1
[15:27:49.896] [SEVERE ] removing player 4 token from slot 3
[15:27:49.896] [SEVERE ] removing tokens from slot 3
[15:27:49.896] [SEVERE ] removing card from slot 3
[15:27:49.898] [SEVERE ] updating countdown to 5000
[15:27:50.005] [SEVERE ] placing card 9 in slot 2
[15:27:50.115] [SEVERE ] placing card 4 in slot 11
[15:27:50.224] [SEVERE ] placing card 50 in slot 8
[15:27:50.334] [SEVERE ] placing card 58 in slot 7
[15:27:50.444] [SEVERE ] placing card 28 in slot 4
[15:27:50.553] [SEVERE ] placing card 55 in slot 10
[15:27:50.663] [SEVERE ] placing card 48 in slot 6
[15:27:50.773] [SEVERE ] placing card 12 in slot 0
[15:27:50.883] [SEVERE ] placing card 59 in slot 5
[15:27:50.992] [SEVERE ] placing card 43 in slot 9
[15:27:51.102] [SEVERE ] placing card 27 in slot 1
[15:27:51.212] [SEVERE ] placing card 21 in slot 3
[15:27:52.066] [SEVERE ] exit button pressed
[15:27:52.066] [INFO   ] thread Thread-2 terminated.
[15:27:52.066] [INFO   ] thread Thread-1 terminated.
[15:27:52.224] [SEVERE ] updating countdown to 5000
[15:27:52.224] [SEVERE ] player 4 placing token on slot 2
[15:27:52.225] [INFO   ] thread computer-3 terminated.
[15:27:52.226] [SEVERE ] player 3 placing token on slot 3
[15:27:52.226] [INFO   ] thread computer-2 terminated.
[15:27:52.337] [SEVERE ] removing player 4 token from slot 2
[15:27:52.337] [SEVERE ] removing tokens from slot 2
[15:27:52.337] [SEVERE ] removing card from slot 2
[15:27:52.448] [SEVERE ] removing tokens from slot 11
[15:27:52.448] [SEVERE ] removing card from slot 11
[15:27:52.558] [SEVERE ] removing tokens from slot 8
[15:27:52.558] [SEVERE ] removing card from slot 8
[15:27:52.668] [SEVERE ] removing tokens from slot 7
[15:27:52.668] [SEVERE ] removing card from slot 7
[15:27:52.778] [SEVERE ] removing tokens from slot 4
[15:27:52.778] [SEVERE ] removing card from slot 4
[15:27:52.888] [SEVERE ] removing tokens from slot 10
[15:27:52.888] [SEVERE ] removing card from slot 10
[15:27:52.998] [SEVERE ] removing tokens from slot 6
[15:27:52.998] [SEVERE ] removing card from slot 6
[15:27:53.108] [SEVERE ] removing tokens from slot 0
[15:27:53.108] [SEVERE ] removing card from slot 0
[15:27:53.217] [SEVERE ] removing tokens from slot 5
[15:27:53.217] [SEVERE ] removing card from slot 5
[15:27:53.328] [SEVERE ] removing tokens from slot 9
[15:27:53.328] [SEVERE ] removing card from slot 9
[15:27:53.439] [SEVERE ] removing tokens from slot 1
[15:27:53.439] [SEVERE ] removing card from slot 1
[15:27:53.548] [SEVERE ] removing player 3 token from slot 3
[15:27:53.548] [SEVERE ] removing tokens from slot 3
[15:27:53.548] [SEVERE ] removing card from slot 3
[15:27:53.563] [INFO   ] thread dealer terminated.
[15:27:53.564] [SEVERE ] thanks for playing... it was fun!
[15:27:53.564] [INFO   ] thread bguspl.set.Main.main() terminated.
