[14:39:02.142] [INFO   ] thread bguspl.set.Main.main() starting.
[14:39:02.142] [SEVERE ] cannot read configuration file config.properties trying from resources.
[14:39:02.142] [SEVERE ] configuration file was loaded from resources directory.
[14:39:03.015] [INFO   ] thread dealer starting.
[14:39:03.018] [INFO   ] thread dealer starting.
[14:39:03.018] [INFO   ] thread Thread-2 starting.
[14:39:03.018] [INFO   ] thread Thread-1 starting.
[14:39:03.021] [INFO   ] thread Thread-3 starting.
[14:39:03.021] [INFO   ] thread Thread-4 starting.
[14:39:03.024] [INFO   ] thread computer-2 starting.
[14:39:03.024] [INFO   ] thread computer-3 starting.
[14:39:03.028] [SEVERE ] updating countdown to 10000
[14:39:03.134] [SEVERE ] placing card 9 in slot 7
[14:39:03.236] [SEVERE ] placing card 44 in slot 9
[14:39:03.338] [SEVERE ] placing card 64 in slot 10
[14:39:03.449] [SEVERE ] placing card 31 in slot 2
[14:39:03.556] [SEVERE ] placing card 75 in slot 6
[14:39:03.657] [SEVERE ] placing card 20 in slot 1
[14:39:03.762] [SEVERE ] placing card 53 in slot 8
[14:39:03.866] [SEVERE ] placing card 50 in slot 3
[14:39:03.968] [SEVERE ] placing card 24 in slot 4
[14:39:04.029] [SEVERE ] player 4 placing token on slot 6
[14:39:04.031] [SEVERE ] player 3 placing token on slot 6
[14:39:04.069] [SEVERE ] placing card 73 in slot 11
[14:39:04.171] [SEVERE ] placing card 61 in slot 5
[14:39:04.272] [SEVERE ] placing card 74 in slot 0
[14:39:05.032] [SEVERE ] player 4 placing token on slot 0
[14:39:05.036] [SEVERE ] player 3 placing token on slot 1
[14:39:05.274] [SEVERE ] updating countdown to 9998
[14:39:06.036] [SEVERE ] removing player 4 token from slot 6
[14:39:06.038] [SEVERE ] removing player 3 token from slot 1
[14:39:06.278] [SEVERE ] updating countdown to 8994
[14:39:07.037] [SEVERE ] player 4 placing token on slot 9
[14:39:07.044] [SEVERE ] player 3 placing token on slot 9
[14:39:07.288] [SEVERE ] updating countdown to 7984
[14:39:08.039] [SEVERE ] removing player 4 token from slot 0
[14:39:08.047] [SEVERE ] player 3 placing token on slot 10
[14:39:08.289] [SEVERE ] updating countdown to 6983
[14:39:08.291] [SEVERE ] removing player 3 token from slot 6
[14:39:08.291] [SEVERE ] removing player 3 token from slot 9
[14:39:08.291] [SEVERE ] removing player 3 token from slot 10
[14:39:08.293] [SEVERE ] setting player 3 freeze to 3000
[14:39:09.042] [SEVERE ] player 4 placing token on slot 1
[14:39:09.298] [SEVERE ] setting player 3 freeze to 2000
[14:39:09.298] [SEVERE ] updating countdown to 5974
[14:39:10.050] [SEVERE ] player 4 placing token on slot 5
[14:39:10.299] [SEVERE ] setting player 3 freeze to 1000
[14:39:10.301] [SEVERE ] removing player 4 token from slot 9
[14:39:10.304] [SEVERE ] removing player 4 token from slot 1
[14:39:10.305] [SEVERE ] removing player 4 token from slot 5
[14:39:10.306] [SEVERE ] setting player 4 freeze to 3000
[14:39:11.272] [SEVERE ] updating countdown to 4000
[14:39:11.302] [SEVERE ] setting player 3 freeze to 0
[14:39:11.313] [SEVERE ] setting player 4 freeze to 2000
[14:39:12.272] [SEVERE ] updating countdown to 3000
[14:39:12.272] [SEVERE ] updating countdown to 3000
[14:39:12.272] [SEVERE ] updating countdown to 3000
[14:39:12.272] [SEVERE ] updating countdown to 3000
[14:39:12.272] [SEVERE ] updating countdown to 3000
[14:39:12.272] [SEVERE ] updating countdown to 3000
[14:39:12.272] [SEVERE ] updating countdown to 3000
[14:39:12.272] [SEVERE ] updating countdown to 3000
[14:39:12.272] [SEVERE ] updating countdown to 3000
[14:39:12.272] [SEVERE ] updating countdown to 3000
[14:39:12.272] [SEVERE ] updating countdown to 3000
[14:39:12.272] [SEVERE ] updating countdown to 3000
[14:39:12.272] [SEVERE ] updating countdown to 3000
[14:39:12.272] [SEVERE ] updating countdown to 3000
[14:39:12.272] [SEVERE ] updating countdown to 3000
[14:39:12.272] [SEVERE ] updating countdown to 3000
[14:39:12.307] [SEVERE ] player 3 placing token on slot 0
[14:39:12.323] [SEVERE ] setting player 4 freeze to 1000
[14:39:13.272] [SEVERE ] updating countdown to 2000
[14:39:13.272] [SEVERE ] updating countdown to 2000
[14:39:13.272] [SEVERE ] updating countdown to 2000
[14:39:13.272] [SEVERE ] updating countdown to 2000
[14:39:13.272] [SEVERE ] updating countdown to 2000
[14:39:13.272] [SEVERE ] updating countdown to 2000
[14:39:13.272] [SEVERE ] updating countdown to 2000
[14:39:13.272] [SEVERE ] updating countdown to 2000
[14:39:13.272] [SEVERE ] updating countdown to 2000
[14:39:13.272] [SEVERE ] updating countdown to 2000
[14:39:13.272] [SEVERE ] updating countdown to 2000
[14:39:13.310] [SEVERE ] player 3 placing token on slot 8
[14:39:13.326] [SEVERE ] setting player 4 freeze to 0
[14:39:14.318] [SEVERE ] player 3 placing token on slot 11
[14:39:14.318] [SEVERE ] removing player 3 token from slot 0
[14:39:14.321] [SEVERE ] removing player 3 token from slot 8
[14:39:14.321] [SEVERE ] removing player 3 token from slot 11
[14:39:14.321] [SEVERE ] setting player 3 freeze to 3000
[14:39:14.333] [SEVERE ] player 4 placing token on slot 8
[14:39:15.276] [SEVERE ] updating countdown to 10000
[14:39:15.323] [SEVERE ] setting player 3 freeze to 2000
[14:39:15.335] [SEVERE ] player 4 placing token on slot 10
[14:39:15.378] [SEVERE ] removing tokens from slot 7
[14:39:15.379] [SEVERE ] removing card from slot 7
[14:39:15.489] [SEVERE ] removing tokens from slot 9
[14:39:15.489] [SEVERE ] removing card from slot 9
[14:39:15.596] [SEVERE ] removing player 4 token from slot 10
[14:39:15.596] [SEVERE ] removing tokens from slot 10
[14:39:15.596] [SEVERE ] removing card from slot 10
[14:39:15.700] [SEVERE ] removing tokens from slot 2
[14:39:15.701] [SEVERE ] removing card from slot 2
[14:39:15.803] [SEVERE ] removing tokens from slot 6
[14:39:15.803] [SEVERE ] removing card from slot 6
[14:39:15.912] [SEVERE ] removing tokens from slot 1
[14:39:15.912] [SEVERE ] removing card from slot 1
[14:39:16.023] [SEVERE ] removing player 4 token from slot 8
[14:39:16.024] [SEVERE ] removing tokens from slot 8
[14:39:16.024] [SEVERE ] removing card from slot 8
[14:39:16.125] [SEVERE ] removing tokens from slot 3
[14:39:16.125] [SEVERE ] removing card from slot 3
[14:39:16.233] [SEVERE ] removing tokens from slot 4
[14:39:16.233] [SEVERE ] removing card from slot 4
[14:39:16.333] [SEVERE ] setting player 3 freeze to 1000
[14:39:16.335] [SEVERE ] removing tokens from slot 11
[14:39:16.335] [SEVERE ] removing card from slot 11
[14:39:16.444] [SEVERE ] removing tokens from slot 5
[14:39:16.445] [SEVERE ] removing card from slot 5
[14:39:16.546] [SEVERE ] removing tokens from slot 0
[14:39:16.546] [SEVERE ] removing card from slot 0
[14:39:16.546] [SEVERE ] updating countdown to 10000
[14:39:16.648] [SEVERE ] placing card 42 in slot 7
[14:39:16.749] [SEVERE ] placing card 13 in slot 9
[14:39:16.850] [SEVERE ] placing card 80 in slot 10
[14:39:16.955] [SEVERE ] placing card 35 in slot 2
[14:39:17.056] [SEVERE ] placing card 37 in slot 6
[14:39:17.157] [SEVERE ] placing card 40 in slot 1
[14:39:17.261] [SEVERE ] placing card 57 in slot 8
[14:39:17.334] [SEVERE ] setting player 3 freeze to 0
[14:39:17.364] [SEVERE ] placing card 45 in slot 3
[14:39:17.465] [SEVERE ] placing card 11 in slot 4
[14:39:17.548] [SEVERE ] player 4 placing token on slot 1
[14:39:17.568] [SEVERE ] placing card 1 in slot 11
[14:39:17.676] [SEVERE ] placing card 76 in slot 5
[14:39:17.777] [SEVERE ] placing card 43 in slot 0
[14:39:18.337] [SEVERE ] player 3 placing token on slot 6
[14:39:18.553] [SEVERE ] player 4 placing token on slot 0
[14:39:18.778] [SEVERE ] updating countdown to 9999
[14:39:19.338] [SEVERE ] player 3 placing token on slot 0
[14:39:19.555] [SEVERE ] player 4 placing token on slot 8
[14:39:19.781] [SEVERE ] updating countdown to 8996
[14:39:19.782] [SEVERE ] removing player 4 token from slot 1
[14:39:19.783] [SEVERE ] removing player 4 token from slot 0
[14:39:19.784] [SEVERE ] removing player 4 token from slot 8
[14:39:19.784] [SEVERE ] setting player 4 freeze to 3000
[14:39:20.340] [SEVERE ] player 3 placing token on slot 1
[14:39:20.786] [SEVERE ] setting player 4 freeze to 2000
[14:39:20.786] [SEVERE ] updating countdown to 7991
[14:39:20.897] [SEVERE ] removing player 3 token from slot 6
[14:39:20.897] [SEVERE ] removing tokens from slot 6
[14:39:20.897] [SEVERE ] removing card from slot 6
[14:39:21.000] [SEVERE ] removing player 3 token from slot 0
[14:39:21.000] [SEVERE ] removing tokens from slot 0
[14:39:21.000] [SEVERE ] removing card from slot 0
[14:39:21.105] [SEVERE ] removing player 3 token from slot 1
[14:39:21.105] [SEVERE ] removing tokens from slot 1
[14:39:21.105] [SEVERE ] removing card from slot 1
[14:39:21.106] [SEVERE ] setting player 3 score to 1
[14:39:21.107] [SEVERE ] setting player 3 freeze to 1000
[14:39:21.207] [SEVERE ] placing card 70 in slot 6
[14:39:21.309] [SEVERE ] placing card 3 in slot 1
[14:39:21.410] [SEVERE ] placing card 62 in slot 0
[14:39:21.787] [SEVERE ] setting player 4 freeze to 1000
[14:39:22.107] [SEVERE ] setting player 3 freeze to 0
[14:39:22.411] [SEVERE ] updating countdown to 6366
[14:39:22.788] [SEVERE ] setting player 4 freeze to 0
[14:39:23.108] [SEVERE ] player 3 placing token on slot 2
[14:39:23.412] [SEVERE ] updating countdown to 5365
[14:39:23.790] [SEVERE ] player 4 placing token on slot 8
[14:39:24.110] [SEVERE ] player 3 placing token on slot 10
[14:39:24.777] [SEVERE ] updating countdown to 4000
[14:39:24.777] [SEVERE ] updating countdown to 4000
[14:39:24.777] [SEVERE ] updating countdown to 4000
[14:39:24.778] [SEVERE ] updating countdown to 4000
[14:39:24.792] [SEVERE ] player 4 placing token on slot 9
[14:39:25.111] [SEVERE ] player 3 placing token on slot 0
[14:39:25.111] [SEVERE ] removing player 3 token from slot 2
[14:39:25.113] [SEVERE ] removing player 3 token from slot 10
[14:39:25.113] [SEVERE ] removing player 3 token from slot 0
[14:39:25.114] [SEVERE ] setting player 3 freeze to 3000
[14:39:25.777] [SEVERE ] updating countdown to 3000
[14:39:25.777] [SEVERE ] updating countdown to 3000
[14:39:25.777] [SEVERE ] updating countdown to 3000
[14:39:25.777] [SEVERE ] updating countdown to 3000
[14:39:25.777] [SEVERE ] updating countdown to 3000
[14:39:25.777] [SEVERE ] updating countdown to 3000
[14:39:25.777] [SEVERE ] updating countdown to 3000
[14:39:25.777] [SEVERE ] updating countdown to 3000
[14:39:25.777] [SEVERE ] updating countdown to 3000
[14:39:25.777] [SEVERE ] updating countdown to 3000
[14:39:25.777] [SEVERE ] updating countdown to 3000
[14:39:25.777] [SEVERE ] updating countdown to 3000
[14:39:25.777] [SEVERE ] updating countdown to 3000
[14:39:25.777] [SEVERE ] updating countdown to 3000
[14:39:25.777] [SEVERE ] updating countdown to 3000
[14:39:25.777] [SEVERE ] updating countdown to 3000
[14:39:25.777] [SEVERE ] updating countdown to 3000
[14:39:25.777] [SEVERE ] updating countdown to 3000
[14:39:25.777] [SEVERE ] updating countdown to 3000
[14:39:25.777] [SEVERE ] updating countdown to 3000
[14:39:25.777] [SEVERE ] updating countdown to 3000
[14:39:25.777] [SEVERE ] updating countdown to 3000
[14:39:25.777] [SEVERE ] updating countdown to 3000
[14:39:25.777] [SEVERE ] updating countdown to 3000
[14:39:25.777] [SEVERE ] updating countdown to 3000
[14:39:25.777] [SEVERE ] updating countdown to 3000
[14:39:25.777] [SEVERE ] updating countdown to 3000
[14:39:25.777] [SEVERE ] updating countdown to 3000
[14:39:25.777] [SEVERE ] updating countdown to 3000
[14:39:25.777] [SEVERE ] updating countdown to 3000
[14:39:25.777] [SEVERE ] updating countdown to 3000
[14:39:25.777] [SEVERE ] updating countdown to 3000
[14:39:25.777] [SEVERE ] updating countdown to 3000
[14:39:25.777] [SEVERE ] updating countdown to 3000
[14:39:25.777] [SEVERE ] updating countdown to 3000
[14:39:25.777] [SEVERE ] updating countdown to 3000
[14:39:25.777] [SEVERE ] updating countdown to 3000
[14:39:25.777] [SEVERE ] updating countdown to 3000
[14:39:25.777] [SEVERE ] updating countdown to 3000
[14:39:25.777] [SEVERE ] updating countdown to 3000
[14:39:25.777] [SEVERE ] updating countdown to 3000
[14:39:25.777] [SEVERE ] updating countdown to 3000
[14:39:25.777] [SEVERE ] updating countdown to 3000
[14:39:25.777] [SEVERE ] updating countdown to 3000
[14:39:25.777] [SEVERE ] updating countdown to 3000
[14:39:25.777] [SEVERE ] updating countdown to 3000
[14:39:25.777] [SEVERE ] updating countdown to 3000
[14:39:25.777] [SEVERE ] updating countdown to 3000
[14:39:25.777] [SEVERE ] updating countdown to 3000
[14:39:25.777] [SEVERE ] updating countdown to 3000
[14:39:25.777] [SEVERE ] updating countdown to 3000
[14:39:25.777] [SEVERE ] updating countdown to 3000
[14:39:25.777] [SEVERE ] updating countdown to 3000
[14:39:25.777] [SEVERE ] updating countdown to 3000
[14:39:25.777] [SEVERE ] updating countdown to 3000
[14:39:25.777] [SEVERE ] updating countdown to 3000
[14:39:25.777] [SEVERE ] updating countdown to 3000
[14:39:25.777] [SEVERE ] updating countdown to 3000
[14:39:25.777] [SEVERE ] updating countdown to 3000
[14:39:25.777] [SEVERE ] updating countdown to 3000
[14:39:25.777] [SEVERE ] updating countdown to 3000
[14:39:25.777] [SEVERE ] updating countdown to 3000
[14:39:25.777] [SEVERE ] updating countdown to 3000
[14:39:25.777] [SEVERE ] updating countdown to 3000
[14:39:25.777] [SEVERE ] updating countdown to 3000
[14:39:25.777] [SEVERE ] updating countdown to 3000
[14:39:25.777] [SEVERE ] updating countdown to 3000
[14:39:25.777] [SEVERE ] updating countdown to 3000
[14:39:25.777] [SEVERE ] updating countdown to 3000
[14:39:25.777] [SEVERE ] updating countdown to 3000
[14:39:25.777] [SEVERE ] updating countdown to 3000
[14:39:25.777] [SEVERE ] updating countdown to 3000
[14:39:25.777] [SEVERE ] updating countdown to 3000
[14:39:25.777] [SEVERE ] updating countdown to 3000
[14:39:25.777] [SEVERE ] updating countdown to 3000
[14:39:25.777] [SEVERE ] updating countdown to 3000
[14:39:25.777] [SEVERE ] updating countdown to 3000
[14:39:25.777] [SEVERE ] updating countdown to 3000
[14:39:25.777] [SEVERE ] updating countdown to 3000
[14:39:25.777] [SEVERE ] updating countdown to 3000
[14:39:25.777] [SEVERE ] updating countdown to 3000
[14:39:25.777] [SEVERE ] updating countdown to 3000
[14:39:25.777] [SEVERE ] updating countdown to 3000
[14:39:25.777] [SEVERE ] updating countdown to 3000
[14:39:25.777] [SEVERE ] updating countdown to 3000
[14:39:25.777] [SEVERE ] updating countdown to 3000
[14:39:25.777] [SEVERE ] updating countdown to 3000
[14:39:25.777] [SEVERE ] updating countdown to 3000
[14:39:25.794] [SEVERE ] player 4 placing token on slot 10
[14:39:25.794] [SEVERE ] removing player 4 token from slot 8
[14:39:25.794] [SEVERE ] removing player 4 token from slot 9
[14:39:25.794] [SEVERE ] removing player 4 token from slot 10
[14:39:25.796] [SEVERE ] setting player 4 freeze to 3000
[14:39:26.115] [SEVERE ] setting player 3 freeze to 2000
[14:39:26.777] [SEVERE ] updating countdown to 2000
[14:39:26.777] [SEVERE ] updating countdown to 2000
[14:39:26.777] [SEVERE ] updating countdown to 2000
[14:39:26.777] [SEVERE ] updating countdown to 2000
[14:39:26.777] [SEVERE ] updating countdown to 2000
[14:39:26.797] [SEVERE ] setting player 4 freeze to 2000
[14:39:27.117] [SEVERE ] setting player 3 freeze to 1000
[14:39:27.777] [SEVERE ] updating countdown to 1000
[14:39:27.777] [SEVERE ] updating countdown to 1000
[14:39:27.777] [SEVERE ] updating countdown to 1000
[14:39:27.777] [SEVERE ] updating countdown to 1000
[14:39:27.777] [SEVERE ] updating countdown to 1000
[14:39:27.777] [SEVERE ] updating countdown to 1000
[14:39:27.777] [SEVERE ] updating countdown to 1000
[14:39:27.777] [SEVERE ] updating countdown to 1000
[14:39:27.777] [SEVERE ] updating countdown to 1000
[14:39:27.777] [SEVERE ] updating countdown to 1000
[14:39:27.777] [SEVERE ] updating countdown to 1000
[14:39:27.777] [SEVERE ] updating countdown to 1000
[14:39:27.777] [SEVERE ] updating countdown to 1000
[14:39:27.777] [SEVERE ] updating countdown to 1000
[14:39:27.777] [SEVERE ] updating countdown to 1000
[14:39:27.777] [SEVERE ] updating countdown to 1000
[14:39:27.777] [SEVERE ] updating countdown to 1000
[14:39:27.777] [SEVERE ] updating countdown to 1000
[14:39:27.777] [SEVERE ] updating countdown to 1000
[14:39:27.777] [SEVERE ] updating countdown to 1000
[14:39:27.777] [SEVERE ] updating countdown to 1000
[14:39:27.777] [SEVERE ] updating countdown to 1000
[14:39:27.777] [SEVERE ] updating countdown to 1000
[14:39:27.777] [SEVERE ] updating countdown to 1000
[14:39:27.777] [SEVERE ] updating countdown to 1000
[14:39:27.797] [SEVERE ] setting player 4 freeze to 1000
[14:39:28.118] [SEVERE ] setting player 3 freeze to 0
[14:39:28.785] [SEVERE ] updating countdown to 10000
[14:39:28.800] [SEVERE ] setting player 4 freeze to 0
[14:39:28.895] [SEVERE ] removing tokens from slot 7
[14:39:28.895] [SEVERE ] removing card from slot 7
[14:39:29.004] [SEVERE ] removing tokens from slot 9
[14:39:29.004] [SEVERE ] removing card from slot 9
[14:39:29.114] [SEVERE ] removing tokens from slot 10
[14:39:29.114] [SEVERE ] removing card from slot 10
[14:39:29.130] [SEVERE ] player 3 placing token on slot 5
[14:39:29.224] [SEVERE ] removing tokens from slot 2
[14:39:29.224] [SEVERE ] removing card from slot 2
[14:39:29.334] [SEVERE ] removing tokens from slot 6
[14:39:29.334] [SEVERE ] removing card from slot 6
[14:39:29.444] [SEVERE ] removing tokens from slot 1
[14:39:29.444] [SEVERE ] removing card from slot 1
[14:39:29.555] [SEVERE ] removing tokens from slot 8
[14:39:29.555] [SEVERE ] removing card from slot 8
[14:39:29.666] [SEVERE ] removing tokens from slot 3
[14:39:29.666] [SEVERE ] removing card from slot 3
[14:39:29.776] [SEVERE ] removing tokens from slot 4
[14:39:29.776] [SEVERE ] removing card from slot 4
[14:39:29.888] [SEVERE ] removing tokens from slot 11
[14:39:29.888] [SEVERE ] removing card from slot 11
[14:39:29.998] [SEVERE ] removing player 3 token from slot 5
[14:39:30.000] [SEVERE ] removing tokens from slot 5
[14:39:30.000] [SEVERE ] removing card from slot 5
[14:39:30.106] [SEVERE ] removing tokens from slot 0
[14:39:30.106] [SEVERE ] removing card from slot 0
[14:39:30.107] [SEVERE ] updating countdown to 10000
[14:39:30.210] [SEVERE ] placing card 42 in slot 7
[14:39:30.315] [SEVERE ] placing card 8 in slot 9
[14:39:30.416] [SEVERE ] placing card 7 in slot 10
[14:39:30.518] [SEVERE ] placing card 17 in slot 2
[14:39:30.618] [SEVERE ] placing card 28 in slot 6
[14:39:30.720] [SEVERE ] placing card 74 in slot 1
[14:39:30.821] [SEVERE ] placing card 56 in slot 8
[14:39:30.922] [SEVERE ] placing card 67 in slot 3
[14:39:31.023] [SEVERE ] placing card 3 in slot 4
[14:39:31.107] [SEVERE ] player 4 placing token on slot 9
[14:39:31.109] [SEVERE ] player 3 placing token on slot 9
[14:39:31.126] [SEVERE ] placing card 66 in slot 11
[14:39:31.226] [SEVERE ] placing card 1 in slot 5
[14:39:31.328] [SEVERE ] placing card 10 in slot 0
[14:39:32.109] [SEVERE ] removing player 4 token from slot 9
[14:39:32.110] [SEVERE ] player 3 placing token on slot 7
[14:39:32.328] [SEVERE ] updating countdown to 10000
[14:39:33.111] [SEVERE ] player 4 placing token on slot 9
[14:39:33.112] [SEVERE ] player 3 placing token on slot 5
[14:39:33.330] [SEVERE ] updating countdown to 8998
[14:39:33.331] [SEVERE ] removing player 3 token from slot 9
[14:39:33.332] [SEVERE ] removing player 3 token from slot 7
[14:39:33.332] [SEVERE ] removing player 3 token from slot 5
[14:39:33.333] [SEVERE ] setting player 3 freeze to 3000
[14:39:34.112] [SEVERE ] player 4 placing token on slot 3
[14:39:34.334] [SEVERE ] updating countdown to 7994
[14:39:34.334] [SEVERE ] setting player 3 freeze to 2000
[14:39:35.113] [SEVERE ] player 4 placing token on slot 6
[14:39:35.335] [SEVERE ] setting player 3 freeze to 1000
[14:39:35.335] [SEVERE ] updating countdown to 6993
[14:39:35.336] [SEVERE ] removing player 4 token from slot 9
[14:39:35.336] [SEVERE ] removing player 4 token from slot 3
[14:39:35.337] [SEVERE ] removing player 4 token from slot 6
[14:39:35.337] [SEVERE ] setting player 4 freeze to 3000
[14:39:36.336] [SEVERE ] setting player 3 freeze to 0
[14:39:36.339] [SEVERE ] updating countdown to 5991
[14:39:36.339] [SEVERE ] setting player 4 freeze to 2000
[14:39:37.336] [SEVERE ] player 3 placing token on slot 8
[14:39:37.339] [SEVERE ] setting player 4 freeze to 1000
[14:39:38.328] [SEVERE ] updating countdown to 4000
[14:39:38.328] [SEVERE ] updating countdown to 4000
[14:39:38.328] [SEVERE ] updating countdown to 4000
[14:39:38.328] [SEVERE ] updating countdown to 4000
[14:39:38.328] [SEVERE ] updating countdown to 4000
[14:39:38.328] [SEVERE ] updating countdown to 4000
[14:39:38.328] [SEVERE ] updating countdown to 4000
[14:39:38.328] [SEVERE ] updating countdown to 4000
[14:39:38.328] [SEVERE ] updating countdown to 4000
[14:39:38.328] [SEVERE ] updating countdown to 4000
[14:39:38.328] [SEVERE ] updating countdown to 4000
[14:39:38.328] [SEVERE ] updating countdown to 4000
[14:39:38.328] [SEVERE ] updating countdown to 4000
[14:39:38.328] [SEVERE ] updating countdown to 4000
[14:39:38.328] [SEVERE ] updating countdown to 4000
[14:39:38.328] [SEVERE ] updating countdown to 4000
[14:39:38.328] [SEVERE ] updating countdown to 4000
[14:39:38.328] [SEVERE ] updating countdown to 4000
[14:39:38.328] [SEVERE ] updating countdown to 4000
[14:39:38.328] [SEVERE ] updating countdown to 4000
[14:39:38.328] [SEVERE ] updating countdown to 4000
[14:39:38.328] [SEVERE ] updating countdown to 4000
[14:39:38.328] [SEVERE ] updating countdown to 4000
[14:39:38.328] [SEVERE ] updating countdown to 4000
[14:39:38.328] [SEVERE ] updating countdown to 4000
[14:39:38.328] [SEVERE ] updating countdown to 4000
[14:39:38.328] [SEVERE ] updating countdown to 4000
[14:39:38.328] [SEVERE ] updating countdown to 4000
[14:39:38.328] [SEVERE ] updating countdown to 4000
[14:39:38.328] [SEVERE ] updating countdown to 4000
[14:39:38.328] [SEVERE ] updating countdown to 4000
[14:39:38.328] [SEVERE ] updating countdown to 4000
[14:39:38.328] [SEVERE ] updating countdown to 4000
[14:39:38.328] [SEVERE ] updating countdown to 4000
[14:39:38.328] [SEVERE ] updating countdown to 4000
[14:39:38.328] [SEVERE ] updating countdown to 4000
[14:39:38.328] [SEVERE ] updating countdown to 4000
[14:39:38.328] [SEVERE ] updating countdown to 4000
[14:39:38.328] [SEVERE ] updating countdown to 4000
[14:39:38.328] [SEVERE ] updating countdown to 4000
[14:39:38.328] [SEVERE ] updating countdown to 4000
[14:39:38.328] [SEVERE ] updating countdown to 4000
[14:39:38.328] [SEVERE ] updating countdown to 4000
[14:39:38.328] [SEVERE ] updating countdown to 4000
[14:39:38.328] [SEVERE ] updating countdown to 4000
[14:39:38.328] [SEVERE ] updating countdown to 4000
[14:39:38.328] [SEVERE ] updating countdown to 4000
[14:39:38.328] [SEVERE ] updating countdown to 4000
[14:39:38.328] [SEVERE ] updating countdown to 4000
[14:39:38.328] [SEVERE ] updating countdown to 4000
[14:39:38.328] [SEVERE ] updating countdown to 4000
[14:39:38.328] [SEVERE ] updating countdown to 4000
[14:39:38.328] [SEVERE ] updating countdown to 4000
[14:39:38.328] [SEVERE ] updating countdown to 4000
[14:39:38.328] [SEVERE ] updating countdown to 4000
[14:39:38.328] [SEVERE ] updating countdown to 4000
[14:39:38.328] [SEVERE ] updating countdown to 4000
[14:39:38.328] [SEVERE ] updating countdown to 4000
[14:39:38.328] [SEVERE ] updating countdown to 4000
[14:39:38.328] [SEVERE ] updating countdown to 4000
[14:39:38.328] [SEVERE ] updating countdown to 4000
[14:39:38.328] [SEVERE ] updating countdown to 4000
[14:39:38.328] [SEVERE ] updating countdown to 4000
[14:39:38.328] [SEVERE ] updating countdown to 4000
[14:39:38.328] [SEVERE ] updating countdown to 4000
[14:39:38.328] [SEVERE ] updating countdown to 4000
[14:39:38.328] [SEVERE ] updating countdown to 4000
[14:39:38.328] [SEVERE ] updating countdown to 4000
[14:39:38.328] [SEVERE ] updating countdown to 4000
[14:39:38.328] [SEVERE ] updating countdown to 4000
[14:39:38.328] [SEVERE ] updating countdown to 4000
[14:39:38.328] [SEVERE ] updating countdown to 4000
[14:39:38.328] [SEVERE ] updating countdown to 4000
[14:39:38.328] [SEVERE ] updating countdown to 4000
[14:39:38.328] [SEVERE ] updating countdown to 4000
[14:39:38.328] [SEVERE ] updating countdown to 4000
[14:39:38.328] [SEVERE ] updating countdown to 4000
[14:39:38.339] [SEVERE ] player 3 placing token on slot 0
[14:39:38.340] [SEVERE ] setting player 4 freeze to 0
[14:39:39.328] [SEVERE ] updating countdown to 3000
[14:39:39.328] [SEVERE ] updating countdown to 3000
[14:39:39.328] [SEVERE ] updating countdown to 3000
[14:39:39.328] [SEVERE ] updating countdown to 3000
[14:39:39.328] [SEVERE ] updating countdown to 3000
[14:39:39.328] [SEVERE ] updating countdown to 3000
[14:39:39.328] [SEVERE ] updating countdown to 3000
[14:39:39.328] [SEVERE ] updating countdown to 3000
[14:39:39.328] [SEVERE ] updating countdown to 3000
[14:39:39.328] [SEVERE ] updating countdown to 3000
[14:39:39.328] [SEVERE ] updating countdown to 3000
[14:39:39.328] [SEVERE ] updating countdown to 3000
[14:39:39.328] [SEVERE ] updating countdown to 3000
[14:39:39.328] [SEVERE ] updating countdown to 3000
[14:39:39.328] [SEVERE ] updating countdown to 3000
[14:39:39.328] [SEVERE ] updating countdown to 3000
[14:39:39.328] [SEVERE ] updating countdown to 3000
[14:39:39.328] [SEVERE ] updating countdown to 3000
[14:39:39.328] [SEVERE ] updating countdown to 3000
[14:39:39.328] [SEVERE ] updating countdown to 3000
[14:39:39.328] [SEVERE ] updating countdown to 3000
[14:39:39.328] [SEVERE ] updating countdown to 3000
[14:39:39.328] [SEVERE ] updating countdown to 3000
[14:39:39.328] [SEVERE ] updating countdown to 3000
[14:39:39.328] [SEVERE ] updating countdown to 3000
[14:39:39.328] [SEVERE ] updating countdown to 3000
[14:39:39.328] [SEVERE ] updating countdown to 3000
[14:39:39.328] [SEVERE ] updating countdown to 3000
[14:39:39.328] [SEVERE ] updating countdown to 3000
[14:39:39.328] [SEVERE ] updating countdown to 3000
[14:39:39.328] [SEVERE ] updating countdown to 3000
[14:39:39.328] [SEVERE ] updating countdown to 3000
[14:39:39.328] [SEVERE ] updating countdown to 3000
[14:39:39.328] [SEVERE ] updating countdown to 3000
[14:39:39.328] [SEVERE ] updating countdown to 3000
[14:39:39.328] [SEVERE ] updating countdown to 3000
[14:39:39.328] [SEVERE ] updating countdown to 3000
[14:39:39.328] [SEVERE ] updating countdown to 3000
[14:39:39.328] [SEVERE ] updating countdown to 3000
[14:39:39.328] [SEVERE ] updating countdown to 3000
[14:39:39.328] [SEVERE ] updating countdown to 3000
[14:39:39.328] [SEVERE ] updating countdown to 3000
[14:39:39.328] [SEVERE ] updating countdown to 3000
[14:39:39.328] [SEVERE ] updating countdown to 3000
[14:39:39.328] [SEVERE ] updating countdown to 3000
[14:39:39.328] [SEVERE ] updating countdown to 3000
[14:39:39.328] [SEVERE ] updating countdown to 3000
[14:39:39.328] [SEVERE ] updating countdown to 3000
[14:39:39.328] [SEVERE ] updating countdown to 3000
[14:39:39.328] [SEVERE ] updating countdown to 3000
[14:39:39.328] [SEVERE ] updating countdown to 3000
[14:39:39.328] [SEVERE ] updating countdown to 3000
[14:39:39.328] [SEVERE ] updating countdown to 3000
[14:39:39.328] [SEVERE ] updating countdown to 3000
[14:39:39.328] [SEVERE ] updating countdown to 3000
[14:39:39.328] [SEVERE ] updating countdown to 3000
[14:39:39.328] [SEVERE ] updating countdown to 3000
[14:39:39.328] [SEVERE ] updating countdown to 3000
[14:39:39.328] [SEVERE ] updating countdown to 3000
[14:39:39.328] [SEVERE ] updating countdown to 3000
[14:39:39.328] [SEVERE ] updating countdown to 3000
[14:39:39.328] [SEVERE ] updating countdown to 3000
[14:39:39.328] [SEVERE ] updating countdown to 3000
[14:39:39.328] [SEVERE ] updating countdown to 3000
[14:39:39.328] [SEVERE ] updating countdown to 3000
[14:39:39.328] [SEVERE ] updating countdown to 3000
[14:39:39.328] [SEVERE ] updating countdown to 3000
[14:39:39.328] [SEVERE ] updating countdown to 3000
[14:39:39.328] [SEVERE ] updating countdown to 3000
[14:39:39.328] [SEVERE ] updating countdown to 3000
[14:39:39.328] [SEVERE ] updating countdown to 3000
[14:39:39.328] [SEVERE ] updating countdown to 3000
[14:39:39.328] [SEVERE ] updating countdown to 3000
[14:39:39.328] [SEVERE ] updating countdown to 3000
[14:39:39.328] [SEVERE ] updating countdown to 3000
[14:39:39.328] [SEVERE ] updating countdown to 3000
[14:39:39.328] [SEVERE ] updating countdown to 3000
[14:39:39.328] [SEVERE ] updating countdown to 3000
[14:39:39.328] [SEVERE ] updating countdown to 3000
[14:39:39.328] [SEVERE ] updating countdown to 3000
[14:39:39.328] [SEVERE ] updating countdown to 3000
[14:39:39.328] [SEVERE ] updating countdown to 3000
[14:39:39.328] [SEVERE ] updating countdown to 3000
[14:39:39.328] [SEVERE ] updating countdown to 3000
[14:39:39.328] [SEVERE ] updating countdown to 3000
[14:39:39.328] [SEVERE ] updating countdown to 3000
[14:39:39.328] [SEVERE ] updating countdown to 3000
[14:39:39.328] [SEVERE ] updating countdown to 3000
[14:39:39.328] [SEVERE ] updating countdown to 3000
[14:39:39.328] [SEVERE ] updating countdown to 3000
[14:39:39.328] [SEVERE ] updating countdown to 3000
[14:39:39.328] [SEVERE ] updating countdown to 3000
[14:39:39.328] [SEVERE ] updating countdown to 3000
[14:39:39.328] [SEVERE ] updating countdown to 3000
[14:39:39.328] [SEVERE ] updating countdown to 3000
[14:39:39.328] [SEVERE ] updating countdown to 3000
[14:39:39.328] [SEVERE ] updating countdown to 3000
[14:39:39.328] [SEVERE ] updating countdown to 3000
[14:39:39.328] [SEVERE ] updating countdown to 3000
[14:39:39.328] [SEVERE ] updating countdown to 3000
[14:39:39.328] [SEVERE ] updating countdown to 3000
[14:39:39.328] [SEVERE ] updating countdown to 3000
[14:39:39.328] [SEVERE ] updating countdown to 3000
[14:39:39.328] [SEVERE ] updating countdown to 3000
[14:39:39.328] [SEVERE ] updating countdown to 3000
[14:39:39.328] [SEVERE ] updating countdown to 3000
[14:39:39.328] [SEVERE ] updating countdown to 3000
[14:39:39.328] [SEVERE ] updating countdown to 3000
[14:39:39.328] [SEVERE ] updating countdown to 3000
[14:39:39.328] [SEVERE ] updating countdown to 3000
[14:39:39.328] [SEVERE ] updating countdown to 3000
[14:39:39.328] [SEVERE ] updating countdown to 3000
[14:39:39.328] [SEVERE ] updating countdown to 3000
[14:39:39.328] [SEVERE ] updating countdown to 3000
[14:39:39.328] [SEVERE ] updating countdown to 3000
[14:39:39.328] [SEVERE ] updating countdown to 3000
[14:39:39.328] [SEVERE ] updating countdown to 3000
[14:39:39.328] [SEVERE ] updating countdown to 3000
[14:39:39.328] [SEVERE ] updating countdown to 3000
[14:39:39.328] [SEVERE ] updating countdown to 3000
[14:39:39.328] [SEVERE ] updating countdown to 3000
[14:39:39.328] [SEVERE ] updating countdown to 3000
[14:39:39.328] [SEVERE ] updating countdown to 3000
[14:39:39.328] [SEVERE ] updating countdown to 3000
[14:39:39.328] [SEVERE ] updating countdown to 3000
[14:39:39.328] [SEVERE ] updating countdown to 3000
[14:39:39.328] [SEVERE ] updating countdown to 3000
[14:39:39.328] [SEVERE ] updating countdown to 3000
[14:39:39.328] [SEVERE ] updating countdown to 3000
[14:39:39.328] [SEVERE ] updating countdown to 3000
[14:39:39.328] [SEVERE ] updating countdown to 3000
[14:39:39.328] [SEVERE ] updating countdown to 3000
[14:39:39.328] [SEVERE ] updating countdown to 3000
[14:39:39.328] [SEVERE ] updating countdown to 3000
[14:39:39.328] [SEVERE ] updating countdown to 3000
[14:39:39.328] [SEVERE ] updating countdown to 3000
[14:39:39.328] [SEVERE ] updating countdown to 3000
[14:39:39.328] [SEVERE ] updating countdown to 3000
[14:39:39.328] [SEVERE ] updating countdown to 3000
[14:39:39.328] [SEVERE ] updating countdown to 3000
[14:39:39.328] [SEVERE ] updating countdown to 3000
[14:39:39.328] [SEVERE ] updating countdown to 3000
[14:39:39.328] [SEVERE ] updating countdown to 3000
[14:39:39.328] [SEVERE ] updating countdown to 3000
[14:39:39.328] [SEVERE ] updating countdown to 3000
[14:39:39.328] [SEVERE ] updating countdown to 3000
[14:39:39.328] [SEVERE ] updating countdown to 3000
[14:39:39.328] [SEVERE ] updating countdown to 3000
[14:39:39.328] [SEVERE ] updating countdown to 3000
[14:39:39.328] [SEVERE ] updating countdown to 3000
[14:39:39.328] [SEVERE ] updating countdown to 3000
[14:39:39.328] [SEVERE ] updating countdown to 3000
[14:39:39.328] [SEVERE ] updating countdown to 3000
[14:39:39.328] [SEVERE ] updating countdown to 3000
[14:39:39.328] [SEVERE ] updating countdown to 3000
[14:39:39.328] [SEVERE ] updating countdown to 3000
[14:39:39.328] [SEVERE ] updating countdown to 3000
[14:39:39.328] [SEVERE ] updating countdown to 3000
[14:39:39.328] [SEVERE ] updating countdown to 3000
[14:39:39.328] [SEVERE ] updating countdown to 3000
[14:39:39.328] [SEVERE ] updating countdown to 3000
[14:39:39.341] [SEVERE ] player 3 placing token on slot 7
[14:39:39.341] [SEVERE ] removing player 3 token from slot 8
[14:39:39.341] [SEVERE ] removing player 3 token from slot 0
[14:39:39.343] [SEVERE ] removing player 3 token from slot 7
[14:39:39.343] [SEVERE ] setting player 3 freeze to 3000
[14:39:39.343] [SEVERE ] player 4 placing token on slot 8
[14:39:40.328] [SEVERE ] updating countdown to 2000
[14:39:40.328] [SEVERE ] updating countdown to 2000
[14:39:40.328] [SEVERE ] updating countdown to 2000
[14:39:40.328] [SEVERE ] updating countdown to 2000
[14:39:40.328] [SEVERE ] updating countdown to 2000
[14:39:40.328] [SEVERE ] updating countdown to 2000
[14:39:40.328] [SEVERE ] updating countdown to 2000
[14:39:40.328] [SEVERE ] updating countdown to 2000
[14:39:40.328] [SEVERE ] updating countdown to 2000
[14:39:40.328] [SEVERE ] updating countdown to 2000
[14:39:40.328] [SEVERE ] updating countdown to 2000
[14:39:40.328] [SEVERE ] updating countdown to 2000
[14:39:40.328] [SEVERE ] updating countdown to 2000
[14:39:40.328] [SEVERE ] updating countdown to 2000
[14:39:40.328] [SEVERE ] updating countdown to 2000
[14:39:40.328] [SEVERE ] updating countdown to 2000
[14:39:40.328] [SEVERE ] updating countdown to 2000
[14:39:40.328] [SEVERE ] updating countdown to 2000
[14:39:40.328] [SEVERE ] updating countdown to 2000
[14:39:40.328] [SEVERE ] updating countdown to 2000
[14:39:40.328] [SEVERE ] updating countdown to 2000
[14:39:40.328] [SEVERE ] updating countdown to 2000
[14:39:40.328] [SEVERE ] updating countdown to 2000
[14:39:40.328] [SEVERE ] updating countdown to 2000
[14:39:40.328] [SEVERE ] updating countdown to 2000
[14:39:40.328] [SEVERE ] updating countdown to 2000
[14:39:40.328] [SEVERE ] updating countdown to 2000
[14:39:40.328] [SEVERE ] updating countdown to 2000
[14:39:40.328] [SEVERE ] updating countdown to 2000
[14:39:40.328] [SEVERE ] updating countdown to 2000
[14:39:40.328] [SEVERE ] updating countdown to 2000
[14:39:40.328] [SEVERE ] updating countdown to 2000
[14:39:40.328] [SEVERE ] updating countdown to 2000
[14:39:40.328] [SEVERE ] updating countdown to 2000
[14:39:40.328] [SEVERE ] updating countdown to 2000
[14:39:40.328] [SEVERE ] updating countdown to 2000
[14:39:40.328] [SEVERE ] updating countdown to 2000
[14:39:40.328] [SEVERE ] updating countdown to 2000
[14:39:40.328] [SEVERE ] updating countdown to 2000
[14:39:40.328] [SEVERE ] updating countdown to 2000
[14:39:40.328] [SEVERE ] updating countdown to 2000
[14:39:40.328] [SEVERE ] updating countdown to 2000
[14:39:40.328] [SEVERE ] updating countdown to 2000
[14:39:40.328] [SEVERE ] updating countdown to 2000
[14:39:40.328] [SEVERE ] updating countdown to 2000
[14:39:40.328] [SEVERE ] updating countdown to 2000
[14:39:40.328] [SEVERE ] updating countdown to 2000
[14:39:40.328] [SEVERE ] updating countdown to 2000
[14:39:40.328] [SEVERE ] updating countdown to 2000
[14:39:40.328] [SEVERE ] updating countdown to 2000
[14:39:40.328] [SEVERE ] updating countdown to 2000
[14:39:40.328] [SEVERE ] updating countdown to 2000
[14:39:40.328] [SEVERE ] updating countdown to 2000
[14:39:40.328] [SEVERE ] updating countdown to 2000
[14:39:40.328] [SEVERE ] updating countdown to 2000
[14:39:40.344] [SEVERE ] setting player 3 freeze to 2000
[14:39:40.344] [SEVERE ] player 4 placing token on slot 9
[14:39:41.344] [SEVERE ] setting player 3 freeze to 1000
[14:39:41.346] [SEVERE ] player 4 placing token on slot 2
[14:39:41.347] [SEVERE ] removing player 4 token from slot 8
[14:39:41.348] [SEVERE ] removing player 4 token from slot 9
[14:39:41.348] [SEVERE ] removing player 4 token from slot 2
[14:39:41.348] [SEVERE ] setting player 4 freeze to 3000
[14:39:42.328] [SEVERE ] updating countdown to 10000
[14:39:42.359] [SEVERE ] setting player 3 freeze to 0
[14:39:42.359] [SEVERE ] setting player 4 freeze to 2000
[14:39:42.438] [SEVERE ] removing tokens from slot 7
[14:39:42.438] [SEVERE ] removing card from slot 7
[14:39:42.548] [SEVERE ] removing tokens from slot 9
[14:39:42.548] [SEVERE ] removing card from slot 9
[14:39:42.658] [SEVERE ] removing tokens from slot 10
[14:39:42.658] [SEVERE ] removing card from slot 10
[14:39:42.768] [SEVERE ] removing tokens from slot 2
[14:39:42.768] [SEVERE ] removing card from slot 2
[14:39:42.878] [SEVERE ] removing tokens from slot 6
[14:39:42.878] [SEVERE ] removing card from slot 6
[14:39:42.988] [SEVERE ] removing tokens from slot 1
[14:39:42.988] [SEVERE ] removing card from slot 1
[14:39:43.097] [SEVERE ] removing tokens from slot 8
[14:39:43.097] [SEVERE ] removing card from slot 8
[14:39:43.208] [SEVERE ] removing tokens from slot 3
[14:39:43.208] [SEVERE ] removing card from slot 3
[14:39:43.318] [SEVERE ] removing tokens from slot 4
[14:39:43.318] [SEVERE ] removing card from slot 4
[14:39:43.365] [SEVERE ] setting player 4 freeze to 1000
[14:39:43.429] [SEVERE ] removing tokens from slot 11
[14:39:43.429] [SEVERE ] removing card from slot 11
[14:39:43.539] [SEVERE ] removing tokens from slot 5
[14:39:43.539] [SEVERE ] removing card from slot 5
[14:39:43.648] [SEVERE ] removing tokens from slot 0
[14:39:43.648] [SEVERE ] removing card from slot 0
[14:39:43.648] [SEVERE ] updating countdown to 10000
[14:39:43.750] [SEVERE ] placing card 68 in slot 7
[14:39:43.853] [SEVERE ] placing card 13 in slot 9
[14:39:43.954] [SEVERE ] placing card 9 in slot 10
[14:39:44.055] [SEVERE ] placing card 34 in slot 2
[14:39:44.156] [SEVERE ] placing card 53 in slot 6
[14:39:44.257] [SEVERE ] placing card 52 in slot 1
[14:39:44.358] [SEVERE ] placing card 46 in slot 8
[14:39:44.367] [SEVERE ] setting player 4 freeze to 0
[14:39:44.458] [SEVERE ] placing card 45 in slot 3
[14:39:44.560] [SEVERE ] placing card 22 in slot 4
[14:39:44.650] [SEVERE ] player 3 placing token on slot 10
[14:39:44.663] [SEVERE ] placing card 61 in slot 11
[14:39:44.764] [SEVERE ] placing card 5 in slot 5
[14:39:44.865] [SEVERE ] placing card 44 in slot 0
[14:39:45.367] [SEVERE ] player 4 placing token on slot 8
[14:39:45.653] [SEVERE ] player 3 placing token on slot 5
[14:39:45.867] [SEVERE ] updating countdown to 9998
[14:39:46.371] [SEVERE ] player 4 placing token on slot 4
[14:39:46.655] [SEVERE ] player 3 placing token on slot 4
[14:39:46.867] [SEVERE ] updating countdown to 8998
[14:39:46.867] [SEVERE ] removing player 3 token from slot 10
[14:39:46.867] [SEVERE ] removing player 3 token from slot 5
[14:39:46.867] [SEVERE ] removing player 3 token from slot 4
[14:39:46.869] [SEVERE ] setting player 3 freeze to 3000
[14:39:47.374] [SEVERE ] player 4 placing token on slot 2
[14:39:47.869] [SEVERE ] updating countdown to 7996
[14:39:47.870] [SEVERE ] setting player 3 freeze to 2000
[14:39:47.870] [SEVERE ] removing player 4 token from slot 8
[14:39:47.871] [SEVERE ] removing player 4 token from slot 4
[14:39:47.871] [SEVERE ] removing player 4 token from slot 2
[14:39:47.871] [SEVERE ] setting player 4 freeze to 3000
[14:39:48.871] [SEVERE ] setting player 3 freeze to 1000
[14:39:48.871] [SEVERE ] updating countdown to 6994
[14:39:48.872] [SEVERE ] setting player 4 freeze to 2000
[14:39:49.872] [SEVERE ] setting player 3 freeze to 0
[14:39:49.874] [SEVERE ] setting player 4 freeze to 1000
[14:39:49.874] [SEVERE ] updating countdown to 5991
[14:39:50.873] [SEVERE ] player 3 placing token on slot 0
[14:39:50.874] [SEVERE ] setting player 4 freeze to 0
[14:39:51.865] [SEVERE ] updating countdown to 4000
[14:39:51.865] [SEVERE ] updating countdown to 4000
[14:39:51.865] [SEVERE ] updating countdown to 4000
[14:39:51.865] [SEVERE ] updating countdown to 4000
[14:39:51.865] [SEVERE ] updating countdown to 4000
[14:39:51.865] [SEVERE ] updating countdown to 4000
[14:39:51.865] [SEVERE ] updating countdown to 4000
[14:39:51.865] [SEVERE ] updating countdown to 4000
[14:39:51.865] [SEVERE ] updating countdown to 4000
[14:39:51.865] [SEVERE ] updating countdown to 4000
[14:39:51.865] [SEVERE ] updating countdown to 4000
[14:39:51.865] [SEVERE ] updating countdown to 4000
[14:39:51.865] [SEVERE ] updating countdown to 4000
[14:39:51.865] [SEVERE ] updating countdown to 4000
[14:39:51.865] [SEVERE ] updating countdown to 4000
[14:39:51.865] [SEVERE ] updating countdown to 4000
[14:39:51.865] [SEVERE ] updating countdown to 4000
[14:39:51.865] [SEVERE ] updating countdown to 4000
[14:39:51.865] [SEVERE ] updating countdown to 4000
[14:39:51.865] [SEVERE ] updating countdown to 4000
[14:39:51.865] [SEVERE ] updating countdown to 4000
[14:39:51.865] [SEVERE ] updating countdown to 4000
[14:39:51.865] [SEVERE ] updating countdown to 4000
[14:39:51.865] [SEVERE ] updating countdown to 4000
[14:39:51.865] [SEVERE ] updating countdown to 4000
[14:39:51.865] [SEVERE ] updating countdown to 4000
[14:39:51.865] [SEVERE ] updating countdown to 4000
[14:39:51.873] [SEVERE ] player 3 placing token on slot 5
[14:39:51.876] [SEVERE ] player 4 placing token on slot 7
[14:39:52.865] [SEVERE ] updating countdown to 3000
[14:39:52.865] [SEVERE ] updating countdown to 3000
[14:39:52.865] [SEVERE ] updating countdown to 3000
[14:39:52.865] [SEVERE ] updating countdown to 3000
[14:39:52.865] [SEVERE ] updating countdown to 3000
[14:39:52.865] [SEVERE ] updating countdown to 3000
[14:39:52.865] [SEVERE ] updating countdown to 3000
[14:39:52.865] [SEVERE ] updating countdown to 3000
[14:39:52.865] [SEVERE ] updating countdown to 3000
[14:39:52.865] [SEVERE ] updating countdown to 3000
[14:39:52.865] [SEVERE ] updating countdown to 3000
[14:39:52.865] [SEVERE ] updating countdown to 3000
[14:39:52.865] [SEVERE ] updating countdown to 3000
[14:39:52.865] [SEVERE ] updating countdown to 3000
[14:39:52.865] [SEVERE ] updating countdown to 3000
[14:39:52.865] [SEVERE ] updating countdown to 3000
[14:39:52.865] [SEVERE ] updating countdown to 3000
[14:39:52.865] [SEVERE ] updating countdown to 3000
[14:39:52.865] [SEVERE ] updating countdown to 3000
[14:39:52.865] [SEVERE ] updating countdown to 3000
[14:39:52.865] [SEVERE ] updating countdown to 3000
[14:39:52.865] [SEVERE ] updating countdown to 3000
[14:39:52.865] [SEVERE ] updating countdown to 3000
[14:39:52.865] [SEVERE ] updating countdown to 3000
[14:39:52.865] [SEVERE ] updating countdown to 3000
[14:39:52.865] [SEVERE ] updating countdown to 3000
[14:39:52.865] [SEVERE ] updating countdown to 3000
[14:39:52.865] [SEVERE ] updating countdown to 3000
[14:39:52.865] [SEVERE ] updating countdown to 3000
[14:39:52.865] [SEVERE ] updating countdown to 3000
[14:39:52.865] [SEVERE ] updating countdown to 3000
[14:39:52.865] [SEVERE ] updating countdown to 3000
[14:39:52.865] [SEVERE ] updating countdown to 3000
[14:39:52.865] [SEVERE ] updating countdown to 3000
[14:39:52.865] [SEVERE ] updating countdown to 3000
[14:39:52.875] [SEVERE ] player 3 placing token on slot 7
[14:39:52.876] [SEVERE ] removing player 3 token from slot 0
[14:39:52.876] [SEVERE ] removing player 3 token from slot 5
[14:39:52.877] [SEVERE ] removing player 3 token from slot 7
[14:39:52.877] [SEVERE ] setting player 3 freeze to 3000
[14:39:52.878] [SEVERE ] player 4 placing token on slot 4
[14:39:53.865] [SEVERE ] updating countdown to 2000
[14:39:53.865] [SEVERE ] updating countdown to 2000
[14:39:53.865] [SEVERE ] updating countdown to 2000
[14:39:53.865] [SEVERE ] updating countdown to 2000
[14:39:53.865] [SEVERE ] updating countdown to 2000
[14:39:53.865] [SEVERE ] updating countdown to 2000
[14:39:53.865] [SEVERE ] updating countdown to 2000
[14:39:53.865] [SEVERE ] updating countdown to 2000
[14:39:53.865] [SEVERE ] updating countdown to 2000
[14:39:53.865] [SEVERE ] updating countdown to 2000
[14:39:53.865] [SEVERE ] updating countdown to 2000
[14:39:53.865] [SEVERE ] updating countdown to 2000
[14:39:53.865] [SEVERE ] updating countdown to 2000
[14:39:53.865] [SEVERE ] updating countdown to 2000
[14:39:53.865] [SEVERE ] updating countdown to 2000
[14:39:53.865] [SEVERE ] updating countdown to 2000
[14:39:53.865] [SEVERE ] updating countdown to 2000
[14:39:53.865] [SEVERE ] updating countdown to 2000
[14:39:53.865] [SEVERE ] updating countdown to 2000
[14:39:53.865] [SEVERE ] updating countdown to 2000
[14:39:53.865] [SEVERE ] updating countdown to 2000
[14:39:53.865] [SEVERE ] updating countdown to 2000
[14:39:53.865] [SEVERE ] updating countdown to 2000
[14:39:53.865] [SEVERE ] updating countdown to 2000
[14:39:53.865] [SEVERE ] updating countdown to 2000
[14:39:53.865] [SEVERE ] updating countdown to 2000
[14:39:53.865] [SEVERE ] updating countdown to 2000
[14:39:53.865] [SEVERE ] updating countdown to 2000
[14:39:53.865] [SEVERE ] updating countdown to 2000
[14:39:53.865] [SEVERE ] updating countdown to 2000
[14:39:53.865] [SEVERE ] updating countdown to 2000
[14:39:53.865] [SEVERE ] updating countdown to 2000
[14:39:53.865] [SEVERE ] updating countdown to 2000
[14:39:53.865] [SEVERE ] updating countdown to 2000
[14:39:53.865] [SEVERE ] updating countdown to 2000
[14:39:53.865] [SEVERE ] updating countdown to 2000
[14:39:53.865] [SEVERE ] updating countdown to 2000
[14:39:53.878] [SEVERE ] setting player 3 freeze to 2000
[14:39:53.879] [SEVERE ] player 4 placing token on slot 3
[14:39:53.880] [SEVERE ] removing player 4 token from slot 7
[14:39:53.881] [SEVERE ] removing player 4 token from slot 4
[14:39:53.882] [SEVERE ] removing player 4 token from slot 3
[14:39:53.882] [SEVERE ] setting player 4 freeze to 3000
[14:39:54.865] [SEVERE ] updating countdown to 1000
[14:39:54.865] [SEVERE ] updating countdown to 1000
[14:39:54.865] [SEVERE ] updating countdown to 1000
[14:39:54.865] [SEVERE ] updating countdown to 1000
[14:39:54.865] [SEVERE ] updating countdown to 1000
[14:39:54.865] [SEVERE ] updating countdown to 1000
[14:39:54.865] [SEVERE ] updating countdown to 1000
[14:39:54.865] [SEVERE ] updating countdown to 1000
[14:39:54.865] [SEVERE ] updating countdown to 1000
[14:39:54.865] [SEVERE ] updating countdown to 1000
[14:39:54.865] [SEVERE ] updating countdown to 1000
[14:39:54.865] [SEVERE ] updating countdown to 1000
[14:39:54.865] [SEVERE ] updating countdown to 1000
[14:39:54.865] [SEVERE ] updating countdown to 1000
[14:39:54.865] [SEVERE ] updating countdown to 1000
[14:39:54.865] [SEVERE ] updating countdown to 1000
[14:39:54.865] [SEVERE ] updating countdown to 1000
[14:39:54.865] [SEVERE ] updating countdown to 1000
[14:39:54.865] [SEVERE ] updating countdown to 1000
[14:39:54.865] [SEVERE ] updating countdown to 1000
[14:39:54.865] [SEVERE ] updating countdown to 1000
[14:39:54.865] [SEVERE ] updating countdown to 1000
[14:39:54.865] [SEVERE ] updating countdown to 1000
[14:39:54.865] [SEVERE ] updating countdown to 1000
[14:39:54.865] [SEVERE ] updating countdown to 1000
[14:39:54.865] [SEVERE ] updating countdown to 1000
[14:39:54.865] [SEVERE ] updating countdown to 1000
[14:39:54.865] [SEVERE ] updating countdown to 1000
[14:39:54.865] [SEVERE ] updating countdown to 1000
[14:39:54.865] [SEVERE ] updating countdown to 1000
[14:39:54.865] [SEVERE ] updating countdown to 1000
[14:39:54.865] [SEVERE ] updating countdown to 1000
[14:39:54.865] [SEVERE ] updating countdown to 1000
[14:39:54.865] [SEVERE ] updating countdown to 1000
[14:39:54.865] [SEVERE ] updating countdown to 1000
[14:39:54.865] [SEVERE ] updating countdown to 1000
[14:39:54.865] [SEVERE ] updating countdown to 1000
[14:39:54.879] [SEVERE ] setting player 3 freeze to 1000
[14:39:54.882] [SEVERE ] setting player 4 freeze to 2000
[14:39:55.865] [SEVERE ] updating countdown to 10000
[14:39:55.880] [SEVERE ] setting player 3 freeze to 0
[14:39:55.896] [SEVERE ] setting player 4 freeze to 1000
[14:39:55.974] [SEVERE ] removing tokens from slot 7
[14:39:55.974] [SEVERE ] removing card from slot 7
[14:39:56.084] [SEVERE ] removing tokens from slot 9
[14:39:56.084] [SEVERE ] removing card from slot 9
[14:39:56.194] [SEVERE ] removing tokens from slot 10
[14:39:56.194] [SEVERE ] removing card from slot 10
[14:39:56.304] [SEVERE ] removing tokens from slot 2
[14:39:56.304] [SEVERE ] removing card from slot 2
[14:39:56.414] [SEVERE ] removing tokens from slot 6
[14:39:56.414] [SEVERE ] removing card from slot 6
[14:39:56.523] [SEVERE ] removing tokens from slot 1
[14:39:56.523] [SEVERE ] removing card from slot 1
[14:39:56.633] [SEVERE ] removing tokens from slot 8
[14:39:56.633] [SEVERE ] removing card from slot 8
[14:39:56.743] [SEVERE ] removing tokens from slot 3
[14:39:56.743] [SEVERE ] removing card from slot 3
[14:39:56.852] [SEVERE ] removing tokens from slot 4
[14:39:56.852] [SEVERE ] removing card from slot 4
[14:39:56.884] [SEVERE ] player 3 placing token on slot 0
[14:39:56.900] [SEVERE ] setting player 4 freeze to 0
[14:39:56.959] [SEVERE ] removing tokens from slot 11
[14:39:56.959] [SEVERE ] removing card from slot 11
[14:39:57.063] [SEVERE ] removing tokens from slot 5
[14:39:57.063] [SEVERE ] removing card from slot 5
[14:39:57.172] [SEVERE ] removing player 3 token from slot 0
[14:39:57.172] [SEVERE ] removing tokens from slot 0
[14:39:57.172] [SEVERE ] removing card from slot 0
[14:39:57.175] [SEVERE ] updating countdown to 10000
[14:39:57.276] [SEVERE ] placing card 32 in slot 7
[14:39:57.376] [SEVERE ] placing card 47 in slot 9
[14:39:57.478] [SEVERE ] placing card 24 in slot 10
[14:39:57.579] [SEVERE ] placing card 58 in slot 2
[14:39:57.681] [SEVERE ] placing card 56 in slot 6
[14:39:57.782] [SEVERE ] placing card 46 in slot 1
[14:39:57.883] [SEVERE ] placing card 62 in slot 8
[14:39:57.901] [SEVERE ] player 4 placing token on slot 9
[14:39:57.983] [SEVERE ] placing card 31 in slot 3
[14:39:58.092] [SEVERE ] placing card 72 in slot 4
[14:39:58.193] [SEVERE ] placing card 51 in slot 11
[14:39:58.294] [SEVERE ] placing card 6 in slot 5
[14:39:58.395] [SEVERE ] placing card 76 in slot 0
[14:39:58.905] [SEVERE ] player 4 placing token on slot 1
[14:39:59.174] [SEVERE ] player 3 placing token on slot 10
[14:39:59.397] [SEVERE ] updating countdown to 9998
[14:39:59.908] [SEVERE ] player 4 placing token on slot 0
[14:40:00.177] [SEVERE ] player 3 placing token on slot 4
[14:40:00.398] [SEVERE ] updating countdown to 8997
[14:40:00.399] [SEVERE ] removing player 4 token from slot 9
[14:40:00.400] [SEVERE ] removing player 4 token from slot 1
[14:40:00.401] [SEVERE ] removing player 4 token from slot 0
[14:40:00.401] [SEVERE ] setting player 4 freeze to 3000
[14:40:01.179] [SEVERE ] player 3 placing token on slot 3
[14:40:01.403] [SEVERE ] updating countdown to 7992
[14:40:01.403] [SEVERE ] removing player 3 token from slot 10
[14:40:01.403] [SEVERE ] removing player 3 token from slot 4
[14:40:01.403] [SEVERE ] removing player 3 token from slot 3
[14:40:01.403] [SEVERE ] setting player 3 freeze to 3000
[14:40:01.412] [SEVERE ] setting player 4 freeze to 2000
[14:40:02.405] [SEVERE ] updating countdown to 6990
[14:40:02.406] [SEVERE ] setting player 3 freeze to 2000
[14:40:02.415] [SEVERE ] setting player 4 freeze to 1000
[14:40:03.407] [SEVERE ] setting player 3 freeze to 1000
[14:40:03.412] [SEVERE ] updating countdown to 5983
[14:40:03.420] [SEVERE ] setting player 4 freeze to 0
