[17:43:14.504] [INFO   ] thread bguspl.set.Main.main() starting.
[17:43:14.504] [SEVERE ] cannot read configuration file config.properties trying from resources.
[17:43:14.518] [SEVERE ] configuration file was loaded from resources directory.
[17:43:15.492] [INFO   ] thread dealer starting.
[17:43:15.492] [INFO   ] thread dealer starting.
[17:43:15.492] [INFO   ] thread Thread-1 starting.
[17:43:15.492] [INFO   ] thread Thread-2 starting.
[17:43:15.492] [INFO   ] thread Thread-3 starting.
[17:43:15.492] [INFO   ] thread Thread-4 starting.
[17:43:15.501] [INFO   ] thread computer-2 starting.
[17:43:15.501] [INFO   ] thread computer-3 starting.
[17:43:15.506] [SEVERE ] updating countdown to 11000
[17:43:15.619] [SEVERE ] placing card 62 in slot 1
[17:43:15.751] [SEVERE ] placing card 3 in slot 0
[17:43:15.865] [SEVERE ] placing card 37 in slot 9
[17:43:15.967] [SEVERE ] placing card 23 in slot 2
[17:43:16.075] [SEVERE ] placing card 29 in slot 6
[17:43:16.186] [SEVERE ] placing card 36 in slot 3
[17:43:16.297] [SEVERE ] placing card 16 in slot 7
[17:43:16.406] [SEVERE ] placing card 77 in slot 11
[17:43:16.516] [SEVERE ] placing card 13 in slot 10
[17:43:16.625] [SEVERE ] placing card 41 in slot 5
[17:43:16.735] [SEVERE ] placing card 27 in slot 4
[17:43:16.846] [SEVERE ] placing card 51 in slot 8
[17:43:17.508] [SEVERE ] player 2 placing token on slot 0
[17:43:17.508] [SEVERE ] player 2 placing token on slot 10
[17:43:17.508] [SEVERE ] player 2 placing token on slot 2
[17:43:17.508] [SEVERE ] player 1 placing token on slot 0
[17:43:17.508] [SEVERE ] player 1 placing token on slot 10
[17:43:17.508] [SEVERE ] player 1 placing token on slot 2
[17:43:17.854] [SEVERE ] updating countdown to 9992
[17:43:17.854] [SEVERE ] updating countdown to 11000
[17:43:17.964] [SEVERE ] removing player 1 token from slot 0
[17:43:17.965] [SEVERE ] removing player 2 token from slot 0
[17:43:17.965] [SEVERE ] removing tokens from slot 0
[17:43:17.965] [SEVERE ] removing card from slot 0
[17:43:18.074] [SEVERE ] removing player 1 token from slot 10
[17:43:18.074] [SEVERE ] removing player 2 token from slot 10
[17:43:18.074] [SEVERE ] removing tokens from slot 10
[17:43:18.074] [SEVERE ] removing card from slot 10
[17:43:18.185] [SEVERE ] removing player 1 token from slot 2
[17:43:18.185] [SEVERE ] removing player 2 token from slot 2
[17:43:18.185] [SEVERE ] removing tokens from slot 2
[17:43:18.185] [SEVERE ] removing card from slot 2
[17:43:18.185] [SEVERE ] setting player 2 score to 1
[17:43:18.185] [SEVERE ] setting player 2 freeze to 1000
[17:43:18.299] [SEVERE ] placing card 61 in slot 0
[17:43:18.409] [SEVERE ] placing card 34 in slot 2
[17:43:18.520] [SEVERE ] placing card 5 in slot 10
[17:43:19.195] [SEVERE ] setting player 2 freeze to 0
[17:43:19.195] [SEVERE ] player 1 placing token on slot 10
[17:43:19.195] [SEVERE ] player 1 placing token on slot 4
[17:43:19.195] [SEVERE ] updating countdown to 11000
[17:43:19.195] [SEVERE ] player 1 placing token on slot 0
[17:43:19.510] [SEVERE ] player 4 placing token on slot 5
[17:43:19.511] [SEVERE ] player 3 placing token on slot 5
[17:43:19.526] [SEVERE ] updating countdown to 10669
[17:43:19.526] [SEVERE ] updating countdown to 11000
[17:43:19.636] [SEVERE ] removing player 1 token from slot 10
[17:43:19.636] [SEVERE ] removing tokens from slot 10
[17:43:19.636] [SEVERE ] removing card from slot 10
[17:43:19.748] [SEVERE ] removing player 1 token from slot 4
[17:43:19.748] [SEVERE ] removing tokens from slot 4
[17:43:19.748] [SEVERE ] removing card from slot 4
[17:43:19.858] [SEVERE ] removing player 1 token from slot 0
[17:43:19.858] [SEVERE ] removing tokens from slot 0
[17:43:19.858] [SEVERE ] removing card from slot 0
[17:43:19.859] [SEVERE ] setting player 1 score to 1
[17:43:19.859] [SEVERE ] setting player 1 freeze to 1000
[17:43:19.970] [SEVERE ] placing card 59 in slot 0
[17:43:20.080] [SEVERE ] placing card 70 in slot 10
[17:43:20.190] [SEVERE ] placing card 78 in slot 4
[17:43:20.206] [SEVERE ] player 2 placing token on slot 1
[17:43:20.206] [SEVERE ] player 2 placing token on slot 10
[17:43:20.206] [SEVERE ] player 2 placing token on slot 4
[17:43:20.521] [SEVERE ] player 3 placing token on slot 1
[17:43:20.521] [SEVERE ] player 3 placing token on slot 10
[17:43:20.521] [SEVERE ] player 4 placing token on slot 1
[17:43:20.521] [SEVERE ] player 4 placing token on slot 10
[17:43:20.867] [SEVERE ] setting player 1 freeze to 0
[17:43:20.867] [SEVERE ] updating countdown to 11000
[17:43:21.197] [SEVERE ] updating countdown to 10670
[17:43:21.197] [SEVERE ] updating countdown to 11000
[17:43:21.308] [SEVERE ] removing player 2 token from slot 1
[17:43:21.308] [SEVERE ] removing player 3 token from slot 1
[17:43:21.308] [SEVERE ] removing player 4 token from slot 1
[17:43:21.308] [SEVERE ] removing tokens from slot 1
[17:43:21.308] [SEVERE ] removing card from slot 1
[17:43:21.422] [SEVERE ] removing player 2 token from slot 10
[17:43:21.422] [SEVERE ] removing player 3 token from slot 10
[17:43:21.422] [SEVERE ] removing player 4 token from slot 10
[17:43:21.422] [SEVERE ] removing tokens from slot 10
[17:43:21.422] [SEVERE ] removing card from slot 10
[17:43:21.531] [SEVERE ] removing player 2 token from slot 4
[17:43:21.532] [SEVERE ] removing tokens from slot 4
[17:43:21.532] [SEVERE ] removing card from slot 4
[17:43:21.532] [SEVERE ] setting player 2 score to 2
[17:43:21.532] [SEVERE ] setting player 2 freeze to 1000
[17:43:21.638] [SEVERE ] placing card 63 in slot 1
[17:43:21.748] [SEVERE ] placing card 75 in slot 10
[17:43:21.858] [SEVERE ] placing card 11 in slot 4
[17:43:21.875] [SEVERE ] player 1 placing token on slot 4
[17:43:21.875] [SEVERE ] player 1 placing token on slot 9
[17:43:21.875] [SEVERE ] player 1 placing token on slot 1
[17:43:22.536] [SEVERE ] setting player 2 freeze to 0
[17:43:22.536] [SEVERE ] updating countdown to 11000
[17:43:22.865] [SEVERE ] updating countdown to 10671
[17:43:22.865] [SEVERE ] updating countdown to 11000
[17:43:22.976] [SEVERE ] removing player 1 token from slot 4
[17:43:22.976] [SEVERE ] removing tokens from slot 4
[17:43:22.976] [SEVERE ] removing card from slot 4
[17:43:23.085] [SEVERE ] removing player 1 token from slot 9
[17:43:23.085] [SEVERE ] removing tokens from slot 9
[17:43:23.085] [SEVERE ] removing card from slot 9
[17:43:23.195] [SEVERE ] removing player 1 token from slot 1
[17:43:23.195] [SEVERE ] removing tokens from slot 1
[17:43:23.195] [SEVERE ] removing card from slot 1
[17:43:23.195] [SEVERE ] setting player 1 score to 2
[17:43:23.195] [SEVERE ] setting player 1 freeze to 1000
[17:43:23.306] [SEVERE ] placing card 14 in slot 1
[17:43:23.416] [SEVERE ] placing card 46 in slot 9
[17:43:23.526] [SEVERE ] placing card 52 in slot 4
[17:43:23.541] [SEVERE ] player 2 placing token on slot 6
[17:43:23.541] [SEVERE ] player 2 placing token on slot 3
[17:43:23.541] [SEVERE ] player 2 placing token on slot 9
[17:43:24.202] [SEVERE ] setting player 1 freeze to 0
[17:43:24.202] [SEVERE ] updating countdown to 11000
[17:43:24.531] [SEVERE ] updating countdown to 10671
[17:43:24.531] [SEVERE ] updating countdown to 11000
[17:43:24.641] [SEVERE ] removing player 2 token from slot 6
[17:43:24.641] [SEVERE ] removing tokens from slot 6
[17:43:24.641] [SEVERE ] removing card from slot 6
[17:43:24.751] [SEVERE ] removing player 2 token from slot 3
[17:43:24.751] [SEVERE ] removing tokens from slot 3
[17:43:24.751] [SEVERE ] removing card from slot 3
[17:43:24.862] [SEVERE ] removing player 2 token from slot 9
[17:43:24.862] [SEVERE ] removing tokens from slot 9
[17:43:24.862] [SEVERE ] removing card from slot 9
[17:43:24.862] [SEVERE ] setting player 2 score to 3
[17:43:24.862] [SEVERE ] setting player 2 freeze to 1000
[17:43:24.972] [SEVERE ] placing card 31 in slot 9
[17:43:25.083] [SEVERE ] placing card 20 in slot 6
[17:43:25.192] [SEVERE ] placing card 44 in slot 3
[17:43:25.208] [SEVERE ] player 1 placing token on slot 6
[17:43:25.208] [SEVERE ] player 1 placing token on slot 3
[17:43:25.208] [SEVERE ] player 1 placing token on slot 0
[17:43:25.537] [SEVERE ] player 3 placing token on slot 7
[17:43:25.538] [SEVERE ] player 4 placing token on slot 10
[17:43:25.869] [SEVERE ] setting player 2 freeze to 0
[17:43:25.869] [SEVERE ] updating countdown to 11000
[17:43:26.199] [SEVERE ] updating countdown to 10670
[17:43:26.199] [SEVERE ] updating countdown to 11000
[17:43:26.309] [SEVERE ] removing player 1 token from slot 6
[17:43:26.309] [SEVERE ] removing tokens from slot 6
[17:43:26.309] [SEVERE ] removing card from slot 6
[17:43:26.420] [SEVERE ] removing player 1 token from slot 3
[17:43:26.420] [SEVERE ] removing tokens from slot 3
[17:43:26.420] [SEVERE ] removing card from slot 3
[17:43:26.531] [SEVERE ] removing player 1 token from slot 0
[17:43:26.531] [SEVERE ] removing tokens from slot 0
[17:43:26.531] [SEVERE ] removing card from slot 0
[17:43:26.532] [SEVERE ] setting player 1 score to 3
[17:43:26.532] [SEVERE ] setting player 1 freeze to 1000
[17:43:26.548] [SEVERE ] player 3 placing token on slot 1
[17:43:26.550] [SEVERE ] player 4 placing token on slot 1
[17:43:26.640] [SEVERE ] placing card 68 in slot 0
[17:43:26.750] [SEVERE ] placing card 2 in slot 6
[17:43:26.860] [SEVERE ] placing card 79 in slot 3
[17:43:26.876] [SEVERE ] player 2 placing token on slot 1
[17:43:26.876] [SEVERE ] player 2 placing token on slot 5
[17:43:26.876] [SEVERE ] player 2 placing token on slot 0
[17:43:27.535] [SEVERE ] setting player 1 freeze to 0
[17:43:27.535] [SEVERE ] updating countdown to 11000
[17:43:27.865] [SEVERE ] updating countdown to 10670
[17:43:27.865] [SEVERE ] removing player 3 token from slot 5
[17:43:27.865] [SEVERE ] removing player 3 token from slot 7
[17:43:27.865] [SEVERE ] removing player 3 token from slot 1
[17:43:27.865] [SEVERE ] removing player 4 token from slot 5
[17:43:27.865] [SEVERE ] setting player 3 freeze to 3000
[17:43:27.865] [SEVERE ] removing player 4 token from slot 10
[17:43:27.865] [SEVERE ] removing player 4 token from slot 1
[17:43:27.865] [SEVERE ] updating countdown to 11000
[17:43:27.865] [SEVERE ] setting player 4 freeze to 3000
[17:43:27.976] [SEVERE ] removing player 2 token from slot 1
[17:43:27.976] [SEVERE ] removing tokens from slot 1
[17:43:27.976] [SEVERE ] removing card from slot 1
[17:43:28.087] [SEVERE ] removing player 2 token from slot 5
[17:43:28.087] [SEVERE ] removing tokens from slot 5
[17:43:28.087] [SEVERE ] removing card from slot 5
[17:43:28.197] [SEVERE ] removing player 2 token from slot 0
[17:43:28.197] [SEVERE ] removing tokens from slot 0
[17:43:28.197] [SEVERE ] removing card from slot 0
[17:43:28.198] [SEVERE ] setting player 2 score to 4
[17:43:28.198] [SEVERE ] setting player 2 freeze to 1000
[17:43:28.300] [SEVERE ] placing card 18 in slot 1
[17:43:28.410] [SEVERE ] placing card 48 in slot 0
[17:43:28.520] [SEVERE ] placing card 65 in slot 5
[17:43:28.536] [SEVERE ] player 1 placing token on slot 1
[17:43:28.536] [SEVERE ] player 1 placing token on slot 4
[17:43:28.536] [SEVERE ] player 1 placing token on slot 11
[17:43:28.867] [SEVERE ] setting player 3 freeze to 2000
[17:43:28.868] [SEVERE ] setting player 4 freeze to 2000
[17:43:29.214] [SEVERE ] setting player 2 freeze to 0
[17:43:29.214] [SEVERE ] updating countdown to 11000
[17:43:29.530] [SEVERE ] updating countdown to 10684
[17:43:29.530] [SEVERE ] updating countdown to 11000
[17:43:29.639] [SEVERE ] removing player 1 token from slot 1
[17:43:29.639] [SEVERE ] removing tokens from slot 1
[17:43:29.639] [SEVERE ] removing card from slot 1
[17:43:29.749] [SEVERE ] removing player 1 token from slot 4
[17:43:29.749] [SEVERE ] removing tokens from slot 4
[17:43:29.749] [SEVERE ] removing card from slot 4
[17:43:29.858] [SEVERE ] removing player 1 token from slot 11
[17:43:29.858] [SEVERE ] removing tokens from slot 11
[17:43:29.858] [SEVERE ] removing card from slot 11
[17:43:29.858] [SEVERE ] setting player 1 score to 4
[17:43:29.858] [SEVERE ] setting player 1 freeze to 1000
[17:43:29.874] [SEVERE ] setting player 4 freeze to 1000
[17:43:29.874] [SEVERE ] setting player 3 freeze to 1000
[17:43:29.972] [SEVERE ] placing card 80 in slot 1
[17:43:30.082] [SEVERE ] placing card 72 in slot 11
[17:43:30.192] [SEVERE ] placing card 32 in slot 4
[17:43:30.224] [SEVERE ] player 2 placing token on slot 7
[17:43:30.224] [SEVERE ] player 2 placing token on slot 2
[17:43:30.224] [SEVERE ] player 2 placing token on slot 3
[17:43:30.870] [SEVERE ] setting player 1 freeze to 0
[17:43:30.870] [SEVERE ] updating countdown to 11000
[17:43:30.885] [SEVERE ] setting player 3 freeze to 0
[17:43:30.885] [SEVERE ] setting player 4 freeze to 0
[17:43:31.202] [SEVERE ] updating countdown to 10668
[17:43:31.202] [SEVERE ] updating countdown to 11000
[17:43:31.313] [SEVERE ] removing player 2 token from slot 7
[17:43:31.313] [SEVERE ] removing tokens from slot 7
[17:43:31.313] [SEVERE ] removing card from slot 7
[17:43:31.416] [SEVERE ] removing player 2 token from slot 2
[17:43:31.416] [SEVERE ] removing tokens from slot 2
[17:43:31.416] [SEVERE ] removing card from slot 2
[17:43:31.523] [SEVERE ] removing player 2 token from slot 3
[17:43:31.523] [SEVERE ] removing tokens from slot 3
[17:43:31.523] [SEVERE ] removing card from slot 3
[17:43:31.523] [SEVERE ] setting player 2 score to 5
[17:43:31.523] [SEVERE ] setting player 2 freeze to 1000
[17:43:31.639] [SEVERE ] placing card 66 in slot 2
[17:43:31.749] [SEVERE ] placing card 45 in slot 3
[17:43:31.859] [SEVERE ] placing card 42 in slot 7
[17:43:31.875] [SEVERE ] player 1 placing token on slot 3
[17:43:31.875] [SEVERE ] player 1 placing token on slot 0
[17:43:31.875] [SEVERE ] player 1 placing token on slot 8
[17:43:32.535] [SEVERE ] setting player 2 freeze to 0
[17:43:32.535] [SEVERE ] updating countdown to 11000
[17:43:32.864] [SEVERE ] updating countdown to 10671
[17:43:32.864] [SEVERE ] updating countdown to 11000
[17:43:32.976] [SEVERE ] removing player 1 token from slot 3
[17:43:32.976] [SEVERE ] removing tokens from slot 3
[17:43:32.976] [SEVERE ] removing card from slot 3
[17:43:33.085] [SEVERE ] removing player 1 token from slot 0
[17:43:33.085] [SEVERE ] removing tokens from slot 0
[17:43:33.085] [SEVERE ] removing card from slot 0
[17:43:33.195] [SEVERE ] removing player 1 token from slot 8
[17:43:33.195] [SEVERE ] removing tokens from slot 8
[17:43:33.195] [SEVERE ] removing card from slot 8
[17:43:33.195] [SEVERE ] setting player 1 score to 5
[17:43:33.195] [SEVERE ] setting player 1 freeze to 1000
[17:43:33.304] [SEVERE ] placing card 60 in slot 0
[17:43:33.415] [SEVERE ] placing card 17 in slot 3
[17:43:33.525] [SEVERE ] placing card 4 in slot 8
[17:43:33.541] [SEVERE ] player 2 placing token on slot 0
[17:43:33.541] [SEVERE ] player 2 placing token on slot 2
[17:43:33.541] [SEVERE ] player 2 placing token on slot 11
[17:43:34.201] [SEVERE ] setting player 1 freeze to 0
[17:43:34.201] [SEVERE ] updating countdown to 11000
[17:43:34.530] [SEVERE ] updating countdown to 10671
[17:43:34.530] [SEVERE ] updating countdown to 11000
[17:43:34.640] [SEVERE ] removing player 2 token from slot 0
[17:43:34.640] [SEVERE ] removing tokens from slot 0
[17:43:34.640] [SEVERE ] removing card from slot 0
[17:43:34.751] [SEVERE ] removing player 2 token from slot 2
[17:43:34.751] [SEVERE ] removing tokens from slot 2
[17:43:34.751] [SEVERE ] removing card from slot 2
[17:43:34.861] [SEVERE ] removing player 2 token from slot 11
[17:43:34.861] [SEVERE ] removing tokens from slot 11
[17:43:34.861] [SEVERE ] removing card from slot 11
[17:43:34.861] [SEVERE ] setting player 2 score to 6
[17:43:34.861] [SEVERE ] setting player 2 freeze to 1000
[17:43:34.895] [SEVERE ] player 3 placing token on slot 8
[17:43:34.896] [SEVERE ] player 4 placing token on slot 3
[17:43:34.970] [SEVERE ] placing card 47 in slot 0
[17:43:35.079] [SEVERE ] placing card 57 in slot 2
[17:43:35.189] [SEVERE ] placing card 12 in slot 11
[17:43:35.204] [SEVERE ] player 1 placing token on slot 6
[17:43:35.204] [SEVERE ] player 1 placing token on slot 0
[17:43:35.204] [SEVERE ] player 1 placing token on slot 5
[17:43:35.866] [SEVERE ] setting player 2 freeze to 0
[17:43:35.866] [SEVERE ] updating countdown to 11000
[17:43:35.898] [SEVERE ] player 3 placing token on slot 6
[17:43:35.898] [SEVERE ] player 3 placing token on slot 0
[17:43:35.899] [SEVERE ] player 4 placing token on slot 6
[17:43:35.899] [SEVERE ] player 4 placing token on slot 0
[17:43:36.197] [SEVERE ] updating countdown to 10669
[17:43:36.197] [SEVERE ] updating countdown to 11000
[17:43:36.307] [SEVERE ] removing player 1 token from slot 6
[17:43:36.307] [SEVERE ] removing player 3 token from slot 6
[17:43:36.307] [SEVERE ] removing player 4 token from slot 6
[17:43:36.307] [SEVERE ] removing tokens from slot 6
[17:43:36.307] [SEVERE ] removing card from slot 6
[17:43:36.417] [SEVERE ] removing player 1 token from slot 0
[17:43:36.417] [SEVERE ] removing player 3 token from slot 0
[17:43:36.417] [SEVERE ] removing player 4 token from slot 0
[17:43:36.417] [SEVERE ] removing tokens from slot 0
[17:43:36.417] [SEVERE ] removing card from slot 0
[17:43:36.528] [SEVERE ] removing player 1 token from slot 5
[17:43:36.528] [SEVERE ] removing tokens from slot 5
[17:43:36.528] [SEVERE ] removing card from slot 5
[17:43:36.528] [SEVERE ] setting player 1 score to 6
[17:43:36.528] [SEVERE ] setting player 1 freeze to 1000
[17:43:36.632] [SEVERE ] placing card 33 in slot 0
[17:43:36.742] [SEVERE ] placing card 10 in slot 6
[17:43:36.851] [SEVERE ] placing card 49 in slot 5
[17:43:36.867] [SEVERE ] player 2 placing token on slot 8
[17:43:36.867] [SEVERE ] player 2 placing token on slot 4
[17:43:36.867] [SEVERE ] player 2 placing token on slot 2
[17:43:37.542] [SEVERE ] setting player 1 freeze to 0
[17:43:37.544] [SEVERE ] updating countdown to 11000
[17:43:37.857] [SEVERE ] updating countdown to 10687
[17:43:37.857] [SEVERE ] updating countdown to 11000
[17:43:37.967] [SEVERE ] removing player 2 token from slot 8
[17:43:37.967] [SEVERE ] removing player 3 token from slot 8
[17:43:37.967] [SEVERE ] removing tokens from slot 8
[17:43:37.967] [SEVERE ] removing card from slot 8
[17:43:38.078] [SEVERE ] removing player 2 token from slot 4
[17:43:38.078] [SEVERE ] removing tokens from slot 4
[17:43:38.078] [SEVERE ] removing card from slot 4
[17:43:38.188] [SEVERE ] removing player 2 token from slot 2
[17:43:38.188] [SEVERE ] removing tokens from slot 2
[17:43:38.188] [SEVERE ] removing card from slot 2
[17:43:38.188] [SEVERE ] setting player 2 score to 7
[17:43:38.188] [SEVERE ] setting player 2 freeze to 1000
[17:43:38.297] [SEVERE ] placing card 19 in slot 2
[17:43:38.407] [SEVERE ] placing card 67 in slot 4
[17:43:38.517] [SEVERE ] placing card 38 in slot 8
[17:43:38.549] [SEVERE ] player 1 placing token on slot 0
[17:43:38.549] [SEVERE ] player 1 placing token on slot 8
[17:43:38.549] [SEVERE ] player 1 placing token on slot 5
[17:43:39.196] [SEVERE ] setting player 2 freeze to 0
[17:43:39.196] [SEVERE ] updating countdown to 11000
[17:43:39.530] [SEVERE ] updating countdown to 10666
[17:43:39.530] [SEVERE ] updating countdown to 11000
[17:43:39.641] [SEVERE ] removing player 1 token from slot 0
[17:43:39.641] [SEVERE ] removing tokens from slot 0
[17:43:39.641] [SEVERE ] removing card from slot 0
[17:43:39.753] [SEVERE ] removing player 1 token from slot 8
[17:43:39.753] [SEVERE ] removing tokens from slot 8
[17:43:39.753] [SEVERE ] removing card from slot 8
[17:43:39.863] [SEVERE ] removing player 1 token from slot 5
[17:43:39.863] [SEVERE ] removing tokens from slot 5
[17:43:39.863] [SEVERE ] removing card from slot 5
[17:43:39.863] [SEVERE ] setting player 1 score to 7
[17:43:39.863] [SEVERE ] setting player 1 freeze to 1000
[17:43:39.970] [SEVERE ] placing card 54 in slot 0
[17:43:40.081] [SEVERE ] placing card 64 in slot 5
[17:43:40.191] [SEVERE ] placing card 39 in slot 8
[17:43:40.207] [SEVERE ] player 2 placing token on slot 0
[17:43:40.207] [SEVERE ] player 2 placing token on slot 4
[17:43:40.207] [SEVERE ] player 2 placing token on slot 1
[17:43:40.538] [SEVERE ] player 3 placing token on slot 8
[17:43:40.538] [SEVERE ] player 4 placing token on slot 11
[17:43:40.867] [SEVERE ] setting player 1 freeze to 0
[17:43:40.867] [SEVERE ] updating countdown to 11000
[17:43:41.197] [SEVERE ] updating countdown to 10670
[17:43:41.197] [SEVERE ] updating countdown to 11000
[17:43:41.307] [SEVERE ] removing player 2 token from slot 0
[17:43:41.307] [SEVERE ] removing tokens from slot 0
[17:43:41.307] [SEVERE ] removing card from slot 0
[17:43:41.418] [SEVERE ] removing player 2 token from slot 4
[17:43:41.418] [SEVERE ] removing tokens from slot 4
[17:43:41.418] [SEVERE ] removing card from slot 4
[17:43:41.528] [SEVERE ] removing player 2 token from slot 1
[17:43:41.528] [SEVERE ] removing tokens from slot 1
[17:43:41.528] [SEVERE ] removing card from slot 1
[17:43:41.531] [SEVERE ] setting player 2 score to 8
[17:43:41.531] [SEVERE ] setting player 2 freeze to 1000
[17:43:41.547] [SEVERE ] removing player 4 token from slot 3
[17:43:41.548] [SEVERE ] player 4 placing token on slot 8
[17:43:41.548] [SEVERE ] player 3 placing token on slot 3
[17:43:41.549] [SEVERE ] removing player 3 token from slot 8
[17:43:41.549] [SEVERE ] player 3 placing token on slot 5
[17:43:41.549] [SEVERE ] player 4 placing token on slot 5
[17:43:41.646] [SEVERE ] placing card 56 in slot 1
[17:43:41.757] [SEVERE ] placing card 15 in slot 0
[17:43:41.867] [SEVERE ] placing card 28 in slot 4
[17:43:41.883] [SEVERE ] player 1 placing token on slot 2
[17:43:41.883] [SEVERE ] player 1 placing token on slot 4
[17:43:41.883] [SEVERE ] player 1 placing token on slot 5
[17:43:42.544] [SEVERE ] setting player 2 freeze to 0
[17:43:42.546] [SEVERE ] updating countdown to 11000
[17:43:42.876] [SEVERE ] updating countdown to 10670
[17:43:42.876] [SEVERE ] removing player 4 token from slot 11
[17:43:42.878] [SEVERE ] removing player 4 token from slot 8
[17:43:42.878] [SEVERE ] removing player 4 token from slot 5
[17:43:42.878] [SEVERE ] updating countdown to 11000
[17:43:42.878] [SEVERE ] setting player 4 freeze to 3000
[17:43:42.989] [SEVERE ] removing player 1 token from slot 2
[17:43:42.989] [SEVERE ] removing tokens from slot 2
[17:43:42.989] [SEVERE ] removing card from slot 2
[17:43:43.098] [SEVERE ] removing player 1 token from slot 4
[17:43:43.098] [SEVERE ] removing tokens from slot 4
[17:43:43.098] [SEVERE ] removing card from slot 4
[17:43:43.208] [SEVERE ] removing player 1 token from slot 5
[17:43:43.208] [SEVERE ] removing player 3 token from slot 5
[17:43:43.208] [SEVERE ] removing tokens from slot 5
[17:43:43.208] [SEVERE ] removing card from slot 5
[17:43:43.210] [SEVERE ] setting player 1 score to 8
[17:43:43.210] [SEVERE ] setting player 1 freeze to 1000
[17:43:43.314] [SEVERE ] placing card 40 in slot 2
[17:43:43.424] [SEVERE ] placing card 1 in slot 5
[17:43:43.534] [SEVERE ] placing card 30 in slot 4
[17:43:43.549] [SEVERE ] player 2 placing token on slot 6
[17:43:43.549] [SEVERE ] player 2 placing token on slot 11
[17:43:43.549] [SEVERE ] player 2 placing token on slot 3
[17:43:43.886] [SEVERE ] setting player 4 freeze to 2000
[17:43:44.218] [SEVERE ] setting player 1 freeze to 0
[17:43:44.218] [SEVERE ] updating countdown to 11000
[17:43:44.549] [SEVERE ] updating countdown to 10669
[17:43:44.549] [SEVERE ] updating countdown to 11000
[17:43:44.659] [SEVERE ] removing player 2 token from slot 6
[17:43:44.659] [SEVERE ] removing tokens from slot 6
[17:43:44.659] [SEVERE ] removing card from slot 6
[17:43:44.770] [SEVERE ] removing player 2 token from slot 11
[17:43:44.770] [SEVERE ] removing tokens from slot 11
[17:43:44.770] [SEVERE ] removing card from slot 11
[17:43:44.883] [SEVERE ] removing player 2 token from slot 3
[17:43:44.883] [SEVERE ] removing player 3 token from slot 3
[17:43:44.883] [SEVERE ] removing tokens from slot 3
[17:43:44.883] [SEVERE ] removing card from slot 3
[17:43:44.883] [SEVERE ] setting player 2 score to 9
[17:43:44.883] [SEVERE ] setting player 2 freeze to 1000
[17:43:44.898] [SEVERE ] setting player 4 freeze to 1000
[17:43:45.001] [SEVERE ] placing card 35 in slot 6
[17:43:45.112] [SEVERE ] placing card 26 in slot 3
[17:43:45.224] [SEVERE ] placing card 43 in slot 11
[17:43:45.554] [SEVERE ] player 3 placing token on slot 8
[17:43:45.896] [SEVERE ] setting player 2 freeze to 0
[17:43:45.897] [SEVERE ] updating countdown to 11000
[17:43:45.912] [SEVERE ] setting player 4 freeze to 0
[17:43:46.227] [SEVERE ] updating countdown to 10670
[17:43:47.229] [SEVERE ] updating countdown to 9668
[17:43:48.244] [SEVERE ] updating countdown to 8653
[17:43:49.250] [SEVERE ] updating countdown to 7647
[17:43:49.924] [SEVERE ] player 4 placing token on slot 4
[17:43:50.253] [SEVERE ] updating countdown to 6644
[17:43:50.576] [SEVERE ] player 3 placing token on slot 0
[17:43:51.268] [SEVERE ] updating countdown to 5629
[17:43:52.897] [SEVERE ] updating countdown to 4000
[17:43:52.897] [SEVERE ] updating countdown to 4000
[17:43:52.897] [SEVERE ] updating countdown to 4000
[17:43:52.897] [SEVERE ] updating countdown to 4000
[17:43:52.897] [SEVERE ] updating countdown to 4000
[17:43:52.897] [SEVERE ] updating countdown to 4000
[17:43:52.897] [SEVERE ] updating countdown to 4000
[17:43:52.897] [SEVERE ] updating countdown to 4000
[17:43:52.897] [SEVERE ] updating countdown to 4000
[17:43:52.897] [SEVERE ] updating countdown to 4000
[17:43:52.897] [SEVERE ] updating countdown to 4000
[17:43:52.897] [SEVERE ] updating countdown to 4000
[17:43:52.897] [SEVERE ] updating countdown to 4000
[17:43:53.897] [SEVERE ] updating countdown to 3000
[17:43:53.897] [SEVERE ] updating countdown to 3000
[17:43:53.897] [SEVERE ] updating countdown to 3000
[17:43:54.898] [SEVERE ] updating countdown to 2000
[17:43:54.944] [SEVERE ] player 4 placing token on slot 7
[17:43:55.595] [SEVERE ] removing player 3 token from slot 0
[17:43:55.897] [SEVERE ] updating countdown to 1000
[17:43:55.897] [SEVERE ] updating countdown to 1000
[17:43:55.897] [SEVERE ] updating countdown to 1000
[17:43:56.900] [SEVERE ] updating countdown to 11000
[17:43:57.016] [SEVERE ] removing tokens from slot 1
[17:43:57.016] [SEVERE ] removing card from slot 1
[17:43:57.127] [SEVERE ] removing tokens from slot 0
[17:43:57.127] [SEVERE ] removing card from slot 0
[17:43:57.236] [SEVERE ] removing tokens from slot 9
[17:43:57.236] [SEVERE ] removing card from slot 9
[17:43:57.346] [SEVERE ] removing tokens from slot 2
[17:43:57.346] [SEVERE ] removing card from slot 2
[17:43:57.456] [SEVERE ] removing tokens from slot 6
[17:43:57.456] [SEVERE ] removing card from slot 6
[17:43:57.566] [SEVERE ] removing tokens from slot 3
[17:43:57.566] [SEVERE ] removing card from slot 3
[17:43:57.675] [SEVERE ] removing player 4 token from slot 7
[17:43:57.675] [SEVERE ] removing tokens from slot 7
[17:43:57.675] [SEVERE ] removing card from slot 7
[17:43:57.786] [SEVERE ] removing tokens from slot 11
[17:43:57.786] [SEVERE ] removing card from slot 11
[17:43:57.895] [SEVERE ] removing tokens from slot 10
[17:43:57.895] [SEVERE ] removing card from slot 10
[17:43:58.006] [SEVERE ] removing tokens from slot 5
[17:43:58.006] [SEVERE ] removing card from slot 5
[17:43:58.116] [SEVERE ] removing player 4 token from slot 4
[17:43:58.116] [SEVERE ] removing tokens from slot 4
[17:43:58.116] [SEVERE ] removing card from slot 4
[17:43:58.226] [SEVERE ] removing player 3 token from slot 8
[17:43:58.226] [SEVERE ] removing tokens from slot 8
[17:43:58.226] [SEVERE ] removing card from slot 8
[17:43:58.226] [SEVERE ] updating countdown to 11000
[17:43:58.339] [SEVERE ] placing card 55 in slot 1
[17:43:58.449] [SEVERE ] placing card 40 in slot 0
[17:43:58.559] [SEVERE ] placing card 21 in slot 9
[17:43:58.669] [SEVERE ] placing card 26 in slot 2
[17:43:58.779] [SEVERE ] placing card 56 in slot 6
[17:43:58.890] [SEVERE ] placing card 74 in slot 3
[17:43:59.000] [SEVERE ] placing card 6 in slot 7
[17:43:59.110] [SEVERE ] placing card 50 in slot 11
[17:43:59.221] [SEVERE ] placing card 53 in slot 10
[17:43:59.331] [SEVERE ] placing card 25 in slot 5
[17:43:59.442] [SEVERE ] placing card 69 in slot 4
[17:43:59.553] [SEVERE ] placing card 58 in slot 8
[17:43:59.964] [SEVERE ] player 4 placing token on slot 5
[17:44:00.562] [SEVERE ] updating countdown to 9991
[17:44:00.562] [SEVERE ] player 1 placing token on slot 5
[17:44:00.563] [SEVERE ] player 1 placing token on slot 0
[17:44:00.563] [SEVERE ] player 1 placing token on slot 1
[17:44:00.563] [SEVERE ] player 2 placing token on slot 5
[17:44:00.563] [SEVERE ] player 2 placing token on slot 0
[17:44:00.563] [SEVERE ] player 2 placing token on slot 1
[17:44:00.611] [SEVERE ] player 3 placing token on slot 10
[17:44:00.976] [SEVERE ] removing player 4 token from slot 5
[17:44:00.976] [SEVERE ] player 4 placing token on slot 0
[17:44:00.976] [SEVERE ] player 4 placing token on slot 1
[17:44:01.573] [SEVERE ] updating countdown to 8980
[17:44:01.573] [SEVERE ] updating countdown to 11000
[17:44:01.620] [SEVERE ] player 3 placing token on slot 5
[17:44:01.620] [SEVERE ] player 3 placing token on slot 0
[17:44:01.683] [SEVERE ] removing player 1 token from slot 5
[17:44:01.683] [SEVERE ] removing player 2 token from slot 5
[17:44:01.683] [SEVERE ] removing player 3 token from slot 5
[17:44:01.683] [SEVERE ] removing tokens from slot 5
[17:44:01.683] [SEVERE ] removing card from slot 5
[17:44:01.793] [SEVERE ] removing player 1 token from slot 0
[17:44:01.793] [SEVERE ] removing player 2 token from slot 0
[17:44:01.793] [SEVERE ] removing player 3 token from slot 0
[17:44:01.793] [SEVERE ] removing player 4 token from slot 0
[17:44:01.793] [SEVERE ] removing tokens from slot 0
[17:44:01.793] [SEVERE ] removing card from slot 0
[17:44:01.903] [SEVERE ] removing player 1 token from slot 1
[17:44:01.903] [SEVERE ] removing player 2 token from slot 1
[17:44:01.903] [SEVERE ] removing player 4 token from slot 1
[17:44:01.903] [SEVERE ] removing tokens from slot 1
[17:44:01.903] [SEVERE ] removing card from slot 1
[17:44:01.903] [SEVERE ] setting player 1 score to 9
[17:44:01.903] [SEVERE ] setting player 1 freeze to 1000
[17:44:02.009] [SEVERE ] placing card 42 in slot 1
[17:44:02.112] [SEVERE ] placing card 22 in slot 0
[17:44:02.222] [SEVERE ] placing card 39 in slot 5
[17:44:02.915] [SEVERE ] setting player 1 freeze to 0
[17:44:02.915] [SEVERE ] player 2 placing token on slot 0
[17:44:02.915] [SEVERE ] updating countdown to 11000
[17:44:02.915] [SEVERE ] player 2 placing token on slot 1
[17:44:02.915] [SEVERE ] player 2 placing token on slot 6
[17:44:03.230] [SEVERE ] updating countdown to 10685
[17:44:03.230] [SEVERE ] updating countdown to 11000
[17:44:03.340] [SEVERE ] removing player 2 token from slot 0
[17:44:03.340] [SEVERE ] removing tokens from slot 0
[17:44:03.340] [SEVERE ] removing card from slot 0
[17:44:03.450] [SEVERE ] removing player 2 token from slot 1
[17:44:03.450] [SEVERE ] removing tokens from slot 1
[17:44:03.450] [SEVERE ] removing card from slot 1
[17:44:03.561] [SEVERE ] removing player 2 token from slot 6
[17:44:03.561] [SEVERE ] removing tokens from slot 6
[17:44:03.561] [SEVERE ] removing card from slot 6
[17:44:03.562] [SEVERE ] setting player 2 score to 10
[17:44:03.562] [SEVERE ] setting player 2 freeze to 1000
[17:44:03.674] [SEVERE ] placing card 71 in slot 1
[17:44:03.784] [SEVERE ] placing card 9 in slot 0
[17:44:03.893] [SEVERE ] placing card 75 in slot 6
[17:44:03.925] [SEVERE ] player 1 placing token on slot 0
[17:44:03.925] [SEVERE ] player 1 placing token on slot 5
[17:44:03.925] [SEVERE ] player 1 placing token on slot 4
[17:44:04.569] [SEVERE ] setting player 2 freeze to 0
[17:44:04.569] [SEVERE ] updating countdown to 11000
[17:44:04.899] [SEVERE ] updating countdown to 10670
[17:44:04.899] [SEVERE ] updating countdown to 11000
[17:44:04.978] [SEVERE ] player 4 placing token on slot 3
[17:44:05.010] [SEVERE ] removing player 1 token from slot 0
[17:44:05.010] [SEVERE ] removing tokens from slot 0
[17:44:05.010] [SEVERE ] removing card from slot 0
[17:44:05.119] [SEVERE ] removing player 1 token from slot 5
[17:44:05.119] [SEVERE ] removing tokens from slot 5
[17:44:05.119] [SEVERE ] removing card from slot 5
[17:44:05.231] [SEVERE ] removing player 1 token from slot 4
[17:44:05.231] [SEVERE ] removing tokens from slot 4
[17:44:05.231] [SEVERE ] removing card from slot 4
[17:44:05.231] [SEVERE ] setting player 1 score to 10
[17:44:05.231] [SEVERE ] setting player 1 freeze to 1000
[17:44:05.337] [SEVERE ] placing card 76 in slot 0
[17:44:05.447] [SEVERE ] placing card 8 in slot 5
[17:44:05.557] [SEVERE ] placing card 73 in slot 4
[17:44:05.572] [SEVERE ] player 2 placing token on slot 9
[17:44:05.572] [SEVERE ] player 2 placing token on slot 11
[17:44:05.572] [SEVERE ] player 2 placing token on slot 0
[17:44:05.907] [SEVERE ] removing player 3 token from slot 10
[17:44:05.985] [SEVERE ] player 4 placing token on slot 9
[17:44:05.986] [SEVERE ] player 4 placing token on slot 11
[17:44:06.237] [SEVERE ] setting player 1 freeze to 0
[17:44:06.237] [SEVERE ] updating countdown to 11000
[17:44:06.568] [SEVERE ] updating countdown to 10669
[17:44:06.568] [SEVERE ] updating countdown to 11000
[17:44:06.678] [SEVERE ] removing player 2 token from slot 9
[17:44:06.678] [SEVERE ] removing player 4 token from slot 9
[17:44:06.678] [SEVERE ] removing tokens from slot 9
[17:44:06.678] [SEVERE ] removing card from slot 9
[17:44:06.788] [SEVERE ] removing player 2 token from slot 11
[17:44:06.788] [SEVERE ] removing player 4 token from slot 11
[17:44:06.788] [SEVERE ] removing tokens from slot 11
[17:44:06.788] [SEVERE ] removing card from slot 11
[17:44:06.898] [SEVERE ] removing player 2 token from slot 0
[17:44:06.898] [SEVERE ] removing tokens from slot 0
[17:44:06.898] [SEVERE ] removing card from slot 0
[17:44:06.898] [SEVERE ] setting player 2 score to 11
[17:44:06.898] [SEVERE ] setting player 2 freeze to 1000
[17:44:06.914] [SEVERE ] player 3 placing token on slot 5
[17:44:06.914] [SEVERE ] player 3 placing token on slot 10
[17:44:06.914] [SEVERE ] player 3 placing token on slot 1
[17:44:07.010] [SEVERE ] placing card 1 in slot 0
[17:44:07.120] [SEVERE ] placing card 31 in slot 9
[17:44:07.230] [SEVERE ] placing card 30 in slot 11
[17:44:07.246] [SEVERE ] player 1 placing token on slot 5
[17:44:07.246] [SEVERE ] player 1 placing token on slot 10
[17:44:07.246] [SEVERE ] player 1 placing token on slot 1
[17:44:07.906] [SEVERE ] setting player 2 freeze to 0
[17:44:07.906] [SEVERE ] updating countdown to 11000
[17:44:08.236] [SEVERE ] updating countdown to 10670
[17:44:08.236] [SEVERE ] updating countdown to 11000
[17:44:08.346] [SEVERE ] removing player 1 token from slot 5
[17:44:08.346] [SEVERE ] removing player 3 token from slot 5
[17:44:08.346] [SEVERE ] removing tokens from slot 5
[17:44:08.346] [SEVERE ] removing card from slot 5
[17:44:08.457] [SEVERE ] removing player 1 token from slot 10
[17:44:08.457] [SEVERE ] removing player 3 token from slot 10
[17:44:08.457] [SEVERE ] removing tokens from slot 10
[17:44:08.457] [SEVERE ] removing card from slot 10
[17:44:08.568] [SEVERE ] removing player 1 token from slot 1
[17:44:08.568] [SEVERE ] removing player 3 token from slot 1
[17:44:08.568] [SEVERE ] removing tokens from slot 1
[17:44:08.568] [SEVERE ] removing card from slot 1
[17:44:08.568] [SEVERE ] setting player 3 score to 1
[17:44:08.568] [SEVERE ] setting player 3 freeze to 1000
[17:44:08.670] [SEVERE ] placing card 7 in slot 1
[17:44:08.780] [SEVERE ] placing card 24 in slot 10
[17:44:08.890] [SEVERE ] placing card 0 in slot 5
[17:44:09.583] [SEVERE ] setting player 3 freeze to 0
[17:44:09.583] [SEVERE ] updating countdown to 11000
[17:44:09.898] [SEVERE ] updating countdown to 10685
[17:44:10.900] [SEVERE ] updating countdown to 9683
[17:44:10.900] [SEVERE ] player 4 placing token on slot 7
[17:44:11.909] [SEVERE ] updating countdown to 8674
[17:44:12.914] [SEVERE ] updating countdown to 7669
[17:44:13.584] [SEVERE ] player 3 placing token on slot 6
[17:44:13.915] [SEVERE ] updating countdown to 6668
[17:44:14.920] [SEVERE ] updating countdown to 5663
[17:44:15.924] [SEVERE ] player 4 placing token on slot 8
[17:44:15.924] [SEVERE ] removing player 4 token from slot 3
[17:44:15.924] [SEVERE ] removing player 4 token from slot 7
[17:44:15.924] [SEVERE ] removing player 4 token from slot 8
[17:44:16.931] [SEVERE ] setting player 4 freeze to 3000
[17:44:17.583] [SEVERE ] updating countdown to 3000
[17:44:17.583] [SEVERE ] updating countdown to 3000
[17:44:17.583] [SEVERE ] updating countdown to 3000
[17:44:17.583] [SEVERE ] updating countdown to 3000
[17:44:17.583] [SEVERE ] updating countdown to 3000
[17:44:17.583] [SEVERE ] updating countdown to 3000
[17:44:17.583] [SEVERE ] updating countdown to 3000
[17:44:17.583] [SEVERE ] updating countdown to 3000
[17:44:17.583] [SEVERE ] updating countdown to 3000
[17:44:17.583] [SEVERE ] updating countdown to 3000
[17:44:17.583] [SEVERE ] updating countdown to 3000
[17:44:17.934] [SEVERE ] setting player 4 freeze to 2000
[17:44:18.594] [SEVERE ] player 3 placing token on slot 0
[17:44:18.940] [SEVERE ] setting player 4 freeze to 1000
[17:44:19.954] [SEVERE ] setting player 4 freeze to 0
[17:44:20.583] [SEVERE ] updating countdown to 11000
[17:44:20.700] [SEVERE ] removing tokens from slot 1
[17:44:20.700] [SEVERE ] removing card from slot 1
[17:44:20.810] [SEVERE ] removing player 3 token from slot 0
[17:44:20.810] [SEVERE ] removing tokens from slot 0
[17:44:20.810] [SEVERE ] removing card from slot 0
[17:44:20.920] [SEVERE ] removing tokens from slot 9
[17:44:20.920] [SEVERE ] removing card from slot 9
[17:44:21.031] [SEVERE ] removing tokens from slot 2
[17:44:21.031] [SEVERE ] removing card from slot 2
[17:44:21.141] [SEVERE ] removing player 3 token from slot 6
[17:44:21.141] [SEVERE ] removing tokens from slot 6
[17:44:21.141] [SEVERE ] removing card from slot 6
[17:44:21.251] [SEVERE ] removing tokens from slot 3
[17:44:21.251] [SEVERE ] removing card from slot 3
[17:44:21.361] [SEVERE ] removing tokens from slot 7
[17:44:21.361] [SEVERE ] removing card from slot 7
[17:44:21.471] [SEVERE ] removing tokens from slot 11
[17:44:21.471] [SEVERE ] removing card from slot 11
[17:44:21.582] [SEVERE ] removing tokens from slot 10
[17:44:21.582] [SEVERE ] removing card from slot 10
[17:44:21.691] [SEVERE ] removing tokens from slot 5
[17:44:21.691] [SEVERE ] removing card from slot 5
[17:44:21.801] [SEVERE ] removing tokens from slot 4
[17:44:21.801] [SEVERE ] removing card from slot 4
[17:44:21.912] [SEVERE ] removing tokens from slot 8
[17:44:21.912] [SEVERE ] removing card from slot 8
[17:44:21.912] [SEVERE ] updating countdown to 11000
[17:44:22.018] [SEVERE ] placing card 35 in slot 1
[17:44:22.128] [SEVERE ] placing card 30 in slot 0
[17:44:22.238] [SEVERE ] placing card 43 in slot 9
[17:44:22.349] [SEVERE ] placing card 1 in slot 2
[17:44:22.461] [SEVERE ] placing card 15 in slot 6
[17:44:22.572] [SEVERE ] placing card 26 in slot 3
[17:44:22.684] [SEVERE ] placing card 75 in slot 7
[17:44:22.794] [SEVERE ] placing card 58 in slot 11
[17:44:22.904] [SEVERE ] placing card 6 in slot 10
[17:44:23.015] [SEVERE ] placing card 0 in slot 5
[17:44:23.126] [SEVERE ] placing card 31 in slot 4
[17:44:23.236] [SEVERE ] placing card 73 in slot 8
[17:44:23.599] [SEVERE ] player 3 placing token on slot 6
[17:44:23.963] [SEVERE ] player 4 placing token on slot 3
[17:44:24.247] [SEVERE ] updating countdown to 9989
[17:44:24.247] [SEVERE ] player 1 placing token on slot 5
[17:44:24.247] [SEVERE ] player 1 placing token on slot 1
[17:44:24.247] [SEVERE ] player 2 placing token on slot 5
[17:44:24.248] [SEVERE ] player 2 placing token on slot 1
[17:44:24.248] [SEVERE ] player 2 placing token on slot 11
[17:44:24.248] [SEVERE ] player 1 placing token on slot 11
[17:44:24.614] [SEVERE ] player 3 placing token on slot 5
[17:44:24.614] [SEVERE ] player 3 placing token on slot 1
[17:44:24.975] [SEVERE ] player 4 placing token on slot 5
[17:44:24.975] [SEVERE ] player 4 placing token on slot 1
[17:44:25.258] [SEVERE ] updating countdown to 8978
[17:44:25.258] [SEVERE ] updating countdown to 11000
[17:44:25.369] [SEVERE ] removing player 1 token from slot 5
[17:44:25.369] [SEVERE ] removing player 2 token from slot 5
[17:44:25.369] [SEVERE ] removing player 3 token from slot 5
[17:44:25.369] [SEVERE ] removing player 4 token from slot 5
[17:44:25.369] [SEVERE ] removing tokens from slot 5
[17:44:25.369] [SEVERE ] removing card from slot 5
[17:44:25.479] [SEVERE ] removing player 1 token from slot 1
[17:44:25.479] [SEVERE ] removing player 2 token from slot 1
[17:44:25.479] [SEVERE ] removing player 3 token from slot 1
[17:44:25.479] [SEVERE ] removing player 4 token from slot 1
[17:44:25.479] [SEVERE ] removing tokens from slot 1
[17:44:25.479] [SEVERE ] removing card from slot 1
[17:44:25.589] [SEVERE ] removing player 1 token from slot 11
[17:44:25.589] [SEVERE ] removing player 2 token from slot 11
[17:44:25.589] [SEVERE ] removing tokens from slot 11
[17:44:25.589] [SEVERE ] removing card from slot 11
[17:44:25.589] [SEVERE ] setting player 2 score to 12
[17:44:25.589] [SEVERE ] setting player 2 freeze to 1000
[17:44:25.703] [SEVERE ] placing card 24 in slot 1
[17:44:25.813] [SEVERE ] placing card 7 in slot 11
[17:44:25.923] [SEVERE ] placing card 74 in slot 5
[17:44:26.592] [SEVERE ] setting player 2 freeze to 0
[17:44:26.592] [SEVERE ] updating countdown to 11000
[17:44:26.592] [SEVERE ] player 1 placing token on slot 10
[17:44:26.592] [SEVERE ] player 1 placing token on slot 6
[17:44:26.592] [SEVERE ] player 1 placing token on slot 1
[17:44:26.925] [SEVERE ] updating countdown to 10667
[17:44:26.925] [SEVERE ] updating countdown to 11000
[17:44:27.036] [SEVERE ] removing player 1 token from slot 10
[17:44:27.036] [SEVERE ] removing tokens from slot 10
[17:44:27.036] [SEVERE ] removing card from slot 10
[17:44:27.148] [SEVERE ] removing player 1 token from slot 6
[17:44:27.148] [SEVERE ] removing player 3 token from slot 6
[17:44:27.148] [SEVERE ] removing tokens from slot 6
[17:44:27.148] [SEVERE ] removing card from slot 6
[17:44:27.257] [SEVERE ] removing player 1 token from slot 1
[17:44:27.257] [SEVERE ] removing tokens from slot 1
[17:44:27.257] [SEVERE ] removing card from slot 1
[17:44:27.257] [SEVERE ] setting player 1 score to 11
[17:44:27.257] [SEVERE ] setting player 1 freeze to 1000
[17:44:27.265] [INFO   ] thread dealer terminated.
[17:44:28.260] [SEVERE ] setting player 1 freeze to 0
[17:44:28.260] [SEVERE ] updating countdown to 11000
[17:44:29.597] [SEVERE ] player 4 placing token on slot 9
[17:44:29.599] [SEVERE ] player 3 placing token on slot 4
[17:44:30.375] [SEVERE ] exit button pressed
[17:44:30.611] [INFO   ] thread Thread-2 terminated.
[17:44:31.271] [INFO   ] thread Thread-1 terminated.
[17:44:32.275] [SEVERE ] thanks for playing... it was fun!
[17:44:32.275] [INFO   ] thread bguspl.set.Main.main() terminated.
