[17:32:41.773] [INFO   ] thread bguspl.set.Main.main() starting.
[17:32:41.773] [SEVERE ] cannot read configuration file config.properties trying from resources.
[17:32:41.773] [SEVERE ] configuration file was loaded from resources directory.
[17:32:42.724] [INFO   ] thread dealer starting.
[17:32:42.724] [INFO   ] thread dealer starting.
[17:32:42.740] [INFO   ] thread Thread-1 starting.
[17:32:42.740] [INFO   ] thread Thread-2 starting.
[17:32:42.740] [INFO   ] thread Thread-3 starting.
[17:32:42.740] [INFO   ] thread Thread-4 starting.
[17:32:42.745] [INFO   ] thread computer-2 starting.
[17:32:42.745] [INFO   ] thread computer-3 starting.
[17:32:42.747] [SEVERE ] updating countdown to 5000
[17:32:42.861] [SEVERE ] placing card 60 in slot 9
[17:32:42.964] [SEVERE ] placing card 21 in slot 8
[17:32:43.075] [SEVERE ] placing card 23 in slot 6
[17:32:43.186] [SEVERE ] placing card 20 in slot 7
[17:32:43.297] [SEVERE ] placing card 4 in slot 5
[17:32:43.408] [SEVERE ] placing card 14 in slot 0
[17:32:43.510] [SEVERE ] placing card 62 in slot 3
[17:32:43.620] [SEVERE ] placing card 71 in slot 4
[17:32:43.721] [SEVERE ] placing card 16 in slot 2
[17:32:43.752] [SEVERE ] player 4 placing token on slot 4
[17:32:43.754] [SEVERE ] player 1 placing token on slot 5
[17:32:43.754] [SEVERE ] player 2 placing token on slot 5
[17:32:43.756] [SEVERE ] player 2 placing token on slot 0
[17:32:43.756] [SEVERE ] player 2 placing token on slot 8
[17:32:43.756] [SEVERE ] player 1 placing token on slot 0
[17:32:43.756] [SEVERE ] player 1 placing token on slot 8
[17:32:43.834] [SEVERE ] placing card 74 in slot 11
[17:32:43.943] [SEVERE ] placing card 13 in slot 10
[17:32:44.053] [SEVERE ] placing card 66 in slot 1
[17:32:44.053] [SEVERE ] updating countdown to 5000
[17:32:44.053] [SEVERE ] updating countdown to 5000
[17:32:44.163] [SEVERE ] removing player 1 token from slot 5
[17:32:44.163] [SEVERE ] removing player 2 token from slot 5
[17:32:44.163] [SEVERE ] removing tokens from slot 5
[17:32:44.163] [SEVERE ] removing card from slot 5
[17:32:44.273] [SEVERE ] removing player 1 token from slot 0
[17:32:44.273] [SEVERE ] removing player 2 token from slot 0
[17:32:44.273] [SEVERE ] removing tokens from slot 0
[17:32:44.273] [SEVERE ] removing card from slot 0
[17:32:44.382] [SEVERE ] removing player 1 token from slot 8
[17:32:44.382] [SEVERE ] removing player 2 token from slot 8
[17:32:44.382] [SEVERE ] removing tokens from slot 8
[17:32:44.382] [SEVERE ] removing card from slot 8
[17:32:44.382] [SEVERE ] updating countdown to 5000
[17:32:44.382] [SEVERE ] setting player 2 score to 1
[17:32:44.382] [SEVERE ] setting player 2 freeze to 1000
[17:32:44.486] [SEVERE ] placing card 42 in slot 8
[17:32:44.596] [SEVERE ] placing card 38 in slot 5
[17:32:44.705] [SEVERE ] placing card 29 in slot 0
[17:32:44.755] [SEVERE ] player 4 placing token on slot 6
[17:32:44.755] [SEVERE ] player 4 placing token on slot 0
[17:32:44.755] [SEVERE ] updating countdown to 5000
[17:32:44.764] [SEVERE ] player 3 placing token on slot 6
[17:32:44.765] [SEVERE ] player 3 placing token on slot 0
[17:32:44.765] [SEVERE ] player 3 placing token on slot 4
[17:32:44.859] [SEVERE ] removing player 3 token from slot 4
[17:32:44.859] [SEVERE ] removing player 4 token from slot 4
[17:32:44.859] [SEVERE ] removing tokens from slot 4
[17:32:44.859] [SEVERE ] removing card from slot 4
[17:32:44.970] [SEVERE ] removing player 3 token from slot 6
[17:32:44.970] [SEVERE ] removing player 4 token from slot 6
[17:32:44.970] [SEVERE ] removing tokens from slot 6
[17:32:44.970] [SEVERE ] removing card from slot 6
[17:32:45.080] [SEVERE ] removing player 3 token from slot 0
[17:32:45.080] [SEVERE ] removing player 4 token from slot 0
[17:32:45.080] [SEVERE ] removing tokens from slot 0
[17:32:45.080] [SEVERE ] removing card from slot 0
[17:32:45.080] [SEVERE ] updating countdown to 5000
[17:32:45.080] [SEVERE ] setting player 4 score to 1
[17:32:45.080] [SEVERE ] setting player 4 freeze to 1000
[17:32:45.200] [SEVERE ] placing card 64 in slot 6
[17:32:45.309] [SEVERE ] placing card 65 in slot 0
[17:32:45.388] [SEVERE ] setting player 2 freeze to 0
[17:32:45.388] [SEVERE ] player 1 placing token on slot 10
[17:32:45.388] [SEVERE ] player 1 placing token on slot 8
[17:32:45.388] [SEVERE ] player 1 placing token on slot 0
[17:32:45.419] [SEVERE ] placing card 27 in slot 4
[17:32:45.419] [SEVERE ] updating countdown to 5000
[17:32:45.529] [SEVERE ] removing player 1 token from slot 10
[17:32:45.529] [SEVERE ] removing tokens from slot 10
[17:32:45.529] [SEVERE ] removing card from slot 10
[17:32:45.645] [SEVERE ] removing player 1 token from slot 8
[17:32:45.645] [SEVERE ] removing tokens from slot 8
[17:32:45.645] [SEVERE ] removing card from slot 8
[17:32:45.755] [SEVERE ] removing player 1 token from slot 0
[17:32:45.755] [SEVERE ] removing tokens from slot 0
[17:32:45.755] [SEVERE ] removing card from slot 0
[17:32:45.756] [SEVERE ] updating countdown to 5000
[17:32:45.756] [SEVERE ] setting player 1 score to 1
[17:32:45.756] [SEVERE ] setting player 1 freeze to 1000
[17:32:45.870] [SEVERE ] placing card 2 in slot 8
[17:32:45.972] [SEVERE ] placing card 79 in slot 0
[17:32:46.082] [SEVERE ] placing card 37 in slot 10
[17:32:46.082] [SEVERE ] player 3 placing token on slot 11
[17:32:46.084] [SEVERE ] setting player 4 freeze to 0
[17:32:46.397] [SEVERE ] player 2 placing token on slot 2
[17:32:46.397] [SEVERE ] player 2 placing token on slot 5
[17:32:46.397] [SEVERE ] player 2 placing token on slot 1
[17:32:46.397] [SEVERE ] updating countdown to 5000
[17:32:46.509] [SEVERE ] removing player 2 token from slot 2
[17:32:46.509] [SEVERE ] removing tokens from slot 2
[17:32:46.509] [SEVERE ] removing card from slot 2
[17:32:46.619] [SEVERE ] removing player 2 token from slot 5
[17:32:46.619] [SEVERE ] removing tokens from slot 5
[17:32:46.619] [SEVERE ] removing card from slot 5
[17:32:46.728] [SEVERE ] removing player 2 token from slot 1
[17:32:46.728] [SEVERE ] removing tokens from slot 1
[17:32:46.728] [SEVERE ] removing card from slot 1
[17:32:46.728] [SEVERE ] updating countdown to 5000
[17:32:46.728] [SEVERE ] setting player 2 score to 2
[17:32:46.728] [SEVERE ] setting player 2 freeze to 1000
[17:32:46.764] [SEVERE ] setting player 1 freeze to 0
[17:32:46.838] [SEVERE ] placing card 63 in slot 5
[17:32:46.948] [SEVERE ] placing card 33 in slot 2
[17:32:47.058] [SEVERE ] placing card 10 in slot 1
[17:32:47.095] [SEVERE ] player 4 placing token on slot 1
[17:32:47.095] [SEVERE ] player 3 placing token on slot 1
[17:32:47.095] [SEVERE ] player 3 placing token on slot 4
[17:32:47.095] [SEVERE ] updating countdown to 5000
[17:32:47.205] [SEVERE ] removing player 3 token from slot 11
[17:32:47.205] [SEVERE ] removing tokens from slot 11
[17:32:47.205] [SEVERE ] removing card from slot 11
[17:32:47.316] [SEVERE ] removing player 3 token from slot 1
[17:32:47.316] [SEVERE ] removing player 4 token from slot 1
[17:32:47.316] [SEVERE ] removing tokens from slot 1
[17:32:47.316] [SEVERE ] removing card from slot 1
[17:32:47.421] [SEVERE ] removing player 3 token from slot 4
[17:32:47.421] [SEVERE ] removing tokens from slot 4
[17:32:47.421] [SEVERE ] removing card from slot 4
[17:32:47.421] [SEVERE ] updating countdown to 5000
[17:32:47.421] [SEVERE ] setting player 3 score to 1
[17:32:47.421] [SEVERE ] setting player 3 freeze to 1000
[17:32:47.527] [SEVERE ] placing card 5 in slot 4
[17:32:47.635] [SEVERE ] placing card 6 in slot 11
[17:32:47.731] [SEVERE ] setting player 2 freeze to 0
[17:32:47.747] [SEVERE ] placing card 45 in slot 1
[17:32:47.772] [SEVERE ] player 1 placing token on slot 8
[17:32:47.772] [SEVERE ] player 1 placing token on slot 1
[17:32:47.772] [SEVERE ] player 1 placing token on slot 6
[17:32:47.772] [SEVERE ] updating countdown to 5000
[17:32:47.886] [SEVERE ] removing player 1 token from slot 8
[17:32:47.886] [SEVERE ] removing tokens from slot 8
[17:32:47.886] [SEVERE ] removing card from slot 8
[17:32:47.998] [SEVERE ] removing player 1 token from slot 1
[17:32:47.998] [SEVERE ] removing tokens from slot 1
[17:32:47.998] [SEVERE ] removing card from slot 1
[17:32:48.107] [SEVERE ] removing player 1 token from slot 6
[17:32:48.107] [SEVERE ] removing tokens from slot 6
[17:32:48.107] [SEVERE ] removing card from slot 6
[17:32:48.107] [SEVERE ] player 4 placing token on slot 11
[17:32:48.107] [SEVERE ] updating countdown to 5000
[17:32:48.107] [SEVERE ] player 4 placing token on slot 2
[17:32:48.107] [SEVERE ] player 4 placing token on slot 9
[17:32:48.107] [SEVERE ] setting player 1 score to 2
[17:32:48.107] [SEVERE ] setting player 1 freeze to 1000
[17:32:48.220] [SEVERE ] placing card 22 in slot 8
[17:32:48.330] [SEVERE ] placing card 46 in slot 6
[17:32:48.423] [SEVERE ] setting player 3 freeze to 0
[17:32:48.439] [SEVERE ] placing card 36 in slot 1
[17:32:48.439] [SEVERE ] updating countdown to 5000
[17:32:48.549] [SEVERE ] removing player 4 token from slot 11
[17:32:48.549] [SEVERE ] removing tokens from slot 11
[17:32:48.549] [SEVERE ] removing card from slot 11
[17:32:48.658] [SEVERE ] removing player 4 token from slot 2
[17:32:48.658] [SEVERE ] removing tokens from slot 2
[17:32:48.658] [SEVERE ] removing card from slot 2
[17:32:48.738] [SEVERE ] player 2 placing token on slot 4
[17:32:48.738] [SEVERE ] player 2 placing token on slot 1
[17:32:48.738] [SEVERE ] player 2 placing token on slot 0
[17:32:48.769] [SEVERE ] removing player 4 token from slot 9
[17:32:48.769] [SEVERE ] removing tokens from slot 9
[17:32:48.769] [SEVERE ] removing card from slot 9
[17:32:48.769] [SEVERE ] updating countdown to 5000
[17:32:48.769] [SEVERE ] updating countdown to 5000
[17:32:48.769] [SEVERE ] setting player 4 score to 2
[17:32:48.769] [SEVERE ] setting player 4 freeze to 1000
[17:32:48.879] [SEVERE ] removing player 2 token from slot 4
[17:32:48.879] [SEVERE ] removing tokens from slot 4
[17:32:48.879] [SEVERE ] removing card from slot 4
[17:32:48.989] [SEVERE ] removing player 2 token from slot 1
[17:32:48.989] [SEVERE ] removing tokens from slot 1
[17:32:48.989] [SEVERE ] removing card from slot 1
[17:32:49.099] [SEVERE ] removing player 2 token from slot 0
[17:32:49.099] [SEVERE ] removing tokens from slot 0
[17:32:49.099] [SEVERE ] removing card from slot 0
[17:32:49.100] [SEVERE ] updating countdown to 5000
[17:32:49.100] [SEVERE ] setting player 2 score to 3
[17:32:49.100] [SEVERE ] setting player 2 freeze to 1000
[17:32:49.116] [SEVERE ] setting player 1 freeze to 0
[17:32:49.215] [SEVERE ] placing card 67 in slot 9
[17:32:49.325] [SEVERE ] placing card 39 in slot 0
[17:32:49.435] [SEVERE ] placing card 70 in slot 4
[17:32:49.435] [SEVERE ] player 3 placing token on slot 5
[17:32:49.545] [SEVERE ] placing card 1 in slot 2
[17:32:49.654] [SEVERE ] placing card 19 in slot 11
[17:32:49.764] [SEVERE ] placing card 53 in slot 1
[17:32:49.774] [SEVERE ] setting player 4 freeze to 0
[17:32:50.105] [SEVERE ] setting player 2 freeze to 0
[17:32:50.122] [SEVERE ] player 1 placing token on slot 11
[17:32:50.122] [SEVERE ] player 1 placing token on slot 0
[17:32:50.122] [SEVERE ] player 1 placing token on slot 3
[17:32:50.122] [SEVERE ] updating countdown to 5000
[17:32:50.237] [SEVERE ] removing player 1 token from slot 11
[17:32:50.237] [SEVERE ] removing tokens from slot 11
[17:32:50.237] [SEVERE ] removing card from slot 11
[17:32:50.347] [SEVERE ] removing player 1 token from slot 0
[17:32:50.347] [SEVERE ] removing tokens from slot 0
[17:32:50.347] [SEVERE ] removing card from slot 0
[17:32:50.457] [SEVERE ] removing player 1 token from slot 3
[17:32:50.457] [SEVERE ] removing tokens from slot 3
[17:32:50.457] [SEVERE ] removing card from slot 3
[17:32:50.458] [SEVERE ] updating countdown to 5000
[17:32:50.458] [SEVERE ] setting player 1 score to 3
[17:32:50.458] [SEVERE ] setting player 1 freeze to 1000
[17:32:50.560] [SEVERE ] placing card 56 in slot 0
[17:32:50.670] [SEVERE ] placing card 80 in slot 3
[17:32:50.780] [SEVERE ] placing card 48 in slot 11
[17:32:50.780] [SEVERE ] player 4 placing token on slot 2
[17:32:51.108] [SEVERE ] player 2 placing token on slot 6
[17:32:51.108] [SEVERE ] player 2 placing token on slot 11
[17:32:51.108] [SEVERE ] player 2 placing token on slot 1
[17:32:51.108] [SEVERE ] updating countdown to 5000
[17:32:51.220] [SEVERE ] removing player 2 token from slot 6
[17:32:51.220] [SEVERE ] removing tokens from slot 6
[17:32:51.220] [SEVERE ] removing card from slot 6
[17:32:51.331] [SEVERE ] removing player 2 token from slot 11
[17:32:51.331] [SEVERE ] removing tokens from slot 11
[17:32:51.331] [SEVERE ] removing card from slot 11
[17:32:51.441] [SEVERE ] removing player 2 token from slot 1
[17:32:51.441] [SEVERE ] removing tokens from slot 1
[17:32:51.441] [SEVERE ] removing card from slot 1
[17:32:51.441] [SEVERE ] updating countdown to 5000
[17:32:51.441] [SEVERE ] setting player 2 score to 4
[17:32:51.441] [SEVERE ] setting player 2 freeze to 1000
[17:32:51.473] [SEVERE ] setting player 1 freeze to 0
[17:32:51.549] [SEVERE ] placing card 51 in slot 6
[17:32:51.659] [SEVERE ] placing card 26 in slot 11
[17:32:51.768] [SEVERE ] placing card 57 in slot 1
[17:32:51.785] [SEVERE ] player 4 placing token on slot 11
[17:32:51.785] [SEVERE ] player 4 placing token on slot 10
[17:32:51.785] [SEVERE ] removing player 4 token from slot 2
[17:32:51.785] [SEVERE ] removing player 4 token from slot 11
[17:32:51.785] [SEVERE ] removing player 4 token from slot 10
[17:32:51.785] [SEVERE ] setting player 4 freeze to 3000
[17:32:52.441] [SEVERE ] updating countdown to 4000
[17:32:52.441] [SEVERE ] updating countdown to 4000
[17:32:52.441] [SEVERE ] updating countdown to 4000
[17:32:52.446] [SEVERE ] setting player 2 freeze to 0
[17:32:52.463] [SEVERE ] player 3 placing token on slot 11
[17:32:52.463] [SEVERE ] player 3 placing token on slot 10
[17:32:52.463] [SEVERE ] removing player 3 token from slot 5
[17:32:52.463] [SEVERE ] removing player 3 token from slot 11
[17:32:52.463] [SEVERE ] removing player 3 token from slot 10
[17:32:52.463] [SEVERE ] setting player 3 freeze to 3000
[17:32:52.474] [SEVERE ] player 1 placing token on slot 11
[17:32:52.474] [SEVERE ] player 1 placing token on slot 10
[17:32:52.474] [SEVERE ] player 1 placing token on slot 1
[17:32:52.474] [SEVERE ] updating countdown to 5000
[17:32:52.586] [SEVERE ] removing player 1 token from slot 11
[17:32:52.586] [SEVERE ] removing tokens from slot 11
[17:32:52.586] [SEVERE ] removing card from slot 11
[17:32:52.696] [SEVERE ] removing player 1 token from slot 10
[17:32:52.696] [SEVERE ] removing tokens from slot 10
[17:32:52.696] [SEVERE ] removing card from slot 10
[17:32:52.790] [SEVERE ] setting player 4 freeze to 2000
[17:32:52.805] [SEVERE ] removing player 1 token from slot 1
[17:32:52.805] [SEVERE ] removing tokens from slot 1
[17:32:52.805] [SEVERE ] removing card from slot 1
[17:32:52.805] [SEVERE ] updating countdown to 5000
[17:32:52.805] [SEVERE ] setting player 1 score to 4
[17:32:52.805] [SEVERE ] setting player 1 freeze to 1000
[17:32:52.920] [SEVERE ] placing card 41 in slot 11
[17:32:53.030] [SEVERE ] placing card 52 in slot 10
[17:32:53.140] [SEVERE ] placing card 55 in slot 1
[17:32:53.450] [SEVERE ] player 2 placing token on slot 2
[17:32:53.450] [SEVERE ] player 2 placing token on slot 10
[17:32:53.450] [SEVERE ] player 2 placing token on slot 9
[17:32:53.450] [SEVERE ] updating countdown to 5000
[17:32:53.467] [SEVERE ] setting player 3 freeze to 2000
[17:32:53.561] [SEVERE ] removing player 2 token from slot 2
[17:32:53.561] [SEVERE ] removing tokens from slot 2
[17:32:53.561] [SEVERE ] removing card from slot 2
[17:32:53.672] [SEVERE ] removing player 2 token from slot 10
[17:32:53.672] [SEVERE ] removing tokens from slot 10
[17:32:53.672] [SEVERE ] removing card from slot 10
[17:32:53.783] [SEVERE ] removing player 2 token from slot 9
[17:32:53.783] [SEVERE ] removing tokens from slot 9
[17:32:53.783] [SEVERE ] removing card from slot 9
[17:32:53.783] [SEVERE ] updating countdown to 5000
[17:32:53.783] [SEVERE ] setting player 2 score to 5
[17:32:53.783] [SEVERE ] setting player 2 freeze to 1000
[17:32:53.799] [SEVERE ] setting player 4 freeze to 1000
[17:32:53.819] [SEVERE ] setting player 1 freeze to 0
[17:32:53.898] [SEVERE ] placing card 69 in slot 9
[17:32:54.008] [SEVERE ] placing card 34 in slot 2
[17:32:54.117] [SEVERE ] placing card 24 in slot 10
[17:32:54.475] [SEVERE ] setting player 3 freeze to 1000
[17:32:54.789] [SEVERE ] setting player 2 freeze to 0
[17:32:54.802] [SEVERE ] setting player 4 freeze to 0
[17:32:54.834] [SEVERE ] player 1 placing token on slot 10
[17:32:54.834] [SEVERE ] player 1 placing token on slot 11
[17:32:54.834] [SEVERE ] player 1 placing token on slot 1
[17:32:54.834] [SEVERE ] updating countdown to 5000
[17:32:54.938] [SEVERE ] removing player 1 token from slot 10
[17:32:54.938] [SEVERE ] removing tokens from slot 10
[17:32:54.938] [SEVERE ] removing card from slot 10
[17:32:55.048] [SEVERE ] removing player 1 token from slot 11
[17:32:55.048] [SEVERE ] removing tokens from slot 11
[17:32:55.048] [SEVERE ] removing card from slot 11
[17:32:55.158] [SEVERE ] removing player 1 token from slot 1
[17:32:55.158] [SEVERE ] removing tokens from slot 1
[17:32:55.158] [SEVERE ] removing card from slot 1
[17:32:55.158] [SEVERE ] updating countdown to 5000
[17:32:55.158] [SEVERE ] setting player 1 score to 5
[17:32:55.158] [SEVERE ] setting player 1 freeze to 1000
[17:32:55.270] [SEVERE ] placing card 18 in slot 11
[17:32:55.382] [SEVERE ] placing card 43 in slot 10
[17:32:55.476] [SEVERE ] setting player 3 freeze to 0
[17:32:55.492] [SEVERE ] placing card 32 in slot 1
[17:32:55.797] [SEVERE ] player 2 placing token on slot 11
[17:32:55.797] [SEVERE ] player 2 placing token on slot 1
[17:32:55.797] [SEVERE ] player 2 placing token on slot 4
[17:32:55.797] [SEVERE ] updating countdown to 5000
[17:32:55.819] [SEVERE ] player 4 placing token on slot 2
[17:32:55.904] [SEVERE ] removing player 2 token from slot 11
[17:32:55.904] [SEVERE ] removing tokens from slot 11
[17:32:55.904] [SEVERE ] removing card from slot 11
[17:32:56.014] [SEVERE ] removing player 2 token from slot 1
[17:32:56.014] [SEVERE ] removing tokens from slot 1
[17:32:56.014] [SEVERE ] removing card from slot 1
[17:32:56.124] [SEVERE ] removing player 2 token from slot 4
[17:32:56.124] [SEVERE ] removing tokens from slot 4
[17:32:56.124] [SEVERE ] removing card from slot 4
[17:32:56.124] [SEVERE ] updating countdown to 5000
[17:32:56.124] [SEVERE ] setting player 2 score to 6
[17:32:56.124] [SEVERE ] setting player 2 freeze to 1000
[17:32:56.164] [SEVERE ] setting player 1 freeze to 0
[17:32:56.238] [SEVERE ] placing card 7 in slot 4
[17:32:56.347] [SEVERE ] placing card 25 in slot 11
[17:32:56.457] [SEVERE ] placing card 9 in slot 1
[17:32:56.484] [SEVERE ] player 3 placing token on slot 2
[17:32:56.827] [SEVERE ] player 4 placing token on slot 11
[17:32:56.827] [SEVERE ] player 4 placing token on slot 6
[17:32:56.827] [SEVERE ] removing player 4 token from slot 2
[17:32:56.827] [SEVERE ] removing player 4 token from slot 11
[17:32:56.827] [SEVERE ] removing player 4 token from slot 6
[17:32:56.827] [SEVERE ] setting player 4 freeze to 3000
[17:32:57.135] [SEVERE ] setting player 2 freeze to 0
[17:32:57.165] [SEVERE ] player 1 placing token on slot 11
[17:32:57.165] [SEVERE ] player 1 placing token on slot 6
[17:32:57.165] [SEVERE ] player 1 placing token on slot 3
[17:32:57.165] [SEVERE ] updating countdown to 5000
[17:32:57.271] [SEVERE ] removing player 1 token from slot 11
[17:32:57.271] [SEVERE ] removing tokens from slot 11
[17:32:57.271] [SEVERE ] removing card from slot 11
[17:32:57.381] [SEVERE ] removing player 1 token from slot 6
[17:32:57.381] [SEVERE ] removing tokens from slot 6
[17:32:57.381] [SEVERE ] removing card from slot 6
[17:32:57.491] [SEVERE ] removing player 1 token from slot 3
[17:32:57.491] [SEVERE ] removing tokens from slot 3
[17:32:57.491] [SEVERE ] removing card from slot 3
[17:32:57.491] [SEVERE ] updating countdown to 5000
[17:32:57.491] [SEVERE ] setting player 1 score to 6
[17:32:57.491] [SEVERE ] setting player 1 freeze to 1000
[17:32:57.605] [SEVERE ] placing card 54 in slot 6
[17:32:57.714] [SEVERE ] placing card 72 in slot 3
[17:32:57.824] [SEVERE ] placing card 15 in slot 11
[17:32:57.833] [SEVERE ] setting player 4 freeze to 2000
[17:32:58.146] [SEVERE ] player 2 placing token on slot 6
[17:32:58.146] [SEVERE ] player 2 placing token on slot 5
[17:32:58.146] [SEVERE ] player 2 placing token on slot 3
[17:32:58.146] [SEVERE ] updating countdown to 5000
[17:32:58.260] [SEVERE ] removing player 2 token from slot 6
[17:32:58.260] [SEVERE ] removing tokens from slot 6
[17:32:58.260] [SEVERE ] removing card from slot 6
[17:32:58.372] [SEVERE ] removing player 2 token from slot 5
[17:32:58.372] [SEVERE ] removing tokens from slot 5
[17:32:58.372] [SEVERE ] removing card from slot 5
[17:32:58.482] [SEVERE ] removing player 2 token from slot 3
[17:32:58.482] [SEVERE ] removing tokens from slot 3
[17:32:58.482] [SEVERE ] removing card from slot 3
[17:32:58.482] [SEVERE ] updating countdown to 5000
[17:32:58.482] [SEVERE ] setting player 2 score to 7
[17:32:58.482] [SEVERE ] setting player 2 freeze to 1000
[17:32:58.498] [SEVERE ] setting player 1 freeze to 0
[17:32:58.498] [SEVERE ] player 3 placing token on slot 7
[17:32:58.598] [SEVERE ] placing card 49 in slot 6
[17:32:58.707] [SEVERE ] placing card 0 in slot 5
[17:32:58.817] [SEVERE ] placing card 8 in slot 3
[17:32:58.835] [SEVERE ] setting player 4 freeze to 1000
[17:32:59.492] [SEVERE ] setting player 2 freeze to 0
[17:32:59.505] [SEVERE ] player 1 placing token on slot 11
[17:32:59.505] [SEVERE ] player 1 placing token on slot 6
[17:32:59.505] [SEVERE ] player 1 placing token on slot 0
[17:32:59.506] [SEVERE ] player 3 placing token on slot 11
[17:32:59.506] [SEVERE ] updating countdown to 5000
[17:32:59.625] [SEVERE ] removing player 1 token from slot 11
[17:32:59.625] [SEVERE ] removing player 3 token from slot 11
[17:32:59.625] [SEVERE ] removing tokens from slot 11
[17:32:59.625] [SEVERE ] removing card from slot 11
[17:32:59.735] [SEVERE ] removing player 1 token from slot 6
[17:32:59.735] [SEVERE ] removing tokens from slot 6
[17:32:59.735] [SEVERE ] removing card from slot 6
[17:32:59.846] [SEVERE ] setting player 4 freeze to 0
[17:32:59.846] [SEVERE ] removing player 1 token from slot 0
[17:32:59.846] [SEVERE ] removing tokens from slot 0
[17:32:59.846] [SEVERE ] removing card from slot 0
[17:32:59.848] [SEVERE ] updating countdown to 5000
[17:32:59.848] [SEVERE ] setting player 1 score to 7
[17:32:59.848] [SEVERE ] setting player 1 freeze to 1000
[17:32:59.949] [SEVERE ] placing card 68 in slot 6
[17:33:00.059] [SEVERE ] placing card 30 in slot 0
[17:33:00.169] [SEVERE ] placing card 75 in slot 11
[17:33:00.494] [SEVERE ] player 2 placing token on slot 8
[17:33:00.494] [SEVERE ] player 2 placing token on slot 0
[17:33:00.494] [SEVERE ] player 2 placing token on slot 6
[17:33:00.494] [SEVERE ] updating countdown to 5000
[17:33:00.604] [SEVERE ] removing player 2 token from slot 8
[17:33:00.604] [SEVERE ] removing tokens from slot 8
[17:33:00.604] [SEVERE ] removing card from slot 8
[17:33:00.714] [SEVERE ] removing player 2 token from slot 0
[17:33:00.714] [SEVERE ] removing tokens from slot 0
[17:33:00.714] [SEVERE ] removing card from slot 0
[17:33:00.823] [SEVERE ] removing player 2 token from slot 6
[17:33:00.823] [SEVERE ] removing tokens from slot 6
[17:33:00.823] [SEVERE ] removing card from slot 6
[17:33:00.823] [SEVERE ] updating countdown to 5000
[17:33:00.823] [SEVERE ] setting player 2 score to 8
[17:33:00.823] [SEVERE ] setting player 2 freeze to 1000
[17:33:00.864] [SEVERE ] setting player 1 freeze to 0
[17:33:00.938] [SEVERE ] placing card 76 in slot 8
[17:33:01.047] [SEVERE ] placing card 44 in slot 6
[17:33:01.157] [SEVERE ] placing card 35 in slot 0
[17:33:01.823] [SEVERE ] updating countdown to 4000
[17:33:01.830] [SEVERE ] setting player 2 freeze to 0
[17:33:01.871] [SEVERE ] player 4 placing token on slot 1
[17:33:01.872] [SEVERE ] player 3 placing token on slot 1
[17:33:01.872] [SEVERE ] removing player 3 token from slot 2
[17:33:01.873] [SEVERE ] removing player 3 token from slot 7
[17:33:01.873] [SEVERE ] removing player 3 token from slot 1
[17:33:01.873] [SEVERE ] player 1 placing token on slot 1
[17:33:01.873] [SEVERE ] setting player 3 freeze to 3000
[17:33:01.873] [SEVERE ] player 1 placing token on slot 0
[17:33:01.873] [SEVERE ] player 4 placing token on slot 0
[17:33:01.873] [SEVERE ] player 4 placing token on slot 8
[17:33:01.874] [SEVERE ] player 1 placing token on slot 8
[17:33:01.874] [SEVERE ] updating countdown to 5000
[17:33:01.975] [SEVERE ] removing player 1 token from slot 1
[17:33:01.975] [SEVERE ] removing player 4 token from slot 1
[17:33:01.975] [SEVERE ] removing tokens from slot 1
[17:33:01.975] [SEVERE ] removing card from slot 1
[17:33:02.085] [SEVERE ] removing player 1 token from slot 0
[17:33:02.085] [SEVERE ] removing player 4 token from slot 0
[17:33:02.085] [SEVERE ] removing tokens from slot 0
[17:33:02.085] [SEVERE ] removing card from slot 0
[17:33:02.194] [SEVERE ] removing player 1 token from slot 8
[17:33:02.194] [SEVERE ] removing player 4 token from slot 8
[17:33:02.194] [SEVERE ] removing tokens from slot 8
[17:33:02.194] [SEVERE ] removing card from slot 8
[17:33:02.194] [SEVERE ] updating countdown to 5000
[17:33:02.194] [SEVERE ] setting player 4 score to 3
[17:33:02.194] [SEVERE ] setting player 4 freeze to 1000
[17:33:02.308] [SEVERE ] placing card 12 in slot 8
[17:33:02.418] [SEVERE ] placing card 17 in slot 0
[17:33:02.528] [SEVERE ] placing card 11 in slot 1
[17:33:02.839] [SEVERE ] player 2 placing token on slot 0
[17:33:02.839] [SEVERE ] player 2 placing token on slot 10
[17:33:02.839] [SEVERE ] player 2 placing token on slot 9
[17:33:02.839] [SEVERE ] updating countdown to 5000
[17:33:02.880] [SEVERE ] setting player 3 freeze to 2000
[17:33:02.954] [SEVERE ] removing player 2 token from slot 0
[17:33:02.954] [SEVERE ] removing tokens from slot 0
[17:33:02.954] [SEVERE ] removing card from slot 0
[17:33:03.065] [SEVERE ] removing player 2 token from slot 10
[17:33:03.065] [SEVERE ] removing tokens from slot 10
[17:33:03.065] [SEVERE ] removing card from slot 10
[17:33:03.175] [SEVERE ] removing player 2 token from slot 9
[17:33:03.175] [SEVERE ] removing tokens from slot 9
[17:33:03.175] [SEVERE ] removing card from slot 9
[17:33:03.175] [SEVERE ] updating countdown to 5000
[17:33:03.175] [SEVERE ] setting player 2 score to 9
[17:33:03.175] [SEVERE ] setting player 2 freeze to 1000
[17:33:03.202] [SEVERE ] setting player 4 freeze to 0
[17:33:03.202] [SEVERE ] player 1 placing token on slot 1
[17:33:03.202] [SEVERE ] player 1 placing token on slot 2
[17:33:03.202] [SEVERE ] player 1 placing token on slot 11
[17:33:03.277] [SEVERE ] placing card 3 in slot 9
[17:33:03.386] [SEVERE ] placing card 78 in slot 0
[17:33:03.496] [SEVERE ] placing card 50 in slot 10
[17:33:03.496] [SEVERE ] updating countdown to 5000
[17:33:03.606] [SEVERE ] removing player 1 token from slot 1
[17:33:03.606] [SEVERE ] removing tokens from slot 1
[17:33:03.606] [SEVERE ] removing card from slot 1
[17:33:03.716] [SEVERE ] removing player 1 token from slot 2
[17:33:03.716] [SEVERE ] removing tokens from slot 2
[17:33:03.716] [SEVERE ] removing card from slot 2
[17:33:03.826] [SEVERE ] removing player 1 token from slot 11
[17:33:03.826] [SEVERE ] removing tokens from slot 11
[17:33:03.826] [SEVERE ] removing card from slot 11
[17:33:03.826] [SEVERE ] updating countdown to 5000
[17:33:03.826] [SEVERE ] setting player 1 score to 8
[17:33:03.826] [SEVERE ] setting player 1 freeze to 1000
[17:33:03.882] [SEVERE ] setting player 3 freeze to 1000
[17:33:03.935] [SEVERE ] placing card 47 in slot 2
[17:33:04.045] [SEVERE ] placing card 28 in slot 11
[17:33:04.157] [SEVERE ] placing card 31 in slot 1
[17:33:04.183] [SEVERE ] setting player 2 freeze to 0
[17:33:04.213] [SEVERE ] player 4 placing token on slot 9
[17:33:04.826] [SEVERE ] updating countdown to 4000
[17:33:04.826] [SEVERE ] updating countdown to 4000
[17:33:04.826] [SEVERE ] updating countdown to 4000
[17:33:04.835] [SEVERE ] setting player 1 freeze to 0
[17:33:04.883] [SEVERE ] setting player 3 freeze to 0
[17:33:05.191] [SEVERE ] player 2 placing token on slot 4
[17:33:05.191] [SEVERE ] player 2 placing token on slot 6
[17:33:05.191] [SEVERE ] player 2 placing token on slot 0
[17:33:05.192] [SEVERE ] updating countdown to 5000
[17:33:05.218] [SEVERE ] player 4 placing token on slot 4
[17:33:05.218] [SEVERE ] player 4 placing token on slot 6
[17:33:05.304] [SEVERE ] removing player 2 token from slot 4
[17:33:05.304] [SEVERE ] removing player 4 token from slot 4
[17:33:05.304] [SEVERE ] removing tokens from slot 4
[17:33:05.304] [SEVERE ] removing card from slot 4
[17:33:05.414] [SEVERE ] removing player 2 token from slot 6
[17:33:05.414] [SEVERE ] removing player 4 token from slot 6
[17:33:05.414] [SEVERE ] removing tokens from slot 6
[17:33:05.414] [SEVERE ] removing card from slot 6
[17:33:05.524] [SEVERE ] removing player 2 token from slot 0
[17:33:05.524] [SEVERE ] removing tokens from slot 0
[17:33:05.524] [SEVERE ] removing card from slot 0
[17:33:05.524] [SEVERE ] updating countdown to 5000
[17:33:05.524] [SEVERE ] setting player 2 score to 10
[17:33:05.524] [SEVERE ] setting player 2 freeze to 1000
[17:33:05.635] [SEVERE ] placing card 61 in slot 6
[17:33:05.746] [SEVERE ] placing card 58 in slot 0
[17:33:05.840] [SEVERE ] player 1 placing token on slot 8
[17:33:05.840] [SEVERE ] player 1 placing token on slot 10
[17:33:05.840] [SEVERE ] player 1 placing token on slot 0
[17:33:05.856] [SEVERE ] placing card 59 in slot 4
[17:33:05.856] [SEVERE ] updating countdown to 5000
[17:33:05.887] [SEVERE ] player 3 placing token on slot 5
[17:33:05.967] [SEVERE ] removing player 1 token from slot 8
[17:33:05.967] [SEVERE ] removing tokens from slot 8
[17:33:05.967] [SEVERE ] removing card from slot 8
[17:33:06.077] [SEVERE ] removing player 1 token from slot 10
[17:33:06.077] [SEVERE ] removing tokens from slot 10
[17:33:06.077] [SEVERE ] removing card from slot 10
[17:33:06.188] [SEVERE ] removing player 1 token from slot 0
[17:33:06.188] [SEVERE ] removing tokens from slot 0
[17:33:06.188] [SEVERE ] removing card from slot 0
[17:33:06.188] [SEVERE ] updating countdown to 5000
[17:33:06.188] [SEVERE ] setting player 1 score to 9
[17:33:06.188] [SEVERE ] setting player 1 freeze to 1000
[17:33:06.303] [SEVERE ] placing card 40 in slot 8
[17:33:06.414] [SEVERE ] placing card 77 in slot 0
[17:33:06.524] [SEVERE ] placing card 73 in slot 10
[17:33:06.540] [SEVERE ] setting player 2 freeze to 0
[17:33:06.540] [SEVERE ] removing player 4 token from slot 9
[17:33:06.888] [SEVERE ] player 3 placing token on slot 9
[17:33:06.888] [SEVERE ] player 3 placing token on slot 8
[17:33:06.888] [SEVERE ] removing player 3 token from slot 5
[17:33:06.888] [SEVERE ] removing player 3 token from slot 9
[17:33:06.888] [SEVERE ] removing player 3 token from slot 8
[17:33:06.888] [SEVERE ] setting player 3 freeze to 3000
[17:33:07.196] [SEVERE ] setting player 1 freeze to 0
[17:33:07.545] [SEVERE ] player 4 placing token on slot 9
[17:33:07.545] [SEVERE ] player 2 placing token on slot 9
[17:33:07.545] [SEVERE ] player 2 placing token on slot 8
[17:33:07.545] [SEVERE ] player 2 placing token on slot 0
[17:33:07.545] [SEVERE ] player 4 placing token on slot 8
[17:33:07.545] [SEVERE ] player 4 placing token on slot 0
[17:33:07.545] [SEVERE ] updating countdown to 5000
[17:33:07.657] [SEVERE ] removing player 2 token from slot 9
[17:33:07.657] [SEVERE ] removing player 4 token from slot 9
[17:33:07.657] [SEVERE ] removing tokens from slot 9
[17:33:07.657] [SEVERE ] removing card from slot 9
[17:33:07.767] [SEVERE ] removing player 2 token from slot 8
[17:33:07.767] [SEVERE ] removing player 4 token from slot 8
[17:33:07.767] [SEVERE ] removing tokens from slot 8
[17:33:07.767] [SEVERE ] removing card from slot 8
[17:33:07.877] [SEVERE ] removing player 2 token from slot 0
[17:33:07.877] [SEVERE ] removing player 4 token from slot 0
[17:33:07.877] [SEVERE ] removing tokens from slot 0
[17:33:07.877] [SEVERE ] removing card from slot 0
[17:33:07.877] [SEVERE ] updating countdown to 5000
[17:33:07.877] [SEVERE ] setting player 2 score to 11
[17:33:07.877] [SEVERE ] setting player 2 freeze to 1000
[17:33:07.877] [INFO   ] thread dealer terminated.
[17:33:07.893] [SEVERE ] setting player 3 freeze to 2000
[17:33:08.879] [SEVERE ] player 4 placing token on slot 10
[17:33:08.879] [SEVERE ] setting player 2 freeze to 0
[17:33:08.895] [SEVERE ] setting player 3 freeze to 1000
[17:33:09.906] [SEVERE ] setting player 3 freeze to 0
[17:33:10.895] [SEVERE ] player 4 placing token on slot 4
[17:33:10.919] [SEVERE ] player 3 placing token on slot 11
[17:33:12.884] [SEVERE ] thanks for playing... it was fun!
[17:33:12.884] [INFO   ] thread bguspl.set.Main.main() terminated.
[17:33:12.885] [SEVERE ] disposing of user interface elements
[17:33:12.940] [SEVERE ] removing player 4 token from slot 4
[17:33:12.940] [SEVERE ] player 3 placing token on slot 4
[17:33:14.957] [SEVERE ] player 4 placing token on slot 5
[17:33:16.964] [SEVERE ] player 3 placing token on slot 5
[17:33:16.966] [SEVERE ] player 4 placing token on slot 1
