[14:32:30.519] [INFO   ] thread bguspl.set.Main.main() starting.
[14:32:30.519] [SEVERE ] cannot read configuration file config.properties trying from resources.
[14:32:30.519] [SEVERE ] configuration file was loaded from resources directory.
[14:32:31.313] [INFO   ] thread dealer starting.
[14:32:31.325] [INFO   ] thread dealer starting.
[14:32:31.325] [INFO   ] thread Thread-1 starting.
[14:32:31.325] [INFO   ] thread Thread-3 starting.
[14:32:31.325] [INFO   ] thread Thread-2 starting.
[14:32:31.325] [INFO   ] thread Thread-4 starting.
[14:32:31.328] [INFO   ] thread computer-2 starting.
[14:32:31.328] [INFO   ] thread computer-3 starting.
[14:32:31.334] [SEVERE ] updating countdown to 10000
[14:32:31.445] [SEVERE ] placing card 0 in slot 5
[14:32:31.567] [SEVERE ] placing card 71 in slot 11
[14:32:31.671] [SEVERE ] placing card 27 in slot 4
[14:32:31.777] [SEVERE ] placing card 75 in slot 2
[14:32:31.879] [SEVERE ] placing card 43 in slot 10
[14:32:31.980] [SEVERE ] placing card 7 in slot 6
[14:32:32.083] [SEVERE ] placing card 34 in slot 8
[14:32:32.184] [SEVERE ] placing card 53 in slot 1
[14:32:32.286] [SEVERE ] placing card 3 in slot 7
[14:32:32.340] [SEVERE ] player 4 placing token on slot 2
[14:32:32.387] [SEVERE ] placing card 62 in slot 9
[14:32:32.488] [SEVERE ] placing card 50 in slot 0
[14:32:32.596] [SEVERE ] placing card 48 in slot 3
[14:32:33.343] [SEVERE ] player 4 placing token on slot 7
[14:32:33.344] [SEVERE ] player 3 placing token on slot 8
[14:32:33.603] [SEVERE ] updating countdown to 9993
[14:32:34.356] [SEVERE ] player 4 placing token on slot 1
[14:32:34.358] [SEVERE ] player 3 placing token on slot 7
[14:32:34.605] [SEVERE ] updating countdown to 8991
[14:32:34.606] [SEVERE ] removing player 4 token from slot 2
[14:32:34.606] [SEVERE ] removing player 4 token from slot 7
[14:32:34.607] [SEVERE ] removing player 4 token from slot 1
[14:32:34.608] [SEVERE ] setting player 4 freeze to 3000
[14:32:35.368] [SEVERE ] player 3 placing token on slot 11
[14:32:35.614] [SEVERE ] setting player 4 freeze to 2000
[14:32:35.614] [SEVERE ] updating countdown to 7982
[14:32:35.615] [SEVERE ] removing player 3 token from slot 8
[14:32:35.616] [SEVERE ] removing player 3 token from slot 7
[14:32:35.617] [SEVERE ] removing player 3 token from slot 11
[14:32:35.617] [SEVERE ] setting player 3 freeze to 3000
[14:32:36.615] [SEVERE ] setting player 4 freeze to 1000
[14:32:36.617] [SEVERE ] updating countdown to 6979
[14:32:36.620] [SEVERE ] setting player 3 freeze to 2000
[14:32:37.623] [SEVERE ] setting player 3 freeze to 1000
[14:32:37.623] [SEVERE ] updating countdown to 5973
[14:32:37.623] [SEVERE ] setting player 4 freeze to 0
[14:32:38.625] [SEVERE ] setting player 3 freeze to 0
[14:32:38.625] [SEVERE ] player 4 placing token on slot 1
[14:32:39.635] [SEVERE ] player 3 placing token on slot 6
[14:32:39.637] [SEVERE ] player 4 placing token on slot 11
[14:32:40.596] [SEVERE ] updating countdown to 3000
[14:32:40.638] [SEVERE ] player 3 placing token on slot 3
[14:32:40.640] [SEVERE ] removing player 4 token from slot 11
[14:32:41.640] [SEVERE ] player 3 placing token on slot 8
[14:32:41.641] [SEVERE ] removing player 3 token from slot 6
[14:32:41.641] [SEVERE ] removing player 3 token from slot 3
[14:32:41.641] [SEVERE ] removing player 3 token from slot 8
[14:32:41.641] [SEVERE ] setting player 3 freeze to 3000
[14:32:41.649] [SEVERE ] player 4 placing token on slot 3
[14:32:42.644] [SEVERE ] setting player 3 freeze to 2000
[14:32:42.697] [SEVERE ] player 4 placing token on slot 5
[14:32:42.699] [SEVERE ] removing player 4 token from slot 1
[14:32:42.699] [SEVERE ] removing player 4 token from slot 3
[14:32:42.701] [SEVERE ] removing player 4 token from slot 5
[14:32:42.701] [SEVERE ] setting player 4 freeze to 3000
[14:32:43.596] [SEVERE ] updating countdown to 10000
[14:32:43.659] [SEVERE ] setting player 3 freeze to 1000
[14:32:43.706] [SEVERE ] setting player 4 freeze to 2000
[14:32:43.706] [SEVERE ] removing tokens from slot 5
[14:32:43.706] [SEVERE ] removing card from slot 5
[14:32:43.816] [SEVERE ] removing tokens from slot 11
[14:32:43.816] [SEVERE ] removing card from slot 11
[14:32:43.926] [SEVERE ] removing tokens from slot 4
[14:32:43.926] [SEVERE ] removing card from slot 4
[14:32:44.036] [SEVERE ] removing tokens from slot 2
[14:32:44.037] [SEVERE ] removing card from slot 2
[14:32:44.146] [SEVERE ] removing tokens from slot 10
[14:32:44.146] [SEVERE ] removing card from slot 10
[14:32:44.258] [SEVERE ] removing tokens from slot 6
[14:32:44.258] [SEVERE ] removing card from slot 6
[14:32:44.368] [SEVERE ] removing tokens from slot 8
[14:32:44.369] [SEVERE ] removing card from slot 8
[14:32:44.479] [SEVERE ] removing tokens from slot 1
[14:32:44.479] [SEVERE ] removing card from slot 1
[14:32:44.590] [SEVERE ] removing tokens from slot 7
[14:32:44.590] [SEVERE ] removing card from slot 7
[14:32:44.668] [SEVERE ] setting player 3 freeze to 0
[14:32:44.700] [SEVERE ] removing tokens from slot 9
[14:32:44.700] [SEVERE ] removing card from slot 9
[14:32:44.716] [SEVERE ] setting player 4 freeze to 1000
[14:32:44.810] [SEVERE ] removing tokens from slot 0
[14:32:44.810] [SEVERE ] removing card from slot 0
[14:32:44.920] [SEVERE ] removing tokens from slot 3
[14:32:44.920] [SEVERE ] removing card from slot 3
[14:32:44.920] [SEVERE ] updating countdown to 10000
[14:32:45.023] [SEVERE ] placing card 48 in slot 5
[14:32:45.132] [SEVERE ] placing card 31 in slot 11
[14:32:45.235] [SEVERE ] placing card 22 in slot 4
[14:32:45.338] [SEVERE ] placing card 73 in slot 2
[14:32:45.442] [SEVERE ] placing card 66 in slot 10
[14:32:45.543] [SEVERE ] placing card 68 in slot 6
[14:32:45.644] [SEVERE ] placing card 27 in slot 8
[14:32:45.717] [SEVERE ] setting player 4 freeze to 0
[14:32:45.744] [SEVERE ] placing card 16 in slot 1
[14:32:45.845] [SEVERE ] placing card 74 in slot 7
[14:32:45.946] [SEVERE ] placing card 61 in slot 9
[14:32:46.054] [SEVERE ] placing card 57 in slot 0
[14:32:46.160] [SEVERE ] placing card 20 in slot 3
[14:32:46.673] [SEVERE ] player 3 placing token on slot 7
[14:32:46.719] [SEVERE ] player 4 placing token on slot 4
[14:32:47.161] [SEVERE ] updating countdown to 9999
[14:32:47.675] [SEVERE ] player 3 placing token on slot 1
[14:32:47.720] [SEVERE ] player 4 placing token on slot 6
[14:32:48.171] [SEVERE ] updating countdown to 8989
[14:32:48.679] [SEVERE ] player 3 placing token on slot 6
[14:32:48.723] [SEVERE ] player 4 placing token on slot 3
[14:32:49.173] [SEVERE ] updating countdown to 7987
[14:32:49.173] [SEVERE ] removing player 3 token from slot 7
[14:32:49.173] [SEVERE ] removing player 3 token from slot 1
[14:32:49.176] [SEVERE ] removing player 3 token from slot 6
[14:32:49.176] [SEVERE ] setting player 3 freeze to 3000
[14:32:49.176] [SEVERE ] removing player 4 token from slot 4
[14:32:49.176] [SEVERE ] removing player 4 token from slot 6
[14:32:49.176] [SEVERE ] removing player 4 token from slot 3
[14:32:49.176] [SEVERE ] setting player 4 freeze to 3000
[14:32:50.177] [SEVERE ] setting player 3 freeze to 2000
[14:32:50.178] [SEVERE ] setting player 4 freeze to 2000
[14:32:50.178] [SEVERE ] updating countdown to 6982
[14:32:51.185] [SEVERE ] setting player 3 freeze to 1000
[14:32:51.186] [SEVERE ] updating countdown to 5974
[14:32:51.186] [SEVERE ] setting player 4 freeze to 1000
[14:32:52.188] [SEVERE ] setting player 4 freeze to 0
[14:32:52.189] [SEVERE ] setting player 3 freeze to 0
[14:32:52.709] [SEVERE ] key 88 was pressed by player 1
[14:32:52.709] [SEVERE ] player 1 placing token on slot 9
[14:32:52.735] [SEVERE ] key 67 was pressed by player 1
[14:32:52.736] [SEVERE ] player 1 placing token on slot 10
[14:32:53.196] [SEVERE ] player 3 placing token on slot 0
[14:32:53.197] [SEVERE ] player 4 placing token on slot 6
[14:32:54.205] [SEVERE ] player 4 placing token on slot 3
[14:32:54.206] [SEVERE ] player 3 placing token on slot 8
[14:32:55.160] [SEVERE ] updating countdown to 2000
[14:32:55.160] [SEVERE ] updating countdown to 2000
[14:32:55.160] [SEVERE ] updating countdown to 2000
[14:32:55.160] [SEVERE ] updating countdown to 2000
[14:32:55.160] [SEVERE ] updating countdown to 2000
[14:32:55.160] [SEVERE ] updating countdown to 2000
[14:32:55.160] [SEVERE ] updating countdown to 2000
[14:32:55.160] [SEVERE ] updating countdown to 2000
[14:32:55.160] [SEVERE ] updating countdown to 2000
[14:32:55.160] [SEVERE ] updating countdown to 2000
[14:32:55.160] [SEVERE ] updating countdown to 2000
[14:32:55.160] [SEVERE ] updating countdown to 2000
[14:32:55.160] [SEVERE ] updating countdown to 2000
[14:32:55.160] [SEVERE ] updating countdown to 2000
[14:32:55.160] [SEVERE ] updating countdown to 2000
[14:32:55.160] [SEVERE ] updating countdown to 2000
[14:32:55.160] [SEVERE ] updating countdown to 2000
[14:32:55.160] [SEVERE ] updating countdown to 2000
[14:32:55.160] [SEVERE ] updating countdown to 2000
[14:32:55.160] [SEVERE ] updating countdown to 2000
[14:32:55.160] [SEVERE ] updating countdown to 2000
[14:32:55.160] [SEVERE ] updating countdown to 2000
[14:32:55.160] [SEVERE ] updating countdown to 2000
[14:32:55.160] [SEVERE ] updating countdown to 2000
[14:32:55.160] [SEVERE ] updating countdown to 2000
[14:32:55.160] [SEVERE ] updating countdown to 2000
[14:32:55.160] [SEVERE ] updating countdown to 2000
[14:32:55.160] [SEVERE ] updating countdown to 2000
[14:32:55.160] [SEVERE ] updating countdown to 2000
[14:32:55.160] [SEVERE ] updating countdown to 2000
[14:32:55.160] [SEVERE ] updating countdown to 2000
[14:32:55.160] [SEVERE ] updating countdown to 2000
[14:32:55.160] [SEVERE ] updating countdown to 2000
[14:32:55.160] [SEVERE ] updating countdown to 2000
[14:32:55.160] [SEVERE ] updating countdown to 2000
[14:32:55.160] [SEVERE ] updating countdown to 2000
[14:32:55.160] [SEVERE ] updating countdown to 2000
[14:32:55.160] [SEVERE ] updating countdown to 2000
[14:32:55.160] [SEVERE ] updating countdown to 2000
[14:32:55.160] [SEVERE ] updating countdown to 2000
[14:32:55.160] [SEVERE ] updating countdown to 2000
[14:32:55.160] [SEVERE ] updating countdown to 2000
[14:32:55.160] [SEVERE ] updating countdown to 2000
[14:32:55.160] [SEVERE ] updating countdown to 2000
[14:32:55.160] [SEVERE ] updating countdown to 2000
[14:32:55.160] [SEVERE ] updating countdown to 2000
[14:32:55.160] [SEVERE ] updating countdown to 2000
[14:32:55.160] [SEVERE ] updating countdown to 2000
[14:32:55.160] [SEVERE ] updating countdown to 2000
[14:32:55.160] [SEVERE ] updating countdown to 2000
[14:32:55.160] [SEVERE ] updating countdown to 2000
[14:32:55.160] [SEVERE ] updating countdown to 2000
[14:32:55.160] [SEVERE ] updating countdown to 2000
[14:32:55.160] [SEVERE ] updating countdown to 2000
[14:32:55.160] [SEVERE ] updating countdown to 2000
[14:32:55.160] [SEVERE ] updating countdown to 2000
[14:32:55.160] [SEVERE ] updating countdown to 2000
[14:32:55.160] [SEVERE ] updating countdown to 2000
[14:32:55.160] [SEVERE ] updating countdown to 2000
[14:32:55.160] [SEVERE ] updating countdown to 2000
[14:32:55.160] [SEVERE ] updating countdown to 2000
[14:32:55.160] [SEVERE ] updating countdown to 2000
[14:32:55.160] [SEVERE ] updating countdown to 2000
[14:32:55.160] [SEVERE ] updating countdown to 2000
[14:32:55.160] [SEVERE ] updating countdown to 2000
[14:32:55.160] [SEVERE ] updating countdown to 2000
[14:32:55.160] [SEVERE ] updating countdown to 2000
[14:32:55.160] [SEVERE ] updating countdown to 2000
[14:32:55.160] [SEVERE ] updating countdown to 2000
[14:32:55.160] [SEVERE ] updating countdown to 2000
[14:32:55.160] [SEVERE ] updating countdown to 2000
[14:32:55.160] [SEVERE ] updating countdown to 2000
[14:32:55.160] [SEVERE ] updating countdown to 2000
[14:32:55.160] [SEVERE ] updating countdown to 2000
[14:32:55.160] [SEVERE ] updating countdown to 2000
[14:32:55.160] [SEVERE ] updating countdown to 2000
[14:32:55.160] [SEVERE ] updating countdown to 2000
[14:32:55.160] [SEVERE ] updating countdown to 2000
[14:32:55.160] [SEVERE ] updating countdown to 2000
[14:32:55.160] [SEVERE ] updating countdown to 2000
[14:32:55.160] [SEVERE ] updating countdown to 2000
[14:32:55.160] [SEVERE ] updating countdown to 2000
[14:32:55.160] [SEVERE ] updating countdown to 2000
[14:32:55.160] [SEVERE ] updating countdown to 2000
[14:32:55.160] [SEVERE ] updating countdown to 2000
[14:32:55.160] [SEVERE ] updating countdown to 2000
[14:32:55.160] [SEVERE ] updating countdown to 2000
[14:32:55.160] [SEVERE ] updating countdown to 2000
[14:32:55.160] [SEVERE ] updating countdown to 2000
[14:32:55.160] [SEVERE ] updating countdown to 2000
[14:32:55.160] [SEVERE ] updating countdown to 2000
[14:32:55.160] [SEVERE ] updating countdown to 2000
[14:32:55.160] [SEVERE ] updating countdown to 2000
[14:32:55.160] [SEVERE ] updating countdown to 2000
[14:32:55.160] [SEVERE ] updating countdown to 2000
[14:32:55.160] [SEVERE ] updating countdown to 2000
[14:32:55.160] [SEVERE ] updating countdown to 2000
[14:32:55.160] [SEVERE ] updating countdown to 2000
[14:32:55.160] [SEVERE ] updating countdown to 2000
[14:32:55.160] [SEVERE ] updating countdown to 2000
[14:32:55.160] [SEVERE ] updating countdown to 2000
[14:32:55.160] [SEVERE ] updating countdown to 2000
[14:32:55.160] [SEVERE ] updating countdown to 2000
[14:32:55.160] [SEVERE ] updating countdown to 2000
[14:32:55.160] [SEVERE ] updating countdown to 2000
[14:32:55.160] [SEVERE ] updating countdown to 2000
[14:32:55.160] [SEVERE ] updating countdown to 2000
[14:32:55.160] [SEVERE ] updating countdown to 2000
[14:32:55.160] [SEVERE ] updating countdown to 2000
[14:32:55.160] [SEVERE ] updating countdown to 2000
[14:32:55.160] [SEVERE ] updating countdown to 2000
[14:32:55.160] [SEVERE ] updating countdown to 2000
[14:32:55.160] [SEVERE ] updating countdown to 2000
[14:32:55.207] [SEVERE ] player 4 placing token on slot 0
[14:32:55.208] [SEVERE ] removing player 4 token from slot 6
[14:32:55.208] [SEVERE ] removing player 4 token from slot 3
[14:32:55.208] [SEVERE ] removing player 4 token from slot 0
[14:32:55.208] [SEVERE ] setting player 4 freeze to 3000
[14:32:55.208] [SEVERE ] removing player 3 token from slot 0
[14:32:56.160] [SEVERE ] updating countdown to 1000
[14:32:56.160] [SEVERE ] updating countdown to 1000
[14:32:56.160] [SEVERE ] updating countdown to 1000
[14:32:56.160] [SEVERE ] updating countdown to 1000
[14:32:56.160] [SEVERE ] updating countdown to 1000
[14:32:56.160] [SEVERE ] updating countdown to 1000
[14:32:56.160] [SEVERE ] updating countdown to 1000
[14:32:56.160] [SEVERE ] updating countdown to 1000
[14:32:56.160] [SEVERE ] updating countdown to 1000
[14:32:56.160] [SEVERE ] updating countdown to 1000
[14:32:56.160] [SEVERE ] updating countdown to 1000
[14:32:56.160] [SEVERE ] updating countdown to 1000
[14:32:56.160] [SEVERE ] updating countdown to 1000
[14:32:56.160] [SEVERE ] updating countdown to 1000
[14:32:56.160] [SEVERE ] updating countdown to 1000
[14:32:56.160] [SEVERE ] updating countdown to 1000
[14:32:56.217] [SEVERE ] setting player 4 freeze to 2000
[14:32:56.217] [SEVERE ] player 3 placing token on slot 6
[14:32:57.162] [SEVERE ] updating countdown to 10000
[14:32:57.225] [SEVERE ] setting player 4 freeze to 1000
[14:32:57.230] [SEVERE ] player 3 placing token on slot 3
[14:32:57.268] [SEVERE ] removing tokens from slot 5
[14:32:57.268] [SEVERE ] removing card from slot 5
[14:32:57.371] [SEVERE ] removing tokens from slot 11
[14:32:57.371] [SEVERE ] removing card from slot 11
[14:32:57.481] [SEVERE ] removing tokens from slot 4
[14:32:57.481] [SEVERE ] removing card from slot 4
[14:32:57.592] [SEVERE ] removing tokens from slot 2
[14:32:57.592] [SEVERE ] removing card from slot 2
[14:32:57.592] [SEVERE ] key 70 was pressed by player 1
[14:32:57.604] [SEVERE ] player 1 placing token on slot 7
[14:32:57.694] [SEVERE ] removing player 1 token from slot 10
[14:32:57.694] [SEVERE ] removing tokens from slot 10
[14:32:57.694] [SEVERE ] removing card from slot 10
[14:32:57.796] [SEVERE ] removing player 3 token from slot 6
[14:32:57.796] [SEVERE ] removing tokens from slot 6
[14:32:57.796] [SEVERE ] removing card from slot 6
[14:32:57.910] [SEVERE ] removing player 3 token from slot 8
[14:32:57.910] [SEVERE ] removing tokens from slot 8
[14:32:57.912] [SEVERE ] removing card from slot 8
[14:32:58.021] [SEVERE ] removing tokens from slot 1
[14:32:58.021] [SEVERE ] removing card from slot 1
[14:32:58.131] [SEVERE ] removing player 1 token from slot 7
[14:32:58.131] [SEVERE ] removing tokens from slot 7
[14:32:58.131] [SEVERE ] removing card from slot 7
[14:32:58.230] [SEVERE ] setting player 4 freeze to 0
[14:32:58.246] [SEVERE ] removing player 1 token from slot 9
[14:32:58.246] [SEVERE ] removing tokens from slot 9
[14:32:58.246] [SEVERE ] removing card from slot 9
[14:32:58.354] [SEVERE ] removing tokens from slot 0
[14:32:58.354] [SEVERE ] removing card from slot 0
[14:32:58.464] [SEVERE ] removing player 3 token from slot 3
[14:32:58.464] [SEVERE ] removing tokens from slot 3
[14:32:58.464] [SEVERE ] removing card from slot 3
[14:32:58.465] [SEVERE ] updating countdown to 10000
[14:32:58.570] [SEVERE ] placing card 18 in slot 5
[14:32:58.675] [SEVERE ] placing card 21 in slot 11
[14:32:58.785] [SEVERE ] placing card 39 in slot 4
[14:32:58.889] [SEVERE ] placing card 79 in slot 2
[14:32:58.991] [SEVERE ] placing card 77 in slot 10
[14:32:59.094] [SEVERE ] placing card 35 in slot 6
[14:32:59.196] [SEVERE ] placing card 54 in slot 8
[14:32:59.237] [SEVERE ] player 4 placing token on slot 10
[14:32:59.297] [SEVERE ] placing card 78 in slot 1
[14:32:59.398] [SEVERE ] placing card 76 in slot 7
[14:32:59.507] [SEVERE ] placing card 29 in slot 9
[14:32:59.609] [SEVERE ] placing card 6 in slot 0
[14:32:59.710] [SEVERE ] placing card 43 in slot 3
[14:33:00.241] [SEVERE ] player 4 placing token on slot 11
[14:33:00.476] [SEVERE ] player 3 placing token on slot 0
[14:33:00.711] [SEVERE ] updating countdown to 9999
[14:33:00.715] [INFO   ] thread dealer terminated.
[14:33:01.244] [SEVERE ] player 4 placing token on slot 8
[14:33:01.481] [SEVERE ] player 3 placing token on slot 3
[14:33:02.484] [SEVERE ] player 3 placing token on slot 4
[14:33:05.728] [SEVERE ] thanks for playing... it was fun!
[14:33:05.729] [INFO   ] thread bguspl.set.Main.main() terminated.
[14:33:05.729] [SEVERE ] disposing of user interface elements
